<?xml version="1.0"?>
<Map>
  <Config>
      <DSN>/tmp/shell-driver-cache</DSN>
   </Config>
   <Pair reval="10s 5m">
      <File perm="740">/google</File>
      <Query type="shell">/usr/bin/wget -q -O - http://www.google.com</Query>
   </Pair>
   <Pair reval="10s 5m">
      <File perm="644">/hello</File>
      <Query type="shell">/bin/echo "hello world"</Query>
   </Pair>
</Map>

