<Map>
   <Config>
      <dataset_root>/tmp/test-disk-big/</dataset_root>
  </Config>
  <Pair reval="1d">
     <Dir perm="0555">/</Dir>
     <Query type="disk"></Query>
  </Pair>
  <Pair reval="1d">
    <Dir perm="0555">/1</Dir>
    <Query type="disk"></Query>
  </Pair>
  <Pair reval="1d">
    <File perm="0444">/1/1</File>
    <Query type="disk">/tmp/test-disk-big/1/1</Query>
  </Pair>
  <Pair reval="1d">
    <File perm="0444">/1/10</File>
    <Query type="disk">/tmp/test-disk-big/1/10</Query>
  </Pair>
  <Pair reval="1d">
    <File perm="0444">/1/100</File>
    <Query type="disk">/tmp/test-disk-big/1/100</Query>
  </Pair>
  <Pair reval="1d">
    <File perm="0444">/1/11</File>
    <Query type="disk">/tmp/test-disk-big/1/11</Query>
  </Pair>
  <Pair reval="1d">
    <File perm="0444">/1/12</File>
    <Query type="disk">/tmp/test-disk-big/1/12</Query>
  </Pair>
  <Pair reval="1d">
    <File perm="0444">/1/13</File>
    <Query type="disk">/tmp/test-disk-big/1/13</Query>
  </Pair>
  <Pair reval="1d">
    <File perm="0444">/1/14</File>
    <Query type="disk">/tmp/test-disk-big/1/14</Query>
  </Pair>
  <Pair reval="1d">
    <File perm="0444">/1/15</File>
    <Query type="disk">/tmp/test-disk-big/1/15</Query>
  </Pair>
  <Pair reval="1d">
    <File perm="0444">/1/16</File>
    <Query type="disk">/tmp/test-disk-big/1/16</Query>
  </Pair>
  <Pair reval="1d">
    <File perm="0444">/1/17</File>
    <Query type="disk">/tmp/test-disk-big/1/17</Query>
  </Pair>
  <Pair reval="1d">
    <File perm="0444">/1/18</File>
    <Query type="disk">/tmp/test-disk-big/1/18</Query>
  </Pair>
  <Pair reval="1d">
    <File perm="0444">/1/19</File>
    <Query type="disk">/tmp/test-disk-big/1/19</Query>
  </Pair>
  <Pair reval="1d">
    <File perm="0444">/1/2</File>
    <Query type="disk">/tmp/test-disk-big/1/2</Query>
  </Pair>
  <Pair reval="1d">
    <File perm="0444">/1/20</File>
    <Query type="disk">/tmp/test-disk-big/1/20</Query>
  </Pair>
  <Pair reval="1d">
    <File perm="0444">/1/21</File>
    <Query type="disk">/tmp/test-disk-big/1/21</Query>
  </Pair>
  <Pair reval="1d">
    <File perm="0444">/1/22</File>
    <Query type="disk">/tmp/test-disk-big/1/22</Query>
  </Pair>
  <Pair reval="1d">
    <File perm="0444">/1/23</File>
    <Query type="disk">/tmp/test-disk-big/1/23</Query>
  </Pair>
  <Pair reval="1d">
    <File perm="0444">/1/24</File>
    <Query type="disk">/tmp/test-disk-big/1/24</Query>
  </Pair>
  <Pair reval="1d">
    <File perm="0444">/1/25</File>
    <Query type="disk">/tmp/test-disk-big/1/25</Query>
  </Pair>
  <Pair reval="1d">
    <File perm="0444">/1/26</File>
    <Query type="disk">/tmp/test-disk-big/1/26</Query>
  </Pair>
  <Pair reval="1d">
    <File perm="0444">/1/27</File>
    <Query type="disk">/tmp/test-disk-big/1/27</Query>
  </Pair>
  <Pair reval="1d">
    <File perm="0444">/1/28</File>
    <Query type="disk">/tmp/test-disk-big/1/28</Query>
  </Pair>
  <Pair reval="1d">
    <File perm="0444">/1/29</File>
    <Query type="disk">/tmp/test-disk-big/1/29</Query>
  </Pair>
  <Pair reval="1d">
    <File perm="0444">/1/3</File>
    <Query type="disk">/tmp/test-disk-big/1/3</Query>
  </Pair>
  <Pair reval="1d">
    <File perm="0444">/1/30</File>
    <Query type="disk">/tmp/test-disk-big/1/30</Query>
  </Pair>
  <Pair reval="1d">
    <File perm="0444">/1/31</File>
    <Query type="disk">/tmp/test-disk-big/1/31</Query>
  </Pair>
  <Pair reval="1d">
    <File perm="0444">/1/32</File>
    <Query type="disk">/tmp/test-disk-big/1/32</Query>
  </Pair>
  <Pair reval="1d">
    <File perm="0444">/1/33</File>
    <Query type="disk">/tmp/test-disk-big/1/33</Query>
  </Pair>
  <Pair reval="1d">
    <File perm="0444">/1/34</File>
    <Query type="disk">/tmp/test-disk-big/1/34</Query>
  </Pair>
  <Pair reval="1d">
    <File perm="0444">/1/35</File>
    <Query type="disk">/tmp/test-disk-big/1/35</Query>
  </Pair>
  <Pair reval="1d">
    <File perm="0444">/1/36</File>
    <Query type="disk">/tmp/test-disk-big/1/36</Query>
  </Pair>
  <Pair reval="1d">
    <File perm="0444">/1/37</File>
    <Query type="disk">/tmp/test-disk-big/1/37</Query>
  </Pair>
  <Pair reval="1d">
    <File perm="0444">/1/38</File>
    <Query type="disk">/tmp/test-disk-big/1/38</Query>
  </Pair>
  <Pair reval="1d">
    <File perm="0444">/1/39</File>
    <Query type="disk">/tmp/test-disk-big/1/39</Query>
  </Pair>
  <Pair reval="1d">
    <File perm="0444">/1/4</File>
    <Query type="disk">/tmp/test-disk-big/1/4</Query>
  </Pair>
  <Pair reval="1d">
    <File perm="0444">/1/40</File>
    <Query type="disk">/tmp/test-disk-big/1/40</Query>
  </Pair>
  <Pair reval="1d">
    <File perm="0444">/1/41</File>
    <Query type="disk">/tmp/test-disk-big/1/41</Query>
  </Pair>
  <Pair reval="1d">
    <File perm="0444">/1/42</File>
    <Query type="disk">/tmp/test-disk-big/1/42</Query>
  </Pair>
  <Pair reval="1d">
    <File perm="0444">/1/43</File>
    <Query type="disk">/tmp/test-disk-big/1/43</Query>
  </Pair>
  <Pair reval="1d">
    <File perm="0444">/1/44</File>
    <Query type="disk">/tmp/test-disk-big/1/44</Query>
  </Pair>
  <Pair reval="1d">
    <File perm="0444">/1/45</File>
    <Query type="disk">/tmp/test-disk-big/1/45</Query>
  </Pair>
  <Pair reval="1d">
    <File perm="0444">/1/46</File>
    <Query type="disk">/tmp/test-disk-big/1/46</Query>
  </Pair>
  <Pair reval="1d">
    <File perm="0444">/1/47</File>
    <Query type="disk">/tmp/test-disk-big/1/47</Query>
  </Pair>
  <Pair reval="1d">
    <File perm="0444">/1/48</File>
    <Query type="disk">/tmp/test-disk-big/1/48</Query>
  </Pair>
  <Pair reval="1d">
    <File perm="0444">/1/49</File>
    <Query type="disk">/tmp/test-disk-big/1/49</Query>
  </Pair>
  <Pair reval="1d">
    <File perm="0444">/1/5</File>
    <Query type="disk">/tmp/test-disk-big/1/5</Query>
  </Pair>
  <Pair reval="1d">
    <File perm="0444">/1/50</File>
    <Query type="disk">/tmp/test-disk-big/1/50</Query>
  </Pair>
  <Pair reval="1d">
    <File perm="0444">/1/51</File>
    <Query type="disk">/tmp/test-disk-big/1/51</Query>
  </Pair>
  <Pair reval="1d">
    <File perm="0444">/1/52</File>
    <Query type="disk">/tmp/test-disk-big/1/52</Query>
  </Pair>
  <Pair reval="1d">
    <File perm="0444">/1/53</File>
    <Query type="disk">/tmp/test-disk-big/1/53</Query>
  </Pair>
  <Pair reval="1d">
    <File perm="0444">/1/54</File>
    <Query type="disk">/tmp/test-disk-big/1/54</Query>
  </Pair>
  <Pair reval="1d">
    <File perm="0444">/1/55</File>
    <Query type="disk">/tmp/test-disk-big/1/55</Query>
  </Pair>
  <Pair reval="1d">
    <File perm="0444">/1/56</File>
    <Query type="disk">/tmp/test-disk-big/1/56</Query>
  </Pair>
  <Pair reval="1d">
    <File perm="0444">/1/57</File>
    <Query type="disk">/tmp/test-disk-big/1/57</Query>
  </Pair>
  <Pair reval="1d">
    <File perm="0444">/1/58</File>
    <Query type="disk">/tmp/test-disk-big/1/58</Query>
  </Pair>
  <Pair reval="1d">
    <File perm="0444">/1/59</File>
    <Query type="disk">/tmp/test-disk-big/1/59</Query>
  </Pair>
  <Pair reval="1d">
    <File perm="0444">/1/6</File>
    <Query type="disk">/tmp/test-disk-big/1/6</Query>
  </Pair>
  <Pair reval="1d">
    <File perm="0444">/1/60</File>
    <Query type="disk">/tmp/test-disk-big/1/60</Query>
  </Pair>
  <Pair reval="1d">
    <File perm="0444">/1/61</File>
    <Query type="disk">/tmp/test-disk-big/1/61</Query>
  </Pair>
  <Pair reval="1d">
    <File perm="0444">/1/62</File>
    <Query type="disk">/tmp/test-disk-big/1/62</Query>
  </Pair>
  <Pair reval="1d">
    <File perm="0444">/1/63</File>
    <Query type="disk">/tmp/test-disk-big/1/63</Query>
  </Pair>
  <Pair reval="1d">
    <File perm="0444">/1/64</File>
    <Query type="disk">/tmp/test-disk-big/1/64</Query>
  </Pair>
  <Pair reval="1d">
    <File perm="0444">/1/65</File>
    <Query type="disk">/tmp/test-disk-big/1/65</Query>
  </Pair>
  <Pair reval="1d">
    <File perm="0444">/1/66</File>
    <Query type="disk">/tmp/test-disk-big/1/66</Query>
  </Pair>
  <Pair reval="1d">
    <File perm="0444">/1/67</File>
    <Query type="disk">/tmp/test-disk-big/1/67</Query>
  </Pair>
  <Pair reval="1d">
    <File perm="0444">/1/68</File>
    <Query type="disk">/tmp/test-disk-big/1/68</Query>
  </Pair>
  <Pair reval="1d">
    <File perm="0444">/1/69</File>
    <Query type="disk">/tmp/test-disk-big/1/69</Query>
  </Pair>
  <Pair reval="1d">
    <File perm="0444">/1/7</File>
    <Query type="disk">/tmp/test-disk-big/1/7</Query>
  </Pair>
  <Pair reval="1d">
    <File perm="0444">/1/70</File>
    <Query type="disk">/tmp/test-disk-big/1/70</Query>
  </Pair>
  <Pair reval="1d">
    <File perm="0444">/1/71</File>
    <Query type="disk">/tmp/test-disk-big/1/71</Query>
  </Pair>
  <Pair reval="1d">
    <File perm="0444">/1/72</File>
    <Query type="disk">/tmp/test-disk-big/1/72</Query>
  </Pair>
  <Pair reval="1d">
    <File perm="0444">/1/73</File>
    <Query type="disk">/tmp/test-disk-big/1/73</Query>
  </Pair>
  <Pair reval="1d">
    <File perm="0444">/1/74</File>
    <Query type="disk">/tmp/test-disk-big/1/74</Query>
  </Pair>
  <Pair reval="1d">
    <File perm="0444">/1/75</File>
    <Query type="disk">/tmp/test-disk-big/1/75</Query>
  </Pair>
  <Pair reval="1d">
    <File perm="0444">/1/76</File>
    <Query type="disk">/tmp/test-disk-big/1/76</Query>
  </Pair>
  <Pair reval="1d">
    <File perm="0444">/1/77</File>
    <Query type="disk">/tmp/test-disk-big/1/77</Query>
  </Pair>
  <Pair reval="1d">
    <File perm="0444">/1/78</File>
    <Query type="disk">/tmp/test-disk-big/1/78</Query>
  </Pair>
  <Pair reval="1d">
    <File perm="0444">/1/79</File>
    <Query type="disk">/tmp/test-disk-big/1/79</Query>
  </Pair>
  <Pair reval="1d">
    <File perm="0444">/1/8</File>
    <Query type="disk">/tmp/test-disk-big/1/8</Query>
  </Pair>
  <Pair reval="1d">
    <File perm="0444">/1/80</File>
    <Query type="disk">/tmp/test-disk-big/1/80</Query>
  </Pair>
  <Pair reval="1d">
    <File perm="0444">/1/81</File>
    <Query type="disk">/tmp/test-disk-big/1/81</Query>
  </Pair>
  <Pair reval="1d">
    <File perm="0444">/1/82</File>
    <Query type="disk">/tmp/test-disk-big/1/82</Query>
  </Pair>
  <Pair reval="1d">
    <File perm="0444">/1/83</File>
    <Query type="disk">/tmp/test-disk-big/1/83</Query>
  </Pair>
  <Pair reval="1d">
    <File perm="0444">/1/84</File>
    <Query type="disk">/tmp/test-disk-big/1/84</Query>
  </Pair>
  <Pair reval="1d">
    <File perm="0444">/1/85</File>
    <Query type="disk">/tmp/test-disk-big/1/85</Query>
  </Pair>
  <Pair reval="1d">
    <File perm="0444">/1/86</File>
    <Query type="disk">/tmp/test-disk-big/1/86</Query>
  </Pair>
  <Pair reval="1d">
    <File perm="0444">/1/87</File>
    <Query type="disk">/tmp/test-disk-big/1/87</Query>
  </Pair>
  <Pair reval="1d">
    <File perm="0444">/1/88</File>
    <Query type="disk">/tmp/test-disk-big/1/88</Query>
  </Pair>
  <Pair reval="1d">
    <File perm="0444">/1/89</File>
    <Query type="disk">/tmp/test-disk-big/1/89</Query>
  </Pair>
  <Pair reval="1d">
    <File perm="0444">/1/9</File>
    <Query type="disk">/tmp/test-disk-big/1/9</Query>
  </Pair>
  <Pair reval="1d">
    <File perm="0444">/1/90</File>
    <Query type="disk">/tmp/test-disk-big/1/90</Query>
  </Pair>
  <Pair reval="1d">
    <File perm="0444">/1/91</File>
    <Query type="disk">/tmp/test-disk-big/1/91</Query>
  </Pair>
  <Pair reval="1d">
    <File perm="0444">/1/92</File>
    <Query type="disk">/tmp/test-disk-big/1/92</Query>
  </Pair>
  <Pair reval="1d">
    <File perm="0444">/1/93</File>
    <Query type="disk">/tmp/test-disk-big/1/93</Query>
  </Pair>
  <Pair reval="1d">
    <File perm="0444">/1/94</File>
    <Query type="disk">/tmp/test-disk-big/1/94</Query>
  </Pair>
  <Pair reval="1d">
    <File perm="0444">/1/95</File>
    <Query type="disk">/tmp/test-disk-big/1/95</Query>
  </Pair>
  <Pair reval="1d">
    <File perm="0444">/1/96</File>
    <Query type="disk">/tmp/test-disk-big/1/96</Query>
  </Pair>
  <Pair reval="1d">
    <File perm="0444">/1/97</File>
    <Query type="disk">/tmp/test-disk-big/1/97</Query>
  </Pair>
  <Pair reval="1d">
    <File perm="0444">/1/98</File>
    <Query type="disk">/tmp/test-disk-big/1/98</Query>
  </Pair>
  <Pair reval="1d">
    <File perm="0444">/1/99</File>
    <Query type="disk">/tmp/test-disk-big/1/99</Query>
  </Pair>
  <Pair reval="1d">
    <Dir perm="0555">/10</Dir>
    <Query type="disk"></Query>
  </Pair>
  <Pair reval="1d">
    <File perm="0444">/10/1</File>
    <Query type="disk">/tmp/test-disk-big/10/1</Query>
  </Pair>
  <Pair reval="1d">
    <File perm="0444">/10/10</File>
    <Query type="disk">/tmp/test-disk-big/10/10</Query>
  </Pair>
  <Pair reval="1d">
    <File perm="0444">/10/100</File>
    <Query type="disk">/tmp/test-disk-big/10/100</Query>
  </Pair>
  <Pair reval="1d">
    <File perm="0444">/10/11</File>
    <Query type="disk">/tmp/test-disk-big/10/11</Query>
  </Pair>
  <Pair reval="1d">
    <File perm="0444">/10/12</File>
    <Query type="disk">/tmp/test-disk-big/10/12</Query>
  </Pair>
  <Pair reval="1d">
    <File perm="0444">/10/13</File>
    <Query type="disk">/tmp/test-disk-big/10/13</Query>
  </Pair>
  <Pair reval="1d">
    <File perm="0444">/10/14</File>
    <Query type="disk">/tmp/test-disk-big/10/14</Query>
  </Pair>
  <Pair reval="1d">
    <File perm="0444">/10/15</File>
    <Query type="disk">/tmp/test-disk-big/10/15</Query>
  </Pair>
  <Pair reval="1d">
    <File perm="0444">/10/16</File>
    <Query type="disk">/tmp/test-disk-big/10/16</Query>
  </Pair>
  <Pair reval="1d">
    <File perm="0444">/10/17</File>
    <Query type="disk">/tmp/test-disk-big/10/17</Query>
  </Pair>
  <Pair reval="1d">
    <File perm="0444">/10/18</File>
    <Query type="disk">/tmp/test-disk-big/10/18</Query>
  </Pair>
  <Pair reval="1d">
    <File perm="0444">/10/19</File>
    <Query type="disk">/tmp/test-disk-big/10/19</Query>
  </Pair>
  <Pair reval="1d">
    <File perm="0444">/10/2</File>
    <Query type="disk">/tmp/test-disk-big/10/2</Query>
  </Pair>
  <Pair reval="1d">
    <File perm="0444">/10/20</File>
    <Query type="disk">/tmp/test-disk-big/10/20</Query>
  </Pair>
  <Pair reval="1d">
    <File perm="0444">/10/21</File>
    <Query type="disk">/tmp/test-disk-big/10/21</Query>
  </Pair>
  <Pair reval="1d">
    <File perm="0444">/10/22</File>
    <Query type="disk">/tmp/test-disk-big/10/22</Query>
  </Pair>
  <Pair reval="1d">
    <File perm="0444">/10/23</File>
    <Query type="disk">/tmp/test-disk-big/10/23</Query>
  </Pair>
  <Pair reval="1d">
    <File perm="0444">/10/24</File>
    <Query type="disk">/tmp/test-disk-big/10/24</Query>
  </Pair>
  <Pair reval="1d">
    <File perm="0444">/10/25</File>
    <Query type="disk">/tmp/test-disk-big/10/25</Query>
  </Pair>
  <Pair reval="1d">
    <File perm="0444">/10/26</File>
    <Query type="disk">/tmp/test-disk-big/10/26</Query>
  </Pair>
  <Pair reval="1d">
    <File perm="0444">/10/27</File>
    <Query type="disk">/tmp/test-disk-big/10/27</Query>
  </Pair>
  <Pair reval="1d">
    <File perm="0444">/10/28</File>
    <Query type="disk">/tmp/test-disk-big/10/28</Query>
  </Pair>
  <Pair reval="1d">
    <File perm="0444">/10/29</File>
    <Query type="disk">/tmp/test-disk-big/10/29</Query>
  </Pair>
  <Pair reval="1d">
    <File perm="0444">/10/3</File>
    <Query type="disk">/tmp/test-disk-big/10/3</Query>
  </Pair>
  <Pair reval="1d">
    <File perm="0444">/10/30</File>
    <Query type="disk">/tmp/test-disk-big/10/30</Query>
  </Pair>
  <Pair reval="1d">
    <File perm="0444">/10/31</File>
    <Query type="disk">/tmp/test-disk-big/10/31</Query>
  </Pair>
  <Pair reval="1d">
    <File perm="0444">/10/32</File>
    <Query type="disk">/tmp/test-disk-big/10/32</Query>
  </Pair>
  <Pair reval="1d">
    <File perm="0444">/10/33</File>
    <Query type="disk">/tmp/test-disk-big/10/33</Query>
  </Pair>
  <Pair reval="1d">
    <File perm="0444">/10/34</File>
    <Query type="disk">/tmp/test-disk-big/10/34</Query>
  </Pair>
  <Pair reval="1d">
    <File perm="0444">/10/35</File>
    <Query type="disk">/tmp/test-disk-big/10/35</Query>
  </Pair>
  <Pair reval="1d">
    <File perm="0444">/10/36</File>
    <Query type="disk">/tmp/test-disk-big/10/36</Query>
  </Pair>
  <Pair reval="1d">
    <File perm="0444">/10/37</File>
    <Query type="disk">/tmp/test-disk-big/10/37</Query>
  </Pair>
  <Pair reval="1d">
    <File perm="0444">/10/38</File>
    <Query type="disk">/tmp/test-disk-big/10/38</Query>
  </Pair>
  <Pair reval="1d">
    <File perm="0444">/10/39</File>
    <Query type="disk">/tmp/test-disk-big/10/39</Query>
  </Pair>
  <Pair reval="1d">
    <File perm="0444">/10/4</File>
    <Query type="disk">/tmp/test-disk-big/10/4</Query>
  </Pair>
  <Pair reval="1d">
    <File perm="0444">/10/40</File>
    <Query type="disk">/tmp/test-disk-big/10/40</Query>
  </Pair>
  <Pair reval="1d">
    <File perm="0444">/10/41</File>
    <Query type="disk">/tmp/test-disk-big/10/41</Query>
  </Pair>
  <Pair reval="1d">
    <File perm="0444">/10/42</File>
    <Query type="disk">/tmp/test-disk-big/10/42</Query>
  </Pair>
  <Pair reval="1d">
    <File perm="0444">/10/43</File>
    <Query type="disk">/tmp/test-disk-big/10/43</Query>
  </Pair>
  <Pair reval="1d">
    <File perm="0444">/10/44</File>
    <Query type="disk">/tmp/test-disk-big/10/44</Query>
  </Pair>
  <Pair reval="1d">
    <File perm="0444">/10/45</File>
    <Query type="disk">/tmp/test-disk-big/10/45</Query>
  </Pair>
  <Pair reval="1d">
    <File perm="0444">/10/46</File>
    <Query type="disk">/tmp/test-disk-big/10/46</Query>
  </Pair>
  <Pair reval="1d">
    <File perm="0444">/10/47</File>
    <Query type="disk">/tmp/test-disk-big/10/47</Query>
  </Pair>
  <Pair reval="1d">
    <File perm="0444">/10/48</File>
    <Query type="disk">/tmp/test-disk-big/10/48</Query>
  </Pair>
  <Pair reval="1d">
    <File perm="0444">/10/49</File>
    <Query type="disk">/tmp/test-disk-big/10/49</Query>
  </Pair>
  <Pair reval="1d">
    <File perm="0444">/10/5</File>
    <Query type="disk">/tmp/test-disk-big/10/5</Query>
  </Pair>
  <Pair reval="1d">
    <File perm="0444">/10/50</File>
    <Query type="disk">/tmp/test-disk-big/10/50</Query>
  </Pair>
  <Pair reval="1d">
    <File perm="0444">/10/51</File>
    <Query type="disk">/tmp/test-disk-big/10/51</Query>
  </Pair>
  <Pair reval="1d">
    <File perm="0444">/10/52</File>
    <Query type="disk">/tmp/test-disk-big/10/52</Query>
  </Pair>
  <Pair reval="1d">
    <File perm="0444">/10/53</File>
    <Query type="disk">/tmp/test-disk-big/10/53</Query>
  </Pair>
  <Pair reval="1d">
    <File perm="0444">/10/54</File>
    <Query type="disk">/tmp/test-disk-big/10/54</Query>
  </Pair>
  <Pair reval="1d">
    <File perm="0444">/10/55</File>
    <Query type="disk">/tmp/test-disk-big/10/55</Query>
  </Pair>
  <Pair reval="1d">
    <File perm="0444">/10/56</File>
    <Query type="disk">/tmp/test-disk-big/10/56</Query>
  </Pair>
  <Pair reval="1d">
    <File perm="0444">/10/57</File>
    <Query type="disk">/tmp/test-disk-big/10/57</Query>
  </Pair>
  <Pair reval="1d">
    <File perm="0444">/10/58</File>
    <Query type="disk">/tmp/test-disk-big/10/58</Query>
  </Pair>
  <Pair reval="1d">
    <File perm="0444">/10/59</File>
    <Query type="disk">/tmp/test-disk-big/10/59</Query>
  </Pair>
  <Pair reval="1d">
    <File perm="0444">/10/6</File>
    <Query type="disk">/tmp/test-disk-big/10/6</Query>
  </Pair>
  <Pair reval="1d">
    <File perm="0444">/10/60</File>
    <Query type="disk">/tmp/test-disk-big/10/60</Query>
  </Pair>
  <Pair reval="1d">
    <File perm="0444">/10/61</File>
    <Query type="disk">/tmp/test-disk-big/10/61</Query>
  </Pair>
  <Pair reval="1d">
    <File perm="0444">/10/62</File>
    <Query type="disk">/tmp/test-disk-big/10/62</Query>
  </Pair>
  <Pair reval="1d">
    <File perm="0444">/10/63</File>
    <Query type="disk">/tmp/test-disk-big/10/63</Query>
  </Pair>
  <Pair reval="1d">
    <File perm="0444">/10/64</File>
    <Query type="disk">/tmp/test-disk-big/10/64</Query>
  </Pair>
  <Pair reval="1d">
    <File perm="0444">/10/65</File>
    <Query type="disk">/tmp/test-disk-big/10/65</Query>
  </Pair>
  <Pair reval="1d">
    <File perm="0444">/10/66</File>
    <Query type="disk">/tmp/test-disk-big/10/66</Query>
  </Pair>
  <Pair reval="1d">
    <File perm="0444">/10/67</File>
    <Query type="disk">/tmp/test-disk-big/10/67</Query>
  </Pair>
  <Pair reval="1d">
    <File perm="0444">/10/68</File>
    <Query type="disk">/tmp/test-disk-big/10/68</Query>
  </Pair>
  <Pair reval="1d">
    <File perm="0444">/10/69</File>
    <Query type="disk">/tmp/test-disk-big/10/69</Query>
  </Pair>
  <Pair reval="1d">
    <File perm="0444">/10/7</File>
    <Query type="disk">/tmp/test-disk-big/10/7</Query>
  </Pair>
  <Pair reval="1d">
    <File perm="0444">/10/70</File>
    <Query type="disk">/tmp/test-disk-big/10/70</Query>
  </Pair>
  <Pair reval="1d">
    <File perm="0444">/10/71</File>
    <Query type="disk">/tmp/test-disk-big/10/71</Query>
  </Pair>
  <Pair reval="1d">
    <File perm="0444">/10/72</File>
    <Query type="disk">/tmp/test-disk-big/10/72</Query>
  </Pair>
  <Pair reval="1d">
    <File perm="0444">/10/73</File>
    <Query type="disk">/tmp/test-disk-big/10/73</Query>
  </Pair>
  <Pair reval="1d">
    <File perm="0444">/10/74</File>
    <Query type="disk">/tmp/test-disk-big/10/74</Query>
  </Pair>
  <Pair reval="1d">
    <File perm="0444">/10/75</File>
    <Query type="disk">/tmp/test-disk-big/10/75</Query>
  </Pair>
  <Pair reval="1d">
    <File perm="0444">/10/76</File>
    <Query type="disk">/tmp/test-disk-big/10/76</Query>
  </Pair>
  <Pair reval="1d">
    <File perm="0444">/10/77</File>
    <Query type="disk">/tmp/test-disk-big/10/77</Query>
  </Pair>
  <Pair reval="1d">
    <File perm="0444">/10/78</File>
    <Query type="disk">/tmp/test-disk-big/10/78</Query>
  </Pair>
  <Pair reval="1d">
    <File perm="0444">/10/79</File>
    <Query type="disk">/tmp/test-disk-big/10/79</Query>
  </Pair>
  <Pair reval="1d">
    <File perm="0444">/10/8</File>
    <Query type="disk">/tmp/test-disk-big/10/8</Query>
  </Pair>
  <Pair reval="1d">
    <File perm="0444">/10/80</File>
    <Query type="disk">/tmp/test-disk-big/10/80</Query>
  </Pair>
  <Pair reval="1d">
    <File perm="0444">/10/81</File>
    <Query type="disk">/tmp/test-disk-big/10/81</Query>
  </Pair>
  <Pair reval="1d">
    <File perm="0444">/10/82</File>
    <Query type="disk">/tmp/test-disk-big/10/82</Query>
  </Pair>
  <Pair reval="1d">
    <File perm="0444">/10/83</File>
    <Query type="disk">/tmp/test-disk-big/10/83</Query>
  </Pair>
  <Pair reval="1d">
    <File perm="0444">/10/84</File>
    <Query type="disk">/tmp/test-disk-big/10/84</Query>
  </Pair>
  <Pair reval="1d">
    <File perm="0444">/10/85</File>
    <Query type="disk">/tmp/test-disk-big/10/85</Query>
  </Pair>
  <Pair reval="1d">
    <File perm="0444">/10/86</File>
    <Query type="disk">/tmp/test-disk-big/10/86</Query>
  </Pair>
  <Pair reval="1d">
    <File perm="0444">/10/87</File>
    <Query type="disk">/tmp/test-disk-big/10/87</Query>
  </Pair>
  <Pair reval="1d">
    <File perm="0444">/10/88</File>
    <Query type="disk">/tmp/test-disk-big/10/88</Query>
  </Pair>
  <Pair reval="1d">
    <File perm="0444">/10/89</File>
    <Query type="disk">/tmp/test-disk-big/10/89</Query>
  </Pair>
  <Pair reval="1d">
    <File perm="0444">/10/9</File>
    <Query type="disk">/tmp/test-disk-big/10/9</Query>
  </Pair>
  <Pair reval="1d">
    <File perm="0444">/10/90</File>
    <Query type="disk">/tmp/test-disk-big/10/90</Query>
  </Pair>
  <Pair reval="1d">
    <File perm="0444">/10/91</File>
    <Query type="disk">/tmp/test-disk-big/10/91</Query>
  </Pair>
  <Pair reval="1d">
    <File perm="0444">/10/92</File>
    <Query type="disk">/tmp/test-disk-big/10/92</Query>
  </Pair>
  <Pair reval="1d">
    <File perm="0444">/10/93</File>
    <Query type="disk">/tmp/test-disk-big/10/93</Query>
  </Pair>
  <Pair reval="1d">
    <File perm="0444">/10/94</File>
    <Query type="disk">/tmp/test-disk-big/10/94</Query>
  </Pair>
  <Pair reval="1d">
    <File perm="0444">/10/95</File>
    <Query type="disk">/tmp/test-disk-big/10/95</Query>
  </Pair>
  <Pair reval="1d">
    <File perm="0444">/10/96</File>
    <Query type="disk">/tmp/test-disk-big/10/96</Query>
  </Pair>
  <Pair reval="1d">
    <File perm="0444">/10/97</File>
    <Query type="disk">/tmp/test-disk-big/10/97</Query>
  </Pair>
  <Pair reval="1d">
    <File perm="0444">/10/98</File>
    <Query type="disk">/tmp/test-disk-big/10/98</Query>
  </Pair>
  <Pair reval="1d">
    <File perm="0444">/10/99</File>
    <Query type="disk">/tmp/test-disk-big/10/99</Query>
  </Pair>
  <Pair reval="1d">
    <Dir perm="0555">/100</Dir>
    <Query type="disk"></Query>
  </Pair>
  <Pair reval="1d">
    <File perm="0444">/100/1</File>
    <Query type="disk">/tmp/test-disk-big/100/1</Query>
  </Pair>
  <Pair reval="1d">
    <File perm="0444">/100/10</File>
    <Query type="disk">/tmp/test-disk-big/100/10</Query>
  </Pair>
  <Pair reval="1d">
    <File perm="0444">/100/100</File>
    <Query type="disk">/tmp/test-disk-big/100/100</Query>
  </Pair>
  <Pair reval="1d">
    <File perm="0444">/100/11</File>
    <Query type="disk">/tmp/test-disk-big/100/11</Query>
  </Pair>
  <Pair reval="1d">
    <File perm="0444">/100/12</File>
    <Query type="disk">/tmp/test-disk-big/100/12</Query>
  </Pair>
  <Pair reval="1d">
    <File perm="0444">/100/13</File>
    <Query type="disk">/tmp/test-disk-big/100/13</Query>
  </Pair>
  <Pair reval="1d">
    <File perm="0444">/100/14</File>
    <Query type="disk">/tmp/test-disk-big/100/14</Query>
  </Pair>
  <Pair reval="1d">
    <File perm="0444">/100/15</File>
    <Query type="disk">/tmp/test-disk-big/100/15</Query>
  </Pair>
  <Pair reval="1d">
    <File perm="0444">/100/16</File>
    <Query type="disk">/tmp/test-disk-big/100/16</Query>
  </Pair>
  <Pair reval="1d">
    <File perm="0444">/100/17</File>
    <Query type="disk">/tmp/test-disk-big/100/17</Query>
  </Pair>
  <Pair reval="1d">
    <File perm="0444">/100/18</File>
    <Query type="disk">/tmp/test-disk-big/100/18</Query>
  </Pair>
  <Pair reval="1d">
    <File perm="0444">/100/19</File>
    <Query type="disk">/tmp/test-disk-big/100/19</Query>
  </Pair>
  <Pair reval="1d">
    <File perm="0444">/100/2</File>
    <Query type="disk">/tmp/test-disk-big/100/2</Query>
  </Pair>
  <Pair reval="1d">
    <File perm="0444">/100/20</File>
    <Query type="disk">/tmp/test-disk-big/100/20</Query>
  </Pair>
  <Pair reval="1d">
    <File perm="0444">/100/21</File>
    <Query type="disk">/tmp/test-disk-big/100/21</Query>
  </Pair>
  <Pair reval="1d">
    <File perm="0444">/100/22</File>
    <Query type="disk">/tmp/test-disk-big/100/22</Query>
  </Pair>
  <Pair reval="1d">
    <File perm="0444">/100/23</File>
    <Query type="disk">/tmp/test-disk-big/100/23</Query>
  </Pair>
  <Pair reval="1d">
    <File perm="0444">/100/24</File>
    <Query type="disk">/tmp/test-disk-big/100/24</Query>
  </Pair>
  <Pair reval="1d">
    <File perm="0444">/100/25</File>
    <Query type="disk">/tmp/test-disk-big/100/25</Query>
  </Pair>
  <Pair reval="1d">
    <File perm="0444">/100/26</File>
    <Query type="disk">/tmp/test-disk-big/100/26</Query>
  </Pair>
  <Pair reval="1d">
    <File perm="0444">/100/27</File>
    <Query type="disk">/tmp/test-disk-big/100/27</Query>
  </Pair>
  <Pair reval="1d">
    <File perm="0444">/100/28</File>
    <Query type="disk">/tmp/test-disk-big/100/28</Query>
  </Pair>
  <Pair reval="1d">
    <File perm="0444">/100/29</File>
    <Query type="disk">/tmp/test-disk-big/100/29</Query>
  </Pair>
  <Pair reval="1d">
    <File perm="0444">/100/3</File>
    <Query type="disk">/tmp/test-disk-big/100/3</Query>
  </Pair>
  <Pair reval="1d">
    <File perm="0444">/100/30</File>
    <Query type="disk">/tmp/test-disk-big/100/30</Query>
  </Pair>
  <Pair reval="1d">
    <File perm="0444">/100/31</File>
    <Query type="disk">/tmp/test-disk-big/100/31</Query>
  </Pair>
  <Pair reval="1d">
    <File perm="0444">/100/32</File>
    <Query type="disk">/tmp/test-disk-big/100/32</Query>
  </Pair>
  <Pair reval="1d">
    <File perm="0444">/100/33</File>
    <Query type="disk">/tmp/test-disk-big/100/33</Query>
  </Pair>
  <Pair reval="1d">
    <File perm="0444">/100/34</File>
    <Query type="disk">/tmp/test-disk-big/100/34</Query>
  </Pair>
  <Pair reval="1d">
    <File perm="0444">/100/35</File>
    <Query type="disk">/tmp/test-disk-big/100/35</Query>
  </Pair>
  <Pair reval="1d">
    <File perm="0444">/100/36</File>
    <Query type="disk">/tmp/test-disk-big/100/36</Query>
  </Pair>
  <Pair reval="1d">
    <File perm="0444">/100/37</File>
    <Query type="disk">/tmp/test-disk-big/100/37</Query>
  </Pair>
  <Pair reval="1d">
    <File perm="0444">/100/38</File>
    <Query type="disk">/tmp/test-disk-big/100/38</Query>
  </Pair>
  <Pair reval="1d">
    <File perm="0444">/100/39</File>
    <Query type="disk">/tmp/test-disk-big/100/39</Query>
  </Pair>
  <Pair reval="1d">
    <File perm="0444">/100/4</File>
    <Query type="disk">/tmp/test-disk-big/100/4</Query>
  </Pair>
  <Pair reval="1d">
    <File perm="0444">/100/40</File>
    <Query type="disk">/tmp/test-disk-big/100/40</Query>
  </Pair>
  <Pair reval="1d">
    <File perm="0444">/100/41</File>
    <Query type="disk">/tmp/test-disk-big/100/41</Query>
  </Pair>
  <Pair reval="1d">
    <File perm="0444">/100/42</File>
    <Query type="disk">/tmp/test-disk-big/100/42</Query>
  </Pair>
  <Pair reval="1d">
    <File perm="0444">/100/43</File>
    <Query type="disk">/tmp/test-disk-big/100/43</Query>
  </Pair>
  <Pair reval="1d">
    <File perm="0444">/100/44</File>
    <Query type="disk">/tmp/test-disk-big/100/44</Query>
  </Pair>
  <Pair reval="1d">
    <File perm="0444">/100/45</File>
    <Query type="disk">/tmp/test-disk-big/100/45</Query>
  </Pair>
  <Pair reval="1d">
    <File perm="0444">/100/46</File>
    <Query type="disk">/tmp/test-disk-big/100/46</Query>
  </Pair>
  <Pair reval="1d">
    <File perm="0444">/100/47</File>
    <Query type="disk">/tmp/test-disk-big/100/47</Query>
  </Pair>
  <Pair reval="1d">
    <File perm="0444">/100/48</File>
    <Query type="disk">/tmp/test-disk-big/100/48</Query>
  </Pair>
  <Pair reval="1d">
    <File perm="0444">/100/49</File>
    <Query type="disk">/tmp/test-disk-big/100/49</Query>
  </Pair>
  <Pair reval="1d">
    <File perm="0444">/100/5</File>
    <Query type="disk">/tmp/test-disk-big/100/5</Query>
  </Pair>
  <Pair reval="1d">
    <File perm="0444">/100/50</File>
    <Query type="disk">/tmp/test-disk-big/100/50</Query>
  </Pair>
  <Pair reval="1d">
    <File perm="0444">/100/51</File>
    <Query type="disk">/tmp/test-disk-big/100/51</Query>
  </Pair>
  <Pair reval="1d">
    <File perm="0444">/100/52</File>
    <Query type="disk">/tmp/test-disk-big/100/52</Query>
  </Pair>
  <Pair reval="1d">
    <File perm="0444">/100/53</File>
    <Query type="disk">/tmp/test-disk-big/100/53</Query>
  </Pair>
  <Pair reval="1d">
    <File perm="0444">/100/54</File>
    <Query type="disk">/tmp/test-disk-big/100/54</Query>
  </Pair>
  <Pair reval="1d">
    <File perm="0444">/100/55</File>
    <Query type="disk">/tmp/test-disk-big/100/55</Query>
  </Pair>
  <Pair reval="1d">
    <File perm="0444">/100/56</File>
    <Query type="disk">/tmp/test-disk-big/100/56</Query>
  </Pair>
  <Pair reval="1d">
    <File perm="0444">/100/57</File>
    <Query type="disk">/tmp/test-disk-big/100/57</Query>
  </Pair>
  <Pair reval="1d">
    <File perm="0444">/100/58</File>
    <Query type="disk">/tmp/test-disk-big/100/58</Query>
  </Pair>
  <Pair reval="1d">
    <File perm="0444">/100/59</File>
    <Query type="disk">/tmp/test-disk-big/100/59</Query>
  </Pair>
  <Pair reval="1d">
    <File perm="0444">/100/6</File>
    <Query type="disk">/tmp/test-disk-big/100/6</Query>
  </Pair>
  <Pair reval="1d">
    <File perm="0444">/100/60</File>
    <Query type="disk">/tmp/test-disk-big/100/60</Query>
  </Pair>
  <Pair reval="1d">
    <File perm="0444">/100/61</File>
    <Query type="disk">/tmp/test-disk-big/100/61</Query>
  </Pair>
  <Pair reval="1d">
    <File perm="0444">/100/62</File>
    <Query type="disk">/tmp/test-disk-big/100/62</Query>
  </Pair>
  <Pair reval="1d">
    <File perm="0444">/100/63</File>
    <Query type="disk">/tmp/test-disk-big/100/63</Query>
  </Pair>
  <Pair reval="1d">
    <File perm="0444">/100/64</File>
    <Query type="disk">/tmp/test-disk-big/100/64</Query>
  </Pair>
  <Pair reval="1d">
    <File perm="0444">/100/65</File>
    <Query type="disk">/tmp/test-disk-big/100/65</Query>
  </Pair>
  <Pair reval="1d">
    <File perm="0444">/100/66</File>
    <Query type="disk">/tmp/test-disk-big/100/66</Query>
  </Pair>
  <Pair reval="1d">
    <File perm="0444">/100/67</File>
    <Query type="disk">/tmp/test-disk-big/100/67</Query>
  </Pair>
  <Pair reval="1d">
    <File perm="0444">/100/68</File>
    <Query type="disk">/tmp/test-disk-big/100/68</Query>
  </Pair>
  <Pair reval="1d">
    <File perm="0444">/100/69</File>
    <Query type="disk">/tmp/test-disk-big/100/69</Query>
  </Pair>
  <Pair reval="1d">
    <File perm="0444">/100/7</File>
    <Query type="disk">/tmp/test-disk-big/100/7</Query>
  </Pair>
  <Pair reval="1d">
    <File perm="0444">/100/70</File>
    <Query type="disk">/tmp/test-disk-big/100/70</Query>
  </Pair>
  <Pair reval="1d">
    <File perm="0444">/100/71</File>
    <Query type="disk">/tmp/test-disk-big/100/71</Query>
  </Pair>
  <Pair reval="1d">
    <File perm="0444">/100/72</File>
    <Query type="disk">/tmp/test-disk-big/100/72</Query>
  </Pair>
  <Pair reval="1d">
    <File perm="0444">/100/73</File>
    <Query type="disk">/tmp/test-disk-big/100/73</Query>
  </Pair>
  <Pair reval="1d">
    <File perm="0444">/100/74</File>
    <Query type="disk">/tmp/test-disk-big/100/74</Query>
  </Pair>
  <Pair reval="1d">
    <File perm="0444">/100/75</File>
    <Query type="disk">/tmp/test-disk-big/100/75</Query>
  </Pair>
  <Pair reval="1d">
    <File perm="0444">/100/76</File>
    <Query type="disk">/tmp/test-disk-big/100/76</Query>
  </Pair>
  <Pair reval="1d">
    <File perm="0444">/100/77</File>
    <Query type="disk">/tmp/test-disk-big/100/77</Query>
  </Pair>
  <Pair reval="1d">
    <File perm="0444">/100/78</File>
    <Query type="disk">/tmp/test-disk-big/100/78</Query>
  </Pair>
  <Pair reval="1d">
    <File perm="0444">/100/79</File>
    <Query type="disk">/tmp/test-disk-big/100/79</Query>
  </Pair>
  <Pair reval="1d">
    <File perm="0444">/100/8</File>
    <Query type="disk">/tmp/test-disk-big/100/8</Query>
  </Pair>
  <Pair reval="1d">
    <File perm="0444">/100/80</File>
    <Query type="disk">/tmp/test-disk-big/100/80</Query>
  </Pair>
  <Pair reval="1d">
    <File perm="0444">/100/81</File>
    <Query type="disk">/tmp/test-disk-big/100/81</Query>
  </Pair>
  <Pair reval="1d">
    <File perm="0444">/100/82</File>
    <Query type="disk">/tmp/test-disk-big/100/82</Query>
  </Pair>
  <Pair reval="1d">
    <File perm="0444">/100/83</File>
    <Query type="disk">/tmp/test-disk-big/100/83</Query>
  </Pair>
  <Pair reval="1d">
    <File perm="0444">/100/84</File>
    <Query type="disk">/tmp/test-disk-big/100/84</Query>
  </Pair>
  <Pair reval="1d">
    <File perm="0444">/100/85</File>
    <Query type="disk">/tmp/test-disk-big/100/85</Query>
  </Pair>
  <Pair reval="1d">
    <File perm="0444">/100/86</File>
    <Query type="disk">/tmp/test-disk-big/100/86</Query>
  </Pair>
  <Pair reval="1d">
    <File perm="0444">/100/87</File>
    <Query type="disk">/tmp/test-disk-big/100/87</Query>
  </Pair>
  <Pair reval="1d">
    <File perm="0444">/100/88</File>
    <Query type="disk">/tmp/test-disk-big/100/88</Query>
  </Pair>
  <Pair reval="1d">
    <File perm="0444">/100/89</File>
    <Query type="disk">/tmp/test-disk-big/100/89</Query>
  </Pair>
  <Pair reval="1d">
    <File perm="0444">/100/9</File>
    <Query type="disk">/tmp/test-disk-big/100/9</Query>
  </Pair>
  <Pair reval="1d">
    <File perm="0444">/100/90</File>
    <Query type="disk">/tmp/test-disk-big/100/90</Query>
  </Pair>
  <Pair reval="1d">
    <File perm="0444">/100/91</File>
    <Query type="disk">/tmp/test-disk-big/100/91</Query>
  </Pair>
  <Pair reval="1d">
    <File perm="0444">/100/92</File>
    <Query type="disk">/tmp/test-disk-big/100/92</Query>
  </Pair>
  <Pair reval="1d">
    <File perm="0444">/100/93</File>
    <Query type="disk">/tmp/test-disk-big/100/93</Query>
  </Pair>
  <Pair reval="1d">
    <File perm="0444">/100/94</File>
    <Query type="disk">/tmp/test-disk-big/100/94</Query>
  </Pair>
  <Pair reval="1d">
    <File perm="0444">/100/95</File>
    <Query type="disk">/tmp/test-disk-big/100/95</Query>
  </Pair>
  <Pair reval="1d">
    <File perm="0444">/100/96</File>
    <Query type="disk">/tmp/test-disk-big/100/96</Query>
  </Pair>
  <Pair reval="1d">
    <File perm="0444">/100/97</File>
    <Query type="disk">/tmp/test-disk-big/100/97</Query>
  </Pair>
  <Pair reval="1d">
    <File perm="0444">/100/98</File>
    <Query type="disk">/tmp/test-disk-big/100/98</Query>
  </Pair>
  <Pair reval="1d">
    <File perm="0444">/100/99</File>
    <Query type="disk">/tmp/test-disk-big/100/99</Query>
  </Pair>
  <Pair reval="1d">
    <Dir perm="0555">/11</Dir>
    <Query type="disk"></Query>
  </Pair>
  <Pair reval="1d">
    <File perm="0444">/11/1</File>
    <Query type="disk">/tmp/test-disk-big/11/1</Query>
  </Pair>
  <Pair reval="1d">
    <File perm="0444">/11/10</File>
    <Query type="disk">/tmp/test-disk-big/11/10</Query>
  </Pair>
  <Pair reval="1d">
    <File perm="0444">/11/100</File>
    <Query type="disk">/tmp/test-disk-big/11/100</Query>
  </Pair>
  <Pair reval="1d">
    <File perm="0444">/11/11</File>
    <Query type="disk">/tmp/test-disk-big/11/11</Query>
  </Pair>
  <Pair reval="1d">
    <File perm="0444">/11/12</File>
    <Query type="disk">/tmp/test-disk-big/11/12</Query>
  </Pair>
  <Pair reval="1d">
    <File perm="0444">/11/13</File>
    <Query type="disk">/tmp/test-disk-big/11/13</Query>
  </Pair>
  <Pair reval="1d">
    <File perm="0444">/11/14</File>
    <Query type="disk">/tmp/test-disk-big/11/14</Query>
  </Pair>
  <Pair reval="1d">
    <File perm="0444">/11/15</File>
    <Query type="disk">/tmp/test-disk-big/11/15</Query>
  </Pair>
  <Pair reval="1d">
    <File perm="0444">/11/16</File>
    <Query type="disk">/tmp/test-disk-big/11/16</Query>
  </Pair>
  <Pair reval="1d">
    <File perm="0444">/11/17</File>
    <Query type="disk">/tmp/test-disk-big/11/17</Query>
  </Pair>
  <Pair reval="1d">
    <File perm="0444">/11/18</File>
    <Query type="disk">/tmp/test-disk-big/11/18</Query>
  </Pair>
  <Pair reval="1d">
    <File perm="0444">/11/19</File>
    <Query type="disk">/tmp/test-disk-big/11/19</Query>
  </Pair>
  <Pair reval="1d">
    <File perm="0444">/11/2</File>
    <Query type="disk">/tmp/test-disk-big/11/2</Query>
  </Pair>
  <Pair reval="1d">
    <File perm="0444">/11/20</File>
    <Query type="disk">/tmp/test-disk-big/11/20</Query>
  </Pair>
  <Pair reval="1d">
    <File perm="0444">/11/21</File>
    <Query type="disk">/tmp/test-disk-big/11/21</Query>
  </Pair>
  <Pair reval="1d">
    <File perm="0444">/11/22</File>
    <Query type="disk">/tmp/test-disk-big/11/22</Query>
  </Pair>
  <Pair reval="1d">
    <File perm="0444">/11/23</File>
    <Query type="disk">/tmp/test-disk-big/11/23</Query>
  </Pair>
  <Pair reval="1d">
    <File perm="0444">/11/24</File>
    <Query type="disk">/tmp/test-disk-big/11/24</Query>
  </Pair>
  <Pair reval="1d">
    <File perm="0444">/11/25</File>
    <Query type="disk">/tmp/test-disk-big/11/25</Query>
  </Pair>
  <Pair reval="1d">
    <File perm="0444">/11/26</File>
    <Query type="disk">/tmp/test-disk-big/11/26</Query>
  </Pair>
  <Pair reval="1d">
    <File perm="0444">/11/27</File>
    <Query type="disk">/tmp/test-disk-big/11/27</Query>
  </Pair>
  <Pair reval="1d">
    <File perm="0444">/11/28</File>
    <Query type="disk">/tmp/test-disk-big/11/28</Query>
  </Pair>
  <Pair reval="1d">
    <File perm="0444">/11/29</File>
    <Query type="disk">/tmp/test-disk-big/11/29</Query>
  </Pair>
  <Pair reval="1d">
    <File perm="0444">/11/3</File>
    <Query type="disk">/tmp/test-disk-big/11/3</Query>
  </Pair>
  <Pair reval="1d">
    <File perm="0444">/11/30</File>
    <Query type="disk">/tmp/test-disk-big/11/30</Query>
  </Pair>
  <Pair reval="1d">
    <File perm="0444">/11/31</File>
    <Query type="disk">/tmp/test-disk-big/11/31</Query>
  </Pair>
  <Pair reval="1d">
    <File perm="0444">/11/32</File>
    <Query type="disk">/tmp/test-disk-big/11/32</Query>
  </Pair>
  <Pair reval="1d">
    <File perm="0444">/11/33</File>
    <Query type="disk">/tmp/test-disk-big/11/33</Query>
  </Pair>
  <Pair reval="1d">
    <File perm="0444">/11/34</File>
    <Query type="disk">/tmp/test-disk-big/11/34</Query>
  </Pair>
  <Pair reval="1d">
    <File perm="0444">/11/35</File>
    <Query type="disk">/tmp/test-disk-big/11/35</Query>
  </Pair>
  <Pair reval="1d">
    <File perm="0444">/11/36</File>
    <Query type="disk">/tmp/test-disk-big/11/36</Query>
  </Pair>
  <Pair reval="1d">
    <File perm="0444">/11/37</File>
    <Query type="disk">/tmp/test-disk-big/11/37</Query>
  </Pair>
  <Pair reval="1d">
    <File perm="0444">/11/38</File>
    <Query type="disk">/tmp/test-disk-big/11/38</Query>
  </Pair>
  <Pair reval="1d">
    <File perm="0444">/11/39</File>
    <Query type="disk">/tmp/test-disk-big/11/39</Query>
  </Pair>
  <Pair reval="1d">
    <File perm="0444">/11/4</File>
    <Query type="disk">/tmp/test-disk-big/11/4</Query>
  </Pair>
  <Pair reval="1d">
    <File perm="0444">/11/40</File>
    <Query type="disk">/tmp/test-disk-big/11/40</Query>
  </Pair>
  <Pair reval="1d">
    <File perm="0444">/11/41</File>
    <Query type="disk">/tmp/test-disk-big/11/41</Query>
  </Pair>
  <Pair reval="1d">
    <File perm="0444">/11/42</File>
    <Query type="disk">/tmp/test-disk-big/11/42</Query>
  </Pair>
  <Pair reval="1d">
    <File perm="0444">/11/43</File>
    <Query type="disk">/tmp/test-disk-big/11/43</Query>
  </Pair>
  <Pair reval="1d">
    <File perm="0444">/11/44</File>
    <Query type="disk">/tmp/test-disk-big/11/44</Query>
  </Pair>
  <Pair reval="1d">
    <File perm="0444">/11/45</File>
    <Query type="disk">/tmp/test-disk-big/11/45</Query>
  </Pair>
  <Pair reval="1d">
    <File perm="0444">/11/46</File>
    <Query type="disk">/tmp/test-disk-big/11/46</Query>
  </Pair>
  <Pair reval="1d">
    <File perm="0444">/11/47</File>
    <Query type="disk">/tmp/test-disk-big/11/47</Query>
  </Pair>
  <Pair reval="1d">
    <File perm="0444">/11/48</File>
    <Query type="disk">/tmp/test-disk-big/11/48</Query>
  </Pair>
  <Pair reval="1d">
    <File perm="0444">/11/49</File>
    <Query type="disk">/tmp/test-disk-big/11/49</Query>
  </Pair>
  <Pair reval="1d">
    <File perm="0444">/11/5</File>
    <Query type="disk">/tmp/test-disk-big/11/5</Query>
  </Pair>
  <Pair reval="1d">
    <File perm="0444">/11/50</File>
    <Query type="disk">/tmp/test-disk-big/11/50</Query>
  </Pair>
  <Pair reval="1d">
    <File perm="0444">/11/51</File>
    <Query type="disk">/tmp/test-disk-big/11/51</Query>
  </Pair>
  <Pair reval="1d">
    <File perm="0444">/11/52</File>
    <Query type="disk">/tmp/test-disk-big/11/52</Query>
  </Pair>
  <Pair reval="1d">
    <File perm="0444">/11/53</File>
    <Query type="disk">/tmp/test-disk-big/11/53</Query>
  </Pair>
  <Pair reval="1d">
    <File perm="0444">/11/54</File>
    <Query type="disk">/tmp/test-disk-big/11/54</Query>
  </Pair>
  <Pair reval="1d">
    <File perm="0444">/11/55</File>
    <Query type="disk">/tmp/test-disk-big/11/55</Query>
  </Pair>
  <Pair reval="1d">
    <File perm="0444">/11/56</File>
    <Query type="disk">/tmp/test-disk-big/11/56</Query>
  </Pair>
  <Pair reval="1d">
    <File perm="0444">/11/57</File>
    <Query type="disk">/tmp/test-disk-big/11/57</Query>
  </Pair>
  <Pair reval="1d">
    <File perm="0444">/11/58</File>
    <Query type="disk">/tmp/test-disk-big/11/58</Query>
  </Pair>
  <Pair reval="1d">
    <File perm="0444">/11/59</File>
    <Query type="disk">/tmp/test-disk-big/11/59</Query>
  </Pair>
  <Pair reval="1d">
    <File perm="0444">/11/6</File>
    <Query type="disk">/tmp/test-disk-big/11/6</Query>
  </Pair>
  <Pair reval="1d">
    <File perm="0444">/11/60</File>
    <Query type="disk">/tmp/test-disk-big/11/60</Query>
  </Pair>
  <Pair reval="1d">
    <File perm="0444">/11/61</File>
    <Query type="disk">/tmp/test-disk-big/11/61</Query>
  </Pair>
  <Pair reval="1d">
    <File perm="0444">/11/62</File>
    <Query type="disk">/tmp/test-disk-big/11/62</Query>
  </Pair>
  <Pair reval="1d">
    <File perm="0444">/11/63</File>
    <Query type="disk">/tmp/test-disk-big/11/63</Query>
  </Pair>
  <Pair reval="1d">
    <File perm="0444">/11/64</File>
    <Query type="disk">/tmp/test-disk-big/11/64</Query>
  </Pair>
  <Pair reval="1d">
    <File perm="0444">/11/65</File>
    <Query type="disk">/tmp/test-disk-big/11/65</Query>
  </Pair>
  <Pair reval="1d">
    <File perm="0444">/11/66</File>
    <Query type="disk">/tmp/test-disk-big/11/66</Query>
  </Pair>
  <Pair reval="1d">
    <File perm="0444">/11/67</File>
    <Query type="disk">/tmp/test-disk-big/11/67</Query>
  </Pair>
  <Pair reval="1d">
    <File perm="0444">/11/68</File>
    <Query type="disk">/tmp/test-disk-big/11/68</Query>
  </Pair>
  <Pair reval="1d">
    <File perm="0444">/11/69</File>
    <Query type="disk">/tmp/test-disk-big/11/69</Query>
  </Pair>
  <Pair reval="1d">
    <File perm="0444">/11/7</File>
    <Query type="disk">/tmp/test-disk-big/11/7</Query>
  </Pair>
  <Pair reval="1d">
    <File perm="0444">/11/70</File>
    <Query type="disk">/tmp/test-disk-big/11/70</Query>
  </Pair>
  <Pair reval="1d">
    <File perm="0444">/11/71</File>
    <Query type="disk">/tmp/test-disk-big/11/71</Query>
  </Pair>
  <Pair reval="1d">
    <File perm="0444">/11/72</File>
    <Query type="disk">/tmp/test-disk-big/11/72</Query>
  </Pair>
  <Pair reval="1d">
    <File perm="0444">/11/73</File>
    <Query type="disk">/tmp/test-disk-big/11/73</Query>
  </Pair>
  <Pair reval="1d">
    <File perm="0444">/11/74</File>
    <Query type="disk">/tmp/test-disk-big/11/74</Query>
  </Pair>
  <Pair reval="1d">
    <File perm="0444">/11/75</File>
    <Query type="disk">/tmp/test-disk-big/11/75</Query>
  </Pair>
  <Pair reval="1d">
    <File perm="0444">/11/76</File>
    <Query type="disk">/tmp/test-disk-big/11/76</Query>
  </Pair>
  <Pair reval="1d">
    <File perm="0444">/11/77</File>
    <Query type="disk">/tmp/test-disk-big/11/77</Query>
  </Pair>
  <Pair reval="1d">
    <File perm="0444">/11/78</File>
    <Query type="disk">/tmp/test-disk-big/11/78</Query>
  </Pair>
  <Pair reval="1d">
    <File perm="0444">/11/79</File>
    <Query type="disk">/tmp/test-disk-big/11/79</Query>
  </Pair>
  <Pair reval="1d">
    <File perm="0444">/11/8</File>
    <Query type="disk">/tmp/test-disk-big/11/8</Query>
  </Pair>
  <Pair reval="1d">
    <File perm="0444">/11/80</File>
    <Query type="disk">/tmp/test-disk-big/11/80</Query>
  </Pair>
  <Pair reval="1d">
    <File perm="0444">/11/81</File>
    <Query type="disk">/tmp/test-disk-big/11/81</Query>
  </Pair>
  <Pair reval="1d">
    <File perm="0444">/11/82</File>
    <Query type="disk">/tmp/test-disk-big/11/82</Query>
  </Pair>
  <Pair reval="1d">
    <File perm="0444">/11/83</File>
    <Query type="disk">/tmp/test-disk-big/11/83</Query>
  </Pair>
  <Pair reval="1d">
    <File perm="0444">/11/84</File>
    <Query type="disk">/tmp/test-disk-big/11/84</Query>
  </Pair>
  <Pair reval="1d">
    <File perm="0444">/11/85</File>
    <Query type="disk">/tmp/test-disk-big/11/85</Query>
  </Pair>
  <Pair reval="1d">
    <File perm="0444">/11/86</File>
    <Query type="disk">/tmp/test-disk-big/11/86</Query>
  </Pair>
  <Pair reval="1d">
    <File perm="0444">/11/87</File>
    <Query type="disk">/tmp/test-disk-big/11/87</Query>
  </Pair>
  <Pair reval="1d">
    <File perm="0444">/11/88</File>
    <Query type="disk">/tmp/test-disk-big/11/88</Query>
  </Pair>
  <Pair reval="1d">
    <File perm="0444">/11/89</File>
    <Query type="disk">/tmp/test-disk-big/11/89</Query>
  </Pair>
  <Pair reval="1d">
    <File perm="0444">/11/9</File>
    <Query type="disk">/tmp/test-disk-big/11/9</Query>
  </Pair>
  <Pair reval="1d">
    <File perm="0444">/11/90</File>
    <Query type="disk">/tmp/test-disk-big/11/90</Query>
  </Pair>
  <Pair reval="1d">
    <File perm="0444">/11/91</File>
    <Query type="disk">/tmp/test-disk-big/11/91</Query>
  </Pair>
  <Pair reval="1d">
    <File perm="0444">/11/92</File>
    <Query type="disk">/tmp/test-disk-big/11/92</Query>
  </Pair>
  <Pair reval="1d">
    <File perm="0444">/11/93</File>
    <Query type="disk">/tmp/test-disk-big/11/93</Query>
  </Pair>
  <Pair reval="1d">
    <File perm="0444">/11/94</File>
    <Query type="disk">/tmp/test-disk-big/11/94</Query>
  </Pair>
  <Pair reval="1d">
    <File perm="0444">/11/95</File>
    <Query type="disk">/tmp/test-disk-big/11/95</Query>
  </Pair>
  <Pair reval="1d">
    <File perm="0444">/11/96</File>
    <Query type="disk">/tmp/test-disk-big/11/96</Query>
  </Pair>
  <Pair reval="1d">
    <File perm="0444">/11/97</File>
    <Query type="disk">/tmp/test-disk-big/11/97</Query>
  </Pair>
  <Pair reval="1d">
    <File perm="0444">/11/98</File>
    <Query type="disk">/tmp/test-disk-big/11/98</Query>
  </Pair>
  <Pair reval="1d">
    <File perm="0444">/11/99</File>
    <Query type="disk">/tmp/test-disk-big/11/99</Query>
  </Pair>
  <Pair reval="1d">
    <Dir perm="0555">/12</Dir>
    <Query type="disk"></Query>
  </Pair>
  <Pair reval="1d">
    <File perm="0444">/12/1</File>
    <Query type="disk">/tmp/test-disk-big/12/1</Query>
  </Pair>
  <Pair reval="1d">
    <File perm="0444">/12/10</File>
    <Query type="disk">/tmp/test-disk-big/12/10</Query>
  </Pair>
  <Pair reval="1d">
    <File perm="0444">/12/100</File>
    <Query type="disk">/tmp/test-disk-big/12/100</Query>
  </Pair>
  <Pair reval="1d">
    <File perm="0444">/12/11</File>
    <Query type="disk">/tmp/test-disk-big/12/11</Query>
  </Pair>
  <Pair reval="1d">
    <File perm="0444">/12/12</File>
    <Query type="disk">/tmp/test-disk-big/12/12</Query>
  </Pair>
  <Pair reval="1d">
    <File perm="0444">/12/13</File>
    <Query type="disk">/tmp/test-disk-big/12/13</Query>
  </Pair>
  <Pair reval="1d">
    <File perm="0444">/12/14</File>
    <Query type="disk">/tmp/test-disk-big/12/14</Query>
  </Pair>
  <Pair reval="1d">
    <File perm="0444">/12/15</File>
    <Query type="disk">/tmp/test-disk-big/12/15</Query>
  </Pair>
  <Pair reval="1d">
    <File perm="0444">/12/16</File>
    <Query type="disk">/tmp/test-disk-big/12/16</Query>
  </Pair>
  <Pair reval="1d">
    <File perm="0444">/12/17</File>
    <Query type="disk">/tmp/test-disk-big/12/17</Query>
  </Pair>
  <Pair reval="1d">
    <File perm="0444">/12/18</File>
    <Query type="disk">/tmp/test-disk-big/12/18</Query>
  </Pair>
  <Pair reval="1d">
    <File perm="0444">/12/19</File>
    <Query type="disk">/tmp/test-disk-big/12/19</Query>
  </Pair>
  <Pair reval="1d">
    <File perm="0444">/12/2</File>
    <Query type="disk">/tmp/test-disk-big/12/2</Query>
  </Pair>
  <Pair reval="1d">
    <File perm="0444">/12/20</File>
    <Query type="disk">/tmp/test-disk-big/12/20</Query>
  </Pair>
  <Pair reval="1d">
    <File perm="0444">/12/21</File>
    <Query type="disk">/tmp/test-disk-big/12/21</Query>
  </Pair>
  <Pair reval="1d">
    <File perm="0444">/12/22</File>
    <Query type="disk">/tmp/test-disk-big/12/22</Query>
  </Pair>
  <Pair reval="1d">
    <File perm="0444">/12/23</File>
    <Query type="disk">/tmp/test-disk-big/12/23</Query>
  </Pair>
  <Pair reval="1d">
    <File perm="0444">/12/24</File>
    <Query type="disk">/tmp/test-disk-big/12/24</Query>
  </Pair>
  <Pair reval="1d">
    <File perm="0444">/12/25</File>
    <Query type="disk">/tmp/test-disk-big/12/25</Query>
  </Pair>
  <Pair reval="1d">
    <File perm="0444">/12/26</File>
    <Query type="disk">/tmp/test-disk-big/12/26</Query>
  </Pair>
  <Pair reval="1d">
    <File perm="0444">/12/27</File>
    <Query type="disk">/tmp/test-disk-big/12/27</Query>
  </Pair>
  <Pair reval="1d">
    <File perm="0444">/12/28</File>
    <Query type="disk">/tmp/test-disk-big/12/28</Query>
  </Pair>
  <Pair reval="1d">
    <File perm="0444">/12/29</File>
    <Query type="disk">/tmp/test-disk-big/12/29</Query>
  </Pair>
  <Pair reval="1d">
    <File perm="0444">/12/3</File>
    <Query type="disk">/tmp/test-disk-big/12/3</Query>
  </Pair>
  <Pair reval="1d">
    <File perm="0444">/12/30</File>
    <Query type="disk">/tmp/test-disk-big/12/30</Query>
  </Pair>
  <Pair reval="1d">
    <File perm="0444">/12/31</File>
    <Query type="disk">/tmp/test-disk-big/12/31</Query>
  </Pair>
  <Pair reval="1d">
    <File perm="0444">/12/32</File>
    <Query type="disk">/tmp/test-disk-big/12/32</Query>
  </Pair>
  <Pair reval="1d">
    <File perm="0444">/12/33</File>
    <Query type="disk">/tmp/test-disk-big/12/33</Query>
  </Pair>
  <Pair reval="1d">
    <File perm="0444">/12/34</File>
    <Query type="disk">/tmp/test-disk-big/12/34</Query>
  </Pair>
  <Pair reval="1d">
    <File perm="0444">/12/35</File>
    <Query type="disk">/tmp/test-disk-big/12/35</Query>
  </Pair>
  <Pair reval="1d">
    <File perm="0444">/12/36</File>
    <Query type="disk">/tmp/test-disk-big/12/36</Query>
  </Pair>
  <Pair reval="1d">
    <File perm="0444">/12/37</File>
    <Query type="disk">/tmp/test-disk-big/12/37</Query>
  </Pair>
  <Pair reval="1d">
    <File perm="0444">/12/38</File>
    <Query type="disk">/tmp/test-disk-big/12/38</Query>
  </Pair>
  <Pair reval="1d">
    <File perm="0444">/12/39</File>
    <Query type="disk">/tmp/test-disk-big/12/39</Query>
  </Pair>
  <Pair reval="1d">
    <File perm="0444">/12/4</File>
    <Query type="disk">/tmp/test-disk-big/12/4</Query>
  </Pair>
  <Pair reval="1d">
    <File perm="0444">/12/40</File>
    <Query type="disk">/tmp/test-disk-big/12/40</Query>
  </Pair>
  <Pair reval="1d">
    <File perm="0444">/12/41</File>
    <Query type="disk">/tmp/test-disk-big/12/41</Query>
  </Pair>
  <Pair reval="1d">
    <File perm="0444">/12/42</File>
    <Query type="disk">/tmp/test-disk-big/12/42</Query>
  </Pair>
  <Pair reval="1d">
    <File perm="0444">/12/43</File>
    <Query type="disk">/tmp/test-disk-big/12/43</Query>
  </Pair>
  <Pair reval="1d">
    <File perm="0444">/12/44</File>
    <Query type="disk">/tmp/test-disk-big/12/44</Query>
  </Pair>
  <Pair reval="1d">
    <File perm="0444">/12/45</File>
    <Query type="disk">/tmp/test-disk-big/12/45</Query>
  </Pair>
  <Pair reval="1d">
    <File perm="0444">/12/46</File>
    <Query type="disk">/tmp/test-disk-big/12/46</Query>
  </Pair>
  <Pair reval="1d">
    <File perm="0444">/12/47</File>
    <Query type="disk">/tmp/test-disk-big/12/47</Query>
  </Pair>
  <Pair reval="1d">
    <File perm="0444">/12/48</File>
    <Query type="disk">/tmp/test-disk-big/12/48</Query>
  </Pair>
  <Pair reval="1d">
    <File perm="0444">/12/49</File>
    <Query type="disk">/tmp/test-disk-big/12/49</Query>
  </Pair>
  <Pair reval="1d">
    <File perm="0444">/12/5</File>
    <Query type="disk">/tmp/test-disk-big/12/5</Query>
  </Pair>
  <Pair reval="1d">
    <File perm="0444">/12/50</File>
    <Query type="disk">/tmp/test-disk-big/12/50</Query>
  </Pair>
  <Pair reval="1d">
    <File perm="0444">/12/51</File>
    <Query type="disk">/tmp/test-disk-big/12/51</Query>
  </Pair>
  <Pair reval="1d">
    <File perm="0444">/12/52</File>
    <Query type="disk">/tmp/test-disk-big/12/52</Query>
  </Pair>
  <Pair reval="1d">
    <File perm="0444">/12/53</File>
    <Query type="disk">/tmp/test-disk-big/12/53</Query>
  </Pair>
  <Pair reval="1d">
    <File perm="0444">/12/54</File>
    <Query type="disk">/tmp/test-disk-big/12/54</Query>
  </Pair>
  <Pair reval="1d">
    <File perm="0444">/12/55</File>
    <Query type="disk">/tmp/test-disk-big/12/55</Query>
  </Pair>
  <Pair reval="1d">
    <File perm="0444">/12/56</File>
    <Query type="disk">/tmp/test-disk-big/12/56</Query>
  </Pair>
  <Pair reval="1d">
    <File perm="0444">/12/57</File>
    <Query type="disk">/tmp/test-disk-big/12/57</Query>
  </Pair>
  <Pair reval="1d">
    <File perm="0444">/12/58</File>
    <Query type="disk">/tmp/test-disk-big/12/58</Query>
  </Pair>
  <Pair reval="1d">
    <File perm="0444">/12/59</File>
    <Query type="disk">/tmp/test-disk-big/12/59</Query>
  </Pair>
  <Pair reval="1d">
    <File perm="0444">/12/6</File>
    <Query type="disk">/tmp/test-disk-big/12/6</Query>
  </Pair>
  <Pair reval="1d">
    <File perm="0444">/12/60</File>
    <Query type="disk">/tmp/test-disk-big/12/60</Query>
  </Pair>
  <Pair reval="1d">
    <File perm="0444">/12/61</File>
    <Query type="disk">/tmp/test-disk-big/12/61</Query>
  </Pair>
  <Pair reval="1d">
    <File perm="0444">/12/62</File>
    <Query type="disk">/tmp/test-disk-big/12/62</Query>
  </Pair>
  <Pair reval="1d">
    <File perm="0444">/12/63</File>
    <Query type="disk">/tmp/test-disk-big/12/63</Query>
  </Pair>
  <Pair reval="1d">
    <File perm="0444">/12/64</File>
    <Query type="disk">/tmp/test-disk-big/12/64</Query>
  </Pair>
  <Pair reval="1d">
    <File perm="0444">/12/65</File>
    <Query type="disk">/tmp/test-disk-big/12/65</Query>
  </Pair>
  <Pair reval="1d">
    <File perm="0444">/12/66</File>
    <Query type="disk">/tmp/test-disk-big/12/66</Query>
  </Pair>
  <Pair reval="1d">
    <File perm="0444">/12/67</File>
    <Query type="disk">/tmp/test-disk-big/12/67</Query>
  </Pair>
  <Pair reval="1d">
    <File perm="0444">/12/68</File>
    <Query type="disk">/tmp/test-disk-big/12/68</Query>
  </Pair>
  <Pair reval="1d">
    <File perm="0444">/12/69</File>
    <Query type="disk">/tmp/test-disk-big/12/69</Query>
  </Pair>
  <Pair reval="1d">
    <File perm="0444">/12/7</File>
    <Query type="disk">/tmp/test-disk-big/12/7</Query>
  </Pair>
  <Pair reval="1d">
    <File perm="0444">/12/70</File>
    <Query type="disk">/tmp/test-disk-big/12/70</Query>
  </Pair>
  <Pair reval="1d">
    <File perm="0444">/12/71</File>
    <Query type="disk">/tmp/test-disk-big/12/71</Query>
  </Pair>
  <Pair reval="1d">
    <File perm="0444">/12/72</File>
    <Query type="disk">/tmp/test-disk-big/12/72</Query>
  </Pair>
  <Pair reval="1d">
    <File perm="0444">/12/73</File>
    <Query type="disk">/tmp/test-disk-big/12/73</Query>
  </Pair>
  <Pair reval="1d">
    <File perm="0444">/12/74</File>
    <Query type="disk">/tmp/test-disk-big/12/74</Query>
  </Pair>
  <Pair reval="1d">
    <File perm="0444">/12/75</File>
    <Query type="disk">/tmp/test-disk-big/12/75</Query>
  </Pair>
  <Pair reval="1d">
    <File perm="0444">/12/76</File>
    <Query type="disk">/tmp/test-disk-big/12/76</Query>
  </Pair>
  <Pair reval="1d">
    <File perm="0444">/12/77</File>
    <Query type="disk">/tmp/test-disk-big/12/77</Query>
  </Pair>
  <Pair reval="1d">
    <File perm="0444">/12/78</File>
    <Query type="disk">/tmp/test-disk-big/12/78</Query>
  </Pair>
  <Pair reval="1d">
    <File perm="0444">/12/79</File>
    <Query type="disk">/tmp/test-disk-big/12/79</Query>
  </Pair>
  <Pair reval="1d">
    <File perm="0444">/12/8</File>
    <Query type="disk">/tmp/test-disk-big/12/8</Query>
  </Pair>
  <Pair reval="1d">
    <File perm="0444">/12/80</File>
    <Query type="disk">/tmp/test-disk-big/12/80</Query>
  </Pair>
  <Pair reval="1d">
    <File perm="0444">/12/81</File>
    <Query type="disk">/tmp/test-disk-big/12/81</Query>
  </Pair>
  <Pair reval="1d">
    <File perm="0444">/12/82</File>
    <Query type="disk">/tmp/test-disk-big/12/82</Query>
  </Pair>
  <Pair reval="1d">
    <File perm="0444">/12/83</File>
    <Query type="disk">/tmp/test-disk-big/12/83</Query>
  </Pair>
  <Pair reval="1d">
    <File perm="0444">/12/84</File>
    <Query type="disk">/tmp/test-disk-big/12/84</Query>
  </Pair>
  <Pair reval="1d">
    <File perm="0444">/12/85</File>
    <Query type="disk">/tmp/test-disk-big/12/85</Query>
  </Pair>
  <Pair reval="1d">
    <File perm="0444">/12/86</File>
    <Query type="disk">/tmp/test-disk-big/12/86</Query>
  </Pair>
  <Pair reval="1d">
    <File perm="0444">/12/87</File>
    <Query type="disk">/tmp/test-disk-big/12/87</Query>
  </Pair>
  <Pair reval="1d">
    <File perm="0444">/12/88</File>
    <Query type="disk">/tmp/test-disk-big/12/88</Query>
  </Pair>
  <Pair reval="1d">
    <File perm="0444">/12/89</File>
    <Query type="disk">/tmp/test-disk-big/12/89</Query>
  </Pair>
  <Pair reval="1d">
    <File perm="0444">/12/9</File>
    <Query type="disk">/tmp/test-disk-big/12/9</Query>
  </Pair>
  <Pair reval="1d">
    <File perm="0444">/12/90</File>
    <Query type="disk">/tmp/test-disk-big/12/90</Query>
  </Pair>
  <Pair reval="1d">
    <File perm="0444">/12/91</File>
    <Query type="disk">/tmp/test-disk-big/12/91</Query>
  </Pair>
  <Pair reval="1d">
    <File perm="0444">/12/92</File>
    <Query type="disk">/tmp/test-disk-big/12/92</Query>
  </Pair>
  <Pair reval="1d">
    <File perm="0444">/12/93</File>
    <Query type="disk">/tmp/test-disk-big/12/93</Query>
  </Pair>
  <Pair reval="1d">
    <File perm="0444">/12/94</File>
    <Query type="disk">/tmp/test-disk-big/12/94</Query>
  </Pair>
  <Pair reval="1d">
    <File perm="0444">/12/95</File>
    <Query type="disk">/tmp/test-disk-big/12/95</Query>
  </Pair>
  <Pair reval="1d">
    <File perm="0444">/12/96</File>
    <Query type="disk">/tmp/test-disk-big/12/96</Query>
  </Pair>
  <Pair reval="1d">
    <File perm="0444">/12/97</File>
    <Query type="disk">/tmp/test-disk-big/12/97</Query>
  </Pair>
  <Pair reval="1d">
    <File perm="0444">/12/98</File>
    <Query type="disk">/tmp/test-disk-big/12/98</Query>
  </Pair>
  <Pair reval="1d">
    <File perm="0444">/12/99</File>
    <Query type="disk">/tmp/test-disk-big/12/99</Query>
  </Pair>
  <Pair reval="1d">
    <Dir perm="0555">/13</Dir>
    <Query type="disk"></Query>
  </Pair>
  <Pair reval="1d">
    <File perm="0444">/13/1</File>
    <Query type="disk">/tmp/test-disk-big/13/1</Query>
  </Pair>
  <Pair reval="1d">
    <File perm="0444">/13/10</File>
    <Query type="disk">/tmp/test-disk-big/13/10</Query>
  </Pair>
  <Pair reval="1d">
    <File perm="0444">/13/100</File>
    <Query type="disk">/tmp/test-disk-big/13/100</Query>
  </Pair>
  <Pair reval="1d">
    <File perm="0444">/13/11</File>
    <Query type="disk">/tmp/test-disk-big/13/11</Query>
  </Pair>
  <Pair reval="1d">
    <File perm="0444">/13/12</File>
    <Query type="disk">/tmp/test-disk-big/13/12</Query>
  </Pair>
  <Pair reval="1d">
    <File perm="0444">/13/13</File>
    <Query type="disk">/tmp/test-disk-big/13/13</Query>
  </Pair>
  <Pair reval="1d">
    <File perm="0444">/13/14</File>
    <Query type="disk">/tmp/test-disk-big/13/14</Query>
  </Pair>
  <Pair reval="1d">
    <File perm="0444">/13/15</File>
    <Query type="disk">/tmp/test-disk-big/13/15</Query>
  </Pair>
  <Pair reval="1d">
    <File perm="0444">/13/16</File>
    <Query type="disk">/tmp/test-disk-big/13/16</Query>
  </Pair>
  <Pair reval="1d">
    <File perm="0444">/13/17</File>
    <Query type="disk">/tmp/test-disk-big/13/17</Query>
  </Pair>
  <Pair reval="1d">
    <File perm="0444">/13/18</File>
    <Query type="disk">/tmp/test-disk-big/13/18</Query>
  </Pair>
  <Pair reval="1d">
    <File perm="0444">/13/19</File>
    <Query type="disk">/tmp/test-disk-big/13/19</Query>
  </Pair>
  <Pair reval="1d">
    <File perm="0444">/13/2</File>
    <Query type="disk">/tmp/test-disk-big/13/2</Query>
  </Pair>
  <Pair reval="1d">
    <File perm="0444">/13/20</File>
    <Query type="disk">/tmp/test-disk-big/13/20</Query>
  </Pair>
  <Pair reval="1d">
    <File perm="0444">/13/21</File>
    <Query type="disk">/tmp/test-disk-big/13/21</Query>
  </Pair>
  <Pair reval="1d">
    <File perm="0444">/13/22</File>
    <Query type="disk">/tmp/test-disk-big/13/22</Query>
  </Pair>
  <Pair reval="1d">
    <File perm="0444">/13/23</File>
    <Query type="disk">/tmp/test-disk-big/13/23</Query>
  </Pair>
  <Pair reval="1d">
    <File perm="0444">/13/24</File>
    <Query type="disk">/tmp/test-disk-big/13/24</Query>
  </Pair>
  <Pair reval="1d">
    <File perm="0444">/13/25</File>
    <Query type="disk">/tmp/test-disk-big/13/25</Query>
  </Pair>
  <Pair reval="1d">
    <File perm="0444">/13/26</File>
    <Query type="disk">/tmp/test-disk-big/13/26</Query>
  </Pair>
  <Pair reval="1d">
    <File perm="0444">/13/27</File>
    <Query type="disk">/tmp/test-disk-big/13/27</Query>
  </Pair>
  <Pair reval="1d">
    <File perm="0444">/13/28</File>
    <Query type="disk">/tmp/test-disk-big/13/28</Query>
  </Pair>
  <Pair reval="1d">
    <File perm="0444">/13/29</File>
    <Query type="disk">/tmp/test-disk-big/13/29</Query>
  </Pair>
  <Pair reval="1d">
    <File perm="0444">/13/3</File>
    <Query type="disk">/tmp/test-disk-big/13/3</Query>
  </Pair>
  <Pair reval="1d">
    <File perm="0444">/13/30</File>
    <Query type="disk">/tmp/test-disk-big/13/30</Query>
  </Pair>
  <Pair reval="1d">
    <File perm="0444">/13/31</File>
    <Query type="disk">/tmp/test-disk-big/13/31</Query>
  </Pair>
  <Pair reval="1d">
    <File perm="0444">/13/32</File>
    <Query type="disk">/tmp/test-disk-big/13/32</Query>
  </Pair>
  <Pair reval="1d">
    <File perm="0444">/13/33</File>
    <Query type="disk">/tmp/test-disk-big/13/33</Query>
  </Pair>
  <Pair reval="1d">
    <File perm="0444">/13/34</File>
    <Query type="disk">/tmp/test-disk-big/13/34</Query>
  </Pair>
  <Pair reval="1d">
    <File perm="0444">/13/35</File>
    <Query type="disk">/tmp/test-disk-big/13/35</Query>
  </Pair>
  <Pair reval="1d">
    <File perm="0444">/13/36</File>
    <Query type="disk">/tmp/test-disk-big/13/36</Query>
  </Pair>
  <Pair reval="1d">
    <File perm="0444">/13/37</File>
    <Query type="disk">/tmp/test-disk-big/13/37</Query>
  </Pair>
  <Pair reval="1d">
    <File perm="0444">/13/38</File>
    <Query type="disk">/tmp/test-disk-big/13/38</Query>
  </Pair>
  <Pair reval="1d">
    <File perm="0444">/13/39</File>
    <Query type="disk">/tmp/test-disk-big/13/39</Query>
  </Pair>
  <Pair reval="1d">
    <File perm="0444">/13/4</File>
    <Query type="disk">/tmp/test-disk-big/13/4</Query>
  </Pair>
  <Pair reval="1d">
    <File perm="0444">/13/40</File>
    <Query type="disk">/tmp/test-disk-big/13/40</Query>
  </Pair>
  <Pair reval="1d">
    <File perm="0444">/13/41</File>
    <Query type="disk">/tmp/test-disk-big/13/41</Query>
  </Pair>
  <Pair reval="1d">
    <File perm="0444">/13/42</File>
    <Query type="disk">/tmp/test-disk-big/13/42</Query>
  </Pair>
  <Pair reval="1d">
    <File perm="0444">/13/43</File>
    <Query type="disk">/tmp/test-disk-big/13/43</Query>
  </Pair>
  <Pair reval="1d">
    <File perm="0444">/13/44</File>
    <Query type="disk">/tmp/test-disk-big/13/44</Query>
  </Pair>
  <Pair reval="1d">
    <File perm="0444">/13/45</File>
    <Query type="disk">/tmp/test-disk-big/13/45</Query>
  </Pair>
  <Pair reval="1d">
    <File perm="0444">/13/46</File>
    <Query type="disk">/tmp/test-disk-big/13/46</Query>
  </Pair>
  <Pair reval="1d">
    <File perm="0444">/13/47</File>
    <Query type="disk">/tmp/test-disk-big/13/47</Query>
  </Pair>
  <Pair reval="1d">
    <File perm="0444">/13/48</File>
    <Query type="disk">/tmp/test-disk-big/13/48</Query>
  </Pair>
  <Pair reval="1d">
    <File perm="0444">/13/49</File>
    <Query type="disk">/tmp/test-disk-big/13/49</Query>
  </Pair>
  <Pair reval="1d">
    <File perm="0444">/13/5</File>
    <Query type="disk">/tmp/test-disk-big/13/5</Query>
  </Pair>
  <Pair reval="1d">
    <File perm="0444">/13/50</File>
    <Query type="disk">/tmp/test-disk-big/13/50</Query>
  </Pair>
  <Pair reval="1d">
    <File perm="0444">/13/51</File>
    <Query type="disk">/tmp/test-disk-big/13/51</Query>
  </Pair>
  <Pair reval="1d">
    <File perm="0444">/13/52</File>
    <Query type="disk">/tmp/test-disk-big/13/52</Query>
  </Pair>
  <Pair reval="1d">
    <File perm="0444">/13/53</File>
    <Query type="disk">/tmp/test-disk-big/13/53</Query>
  </Pair>
  <Pair reval="1d">
    <File perm="0444">/13/54</File>
    <Query type="disk">/tmp/test-disk-big/13/54</Query>
  </Pair>
  <Pair reval="1d">
    <File perm="0444">/13/55</File>
    <Query type="disk">/tmp/test-disk-big/13/55</Query>
  </Pair>
  <Pair reval="1d">
    <File perm="0444">/13/56</File>
    <Query type="disk">/tmp/test-disk-big/13/56</Query>
  </Pair>
  <Pair reval="1d">
    <File perm="0444">/13/57</File>
    <Query type="disk">/tmp/test-disk-big/13/57</Query>
  </Pair>
  <Pair reval="1d">
    <File perm="0444">/13/58</File>
    <Query type="disk">/tmp/test-disk-big/13/58</Query>
  </Pair>
  <Pair reval="1d">
    <File perm="0444">/13/59</File>
    <Query type="disk">/tmp/test-disk-big/13/59</Query>
  </Pair>
  <Pair reval="1d">
    <File perm="0444">/13/6</File>
    <Query type="disk">/tmp/test-disk-big/13/6</Query>
  </Pair>
  <Pair reval="1d">
    <File perm="0444">/13/60</File>
    <Query type="disk">/tmp/test-disk-big/13/60</Query>
  </Pair>
  <Pair reval="1d">
    <File perm="0444">/13/61</File>
    <Query type="disk">/tmp/test-disk-big/13/61</Query>
  </Pair>
  <Pair reval="1d">
    <File perm="0444">/13/62</File>
    <Query type="disk">/tmp/test-disk-big/13/62</Query>
  </Pair>
  <Pair reval="1d">
    <File perm="0444">/13/63</File>
    <Query type="disk">/tmp/test-disk-big/13/63</Query>
  </Pair>
  <Pair reval="1d">
    <File perm="0444">/13/64</File>
    <Query type="disk">/tmp/test-disk-big/13/64</Query>
  </Pair>
  <Pair reval="1d">
    <File perm="0444">/13/65</File>
    <Query type="disk">/tmp/test-disk-big/13/65</Query>
  </Pair>
  <Pair reval="1d">
    <File perm="0444">/13/66</File>
    <Query type="disk">/tmp/test-disk-big/13/66</Query>
  </Pair>
  <Pair reval="1d">
    <File perm="0444">/13/67</File>
    <Query type="disk">/tmp/test-disk-big/13/67</Query>
  </Pair>
  <Pair reval="1d">
    <File perm="0444">/13/68</File>
    <Query type="disk">/tmp/test-disk-big/13/68</Query>
  </Pair>
  <Pair reval="1d">
    <File perm="0444">/13/69</File>
    <Query type="disk">/tmp/test-disk-big/13/69</Query>
  </Pair>
  <Pair reval="1d">
    <File perm="0444">/13/7</File>
    <Query type="disk">/tmp/test-disk-big/13/7</Query>
  </Pair>
  <Pair reval="1d">
    <File perm="0444">/13/70</File>
    <Query type="disk">/tmp/test-disk-big/13/70</Query>
  </Pair>
  <Pair reval="1d">
    <File perm="0444">/13/71</File>
    <Query type="disk">/tmp/test-disk-big/13/71</Query>
  </Pair>
  <Pair reval="1d">
    <File perm="0444">/13/72</File>
    <Query type="disk">/tmp/test-disk-big/13/72</Query>
  </Pair>
  <Pair reval="1d">
    <File perm="0444">/13/73</File>
    <Query type="disk">/tmp/test-disk-big/13/73</Query>
  </Pair>
  <Pair reval="1d">
    <File perm="0444">/13/74</File>
    <Query type="disk">/tmp/test-disk-big/13/74</Query>
  </Pair>
  <Pair reval="1d">
    <File perm="0444">/13/75</File>
    <Query type="disk">/tmp/test-disk-big/13/75</Query>
  </Pair>
  <Pair reval="1d">
    <File perm="0444">/13/76</File>
    <Query type="disk">/tmp/test-disk-big/13/76</Query>
  </Pair>
  <Pair reval="1d">
    <File perm="0444">/13/77</File>
    <Query type="disk">/tmp/test-disk-big/13/77</Query>
  </Pair>
  <Pair reval="1d">
    <File perm="0444">/13/78</File>
    <Query type="disk">/tmp/test-disk-big/13/78</Query>
  </Pair>
  <Pair reval="1d">
    <File perm="0444">/13/79</File>
    <Query type="disk">/tmp/test-disk-big/13/79</Query>
  </Pair>
  <Pair reval="1d">
    <File perm="0444">/13/8</File>
    <Query type="disk">/tmp/test-disk-big/13/8</Query>
  </Pair>
  <Pair reval="1d">
    <File perm="0444">/13/80</File>
    <Query type="disk">/tmp/test-disk-big/13/80</Query>
  </Pair>
  <Pair reval="1d">
    <File perm="0444">/13/81</File>
    <Query type="disk">/tmp/test-disk-big/13/81</Query>
  </Pair>
  <Pair reval="1d">
    <File perm="0444">/13/82</File>
    <Query type="disk">/tmp/test-disk-big/13/82</Query>
  </Pair>
  <Pair reval="1d">
    <File perm="0444">/13/83</File>
    <Query type="disk">/tmp/test-disk-big/13/83</Query>
  </Pair>
  <Pair reval="1d">
    <File perm="0444">/13/84</File>
    <Query type="disk">/tmp/test-disk-big/13/84</Query>
  </Pair>
  <Pair reval="1d">
    <File perm="0444">/13/85</File>
    <Query type="disk">/tmp/test-disk-big/13/85</Query>
  </Pair>
  <Pair reval="1d">
    <File perm="0444">/13/86</File>
    <Query type="disk">/tmp/test-disk-big/13/86</Query>
  </Pair>
  <Pair reval="1d">
    <File perm="0444">/13/87</File>
    <Query type="disk">/tmp/test-disk-big/13/87</Query>
  </Pair>
  <Pair reval="1d">
    <File perm="0444">/13/88</File>
    <Query type="disk">/tmp/test-disk-big/13/88</Query>
  </Pair>
  <Pair reval="1d">
    <File perm="0444">/13/89</File>
    <Query type="disk">/tmp/test-disk-big/13/89</Query>
  </Pair>
  <Pair reval="1d">
    <File perm="0444">/13/9</File>
    <Query type="disk">/tmp/test-disk-big/13/9</Query>
  </Pair>
  <Pair reval="1d">
    <File perm="0444">/13/90</File>
    <Query type="disk">/tmp/test-disk-big/13/90</Query>
  </Pair>
  <Pair reval="1d">
    <File perm="0444">/13/91</File>
    <Query type="disk">/tmp/test-disk-big/13/91</Query>
  </Pair>
  <Pair reval="1d">
    <File perm="0444">/13/92</File>
    <Query type="disk">/tmp/test-disk-big/13/92</Query>
  </Pair>
  <Pair reval="1d">
    <File perm="0444">/13/93</File>
    <Query type="disk">/tmp/test-disk-big/13/93</Query>
  </Pair>
  <Pair reval="1d">
    <File perm="0444">/13/94</File>
    <Query type="disk">/tmp/test-disk-big/13/94</Query>
  </Pair>
  <Pair reval="1d">
    <File perm="0444">/13/95</File>
    <Query type="disk">/tmp/test-disk-big/13/95</Query>
  </Pair>
  <Pair reval="1d">
    <File perm="0444">/13/96</File>
    <Query type="disk">/tmp/test-disk-big/13/96</Query>
  </Pair>
  <Pair reval="1d">
    <File perm="0444">/13/97</File>
    <Query type="disk">/tmp/test-disk-big/13/97</Query>
  </Pair>
  <Pair reval="1d">
    <File perm="0444">/13/98</File>
    <Query type="disk">/tmp/test-disk-big/13/98</Query>
  </Pair>
  <Pair reval="1d">
    <File perm="0444">/13/99</File>
    <Query type="disk">/tmp/test-disk-big/13/99</Query>
  </Pair>
  <Pair reval="1d">
    <Dir perm="0555">/14</Dir>
    <Query type="disk"></Query>
  </Pair>
  <Pair reval="1d">
    <File perm="0444">/14/1</File>
    <Query type="disk">/tmp/test-disk-big/14/1</Query>
  </Pair>
  <Pair reval="1d">
    <File perm="0444">/14/10</File>
    <Query type="disk">/tmp/test-disk-big/14/10</Query>
  </Pair>
  <Pair reval="1d">
    <File perm="0444">/14/100</File>
    <Query type="disk">/tmp/test-disk-big/14/100</Query>
  </Pair>
  <Pair reval="1d">
    <File perm="0444">/14/11</File>
    <Query type="disk">/tmp/test-disk-big/14/11</Query>
  </Pair>
  <Pair reval="1d">
    <File perm="0444">/14/12</File>
    <Query type="disk">/tmp/test-disk-big/14/12</Query>
  </Pair>
  <Pair reval="1d">
    <File perm="0444">/14/13</File>
    <Query type="disk">/tmp/test-disk-big/14/13</Query>
  </Pair>
  <Pair reval="1d">
    <File perm="0444">/14/14</File>
    <Query type="disk">/tmp/test-disk-big/14/14</Query>
  </Pair>
  <Pair reval="1d">
    <File perm="0444">/14/15</File>
    <Query type="disk">/tmp/test-disk-big/14/15</Query>
  </Pair>
  <Pair reval="1d">
    <File perm="0444">/14/16</File>
    <Query type="disk">/tmp/test-disk-big/14/16</Query>
  </Pair>
  <Pair reval="1d">
    <File perm="0444">/14/17</File>
    <Query type="disk">/tmp/test-disk-big/14/17</Query>
  </Pair>
  <Pair reval="1d">
    <File perm="0444">/14/18</File>
    <Query type="disk">/tmp/test-disk-big/14/18</Query>
  </Pair>
  <Pair reval="1d">
    <File perm="0444">/14/19</File>
    <Query type="disk">/tmp/test-disk-big/14/19</Query>
  </Pair>
  <Pair reval="1d">
    <File perm="0444">/14/2</File>
    <Query type="disk">/tmp/test-disk-big/14/2</Query>
  </Pair>
  <Pair reval="1d">
    <File perm="0444">/14/20</File>
    <Query type="disk">/tmp/test-disk-big/14/20</Query>
  </Pair>
  <Pair reval="1d">
    <File perm="0444">/14/21</File>
    <Query type="disk">/tmp/test-disk-big/14/21</Query>
  </Pair>
  <Pair reval="1d">
    <File perm="0444">/14/22</File>
    <Query type="disk">/tmp/test-disk-big/14/22</Query>
  </Pair>
  <Pair reval="1d">
    <File perm="0444">/14/23</File>
    <Query type="disk">/tmp/test-disk-big/14/23</Query>
  </Pair>
  <Pair reval="1d">
    <File perm="0444">/14/24</File>
    <Query type="disk">/tmp/test-disk-big/14/24</Query>
  </Pair>
  <Pair reval="1d">
    <File perm="0444">/14/25</File>
    <Query type="disk">/tmp/test-disk-big/14/25</Query>
  </Pair>
  <Pair reval="1d">
    <File perm="0444">/14/26</File>
    <Query type="disk">/tmp/test-disk-big/14/26</Query>
  </Pair>
  <Pair reval="1d">
    <File perm="0444">/14/27</File>
    <Query type="disk">/tmp/test-disk-big/14/27</Query>
  </Pair>
  <Pair reval="1d">
    <File perm="0444">/14/28</File>
    <Query type="disk">/tmp/test-disk-big/14/28</Query>
  </Pair>
  <Pair reval="1d">
    <File perm="0444">/14/29</File>
    <Query type="disk">/tmp/test-disk-big/14/29</Query>
  </Pair>
  <Pair reval="1d">
    <File perm="0444">/14/3</File>
    <Query type="disk">/tmp/test-disk-big/14/3</Query>
  </Pair>
  <Pair reval="1d">
    <File perm="0444">/14/30</File>
    <Query type="disk">/tmp/test-disk-big/14/30</Query>
  </Pair>
  <Pair reval="1d">
    <File perm="0444">/14/31</File>
    <Query type="disk">/tmp/test-disk-big/14/31</Query>
  </Pair>
  <Pair reval="1d">
    <File perm="0444">/14/32</File>
    <Query type="disk">/tmp/test-disk-big/14/32</Query>
  </Pair>
  <Pair reval="1d">
    <File perm="0444">/14/33</File>
    <Query type="disk">/tmp/test-disk-big/14/33</Query>
  </Pair>
  <Pair reval="1d">
    <File perm="0444">/14/34</File>
    <Query type="disk">/tmp/test-disk-big/14/34</Query>
  </Pair>
  <Pair reval="1d">
    <File perm="0444">/14/35</File>
    <Query type="disk">/tmp/test-disk-big/14/35</Query>
  </Pair>
  <Pair reval="1d">
    <File perm="0444">/14/36</File>
    <Query type="disk">/tmp/test-disk-big/14/36</Query>
  </Pair>
  <Pair reval="1d">
    <File perm="0444">/14/37</File>
    <Query type="disk">/tmp/test-disk-big/14/37</Query>
  </Pair>
  <Pair reval="1d">
    <File perm="0444">/14/38</File>
    <Query type="disk">/tmp/test-disk-big/14/38</Query>
  </Pair>
  <Pair reval="1d">
    <File perm="0444">/14/39</File>
    <Query type="disk">/tmp/test-disk-big/14/39</Query>
  </Pair>
  <Pair reval="1d">
    <File perm="0444">/14/4</File>
    <Query type="disk">/tmp/test-disk-big/14/4</Query>
  </Pair>
  <Pair reval="1d">
    <File perm="0444">/14/40</File>
    <Query type="disk">/tmp/test-disk-big/14/40</Query>
  </Pair>
  <Pair reval="1d">
    <File perm="0444">/14/41</File>
    <Query type="disk">/tmp/test-disk-big/14/41</Query>
  </Pair>
  <Pair reval="1d">
    <File perm="0444">/14/42</File>
    <Query type="disk">/tmp/test-disk-big/14/42</Query>
  </Pair>
  <Pair reval="1d">
    <File perm="0444">/14/43</File>
    <Query type="disk">/tmp/test-disk-big/14/43</Query>
  </Pair>
  <Pair reval="1d">
    <File perm="0444">/14/44</File>
    <Query type="disk">/tmp/test-disk-big/14/44</Query>
  </Pair>
  <Pair reval="1d">
    <File perm="0444">/14/45</File>
    <Query type="disk">/tmp/test-disk-big/14/45</Query>
  </Pair>
  <Pair reval="1d">
    <File perm="0444">/14/46</File>
    <Query type="disk">/tmp/test-disk-big/14/46</Query>
  </Pair>
  <Pair reval="1d">
    <File perm="0444">/14/47</File>
    <Query type="disk">/tmp/test-disk-big/14/47</Query>
  </Pair>
  <Pair reval="1d">
    <File perm="0444">/14/48</File>
    <Query type="disk">/tmp/test-disk-big/14/48</Query>
  </Pair>
  <Pair reval="1d">
    <File perm="0444">/14/49</File>
    <Query type="disk">/tmp/test-disk-big/14/49</Query>
  </Pair>
  <Pair reval="1d">
    <File perm="0444">/14/5</File>
    <Query type="disk">/tmp/test-disk-big/14/5</Query>
  </Pair>
  <Pair reval="1d">
    <File perm="0444">/14/50</File>
    <Query type="disk">/tmp/test-disk-big/14/50</Query>
  </Pair>
  <Pair reval="1d">
    <File perm="0444">/14/51</File>
    <Query type="disk">/tmp/test-disk-big/14/51</Query>
  </Pair>
  <Pair reval="1d">
    <File perm="0444">/14/52</File>
    <Query type="disk">/tmp/test-disk-big/14/52</Query>
  </Pair>
  <Pair reval="1d">
    <File perm="0444">/14/53</File>
    <Query type="disk">/tmp/test-disk-big/14/53</Query>
  </Pair>
  <Pair reval="1d">
    <File perm="0444">/14/54</File>
    <Query type="disk">/tmp/test-disk-big/14/54</Query>
  </Pair>
  <Pair reval="1d">
    <File perm="0444">/14/55</File>
    <Query type="disk">/tmp/test-disk-big/14/55</Query>
  </Pair>
  <Pair reval="1d">
    <File perm="0444">/14/56</File>
    <Query type="disk">/tmp/test-disk-big/14/56</Query>
  </Pair>
  <Pair reval="1d">
    <File perm="0444">/14/57</File>
    <Query type="disk">/tmp/test-disk-big/14/57</Query>
  </Pair>
  <Pair reval="1d">
    <File perm="0444">/14/58</File>
    <Query type="disk">/tmp/test-disk-big/14/58</Query>
  </Pair>
  <Pair reval="1d">
    <File perm="0444">/14/59</File>
    <Query type="disk">/tmp/test-disk-big/14/59</Query>
  </Pair>
  <Pair reval="1d">
    <File perm="0444">/14/6</File>
    <Query type="disk">/tmp/test-disk-big/14/6</Query>
  </Pair>
  <Pair reval="1d">
    <File perm="0444">/14/60</File>
    <Query type="disk">/tmp/test-disk-big/14/60</Query>
  </Pair>
  <Pair reval="1d">
    <File perm="0444">/14/61</File>
    <Query type="disk">/tmp/test-disk-big/14/61</Query>
  </Pair>
  <Pair reval="1d">
    <File perm="0444">/14/62</File>
    <Query type="disk">/tmp/test-disk-big/14/62</Query>
  </Pair>
  <Pair reval="1d">
    <File perm="0444">/14/63</File>
    <Query type="disk">/tmp/test-disk-big/14/63</Query>
  </Pair>
  <Pair reval="1d">
    <File perm="0444">/14/64</File>
    <Query type="disk">/tmp/test-disk-big/14/64</Query>
  </Pair>
  <Pair reval="1d">
    <File perm="0444">/14/65</File>
    <Query type="disk">/tmp/test-disk-big/14/65</Query>
  </Pair>
  <Pair reval="1d">
    <File perm="0444">/14/66</File>
    <Query type="disk">/tmp/test-disk-big/14/66</Query>
  </Pair>
  <Pair reval="1d">
    <File perm="0444">/14/67</File>
    <Query type="disk">/tmp/test-disk-big/14/67</Query>
  </Pair>
  <Pair reval="1d">
    <File perm="0444">/14/68</File>
    <Query type="disk">/tmp/test-disk-big/14/68</Query>
  </Pair>
  <Pair reval="1d">
    <File perm="0444">/14/69</File>
    <Query type="disk">/tmp/test-disk-big/14/69</Query>
  </Pair>
  <Pair reval="1d">
    <File perm="0444">/14/7</File>
    <Query type="disk">/tmp/test-disk-big/14/7</Query>
  </Pair>
  <Pair reval="1d">
    <File perm="0444">/14/70</File>
    <Query type="disk">/tmp/test-disk-big/14/70</Query>
  </Pair>
  <Pair reval="1d">
    <File perm="0444">/14/71</File>
    <Query type="disk">/tmp/test-disk-big/14/71</Query>
  </Pair>
  <Pair reval="1d">
    <File perm="0444">/14/72</File>
    <Query type="disk">/tmp/test-disk-big/14/72</Query>
  </Pair>
  <Pair reval="1d">
    <File perm="0444">/14/73</File>
    <Query type="disk">/tmp/test-disk-big/14/73</Query>
  </Pair>
  <Pair reval="1d">
    <File perm="0444">/14/74</File>
    <Query type="disk">/tmp/test-disk-big/14/74</Query>
  </Pair>
  <Pair reval="1d">
    <File perm="0444">/14/75</File>
    <Query type="disk">/tmp/test-disk-big/14/75</Query>
  </Pair>
  <Pair reval="1d">
    <File perm="0444">/14/76</File>
    <Query type="disk">/tmp/test-disk-big/14/76</Query>
  </Pair>
  <Pair reval="1d">
    <File perm="0444">/14/77</File>
    <Query type="disk">/tmp/test-disk-big/14/77</Query>
  </Pair>
  <Pair reval="1d">
    <File perm="0444">/14/78</File>
    <Query type="disk">/tmp/test-disk-big/14/78</Query>
  </Pair>
  <Pair reval="1d">
    <File perm="0444">/14/79</File>
    <Query type="disk">/tmp/test-disk-big/14/79</Query>
  </Pair>
  <Pair reval="1d">
    <File perm="0444">/14/8</File>
    <Query type="disk">/tmp/test-disk-big/14/8</Query>
  </Pair>
  <Pair reval="1d">
    <File perm="0444">/14/80</File>
    <Query type="disk">/tmp/test-disk-big/14/80</Query>
  </Pair>
  <Pair reval="1d">
    <File perm="0444">/14/81</File>
    <Query type="disk">/tmp/test-disk-big/14/81</Query>
  </Pair>
  <Pair reval="1d">
    <File perm="0444">/14/82</File>
    <Query type="disk">/tmp/test-disk-big/14/82</Query>
  </Pair>
  <Pair reval="1d">
    <File perm="0444">/14/83</File>
    <Query type="disk">/tmp/test-disk-big/14/83</Query>
  </Pair>
  <Pair reval="1d">
    <File perm="0444">/14/84</File>
    <Query type="disk">/tmp/test-disk-big/14/84</Query>
  </Pair>
  <Pair reval="1d">
    <File perm="0444">/14/85</File>
    <Query type="disk">/tmp/test-disk-big/14/85</Query>
  </Pair>
  <Pair reval="1d">
    <File perm="0444">/14/86</File>
    <Query type="disk">/tmp/test-disk-big/14/86</Query>
  </Pair>
  <Pair reval="1d">
    <File perm="0444">/14/87</File>
    <Query type="disk">/tmp/test-disk-big/14/87</Query>
  </Pair>
  <Pair reval="1d">
    <File perm="0444">/14/88</File>
    <Query type="disk">/tmp/test-disk-big/14/88</Query>
  </Pair>
  <Pair reval="1d">
    <File perm="0444">/14/89</File>
    <Query type="disk">/tmp/test-disk-big/14/89</Query>
  </Pair>
  <Pair reval="1d">
    <File perm="0444">/14/9</File>
    <Query type="disk">/tmp/test-disk-big/14/9</Query>
  </Pair>
  <Pair reval="1d">
    <File perm="0444">/14/90</File>
    <Query type="disk">/tmp/test-disk-big/14/90</Query>
  </Pair>
  <Pair reval="1d">
    <File perm="0444">/14/91</File>
    <Query type="disk">/tmp/test-disk-big/14/91</Query>
  </Pair>
  <Pair reval="1d">
    <File perm="0444">/14/92</File>
    <Query type="disk">/tmp/test-disk-big/14/92</Query>
  </Pair>
  <Pair reval="1d">
    <File perm="0444">/14/93</File>
    <Query type="disk">/tmp/test-disk-big/14/93</Query>
  </Pair>
  <Pair reval="1d">
    <File perm="0444">/14/94</File>
    <Query type="disk">/tmp/test-disk-big/14/94</Query>
  </Pair>
  <Pair reval="1d">
    <File perm="0444">/14/95</File>
    <Query type="disk">/tmp/test-disk-big/14/95</Query>
  </Pair>
  <Pair reval="1d">
    <File perm="0444">/14/96</File>
    <Query type="disk">/tmp/test-disk-big/14/96</Query>
  </Pair>
  <Pair reval="1d">
    <File perm="0444">/14/97</File>
    <Query type="disk">/tmp/test-disk-big/14/97</Query>
  </Pair>
  <Pair reval="1d">
    <File perm="0444">/14/98</File>
    <Query type="disk">/tmp/test-disk-big/14/98</Query>
  </Pair>
  <Pair reval="1d">
    <File perm="0444">/14/99</File>
    <Query type="disk">/tmp/test-disk-big/14/99</Query>
  </Pair>
  <Pair reval="1d">
    <Dir perm="0555">/15</Dir>
    <Query type="disk"></Query>
  </Pair>
  <Pair reval="1d">
    <File perm="0444">/15/1</File>
    <Query type="disk">/tmp/test-disk-big/15/1</Query>
  </Pair>
  <Pair reval="1d">
    <File perm="0444">/15/10</File>
    <Query type="disk">/tmp/test-disk-big/15/10</Query>
  </Pair>
  <Pair reval="1d">
    <File perm="0444">/15/100</File>
    <Query type="disk">/tmp/test-disk-big/15/100</Query>
  </Pair>
  <Pair reval="1d">
    <File perm="0444">/15/11</File>
    <Query type="disk">/tmp/test-disk-big/15/11</Query>
  </Pair>
  <Pair reval="1d">
    <File perm="0444">/15/12</File>
    <Query type="disk">/tmp/test-disk-big/15/12</Query>
  </Pair>
  <Pair reval="1d">
    <File perm="0444">/15/13</File>
    <Query type="disk">/tmp/test-disk-big/15/13</Query>
  </Pair>
  <Pair reval="1d">
    <File perm="0444">/15/14</File>
    <Query type="disk">/tmp/test-disk-big/15/14</Query>
  </Pair>
  <Pair reval="1d">
    <File perm="0444">/15/15</File>
    <Query type="disk">/tmp/test-disk-big/15/15</Query>
  </Pair>
  <Pair reval="1d">
    <File perm="0444">/15/16</File>
    <Query type="disk">/tmp/test-disk-big/15/16</Query>
  </Pair>
  <Pair reval="1d">
    <File perm="0444">/15/17</File>
    <Query type="disk">/tmp/test-disk-big/15/17</Query>
  </Pair>
  <Pair reval="1d">
    <File perm="0444">/15/18</File>
    <Query type="disk">/tmp/test-disk-big/15/18</Query>
  </Pair>
  <Pair reval="1d">
    <File perm="0444">/15/19</File>
    <Query type="disk">/tmp/test-disk-big/15/19</Query>
  </Pair>
  <Pair reval="1d">
    <File perm="0444">/15/2</File>
    <Query type="disk">/tmp/test-disk-big/15/2</Query>
  </Pair>
  <Pair reval="1d">
    <File perm="0444">/15/20</File>
    <Query type="disk">/tmp/test-disk-big/15/20</Query>
  </Pair>
  <Pair reval="1d">
    <File perm="0444">/15/21</File>
    <Query type="disk">/tmp/test-disk-big/15/21</Query>
  </Pair>
  <Pair reval="1d">
    <File perm="0444">/15/22</File>
    <Query type="disk">/tmp/test-disk-big/15/22</Query>
  </Pair>
  <Pair reval="1d">
    <File perm="0444">/15/23</File>
    <Query type="disk">/tmp/test-disk-big/15/23</Query>
  </Pair>
  <Pair reval="1d">
    <File perm="0444">/15/24</File>
    <Query type="disk">/tmp/test-disk-big/15/24</Query>
  </Pair>
  <Pair reval="1d">
    <File perm="0444">/15/25</File>
    <Query type="disk">/tmp/test-disk-big/15/25</Query>
  </Pair>
  <Pair reval="1d">
    <File perm="0444">/15/26</File>
    <Query type="disk">/tmp/test-disk-big/15/26</Query>
  </Pair>
  <Pair reval="1d">
    <File perm="0444">/15/27</File>
    <Query type="disk">/tmp/test-disk-big/15/27</Query>
  </Pair>
  <Pair reval="1d">
    <File perm="0444">/15/28</File>
    <Query type="disk">/tmp/test-disk-big/15/28</Query>
  </Pair>
  <Pair reval="1d">
    <File perm="0444">/15/29</File>
    <Query type="disk">/tmp/test-disk-big/15/29</Query>
  </Pair>
  <Pair reval="1d">
    <File perm="0444">/15/3</File>
    <Query type="disk">/tmp/test-disk-big/15/3</Query>
  </Pair>
  <Pair reval="1d">
    <File perm="0444">/15/30</File>
    <Query type="disk">/tmp/test-disk-big/15/30</Query>
  </Pair>
  <Pair reval="1d">
    <File perm="0444">/15/31</File>
    <Query type="disk">/tmp/test-disk-big/15/31</Query>
  </Pair>
  <Pair reval="1d">
    <File perm="0444">/15/32</File>
    <Query type="disk">/tmp/test-disk-big/15/32</Query>
  </Pair>
  <Pair reval="1d">
    <File perm="0444">/15/33</File>
    <Query type="disk">/tmp/test-disk-big/15/33</Query>
  </Pair>
  <Pair reval="1d">
    <File perm="0444">/15/34</File>
    <Query type="disk">/tmp/test-disk-big/15/34</Query>
  </Pair>
  <Pair reval="1d">
    <File perm="0444">/15/35</File>
    <Query type="disk">/tmp/test-disk-big/15/35</Query>
  </Pair>
  <Pair reval="1d">
    <File perm="0444">/15/36</File>
    <Query type="disk">/tmp/test-disk-big/15/36</Query>
  </Pair>
  <Pair reval="1d">
    <File perm="0444">/15/37</File>
    <Query type="disk">/tmp/test-disk-big/15/37</Query>
  </Pair>
  <Pair reval="1d">
    <File perm="0444">/15/38</File>
    <Query type="disk">/tmp/test-disk-big/15/38</Query>
  </Pair>
  <Pair reval="1d">
    <File perm="0444">/15/39</File>
    <Query type="disk">/tmp/test-disk-big/15/39</Query>
  </Pair>
  <Pair reval="1d">
    <File perm="0444">/15/4</File>
    <Query type="disk">/tmp/test-disk-big/15/4</Query>
  </Pair>
  <Pair reval="1d">
    <File perm="0444">/15/40</File>
    <Query type="disk">/tmp/test-disk-big/15/40</Query>
  </Pair>
  <Pair reval="1d">
    <File perm="0444">/15/41</File>
    <Query type="disk">/tmp/test-disk-big/15/41</Query>
  </Pair>
  <Pair reval="1d">
    <File perm="0444">/15/42</File>
    <Query type="disk">/tmp/test-disk-big/15/42</Query>
  </Pair>
  <Pair reval="1d">
    <File perm="0444">/15/43</File>
    <Query type="disk">/tmp/test-disk-big/15/43</Query>
  </Pair>
  <Pair reval="1d">
    <File perm="0444">/15/44</File>
    <Query type="disk">/tmp/test-disk-big/15/44</Query>
  </Pair>
  <Pair reval="1d">
    <File perm="0444">/15/45</File>
    <Query type="disk">/tmp/test-disk-big/15/45</Query>
  </Pair>
  <Pair reval="1d">
    <File perm="0444">/15/46</File>
    <Query type="disk">/tmp/test-disk-big/15/46</Query>
  </Pair>
  <Pair reval="1d">
    <File perm="0444">/15/47</File>
    <Query type="disk">/tmp/test-disk-big/15/47</Query>
  </Pair>
  <Pair reval="1d">
    <File perm="0444">/15/48</File>
    <Query type="disk">/tmp/test-disk-big/15/48</Query>
  </Pair>
  <Pair reval="1d">
    <File perm="0444">/15/49</File>
    <Query type="disk">/tmp/test-disk-big/15/49</Query>
  </Pair>
  <Pair reval="1d">
    <File perm="0444">/15/5</File>
    <Query type="disk">/tmp/test-disk-big/15/5</Query>
  </Pair>
  <Pair reval="1d">
    <File perm="0444">/15/50</File>
    <Query type="disk">/tmp/test-disk-big/15/50</Query>
  </Pair>
  <Pair reval="1d">
    <File perm="0444">/15/51</File>
    <Query type="disk">/tmp/test-disk-big/15/51</Query>
  </Pair>
  <Pair reval="1d">
    <File perm="0444">/15/52</File>
    <Query type="disk">/tmp/test-disk-big/15/52</Query>
  </Pair>
  <Pair reval="1d">
    <File perm="0444">/15/53</File>
    <Query type="disk">/tmp/test-disk-big/15/53</Query>
  </Pair>
  <Pair reval="1d">
    <File perm="0444">/15/54</File>
    <Query type="disk">/tmp/test-disk-big/15/54</Query>
  </Pair>
  <Pair reval="1d">
    <File perm="0444">/15/55</File>
    <Query type="disk">/tmp/test-disk-big/15/55</Query>
  </Pair>
  <Pair reval="1d">
    <File perm="0444">/15/56</File>
    <Query type="disk">/tmp/test-disk-big/15/56</Query>
  </Pair>
  <Pair reval="1d">
    <File perm="0444">/15/57</File>
    <Query type="disk">/tmp/test-disk-big/15/57</Query>
  </Pair>
  <Pair reval="1d">
    <File perm="0444">/15/58</File>
    <Query type="disk">/tmp/test-disk-big/15/58</Query>
  </Pair>
  <Pair reval="1d">
    <File perm="0444">/15/59</File>
    <Query type="disk">/tmp/test-disk-big/15/59</Query>
  </Pair>
  <Pair reval="1d">
    <File perm="0444">/15/6</File>
    <Query type="disk">/tmp/test-disk-big/15/6</Query>
  </Pair>
  <Pair reval="1d">
    <File perm="0444">/15/60</File>
    <Query type="disk">/tmp/test-disk-big/15/60</Query>
  </Pair>
  <Pair reval="1d">
    <File perm="0444">/15/61</File>
    <Query type="disk">/tmp/test-disk-big/15/61</Query>
  </Pair>
  <Pair reval="1d">
    <File perm="0444">/15/62</File>
    <Query type="disk">/tmp/test-disk-big/15/62</Query>
  </Pair>
  <Pair reval="1d">
    <File perm="0444">/15/63</File>
    <Query type="disk">/tmp/test-disk-big/15/63</Query>
  </Pair>
  <Pair reval="1d">
    <File perm="0444">/15/64</File>
    <Query type="disk">/tmp/test-disk-big/15/64</Query>
  </Pair>
  <Pair reval="1d">
    <File perm="0444">/15/65</File>
    <Query type="disk">/tmp/test-disk-big/15/65</Query>
  </Pair>
  <Pair reval="1d">
    <File perm="0444">/15/66</File>
    <Query type="disk">/tmp/test-disk-big/15/66</Query>
  </Pair>
  <Pair reval="1d">
    <File perm="0444">/15/67</File>
    <Query type="disk">/tmp/test-disk-big/15/67</Query>
  </Pair>
  <Pair reval="1d">
    <File perm="0444">/15/68</File>
    <Query type="disk">/tmp/test-disk-big/15/68</Query>
  </Pair>
  <Pair reval="1d">
    <File perm="0444">/15/69</File>
    <Query type="disk">/tmp/test-disk-big/15/69</Query>
  </Pair>
  <Pair reval="1d">
    <File perm="0444">/15/7</File>
    <Query type="disk">/tmp/test-disk-big/15/7</Query>
  </Pair>
  <Pair reval="1d">
    <File perm="0444">/15/70</File>
    <Query type="disk">/tmp/test-disk-big/15/70</Query>
  </Pair>
  <Pair reval="1d">
    <File perm="0444">/15/71</File>
    <Query type="disk">/tmp/test-disk-big/15/71</Query>
  </Pair>
  <Pair reval="1d">
    <File perm="0444">/15/72</File>
    <Query type="disk">/tmp/test-disk-big/15/72</Query>
  </Pair>
  <Pair reval="1d">
    <File perm="0444">/15/73</File>
    <Query type="disk">/tmp/test-disk-big/15/73</Query>
  </Pair>
  <Pair reval="1d">
    <File perm="0444">/15/74</File>
    <Query type="disk">/tmp/test-disk-big/15/74</Query>
  </Pair>
  <Pair reval="1d">
    <File perm="0444">/15/75</File>
    <Query type="disk">/tmp/test-disk-big/15/75</Query>
  </Pair>
  <Pair reval="1d">
    <File perm="0444">/15/76</File>
    <Query type="disk">/tmp/test-disk-big/15/76</Query>
  </Pair>
  <Pair reval="1d">
    <File perm="0444">/15/77</File>
    <Query type="disk">/tmp/test-disk-big/15/77</Query>
  </Pair>
  <Pair reval="1d">
    <File perm="0444">/15/78</File>
    <Query type="disk">/tmp/test-disk-big/15/78</Query>
  </Pair>
  <Pair reval="1d">
    <File perm="0444">/15/79</File>
    <Query type="disk">/tmp/test-disk-big/15/79</Query>
  </Pair>
  <Pair reval="1d">
    <File perm="0444">/15/8</File>
    <Query type="disk">/tmp/test-disk-big/15/8</Query>
  </Pair>
  <Pair reval="1d">
    <File perm="0444">/15/80</File>
    <Query type="disk">/tmp/test-disk-big/15/80</Query>
  </Pair>
  <Pair reval="1d">
    <File perm="0444">/15/81</File>
    <Query type="disk">/tmp/test-disk-big/15/81</Query>
  </Pair>
  <Pair reval="1d">
    <File perm="0444">/15/82</File>
    <Query type="disk">/tmp/test-disk-big/15/82</Query>
  </Pair>
  <Pair reval="1d">
    <File perm="0444">/15/83</File>
    <Query type="disk">/tmp/test-disk-big/15/83</Query>
  </Pair>
  <Pair reval="1d">
    <File perm="0444">/15/84</File>
    <Query type="disk">/tmp/test-disk-big/15/84</Query>
  </Pair>
  <Pair reval="1d">
    <File perm="0444">/15/85</File>
    <Query type="disk">/tmp/test-disk-big/15/85</Query>
  </Pair>
  <Pair reval="1d">
    <File perm="0444">/15/86</File>
    <Query type="disk">/tmp/test-disk-big/15/86</Query>
  </Pair>
  <Pair reval="1d">
    <File perm="0444">/15/87</File>
    <Query type="disk">/tmp/test-disk-big/15/87</Query>
  </Pair>
  <Pair reval="1d">
    <File perm="0444">/15/88</File>
    <Query type="disk">/tmp/test-disk-big/15/88</Query>
  </Pair>
  <Pair reval="1d">
    <File perm="0444">/15/89</File>
    <Query type="disk">/tmp/test-disk-big/15/89</Query>
  </Pair>
  <Pair reval="1d">
    <File perm="0444">/15/9</File>
    <Query type="disk">/tmp/test-disk-big/15/9</Query>
  </Pair>
  <Pair reval="1d">
    <File perm="0444">/15/90</File>
    <Query type="disk">/tmp/test-disk-big/15/90</Query>
  </Pair>
  <Pair reval="1d">
    <File perm="0444">/15/91</File>
    <Query type="disk">/tmp/test-disk-big/15/91</Query>
  </Pair>
  <Pair reval="1d">
    <File perm="0444">/15/92</File>
    <Query type="disk">/tmp/test-disk-big/15/92</Query>
  </Pair>
  <Pair reval="1d">
    <File perm="0444">/15/93</File>
    <Query type="disk">/tmp/test-disk-big/15/93</Query>
  </Pair>
  <Pair reval="1d">
    <File perm="0444">/15/94</File>
    <Query type="disk">/tmp/test-disk-big/15/94</Query>
  </Pair>
  <Pair reval="1d">
    <File perm="0444">/15/95</File>
    <Query type="disk">/tmp/test-disk-big/15/95</Query>
  </Pair>
  <Pair reval="1d">
    <File perm="0444">/15/96</File>
    <Query type="disk">/tmp/test-disk-big/15/96</Query>
  </Pair>
  <Pair reval="1d">
    <File perm="0444">/15/97</File>
    <Query type="disk">/tmp/test-disk-big/15/97</Query>
  </Pair>
  <Pair reval="1d">
    <File perm="0444">/15/98</File>
    <Query type="disk">/tmp/test-disk-big/15/98</Query>
  </Pair>
  <Pair reval="1d">
    <File perm="0444">/15/99</File>
    <Query type="disk">/tmp/test-disk-big/15/99</Query>
  </Pair>
  <Pair reval="1d">
    <Dir perm="0555">/16</Dir>
    <Query type="disk"></Query>
  </Pair>
  <Pair reval="1d">
    <File perm="0444">/16/1</File>
    <Query type="disk">/tmp/test-disk-big/16/1</Query>
  </Pair>
  <Pair reval="1d">
    <File perm="0444">/16/10</File>
    <Query type="disk">/tmp/test-disk-big/16/10</Query>
  </Pair>
  <Pair reval="1d">
    <File perm="0444">/16/100</File>
    <Query type="disk">/tmp/test-disk-big/16/100</Query>
  </Pair>
  <Pair reval="1d">
    <File perm="0444">/16/11</File>
    <Query type="disk">/tmp/test-disk-big/16/11</Query>
  </Pair>
  <Pair reval="1d">
    <File perm="0444">/16/12</File>
    <Query type="disk">/tmp/test-disk-big/16/12</Query>
  </Pair>
  <Pair reval="1d">
    <File perm="0444">/16/13</File>
    <Query type="disk">/tmp/test-disk-big/16/13</Query>
  </Pair>
  <Pair reval="1d">
    <File perm="0444">/16/14</File>
    <Query type="disk">/tmp/test-disk-big/16/14</Query>
  </Pair>
  <Pair reval="1d">
    <File perm="0444">/16/15</File>
    <Query type="disk">/tmp/test-disk-big/16/15</Query>
  </Pair>
  <Pair reval="1d">
    <File perm="0444">/16/16</File>
    <Query type="disk">/tmp/test-disk-big/16/16</Query>
  </Pair>
  <Pair reval="1d">
    <File perm="0444">/16/17</File>
    <Query type="disk">/tmp/test-disk-big/16/17</Query>
  </Pair>
  <Pair reval="1d">
    <File perm="0444">/16/18</File>
    <Query type="disk">/tmp/test-disk-big/16/18</Query>
  </Pair>
  <Pair reval="1d">
    <File perm="0444">/16/19</File>
    <Query type="disk">/tmp/test-disk-big/16/19</Query>
  </Pair>
  <Pair reval="1d">
    <File perm="0444">/16/2</File>
    <Query type="disk">/tmp/test-disk-big/16/2</Query>
  </Pair>
  <Pair reval="1d">
    <File perm="0444">/16/20</File>
    <Query type="disk">/tmp/test-disk-big/16/20</Query>
  </Pair>
  <Pair reval="1d">
    <File perm="0444">/16/21</File>
    <Query type="disk">/tmp/test-disk-big/16/21</Query>
  </Pair>
  <Pair reval="1d">
    <File perm="0444">/16/22</File>
    <Query type="disk">/tmp/test-disk-big/16/22</Query>
  </Pair>
  <Pair reval="1d">
    <File perm="0444">/16/23</File>
    <Query type="disk">/tmp/test-disk-big/16/23</Query>
  </Pair>
  <Pair reval="1d">
    <File perm="0444">/16/24</File>
    <Query type="disk">/tmp/test-disk-big/16/24</Query>
  </Pair>
  <Pair reval="1d">
    <File perm="0444">/16/25</File>
    <Query type="disk">/tmp/test-disk-big/16/25</Query>
  </Pair>
  <Pair reval="1d">
    <File perm="0444">/16/26</File>
    <Query type="disk">/tmp/test-disk-big/16/26</Query>
  </Pair>
  <Pair reval="1d">
    <File perm="0444">/16/27</File>
    <Query type="disk">/tmp/test-disk-big/16/27</Query>
  </Pair>
  <Pair reval="1d">
    <File perm="0444">/16/28</File>
    <Query type="disk">/tmp/test-disk-big/16/28</Query>
  </Pair>
  <Pair reval="1d">
    <File perm="0444">/16/29</File>
    <Query type="disk">/tmp/test-disk-big/16/29</Query>
  </Pair>
  <Pair reval="1d">
    <File perm="0444">/16/3</File>
    <Query type="disk">/tmp/test-disk-big/16/3</Query>
  </Pair>
  <Pair reval="1d">
    <File perm="0444">/16/30</File>
    <Query type="disk">/tmp/test-disk-big/16/30</Query>
  </Pair>
  <Pair reval="1d">
    <File perm="0444">/16/31</File>
    <Query type="disk">/tmp/test-disk-big/16/31</Query>
  </Pair>
  <Pair reval="1d">
    <File perm="0444">/16/32</File>
    <Query type="disk">/tmp/test-disk-big/16/32</Query>
  </Pair>
  <Pair reval="1d">
    <File perm="0444">/16/33</File>
    <Query type="disk">/tmp/test-disk-big/16/33</Query>
  </Pair>
  <Pair reval="1d">
    <File perm="0444">/16/34</File>
    <Query type="disk">/tmp/test-disk-big/16/34</Query>
  </Pair>
  <Pair reval="1d">
    <File perm="0444">/16/35</File>
    <Query type="disk">/tmp/test-disk-big/16/35</Query>
  </Pair>
  <Pair reval="1d">
    <File perm="0444">/16/36</File>
    <Query type="disk">/tmp/test-disk-big/16/36</Query>
  </Pair>
  <Pair reval="1d">
    <File perm="0444">/16/37</File>
    <Query type="disk">/tmp/test-disk-big/16/37</Query>
  </Pair>
  <Pair reval="1d">
    <File perm="0444">/16/38</File>
    <Query type="disk">/tmp/test-disk-big/16/38</Query>
  </Pair>
  <Pair reval="1d">
    <File perm="0444">/16/39</File>
    <Query type="disk">/tmp/test-disk-big/16/39</Query>
  </Pair>
  <Pair reval="1d">
    <File perm="0444">/16/4</File>
    <Query type="disk">/tmp/test-disk-big/16/4</Query>
  </Pair>
  <Pair reval="1d">
    <File perm="0444">/16/40</File>
    <Query type="disk">/tmp/test-disk-big/16/40</Query>
  </Pair>
  <Pair reval="1d">
    <File perm="0444">/16/41</File>
    <Query type="disk">/tmp/test-disk-big/16/41</Query>
  </Pair>
  <Pair reval="1d">
    <File perm="0444">/16/42</File>
    <Query type="disk">/tmp/test-disk-big/16/42</Query>
  </Pair>
  <Pair reval="1d">
    <File perm="0444">/16/43</File>
    <Query type="disk">/tmp/test-disk-big/16/43</Query>
  </Pair>
  <Pair reval="1d">
    <File perm="0444">/16/44</File>
    <Query type="disk">/tmp/test-disk-big/16/44</Query>
  </Pair>
  <Pair reval="1d">
    <File perm="0444">/16/45</File>
    <Query type="disk">/tmp/test-disk-big/16/45</Query>
  </Pair>
  <Pair reval="1d">
    <File perm="0444">/16/46</File>
    <Query type="disk">/tmp/test-disk-big/16/46</Query>
  </Pair>
  <Pair reval="1d">
    <File perm="0444">/16/47</File>
    <Query type="disk">/tmp/test-disk-big/16/47</Query>
  </Pair>
  <Pair reval="1d">
    <File perm="0444">/16/48</File>
    <Query type="disk">/tmp/test-disk-big/16/48</Query>
  </Pair>
  <Pair reval="1d">
    <File perm="0444">/16/49</File>
    <Query type="disk">/tmp/test-disk-big/16/49</Query>
  </Pair>
  <Pair reval="1d">
    <File perm="0444">/16/5</File>
    <Query type="disk">/tmp/test-disk-big/16/5</Query>
  </Pair>
  <Pair reval="1d">
    <File perm="0444">/16/50</File>
    <Query type="disk">/tmp/test-disk-big/16/50</Query>
  </Pair>
  <Pair reval="1d">
    <File perm="0444">/16/51</File>
    <Query type="disk">/tmp/test-disk-big/16/51</Query>
  </Pair>
  <Pair reval="1d">
    <File perm="0444">/16/52</File>
    <Query type="disk">/tmp/test-disk-big/16/52</Query>
  </Pair>
  <Pair reval="1d">
    <File perm="0444">/16/53</File>
    <Query type="disk">/tmp/test-disk-big/16/53</Query>
  </Pair>
  <Pair reval="1d">
    <File perm="0444">/16/54</File>
    <Query type="disk">/tmp/test-disk-big/16/54</Query>
  </Pair>
  <Pair reval="1d">
    <File perm="0444">/16/55</File>
    <Query type="disk">/tmp/test-disk-big/16/55</Query>
  </Pair>
  <Pair reval="1d">
    <File perm="0444">/16/56</File>
    <Query type="disk">/tmp/test-disk-big/16/56</Query>
  </Pair>
  <Pair reval="1d">
    <File perm="0444">/16/57</File>
    <Query type="disk">/tmp/test-disk-big/16/57</Query>
  </Pair>
  <Pair reval="1d">
    <File perm="0444">/16/58</File>
    <Query type="disk">/tmp/test-disk-big/16/58</Query>
  </Pair>
  <Pair reval="1d">
    <File perm="0444">/16/59</File>
    <Query type="disk">/tmp/test-disk-big/16/59</Query>
  </Pair>
  <Pair reval="1d">
    <File perm="0444">/16/6</File>
    <Query type="disk">/tmp/test-disk-big/16/6</Query>
  </Pair>
  <Pair reval="1d">
    <File perm="0444">/16/60</File>
    <Query type="disk">/tmp/test-disk-big/16/60</Query>
  </Pair>
  <Pair reval="1d">
    <File perm="0444">/16/61</File>
    <Query type="disk">/tmp/test-disk-big/16/61</Query>
  </Pair>
  <Pair reval="1d">
    <File perm="0444">/16/62</File>
    <Query type="disk">/tmp/test-disk-big/16/62</Query>
  </Pair>
  <Pair reval="1d">
    <File perm="0444">/16/63</File>
    <Query type="disk">/tmp/test-disk-big/16/63</Query>
  </Pair>
  <Pair reval="1d">
    <File perm="0444">/16/64</File>
    <Query type="disk">/tmp/test-disk-big/16/64</Query>
  </Pair>
  <Pair reval="1d">
    <File perm="0444">/16/65</File>
    <Query type="disk">/tmp/test-disk-big/16/65</Query>
  </Pair>
  <Pair reval="1d">
    <File perm="0444">/16/66</File>
    <Query type="disk">/tmp/test-disk-big/16/66</Query>
  </Pair>
  <Pair reval="1d">
    <File perm="0444">/16/67</File>
    <Query type="disk">/tmp/test-disk-big/16/67</Query>
  </Pair>
  <Pair reval="1d">
    <File perm="0444">/16/68</File>
    <Query type="disk">/tmp/test-disk-big/16/68</Query>
  </Pair>
  <Pair reval="1d">
    <File perm="0444">/16/69</File>
    <Query type="disk">/tmp/test-disk-big/16/69</Query>
  </Pair>
  <Pair reval="1d">
    <File perm="0444">/16/7</File>
    <Query type="disk">/tmp/test-disk-big/16/7</Query>
  </Pair>
  <Pair reval="1d">
    <File perm="0444">/16/70</File>
    <Query type="disk">/tmp/test-disk-big/16/70</Query>
  </Pair>
  <Pair reval="1d">
    <File perm="0444">/16/71</File>
    <Query type="disk">/tmp/test-disk-big/16/71</Query>
  </Pair>
  <Pair reval="1d">
    <File perm="0444">/16/72</File>
    <Query type="disk">/tmp/test-disk-big/16/72</Query>
  </Pair>
  <Pair reval="1d">
    <File perm="0444">/16/73</File>
    <Query type="disk">/tmp/test-disk-big/16/73</Query>
  </Pair>
  <Pair reval="1d">
    <File perm="0444">/16/74</File>
    <Query type="disk">/tmp/test-disk-big/16/74</Query>
  </Pair>
  <Pair reval="1d">
    <File perm="0444">/16/75</File>
    <Query type="disk">/tmp/test-disk-big/16/75</Query>
  </Pair>
  <Pair reval="1d">
    <File perm="0444">/16/76</File>
    <Query type="disk">/tmp/test-disk-big/16/76</Query>
  </Pair>
  <Pair reval="1d">
    <File perm="0444">/16/77</File>
    <Query type="disk">/tmp/test-disk-big/16/77</Query>
  </Pair>
  <Pair reval="1d">
    <File perm="0444">/16/78</File>
    <Query type="disk">/tmp/test-disk-big/16/78</Query>
  </Pair>
  <Pair reval="1d">
    <File perm="0444">/16/79</File>
    <Query type="disk">/tmp/test-disk-big/16/79</Query>
  </Pair>
  <Pair reval="1d">
    <File perm="0444">/16/8</File>
    <Query type="disk">/tmp/test-disk-big/16/8</Query>
  </Pair>
  <Pair reval="1d">
    <File perm="0444">/16/80</File>
    <Query type="disk">/tmp/test-disk-big/16/80</Query>
  </Pair>
  <Pair reval="1d">
    <File perm="0444">/16/81</File>
    <Query type="disk">/tmp/test-disk-big/16/81</Query>
  </Pair>
  <Pair reval="1d">
    <File perm="0444">/16/82</File>
    <Query type="disk">/tmp/test-disk-big/16/82</Query>
  </Pair>
  <Pair reval="1d">
    <File perm="0444">/16/83</File>
    <Query type="disk">/tmp/test-disk-big/16/83</Query>
  </Pair>
  <Pair reval="1d">
    <File perm="0444">/16/84</File>
    <Query type="disk">/tmp/test-disk-big/16/84</Query>
  </Pair>
  <Pair reval="1d">
    <File perm="0444">/16/85</File>
    <Query type="disk">/tmp/test-disk-big/16/85</Query>
  </Pair>
  <Pair reval="1d">
    <File perm="0444">/16/86</File>
    <Query type="disk">/tmp/test-disk-big/16/86</Query>
  </Pair>
  <Pair reval="1d">
    <File perm="0444">/16/87</File>
    <Query type="disk">/tmp/test-disk-big/16/87</Query>
  </Pair>
  <Pair reval="1d">
    <File perm="0444">/16/88</File>
    <Query type="disk">/tmp/test-disk-big/16/88</Query>
  </Pair>
  <Pair reval="1d">
    <File perm="0444">/16/89</File>
    <Query type="disk">/tmp/test-disk-big/16/89</Query>
  </Pair>
  <Pair reval="1d">
    <File perm="0444">/16/9</File>
    <Query type="disk">/tmp/test-disk-big/16/9</Query>
  </Pair>
  <Pair reval="1d">
    <File perm="0444">/16/90</File>
    <Query type="disk">/tmp/test-disk-big/16/90</Query>
  </Pair>
  <Pair reval="1d">
    <File perm="0444">/16/91</File>
    <Query type="disk">/tmp/test-disk-big/16/91</Query>
  </Pair>
  <Pair reval="1d">
    <File perm="0444">/16/92</File>
    <Query type="disk">/tmp/test-disk-big/16/92</Query>
  </Pair>
  <Pair reval="1d">
    <File perm="0444">/16/93</File>
    <Query type="disk">/tmp/test-disk-big/16/93</Query>
  </Pair>
  <Pair reval="1d">
    <File perm="0444">/16/94</File>
    <Query type="disk">/tmp/test-disk-big/16/94</Query>
  </Pair>
  <Pair reval="1d">
    <File perm="0444">/16/95</File>
    <Query type="disk">/tmp/test-disk-big/16/95</Query>
  </Pair>
  <Pair reval="1d">
    <File perm="0444">/16/96</File>
    <Query type="disk">/tmp/test-disk-big/16/96</Query>
  </Pair>
  <Pair reval="1d">
    <File perm="0444">/16/97</File>
    <Query type="disk">/tmp/test-disk-big/16/97</Query>
  </Pair>
  <Pair reval="1d">
    <File perm="0444">/16/98</File>
    <Query type="disk">/tmp/test-disk-big/16/98</Query>
  </Pair>
  <Pair reval="1d">
    <File perm="0444">/16/99</File>
    <Query type="disk">/tmp/test-disk-big/16/99</Query>
  </Pair>
  <Pair reval="1d">
    <Dir perm="0555">/17</Dir>
    <Query type="disk"></Query>
  </Pair>
  <Pair reval="1d">
    <File perm="0444">/17/1</File>
    <Query type="disk">/tmp/test-disk-big/17/1</Query>
  </Pair>
  <Pair reval="1d">
    <File perm="0444">/17/10</File>
    <Query type="disk">/tmp/test-disk-big/17/10</Query>
  </Pair>
  <Pair reval="1d">
    <File perm="0444">/17/100</File>
    <Query type="disk">/tmp/test-disk-big/17/100</Query>
  </Pair>
  <Pair reval="1d">
    <File perm="0444">/17/11</File>
    <Query type="disk">/tmp/test-disk-big/17/11</Query>
  </Pair>
  <Pair reval="1d">
    <File perm="0444">/17/12</File>
    <Query type="disk">/tmp/test-disk-big/17/12</Query>
  </Pair>
  <Pair reval="1d">
    <File perm="0444">/17/13</File>
    <Query type="disk">/tmp/test-disk-big/17/13</Query>
  </Pair>
  <Pair reval="1d">
    <File perm="0444">/17/14</File>
    <Query type="disk">/tmp/test-disk-big/17/14</Query>
  </Pair>
  <Pair reval="1d">
    <File perm="0444">/17/15</File>
    <Query type="disk">/tmp/test-disk-big/17/15</Query>
  </Pair>
  <Pair reval="1d">
    <File perm="0444">/17/16</File>
    <Query type="disk">/tmp/test-disk-big/17/16</Query>
  </Pair>
  <Pair reval="1d">
    <File perm="0444">/17/17</File>
    <Query type="disk">/tmp/test-disk-big/17/17</Query>
  </Pair>
  <Pair reval="1d">
    <File perm="0444">/17/18</File>
    <Query type="disk">/tmp/test-disk-big/17/18</Query>
  </Pair>
  <Pair reval="1d">
    <File perm="0444">/17/19</File>
    <Query type="disk">/tmp/test-disk-big/17/19</Query>
  </Pair>
  <Pair reval="1d">
    <File perm="0444">/17/2</File>
    <Query type="disk">/tmp/test-disk-big/17/2</Query>
  </Pair>
  <Pair reval="1d">
    <File perm="0444">/17/20</File>
    <Query type="disk">/tmp/test-disk-big/17/20</Query>
  </Pair>
  <Pair reval="1d">
    <File perm="0444">/17/21</File>
    <Query type="disk">/tmp/test-disk-big/17/21</Query>
  </Pair>
  <Pair reval="1d">
    <File perm="0444">/17/22</File>
    <Query type="disk">/tmp/test-disk-big/17/22</Query>
  </Pair>
  <Pair reval="1d">
    <File perm="0444">/17/23</File>
    <Query type="disk">/tmp/test-disk-big/17/23</Query>
  </Pair>
  <Pair reval="1d">
    <File perm="0444">/17/24</File>
    <Query type="disk">/tmp/test-disk-big/17/24</Query>
  </Pair>
  <Pair reval="1d">
    <File perm="0444">/17/25</File>
    <Query type="disk">/tmp/test-disk-big/17/25</Query>
  </Pair>
  <Pair reval="1d">
    <File perm="0444">/17/26</File>
    <Query type="disk">/tmp/test-disk-big/17/26</Query>
  </Pair>
  <Pair reval="1d">
    <File perm="0444">/17/27</File>
    <Query type="disk">/tmp/test-disk-big/17/27</Query>
  </Pair>
  <Pair reval="1d">
    <File perm="0444">/17/28</File>
    <Query type="disk">/tmp/test-disk-big/17/28</Query>
  </Pair>
  <Pair reval="1d">
    <File perm="0444">/17/29</File>
    <Query type="disk">/tmp/test-disk-big/17/29</Query>
  </Pair>
  <Pair reval="1d">
    <File perm="0444">/17/3</File>
    <Query type="disk">/tmp/test-disk-big/17/3</Query>
  </Pair>
  <Pair reval="1d">
    <File perm="0444">/17/30</File>
    <Query type="disk">/tmp/test-disk-big/17/30</Query>
  </Pair>
  <Pair reval="1d">
    <File perm="0444">/17/31</File>
    <Query type="disk">/tmp/test-disk-big/17/31</Query>
  </Pair>
  <Pair reval="1d">
    <File perm="0444">/17/32</File>
    <Query type="disk">/tmp/test-disk-big/17/32</Query>
  </Pair>
  <Pair reval="1d">
    <File perm="0444">/17/33</File>
    <Query type="disk">/tmp/test-disk-big/17/33</Query>
  </Pair>
  <Pair reval="1d">
    <File perm="0444">/17/34</File>
    <Query type="disk">/tmp/test-disk-big/17/34</Query>
  </Pair>
  <Pair reval="1d">
    <File perm="0444">/17/35</File>
    <Query type="disk">/tmp/test-disk-big/17/35</Query>
  </Pair>
  <Pair reval="1d">
    <File perm="0444">/17/36</File>
    <Query type="disk">/tmp/test-disk-big/17/36</Query>
  </Pair>
  <Pair reval="1d">
    <File perm="0444">/17/37</File>
    <Query type="disk">/tmp/test-disk-big/17/37</Query>
  </Pair>
  <Pair reval="1d">
    <File perm="0444">/17/38</File>
    <Query type="disk">/tmp/test-disk-big/17/38</Query>
  </Pair>
  <Pair reval="1d">
    <File perm="0444">/17/39</File>
    <Query type="disk">/tmp/test-disk-big/17/39</Query>
  </Pair>
  <Pair reval="1d">
    <File perm="0444">/17/4</File>
    <Query type="disk">/tmp/test-disk-big/17/4</Query>
  </Pair>
  <Pair reval="1d">
    <File perm="0444">/17/40</File>
    <Query type="disk">/tmp/test-disk-big/17/40</Query>
  </Pair>
  <Pair reval="1d">
    <File perm="0444">/17/41</File>
    <Query type="disk">/tmp/test-disk-big/17/41</Query>
  </Pair>
  <Pair reval="1d">
    <File perm="0444">/17/42</File>
    <Query type="disk">/tmp/test-disk-big/17/42</Query>
  </Pair>
  <Pair reval="1d">
    <File perm="0444">/17/43</File>
    <Query type="disk">/tmp/test-disk-big/17/43</Query>
  </Pair>
  <Pair reval="1d">
    <File perm="0444">/17/44</File>
    <Query type="disk">/tmp/test-disk-big/17/44</Query>
  </Pair>
  <Pair reval="1d">
    <File perm="0444">/17/45</File>
    <Query type="disk">/tmp/test-disk-big/17/45</Query>
  </Pair>
  <Pair reval="1d">
    <File perm="0444">/17/46</File>
    <Query type="disk">/tmp/test-disk-big/17/46</Query>
  </Pair>
  <Pair reval="1d">
    <File perm="0444">/17/47</File>
    <Query type="disk">/tmp/test-disk-big/17/47</Query>
  </Pair>
  <Pair reval="1d">
    <File perm="0444">/17/48</File>
    <Query type="disk">/tmp/test-disk-big/17/48</Query>
  </Pair>
  <Pair reval="1d">
    <File perm="0444">/17/49</File>
    <Query type="disk">/tmp/test-disk-big/17/49</Query>
  </Pair>
  <Pair reval="1d">
    <File perm="0444">/17/5</File>
    <Query type="disk">/tmp/test-disk-big/17/5</Query>
  </Pair>
  <Pair reval="1d">
    <File perm="0444">/17/50</File>
    <Query type="disk">/tmp/test-disk-big/17/50</Query>
  </Pair>
  <Pair reval="1d">
    <File perm="0444">/17/51</File>
    <Query type="disk">/tmp/test-disk-big/17/51</Query>
  </Pair>
  <Pair reval="1d">
    <File perm="0444">/17/52</File>
    <Query type="disk">/tmp/test-disk-big/17/52</Query>
  </Pair>
  <Pair reval="1d">
    <File perm="0444">/17/53</File>
    <Query type="disk">/tmp/test-disk-big/17/53</Query>
  </Pair>
  <Pair reval="1d">
    <File perm="0444">/17/54</File>
    <Query type="disk">/tmp/test-disk-big/17/54</Query>
  </Pair>
  <Pair reval="1d">
    <File perm="0444">/17/55</File>
    <Query type="disk">/tmp/test-disk-big/17/55</Query>
  </Pair>
  <Pair reval="1d">
    <File perm="0444">/17/56</File>
    <Query type="disk">/tmp/test-disk-big/17/56</Query>
  </Pair>
  <Pair reval="1d">
    <File perm="0444">/17/57</File>
    <Query type="disk">/tmp/test-disk-big/17/57</Query>
  </Pair>
  <Pair reval="1d">
    <File perm="0444">/17/58</File>
    <Query type="disk">/tmp/test-disk-big/17/58</Query>
  </Pair>
  <Pair reval="1d">
    <File perm="0444">/17/59</File>
    <Query type="disk">/tmp/test-disk-big/17/59</Query>
  </Pair>
  <Pair reval="1d">
    <File perm="0444">/17/6</File>
    <Query type="disk">/tmp/test-disk-big/17/6</Query>
  </Pair>
  <Pair reval="1d">
    <File perm="0444">/17/60</File>
    <Query type="disk">/tmp/test-disk-big/17/60</Query>
  </Pair>
  <Pair reval="1d">
    <File perm="0444">/17/61</File>
    <Query type="disk">/tmp/test-disk-big/17/61</Query>
  </Pair>
  <Pair reval="1d">
    <File perm="0444">/17/62</File>
    <Query type="disk">/tmp/test-disk-big/17/62</Query>
  </Pair>
  <Pair reval="1d">
    <File perm="0444">/17/63</File>
    <Query type="disk">/tmp/test-disk-big/17/63</Query>
  </Pair>
  <Pair reval="1d">
    <File perm="0444">/17/64</File>
    <Query type="disk">/tmp/test-disk-big/17/64</Query>
  </Pair>
  <Pair reval="1d">
    <File perm="0444">/17/65</File>
    <Query type="disk">/tmp/test-disk-big/17/65</Query>
  </Pair>
  <Pair reval="1d">
    <File perm="0444">/17/66</File>
    <Query type="disk">/tmp/test-disk-big/17/66</Query>
  </Pair>
  <Pair reval="1d">
    <File perm="0444">/17/67</File>
    <Query type="disk">/tmp/test-disk-big/17/67</Query>
  </Pair>
  <Pair reval="1d">
    <File perm="0444">/17/68</File>
    <Query type="disk">/tmp/test-disk-big/17/68</Query>
  </Pair>
  <Pair reval="1d">
    <File perm="0444">/17/69</File>
    <Query type="disk">/tmp/test-disk-big/17/69</Query>
  </Pair>
  <Pair reval="1d">
    <File perm="0444">/17/7</File>
    <Query type="disk">/tmp/test-disk-big/17/7</Query>
  </Pair>
  <Pair reval="1d">
    <File perm="0444">/17/70</File>
    <Query type="disk">/tmp/test-disk-big/17/70</Query>
  </Pair>
  <Pair reval="1d">
    <File perm="0444">/17/71</File>
    <Query type="disk">/tmp/test-disk-big/17/71</Query>
  </Pair>
  <Pair reval="1d">
    <File perm="0444">/17/72</File>
    <Query type="disk">/tmp/test-disk-big/17/72</Query>
  </Pair>
  <Pair reval="1d">
    <File perm="0444">/17/73</File>
    <Query type="disk">/tmp/test-disk-big/17/73</Query>
  </Pair>
  <Pair reval="1d">
    <File perm="0444">/17/74</File>
    <Query type="disk">/tmp/test-disk-big/17/74</Query>
  </Pair>
  <Pair reval="1d">
    <File perm="0444">/17/75</File>
    <Query type="disk">/tmp/test-disk-big/17/75</Query>
  </Pair>
  <Pair reval="1d">
    <File perm="0444">/17/76</File>
    <Query type="disk">/tmp/test-disk-big/17/76</Query>
  </Pair>
  <Pair reval="1d">
    <File perm="0444">/17/77</File>
    <Query type="disk">/tmp/test-disk-big/17/77</Query>
  </Pair>
  <Pair reval="1d">
    <File perm="0444">/17/78</File>
    <Query type="disk">/tmp/test-disk-big/17/78</Query>
  </Pair>
  <Pair reval="1d">
    <File perm="0444">/17/79</File>
    <Query type="disk">/tmp/test-disk-big/17/79</Query>
  </Pair>
  <Pair reval="1d">
    <File perm="0444">/17/8</File>
    <Query type="disk">/tmp/test-disk-big/17/8</Query>
  </Pair>
  <Pair reval="1d">
    <File perm="0444">/17/80</File>
    <Query type="disk">/tmp/test-disk-big/17/80</Query>
  </Pair>
  <Pair reval="1d">
    <File perm="0444">/17/81</File>
    <Query type="disk">/tmp/test-disk-big/17/81</Query>
  </Pair>
  <Pair reval="1d">
    <File perm="0444">/17/82</File>
    <Query type="disk">/tmp/test-disk-big/17/82</Query>
  </Pair>
  <Pair reval="1d">
    <File perm="0444">/17/83</File>
    <Query type="disk">/tmp/test-disk-big/17/83</Query>
  </Pair>
  <Pair reval="1d">
    <File perm="0444">/17/84</File>
    <Query type="disk">/tmp/test-disk-big/17/84</Query>
  </Pair>
  <Pair reval="1d">
    <File perm="0444">/17/85</File>
    <Query type="disk">/tmp/test-disk-big/17/85</Query>
  </Pair>
  <Pair reval="1d">
    <File perm="0444">/17/86</File>
    <Query type="disk">/tmp/test-disk-big/17/86</Query>
  </Pair>
  <Pair reval="1d">
    <File perm="0444">/17/87</File>
    <Query type="disk">/tmp/test-disk-big/17/87</Query>
  </Pair>
  <Pair reval="1d">
    <File perm="0444">/17/88</File>
    <Query type="disk">/tmp/test-disk-big/17/88</Query>
  </Pair>
  <Pair reval="1d">
    <File perm="0444">/17/89</File>
    <Query type="disk">/tmp/test-disk-big/17/89</Query>
  </Pair>
  <Pair reval="1d">
    <File perm="0444">/17/9</File>
    <Query type="disk">/tmp/test-disk-big/17/9</Query>
  </Pair>
  <Pair reval="1d">
    <File perm="0444">/17/90</File>
    <Query type="disk">/tmp/test-disk-big/17/90</Query>
  </Pair>
  <Pair reval="1d">
    <File perm="0444">/17/91</File>
    <Query type="disk">/tmp/test-disk-big/17/91</Query>
  </Pair>
  <Pair reval="1d">
    <File perm="0444">/17/92</File>
    <Query type="disk">/tmp/test-disk-big/17/92</Query>
  </Pair>
  <Pair reval="1d">
    <File perm="0444">/17/93</File>
    <Query type="disk">/tmp/test-disk-big/17/93</Query>
  </Pair>
  <Pair reval="1d">
    <File perm="0444">/17/94</File>
    <Query type="disk">/tmp/test-disk-big/17/94</Query>
  </Pair>
  <Pair reval="1d">
    <File perm="0444">/17/95</File>
    <Query type="disk">/tmp/test-disk-big/17/95</Query>
  </Pair>
  <Pair reval="1d">
    <File perm="0444">/17/96</File>
    <Query type="disk">/tmp/test-disk-big/17/96</Query>
  </Pair>
  <Pair reval="1d">
    <File perm="0444">/17/97</File>
    <Query type="disk">/tmp/test-disk-big/17/97</Query>
  </Pair>
  <Pair reval="1d">
    <File perm="0444">/17/98</File>
    <Query type="disk">/tmp/test-disk-big/17/98</Query>
  </Pair>
  <Pair reval="1d">
    <File perm="0444">/17/99</File>
    <Query type="disk">/tmp/test-disk-big/17/99</Query>
  </Pair>
  <Pair reval="1d">
    <Dir perm="0555">/18</Dir>
    <Query type="disk"></Query>
  </Pair>
  <Pair reval="1d">
    <File perm="0444">/18/1</File>
    <Query type="disk">/tmp/test-disk-big/18/1</Query>
  </Pair>
  <Pair reval="1d">
    <File perm="0444">/18/10</File>
    <Query type="disk">/tmp/test-disk-big/18/10</Query>
  </Pair>
  <Pair reval="1d">
    <File perm="0444">/18/100</File>
    <Query type="disk">/tmp/test-disk-big/18/100</Query>
  </Pair>
  <Pair reval="1d">
    <File perm="0444">/18/11</File>
    <Query type="disk">/tmp/test-disk-big/18/11</Query>
  </Pair>
  <Pair reval="1d">
    <File perm="0444">/18/12</File>
    <Query type="disk">/tmp/test-disk-big/18/12</Query>
  </Pair>
  <Pair reval="1d">
    <File perm="0444">/18/13</File>
    <Query type="disk">/tmp/test-disk-big/18/13</Query>
  </Pair>
  <Pair reval="1d">
    <File perm="0444">/18/14</File>
    <Query type="disk">/tmp/test-disk-big/18/14</Query>
  </Pair>
  <Pair reval="1d">
    <File perm="0444">/18/15</File>
    <Query type="disk">/tmp/test-disk-big/18/15</Query>
  </Pair>
  <Pair reval="1d">
    <File perm="0444">/18/16</File>
    <Query type="disk">/tmp/test-disk-big/18/16</Query>
  </Pair>
  <Pair reval="1d">
    <File perm="0444">/18/17</File>
    <Query type="disk">/tmp/test-disk-big/18/17</Query>
  </Pair>
  <Pair reval="1d">
    <File perm="0444">/18/18</File>
    <Query type="disk">/tmp/test-disk-big/18/18</Query>
  </Pair>
  <Pair reval="1d">
    <File perm="0444">/18/19</File>
    <Query type="disk">/tmp/test-disk-big/18/19</Query>
  </Pair>
  <Pair reval="1d">
    <File perm="0444">/18/2</File>
    <Query type="disk">/tmp/test-disk-big/18/2</Query>
  </Pair>
  <Pair reval="1d">
    <File perm="0444">/18/20</File>
    <Query type="disk">/tmp/test-disk-big/18/20</Query>
  </Pair>
  <Pair reval="1d">
    <File perm="0444">/18/21</File>
    <Query type="disk">/tmp/test-disk-big/18/21</Query>
  </Pair>
  <Pair reval="1d">
    <File perm="0444">/18/22</File>
    <Query type="disk">/tmp/test-disk-big/18/22</Query>
  </Pair>
  <Pair reval="1d">
    <File perm="0444">/18/23</File>
    <Query type="disk">/tmp/test-disk-big/18/23</Query>
  </Pair>
  <Pair reval="1d">
    <File perm="0444">/18/24</File>
    <Query type="disk">/tmp/test-disk-big/18/24</Query>
  </Pair>
  <Pair reval="1d">
    <File perm="0444">/18/25</File>
    <Query type="disk">/tmp/test-disk-big/18/25</Query>
  </Pair>
  <Pair reval="1d">
    <File perm="0444">/18/26</File>
    <Query type="disk">/tmp/test-disk-big/18/26</Query>
  </Pair>
  <Pair reval="1d">
    <File perm="0444">/18/27</File>
    <Query type="disk">/tmp/test-disk-big/18/27</Query>
  </Pair>
  <Pair reval="1d">
    <File perm="0444">/18/28</File>
    <Query type="disk">/tmp/test-disk-big/18/28</Query>
  </Pair>
  <Pair reval="1d">
    <File perm="0444">/18/29</File>
    <Query type="disk">/tmp/test-disk-big/18/29</Query>
  </Pair>
  <Pair reval="1d">
    <File perm="0444">/18/3</File>
    <Query type="disk">/tmp/test-disk-big/18/3</Query>
  </Pair>
  <Pair reval="1d">
    <File perm="0444">/18/30</File>
    <Query type="disk">/tmp/test-disk-big/18/30</Query>
  </Pair>
  <Pair reval="1d">
    <File perm="0444">/18/31</File>
    <Query type="disk">/tmp/test-disk-big/18/31</Query>
  </Pair>
  <Pair reval="1d">
    <File perm="0444">/18/32</File>
    <Query type="disk">/tmp/test-disk-big/18/32</Query>
  </Pair>
  <Pair reval="1d">
    <File perm="0444">/18/33</File>
    <Query type="disk">/tmp/test-disk-big/18/33</Query>
  </Pair>
  <Pair reval="1d">
    <File perm="0444">/18/34</File>
    <Query type="disk">/tmp/test-disk-big/18/34</Query>
  </Pair>
  <Pair reval="1d">
    <File perm="0444">/18/35</File>
    <Query type="disk">/tmp/test-disk-big/18/35</Query>
  </Pair>
  <Pair reval="1d">
    <File perm="0444">/18/36</File>
    <Query type="disk">/tmp/test-disk-big/18/36</Query>
  </Pair>
  <Pair reval="1d">
    <File perm="0444">/18/37</File>
    <Query type="disk">/tmp/test-disk-big/18/37</Query>
  </Pair>
  <Pair reval="1d">
    <File perm="0444">/18/38</File>
    <Query type="disk">/tmp/test-disk-big/18/38</Query>
  </Pair>
  <Pair reval="1d">
    <File perm="0444">/18/39</File>
    <Query type="disk">/tmp/test-disk-big/18/39</Query>
  </Pair>
  <Pair reval="1d">
    <File perm="0444">/18/4</File>
    <Query type="disk">/tmp/test-disk-big/18/4</Query>
  </Pair>
  <Pair reval="1d">
    <File perm="0444">/18/40</File>
    <Query type="disk">/tmp/test-disk-big/18/40</Query>
  </Pair>
  <Pair reval="1d">
    <File perm="0444">/18/41</File>
    <Query type="disk">/tmp/test-disk-big/18/41</Query>
  </Pair>
  <Pair reval="1d">
    <File perm="0444">/18/42</File>
    <Query type="disk">/tmp/test-disk-big/18/42</Query>
  </Pair>
  <Pair reval="1d">
    <File perm="0444">/18/43</File>
    <Query type="disk">/tmp/test-disk-big/18/43</Query>
  </Pair>
  <Pair reval="1d">
    <File perm="0444">/18/44</File>
    <Query type="disk">/tmp/test-disk-big/18/44</Query>
  </Pair>
  <Pair reval="1d">
    <File perm="0444">/18/45</File>
    <Query type="disk">/tmp/test-disk-big/18/45</Query>
  </Pair>
  <Pair reval="1d">
    <File perm="0444">/18/46</File>
    <Query type="disk">/tmp/test-disk-big/18/46</Query>
  </Pair>
  <Pair reval="1d">
    <File perm="0444">/18/47</File>
    <Query type="disk">/tmp/test-disk-big/18/47</Query>
  </Pair>
  <Pair reval="1d">
    <File perm="0444">/18/48</File>
    <Query type="disk">/tmp/test-disk-big/18/48</Query>
  </Pair>
  <Pair reval="1d">
    <File perm="0444">/18/49</File>
    <Query type="disk">/tmp/test-disk-big/18/49</Query>
  </Pair>
  <Pair reval="1d">
    <File perm="0444">/18/5</File>
    <Query type="disk">/tmp/test-disk-big/18/5</Query>
  </Pair>
  <Pair reval="1d">
    <File perm="0444">/18/50</File>
    <Query type="disk">/tmp/test-disk-big/18/50</Query>
  </Pair>
  <Pair reval="1d">
    <File perm="0444">/18/51</File>
    <Query type="disk">/tmp/test-disk-big/18/51</Query>
  </Pair>
  <Pair reval="1d">
    <File perm="0444">/18/52</File>
    <Query type="disk">/tmp/test-disk-big/18/52</Query>
  </Pair>
  <Pair reval="1d">
    <File perm="0444">/18/53</File>
    <Query type="disk">/tmp/test-disk-big/18/53</Query>
  </Pair>
  <Pair reval="1d">
    <File perm="0444">/18/54</File>
    <Query type="disk">/tmp/test-disk-big/18/54</Query>
  </Pair>
  <Pair reval="1d">
    <File perm="0444">/18/55</File>
    <Query type="disk">/tmp/test-disk-big/18/55</Query>
  </Pair>
  <Pair reval="1d">
    <File perm="0444">/18/56</File>
    <Query type="disk">/tmp/test-disk-big/18/56</Query>
  </Pair>
  <Pair reval="1d">
    <File perm="0444">/18/57</File>
    <Query type="disk">/tmp/test-disk-big/18/57</Query>
  </Pair>
  <Pair reval="1d">
    <File perm="0444">/18/58</File>
    <Query type="disk">/tmp/test-disk-big/18/58</Query>
  </Pair>
  <Pair reval="1d">
    <File perm="0444">/18/59</File>
    <Query type="disk">/tmp/test-disk-big/18/59</Query>
  </Pair>
  <Pair reval="1d">
    <File perm="0444">/18/6</File>
    <Query type="disk">/tmp/test-disk-big/18/6</Query>
  </Pair>
  <Pair reval="1d">
    <File perm="0444">/18/60</File>
    <Query type="disk">/tmp/test-disk-big/18/60</Query>
  </Pair>
  <Pair reval="1d">
    <File perm="0444">/18/61</File>
    <Query type="disk">/tmp/test-disk-big/18/61</Query>
  </Pair>
  <Pair reval="1d">
    <File perm="0444">/18/62</File>
    <Query type="disk">/tmp/test-disk-big/18/62</Query>
  </Pair>
  <Pair reval="1d">
    <File perm="0444">/18/63</File>
    <Query type="disk">/tmp/test-disk-big/18/63</Query>
  </Pair>
  <Pair reval="1d">
    <File perm="0444">/18/64</File>
    <Query type="disk">/tmp/test-disk-big/18/64</Query>
  </Pair>
  <Pair reval="1d">
    <File perm="0444">/18/65</File>
    <Query type="disk">/tmp/test-disk-big/18/65</Query>
  </Pair>
  <Pair reval="1d">
    <File perm="0444">/18/66</File>
    <Query type="disk">/tmp/test-disk-big/18/66</Query>
  </Pair>
  <Pair reval="1d">
    <File perm="0444">/18/67</File>
    <Query type="disk">/tmp/test-disk-big/18/67</Query>
  </Pair>
  <Pair reval="1d">
    <File perm="0444">/18/68</File>
    <Query type="disk">/tmp/test-disk-big/18/68</Query>
  </Pair>
  <Pair reval="1d">
    <File perm="0444">/18/69</File>
    <Query type="disk">/tmp/test-disk-big/18/69</Query>
  </Pair>
  <Pair reval="1d">
    <File perm="0444">/18/7</File>
    <Query type="disk">/tmp/test-disk-big/18/7</Query>
  </Pair>
  <Pair reval="1d">
    <File perm="0444">/18/70</File>
    <Query type="disk">/tmp/test-disk-big/18/70</Query>
  </Pair>
  <Pair reval="1d">
    <File perm="0444">/18/71</File>
    <Query type="disk">/tmp/test-disk-big/18/71</Query>
  </Pair>
  <Pair reval="1d">
    <File perm="0444">/18/72</File>
    <Query type="disk">/tmp/test-disk-big/18/72</Query>
  </Pair>
  <Pair reval="1d">
    <File perm="0444">/18/73</File>
    <Query type="disk">/tmp/test-disk-big/18/73</Query>
  </Pair>
  <Pair reval="1d">
    <File perm="0444">/18/74</File>
    <Query type="disk">/tmp/test-disk-big/18/74</Query>
  </Pair>
  <Pair reval="1d">
    <File perm="0444">/18/75</File>
    <Query type="disk">/tmp/test-disk-big/18/75</Query>
  </Pair>
  <Pair reval="1d">
    <File perm="0444">/18/76</File>
    <Query type="disk">/tmp/test-disk-big/18/76</Query>
  </Pair>
  <Pair reval="1d">
    <File perm="0444">/18/77</File>
    <Query type="disk">/tmp/test-disk-big/18/77</Query>
  </Pair>
  <Pair reval="1d">
    <File perm="0444">/18/78</File>
    <Query type="disk">/tmp/test-disk-big/18/78</Query>
  </Pair>
  <Pair reval="1d">
    <File perm="0444">/18/79</File>
    <Query type="disk">/tmp/test-disk-big/18/79</Query>
  </Pair>
  <Pair reval="1d">
    <File perm="0444">/18/8</File>
    <Query type="disk">/tmp/test-disk-big/18/8</Query>
  </Pair>
  <Pair reval="1d">
    <File perm="0444">/18/80</File>
    <Query type="disk">/tmp/test-disk-big/18/80</Query>
  </Pair>
  <Pair reval="1d">
    <File perm="0444">/18/81</File>
    <Query type="disk">/tmp/test-disk-big/18/81</Query>
  </Pair>
  <Pair reval="1d">
    <File perm="0444">/18/82</File>
    <Query type="disk">/tmp/test-disk-big/18/82</Query>
  </Pair>
  <Pair reval="1d">
    <File perm="0444">/18/83</File>
    <Query type="disk">/tmp/test-disk-big/18/83</Query>
  </Pair>
  <Pair reval="1d">
    <File perm="0444">/18/84</File>
    <Query type="disk">/tmp/test-disk-big/18/84</Query>
  </Pair>
  <Pair reval="1d">
    <File perm="0444">/18/85</File>
    <Query type="disk">/tmp/test-disk-big/18/85</Query>
  </Pair>
  <Pair reval="1d">
    <File perm="0444">/18/86</File>
    <Query type="disk">/tmp/test-disk-big/18/86</Query>
  </Pair>
  <Pair reval="1d">
    <File perm="0444">/18/87</File>
    <Query type="disk">/tmp/test-disk-big/18/87</Query>
  </Pair>
  <Pair reval="1d">
    <File perm="0444">/18/88</File>
    <Query type="disk">/tmp/test-disk-big/18/88</Query>
  </Pair>
  <Pair reval="1d">
    <File perm="0444">/18/89</File>
    <Query type="disk">/tmp/test-disk-big/18/89</Query>
  </Pair>
  <Pair reval="1d">
    <File perm="0444">/18/9</File>
    <Query type="disk">/tmp/test-disk-big/18/9</Query>
  </Pair>
  <Pair reval="1d">
    <File perm="0444">/18/90</File>
    <Query type="disk">/tmp/test-disk-big/18/90</Query>
  </Pair>
  <Pair reval="1d">
    <File perm="0444">/18/91</File>
    <Query type="disk">/tmp/test-disk-big/18/91</Query>
  </Pair>
  <Pair reval="1d">
    <File perm="0444">/18/92</File>
    <Query type="disk">/tmp/test-disk-big/18/92</Query>
  </Pair>
  <Pair reval="1d">
    <File perm="0444">/18/93</File>
    <Query type="disk">/tmp/test-disk-big/18/93</Query>
  </Pair>
  <Pair reval="1d">
    <File perm="0444">/18/94</File>
    <Query type="disk">/tmp/test-disk-big/18/94</Query>
  </Pair>
  <Pair reval="1d">
    <File perm="0444">/18/95</File>
    <Query type="disk">/tmp/test-disk-big/18/95</Query>
  </Pair>
  <Pair reval="1d">
    <File perm="0444">/18/96</File>
    <Query type="disk">/tmp/test-disk-big/18/96</Query>
  </Pair>
  <Pair reval="1d">
    <File perm="0444">/18/97</File>
    <Query type="disk">/tmp/test-disk-big/18/97</Query>
  </Pair>
  <Pair reval="1d">
    <File perm="0444">/18/98</File>
    <Query type="disk">/tmp/test-disk-big/18/98</Query>
  </Pair>
  <Pair reval="1d">
    <File perm="0444">/18/99</File>
    <Query type="disk">/tmp/test-disk-big/18/99</Query>
  </Pair>
  <Pair reval="1d">
    <Dir perm="0555">/19</Dir>
    <Query type="disk"></Query>
  </Pair>
  <Pair reval="1d">
    <File perm="0444">/19/1</File>
    <Query type="disk">/tmp/test-disk-big/19/1</Query>
  </Pair>
  <Pair reval="1d">
    <File perm="0444">/19/10</File>
    <Query type="disk">/tmp/test-disk-big/19/10</Query>
  </Pair>
  <Pair reval="1d">
    <File perm="0444">/19/100</File>
    <Query type="disk">/tmp/test-disk-big/19/100</Query>
  </Pair>
  <Pair reval="1d">
    <File perm="0444">/19/11</File>
    <Query type="disk">/tmp/test-disk-big/19/11</Query>
  </Pair>
  <Pair reval="1d">
    <File perm="0444">/19/12</File>
    <Query type="disk">/tmp/test-disk-big/19/12</Query>
  </Pair>
  <Pair reval="1d">
    <File perm="0444">/19/13</File>
    <Query type="disk">/tmp/test-disk-big/19/13</Query>
  </Pair>
  <Pair reval="1d">
    <File perm="0444">/19/14</File>
    <Query type="disk">/tmp/test-disk-big/19/14</Query>
  </Pair>
  <Pair reval="1d">
    <File perm="0444">/19/15</File>
    <Query type="disk">/tmp/test-disk-big/19/15</Query>
  </Pair>
  <Pair reval="1d">
    <File perm="0444">/19/16</File>
    <Query type="disk">/tmp/test-disk-big/19/16</Query>
  </Pair>
  <Pair reval="1d">
    <File perm="0444">/19/17</File>
    <Query type="disk">/tmp/test-disk-big/19/17</Query>
  </Pair>
  <Pair reval="1d">
    <File perm="0444">/19/18</File>
    <Query type="disk">/tmp/test-disk-big/19/18</Query>
  </Pair>
  <Pair reval="1d">
    <File perm="0444">/19/19</File>
    <Query type="disk">/tmp/test-disk-big/19/19</Query>
  </Pair>
  <Pair reval="1d">
    <File perm="0444">/19/2</File>
    <Query type="disk">/tmp/test-disk-big/19/2</Query>
  </Pair>
  <Pair reval="1d">
    <File perm="0444">/19/20</File>
    <Query type="disk">/tmp/test-disk-big/19/20</Query>
  </Pair>
  <Pair reval="1d">
    <File perm="0444">/19/21</File>
    <Query type="disk">/tmp/test-disk-big/19/21</Query>
  </Pair>
  <Pair reval="1d">
    <File perm="0444">/19/22</File>
    <Query type="disk">/tmp/test-disk-big/19/22</Query>
  </Pair>
  <Pair reval="1d">
    <File perm="0444">/19/23</File>
    <Query type="disk">/tmp/test-disk-big/19/23</Query>
  </Pair>
  <Pair reval="1d">
    <File perm="0444">/19/24</File>
    <Query type="disk">/tmp/test-disk-big/19/24</Query>
  </Pair>
  <Pair reval="1d">
    <File perm="0444">/19/25</File>
    <Query type="disk">/tmp/test-disk-big/19/25</Query>
  </Pair>
  <Pair reval="1d">
    <File perm="0444">/19/26</File>
    <Query type="disk">/tmp/test-disk-big/19/26</Query>
  </Pair>
  <Pair reval="1d">
    <File perm="0444">/19/27</File>
    <Query type="disk">/tmp/test-disk-big/19/27</Query>
  </Pair>
  <Pair reval="1d">
    <File perm="0444">/19/28</File>
    <Query type="disk">/tmp/test-disk-big/19/28</Query>
  </Pair>
  <Pair reval="1d">
    <File perm="0444">/19/29</File>
    <Query type="disk">/tmp/test-disk-big/19/29</Query>
  </Pair>
  <Pair reval="1d">
    <File perm="0444">/19/3</File>
    <Query type="disk">/tmp/test-disk-big/19/3</Query>
  </Pair>
  <Pair reval="1d">
    <File perm="0444">/19/30</File>
    <Query type="disk">/tmp/test-disk-big/19/30</Query>
  </Pair>
  <Pair reval="1d">
    <File perm="0444">/19/31</File>
    <Query type="disk">/tmp/test-disk-big/19/31</Query>
  </Pair>
  <Pair reval="1d">
    <File perm="0444">/19/32</File>
    <Query type="disk">/tmp/test-disk-big/19/32</Query>
  </Pair>
  <Pair reval="1d">
    <File perm="0444">/19/33</File>
    <Query type="disk">/tmp/test-disk-big/19/33</Query>
  </Pair>
  <Pair reval="1d">
    <File perm="0444">/19/34</File>
    <Query type="disk">/tmp/test-disk-big/19/34</Query>
  </Pair>
  <Pair reval="1d">
    <File perm="0444">/19/35</File>
    <Query type="disk">/tmp/test-disk-big/19/35</Query>
  </Pair>
  <Pair reval="1d">
    <File perm="0444">/19/36</File>
    <Query type="disk">/tmp/test-disk-big/19/36</Query>
  </Pair>
  <Pair reval="1d">
    <File perm="0444">/19/37</File>
    <Query type="disk">/tmp/test-disk-big/19/37</Query>
  </Pair>
  <Pair reval="1d">
    <File perm="0444">/19/38</File>
    <Query type="disk">/tmp/test-disk-big/19/38</Query>
  </Pair>
  <Pair reval="1d">
    <File perm="0444">/19/39</File>
    <Query type="disk">/tmp/test-disk-big/19/39</Query>
  </Pair>
  <Pair reval="1d">
    <File perm="0444">/19/4</File>
    <Query type="disk">/tmp/test-disk-big/19/4</Query>
  </Pair>
  <Pair reval="1d">
    <File perm="0444">/19/40</File>
    <Query type="disk">/tmp/test-disk-big/19/40</Query>
  </Pair>
  <Pair reval="1d">
    <File perm="0444">/19/41</File>
    <Query type="disk">/tmp/test-disk-big/19/41</Query>
  </Pair>
  <Pair reval="1d">
    <File perm="0444">/19/42</File>
    <Query type="disk">/tmp/test-disk-big/19/42</Query>
  </Pair>
  <Pair reval="1d">
    <File perm="0444">/19/43</File>
    <Query type="disk">/tmp/test-disk-big/19/43</Query>
  </Pair>
  <Pair reval="1d">
    <File perm="0444">/19/44</File>
    <Query type="disk">/tmp/test-disk-big/19/44</Query>
  </Pair>
  <Pair reval="1d">
    <File perm="0444">/19/45</File>
    <Query type="disk">/tmp/test-disk-big/19/45</Query>
  </Pair>
  <Pair reval="1d">
    <File perm="0444">/19/46</File>
    <Query type="disk">/tmp/test-disk-big/19/46</Query>
  </Pair>
  <Pair reval="1d">
    <File perm="0444">/19/47</File>
    <Query type="disk">/tmp/test-disk-big/19/47</Query>
  </Pair>
  <Pair reval="1d">
    <File perm="0444">/19/48</File>
    <Query type="disk">/tmp/test-disk-big/19/48</Query>
  </Pair>
  <Pair reval="1d">
    <File perm="0444">/19/49</File>
    <Query type="disk">/tmp/test-disk-big/19/49</Query>
  </Pair>
  <Pair reval="1d">
    <File perm="0444">/19/5</File>
    <Query type="disk">/tmp/test-disk-big/19/5</Query>
  </Pair>
  <Pair reval="1d">
    <File perm="0444">/19/50</File>
    <Query type="disk">/tmp/test-disk-big/19/50</Query>
  </Pair>
  <Pair reval="1d">
    <File perm="0444">/19/51</File>
    <Query type="disk">/tmp/test-disk-big/19/51</Query>
  </Pair>
  <Pair reval="1d">
    <File perm="0444">/19/52</File>
    <Query type="disk">/tmp/test-disk-big/19/52</Query>
  </Pair>
  <Pair reval="1d">
    <File perm="0444">/19/53</File>
    <Query type="disk">/tmp/test-disk-big/19/53</Query>
  </Pair>
  <Pair reval="1d">
    <File perm="0444">/19/54</File>
    <Query type="disk">/tmp/test-disk-big/19/54</Query>
  </Pair>
  <Pair reval="1d">
    <File perm="0444">/19/55</File>
    <Query type="disk">/tmp/test-disk-big/19/55</Query>
  </Pair>
  <Pair reval="1d">
    <File perm="0444">/19/56</File>
    <Query type="disk">/tmp/test-disk-big/19/56</Query>
  </Pair>
  <Pair reval="1d">
    <File perm="0444">/19/57</File>
    <Query type="disk">/tmp/test-disk-big/19/57</Query>
  </Pair>
  <Pair reval="1d">
    <File perm="0444">/19/58</File>
    <Query type="disk">/tmp/test-disk-big/19/58</Query>
  </Pair>
  <Pair reval="1d">
    <File perm="0444">/19/59</File>
    <Query type="disk">/tmp/test-disk-big/19/59</Query>
  </Pair>
  <Pair reval="1d">
    <File perm="0444">/19/6</File>
    <Query type="disk">/tmp/test-disk-big/19/6</Query>
  </Pair>
  <Pair reval="1d">
    <File perm="0444">/19/60</File>
    <Query type="disk">/tmp/test-disk-big/19/60</Query>
  </Pair>
  <Pair reval="1d">
    <File perm="0444">/19/61</File>
    <Query type="disk">/tmp/test-disk-big/19/61</Query>
  </Pair>
  <Pair reval="1d">
    <File perm="0444">/19/62</File>
    <Query type="disk">/tmp/test-disk-big/19/62</Query>
  </Pair>
  <Pair reval="1d">
    <File perm="0444">/19/63</File>
    <Query type="disk">/tmp/test-disk-big/19/63</Query>
  </Pair>
  <Pair reval="1d">
    <File perm="0444">/19/64</File>
    <Query type="disk">/tmp/test-disk-big/19/64</Query>
  </Pair>
  <Pair reval="1d">
    <File perm="0444">/19/65</File>
    <Query type="disk">/tmp/test-disk-big/19/65</Query>
  </Pair>
  <Pair reval="1d">
    <File perm="0444">/19/66</File>
    <Query type="disk">/tmp/test-disk-big/19/66</Query>
  </Pair>
  <Pair reval="1d">
    <File perm="0444">/19/67</File>
    <Query type="disk">/tmp/test-disk-big/19/67</Query>
  </Pair>
  <Pair reval="1d">
    <File perm="0444">/19/68</File>
    <Query type="disk">/tmp/test-disk-big/19/68</Query>
  </Pair>
  <Pair reval="1d">
    <File perm="0444">/19/69</File>
    <Query type="disk">/tmp/test-disk-big/19/69</Query>
  </Pair>
  <Pair reval="1d">
    <File perm="0444">/19/7</File>
    <Query type="disk">/tmp/test-disk-big/19/7</Query>
  </Pair>
  <Pair reval="1d">
    <File perm="0444">/19/70</File>
    <Query type="disk">/tmp/test-disk-big/19/70</Query>
  </Pair>
  <Pair reval="1d">
    <File perm="0444">/19/71</File>
    <Query type="disk">/tmp/test-disk-big/19/71</Query>
  </Pair>
  <Pair reval="1d">
    <File perm="0444">/19/72</File>
    <Query type="disk">/tmp/test-disk-big/19/72</Query>
  </Pair>
  <Pair reval="1d">
    <File perm="0444">/19/73</File>
    <Query type="disk">/tmp/test-disk-big/19/73</Query>
  </Pair>
  <Pair reval="1d">
    <File perm="0444">/19/74</File>
    <Query type="disk">/tmp/test-disk-big/19/74</Query>
  </Pair>
  <Pair reval="1d">
    <File perm="0444">/19/75</File>
    <Query type="disk">/tmp/test-disk-big/19/75</Query>
  </Pair>
  <Pair reval="1d">
    <File perm="0444">/19/76</File>
    <Query type="disk">/tmp/test-disk-big/19/76</Query>
  </Pair>
  <Pair reval="1d">
    <File perm="0444">/19/77</File>
    <Query type="disk">/tmp/test-disk-big/19/77</Query>
  </Pair>
  <Pair reval="1d">
    <File perm="0444">/19/78</File>
    <Query type="disk">/tmp/test-disk-big/19/78</Query>
  </Pair>
  <Pair reval="1d">
    <File perm="0444">/19/79</File>
    <Query type="disk">/tmp/test-disk-big/19/79</Query>
  </Pair>
  <Pair reval="1d">
    <File perm="0444">/19/8</File>
    <Query type="disk">/tmp/test-disk-big/19/8</Query>
  </Pair>
  <Pair reval="1d">
    <File perm="0444">/19/80</File>
    <Query type="disk">/tmp/test-disk-big/19/80</Query>
  </Pair>
  <Pair reval="1d">
    <File perm="0444">/19/81</File>
    <Query type="disk">/tmp/test-disk-big/19/81</Query>
  </Pair>
  <Pair reval="1d">
    <File perm="0444">/19/82</File>
    <Query type="disk">/tmp/test-disk-big/19/82</Query>
  </Pair>
  <Pair reval="1d">
    <File perm="0444">/19/83</File>
    <Query type="disk">/tmp/test-disk-big/19/83</Query>
  </Pair>
  <Pair reval="1d">
    <File perm="0444">/19/84</File>
    <Query type="disk">/tmp/test-disk-big/19/84</Query>
  </Pair>
  <Pair reval="1d">
    <File perm="0444">/19/85</File>
    <Query type="disk">/tmp/test-disk-big/19/85</Query>
  </Pair>
  <Pair reval="1d">
    <File perm="0444">/19/86</File>
    <Query type="disk">/tmp/test-disk-big/19/86</Query>
  </Pair>
  <Pair reval="1d">
    <File perm="0444">/19/87</File>
    <Query type="disk">/tmp/test-disk-big/19/87</Query>
  </Pair>
  <Pair reval="1d">
    <File perm="0444">/19/88</File>
    <Query type="disk">/tmp/test-disk-big/19/88</Query>
  </Pair>
  <Pair reval="1d">
    <File perm="0444">/19/89</File>
    <Query type="disk">/tmp/test-disk-big/19/89</Query>
  </Pair>
  <Pair reval="1d">
    <File perm="0444">/19/9</File>
    <Query type="disk">/tmp/test-disk-big/19/9</Query>
  </Pair>
  <Pair reval="1d">
    <File perm="0444">/19/90</File>
    <Query type="disk">/tmp/test-disk-big/19/90</Query>
  </Pair>
  <Pair reval="1d">
    <File perm="0444">/19/91</File>
    <Query type="disk">/tmp/test-disk-big/19/91</Query>
  </Pair>
  <Pair reval="1d">
    <File perm="0444">/19/92</File>
    <Query type="disk">/tmp/test-disk-big/19/92</Query>
  </Pair>
  <Pair reval="1d">
    <File perm="0444">/19/93</File>
    <Query type="disk">/tmp/test-disk-big/19/93</Query>
  </Pair>
  <Pair reval="1d">
    <File perm="0444">/19/94</File>
    <Query type="disk">/tmp/test-disk-big/19/94</Query>
  </Pair>
  <Pair reval="1d">
    <File perm="0444">/19/95</File>
    <Query type="disk">/tmp/test-disk-big/19/95</Query>
  </Pair>
  <Pair reval="1d">
    <File perm="0444">/19/96</File>
    <Query type="disk">/tmp/test-disk-big/19/96</Query>
  </Pair>
  <Pair reval="1d">
    <File perm="0444">/19/97</File>
    <Query type="disk">/tmp/test-disk-big/19/97</Query>
  </Pair>
  <Pair reval="1d">
    <File perm="0444">/19/98</File>
    <Query type="disk">/tmp/test-disk-big/19/98</Query>
  </Pair>
  <Pair reval="1d">
    <File perm="0444">/19/99</File>
    <Query type="disk">/tmp/test-disk-big/19/99</Query>
  </Pair>
  <Pair reval="1d">
    <Dir perm="0555">/2</Dir>
    <Query type="disk"></Query>
  </Pair>
  <Pair reval="1d">
    <File perm="0444">/2/1</File>
    <Query type="disk">/tmp/test-disk-big/2/1</Query>
  </Pair>
  <Pair reval="1d">
    <File perm="0444">/2/10</File>
    <Query type="disk">/tmp/test-disk-big/2/10</Query>
  </Pair>
  <Pair reval="1d">
    <File perm="0444">/2/100</File>
    <Query type="disk">/tmp/test-disk-big/2/100</Query>
  </Pair>
  <Pair reval="1d">
    <File perm="0444">/2/11</File>
    <Query type="disk">/tmp/test-disk-big/2/11</Query>
  </Pair>
  <Pair reval="1d">
    <File perm="0444">/2/12</File>
    <Query type="disk">/tmp/test-disk-big/2/12</Query>
  </Pair>
  <Pair reval="1d">
    <File perm="0444">/2/13</File>
    <Query type="disk">/tmp/test-disk-big/2/13</Query>
  </Pair>
  <Pair reval="1d">
    <File perm="0444">/2/14</File>
    <Query type="disk">/tmp/test-disk-big/2/14</Query>
  </Pair>
  <Pair reval="1d">
    <File perm="0444">/2/15</File>
    <Query type="disk">/tmp/test-disk-big/2/15</Query>
  </Pair>
  <Pair reval="1d">
    <File perm="0444">/2/16</File>
    <Query type="disk">/tmp/test-disk-big/2/16</Query>
  </Pair>
  <Pair reval="1d">
    <File perm="0444">/2/17</File>
    <Query type="disk">/tmp/test-disk-big/2/17</Query>
  </Pair>
  <Pair reval="1d">
    <File perm="0444">/2/18</File>
    <Query type="disk">/tmp/test-disk-big/2/18</Query>
  </Pair>
  <Pair reval="1d">
    <File perm="0444">/2/19</File>
    <Query type="disk">/tmp/test-disk-big/2/19</Query>
  </Pair>
  <Pair reval="1d">
    <File perm="0444">/2/2</File>
    <Query type="disk">/tmp/test-disk-big/2/2</Query>
  </Pair>
  <Pair reval="1d">
    <File perm="0444">/2/20</File>
    <Query type="disk">/tmp/test-disk-big/2/20</Query>
  </Pair>
  <Pair reval="1d">
    <File perm="0444">/2/21</File>
    <Query type="disk">/tmp/test-disk-big/2/21</Query>
  </Pair>
  <Pair reval="1d">
    <File perm="0444">/2/22</File>
    <Query type="disk">/tmp/test-disk-big/2/22</Query>
  </Pair>
  <Pair reval="1d">
    <File perm="0444">/2/23</File>
    <Query type="disk">/tmp/test-disk-big/2/23</Query>
  </Pair>
  <Pair reval="1d">
    <File perm="0444">/2/24</File>
    <Query type="disk">/tmp/test-disk-big/2/24</Query>
  </Pair>
  <Pair reval="1d">
    <File perm="0444">/2/25</File>
    <Query type="disk">/tmp/test-disk-big/2/25</Query>
  </Pair>
  <Pair reval="1d">
    <File perm="0444">/2/26</File>
    <Query type="disk">/tmp/test-disk-big/2/26</Query>
  </Pair>
  <Pair reval="1d">
    <File perm="0444">/2/27</File>
    <Query type="disk">/tmp/test-disk-big/2/27</Query>
  </Pair>
  <Pair reval="1d">
    <File perm="0444">/2/28</File>
    <Query type="disk">/tmp/test-disk-big/2/28</Query>
  </Pair>
  <Pair reval="1d">
    <File perm="0444">/2/29</File>
    <Query type="disk">/tmp/test-disk-big/2/29</Query>
  </Pair>
  <Pair reval="1d">
    <File perm="0444">/2/3</File>
    <Query type="disk">/tmp/test-disk-big/2/3</Query>
  </Pair>
  <Pair reval="1d">
    <File perm="0444">/2/30</File>
    <Query type="disk">/tmp/test-disk-big/2/30</Query>
  </Pair>
  <Pair reval="1d">
    <File perm="0444">/2/31</File>
    <Query type="disk">/tmp/test-disk-big/2/31</Query>
  </Pair>
  <Pair reval="1d">
    <File perm="0444">/2/32</File>
    <Query type="disk">/tmp/test-disk-big/2/32</Query>
  </Pair>
  <Pair reval="1d">
    <File perm="0444">/2/33</File>
    <Query type="disk">/tmp/test-disk-big/2/33</Query>
  </Pair>
  <Pair reval="1d">
    <File perm="0444">/2/34</File>
    <Query type="disk">/tmp/test-disk-big/2/34</Query>
  </Pair>
  <Pair reval="1d">
    <File perm="0444">/2/35</File>
    <Query type="disk">/tmp/test-disk-big/2/35</Query>
  </Pair>
  <Pair reval="1d">
    <File perm="0444">/2/36</File>
    <Query type="disk">/tmp/test-disk-big/2/36</Query>
  </Pair>
  <Pair reval="1d">
    <File perm="0444">/2/37</File>
    <Query type="disk">/tmp/test-disk-big/2/37</Query>
  </Pair>
  <Pair reval="1d">
    <File perm="0444">/2/38</File>
    <Query type="disk">/tmp/test-disk-big/2/38</Query>
  </Pair>
  <Pair reval="1d">
    <File perm="0444">/2/39</File>
    <Query type="disk">/tmp/test-disk-big/2/39</Query>
  </Pair>
  <Pair reval="1d">
    <File perm="0444">/2/4</File>
    <Query type="disk">/tmp/test-disk-big/2/4</Query>
  </Pair>
  <Pair reval="1d">
    <File perm="0444">/2/40</File>
    <Query type="disk">/tmp/test-disk-big/2/40</Query>
  </Pair>
  <Pair reval="1d">
    <File perm="0444">/2/41</File>
    <Query type="disk">/tmp/test-disk-big/2/41</Query>
  </Pair>
  <Pair reval="1d">
    <File perm="0444">/2/42</File>
    <Query type="disk">/tmp/test-disk-big/2/42</Query>
  </Pair>
  <Pair reval="1d">
    <File perm="0444">/2/43</File>
    <Query type="disk">/tmp/test-disk-big/2/43</Query>
  </Pair>
  <Pair reval="1d">
    <File perm="0444">/2/44</File>
    <Query type="disk">/tmp/test-disk-big/2/44</Query>
  </Pair>
  <Pair reval="1d">
    <File perm="0444">/2/45</File>
    <Query type="disk">/tmp/test-disk-big/2/45</Query>
  </Pair>
  <Pair reval="1d">
    <File perm="0444">/2/46</File>
    <Query type="disk">/tmp/test-disk-big/2/46</Query>
  </Pair>
  <Pair reval="1d">
    <File perm="0444">/2/47</File>
    <Query type="disk">/tmp/test-disk-big/2/47</Query>
  </Pair>
  <Pair reval="1d">
    <File perm="0444">/2/48</File>
    <Query type="disk">/tmp/test-disk-big/2/48</Query>
  </Pair>
  <Pair reval="1d">
    <File perm="0444">/2/49</File>
    <Query type="disk">/tmp/test-disk-big/2/49</Query>
  </Pair>
  <Pair reval="1d">
    <File perm="0444">/2/5</File>
    <Query type="disk">/tmp/test-disk-big/2/5</Query>
  </Pair>
  <Pair reval="1d">
    <File perm="0444">/2/50</File>
    <Query type="disk">/tmp/test-disk-big/2/50</Query>
  </Pair>
  <Pair reval="1d">
    <File perm="0444">/2/51</File>
    <Query type="disk">/tmp/test-disk-big/2/51</Query>
  </Pair>
  <Pair reval="1d">
    <File perm="0444">/2/52</File>
    <Query type="disk">/tmp/test-disk-big/2/52</Query>
  </Pair>
  <Pair reval="1d">
    <File perm="0444">/2/53</File>
    <Query type="disk">/tmp/test-disk-big/2/53</Query>
  </Pair>
  <Pair reval="1d">
    <File perm="0444">/2/54</File>
    <Query type="disk">/tmp/test-disk-big/2/54</Query>
  </Pair>
  <Pair reval="1d">
    <File perm="0444">/2/55</File>
    <Query type="disk">/tmp/test-disk-big/2/55</Query>
  </Pair>
  <Pair reval="1d">
    <File perm="0444">/2/56</File>
    <Query type="disk">/tmp/test-disk-big/2/56</Query>
  </Pair>
  <Pair reval="1d">
    <File perm="0444">/2/57</File>
    <Query type="disk">/tmp/test-disk-big/2/57</Query>
  </Pair>
  <Pair reval="1d">
    <File perm="0444">/2/58</File>
    <Query type="disk">/tmp/test-disk-big/2/58</Query>
  </Pair>
  <Pair reval="1d">
    <File perm="0444">/2/59</File>
    <Query type="disk">/tmp/test-disk-big/2/59</Query>
  </Pair>
  <Pair reval="1d">
    <File perm="0444">/2/6</File>
    <Query type="disk">/tmp/test-disk-big/2/6</Query>
  </Pair>
  <Pair reval="1d">
    <File perm="0444">/2/60</File>
    <Query type="disk">/tmp/test-disk-big/2/60</Query>
  </Pair>
  <Pair reval="1d">
    <File perm="0444">/2/61</File>
    <Query type="disk">/tmp/test-disk-big/2/61</Query>
  </Pair>
  <Pair reval="1d">
    <File perm="0444">/2/62</File>
    <Query type="disk">/tmp/test-disk-big/2/62</Query>
  </Pair>
  <Pair reval="1d">
    <File perm="0444">/2/63</File>
    <Query type="disk">/tmp/test-disk-big/2/63</Query>
  </Pair>
  <Pair reval="1d">
    <File perm="0444">/2/64</File>
    <Query type="disk">/tmp/test-disk-big/2/64</Query>
  </Pair>
  <Pair reval="1d">
    <File perm="0444">/2/65</File>
    <Query type="disk">/tmp/test-disk-big/2/65</Query>
  </Pair>
  <Pair reval="1d">
    <File perm="0444">/2/66</File>
    <Query type="disk">/tmp/test-disk-big/2/66</Query>
  </Pair>
  <Pair reval="1d">
    <File perm="0444">/2/67</File>
    <Query type="disk">/tmp/test-disk-big/2/67</Query>
  </Pair>
  <Pair reval="1d">
    <File perm="0444">/2/68</File>
    <Query type="disk">/tmp/test-disk-big/2/68</Query>
  </Pair>
  <Pair reval="1d">
    <File perm="0444">/2/69</File>
    <Query type="disk">/tmp/test-disk-big/2/69</Query>
  </Pair>
  <Pair reval="1d">
    <File perm="0444">/2/7</File>
    <Query type="disk">/tmp/test-disk-big/2/7</Query>
  </Pair>
  <Pair reval="1d">
    <File perm="0444">/2/70</File>
    <Query type="disk">/tmp/test-disk-big/2/70</Query>
  </Pair>
  <Pair reval="1d">
    <File perm="0444">/2/71</File>
    <Query type="disk">/tmp/test-disk-big/2/71</Query>
  </Pair>
  <Pair reval="1d">
    <File perm="0444">/2/72</File>
    <Query type="disk">/tmp/test-disk-big/2/72</Query>
  </Pair>
  <Pair reval="1d">
    <File perm="0444">/2/73</File>
    <Query type="disk">/tmp/test-disk-big/2/73</Query>
  </Pair>
  <Pair reval="1d">
    <File perm="0444">/2/74</File>
    <Query type="disk">/tmp/test-disk-big/2/74</Query>
  </Pair>
  <Pair reval="1d">
    <File perm="0444">/2/75</File>
    <Query type="disk">/tmp/test-disk-big/2/75</Query>
  </Pair>
  <Pair reval="1d">
    <File perm="0444">/2/76</File>
    <Query type="disk">/tmp/test-disk-big/2/76</Query>
  </Pair>
  <Pair reval="1d">
    <File perm="0444">/2/77</File>
    <Query type="disk">/tmp/test-disk-big/2/77</Query>
  </Pair>
  <Pair reval="1d">
    <File perm="0444">/2/78</File>
    <Query type="disk">/tmp/test-disk-big/2/78</Query>
  </Pair>
  <Pair reval="1d">
    <File perm="0444">/2/79</File>
    <Query type="disk">/tmp/test-disk-big/2/79</Query>
  </Pair>
  <Pair reval="1d">
    <File perm="0444">/2/8</File>
    <Query type="disk">/tmp/test-disk-big/2/8</Query>
  </Pair>
  <Pair reval="1d">
    <File perm="0444">/2/80</File>
    <Query type="disk">/tmp/test-disk-big/2/80</Query>
  </Pair>
  <Pair reval="1d">
    <File perm="0444">/2/81</File>
    <Query type="disk">/tmp/test-disk-big/2/81</Query>
  </Pair>
  <Pair reval="1d">
    <File perm="0444">/2/82</File>
    <Query type="disk">/tmp/test-disk-big/2/82</Query>
  </Pair>
  <Pair reval="1d">
    <File perm="0444">/2/83</File>
    <Query type="disk">/tmp/test-disk-big/2/83</Query>
  </Pair>
  <Pair reval="1d">
    <File perm="0444">/2/84</File>
    <Query type="disk">/tmp/test-disk-big/2/84</Query>
  </Pair>
  <Pair reval="1d">
    <File perm="0444">/2/85</File>
    <Query type="disk">/tmp/test-disk-big/2/85</Query>
  </Pair>
  <Pair reval="1d">
    <File perm="0444">/2/86</File>
    <Query type="disk">/tmp/test-disk-big/2/86</Query>
  </Pair>
  <Pair reval="1d">
    <File perm="0444">/2/87</File>
    <Query type="disk">/tmp/test-disk-big/2/87</Query>
  </Pair>
  <Pair reval="1d">
    <File perm="0444">/2/88</File>
    <Query type="disk">/tmp/test-disk-big/2/88</Query>
  </Pair>
  <Pair reval="1d">
    <File perm="0444">/2/89</File>
    <Query type="disk">/tmp/test-disk-big/2/89</Query>
  </Pair>
  <Pair reval="1d">
    <File perm="0444">/2/9</File>
    <Query type="disk">/tmp/test-disk-big/2/9</Query>
  </Pair>
  <Pair reval="1d">
    <File perm="0444">/2/90</File>
    <Query type="disk">/tmp/test-disk-big/2/90</Query>
  </Pair>
  <Pair reval="1d">
    <File perm="0444">/2/91</File>
    <Query type="disk">/tmp/test-disk-big/2/91</Query>
  </Pair>
  <Pair reval="1d">
    <File perm="0444">/2/92</File>
    <Query type="disk">/tmp/test-disk-big/2/92</Query>
  </Pair>
  <Pair reval="1d">
    <File perm="0444">/2/93</File>
    <Query type="disk">/tmp/test-disk-big/2/93</Query>
  </Pair>
  <Pair reval="1d">
    <File perm="0444">/2/94</File>
    <Query type="disk">/tmp/test-disk-big/2/94</Query>
  </Pair>
  <Pair reval="1d">
    <File perm="0444">/2/95</File>
    <Query type="disk">/tmp/test-disk-big/2/95</Query>
  </Pair>
  <Pair reval="1d">
    <File perm="0444">/2/96</File>
    <Query type="disk">/tmp/test-disk-big/2/96</Query>
  </Pair>
  <Pair reval="1d">
    <File perm="0444">/2/97</File>
    <Query type="disk">/tmp/test-disk-big/2/97</Query>
  </Pair>
  <Pair reval="1d">
    <File perm="0444">/2/98</File>
    <Query type="disk">/tmp/test-disk-big/2/98</Query>
  </Pair>
  <Pair reval="1d">
    <File perm="0444">/2/99</File>
    <Query type="disk">/tmp/test-disk-big/2/99</Query>
  </Pair>
  <Pair reval="1d">
    <Dir perm="0555">/20</Dir>
    <Query type="disk"></Query>
  </Pair>
  <Pair reval="1d">
    <File perm="0444">/20/1</File>
    <Query type="disk">/tmp/test-disk-big/20/1</Query>
  </Pair>
  <Pair reval="1d">
    <File perm="0444">/20/10</File>
    <Query type="disk">/tmp/test-disk-big/20/10</Query>
  </Pair>
  <Pair reval="1d">
    <File perm="0444">/20/100</File>
    <Query type="disk">/tmp/test-disk-big/20/100</Query>
  </Pair>
  <Pair reval="1d">
    <File perm="0444">/20/11</File>
    <Query type="disk">/tmp/test-disk-big/20/11</Query>
  </Pair>
  <Pair reval="1d">
    <File perm="0444">/20/12</File>
    <Query type="disk">/tmp/test-disk-big/20/12</Query>
  </Pair>
  <Pair reval="1d">
    <File perm="0444">/20/13</File>
    <Query type="disk">/tmp/test-disk-big/20/13</Query>
  </Pair>
  <Pair reval="1d">
    <File perm="0444">/20/14</File>
    <Query type="disk">/tmp/test-disk-big/20/14</Query>
  </Pair>
  <Pair reval="1d">
    <File perm="0444">/20/15</File>
    <Query type="disk">/tmp/test-disk-big/20/15</Query>
  </Pair>
  <Pair reval="1d">
    <File perm="0444">/20/16</File>
    <Query type="disk">/tmp/test-disk-big/20/16</Query>
  </Pair>
  <Pair reval="1d">
    <File perm="0444">/20/17</File>
    <Query type="disk">/tmp/test-disk-big/20/17</Query>
  </Pair>
  <Pair reval="1d">
    <File perm="0444">/20/18</File>
    <Query type="disk">/tmp/test-disk-big/20/18</Query>
  </Pair>
  <Pair reval="1d">
    <File perm="0444">/20/19</File>
    <Query type="disk">/tmp/test-disk-big/20/19</Query>
  </Pair>
  <Pair reval="1d">
    <File perm="0444">/20/2</File>
    <Query type="disk">/tmp/test-disk-big/20/2</Query>
  </Pair>
  <Pair reval="1d">
    <File perm="0444">/20/20</File>
    <Query type="disk">/tmp/test-disk-big/20/20</Query>
  </Pair>
  <Pair reval="1d">
    <File perm="0444">/20/21</File>
    <Query type="disk">/tmp/test-disk-big/20/21</Query>
  </Pair>
  <Pair reval="1d">
    <File perm="0444">/20/22</File>
    <Query type="disk">/tmp/test-disk-big/20/22</Query>
  </Pair>
  <Pair reval="1d">
    <File perm="0444">/20/23</File>
    <Query type="disk">/tmp/test-disk-big/20/23</Query>
  </Pair>
  <Pair reval="1d">
    <File perm="0444">/20/24</File>
    <Query type="disk">/tmp/test-disk-big/20/24</Query>
  </Pair>
  <Pair reval="1d">
    <File perm="0444">/20/25</File>
    <Query type="disk">/tmp/test-disk-big/20/25</Query>
  </Pair>
  <Pair reval="1d">
    <File perm="0444">/20/26</File>
    <Query type="disk">/tmp/test-disk-big/20/26</Query>
  </Pair>
  <Pair reval="1d">
    <File perm="0444">/20/27</File>
    <Query type="disk">/tmp/test-disk-big/20/27</Query>
  </Pair>
  <Pair reval="1d">
    <File perm="0444">/20/28</File>
    <Query type="disk">/tmp/test-disk-big/20/28</Query>
  </Pair>
  <Pair reval="1d">
    <File perm="0444">/20/29</File>
    <Query type="disk">/tmp/test-disk-big/20/29</Query>
  </Pair>
  <Pair reval="1d">
    <File perm="0444">/20/3</File>
    <Query type="disk">/tmp/test-disk-big/20/3</Query>
  </Pair>
  <Pair reval="1d">
    <File perm="0444">/20/30</File>
    <Query type="disk">/tmp/test-disk-big/20/30</Query>
  </Pair>
  <Pair reval="1d">
    <File perm="0444">/20/31</File>
    <Query type="disk">/tmp/test-disk-big/20/31</Query>
  </Pair>
  <Pair reval="1d">
    <File perm="0444">/20/32</File>
    <Query type="disk">/tmp/test-disk-big/20/32</Query>
  </Pair>
  <Pair reval="1d">
    <File perm="0444">/20/33</File>
    <Query type="disk">/tmp/test-disk-big/20/33</Query>
  </Pair>
  <Pair reval="1d">
    <File perm="0444">/20/34</File>
    <Query type="disk">/tmp/test-disk-big/20/34</Query>
  </Pair>
  <Pair reval="1d">
    <File perm="0444">/20/35</File>
    <Query type="disk">/tmp/test-disk-big/20/35</Query>
  </Pair>
  <Pair reval="1d">
    <File perm="0444">/20/36</File>
    <Query type="disk">/tmp/test-disk-big/20/36</Query>
  </Pair>
  <Pair reval="1d">
    <File perm="0444">/20/37</File>
    <Query type="disk">/tmp/test-disk-big/20/37</Query>
  </Pair>
  <Pair reval="1d">
    <File perm="0444">/20/38</File>
    <Query type="disk">/tmp/test-disk-big/20/38</Query>
  </Pair>
  <Pair reval="1d">
    <File perm="0444">/20/39</File>
    <Query type="disk">/tmp/test-disk-big/20/39</Query>
  </Pair>
  <Pair reval="1d">
    <File perm="0444">/20/4</File>
    <Query type="disk">/tmp/test-disk-big/20/4</Query>
  </Pair>
  <Pair reval="1d">
    <File perm="0444">/20/40</File>
    <Query type="disk">/tmp/test-disk-big/20/40</Query>
  </Pair>
  <Pair reval="1d">
    <File perm="0444">/20/41</File>
    <Query type="disk">/tmp/test-disk-big/20/41</Query>
  </Pair>
  <Pair reval="1d">
    <File perm="0444">/20/42</File>
    <Query type="disk">/tmp/test-disk-big/20/42</Query>
  </Pair>
  <Pair reval="1d">
    <File perm="0444">/20/43</File>
    <Query type="disk">/tmp/test-disk-big/20/43</Query>
  </Pair>
  <Pair reval="1d">
    <File perm="0444">/20/44</File>
    <Query type="disk">/tmp/test-disk-big/20/44</Query>
  </Pair>
  <Pair reval="1d">
    <File perm="0444">/20/45</File>
    <Query type="disk">/tmp/test-disk-big/20/45</Query>
  </Pair>
  <Pair reval="1d">
    <File perm="0444">/20/46</File>
    <Query type="disk">/tmp/test-disk-big/20/46</Query>
  </Pair>
  <Pair reval="1d">
    <File perm="0444">/20/47</File>
    <Query type="disk">/tmp/test-disk-big/20/47</Query>
  </Pair>
  <Pair reval="1d">
    <File perm="0444">/20/48</File>
    <Query type="disk">/tmp/test-disk-big/20/48</Query>
  </Pair>
  <Pair reval="1d">
    <File perm="0444">/20/49</File>
    <Query type="disk">/tmp/test-disk-big/20/49</Query>
  </Pair>
  <Pair reval="1d">
    <File perm="0444">/20/5</File>
    <Query type="disk">/tmp/test-disk-big/20/5</Query>
  </Pair>
  <Pair reval="1d">
    <File perm="0444">/20/50</File>
    <Query type="disk">/tmp/test-disk-big/20/50</Query>
  </Pair>
  <Pair reval="1d">
    <File perm="0444">/20/51</File>
    <Query type="disk">/tmp/test-disk-big/20/51</Query>
  </Pair>
  <Pair reval="1d">
    <File perm="0444">/20/52</File>
    <Query type="disk">/tmp/test-disk-big/20/52</Query>
  </Pair>
  <Pair reval="1d">
    <File perm="0444">/20/53</File>
    <Query type="disk">/tmp/test-disk-big/20/53</Query>
  </Pair>
  <Pair reval="1d">
    <File perm="0444">/20/54</File>
    <Query type="disk">/tmp/test-disk-big/20/54</Query>
  </Pair>
  <Pair reval="1d">
    <File perm="0444">/20/55</File>
    <Query type="disk">/tmp/test-disk-big/20/55</Query>
  </Pair>
  <Pair reval="1d">
    <File perm="0444">/20/56</File>
    <Query type="disk">/tmp/test-disk-big/20/56</Query>
  </Pair>
  <Pair reval="1d">
    <File perm="0444">/20/57</File>
    <Query type="disk">/tmp/test-disk-big/20/57</Query>
  </Pair>
  <Pair reval="1d">
    <File perm="0444">/20/58</File>
    <Query type="disk">/tmp/test-disk-big/20/58</Query>
  </Pair>
  <Pair reval="1d">
    <File perm="0444">/20/59</File>
    <Query type="disk">/tmp/test-disk-big/20/59</Query>
  </Pair>
  <Pair reval="1d">
    <File perm="0444">/20/6</File>
    <Query type="disk">/tmp/test-disk-big/20/6</Query>
  </Pair>
  <Pair reval="1d">
    <File perm="0444">/20/60</File>
    <Query type="disk">/tmp/test-disk-big/20/60</Query>
  </Pair>
  <Pair reval="1d">
    <File perm="0444">/20/61</File>
    <Query type="disk">/tmp/test-disk-big/20/61</Query>
  </Pair>
  <Pair reval="1d">
    <File perm="0444">/20/62</File>
    <Query type="disk">/tmp/test-disk-big/20/62</Query>
  </Pair>
  <Pair reval="1d">
    <File perm="0444">/20/63</File>
    <Query type="disk">/tmp/test-disk-big/20/63</Query>
  </Pair>
  <Pair reval="1d">
    <File perm="0444">/20/64</File>
    <Query type="disk">/tmp/test-disk-big/20/64</Query>
  </Pair>
  <Pair reval="1d">
    <File perm="0444">/20/65</File>
    <Query type="disk">/tmp/test-disk-big/20/65</Query>
  </Pair>
  <Pair reval="1d">
    <File perm="0444">/20/66</File>
    <Query type="disk">/tmp/test-disk-big/20/66</Query>
  </Pair>
  <Pair reval="1d">
    <File perm="0444">/20/67</File>
    <Query type="disk">/tmp/test-disk-big/20/67</Query>
  </Pair>
  <Pair reval="1d">
    <File perm="0444">/20/68</File>
    <Query type="disk">/tmp/test-disk-big/20/68</Query>
  </Pair>
  <Pair reval="1d">
    <File perm="0444">/20/69</File>
    <Query type="disk">/tmp/test-disk-big/20/69</Query>
  </Pair>
  <Pair reval="1d">
    <File perm="0444">/20/7</File>
    <Query type="disk">/tmp/test-disk-big/20/7</Query>
  </Pair>
  <Pair reval="1d">
    <File perm="0444">/20/70</File>
    <Query type="disk">/tmp/test-disk-big/20/70</Query>
  </Pair>
  <Pair reval="1d">
    <File perm="0444">/20/71</File>
    <Query type="disk">/tmp/test-disk-big/20/71</Query>
  </Pair>
  <Pair reval="1d">
    <File perm="0444">/20/72</File>
    <Query type="disk">/tmp/test-disk-big/20/72</Query>
  </Pair>
  <Pair reval="1d">
    <File perm="0444">/20/73</File>
    <Query type="disk">/tmp/test-disk-big/20/73</Query>
  </Pair>
  <Pair reval="1d">
    <File perm="0444">/20/74</File>
    <Query type="disk">/tmp/test-disk-big/20/74</Query>
  </Pair>
  <Pair reval="1d">
    <File perm="0444">/20/75</File>
    <Query type="disk">/tmp/test-disk-big/20/75</Query>
  </Pair>
  <Pair reval="1d">
    <File perm="0444">/20/76</File>
    <Query type="disk">/tmp/test-disk-big/20/76</Query>
  </Pair>
  <Pair reval="1d">
    <File perm="0444">/20/77</File>
    <Query type="disk">/tmp/test-disk-big/20/77</Query>
  </Pair>
  <Pair reval="1d">
    <File perm="0444">/20/78</File>
    <Query type="disk">/tmp/test-disk-big/20/78</Query>
  </Pair>
  <Pair reval="1d">
    <File perm="0444">/20/79</File>
    <Query type="disk">/tmp/test-disk-big/20/79</Query>
  </Pair>
  <Pair reval="1d">
    <File perm="0444">/20/8</File>
    <Query type="disk">/tmp/test-disk-big/20/8</Query>
  </Pair>
  <Pair reval="1d">
    <File perm="0444">/20/80</File>
    <Query type="disk">/tmp/test-disk-big/20/80</Query>
  </Pair>
  <Pair reval="1d">
    <File perm="0444">/20/81</File>
    <Query type="disk">/tmp/test-disk-big/20/81</Query>
  </Pair>
  <Pair reval="1d">
    <File perm="0444">/20/82</File>
    <Query type="disk">/tmp/test-disk-big/20/82</Query>
  </Pair>
  <Pair reval="1d">
    <File perm="0444">/20/83</File>
    <Query type="disk">/tmp/test-disk-big/20/83</Query>
  </Pair>
  <Pair reval="1d">
    <File perm="0444">/20/84</File>
    <Query type="disk">/tmp/test-disk-big/20/84</Query>
  </Pair>
  <Pair reval="1d">
    <File perm="0444">/20/85</File>
    <Query type="disk">/tmp/test-disk-big/20/85</Query>
  </Pair>
  <Pair reval="1d">
    <File perm="0444">/20/86</File>
    <Query type="disk">/tmp/test-disk-big/20/86</Query>
  </Pair>
  <Pair reval="1d">
    <File perm="0444">/20/87</File>
    <Query type="disk">/tmp/test-disk-big/20/87</Query>
  </Pair>
  <Pair reval="1d">
    <File perm="0444">/20/88</File>
    <Query type="disk">/tmp/test-disk-big/20/88</Query>
  </Pair>
  <Pair reval="1d">
    <File perm="0444">/20/89</File>
    <Query type="disk">/tmp/test-disk-big/20/89</Query>
  </Pair>
  <Pair reval="1d">
    <File perm="0444">/20/9</File>
    <Query type="disk">/tmp/test-disk-big/20/9</Query>
  </Pair>
  <Pair reval="1d">
    <File perm="0444">/20/90</File>
    <Query type="disk">/tmp/test-disk-big/20/90</Query>
  </Pair>
  <Pair reval="1d">
    <File perm="0444">/20/91</File>
    <Query type="disk">/tmp/test-disk-big/20/91</Query>
  </Pair>
  <Pair reval="1d">
    <File perm="0444">/20/92</File>
    <Query type="disk">/tmp/test-disk-big/20/92</Query>
  </Pair>
  <Pair reval="1d">
    <File perm="0444">/20/93</File>
    <Query type="disk">/tmp/test-disk-big/20/93</Query>
  </Pair>
  <Pair reval="1d">
    <File perm="0444">/20/94</File>
    <Query type="disk">/tmp/test-disk-big/20/94</Query>
  </Pair>
  <Pair reval="1d">
    <File perm="0444">/20/95</File>
    <Query type="disk">/tmp/test-disk-big/20/95</Query>
  </Pair>
  <Pair reval="1d">
    <File perm="0444">/20/96</File>
    <Query type="disk">/tmp/test-disk-big/20/96</Query>
  </Pair>
  <Pair reval="1d">
    <File perm="0444">/20/97</File>
    <Query type="disk">/tmp/test-disk-big/20/97</Query>
  </Pair>
  <Pair reval="1d">
    <File perm="0444">/20/98</File>
    <Query type="disk">/tmp/test-disk-big/20/98</Query>
  </Pair>
  <Pair reval="1d">
    <File perm="0444">/20/99</File>
    <Query type="disk">/tmp/test-disk-big/20/99</Query>
  </Pair>
  <Pair reval="1d">
    <Dir perm="0555">/21</Dir>
    <Query type="disk"></Query>
  </Pair>
  <Pair reval="1d">
    <File perm="0444">/21/1</File>
    <Query type="disk">/tmp/test-disk-big/21/1</Query>
  </Pair>
  <Pair reval="1d">
    <File perm="0444">/21/10</File>
    <Query type="disk">/tmp/test-disk-big/21/10</Query>
  </Pair>
  <Pair reval="1d">
    <File perm="0444">/21/100</File>
    <Query type="disk">/tmp/test-disk-big/21/100</Query>
  </Pair>
  <Pair reval="1d">
    <File perm="0444">/21/11</File>
    <Query type="disk">/tmp/test-disk-big/21/11</Query>
  </Pair>
  <Pair reval="1d">
    <File perm="0444">/21/12</File>
    <Query type="disk">/tmp/test-disk-big/21/12</Query>
  </Pair>
  <Pair reval="1d">
    <File perm="0444">/21/13</File>
    <Query type="disk">/tmp/test-disk-big/21/13</Query>
  </Pair>
  <Pair reval="1d">
    <File perm="0444">/21/14</File>
    <Query type="disk">/tmp/test-disk-big/21/14</Query>
  </Pair>
  <Pair reval="1d">
    <File perm="0444">/21/15</File>
    <Query type="disk">/tmp/test-disk-big/21/15</Query>
  </Pair>
  <Pair reval="1d">
    <File perm="0444">/21/16</File>
    <Query type="disk">/tmp/test-disk-big/21/16</Query>
  </Pair>
  <Pair reval="1d">
    <File perm="0444">/21/17</File>
    <Query type="disk">/tmp/test-disk-big/21/17</Query>
  </Pair>
  <Pair reval="1d">
    <File perm="0444">/21/18</File>
    <Query type="disk">/tmp/test-disk-big/21/18</Query>
  </Pair>
  <Pair reval="1d">
    <File perm="0444">/21/19</File>
    <Query type="disk">/tmp/test-disk-big/21/19</Query>
  </Pair>
  <Pair reval="1d">
    <File perm="0444">/21/2</File>
    <Query type="disk">/tmp/test-disk-big/21/2</Query>
  </Pair>
  <Pair reval="1d">
    <File perm="0444">/21/20</File>
    <Query type="disk">/tmp/test-disk-big/21/20</Query>
  </Pair>
  <Pair reval="1d">
    <File perm="0444">/21/21</File>
    <Query type="disk">/tmp/test-disk-big/21/21</Query>
  </Pair>
  <Pair reval="1d">
    <File perm="0444">/21/22</File>
    <Query type="disk">/tmp/test-disk-big/21/22</Query>
  </Pair>
  <Pair reval="1d">
    <File perm="0444">/21/23</File>
    <Query type="disk">/tmp/test-disk-big/21/23</Query>
  </Pair>
  <Pair reval="1d">
    <File perm="0444">/21/24</File>
    <Query type="disk">/tmp/test-disk-big/21/24</Query>
  </Pair>
  <Pair reval="1d">
    <File perm="0444">/21/25</File>
    <Query type="disk">/tmp/test-disk-big/21/25</Query>
  </Pair>
  <Pair reval="1d">
    <File perm="0444">/21/26</File>
    <Query type="disk">/tmp/test-disk-big/21/26</Query>
  </Pair>
  <Pair reval="1d">
    <File perm="0444">/21/27</File>
    <Query type="disk">/tmp/test-disk-big/21/27</Query>
  </Pair>
  <Pair reval="1d">
    <File perm="0444">/21/28</File>
    <Query type="disk">/tmp/test-disk-big/21/28</Query>
  </Pair>
  <Pair reval="1d">
    <File perm="0444">/21/29</File>
    <Query type="disk">/tmp/test-disk-big/21/29</Query>
  </Pair>
  <Pair reval="1d">
    <File perm="0444">/21/3</File>
    <Query type="disk">/tmp/test-disk-big/21/3</Query>
  </Pair>
  <Pair reval="1d">
    <File perm="0444">/21/30</File>
    <Query type="disk">/tmp/test-disk-big/21/30</Query>
  </Pair>
  <Pair reval="1d">
    <File perm="0444">/21/31</File>
    <Query type="disk">/tmp/test-disk-big/21/31</Query>
  </Pair>
  <Pair reval="1d">
    <File perm="0444">/21/32</File>
    <Query type="disk">/tmp/test-disk-big/21/32</Query>
  </Pair>
  <Pair reval="1d">
    <File perm="0444">/21/33</File>
    <Query type="disk">/tmp/test-disk-big/21/33</Query>
  </Pair>
  <Pair reval="1d">
    <File perm="0444">/21/34</File>
    <Query type="disk">/tmp/test-disk-big/21/34</Query>
  </Pair>
  <Pair reval="1d">
    <File perm="0444">/21/35</File>
    <Query type="disk">/tmp/test-disk-big/21/35</Query>
  </Pair>
  <Pair reval="1d">
    <File perm="0444">/21/36</File>
    <Query type="disk">/tmp/test-disk-big/21/36</Query>
  </Pair>
  <Pair reval="1d">
    <File perm="0444">/21/37</File>
    <Query type="disk">/tmp/test-disk-big/21/37</Query>
  </Pair>
  <Pair reval="1d">
    <File perm="0444">/21/38</File>
    <Query type="disk">/tmp/test-disk-big/21/38</Query>
  </Pair>
  <Pair reval="1d">
    <File perm="0444">/21/39</File>
    <Query type="disk">/tmp/test-disk-big/21/39</Query>
  </Pair>
  <Pair reval="1d">
    <File perm="0444">/21/4</File>
    <Query type="disk">/tmp/test-disk-big/21/4</Query>
  </Pair>
  <Pair reval="1d">
    <File perm="0444">/21/40</File>
    <Query type="disk">/tmp/test-disk-big/21/40</Query>
  </Pair>
  <Pair reval="1d">
    <File perm="0444">/21/41</File>
    <Query type="disk">/tmp/test-disk-big/21/41</Query>
  </Pair>
  <Pair reval="1d">
    <File perm="0444">/21/42</File>
    <Query type="disk">/tmp/test-disk-big/21/42</Query>
  </Pair>
  <Pair reval="1d">
    <File perm="0444">/21/43</File>
    <Query type="disk">/tmp/test-disk-big/21/43</Query>
  </Pair>
  <Pair reval="1d">
    <File perm="0444">/21/44</File>
    <Query type="disk">/tmp/test-disk-big/21/44</Query>
  </Pair>
  <Pair reval="1d">
    <File perm="0444">/21/45</File>
    <Query type="disk">/tmp/test-disk-big/21/45</Query>
  </Pair>
  <Pair reval="1d">
    <File perm="0444">/21/46</File>
    <Query type="disk">/tmp/test-disk-big/21/46</Query>
  </Pair>
  <Pair reval="1d">
    <File perm="0444">/21/47</File>
    <Query type="disk">/tmp/test-disk-big/21/47</Query>
  </Pair>
  <Pair reval="1d">
    <File perm="0444">/21/48</File>
    <Query type="disk">/tmp/test-disk-big/21/48</Query>
  </Pair>
  <Pair reval="1d">
    <File perm="0444">/21/49</File>
    <Query type="disk">/tmp/test-disk-big/21/49</Query>
  </Pair>
  <Pair reval="1d">
    <File perm="0444">/21/5</File>
    <Query type="disk">/tmp/test-disk-big/21/5</Query>
  </Pair>
  <Pair reval="1d">
    <File perm="0444">/21/50</File>
    <Query type="disk">/tmp/test-disk-big/21/50</Query>
  </Pair>
  <Pair reval="1d">
    <File perm="0444">/21/51</File>
    <Query type="disk">/tmp/test-disk-big/21/51</Query>
  </Pair>
  <Pair reval="1d">
    <File perm="0444">/21/52</File>
    <Query type="disk">/tmp/test-disk-big/21/52</Query>
  </Pair>
  <Pair reval="1d">
    <File perm="0444">/21/53</File>
    <Query type="disk">/tmp/test-disk-big/21/53</Query>
  </Pair>
  <Pair reval="1d">
    <File perm="0444">/21/54</File>
    <Query type="disk">/tmp/test-disk-big/21/54</Query>
  </Pair>
  <Pair reval="1d">
    <File perm="0444">/21/55</File>
    <Query type="disk">/tmp/test-disk-big/21/55</Query>
  </Pair>
  <Pair reval="1d">
    <File perm="0444">/21/56</File>
    <Query type="disk">/tmp/test-disk-big/21/56</Query>
  </Pair>
  <Pair reval="1d">
    <File perm="0444">/21/57</File>
    <Query type="disk">/tmp/test-disk-big/21/57</Query>
  </Pair>
  <Pair reval="1d">
    <File perm="0444">/21/58</File>
    <Query type="disk">/tmp/test-disk-big/21/58</Query>
  </Pair>
  <Pair reval="1d">
    <File perm="0444">/21/59</File>
    <Query type="disk">/tmp/test-disk-big/21/59</Query>
  </Pair>
  <Pair reval="1d">
    <File perm="0444">/21/6</File>
    <Query type="disk">/tmp/test-disk-big/21/6</Query>
  </Pair>
  <Pair reval="1d">
    <File perm="0444">/21/60</File>
    <Query type="disk">/tmp/test-disk-big/21/60</Query>
  </Pair>
  <Pair reval="1d">
    <File perm="0444">/21/61</File>
    <Query type="disk">/tmp/test-disk-big/21/61</Query>
  </Pair>
  <Pair reval="1d">
    <File perm="0444">/21/62</File>
    <Query type="disk">/tmp/test-disk-big/21/62</Query>
  </Pair>
  <Pair reval="1d">
    <File perm="0444">/21/63</File>
    <Query type="disk">/tmp/test-disk-big/21/63</Query>
  </Pair>
  <Pair reval="1d">
    <File perm="0444">/21/64</File>
    <Query type="disk">/tmp/test-disk-big/21/64</Query>
  </Pair>
  <Pair reval="1d">
    <File perm="0444">/21/65</File>
    <Query type="disk">/tmp/test-disk-big/21/65</Query>
  </Pair>
  <Pair reval="1d">
    <File perm="0444">/21/66</File>
    <Query type="disk">/tmp/test-disk-big/21/66</Query>
  </Pair>
  <Pair reval="1d">
    <File perm="0444">/21/67</File>
    <Query type="disk">/tmp/test-disk-big/21/67</Query>
  </Pair>
  <Pair reval="1d">
    <File perm="0444">/21/68</File>
    <Query type="disk">/tmp/test-disk-big/21/68</Query>
  </Pair>
  <Pair reval="1d">
    <File perm="0444">/21/69</File>
    <Query type="disk">/tmp/test-disk-big/21/69</Query>
  </Pair>
  <Pair reval="1d">
    <File perm="0444">/21/7</File>
    <Query type="disk">/tmp/test-disk-big/21/7</Query>
  </Pair>
  <Pair reval="1d">
    <File perm="0444">/21/70</File>
    <Query type="disk">/tmp/test-disk-big/21/70</Query>
  </Pair>
  <Pair reval="1d">
    <File perm="0444">/21/71</File>
    <Query type="disk">/tmp/test-disk-big/21/71</Query>
  </Pair>
  <Pair reval="1d">
    <File perm="0444">/21/72</File>
    <Query type="disk">/tmp/test-disk-big/21/72</Query>
  </Pair>
  <Pair reval="1d">
    <File perm="0444">/21/73</File>
    <Query type="disk">/tmp/test-disk-big/21/73</Query>
  </Pair>
  <Pair reval="1d">
    <File perm="0444">/21/74</File>
    <Query type="disk">/tmp/test-disk-big/21/74</Query>
  </Pair>
  <Pair reval="1d">
    <File perm="0444">/21/75</File>
    <Query type="disk">/tmp/test-disk-big/21/75</Query>
  </Pair>
  <Pair reval="1d">
    <File perm="0444">/21/76</File>
    <Query type="disk">/tmp/test-disk-big/21/76</Query>
  </Pair>
  <Pair reval="1d">
    <File perm="0444">/21/77</File>
    <Query type="disk">/tmp/test-disk-big/21/77</Query>
  </Pair>
  <Pair reval="1d">
    <File perm="0444">/21/78</File>
    <Query type="disk">/tmp/test-disk-big/21/78</Query>
  </Pair>
  <Pair reval="1d">
    <File perm="0444">/21/79</File>
    <Query type="disk">/tmp/test-disk-big/21/79</Query>
  </Pair>
  <Pair reval="1d">
    <File perm="0444">/21/8</File>
    <Query type="disk">/tmp/test-disk-big/21/8</Query>
  </Pair>
  <Pair reval="1d">
    <File perm="0444">/21/80</File>
    <Query type="disk">/tmp/test-disk-big/21/80</Query>
  </Pair>
  <Pair reval="1d">
    <File perm="0444">/21/81</File>
    <Query type="disk">/tmp/test-disk-big/21/81</Query>
  </Pair>
  <Pair reval="1d">
    <File perm="0444">/21/82</File>
    <Query type="disk">/tmp/test-disk-big/21/82</Query>
  </Pair>
  <Pair reval="1d">
    <File perm="0444">/21/83</File>
    <Query type="disk">/tmp/test-disk-big/21/83</Query>
  </Pair>
  <Pair reval="1d">
    <File perm="0444">/21/84</File>
    <Query type="disk">/tmp/test-disk-big/21/84</Query>
  </Pair>
  <Pair reval="1d">
    <File perm="0444">/21/85</File>
    <Query type="disk">/tmp/test-disk-big/21/85</Query>
  </Pair>
  <Pair reval="1d">
    <File perm="0444">/21/86</File>
    <Query type="disk">/tmp/test-disk-big/21/86</Query>
  </Pair>
  <Pair reval="1d">
    <File perm="0444">/21/87</File>
    <Query type="disk">/tmp/test-disk-big/21/87</Query>
  </Pair>
  <Pair reval="1d">
    <File perm="0444">/21/88</File>
    <Query type="disk">/tmp/test-disk-big/21/88</Query>
  </Pair>
  <Pair reval="1d">
    <File perm="0444">/21/89</File>
    <Query type="disk">/tmp/test-disk-big/21/89</Query>
  </Pair>
  <Pair reval="1d">
    <File perm="0444">/21/9</File>
    <Query type="disk">/tmp/test-disk-big/21/9</Query>
  </Pair>
  <Pair reval="1d">
    <File perm="0444">/21/90</File>
    <Query type="disk">/tmp/test-disk-big/21/90</Query>
  </Pair>
  <Pair reval="1d">
    <File perm="0444">/21/91</File>
    <Query type="disk">/tmp/test-disk-big/21/91</Query>
  </Pair>
  <Pair reval="1d">
    <File perm="0444">/21/92</File>
    <Query type="disk">/tmp/test-disk-big/21/92</Query>
  </Pair>
  <Pair reval="1d">
    <File perm="0444">/21/93</File>
    <Query type="disk">/tmp/test-disk-big/21/93</Query>
  </Pair>
  <Pair reval="1d">
    <File perm="0444">/21/94</File>
    <Query type="disk">/tmp/test-disk-big/21/94</Query>
  </Pair>
  <Pair reval="1d">
    <File perm="0444">/21/95</File>
    <Query type="disk">/tmp/test-disk-big/21/95</Query>
  </Pair>
  <Pair reval="1d">
    <File perm="0444">/21/96</File>
    <Query type="disk">/tmp/test-disk-big/21/96</Query>
  </Pair>
  <Pair reval="1d">
    <File perm="0444">/21/97</File>
    <Query type="disk">/tmp/test-disk-big/21/97</Query>
  </Pair>
  <Pair reval="1d">
    <File perm="0444">/21/98</File>
    <Query type="disk">/tmp/test-disk-big/21/98</Query>
  </Pair>
  <Pair reval="1d">
    <File perm="0444">/21/99</File>
    <Query type="disk">/tmp/test-disk-big/21/99</Query>
  </Pair>
  <Pair reval="1d">
    <Dir perm="0555">/22</Dir>
    <Query type="disk"></Query>
  </Pair>
  <Pair reval="1d">
    <File perm="0444">/22/1</File>
    <Query type="disk">/tmp/test-disk-big/22/1</Query>
  </Pair>
  <Pair reval="1d">
    <File perm="0444">/22/10</File>
    <Query type="disk">/tmp/test-disk-big/22/10</Query>
  </Pair>
  <Pair reval="1d">
    <File perm="0444">/22/100</File>
    <Query type="disk">/tmp/test-disk-big/22/100</Query>
  </Pair>
  <Pair reval="1d">
    <File perm="0444">/22/11</File>
    <Query type="disk">/tmp/test-disk-big/22/11</Query>
  </Pair>
  <Pair reval="1d">
    <File perm="0444">/22/12</File>
    <Query type="disk">/tmp/test-disk-big/22/12</Query>
  </Pair>
  <Pair reval="1d">
    <File perm="0444">/22/13</File>
    <Query type="disk">/tmp/test-disk-big/22/13</Query>
  </Pair>
  <Pair reval="1d">
    <File perm="0444">/22/14</File>
    <Query type="disk">/tmp/test-disk-big/22/14</Query>
  </Pair>
  <Pair reval="1d">
    <File perm="0444">/22/15</File>
    <Query type="disk">/tmp/test-disk-big/22/15</Query>
  </Pair>
  <Pair reval="1d">
    <File perm="0444">/22/16</File>
    <Query type="disk">/tmp/test-disk-big/22/16</Query>
  </Pair>
  <Pair reval="1d">
    <File perm="0444">/22/17</File>
    <Query type="disk">/tmp/test-disk-big/22/17</Query>
  </Pair>
  <Pair reval="1d">
    <File perm="0444">/22/18</File>
    <Query type="disk">/tmp/test-disk-big/22/18</Query>
  </Pair>
  <Pair reval="1d">
    <File perm="0444">/22/19</File>
    <Query type="disk">/tmp/test-disk-big/22/19</Query>
  </Pair>
  <Pair reval="1d">
    <File perm="0444">/22/2</File>
    <Query type="disk">/tmp/test-disk-big/22/2</Query>
  </Pair>
  <Pair reval="1d">
    <File perm="0444">/22/20</File>
    <Query type="disk">/tmp/test-disk-big/22/20</Query>
  </Pair>
  <Pair reval="1d">
    <File perm="0444">/22/21</File>
    <Query type="disk">/tmp/test-disk-big/22/21</Query>
  </Pair>
  <Pair reval="1d">
    <File perm="0444">/22/22</File>
    <Query type="disk">/tmp/test-disk-big/22/22</Query>
  </Pair>
  <Pair reval="1d">
    <File perm="0444">/22/23</File>
    <Query type="disk">/tmp/test-disk-big/22/23</Query>
  </Pair>
  <Pair reval="1d">
    <File perm="0444">/22/24</File>
    <Query type="disk">/tmp/test-disk-big/22/24</Query>
  </Pair>
  <Pair reval="1d">
    <File perm="0444">/22/25</File>
    <Query type="disk">/tmp/test-disk-big/22/25</Query>
  </Pair>
  <Pair reval="1d">
    <File perm="0444">/22/26</File>
    <Query type="disk">/tmp/test-disk-big/22/26</Query>
  </Pair>
  <Pair reval="1d">
    <File perm="0444">/22/27</File>
    <Query type="disk">/tmp/test-disk-big/22/27</Query>
  </Pair>
  <Pair reval="1d">
    <File perm="0444">/22/28</File>
    <Query type="disk">/tmp/test-disk-big/22/28</Query>
  </Pair>
  <Pair reval="1d">
    <File perm="0444">/22/29</File>
    <Query type="disk">/tmp/test-disk-big/22/29</Query>
  </Pair>
  <Pair reval="1d">
    <File perm="0444">/22/3</File>
    <Query type="disk">/tmp/test-disk-big/22/3</Query>
  </Pair>
  <Pair reval="1d">
    <File perm="0444">/22/30</File>
    <Query type="disk">/tmp/test-disk-big/22/30</Query>
  </Pair>
  <Pair reval="1d">
    <File perm="0444">/22/31</File>
    <Query type="disk">/tmp/test-disk-big/22/31</Query>
  </Pair>
  <Pair reval="1d">
    <File perm="0444">/22/32</File>
    <Query type="disk">/tmp/test-disk-big/22/32</Query>
  </Pair>
  <Pair reval="1d">
    <File perm="0444">/22/33</File>
    <Query type="disk">/tmp/test-disk-big/22/33</Query>
  </Pair>
  <Pair reval="1d">
    <File perm="0444">/22/34</File>
    <Query type="disk">/tmp/test-disk-big/22/34</Query>
  </Pair>
  <Pair reval="1d">
    <File perm="0444">/22/35</File>
    <Query type="disk">/tmp/test-disk-big/22/35</Query>
  </Pair>
  <Pair reval="1d">
    <File perm="0444">/22/36</File>
    <Query type="disk">/tmp/test-disk-big/22/36</Query>
  </Pair>
  <Pair reval="1d">
    <File perm="0444">/22/37</File>
    <Query type="disk">/tmp/test-disk-big/22/37</Query>
  </Pair>
  <Pair reval="1d">
    <File perm="0444">/22/38</File>
    <Query type="disk">/tmp/test-disk-big/22/38</Query>
  </Pair>
  <Pair reval="1d">
    <File perm="0444">/22/39</File>
    <Query type="disk">/tmp/test-disk-big/22/39</Query>
  </Pair>
  <Pair reval="1d">
    <File perm="0444">/22/4</File>
    <Query type="disk">/tmp/test-disk-big/22/4</Query>
  </Pair>
  <Pair reval="1d">
    <File perm="0444">/22/40</File>
    <Query type="disk">/tmp/test-disk-big/22/40</Query>
  </Pair>
  <Pair reval="1d">
    <File perm="0444">/22/41</File>
    <Query type="disk">/tmp/test-disk-big/22/41</Query>
  </Pair>
  <Pair reval="1d">
    <File perm="0444">/22/42</File>
    <Query type="disk">/tmp/test-disk-big/22/42</Query>
  </Pair>
  <Pair reval="1d">
    <File perm="0444">/22/43</File>
    <Query type="disk">/tmp/test-disk-big/22/43</Query>
  </Pair>
  <Pair reval="1d">
    <File perm="0444">/22/44</File>
    <Query type="disk">/tmp/test-disk-big/22/44</Query>
  </Pair>
  <Pair reval="1d">
    <File perm="0444">/22/45</File>
    <Query type="disk">/tmp/test-disk-big/22/45</Query>
  </Pair>
  <Pair reval="1d">
    <File perm="0444">/22/46</File>
    <Query type="disk">/tmp/test-disk-big/22/46</Query>
  </Pair>
  <Pair reval="1d">
    <File perm="0444">/22/47</File>
    <Query type="disk">/tmp/test-disk-big/22/47</Query>
  </Pair>
  <Pair reval="1d">
    <File perm="0444">/22/48</File>
    <Query type="disk">/tmp/test-disk-big/22/48</Query>
  </Pair>
  <Pair reval="1d">
    <File perm="0444">/22/49</File>
    <Query type="disk">/tmp/test-disk-big/22/49</Query>
  </Pair>
  <Pair reval="1d">
    <File perm="0444">/22/5</File>
    <Query type="disk">/tmp/test-disk-big/22/5</Query>
  </Pair>
  <Pair reval="1d">
    <File perm="0444">/22/50</File>
    <Query type="disk">/tmp/test-disk-big/22/50</Query>
  </Pair>
  <Pair reval="1d">
    <File perm="0444">/22/51</File>
    <Query type="disk">/tmp/test-disk-big/22/51</Query>
  </Pair>
  <Pair reval="1d">
    <File perm="0444">/22/52</File>
    <Query type="disk">/tmp/test-disk-big/22/52</Query>
  </Pair>
  <Pair reval="1d">
    <File perm="0444">/22/53</File>
    <Query type="disk">/tmp/test-disk-big/22/53</Query>
  </Pair>
  <Pair reval="1d">
    <File perm="0444">/22/54</File>
    <Query type="disk">/tmp/test-disk-big/22/54</Query>
  </Pair>
  <Pair reval="1d">
    <File perm="0444">/22/55</File>
    <Query type="disk">/tmp/test-disk-big/22/55</Query>
  </Pair>
  <Pair reval="1d">
    <File perm="0444">/22/56</File>
    <Query type="disk">/tmp/test-disk-big/22/56</Query>
  </Pair>
  <Pair reval="1d">
    <File perm="0444">/22/57</File>
    <Query type="disk">/tmp/test-disk-big/22/57</Query>
  </Pair>
  <Pair reval="1d">
    <File perm="0444">/22/58</File>
    <Query type="disk">/tmp/test-disk-big/22/58</Query>
  </Pair>
  <Pair reval="1d">
    <File perm="0444">/22/59</File>
    <Query type="disk">/tmp/test-disk-big/22/59</Query>
  </Pair>
  <Pair reval="1d">
    <File perm="0444">/22/6</File>
    <Query type="disk">/tmp/test-disk-big/22/6</Query>
  </Pair>
  <Pair reval="1d">
    <File perm="0444">/22/60</File>
    <Query type="disk">/tmp/test-disk-big/22/60</Query>
  </Pair>
  <Pair reval="1d">
    <File perm="0444">/22/61</File>
    <Query type="disk">/tmp/test-disk-big/22/61</Query>
  </Pair>
  <Pair reval="1d">
    <File perm="0444">/22/62</File>
    <Query type="disk">/tmp/test-disk-big/22/62</Query>
  </Pair>
  <Pair reval="1d">
    <File perm="0444">/22/63</File>
    <Query type="disk">/tmp/test-disk-big/22/63</Query>
  </Pair>
  <Pair reval="1d">
    <File perm="0444">/22/64</File>
    <Query type="disk">/tmp/test-disk-big/22/64</Query>
  </Pair>
  <Pair reval="1d">
    <File perm="0444">/22/65</File>
    <Query type="disk">/tmp/test-disk-big/22/65</Query>
  </Pair>
  <Pair reval="1d">
    <File perm="0444">/22/66</File>
    <Query type="disk">/tmp/test-disk-big/22/66</Query>
  </Pair>
  <Pair reval="1d">
    <File perm="0444">/22/67</File>
    <Query type="disk">/tmp/test-disk-big/22/67</Query>
  </Pair>
  <Pair reval="1d">
    <File perm="0444">/22/68</File>
    <Query type="disk">/tmp/test-disk-big/22/68</Query>
  </Pair>
  <Pair reval="1d">
    <File perm="0444">/22/69</File>
    <Query type="disk">/tmp/test-disk-big/22/69</Query>
  </Pair>
  <Pair reval="1d">
    <File perm="0444">/22/7</File>
    <Query type="disk">/tmp/test-disk-big/22/7</Query>
  </Pair>
  <Pair reval="1d">
    <File perm="0444">/22/70</File>
    <Query type="disk">/tmp/test-disk-big/22/70</Query>
  </Pair>
  <Pair reval="1d">
    <File perm="0444">/22/71</File>
    <Query type="disk">/tmp/test-disk-big/22/71</Query>
  </Pair>
  <Pair reval="1d">
    <File perm="0444">/22/72</File>
    <Query type="disk">/tmp/test-disk-big/22/72</Query>
  </Pair>
  <Pair reval="1d">
    <File perm="0444">/22/73</File>
    <Query type="disk">/tmp/test-disk-big/22/73</Query>
  </Pair>
  <Pair reval="1d">
    <File perm="0444">/22/74</File>
    <Query type="disk">/tmp/test-disk-big/22/74</Query>
  </Pair>
  <Pair reval="1d">
    <File perm="0444">/22/75</File>
    <Query type="disk">/tmp/test-disk-big/22/75</Query>
  </Pair>
  <Pair reval="1d">
    <File perm="0444">/22/76</File>
    <Query type="disk">/tmp/test-disk-big/22/76</Query>
  </Pair>
  <Pair reval="1d">
    <File perm="0444">/22/77</File>
    <Query type="disk">/tmp/test-disk-big/22/77</Query>
  </Pair>
  <Pair reval="1d">
    <File perm="0444">/22/78</File>
    <Query type="disk">/tmp/test-disk-big/22/78</Query>
  </Pair>
  <Pair reval="1d">
    <File perm="0444">/22/79</File>
    <Query type="disk">/tmp/test-disk-big/22/79</Query>
  </Pair>
  <Pair reval="1d">
    <File perm="0444">/22/8</File>
    <Query type="disk">/tmp/test-disk-big/22/8</Query>
  </Pair>
  <Pair reval="1d">
    <File perm="0444">/22/80</File>
    <Query type="disk">/tmp/test-disk-big/22/80</Query>
  </Pair>
  <Pair reval="1d">
    <File perm="0444">/22/81</File>
    <Query type="disk">/tmp/test-disk-big/22/81</Query>
  </Pair>
  <Pair reval="1d">
    <File perm="0444">/22/82</File>
    <Query type="disk">/tmp/test-disk-big/22/82</Query>
  </Pair>
  <Pair reval="1d">
    <File perm="0444">/22/83</File>
    <Query type="disk">/tmp/test-disk-big/22/83</Query>
  </Pair>
  <Pair reval="1d">
    <File perm="0444">/22/84</File>
    <Query type="disk">/tmp/test-disk-big/22/84</Query>
  </Pair>
  <Pair reval="1d">
    <File perm="0444">/22/85</File>
    <Query type="disk">/tmp/test-disk-big/22/85</Query>
  </Pair>
  <Pair reval="1d">
    <File perm="0444">/22/86</File>
    <Query type="disk">/tmp/test-disk-big/22/86</Query>
  </Pair>
  <Pair reval="1d">
    <File perm="0444">/22/87</File>
    <Query type="disk">/tmp/test-disk-big/22/87</Query>
  </Pair>
  <Pair reval="1d">
    <File perm="0444">/22/88</File>
    <Query type="disk">/tmp/test-disk-big/22/88</Query>
  </Pair>
  <Pair reval="1d">
    <File perm="0444">/22/89</File>
    <Query type="disk">/tmp/test-disk-big/22/89</Query>
  </Pair>
  <Pair reval="1d">
    <File perm="0444">/22/9</File>
    <Query type="disk">/tmp/test-disk-big/22/9</Query>
  </Pair>
  <Pair reval="1d">
    <File perm="0444">/22/90</File>
    <Query type="disk">/tmp/test-disk-big/22/90</Query>
  </Pair>
  <Pair reval="1d">
    <File perm="0444">/22/91</File>
    <Query type="disk">/tmp/test-disk-big/22/91</Query>
  </Pair>
  <Pair reval="1d">
    <File perm="0444">/22/92</File>
    <Query type="disk">/tmp/test-disk-big/22/92</Query>
  </Pair>
  <Pair reval="1d">
    <File perm="0444">/22/93</File>
    <Query type="disk">/tmp/test-disk-big/22/93</Query>
  </Pair>
  <Pair reval="1d">
    <File perm="0444">/22/94</File>
    <Query type="disk">/tmp/test-disk-big/22/94</Query>
  </Pair>
  <Pair reval="1d">
    <File perm="0444">/22/95</File>
    <Query type="disk">/tmp/test-disk-big/22/95</Query>
  </Pair>
  <Pair reval="1d">
    <File perm="0444">/22/96</File>
    <Query type="disk">/tmp/test-disk-big/22/96</Query>
  </Pair>
  <Pair reval="1d">
    <File perm="0444">/22/97</File>
    <Query type="disk">/tmp/test-disk-big/22/97</Query>
  </Pair>
  <Pair reval="1d">
    <File perm="0444">/22/98</File>
    <Query type="disk">/tmp/test-disk-big/22/98</Query>
  </Pair>
  <Pair reval="1d">
    <File perm="0444">/22/99</File>
    <Query type="disk">/tmp/test-disk-big/22/99</Query>
  </Pair>
  <Pair reval="1d">
    <Dir perm="0555">/23</Dir>
    <Query type="disk"></Query>
  </Pair>
  <Pair reval="1d">
    <File perm="0444">/23/1</File>
    <Query type="disk">/tmp/test-disk-big/23/1</Query>
  </Pair>
  <Pair reval="1d">
    <File perm="0444">/23/10</File>
    <Query type="disk">/tmp/test-disk-big/23/10</Query>
  </Pair>
  <Pair reval="1d">
    <File perm="0444">/23/100</File>
    <Query type="disk">/tmp/test-disk-big/23/100</Query>
  </Pair>
  <Pair reval="1d">
    <File perm="0444">/23/11</File>
    <Query type="disk">/tmp/test-disk-big/23/11</Query>
  </Pair>
  <Pair reval="1d">
    <File perm="0444">/23/12</File>
    <Query type="disk">/tmp/test-disk-big/23/12</Query>
  </Pair>
  <Pair reval="1d">
    <File perm="0444">/23/13</File>
    <Query type="disk">/tmp/test-disk-big/23/13</Query>
  </Pair>
  <Pair reval="1d">
    <File perm="0444">/23/14</File>
    <Query type="disk">/tmp/test-disk-big/23/14</Query>
  </Pair>
  <Pair reval="1d">
    <File perm="0444">/23/15</File>
    <Query type="disk">/tmp/test-disk-big/23/15</Query>
  </Pair>
  <Pair reval="1d">
    <File perm="0444">/23/16</File>
    <Query type="disk">/tmp/test-disk-big/23/16</Query>
  </Pair>
  <Pair reval="1d">
    <File perm="0444">/23/17</File>
    <Query type="disk">/tmp/test-disk-big/23/17</Query>
  </Pair>
  <Pair reval="1d">
    <File perm="0444">/23/18</File>
    <Query type="disk">/tmp/test-disk-big/23/18</Query>
  </Pair>
  <Pair reval="1d">
    <File perm="0444">/23/19</File>
    <Query type="disk">/tmp/test-disk-big/23/19</Query>
  </Pair>
  <Pair reval="1d">
    <File perm="0444">/23/2</File>
    <Query type="disk">/tmp/test-disk-big/23/2</Query>
  </Pair>
  <Pair reval="1d">
    <File perm="0444">/23/20</File>
    <Query type="disk">/tmp/test-disk-big/23/20</Query>
  </Pair>
  <Pair reval="1d">
    <File perm="0444">/23/21</File>
    <Query type="disk">/tmp/test-disk-big/23/21</Query>
  </Pair>
  <Pair reval="1d">
    <File perm="0444">/23/22</File>
    <Query type="disk">/tmp/test-disk-big/23/22</Query>
  </Pair>
  <Pair reval="1d">
    <File perm="0444">/23/23</File>
    <Query type="disk">/tmp/test-disk-big/23/23</Query>
  </Pair>
  <Pair reval="1d">
    <File perm="0444">/23/24</File>
    <Query type="disk">/tmp/test-disk-big/23/24</Query>
  </Pair>
  <Pair reval="1d">
    <File perm="0444">/23/25</File>
    <Query type="disk">/tmp/test-disk-big/23/25</Query>
  </Pair>
  <Pair reval="1d">
    <File perm="0444">/23/26</File>
    <Query type="disk">/tmp/test-disk-big/23/26</Query>
  </Pair>
  <Pair reval="1d">
    <File perm="0444">/23/27</File>
    <Query type="disk">/tmp/test-disk-big/23/27</Query>
  </Pair>
  <Pair reval="1d">
    <File perm="0444">/23/28</File>
    <Query type="disk">/tmp/test-disk-big/23/28</Query>
  </Pair>
  <Pair reval="1d">
    <File perm="0444">/23/29</File>
    <Query type="disk">/tmp/test-disk-big/23/29</Query>
  </Pair>
  <Pair reval="1d">
    <File perm="0444">/23/3</File>
    <Query type="disk">/tmp/test-disk-big/23/3</Query>
  </Pair>
  <Pair reval="1d">
    <File perm="0444">/23/30</File>
    <Query type="disk">/tmp/test-disk-big/23/30</Query>
  </Pair>
  <Pair reval="1d">
    <File perm="0444">/23/31</File>
    <Query type="disk">/tmp/test-disk-big/23/31</Query>
  </Pair>
  <Pair reval="1d">
    <File perm="0444">/23/32</File>
    <Query type="disk">/tmp/test-disk-big/23/32</Query>
  </Pair>
  <Pair reval="1d">
    <File perm="0444">/23/33</File>
    <Query type="disk">/tmp/test-disk-big/23/33</Query>
  </Pair>
  <Pair reval="1d">
    <File perm="0444">/23/34</File>
    <Query type="disk">/tmp/test-disk-big/23/34</Query>
  </Pair>
  <Pair reval="1d">
    <File perm="0444">/23/35</File>
    <Query type="disk">/tmp/test-disk-big/23/35</Query>
  </Pair>
  <Pair reval="1d">
    <File perm="0444">/23/36</File>
    <Query type="disk">/tmp/test-disk-big/23/36</Query>
  </Pair>
  <Pair reval="1d">
    <File perm="0444">/23/37</File>
    <Query type="disk">/tmp/test-disk-big/23/37</Query>
  </Pair>
  <Pair reval="1d">
    <File perm="0444">/23/38</File>
    <Query type="disk">/tmp/test-disk-big/23/38</Query>
  </Pair>
  <Pair reval="1d">
    <File perm="0444">/23/39</File>
    <Query type="disk">/tmp/test-disk-big/23/39</Query>
  </Pair>
  <Pair reval="1d">
    <File perm="0444">/23/4</File>
    <Query type="disk">/tmp/test-disk-big/23/4</Query>
  </Pair>
  <Pair reval="1d">
    <File perm="0444">/23/40</File>
    <Query type="disk">/tmp/test-disk-big/23/40</Query>
  </Pair>
  <Pair reval="1d">
    <File perm="0444">/23/41</File>
    <Query type="disk">/tmp/test-disk-big/23/41</Query>
  </Pair>
  <Pair reval="1d">
    <File perm="0444">/23/42</File>
    <Query type="disk">/tmp/test-disk-big/23/42</Query>
  </Pair>
  <Pair reval="1d">
    <File perm="0444">/23/43</File>
    <Query type="disk">/tmp/test-disk-big/23/43</Query>
  </Pair>
  <Pair reval="1d">
    <File perm="0444">/23/44</File>
    <Query type="disk">/tmp/test-disk-big/23/44</Query>
  </Pair>
  <Pair reval="1d">
    <File perm="0444">/23/45</File>
    <Query type="disk">/tmp/test-disk-big/23/45</Query>
  </Pair>
  <Pair reval="1d">
    <File perm="0444">/23/46</File>
    <Query type="disk">/tmp/test-disk-big/23/46</Query>
  </Pair>
  <Pair reval="1d">
    <File perm="0444">/23/47</File>
    <Query type="disk">/tmp/test-disk-big/23/47</Query>
  </Pair>
  <Pair reval="1d">
    <File perm="0444">/23/48</File>
    <Query type="disk">/tmp/test-disk-big/23/48</Query>
  </Pair>
  <Pair reval="1d">
    <File perm="0444">/23/49</File>
    <Query type="disk">/tmp/test-disk-big/23/49</Query>
  </Pair>
  <Pair reval="1d">
    <File perm="0444">/23/5</File>
    <Query type="disk">/tmp/test-disk-big/23/5</Query>
  </Pair>
  <Pair reval="1d">
    <File perm="0444">/23/50</File>
    <Query type="disk">/tmp/test-disk-big/23/50</Query>
  </Pair>
  <Pair reval="1d">
    <File perm="0444">/23/51</File>
    <Query type="disk">/tmp/test-disk-big/23/51</Query>
  </Pair>
  <Pair reval="1d">
    <File perm="0444">/23/52</File>
    <Query type="disk">/tmp/test-disk-big/23/52</Query>
  </Pair>
  <Pair reval="1d">
    <File perm="0444">/23/53</File>
    <Query type="disk">/tmp/test-disk-big/23/53</Query>
  </Pair>
  <Pair reval="1d">
    <File perm="0444">/23/54</File>
    <Query type="disk">/tmp/test-disk-big/23/54</Query>
  </Pair>
  <Pair reval="1d">
    <File perm="0444">/23/55</File>
    <Query type="disk">/tmp/test-disk-big/23/55</Query>
  </Pair>
  <Pair reval="1d">
    <File perm="0444">/23/56</File>
    <Query type="disk">/tmp/test-disk-big/23/56</Query>
  </Pair>
  <Pair reval="1d">
    <File perm="0444">/23/57</File>
    <Query type="disk">/tmp/test-disk-big/23/57</Query>
  </Pair>
  <Pair reval="1d">
    <File perm="0444">/23/58</File>
    <Query type="disk">/tmp/test-disk-big/23/58</Query>
  </Pair>
  <Pair reval="1d">
    <File perm="0444">/23/59</File>
    <Query type="disk">/tmp/test-disk-big/23/59</Query>
  </Pair>
  <Pair reval="1d">
    <File perm="0444">/23/6</File>
    <Query type="disk">/tmp/test-disk-big/23/6</Query>
  </Pair>
  <Pair reval="1d">
    <File perm="0444">/23/60</File>
    <Query type="disk">/tmp/test-disk-big/23/60</Query>
  </Pair>
  <Pair reval="1d">
    <File perm="0444">/23/61</File>
    <Query type="disk">/tmp/test-disk-big/23/61</Query>
  </Pair>
  <Pair reval="1d">
    <File perm="0444">/23/62</File>
    <Query type="disk">/tmp/test-disk-big/23/62</Query>
  </Pair>
  <Pair reval="1d">
    <File perm="0444">/23/63</File>
    <Query type="disk">/tmp/test-disk-big/23/63</Query>
  </Pair>
  <Pair reval="1d">
    <File perm="0444">/23/64</File>
    <Query type="disk">/tmp/test-disk-big/23/64</Query>
  </Pair>
  <Pair reval="1d">
    <File perm="0444">/23/65</File>
    <Query type="disk">/tmp/test-disk-big/23/65</Query>
  </Pair>
  <Pair reval="1d">
    <File perm="0444">/23/66</File>
    <Query type="disk">/tmp/test-disk-big/23/66</Query>
  </Pair>
  <Pair reval="1d">
    <File perm="0444">/23/67</File>
    <Query type="disk">/tmp/test-disk-big/23/67</Query>
  </Pair>
  <Pair reval="1d">
    <File perm="0444">/23/68</File>
    <Query type="disk">/tmp/test-disk-big/23/68</Query>
  </Pair>
  <Pair reval="1d">
    <File perm="0444">/23/69</File>
    <Query type="disk">/tmp/test-disk-big/23/69</Query>
  </Pair>
  <Pair reval="1d">
    <File perm="0444">/23/7</File>
    <Query type="disk">/tmp/test-disk-big/23/7</Query>
  </Pair>
  <Pair reval="1d">
    <File perm="0444">/23/70</File>
    <Query type="disk">/tmp/test-disk-big/23/70</Query>
  </Pair>
  <Pair reval="1d">
    <File perm="0444">/23/71</File>
    <Query type="disk">/tmp/test-disk-big/23/71</Query>
  </Pair>
  <Pair reval="1d">
    <File perm="0444">/23/72</File>
    <Query type="disk">/tmp/test-disk-big/23/72</Query>
  </Pair>
  <Pair reval="1d">
    <File perm="0444">/23/73</File>
    <Query type="disk">/tmp/test-disk-big/23/73</Query>
  </Pair>
  <Pair reval="1d">
    <File perm="0444">/23/74</File>
    <Query type="disk">/tmp/test-disk-big/23/74</Query>
  </Pair>
  <Pair reval="1d">
    <File perm="0444">/23/75</File>
    <Query type="disk">/tmp/test-disk-big/23/75</Query>
  </Pair>
  <Pair reval="1d">
    <File perm="0444">/23/76</File>
    <Query type="disk">/tmp/test-disk-big/23/76</Query>
  </Pair>
  <Pair reval="1d">
    <File perm="0444">/23/77</File>
    <Query type="disk">/tmp/test-disk-big/23/77</Query>
  </Pair>
  <Pair reval="1d">
    <File perm="0444">/23/78</File>
    <Query type="disk">/tmp/test-disk-big/23/78</Query>
  </Pair>
  <Pair reval="1d">
    <File perm="0444">/23/79</File>
    <Query type="disk">/tmp/test-disk-big/23/79</Query>
  </Pair>
  <Pair reval="1d">
    <File perm="0444">/23/8</File>
    <Query type="disk">/tmp/test-disk-big/23/8</Query>
  </Pair>
  <Pair reval="1d">
    <File perm="0444">/23/80</File>
    <Query type="disk">/tmp/test-disk-big/23/80</Query>
  </Pair>
  <Pair reval="1d">
    <File perm="0444">/23/81</File>
    <Query type="disk">/tmp/test-disk-big/23/81</Query>
  </Pair>
  <Pair reval="1d">
    <File perm="0444">/23/82</File>
    <Query type="disk">/tmp/test-disk-big/23/82</Query>
  </Pair>
  <Pair reval="1d">
    <File perm="0444">/23/83</File>
    <Query type="disk">/tmp/test-disk-big/23/83</Query>
  </Pair>
  <Pair reval="1d">
    <File perm="0444">/23/84</File>
    <Query type="disk">/tmp/test-disk-big/23/84</Query>
  </Pair>
  <Pair reval="1d">
    <File perm="0444">/23/85</File>
    <Query type="disk">/tmp/test-disk-big/23/85</Query>
  </Pair>
  <Pair reval="1d">
    <File perm="0444">/23/86</File>
    <Query type="disk">/tmp/test-disk-big/23/86</Query>
  </Pair>
  <Pair reval="1d">
    <File perm="0444">/23/87</File>
    <Query type="disk">/tmp/test-disk-big/23/87</Query>
  </Pair>
  <Pair reval="1d">
    <File perm="0444">/23/88</File>
    <Query type="disk">/tmp/test-disk-big/23/88</Query>
  </Pair>
  <Pair reval="1d">
    <File perm="0444">/23/89</File>
    <Query type="disk">/tmp/test-disk-big/23/89</Query>
  </Pair>
  <Pair reval="1d">
    <File perm="0444">/23/9</File>
    <Query type="disk">/tmp/test-disk-big/23/9</Query>
  </Pair>
  <Pair reval="1d">
    <File perm="0444">/23/90</File>
    <Query type="disk">/tmp/test-disk-big/23/90</Query>
  </Pair>
  <Pair reval="1d">
    <File perm="0444">/23/91</File>
    <Query type="disk">/tmp/test-disk-big/23/91</Query>
  </Pair>
  <Pair reval="1d">
    <File perm="0444">/23/92</File>
    <Query type="disk">/tmp/test-disk-big/23/92</Query>
  </Pair>
  <Pair reval="1d">
    <File perm="0444">/23/93</File>
    <Query type="disk">/tmp/test-disk-big/23/93</Query>
  </Pair>
  <Pair reval="1d">
    <File perm="0444">/23/94</File>
    <Query type="disk">/tmp/test-disk-big/23/94</Query>
  </Pair>
  <Pair reval="1d">
    <File perm="0444">/23/95</File>
    <Query type="disk">/tmp/test-disk-big/23/95</Query>
  </Pair>
  <Pair reval="1d">
    <File perm="0444">/23/96</File>
    <Query type="disk">/tmp/test-disk-big/23/96</Query>
  </Pair>
  <Pair reval="1d">
    <File perm="0444">/23/97</File>
    <Query type="disk">/tmp/test-disk-big/23/97</Query>
  </Pair>
  <Pair reval="1d">
    <File perm="0444">/23/98</File>
    <Query type="disk">/tmp/test-disk-big/23/98</Query>
  </Pair>
  <Pair reval="1d">
    <File perm="0444">/23/99</File>
    <Query type="disk">/tmp/test-disk-big/23/99</Query>
  </Pair>
  <Pair reval="1d">
    <Dir perm="0555">/24</Dir>
    <Query type="disk"></Query>
  </Pair>
  <Pair reval="1d">
    <File perm="0444">/24/1</File>
    <Query type="disk">/tmp/test-disk-big/24/1</Query>
  </Pair>
  <Pair reval="1d">
    <File perm="0444">/24/10</File>
    <Query type="disk">/tmp/test-disk-big/24/10</Query>
  </Pair>
  <Pair reval="1d">
    <File perm="0444">/24/100</File>
    <Query type="disk">/tmp/test-disk-big/24/100</Query>
  </Pair>
  <Pair reval="1d">
    <File perm="0444">/24/11</File>
    <Query type="disk">/tmp/test-disk-big/24/11</Query>
  </Pair>
  <Pair reval="1d">
    <File perm="0444">/24/12</File>
    <Query type="disk">/tmp/test-disk-big/24/12</Query>
  </Pair>
  <Pair reval="1d">
    <File perm="0444">/24/13</File>
    <Query type="disk">/tmp/test-disk-big/24/13</Query>
  </Pair>
  <Pair reval="1d">
    <File perm="0444">/24/14</File>
    <Query type="disk">/tmp/test-disk-big/24/14</Query>
  </Pair>
  <Pair reval="1d">
    <File perm="0444">/24/15</File>
    <Query type="disk">/tmp/test-disk-big/24/15</Query>
  </Pair>
  <Pair reval="1d">
    <File perm="0444">/24/16</File>
    <Query type="disk">/tmp/test-disk-big/24/16</Query>
  </Pair>
  <Pair reval="1d">
    <File perm="0444">/24/17</File>
    <Query type="disk">/tmp/test-disk-big/24/17</Query>
  </Pair>
  <Pair reval="1d">
    <File perm="0444">/24/18</File>
    <Query type="disk">/tmp/test-disk-big/24/18</Query>
  </Pair>
  <Pair reval="1d">
    <File perm="0444">/24/19</File>
    <Query type="disk">/tmp/test-disk-big/24/19</Query>
  </Pair>
  <Pair reval="1d">
    <File perm="0444">/24/2</File>
    <Query type="disk">/tmp/test-disk-big/24/2</Query>
  </Pair>
  <Pair reval="1d">
    <File perm="0444">/24/20</File>
    <Query type="disk">/tmp/test-disk-big/24/20</Query>
  </Pair>
  <Pair reval="1d">
    <File perm="0444">/24/21</File>
    <Query type="disk">/tmp/test-disk-big/24/21</Query>
  </Pair>
  <Pair reval="1d">
    <File perm="0444">/24/22</File>
    <Query type="disk">/tmp/test-disk-big/24/22</Query>
  </Pair>
  <Pair reval="1d">
    <File perm="0444">/24/23</File>
    <Query type="disk">/tmp/test-disk-big/24/23</Query>
  </Pair>
  <Pair reval="1d">
    <File perm="0444">/24/24</File>
    <Query type="disk">/tmp/test-disk-big/24/24</Query>
  </Pair>
  <Pair reval="1d">
    <File perm="0444">/24/25</File>
    <Query type="disk">/tmp/test-disk-big/24/25</Query>
  </Pair>
  <Pair reval="1d">
    <File perm="0444">/24/26</File>
    <Query type="disk">/tmp/test-disk-big/24/26</Query>
  </Pair>
  <Pair reval="1d">
    <File perm="0444">/24/27</File>
    <Query type="disk">/tmp/test-disk-big/24/27</Query>
  </Pair>
  <Pair reval="1d">
    <File perm="0444">/24/28</File>
    <Query type="disk">/tmp/test-disk-big/24/28</Query>
  </Pair>
  <Pair reval="1d">
    <File perm="0444">/24/29</File>
    <Query type="disk">/tmp/test-disk-big/24/29</Query>
  </Pair>
  <Pair reval="1d">
    <File perm="0444">/24/3</File>
    <Query type="disk">/tmp/test-disk-big/24/3</Query>
  </Pair>
  <Pair reval="1d">
    <File perm="0444">/24/30</File>
    <Query type="disk">/tmp/test-disk-big/24/30</Query>
  </Pair>
  <Pair reval="1d">
    <File perm="0444">/24/31</File>
    <Query type="disk">/tmp/test-disk-big/24/31</Query>
  </Pair>
  <Pair reval="1d">
    <File perm="0444">/24/32</File>
    <Query type="disk">/tmp/test-disk-big/24/32</Query>
  </Pair>
  <Pair reval="1d">
    <File perm="0444">/24/33</File>
    <Query type="disk">/tmp/test-disk-big/24/33</Query>
  </Pair>
  <Pair reval="1d">
    <File perm="0444">/24/34</File>
    <Query type="disk">/tmp/test-disk-big/24/34</Query>
  </Pair>
  <Pair reval="1d">
    <File perm="0444">/24/35</File>
    <Query type="disk">/tmp/test-disk-big/24/35</Query>
  </Pair>
  <Pair reval="1d">
    <File perm="0444">/24/36</File>
    <Query type="disk">/tmp/test-disk-big/24/36</Query>
  </Pair>
  <Pair reval="1d">
    <File perm="0444">/24/37</File>
    <Query type="disk">/tmp/test-disk-big/24/37</Query>
  </Pair>
  <Pair reval="1d">
    <File perm="0444">/24/38</File>
    <Query type="disk">/tmp/test-disk-big/24/38</Query>
  </Pair>
  <Pair reval="1d">
    <File perm="0444">/24/39</File>
    <Query type="disk">/tmp/test-disk-big/24/39</Query>
  </Pair>
  <Pair reval="1d">
    <File perm="0444">/24/4</File>
    <Query type="disk">/tmp/test-disk-big/24/4</Query>
  </Pair>
  <Pair reval="1d">
    <File perm="0444">/24/40</File>
    <Query type="disk">/tmp/test-disk-big/24/40</Query>
  </Pair>
  <Pair reval="1d">
    <File perm="0444">/24/41</File>
    <Query type="disk">/tmp/test-disk-big/24/41</Query>
  </Pair>
  <Pair reval="1d">
    <File perm="0444">/24/42</File>
    <Query type="disk">/tmp/test-disk-big/24/42</Query>
  </Pair>
  <Pair reval="1d">
    <File perm="0444">/24/43</File>
    <Query type="disk">/tmp/test-disk-big/24/43</Query>
  </Pair>
  <Pair reval="1d">
    <File perm="0444">/24/44</File>
    <Query type="disk">/tmp/test-disk-big/24/44</Query>
  </Pair>
  <Pair reval="1d">
    <File perm="0444">/24/45</File>
    <Query type="disk">/tmp/test-disk-big/24/45</Query>
  </Pair>
  <Pair reval="1d">
    <File perm="0444">/24/46</File>
    <Query type="disk">/tmp/test-disk-big/24/46</Query>
  </Pair>
  <Pair reval="1d">
    <File perm="0444">/24/47</File>
    <Query type="disk">/tmp/test-disk-big/24/47</Query>
  </Pair>
  <Pair reval="1d">
    <File perm="0444">/24/48</File>
    <Query type="disk">/tmp/test-disk-big/24/48</Query>
  </Pair>
  <Pair reval="1d">
    <File perm="0444">/24/49</File>
    <Query type="disk">/tmp/test-disk-big/24/49</Query>
  </Pair>
  <Pair reval="1d">
    <File perm="0444">/24/5</File>
    <Query type="disk">/tmp/test-disk-big/24/5</Query>
  </Pair>
  <Pair reval="1d">
    <File perm="0444">/24/50</File>
    <Query type="disk">/tmp/test-disk-big/24/50</Query>
  </Pair>
  <Pair reval="1d">
    <File perm="0444">/24/51</File>
    <Query type="disk">/tmp/test-disk-big/24/51</Query>
  </Pair>
  <Pair reval="1d">
    <File perm="0444">/24/52</File>
    <Query type="disk">/tmp/test-disk-big/24/52</Query>
  </Pair>
  <Pair reval="1d">
    <File perm="0444">/24/53</File>
    <Query type="disk">/tmp/test-disk-big/24/53</Query>
  </Pair>
  <Pair reval="1d">
    <File perm="0444">/24/54</File>
    <Query type="disk">/tmp/test-disk-big/24/54</Query>
  </Pair>
  <Pair reval="1d">
    <File perm="0444">/24/55</File>
    <Query type="disk">/tmp/test-disk-big/24/55</Query>
  </Pair>
  <Pair reval="1d">
    <File perm="0444">/24/56</File>
    <Query type="disk">/tmp/test-disk-big/24/56</Query>
  </Pair>
  <Pair reval="1d">
    <File perm="0444">/24/57</File>
    <Query type="disk">/tmp/test-disk-big/24/57</Query>
  </Pair>
  <Pair reval="1d">
    <File perm="0444">/24/58</File>
    <Query type="disk">/tmp/test-disk-big/24/58</Query>
  </Pair>
  <Pair reval="1d">
    <File perm="0444">/24/59</File>
    <Query type="disk">/tmp/test-disk-big/24/59</Query>
  </Pair>
  <Pair reval="1d">
    <File perm="0444">/24/6</File>
    <Query type="disk">/tmp/test-disk-big/24/6</Query>
  </Pair>
  <Pair reval="1d">
    <File perm="0444">/24/60</File>
    <Query type="disk">/tmp/test-disk-big/24/60</Query>
  </Pair>
  <Pair reval="1d">
    <File perm="0444">/24/61</File>
    <Query type="disk">/tmp/test-disk-big/24/61</Query>
  </Pair>
  <Pair reval="1d">
    <File perm="0444">/24/62</File>
    <Query type="disk">/tmp/test-disk-big/24/62</Query>
  </Pair>
  <Pair reval="1d">
    <File perm="0444">/24/63</File>
    <Query type="disk">/tmp/test-disk-big/24/63</Query>
  </Pair>
  <Pair reval="1d">
    <File perm="0444">/24/64</File>
    <Query type="disk">/tmp/test-disk-big/24/64</Query>
  </Pair>
  <Pair reval="1d">
    <File perm="0444">/24/65</File>
    <Query type="disk">/tmp/test-disk-big/24/65</Query>
  </Pair>
  <Pair reval="1d">
    <File perm="0444">/24/66</File>
    <Query type="disk">/tmp/test-disk-big/24/66</Query>
  </Pair>
  <Pair reval="1d">
    <File perm="0444">/24/67</File>
    <Query type="disk">/tmp/test-disk-big/24/67</Query>
  </Pair>
  <Pair reval="1d">
    <File perm="0444">/24/68</File>
    <Query type="disk">/tmp/test-disk-big/24/68</Query>
  </Pair>
  <Pair reval="1d">
    <File perm="0444">/24/69</File>
    <Query type="disk">/tmp/test-disk-big/24/69</Query>
  </Pair>
  <Pair reval="1d">
    <File perm="0444">/24/7</File>
    <Query type="disk">/tmp/test-disk-big/24/7</Query>
  </Pair>
  <Pair reval="1d">
    <File perm="0444">/24/70</File>
    <Query type="disk">/tmp/test-disk-big/24/70</Query>
  </Pair>
  <Pair reval="1d">
    <File perm="0444">/24/71</File>
    <Query type="disk">/tmp/test-disk-big/24/71</Query>
  </Pair>
  <Pair reval="1d">
    <File perm="0444">/24/72</File>
    <Query type="disk">/tmp/test-disk-big/24/72</Query>
  </Pair>
  <Pair reval="1d">
    <File perm="0444">/24/73</File>
    <Query type="disk">/tmp/test-disk-big/24/73</Query>
  </Pair>
  <Pair reval="1d">
    <File perm="0444">/24/74</File>
    <Query type="disk">/tmp/test-disk-big/24/74</Query>
  </Pair>
  <Pair reval="1d">
    <File perm="0444">/24/75</File>
    <Query type="disk">/tmp/test-disk-big/24/75</Query>
  </Pair>
  <Pair reval="1d">
    <File perm="0444">/24/76</File>
    <Query type="disk">/tmp/test-disk-big/24/76</Query>
  </Pair>
  <Pair reval="1d">
    <File perm="0444">/24/77</File>
    <Query type="disk">/tmp/test-disk-big/24/77</Query>
  </Pair>
  <Pair reval="1d">
    <File perm="0444">/24/78</File>
    <Query type="disk">/tmp/test-disk-big/24/78</Query>
  </Pair>
  <Pair reval="1d">
    <File perm="0444">/24/79</File>
    <Query type="disk">/tmp/test-disk-big/24/79</Query>
  </Pair>
  <Pair reval="1d">
    <File perm="0444">/24/8</File>
    <Query type="disk">/tmp/test-disk-big/24/8</Query>
  </Pair>
  <Pair reval="1d">
    <File perm="0444">/24/80</File>
    <Query type="disk">/tmp/test-disk-big/24/80</Query>
  </Pair>
  <Pair reval="1d">
    <File perm="0444">/24/81</File>
    <Query type="disk">/tmp/test-disk-big/24/81</Query>
  </Pair>
  <Pair reval="1d">
    <File perm="0444">/24/82</File>
    <Query type="disk">/tmp/test-disk-big/24/82</Query>
  </Pair>
  <Pair reval="1d">
    <File perm="0444">/24/83</File>
    <Query type="disk">/tmp/test-disk-big/24/83</Query>
  </Pair>
  <Pair reval="1d">
    <File perm="0444">/24/84</File>
    <Query type="disk">/tmp/test-disk-big/24/84</Query>
  </Pair>
  <Pair reval="1d">
    <File perm="0444">/24/85</File>
    <Query type="disk">/tmp/test-disk-big/24/85</Query>
  </Pair>
  <Pair reval="1d">
    <File perm="0444">/24/86</File>
    <Query type="disk">/tmp/test-disk-big/24/86</Query>
  </Pair>
  <Pair reval="1d">
    <File perm="0444">/24/87</File>
    <Query type="disk">/tmp/test-disk-big/24/87</Query>
  </Pair>
  <Pair reval="1d">
    <File perm="0444">/24/88</File>
    <Query type="disk">/tmp/test-disk-big/24/88</Query>
  </Pair>
  <Pair reval="1d">
    <File perm="0444">/24/89</File>
    <Query type="disk">/tmp/test-disk-big/24/89</Query>
  </Pair>
  <Pair reval="1d">
    <File perm="0444">/24/9</File>
    <Query type="disk">/tmp/test-disk-big/24/9</Query>
  </Pair>
  <Pair reval="1d">
    <File perm="0444">/24/90</File>
    <Query type="disk">/tmp/test-disk-big/24/90</Query>
  </Pair>
  <Pair reval="1d">
    <File perm="0444">/24/91</File>
    <Query type="disk">/tmp/test-disk-big/24/91</Query>
  </Pair>
  <Pair reval="1d">
    <File perm="0444">/24/92</File>
    <Query type="disk">/tmp/test-disk-big/24/92</Query>
  </Pair>
  <Pair reval="1d">
    <File perm="0444">/24/93</File>
    <Query type="disk">/tmp/test-disk-big/24/93</Query>
  </Pair>
  <Pair reval="1d">
    <File perm="0444">/24/94</File>
    <Query type="disk">/tmp/test-disk-big/24/94</Query>
  </Pair>
  <Pair reval="1d">
    <File perm="0444">/24/95</File>
    <Query type="disk">/tmp/test-disk-big/24/95</Query>
  </Pair>
  <Pair reval="1d">
    <File perm="0444">/24/96</File>
    <Query type="disk">/tmp/test-disk-big/24/96</Query>
  </Pair>
  <Pair reval="1d">
    <File perm="0444">/24/97</File>
    <Query type="disk">/tmp/test-disk-big/24/97</Query>
  </Pair>
  <Pair reval="1d">
    <File perm="0444">/24/98</File>
    <Query type="disk">/tmp/test-disk-big/24/98</Query>
  </Pair>
  <Pair reval="1d">
    <File perm="0444">/24/99</File>
    <Query type="disk">/tmp/test-disk-big/24/99</Query>
  </Pair>
  <Pair reval="1d">
    <Dir perm="0555">/25</Dir>
    <Query type="disk"></Query>
  </Pair>
  <Pair reval="1d">
    <File perm="0444">/25/1</File>
    <Query type="disk">/tmp/test-disk-big/25/1</Query>
  </Pair>
  <Pair reval="1d">
    <File perm="0444">/25/10</File>
    <Query type="disk">/tmp/test-disk-big/25/10</Query>
  </Pair>
  <Pair reval="1d">
    <File perm="0444">/25/100</File>
    <Query type="disk">/tmp/test-disk-big/25/100</Query>
  </Pair>
  <Pair reval="1d">
    <File perm="0444">/25/11</File>
    <Query type="disk">/tmp/test-disk-big/25/11</Query>
  </Pair>
  <Pair reval="1d">
    <File perm="0444">/25/12</File>
    <Query type="disk">/tmp/test-disk-big/25/12</Query>
  </Pair>
  <Pair reval="1d">
    <File perm="0444">/25/13</File>
    <Query type="disk">/tmp/test-disk-big/25/13</Query>
  </Pair>
  <Pair reval="1d">
    <File perm="0444">/25/14</File>
    <Query type="disk">/tmp/test-disk-big/25/14</Query>
  </Pair>
  <Pair reval="1d">
    <File perm="0444">/25/15</File>
    <Query type="disk">/tmp/test-disk-big/25/15</Query>
  </Pair>
  <Pair reval="1d">
    <File perm="0444">/25/16</File>
    <Query type="disk">/tmp/test-disk-big/25/16</Query>
  </Pair>
  <Pair reval="1d">
    <File perm="0444">/25/17</File>
    <Query type="disk">/tmp/test-disk-big/25/17</Query>
  </Pair>
  <Pair reval="1d">
    <File perm="0444">/25/18</File>
    <Query type="disk">/tmp/test-disk-big/25/18</Query>
  </Pair>
  <Pair reval="1d">
    <File perm="0444">/25/19</File>
    <Query type="disk">/tmp/test-disk-big/25/19</Query>
  </Pair>
  <Pair reval="1d">
    <File perm="0444">/25/2</File>
    <Query type="disk">/tmp/test-disk-big/25/2</Query>
  </Pair>
  <Pair reval="1d">
    <File perm="0444">/25/20</File>
    <Query type="disk">/tmp/test-disk-big/25/20</Query>
  </Pair>
  <Pair reval="1d">
    <File perm="0444">/25/21</File>
    <Query type="disk">/tmp/test-disk-big/25/21</Query>
  </Pair>
  <Pair reval="1d">
    <File perm="0444">/25/22</File>
    <Query type="disk">/tmp/test-disk-big/25/22</Query>
  </Pair>
  <Pair reval="1d">
    <File perm="0444">/25/23</File>
    <Query type="disk">/tmp/test-disk-big/25/23</Query>
  </Pair>
  <Pair reval="1d">
    <File perm="0444">/25/24</File>
    <Query type="disk">/tmp/test-disk-big/25/24</Query>
  </Pair>
  <Pair reval="1d">
    <File perm="0444">/25/25</File>
    <Query type="disk">/tmp/test-disk-big/25/25</Query>
  </Pair>
  <Pair reval="1d">
    <File perm="0444">/25/26</File>
    <Query type="disk">/tmp/test-disk-big/25/26</Query>
  </Pair>
  <Pair reval="1d">
    <File perm="0444">/25/27</File>
    <Query type="disk">/tmp/test-disk-big/25/27</Query>
  </Pair>
  <Pair reval="1d">
    <File perm="0444">/25/28</File>
    <Query type="disk">/tmp/test-disk-big/25/28</Query>
  </Pair>
  <Pair reval="1d">
    <File perm="0444">/25/29</File>
    <Query type="disk">/tmp/test-disk-big/25/29</Query>
  </Pair>
  <Pair reval="1d">
    <File perm="0444">/25/3</File>
    <Query type="disk">/tmp/test-disk-big/25/3</Query>
  </Pair>
  <Pair reval="1d">
    <File perm="0444">/25/30</File>
    <Query type="disk">/tmp/test-disk-big/25/30</Query>
  </Pair>
  <Pair reval="1d">
    <File perm="0444">/25/31</File>
    <Query type="disk">/tmp/test-disk-big/25/31</Query>
  </Pair>
  <Pair reval="1d">
    <File perm="0444">/25/32</File>
    <Query type="disk">/tmp/test-disk-big/25/32</Query>
  </Pair>
  <Pair reval="1d">
    <File perm="0444">/25/33</File>
    <Query type="disk">/tmp/test-disk-big/25/33</Query>
  </Pair>
  <Pair reval="1d">
    <File perm="0444">/25/34</File>
    <Query type="disk">/tmp/test-disk-big/25/34</Query>
  </Pair>
  <Pair reval="1d">
    <File perm="0444">/25/35</File>
    <Query type="disk">/tmp/test-disk-big/25/35</Query>
  </Pair>
  <Pair reval="1d">
    <File perm="0444">/25/36</File>
    <Query type="disk">/tmp/test-disk-big/25/36</Query>
  </Pair>
  <Pair reval="1d">
    <File perm="0444">/25/37</File>
    <Query type="disk">/tmp/test-disk-big/25/37</Query>
  </Pair>
  <Pair reval="1d">
    <File perm="0444">/25/38</File>
    <Query type="disk">/tmp/test-disk-big/25/38</Query>
  </Pair>
  <Pair reval="1d">
    <File perm="0444">/25/39</File>
    <Query type="disk">/tmp/test-disk-big/25/39</Query>
  </Pair>
  <Pair reval="1d">
    <File perm="0444">/25/4</File>
    <Query type="disk">/tmp/test-disk-big/25/4</Query>
  </Pair>
  <Pair reval="1d">
    <File perm="0444">/25/40</File>
    <Query type="disk">/tmp/test-disk-big/25/40</Query>
  </Pair>
  <Pair reval="1d">
    <File perm="0444">/25/41</File>
    <Query type="disk">/tmp/test-disk-big/25/41</Query>
  </Pair>
  <Pair reval="1d">
    <File perm="0444">/25/42</File>
    <Query type="disk">/tmp/test-disk-big/25/42</Query>
  </Pair>
  <Pair reval="1d">
    <File perm="0444">/25/43</File>
    <Query type="disk">/tmp/test-disk-big/25/43</Query>
  </Pair>
  <Pair reval="1d">
    <File perm="0444">/25/44</File>
    <Query type="disk">/tmp/test-disk-big/25/44</Query>
  </Pair>
  <Pair reval="1d">
    <File perm="0444">/25/45</File>
    <Query type="disk">/tmp/test-disk-big/25/45</Query>
  </Pair>
  <Pair reval="1d">
    <File perm="0444">/25/46</File>
    <Query type="disk">/tmp/test-disk-big/25/46</Query>
  </Pair>
  <Pair reval="1d">
    <File perm="0444">/25/47</File>
    <Query type="disk">/tmp/test-disk-big/25/47</Query>
  </Pair>
  <Pair reval="1d">
    <File perm="0444">/25/48</File>
    <Query type="disk">/tmp/test-disk-big/25/48</Query>
  </Pair>
  <Pair reval="1d">
    <File perm="0444">/25/49</File>
    <Query type="disk">/tmp/test-disk-big/25/49</Query>
  </Pair>
  <Pair reval="1d">
    <File perm="0444">/25/5</File>
    <Query type="disk">/tmp/test-disk-big/25/5</Query>
  </Pair>
  <Pair reval="1d">
    <File perm="0444">/25/50</File>
    <Query type="disk">/tmp/test-disk-big/25/50</Query>
  </Pair>
  <Pair reval="1d">
    <File perm="0444">/25/51</File>
    <Query type="disk">/tmp/test-disk-big/25/51</Query>
  </Pair>
  <Pair reval="1d">
    <File perm="0444">/25/52</File>
    <Query type="disk">/tmp/test-disk-big/25/52</Query>
  </Pair>
  <Pair reval="1d">
    <File perm="0444">/25/53</File>
    <Query type="disk">/tmp/test-disk-big/25/53</Query>
  </Pair>
  <Pair reval="1d">
    <File perm="0444">/25/54</File>
    <Query type="disk">/tmp/test-disk-big/25/54</Query>
  </Pair>
  <Pair reval="1d">
    <File perm="0444">/25/55</File>
    <Query type="disk">/tmp/test-disk-big/25/55</Query>
  </Pair>
  <Pair reval="1d">
    <File perm="0444">/25/56</File>
    <Query type="disk">/tmp/test-disk-big/25/56</Query>
  </Pair>
  <Pair reval="1d">
    <File perm="0444">/25/57</File>
    <Query type="disk">/tmp/test-disk-big/25/57</Query>
  </Pair>
  <Pair reval="1d">
    <File perm="0444">/25/58</File>
    <Query type="disk">/tmp/test-disk-big/25/58</Query>
  </Pair>
  <Pair reval="1d">
    <File perm="0444">/25/59</File>
    <Query type="disk">/tmp/test-disk-big/25/59</Query>
  </Pair>
  <Pair reval="1d">
    <File perm="0444">/25/6</File>
    <Query type="disk">/tmp/test-disk-big/25/6</Query>
  </Pair>
  <Pair reval="1d">
    <File perm="0444">/25/60</File>
    <Query type="disk">/tmp/test-disk-big/25/60</Query>
  </Pair>
  <Pair reval="1d">
    <File perm="0444">/25/61</File>
    <Query type="disk">/tmp/test-disk-big/25/61</Query>
  </Pair>
  <Pair reval="1d">
    <File perm="0444">/25/62</File>
    <Query type="disk">/tmp/test-disk-big/25/62</Query>
  </Pair>
  <Pair reval="1d">
    <File perm="0444">/25/63</File>
    <Query type="disk">/tmp/test-disk-big/25/63</Query>
  </Pair>
  <Pair reval="1d">
    <File perm="0444">/25/64</File>
    <Query type="disk">/tmp/test-disk-big/25/64</Query>
  </Pair>
  <Pair reval="1d">
    <File perm="0444">/25/65</File>
    <Query type="disk">/tmp/test-disk-big/25/65</Query>
  </Pair>
  <Pair reval="1d">
    <File perm="0444">/25/66</File>
    <Query type="disk">/tmp/test-disk-big/25/66</Query>
  </Pair>
  <Pair reval="1d">
    <File perm="0444">/25/67</File>
    <Query type="disk">/tmp/test-disk-big/25/67</Query>
  </Pair>
  <Pair reval="1d">
    <File perm="0444">/25/68</File>
    <Query type="disk">/tmp/test-disk-big/25/68</Query>
  </Pair>
  <Pair reval="1d">
    <File perm="0444">/25/69</File>
    <Query type="disk">/tmp/test-disk-big/25/69</Query>
  </Pair>
  <Pair reval="1d">
    <File perm="0444">/25/7</File>
    <Query type="disk">/tmp/test-disk-big/25/7</Query>
  </Pair>
  <Pair reval="1d">
    <File perm="0444">/25/70</File>
    <Query type="disk">/tmp/test-disk-big/25/70</Query>
  </Pair>
  <Pair reval="1d">
    <File perm="0444">/25/71</File>
    <Query type="disk">/tmp/test-disk-big/25/71</Query>
  </Pair>
  <Pair reval="1d">
    <File perm="0444">/25/72</File>
    <Query type="disk">/tmp/test-disk-big/25/72</Query>
  </Pair>
  <Pair reval="1d">
    <File perm="0444">/25/73</File>
    <Query type="disk">/tmp/test-disk-big/25/73</Query>
  </Pair>
  <Pair reval="1d">
    <File perm="0444">/25/74</File>
    <Query type="disk">/tmp/test-disk-big/25/74</Query>
  </Pair>
  <Pair reval="1d">
    <File perm="0444">/25/75</File>
    <Query type="disk">/tmp/test-disk-big/25/75</Query>
  </Pair>
  <Pair reval="1d">
    <File perm="0444">/25/76</File>
    <Query type="disk">/tmp/test-disk-big/25/76</Query>
  </Pair>
  <Pair reval="1d">
    <File perm="0444">/25/77</File>
    <Query type="disk">/tmp/test-disk-big/25/77</Query>
  </Pair>
  <Pair reval="1d">
    <File perm="0444">/25/78</File>
    <Query type="disk">/tmp/test-disk-big/25/78</Query>
  </Pair>
  <Pair reval="1d">
    <File perm="0444">/25/79</File>
    <Query type="disk">/tmp/test-disk-big/25/79</Query>
  </Pair>
  <Pair reval="1d">
    <File perm="0444">/25/8</File>
    <Query type="disk">/tmp/test-disk-big/25/8</Query>
  </Pair>
  <Pair reval="1d">
    <File perm="0444">/25/80</File>
    <Query type="disk">/tmp/test-disk-big/25/80</Query>
  </Pair>
  <Pair reval="1d">
    <File perm="0444">/25/81</File>
    <Query type="disk">/tmp/test-disk-big/25/81</Query>
  </Pair>
  <Pair reval="1d">
    <File perm="0444">/25/82</File>
    <Query type="disk">/tmp/test-disk-big/25/82</Query>
  </Pair>
  <Pair reval="1d">
    <File perm="0444">/25/83</File>
    <Query type="disk">/tmp/test-disk-big/25/83</Query>
  </Pair>
  <Pair reval="1d">
    <File perm="0444">/25/84</File>
    <Query type="disk">/tmp/test-disk-big/25/84</Query>
  </Pair>
  <Pair reval="1d">
    <File perm="0444">/25/85</File>
    <Query type="disk">/tmp/test-disk-big/25/85</Query>
  </Pair>
  <Pair reval="1d">
    <File perm="0444">/25/86</File>
    <Query type="disk">/tmp/test-disk-big/25/86</Query>
  </Pair>
  <Pair reval="1d">
    <File perm="0444">/25/87</File>
    <Query type="disk">/tmp/test-disk-big/25/87</Query>
  </Pair>
  <Pair reval="1d">
    <File perm="0444">/25/88</File>
    <Query type="disk">/tmp/test-disk-big/25/88</Query>
  </Pair>
  <Pair reval="1d">
    <File perm="0444">/25/89</File>
    <Query type="disk">/tmp/test-disk-big/25/89</Query>
  </Pair>
  <Pair reval="1d">
    <File perm="0444">/25/9</File>
    <Query type="disk">/tmp/test-disk-big/25/9</Query>
  </Pair>
  <Pair reval="1d">
    <File perm="0444">/25/90</File>
    <Query type="disk">/tmp/test-disk-big/25/90</Query>
  </Pair>
  <Pair reval="1d">
    <File perm="0444">/25/91</File>
    <Query type="disk">/tmp/test-disk-big/25/91</Query>
  </Pair>
  <Pair reval="1d">
    <File perm="0444">/25/92</File>
    <Query type="disk">/tmp/test-disk-big/25/92</Query>
  </Pair>
  <Pair reval="1d">
    <File perm="0444">/25/93</File>
    <Query type="disk">/tmp/test-disk-big/25/93</Query>
  </Pair>
  <Pair reval="1d">
    <File perm="0444">/25/94</File>
    <Query type="disk">/tmp/test-disk-big/25/94</Query>
  </Pair>
  <Pair reval="1d">
    <File perm="0444">/25/95</File>
    <Query type="disk">/tmp/test-disk-big/25/95</Query>
  </Pair>
  <Pair reval="1d">
    <File perm="0444">/25/96</File>
    <Query type="disk">/tmp/test-disk-big/25/96</Query>
  </Pair>
  <Pair reval="1d">
    <File perm="0444">/25/97</File>
    <Query type="disk">/tmp/test-disk-big/25/97</Query>
  </Pair>
  <Pair reval="1d">
    <File perm="0444">/25/98</File>
    <Query type="disk">/tmp/test-disk-big/25/98</Query>
  </Pair>
  <Pair reval="1d">
    <File perm="0444">/25/99</File>
    <Query type="disk">/tmp/test-disk-big/25/99</Query>
  </Pair>
  <Pair reval="1d">
    <Dir perm="0555">/26</Dir>
    <Query type="disk"></Query>
  </Pair>
  <Pair reval="1d">
    <File perm="0444">/26/1</File>
    <Query type="disk">/tmp/test-disk-big/26/1</Query>
  </Pair>
  <Pair reval="1d">
    <File perm="0444">/26/10</File>
    <Query type="disk">/tmp/test-disk-big/26/10</Query>
  </Pair>
  <Pair reval="1d">
    <File perm="0444">/26/100</File>
    <Query type="disk">/tmp/test-disk-big/26/100</Query>
  </Pair>
  <Pair reval="1d">
    <File perm="0444">/26/11</File>
    <Query type="disk">/tmp/test-disk-big/26/11</Query>
  </Pair>
  <Pair reval="1d">
    <File perm="0444">/26/12</File>
    <Query type="disk">/tmp/test-disk-big/26/12</Query>
  </Pair>
  <Pair reval="1d">
    <File perm="0444">/26/13</File>
    <Query type="disk">/tmp/test-disk-big/26/13</Query>
  </Pair>
  <Pair reval="1d">
    <File perm="0444">/26/14</File>
    <Query type="disk">/tmp/test-disk-big/26/14</Query>
  </Pair>
  <Pair reval="1d">
    <File perm="0444">/26/15</File>
    <Query type="disk">/tmp/test-disk-big/26/15</Query>
  </Pair>
  <Pair reval="1d">
    <File perm="0444">/26/16</File>
    <Query type="disk">/tmp/test-disk-big/26/16</Query>
  </Pair>
  <Pair reval="1d">
    <File perm="0444">/26/17</File>
    <Query type="disk">/tmp/test-disk-big/26/17</Query>
  </Pair>
  <Pair reval="1d">
    <File perm="0444">/26/18</File>
    <Query type="disk">/tmp/test-disk-big/26/18</Query>
  </Pair>
  <Pair reval="1d">
    <File perm="0444">/26/19</File>
    <Query type="disk">/tmp/test-disk-big/26/19</Query>
  </Pair>
  <Pair reval="1d">
    <File perm="0444">/26/2</File>
    <Query type="disk">/tmp/test-disk-big/26/2</Query>
  </Pair>
  <Pair reval="1d">
    <File perm="0444">/26/20</File>
    <Query type="disk">/tmp/test-disk-big/26/20</Query>
  </Pair>
  <Pair reval="1d">
    <File perm="0444">/26/21</File>
    <Query type="disk">/tmp/test-disk-big/26/21</Query>
  </Pair>
  <Pair reval="1d">
    <File perm="0444">/26/22</File>
    <Query type="disk">/tmp/test-disk-big/26/22</Query>
  </Pair>
  <Pair reval="1d">
    <File perm="0444">/26/23</File>
    <Query type="disk">/tmp/test-disk-big/26/23</Query>
  </Pair>
  <Pair reval="1d">
    <File perm="0444">/26/24</File>
    <Query type="disk">/tmp/test-disk-big/26/24</Query>
  </Pair>
  <Pair reval="1d">
    <File perm="0444">/26/25</File>
    <Query type="disk">/tmp/test-disk-big/26/25</Query>
  </Pair>
  <Pair reval="1d">
    <File perm="0444">/26/26</File>
    <Query type="disk">/tmp/test-disk-big/26/26</Query>
  </Pair>
  <Pair reval="1d">
    <File perm="0444">/26/27</File>
    <Query type="disk">/tmp/test-disk-big/26/27</Query>
  </Pair>
  <Pair reval="1d">
    <File perm="0444">/26/28</File>
    <Query type="disk">/tmp/test-disk-big/26/28</Query>
  </Pair>
  <Pair reval="1d">
    <File perm="0444">/26/29</File>
    <Query type="disk">/tmp/test-disk-big/26/29</Query>
  </Pair>
  <Pair reval="1d">
    <File perm="0444">/26/3</File>
    <Query type="disk">/tmp/test-disk-big/26/3</Query>
  </Pair>
  <Pair reval="1d">
    <File perm="0444">/26/30</File>
    <Query type="disk">/tmp/test-disk-big/26/30</Query>
  </Pair>
  <Pair reval="1d">
    <File perm="0444">/26/31</File>
    <Query type="disk">/tmp/test-disk-big/26/31</Query>
  </Pair>
  <Pair reval="1d">
    <File perm="0444">/26/32</File>
    <Query type="disk">/tmp/test-disk-big/26/32</Query>
  </Pair>
  <Pair reval="1d">
    <File perm="0444">/26/33</File>
    <Query type="disk">/tmp/test-disk-big/26/33</Query>
  </Pair>
  <Pair reval="1d">
    <File perm="0444">/26/34</File>
    <Query type="disk">/tmp/test-disk-big/26/34</Query>
  </Pair>
  <Pair reval="1d">
    <File perm="0444">/26/35</File>
    <Query type="disk">/tmp/test-disk-big/26/35</Query>
  </Pair>
  <Pair reval="1d">
    <File perm="0444">/26/36</File>
    <Query type="disk">/tmp/test-disk-big/26/36</Query>
  </Pair>
  <Pair reval="1d">
    <File perm="0444">/26/37</File>
    <Query type="disk">/tmp/test-disk-big/26/37</Query>
  </Pair>
  <Pair reval="1d">
    <File perm="0444">/26/38</File>
    <Query type="disk">/tmp/test-disk-big/26/38</Query>
  </Pair>
  <Pair reval="1d">
    <File perm="0444">/26/39</File>
    <Query type="disk">/tmp/test-disk-big/26/39</Query>
  </Pair>
  <Pair reval="1d">
    <File perm="0444">/26/4</File>
    <Query type="disk">/tmp/test-disk-big/26/4</Query>
  </Pair>
  <Pair reval="1d">
    <File perm="0444">/26/40</File>
    <Query type="disk">/tmp/test-disk-big/26/40</Query>
  </Pair>
  <Pair reval="1d">
    <File perm="0444">/26/41</File>
    <Query type="disk">/tmp/test-disk-big/26/41</Query>
  </Pair>
  <Pair reval="1d">
    <File perm="0444">/26/42</File>
    <Query type="disk">/tmp/test-disk-big/26/42</Query>
  </Pair>
  <Pair reval="1d">
    <File perm="0444">/26/43</File>
    <Query type="disk">/tmp/test-disk-big/26/43</Query>
  </Pair>
  <Pair reval="1d">
    <File perm="0444">/26/44</File>
    <Query type="disk">/tmp/test-disk-big/26/44</Query>
  </Pair>
  <Pair reval="1d">
    <File perm="0444">/26/45</File>
    <Query type="disk">/tmp/test-disk-big/26/45</Query>
  </Pair>
  <Pair reval="1d">
    <File perm="0444">/26/46</File>
    <Query type="disk">/tmp/test-disk-big/26/46</Query>
  </Pair>
  <Pair reval="1d">
    <File perm="0444">/26/47</File>
    <Query type="disk">/tmp/test-disk-big/26/47</Query>
  </Pair>
  <Pair reval="1d">
    <File perm="0444">/26/48</File>
    <Query type="disk">/tmp/test-disk-big/26/48</Query>
  </Pair>
  <Pair reval="1d">
    <File perm="0444">/26/49</File>
    <Query type="disk">/tmp/test-disk-big/26/49</Query>
  </Pair>
  <Pair reval="1d">
    <File perm="0444">/26/5</File>
    <Query type="disk">/tmp/test-disk-big/26/5</Query>
  </Pair>
  <Pair reval="1d">
    <File perm="0444">/26/50</File>
    <Query type="disk">/tmp/test-disk-big/26/50</Query>
  </Pair>
  <Pair reval="1d">
    <File perm="0444">/26/51</File>
    <Query type="disk">/tmp/test-disk-big/26/51</Query>
  </Pair>
  <Pair reval="1d">
    <File perm="0444">/26/52</File>
    <Query type="disk">/tmp/test-disk-big/26/52</Query>
  </Pair>
  <Pair reval="1d">
    <File perm="0444">/26/53</File>
    <Query type="disk">/tmp/test-disk-big/26/53</Query>
  </Pair>
  <Pair reval="1d">
    <File perm="0444">/26/54</File>
    <Query type="disk">/tmp/test-disk-big/26/54</Query>
  </Pair>
  <Pair reval="1d">
    <File perm="0444">/26/55</File>
    <Query type="disk">/tmp/test-disk-big/26/55</Query>
  </Pair>
  <Pair reval="1d">
    <File perm="0444">/26/56</File>
    <Query type="disk">/tmp/test-disk-big/26/56</Query>
  </Pair>
  <Pair reval="1d">
    <File perm="0444">/26/57</File>
    <Query type="disk">/tmp/test-disk-big/26/57</Query>
  </Pair>
  <Pair reval="1d">
    <File perm="0444">/26/58</File>
    <Query type="disk">/tmp/test-disk-big/26/58</Query>
  </Pair>
  <Pair reval="1d">
    <File perm="0444">/26/59</File>
    <Query type="disk">/tmp/test-disk-big/26/59</Query>
  </Pair>
  <Pair reval="1d">
    <File perm="0444">/26/6</File>
    <Query type="disk">/tmp/test-disk-big/26/6</Query>
  </Pair>
  <Pair reval="1d">
    <File perm="0444">/26/60</File>
    <Query type="disk">/tmp/test-disk-big/26/60</Query>
  </Pair>
  <Pair reval="1d">
    <File perm="0444">/26/61</File>
    <Query type="disk">/tmp/test-disk-big/26/61</Query>
  </Pair>
  <Pair reval="1d">
    <File perm="0444">/26/62</File>
    <Query type="disk">/tmp/test-disk-big/26/62</Query>
  </Pair>
  <Pair reval="1d">
    <File perm="0444">/26/63</File>
    <Query type="disk">/tmp/test-disk-big/26/63</Query>
  </Pair>
  <Pair reval="1d">
    <File perm="0444">/26/64</File>
    <Query type="disk">/tmp/test-disk-big/26/64</Query>
  </Pair>
  <Pair reval="1d">
    <File perm="0444">/26/65</File>
    <Query type="disk">/tmp/test-disk-big/26/65</Query>
  </Pair>
  <Pair reval="1d">
    <File perm="0444">/26/66</File>
    <Query type="disk">/tmp/test-disk-big/26/66</Query>
  </Pair>
  <Pair reval="1d">
    <File perm="0444">/26/67</File>
    <Query type="disk">/tmp/test-disk-big/26/67</Query>
  </Pair>
  <Pair reval="1d">
    <File perm="0444">/26/68</File>
    <Query type="disk">/tmp/test-disk-big/26/68</Query>
  </Pair>
  <Pair reval="1d">
    <File perm="0444">/26/69</File>
    <Query type="disk">/tmp/test-disk-big/26/69</Query>
  </Pair>
  <Pair reval="1d">
    <File perm="0444">/26/7</File>
    <Query type="disk">/tmp/test-disk-big/26/7</Query>
  </Pair>
  <Pair reval="1d">
    <File perm="0444">/26/70</File>
    <Query type="disk">/tmp/test-disk-big/26/70</Query>
  </Pair>
  <Pair reval="1d">
    <File perm="0444">/26/71</File>
    <Query type="disk">/tmp/test-disk-big/26/71</Query>
  </Pair>
  <Pair reval="1d">
    <File perm="0444">/26/72</File>
    <Query type="disk">/tmp/test-disk-big/26/72</Query>
  </Pair>
  <Pair reval="1d">
    <File perm="0444">/26/73</File>
    <Query type="disk">/tmp/test-disk-big/26/73</Query>
  </Pair>
  <Pair reval="1d">
    <File perm="0444">/26/74</File>
    <Query type="disk">/tmp/test-disk-big/26/74</Query>
  </Pair>
  <Pair reval="1d">
    <File perm="0444">/26/75</File>
    <Query type="disk">/tmp/test-disk-big/26/75</Query>
  </Pair>
  <Pair reval="1d">
    <File perm="0444">/26/76</File>
    <Query type="disk">/tmp/test-disk-big/26/76</Query>
  </Pair>
  <Pair reval="1d">
    <File perm="0444">/26/77</File>
    <Query type="disk">/tmp/test-disk-big/26/77</Query>
  </Pair>
  <Pair reval="1d">
    <File perm="0444">/26/78</File>
    <Query type="disk">/tmp/test-disk-big/26/78</Query>
  </Pair>
  <Pair reval="1d">
    <File perm="0444">/26/79</File>
    <Query type="disk">/tmp/test-disk-big/26/79</Query>
  </Pair>
  <Pair reval="1d">
    <File perm="0444">/26/8</File>
    <Query type="disk">/tmp/test-disk-big/26/8</Query>
  </Pair>
  <Pair reval="1d">
    <File perm="0444">/26/80</File>
    <Query type="disk">/tmp/test-disk-big/26/80</Query>
  </Pair>
  <Pair reval="1d">
    <File perm="0444">/26/81</File>
    <Query type="disk">/tmp/test-disk-big/26/81</Query>
  </Pair>
  <Pair reval="1d">
    <File perm="0444">/26/82</File>
    <Query type="disk">/tmp/test-disk-big/26/82</Query>
  </Pair>
  <Pair reval="1d">
    <File perm="0444">/26/83</File>
    <Query type="disk">/tmp/test-disk-big/26/83</Query>
  </Pair>
  <Pair reval="1d">
    <File perm="0444">/26/84</File>
    <Query type="disk">/tmp/test-disk-big/26/84</Query>
  </Pair>
  <Pair reval="1d">
    <File perm="0444">/26/85</File>
    <Query type="disk">/tmp/test-disk-big/26/85</Query>
  </Pair>
  <Pair reval="1d">
    <File perm="0444">/26/86</File>
    <Query type="disk">/tmp/test-disk-big/26/86</Query>
  </Pair>
  <Pair reval="1d">
    <File perm="0444">/26/87</File>
    <Query type="disk">/tmp/test-disk-big/26/87</Query>
  </Pair>
  <Pair reval="1d">
    <File perm="0444">/26/88</File>
    <Query type="disk">/tmp/test-disk-big/26/88</Query>
  </Pair>
  <Pair reval="1d">
    <File perm="0444">/26/89</File>
    <Query type="disk">/tmp/test-disk-big/26/89</Query>
  </Pair>
  <Pair reval="1d">
    <File perm="0444">/26/9</File>
    <Query type="disk">/tmp/test-disk-big/26/9</Query>
  </Pair>
  <Pair reval="1d">
    <File perm="0444">/26/90</File>
    <Query type="disk">/tmp/test-disk-big/26/90</Query>
  </Pair>
  <Pair reval="1d">
    <File perm="0444">/26/91</File>
    <Query type="disk">/tmp/test-disk-big/26/91</Query>
  </Pair>
  <Pair reval="1d">
    <File perm="0444">/26/92</File>
    <Query type="disk">/tmp/test-disk-big/26/92</Query>
  </Pair>
  <Pair reval="1d">
    <File perm="0444">/26/93</File>
    <Query type="disk">/tmp/test-disk-big/26/93</Query>
  </Pair>
  <Pair reval="1d">
    <File perm="0444">/26/94</File>
    <Query type="disk">/tmp/test-disk-big/26/94</Query>
  </Pair>
  <Pair reval="1d">
    <File perm="0444">/26/95</File>
    <Query type="disk">/tmp/test-disk-big/26/95</Query>
  </Pair>
  <Pair reval="1d">
    <File perm="0444">/26/96</File>
    <Query type="disk">/tmp/test-disk-big/26/96</Query>
  </Pair>
  <Pair reval="1d">
    <File perm="0444">/26/97</File>
    <Query type="disk">/tmp/test-disk-big/26/97</Query>
  </Pair>
  <Pair reval="1d">
    <File perm="0444">/26/98</File>
    <Query type="disk">/tmp/test-disk-big/26/98</Query>
  </Pair>
  <Pair reval="1d">
    <File perm="0444">/26/99</File>
    <Query type="disk">/tmp/test-disk-big/26/99</Query>
  </Pair>
  <Pair reval="1d">
    <Dir perm="0555">/27</Dir>
    <Query type="disk"></Query>
  </Pair>
  <Pair reval="1d">
    <File perm="0444">/27/1</File>
    <Query type="disk">/tmp/test-disk-big/27/1</Query>
  </Pair>
  <Pair reval="1d">
    <File perm="0444">/27/10</File>
    <Query type="disk">/tmp/test-disk-big/27/10</Query>
  </Pair>
  <Pair reval="1d">
    <File perm="0444">/27/100</File>
    <Query type="disk">/tmp/test-disk-big/27/100</Query>
  </Pair>
  <Pair reval="1d">
    <File perm="0444">/27/11</File>
    <Query type="disk">/tmp/test-disk-big/27/11</Query>
  </Pair>
  <Pair reval="1d">
    <File perm="0444">/27/12</File>
    <Query type="disk">/tmp/test-disk-big/27/12</Query>
  </Pair>
  <Pair reval="1d">
    <File perm="0444">/27/13</File>
    <Query type="disk">/tmp/test-disk-big/27/13</Query>
  </Pair>
  <Pair reval="1d">
    <File perm="0444">/27/14</File>
    <Query type="disk">/tmp/test-disk-big/27/14</Query>
  </Pair>
  <Pair reval="1d">
    <File perm="0444">/27/15</File>
    <Query type="disk">/tmp/test-disk-big/27/15</Query>
  </Pair>
  <Pair reval="1d">
    <File perm="0444">/27/16</File>
    <Query type="disk">/tmp/test-disk-big/27/16</Query>
  </Pair>
  <Pair reval="1d">
    <File perm="0444">/27/17</File>
    <Query type="disk">/tmp/test-disk-big/27/17</Query>
  </Pair>
  <Pair reval="1d">
    <File perm="0444">/27/18</File>
    <Query type="disk">/tmp/test-disk-big/27/18</Query>
  </Pair>
  <Pair reval="1d">
    <File perm="0444">/27/19</File>
    <Query type="disk">/tmp/test-disk-big/27/19</Query>
  </Pair>
  <Pair reval="1d">
    <File perm="0444">/27/2</File>
    <Query type="disk">/tmp/test-disk-big/27/2</Query>
  </Pair>
  <Pair reval="1d">
    <File perm="0444">/27/20</File>
    <Query type="disk">/tmp/test-disk-big/27/20</Query>
  </Pair>
  <Pair reval="1d">
    <File perm="0444">/27/21</File>
    <Query type="disk">/tmp/test-disk-big/27/21</Query>
  </Pair>
  <Pair reval="1d">
    <File perm="0444">/27/22</File>
    <Query type="disk">/tmp/test-disk-big/27/22</Query>
  </Pair>
  <Pair reval="1d">
    <File perm="0444">/27/23</File>
    <Query type="disk">/tmp/test-disk-big/27/23</Query>
  </Pair>
  <Pair reval="1d">
    <File perm="0444">/27/24</File>
    <Query type="disk">/tmp/test-disk-big/27/24</Query>
  </Pair>
  <Pair reval="1d">
    <File perm="0444">/27/25</File>
    <Query type="disk">/tmp/test-disk-big/27/25</Query>
  </Pair>
  <Pair reval="1d">
    <File perm="0444">/27/26</File>
    <Query type="disk">/tmp/test-disk-big/27/26</Query>
  </Pair>
  <Pair reval="1d">
    <File perm="0444">/27/27</File>
    <Query type="disk">/tmp/test-disk-big/27/27</Query>
  </Pair>
  <Pair reval="1d">
    <File perm="0444">/27/28</File>
    <Query type="disk">/tmp/test-disk-big/27/28</Query>
  </Pair>
  <Pair reval="1d">
    <File perm="0444">/27/29</File>
    <Query type="disk">/tmp/test-disk-big/27/29</Query>
  </Pair>
  <Pair reval="1d">
    <File perm="0444">/27/3</File>
    <Query type="disk">/tmp/test-disk-big/27/3</Query>
  </Pair>
  <Pair reval="1d">
    <File perm="0444">/27/30</File>
    <Query type="disk">/tmp/test-disk-big/27/30</Query>
  </Pair>
  <Pair reval="1d">
    <File perm="0444">/27/31</File>
    <Query type="disk">/tmp/test-disk-big/27/31</Query>
  </Pair>
  <Pair reval="1d">
    <File perm="0444">/27/32</File>
    <Query type="disk">/tmp/test-disk-big/27/32</Query>
  </Pair>
  <Pair reval="1d">
    <File perm="0444">/27/33</File>
    <Query type="disk">/tmp/test-disk-big/27/33</Query>
  </Pair>
  <Pair reval="1d">
    <File perm="0444">/27/34</File>
    <Query type="disk">/tmp/test-disk-big/27/34</Query>
  </Pair>
  <Pair reval="1d">
    <File perm="0444">/27/35</File>
    <Query type="disk">/tmp/test-disk-big/27/35</Query>
  </Pair>
  <Pair reval="1d">
    <File perm="0444">/27/36</File>
    <Query type="disk">/tmp/test-disk-big/27/36</Query>
  </Pair>
  <Pair reval="1d">
    <File perm="0444">/27/37</File>
    <Query type="disk">/tmp/test-disk-big/27/37</Query>
  </Pair>
  <Pair reval="1d">
    <File perm="0444">/27/38</File>
    <Query type="disk">/tmp/test-disk-big/27/38</Query>
  </Pair>
  <Pair reval="1d">
    <File perm="0444">/27/39</File>
    <Query type="disk">/tmp/test-disk-big/27/39</Query>
  </Pair>
  <Pair reval="1d">
    <File perm="0444">/27/4</File>
    <Query type="disk">/tmp/test-disk-big/27/4</Query>
  </Pair>
  <Pair reval="1d">
    <File perm="0444">/27/40</File>
    <Query type="disk">/tmp/test-disk-big/27/40</Query>
  </Pair>
  <Pair reval="1d">
    <File perm="0444">/27/41</File>
    <Query type="disk">/tmp/test-disk-big/27/41</Query>
  </Pair>
  <Pair reval="1d">
    <File perm="0444">/27/42</File>
    <Query type="disk">/tmp/test-disk-big/27/42</Query>
  </Pair>
  <Pair reval="1d">
    <File perm="0444">/27/43</File>
    <Query type="disk">/tmp/test-disk-big/27/43</Query>
  </Pair>
  <Pair reval="1d">
    <File perm="0444">/27/44</File>
    <Query type="disk">/tmp/test-disk-big/27/44</Query>
  </Pair>
  <Pair reval="1d">
    <File perm="0444">/27/45</File>
    <Query type="disk">/tmp/test-disk-big/27/45</Query>
  </Pair>
  <Pair reval="1d">
    <File perm="0444">/27/46</File>
    <Query type="disk">/tmp/test-disk-big/27/46</Query>
  </Pair>
  <Pair reval="1d">
    <File perm="0444">/27/47</File>
    <Query type="disk">/tmp/test-disk-big/27/47</Query>
  </Pair>
  <Pair reval="1d">
    <File perm="0444">/27/48</File>
    <Query type="disk">/tmp/test-disk-big/27/48</Query>
  </Pair>
  <Pair reval="1d">
    <File perm="0444">/27/49</File>
    <Query type="disk">/tmp/test-disk-big/27/49</Query>
  </Pair>
  <Pair reval="1d">
    <File perm="0444">/27/5</File>
    <Query type="disk">/tmp/test-disk-big/27/5</Query>
  </Pair>
  <Pair reval="1d">
    <File perm="0444">/27/50</File>
    <Query type="disk">/tmp/test-disk-big/27/50</Query>
  </Pair>
  <Pair reval="1d">
    <File perm="0444">/27/51</File>
    <Query type="disk">/tmp/test-disk-big/27/51</Query>
  </Pair>
  <Pair reval="1d">
    <File perm="0444">/27/52</File>
    <Query type="disk">/tmp/test-disk-big/27/52</Query>
  </Pair>
  <Pair reval="1d">
    <File perm="0444">/27/53</File>
    <Query type="disk">/tmp/test-disk-big/27/53</Query>
  </Pair>
  <Pair reval="1d">
    <File perm="0444">/27/54</File>
    <Query type="disk">/tmp/test-disk-big/27/54</Query>
  </Pair>
  <Pair reval="1d">
    <File perm="0444">/27/55</File>
    <Query type="disk">/tmp/test-disk-big/27/55</Query>
  </Pair>
  <Pair reval="1d">
    <File perm="0444">/27/56</File>
    <Query type="disk">/tmp/test-disk-big/27/56</Query>
  </Pair>
  <Pair reval="1d">
    <File perm="0444">/27/57</File>
    <Query type="disk">/tmp/test-disk-big/27/57</Query>
  </Pair>
  <Pair reval="1d">
    <File perm="0444">/27/58</File>
    <Query type="disk">/tmp/test-disk-big/27/58</Query>
  </Pair>
  <Pair reval="1d">
    <File perm="0444">/27/59</File>
    <Query type="disk">/tmp/test-disk-big/27/59</Query>
  </Pair>
  <Pair reval="1d">
    <File perm="0444">/27/6</File>
    <Query type="disk">/tmp/test-disk-big/27/6</Query>
  </Pair>
  <Pair reval="1d">
    <File perm="0444">/27/60</File>
    <Query type="disk">/tmp/test-disk-big/27/60</Query>
  </Pair>
  <Pair reval="1d">
    <File perm="0444">/27/61</File>
    <Query type="disk">/tmp/test-disk-big/27/61</Query>
  </Pair>
  <Pair reval="1d">
    <File perm="0444">/27/62</File>
    <Query type="disk">/tmp/test-disk-big/27/62</Query>
  </Pair>
  <Pair reval="1d">
    <File perm="0444">/27/63</File>
    <Query type="disk">/tmp/test-disk-big/27/63</Query>
  </Pair>
  <Pair reval="1d">
    <File perm="0444">/27/64</File>
    <Query type="disk">/tmp/test-disk-big/27/64</Query>
  </Pair>
  <Pair reval="1d">
    <File perm="0444">/27/65</File>
    <Query type="disk">/tmp/test-disk-big/27/65</Query>
  </Pair>
  <Pair reval="1d">
    <File perm="0444">/27/66</File>
    <Query type="disk">/tmp/test-disk-big/27/66</Query>
  </Pair>
  <Pair reval="1d">
    <File perm="0444">/27/67</File>
    <Query type="disk">/tmp/test-disk-big/27/67</Query>
  </Pair>
  <Pair reval="1d">
    <File perm="0444">/27/68</File>
    <Query type="disk">/tmp/test-disk-big/27/68</Query>
  </Pair>
  <Pair reval="1d">
    <File perm="0444">/27/69</File>
    <Query type="disk">/tmp/test-disk-big/27/69</Query>
  </Pair>
  <Pair reval="1d">
    <File perm="0444">/27/7</File>
    <Query type="disk">/tmp/test-disk-big/27/7</Query>
  </Pair>
  <Pair reval="1d">
    <File perm="0444">/27/70</File>
    <Query type="disk">/tmp/test-disk-big/27/70</Query>
  </Pair>
  <Pair reval="1d">
    <File perm="0444">/27/71</File>
    <Query type="disk">/tmp/test-disk-big/27/71</Query>
  </Pair>
  <Pair reval="1d">
    <File perm="0444">/27/72</File>
    <Query type="disk">/tmp/test-disk-big/27/72</Query>
  </Pair>
  <Pair reval="1d">
    <File perm="0444">/27/73</File>
    <Query type="disk">/tmp/test-disk-big/27/73</Query>
  </Pair>
  <Pair reval="1d">
    <File perm="0444">/27/74</File>
    <Query type="disk">/tmp/test-disk-big/27/74</Query>
  </Pair>
  <Pair reval="1d">
    <File perm="0444">/27/75</File>
    <Query type="disk">/tmp/test-disk-big/27/75</Query>
  </Pair>
  <Pair reval="1d">
    <File perm="0444">/27/76</File>
    <Query type="disk">/tmp/test-disk-big/27/76</Query>
  </Pair>
  <Pair reval="1d">
    <File perm="0444">/27/77</File>
    <Query type="disk">/tmp/test-disk-big/27/77</Query>
  </Pair>
  <Pair reval="1d">
    <File perm="0444">/27/78</File>
    <Query type="disk">/tmp/test-disk-big/27/78</Query>
  </Pair>
  <Pair reval="1d">
    <File perm="0444">/27/79</File>
    <Query type="disk">/tmp/test-disk-big/27/79</Query>
  </Pair>
  <Pair reval="1d">
    <File perm="0444">/27/8</File>
    <Query type="disk">/tmp/test-disk-big/27/8</Query>
  </Pair>
  <Pair reval="1d">
    <File perm="0444">/27/80</File>
    <Query type="disk">/tmp/test-disk-big/27/80</Query>
  </Pair>
  <Pair reval="1d">
    <File perm="0444">/27/81</File>
    <Query type="disk">/tmp/test-disk-big/27/81</Query>
  </Pair>
  <Pair reval="1d">
    <File perm="0444">/27/82</File>
    <Query type="disk">/tmp/test-disk-big/27/82</Query>
  </Pair>
  <Pair reval="1d">
    <File perm="0444">/27/83</File>
    <Query type="disk">/tmp/test-disk-big/27/83</Query>
  </Pair>
  <Pair reval="1d">
    <File perm="0444">/27/84</File>
    <Query type="disk">/tmp/test-disk-big/27/84</Query>
  </Pair>
  <Pair reval="1d">
    <File perm="0444">/27/85</File>
    <Query type="disk">/tmp/test-disk-big/27/85</Query>
  </Pair>
  <Pair reval="1d">
    <File perm="0444">/27/86</File>
    <Query type="disk">/tmp/test-disk-big/27/86</Query>
  </Pair>
  <Pair reval="1d">
    <File perm="0444">/27/87</File>
    <Query type="disk">/tmp/test-disk-big/27/87</Query>
  </Pair>
  <Pair reval="1d">
    <File perm="0444">/27/88</File>
    <Query type="disk">/tmp/test-disk-big/27/88</Query>
  </Pair>
  <Pair reval="1d">
    <File perm="0444">/27/89</File>
    <Query type="disk">/tmp/test-disk-big/27/89</Query>
  </Pair>
  <Pair reval="1d">
    <File perm="0444">/27/9</File>
    <Query type="disk">/tmp/test-disk-big/27/9</Query>
  </Pair>
  <Pair reval="1d">
    <File perm="0444">/27/90</File>
    <Query type="disk">/tmp/test-disk-big/27/90</Query>
  </Pair>
  <Pair reval="1d">
    <File perm="0444">/27/91</File>
    <Query type="disk">/tmp/test-disk-big/27/91</Query>
  </Pair>
  <Pair reval="1d">
    <File perm="0444">/27/92</File>
    <Query type="disk">/tmp/test-disk-big/27/92</Query>
  </Pair>
  <Pair reval="1d">
    <File perm="0444">/27/93</File>
    <Query type="disk">/tmp/test-disk-big/27/93</Query>
  </Pair>
  <Pair reval="1d">
    <File perm="0444">/27/94</File>
    <Query type="disk">/tmp/test-disk-big/27/94</Query>
  </Pair>
  <Pair reval="1d">
    <File perm="0444">/27/95</File>
    <Query type="disk">/tmp/test-disk-big/27/95</Query>
  </Pair>
  <Pair reval="1d">
    <File perm="0444">/27/96</File>
    <Query type="disk">/tmp/test-disk-big/27/96</Query>
  </Pair>
  <Pair reval="1d">
    <File perm="0444">/27/97</File>
    <Query type="disk">/tmp/test-disk-big/27/97</Query>
  </Pair>
  <Pair reval="1d">
    <File perm="0444">/27/98</File>
    <Query type="disk">/tmp/test-disk-big/27/98</Query>
  </Pair>
  <Pair reval="1d">
    <File perm="0444">/27/99</File>
    <Query type="disk">/tmp/test-disk-big/27/99</Query>
  </Pair>
  <Pair reval="1d">
    <Dir perm="0555">/28</Dir>
    <Query type="disk"></Query>
  </Pair>
  <Pair reval="1d">
    <File perm="0444">/28/1</File>
    <Query type="disk">/tmp/test-disk-big/28/1</Query>
  </Pair>
  <Pair reval="1d">
    <File perm="0444">/28/10</File>
    <Query type="disk">/tmp/test-disk-big/28/10</Query>
  </Pair>
  <Pair reval="1d">
    <File perm="0444">/28/100</File>
    <Query type="disk">/tmp/test-disk-big/28/100</Query>
  </Pair>
  <Pair reval="1d">
    <File perm="0444">/28/11</File>
    <Query type="disk">/tmp/test-disk-big/28/11</Query>
  </Pair>
  <Pair reval="1d">
    <File perm="0444">/28/12</File>
    <Query type="disk">/tmp/test-disk-big/28/12</Query>
  </Pair>
  <Pair reval="1d">
    <File perm="0444">/28/13</File>
    <Query type="disk">/tmp/test-disk-big/28/13</Query>
  </Pair>
  <Pair reval="1d">
    <File perm="0444">/28/14</File>
    <Query type="disk">/tmp/test-disk-big/28/14</Query>
  </Pair>
  <Pair reval="1d">
    <File perm="0444">/28/15</File>
    <Query type="disk">/tmp/test-disk-big/28/15</Query>
  </Pair>
  <Pair reval="1d">
    <File perm="0444">/28/16</File>
    <Query type="disk">/tmp/test-disk-big/28/16</Query>
  </Pair>
  <Pair reval="1d">
    <File perm="0444">/28/17</File>
    <Query type="disk">/tmp/test-disk-big/28/17</Query>
  </Pair>
  <Pair reval="1d">
    <File perm="0444">/28/18</File>
    <Query type="disk">/tmp/test-disk-big/28/18</Query>
  </Pair>
  <Pair reval="1d">
    <File perm="0444">/28/19</File>
    <Query type="disk">/tmp/test-disk-big/28/19</Query>
  </Pair>
  <Pair reval="1d">
    <File perm="0444">/28/2</File>
    <Query type="disk">/tmp/test-disk-big/28/2</Query>
  </Pair>
  <Pair reval="1d">
    <File perm="0444">/28/20</File>
    <Query type="disk">/tmp/test-disk-big/28/20</Query>
  </Pair>
  <Pair reval="1d">
    <File perm="0444">/28/21</File>
    <Query type="disk">/tmp/test-disk-big/28/21</Query>
  </Pair>
  <Pair reval="1d">
    <File perm="0444">/28/22</File>
    <Query type="disk">/tmp/test-disk-big/28/22</Query>
  </Pair>
  <Pair reval="1d">
    <File perm="0444">/28/23</File>
    <Query type="disk">/tmp/test-disk-big/28/23</Query>
  </Pair>
  <Pair reval="1d">
    <File perm="0444">/28/24</File>
    <Query type="disk">/tmp/test-disk-big/28/24</Query>
  </Pair>
  <Pair reval="1d">
    <File perm="0444">/28/25</File>
    <Query type="disk">/tmp/test-disk-big/28/25</Query>
  </Pair>
  <Pair reval="1d">
    <File perm="0444">/28/26</File>
    <Query type="disk">/tmp/test-disk-big/28/26</Query>
  </Pair>
  <Pair reval="1d">
    <File perm="0444">/28/27</File>
    <Query type="disk">/tmp/test-disk-big/28/27</Query>
  </Pair>
  <Pair reval="1d">
    <File perm="0444">/28/28</File>
    <Query type="disk">/tmp/test-disk-big/28/28</Query>
  </Pair>
  <Pair reval="1d">
    <File perm="0444">/28/29</File>
    <Query type="disk">/tmp/test-disk-big/28/29</Query>
  </Pair>
  <Pair reval="1d">
    <File perm="0444">/28/3</File>
    <Query type="disk">/tmp/test-disk-big/28/3</Query>
  </Pair>
  <Pair reval="1d">
    <File perm="0444">/28/30</File>
    <Query type="disk">/tmp/test-disk-big/28/30</Query>
  </Pair>
  <Pair reval="1d">
    <File perm="0444">/28/31</File>
    <Query type="disk">/tmp/test-disk-big/28/31</Query>
  </Pair>
  <Pair reval="1d">
    <File perm="0444">/28/32</File>
    <Query type="disk">/tmp/test-disk-big/28/32</Query>
  </Pair>
  <Pair reval="1d">
    <File perm="0444">/28/33</File>
    <Query type="disk">/tmp/test-disk-big/28/33</Query>
  </Pair>
  <Pair reval="1d">
    <File perm="0444">/28/34</File>
    <Query type="disk">/tmp/test-disk-big/28/34</Query>
  </Pair>
  <Pair reval="1d">
    <File perm="0444">/28/35</File>
    <Query type="disk">/tmp/test-disk-big/28/35</Query>
  </Pair>
  <Pair reval="1d">
    <File perm="0444">/28/36</File>
    <Query type="disk">/tmp/test-disk-big/28/36</Query>
  </Pair>
  <Pair reval="1d">
    <File perm="0444">/28/37</File>
    <Query type="disk">/tmp/test-disk-big/28/37</Query>
  </Pair>
  <Pair reval="1d">
    <File perm="0444">/28/38</File>
    <Query type="disk">/tmp/test-disk-big/28/38</Query>
  </Pair>
  <Pair reval="1d">
    <File perm="0444">/28/39</File>
    <Query type="disk">/tmp/test-disk-big/28/39</Query>
  </Pair>
  <Pair reval="1d">
    <File perm="0444">/28/4</File>
    <Query type="disk">/tmp/test-disk-big/28/4</Query>
  </Pair>
  <Pair reval="1d">
    <File perm="0444">/28/40</File>
    <Query type="disk">/tmp/test-disk-big/28/40</Query>
  </Pair>
  <Pair reval="1d">
    <File perm="0444">/28/41</File>
    <Query type="disk">/tmp/test-disk-big/28/41</Query>
  </Pair>
  <Pair reval="1d">
    <File perm="0444">/28/42</File>
    <Query type="disk">/tmp/test-disk-big/28/42</Query>
  </Pair>
  <Pair reval="1d">
    <File perm="0444">/28/43</File>
    <Query type="disk">/tmp/test-disk-big/28/43</Query>
  </Pair>
  <Pair reval="1d">
    <File perm="0444">/28/44</File>
    <Query type="disk">/tmp/test-disk-big/28/44</Query>
  </Pair>
  <Pair reval="1d">
    <File perm="0444">/28/45</File>
    <Query type="disk">/tmp/test-disk-big/28/45</Query>
  </Pair>
  <Pair reval="1d">
    <File perm="0444">/28/46</File>
    <Query type="disk">/tmp/test-disk-big/28/46</Query>
  </Pair>
  <Pair reval="1d">
    <File perm="0444">/28/47</File>
    <Query type="disk">/tmp/test-disk-big/28/47</Query>
  </Pair>
  <Pair reval="1d">
    <File perm="0444">/28/48</File>
    <Query type="disk">/tmp/test-disk-big/28/48</Query>
  </Pair>
  <Pair reval="1d">
    <File perm="0444">/28/49</File>
    <Query type="disk">/tmp/test-disk-big/28/49</Query>
  </Pair>
  <Pair reval="1d">
    <File perm="0444">/28/5</File>
    <Query type="disk">/tmp/test-disk-big/28/5</Query>
  </Pair>
  <Pair reval="1d">
    <File perm="0444">/28/50</File>
    <Query type="disk">/tmp/test-disk-big/28/50</Query>
  </Pair>
  <Pair reval="1d">
    <File perm="0444">/28/51</File>
    <Query type="disk">/tmp/test-disk-big/28/51</Query>
  </Pair>
  <Pair reval="1d">
    <File perm="0444">/28/52</File>
    <Query type="disk">/tmp/test-disk-big/28/52</Query>
  </Pair>
  <Pair reval="1d">
    <File perm="0444">/28/53</File>
    <Query type="disk">/tmp/test-disk-big/28/53</Query>
  </Pair>
  <Pair reval="1d">
    <File perm="0444">/28/54</File>
    <Query type="disk">/tmp/test-disk-big/28/54</Query>
  </Pair>
  <Pair reval="1d">
    <File perm="0444">/28/55</File>
    <Query type="disk">/tmp/test-disk-big/28/55</Query>
  </Pair>
  <Pair reval="1d">
    <File perm="0444">/28/56</File>
    <Query type="disk">/tmp/test-disk-big/28/56</Query>
  </Pair>
  <Pair reval="1d">
    <File perm="0444">/28/57</File>
    <Query type="disk">/tmp/test-disk-big/28/57</Query>
  </Pair>
  <Pair reval="1d">
    <File perm="0444">/28/58</File>
    <Query type="disk">/tmp/test-disk-big/28/58</Query>
  </Pair>
  <Pair reval="1d">
    <File perm="0444">/28/59</File>
    <Query type="disk">/tmp/test-disk-big/28/59</Query>
  </Pair>
  <Pair reval="1d">
    <File perm="0444">/28/6</File>
    <Query type="disk">/tmp/test-disk-big/28/6</Query>
  </Pair>
  <Pair reval="1d">
    <File perm="0444">/28/60</File>
    <Query type="disk">/tmp/test-disk-big/28/60</Query>
  </Pair>
  <Pair reval="1d">
    <File perm="0444">/28/61</File>
    <Query type="disk">/tmp/test-disk-big/28/61</Query>
  </Pair>
  <Pair reval="1d">
    <File perm="0444">/28/62</File>
    <Query type="disk">/tmp/test-disk-big/28/62</Query>
  </Pair>
  <Pair reval="1d">
    <File perm="0444">/28/63</File>
    <Query type="disk">/tmp/test-disk-big/28/63</Query>
  </Pair>
  <Pair reval="1d">
    <File perm="0444">/28/64</File>
    <Query type="disk">/tmp/test-disk-big/28/64</Query>
  </Pair>
  <Pair reval="1d">
    <File perm="0444">/28/65</File>
    <Query type="disk">/tmp/test-disk-big/28/65</Query>
  </Pair>
  <Pair reval="1d">
    <File perm="0444">/28/66</File>
    <Query type="disk">/tmp/test-disk-big/28/66</Query>
  </Pair>
  <Pair reval="1d">
    <File perm="0444">/28/67</File>
    <Query type="disk">/tmp/test-disk-big/28/67</Query>
  </Pair>
  <Pair reval="1d">
    <File perm="0444">/28/68</File>
    <Query type="disk">/tmp/test-disk-big/28/68</Query>
  </Pair>
  <Pair reval="1d">
    <File perm="0444">/28/69</File>
    <Query type="disk">/tmp/test-disk-big/28/69</Query>
  </Pair>
  <Pair reval="1d">
    <File perm="0444">/28/7</File>
    <Query type="disk">/tmp/test-disk-big/28/7</Query>
  </Pair>
  <Pair reval="1d">
    <File perm="0444">/28/70</File>
    <Query type="disk">/tmp/test-disk-big/28/70</Query>
  </Pair>
  <Pair reval="1d">
    <File perm="0444">/28/71</File>
    <Query type="disk">/tmp/test-disk-big/28/71</Query>
  </Pair>
  <Pair reval="1d">
    <File perm="0444">/28/72</File>
    <Query type="disk">/tmp/test-disk-big/28/72</Query>
  </Pair>
  <Pair reval="1d">
    <File perm="0444">/28/73</File>
    <Query type="disk">/tmp/test-disk-big/28/73</Query>
  </Pair>
  <Pair reval="1d">
    <File perm="0444">/28/74</File>
    <Query type="disk">/tmp/test-disk-big/28/74</Query>
  </Pair>
  <Pair reval="1d">
    <File perm="0444">/28/75</File>
    <Query type="disk">/tmp/test-disk-big/28/75</Query>
  </Pair>
  <Pair reval="1d">
    <File perm="0444">/28/76</File>
    <Query type="disk">/tmp/test-disk-big/28/76</Query>
  </Pair>
  <Pair reval="1d">
    <File perm="0444">/28/77</File>
    <Query type="disk">/tmp/test-disk-big/28/77</Query>
  </Pair>
  <Pair reval="1d">
    <File perm="0444">/28/78</File>
    <Query type="disk">/tmp/test-disk-big/28/78</Query>
  </Pair>
  <Pair reval="1d">
    <File perm="0444">/28/79</File>
    <Query type="disk">/tmp/test-disk-big/28/79</Query>
  </Pair>
  <Pair reval="1d">
    <File perm="0444">/28/8</File>
    <Query type="disk">/tmp/test-disk-big/28/8</Query>
  </Pair>
  <Pair reval="1d">
    <File perm="0444">/28/80</File>
    <Query type="disk">/tmp/test-disk-big/28/80</Query>
  </Pair>
  <Pair reval="1d">
    <File perm="0444">/28/81</File>
    <Query type="disk">/tmp/test-disk-big/28/81</Query>
  </Pair>
  <Pair reval="1d">
    <File perm="0444">/28/82</File>
    <Query type="disk">/tmp/test-disk-big/28/82</Query>
  </Pair>
  <Pair reval="1d">
    <File perm="0444">/28/83</File>
    <Query type="disk">/tmp/test-disk-big/28/83</Query>
  </Pair>
  <Pair reval="1d">
    <File perm="0444">/28/84</File>
    <Query type="disk">/tmp/test-disk-big/28/84</Query>
  </Pair>
  <Pair reval="1d">
    <File perm="0444">/28/85</File>
    <Query type="disk">/tmp/test-disk-big/28/85</Query>
  </Pair>
  <Pair reval="1d">
    <File perm="0444">/28/86</File>
    <Query type="disk">/tmp/test-disk-big/28/86</Query>
  </Pair>
  <Pair reval="1d">
    <File perm="0444">/28/87</File>
    <Query type="disk">/tmp/test-disk-big/28/87</Query>
  </Pair>
  <Pair reval="1d">
    <File perm="0444">/28/88</File>
    <Query type="disk">/tmp/test-disk-big/28/88</Query>
  </Pair>
  <Pair reval="1d">
    <File perm="0444">/28/89</File>
    <Query type="disk">/tmp/test-disk-big/28/89</Query>
  </Pair>
  <Pair reval="1d">
    <File perm="0444">/28/9</File>
    <Query type="disk">/tmp/test-disk-big/28/9</Query>
  </Pair>
  <Pair reval="1d">
    <File perm="0444">/28/90</File>
    <Query type="disk">/tmp/test-disk-big/28/90</Query>
  </Pair>
  <Pair reval="1d">
    <File perm="0444">/28/91</File>
    <Query type="disk">/tmp/test-disk-big/28/91</Query>
  </Pair>
  <Pair reval="1d">
    <File perm="0444">/28/92</File>
    <Query type="disk">/tmp/test-disk-big/28/92</Query>
  </Pair>
  <Pair reval="1d">
    <File perm="0444">/28/93</File>
    <Query type="disk">/tmp/test-disk-big/28/93</Query>
  </Pair>
  <Pair reval="1d">
    <File perm="0444">/28/94</File>
    <Query type="disk">/tmp/test-disk-big/28/94</Query>
  </Pair>
  <Pair reval="1d">
    <File perm="0444">/28/95</File>
    <Query type="disk">/tmp/test-disk-big/28/95</Query>
  </Pair>
  <Pair reval="1d">
    <File perm="0444">/28/96</File>
    <Query type="disk">/tmp/test-disk-big/28/96</Query>
  </Pair>
  <Pair reval="1d">
    <File perm="0444">/28/97</File>
    <Query type="disk">/tmp/test-disk-big/28/97</Query>
  </Pair>
  <Pair reval="1d">
    <File perm="0444">/28/98</File>
    <Query type="disk">/tmp/test-disk-big/28/98</Query>
  </Pair>
  <Pair reval="1d">
    <File perm="0444">/28/99</File>
    <Query type="disk">/tmp/test-disk-big/28/99</Query>
  </Pair>
  <Pair reval="1d">
    <Dir perm="0555">/29</Dir>
    <Query type="disk"></Query>
  </Pair>
  <Pair reval="1d">
    <File perm="0444">/29/1</File>
    <Query type="disk">/tmp/test-disk-big/29/1</Query>
  </Pair>
  <Pair reval="1d">
    <File perm="0444">/29/10</File>
    <Query type="disk">/tmp/test-disk-big/29/10</Query>
  </Pair>
  <Pair reval="1d">
    <File perm="0444">/29/100</File>
    <Query type="disk">/tmp/test-disk-big/29/100</Query>
  </Pair>
  <Pair reval="1d">
    <File perm="0444">/29/11</File>
    <Query type="disk">/tmp/test-disk-big/29/11</Query>
  </Pair>
  <Pair reval="1d">
    <File perm="0444">/29/12</File>
    <Query type="disk">/tmp/test-disk-big/29/12</Query>
  </Pair>
  <Pair reval="1d">
    <File perm="0444">/29/13</File>
    <Query type="disk">/tmp/test-disk-big/29/13</Query>
  </Pair>
  <Pair reval="1d">
    <File perm="0444">/29/14</File>
    <Query type="disk">/tmp/test-disk-big/29/14</Query>
  </Pair>
  <Pair reval="1d">
    <File perm="0444">/29/15</File>
    <Query type="disk">/tmp/test-disk-big/29/15</Query>
  </Pair>
  <Pair reval="1d">
    <File perm="0444">/29/16</File>
    <Query type="disk">/tmp/test-disk-big/29/16</Query>
  </Pair>
  <Pair reval="1d">
    <File perm="0444">/29/17</File>
    <Query type="disk">/tmp/test-disk-big/29/17</Query>
  </Pair>
  <Pair reval="1d">
    <File perm="0444">/29/18</File>
    <Query type="disk">/tmp/test-disk-big/29/18</Query>
  </Pair>
  <Pair reval="1d">
    <File perm="0444">/29/19</File>
    <Query type="disk">/tmp/test-disk-big/29/19</Query>
  </Pair>
  <Pair reval="1d">
    <File perm="0444">/29/2</File>
    <Query type="disk">/tmp/test-disk-big/29/2</Query>
  </Pair>
  <Pair reval="1d">
    <File perm="0444">/29/20</File>
    <Query type="disk">/tmp/test-disk-big/29/20</Query>
  </Pair>
  <Pair reval="1d">
    <File perm="0444">/29/21</File>
    <Query type="disk">/tmp/test-disk-big/29/21</Query>
  </Pair>
  <Pair reval="1d">
    <File perm="0444">/29/22</File>
    <Query type="disk">/tmp/test-disk-big/29/22</Query>
  </Pair>
  <Pair reval="1d">
    <File perm="0444">/29/23</File>
    <Query type="disk">/tmp/test-disk-big/29/23</Query>
  </Pair>
  <Pair reval="1d">
    <File perm="0444">/29/24</File>
    <Query type="disk">/tmp/test-disk-big/29/24</Query>
  </Pair>
  <Pair reval="1d">
    <File perm="0444">/29/25</File>
    <Query type="disk">/tmp/test-disk-big/29/25</Query>
  </Pair>
  <Pair reval="1d">
    <File perm="0444">/29/26</File>
    <Query type="disk">/tmp/test-disk-big/29/26</Query>
  </Pair>
  <Pair reval="1d">
    <File perm="0444">/29/27</File>
    <Query type="disk">/tmp/test-disk-big/29/27</Query>
  </Pair>
  <Pair reval="1d">
    <File perm="0444">/29/28</File>
    <Query type="disk">/tmp/test-disk-big/29/28</Query>
  </Pair>
  <Pair reval="1d">
    <File perm="0444">/29/29</File>
    <Query type="disk">/tmp/test-disk-big/29/29</Query>
  </Pair>
  <Pair reval="1d">
    <File perm="0444">/29/3</File>
    <Query type="disk">/tmp/test-disk-big/29/3</Query>
  </Pair>
  <Pair reval="1d">
    <File perm="0444">/29/30</File>
    <Query type="disk">/tmp/test-disk-big/29/30</Query>
  </Pair>
  <Pair reval="1d">
    <File perm="0444">/29/31</File>
    <Query type="disk">/tmp/test-disk-big/29/31</Query>
  </Pair>
  <Pair reval="1d">
    <File perm="0444">/29/32</File>
    <Query type="disk">/tmp/test-disk-big/29/32</Query>
  </Pair>
  <Pair reval="1d">
    <File perm="0444">/29/33</File>
    <Query type="disk">/tmp/test-disk-big/29/33</Query>
  </Pair>
  <Pair reval="1d">
    <File perm="0444">/29/34</File>
    <Query type="disk">/tmp/test-disk-big/29/34</Query>
  </Pair>
  <Pair reval="1d">
    <File perm="0444">/29/35</File>
    <Query type="disk">/tmp/test-disk-big/29/35</Query>
  </Pair>
  <Pair reval="1d">
    <File perm="0444">/29/36</File>
    <Query type="disk">/tmp/test-disk-big/29/36</Query>
  </Pair>
  <Pair reval="1d">
    <File perm="0444">/29/37</File>
    <Query type="disk">/tmp/test-disk-big/29/37</Query>
  </Pair>
  <Pair reval="1d">
    <File perm="0444">/29/38</File>
    <Query type="disk">/tmp/test-disk-big/29/38</Query>
  </Pair>
  <Pair reval="1d">
    <File perm="0444">/29/39</File>
    <Query type="disk">/tmp/test-disk-big/29/39</Query>
  </Pair>
  <Pair reval="1d">
    <File perm="0444">/29/4</File>
    <Query type="disk">/tmp/test-disk-big/29/4</Query>
  </Pair>
  <Pair reval="1d">
    <File perm="0444">/29/40</File>
    <Query type="disk">/tmp/test-disk-big/29/40</Query>
  </Pair>
  <Pair reval="1d">
    <File perm="0444">/29/41</File>
    <Query type="disk">/tmp/test-disk-big/29/41</Query>
  </Pair>
  <Pair reval="1d">
    <File perm="0444">/29/42</File>
    <Query type="disk">/tmp/test-disk-big/29/42</Query>
  </Pair>
  <Pair reval="1d">
    <File perm="0444">/29/43</File>
    <Query type="disk">/tmp/test-disk-big/29/43</Query>
  </Pair>
  <Pair reval="1d">
    <File perm="0444">/29/44</File>
    <Query type="disk">/tmp/test-disk-big/29/44</Query>
  </Pair>
  <Pair reval="1d">
    <File perm="0444">/29/45</File>
    <Query type="disk">/tmp/test-disk-big/29/45</Query>
  </Pair>
  <Pair reval="1d">
    <File perm="0444">/29/46</File>
    <Query type="disk">/tmp/test-disk-big/29/46</Query>
  </Pair>
  <Pair reval="1d">
    <File perm="0444">/29/47</File>
    <Query type="disk">/tmp/test-disk-big/29/47</Query>
  </Pair>
  <Pair reval="1d">
    <File perm="0444">/29/48</File>
    <Query type="disk">/tmp/test-disk-big/29/48</Query>
  </Pair>
  <Pair reval="1d">
    <File perm="0444">/29/49</File>
    <Query type="disk">/tmp/test-disk-big/29/49</Query>
  </Pair>
  <Pair reval="1d">
    <File perm="0444">/29/5</File>
    <Query type="disk">/tmp/test-disk-big/29/5</Query>
  </Pair>
  <Pair reval="1d">
    <File perm="0444">/29/50</File>
    <Query type="disk">/tmp/test-disk-big/29/50</Query>
  </Pair>
  <Pair reval="1d">
    <File perm="0444">/29/51</File>
    <Query type="disk">/tmp/test-disk-big/29/51</Query>
  </Pair>
  <Pair reval="1d">
    <File perm="0444">/29/52</File>
    <Query type="disk">/tmp/test-disk-big/29/52</Query>
  </Pair>
  <Pair reval="1d">
    <File perm="0444">/29/53</File>
    <Query type="disk">/tmp/test-disk-big/29/53</Query>
  </Pair>
  <Pair reval="1d">
    <File perm="0444">/29/54</File>
    <Query type="disk">/tmp/test-disk-big/29/54</Query>
  </Pair>
  <Pair reval="1d">
    <File perm="0444">/29/55</File>
    <Query type="disk">/tmp/test-disk-big/29/55</Query>
  </Pair>
  <Pair reval="1d">
    <File perm="0444">/29/56</File>
    <Query type="disk">/tmp/test-disk-big/29/56</Query>
  </Pair>
  <Pair reval="1d">
    <File perm="0444">/29/57</File>
    <Query type="disk">/tmp/test-disk-big/29/57</Query>
  </Pair>
  <Pair reval="1d">
    <File perm="0444">/29/58</File>
    <Query type="disk">/tmp/test-disk-big/29/58</Query>
  </Pair>
  <Pair reval="1d">
    <File perm="0444">/29/59</File>
    <Query type="disk">/tmp/test-disk-big/29/59</Query>
  </Pair>
  <Pair reval="1d">
    <File perm="0444">/29/6</File>
    <Query type="disk">/tmp/test-disk-big/29/6</Query>
  </Pair>
  <Pair reval="1d">
    <File perm="0444">/29/60</File>
    <Query type="disk">/tmp/test-disk-big/29/60</Query>
  </Pair>
  <Pair reval="1d">
    <File perm="0444">/29/61</File>
    <Query type="disk">/tmp/test-disk-big/29/61</Query>
  </Pair>
  <Pair reval="1d">
    <File perm="0444">/29/62</File>
    <Query type="disk">/tmp/test-disk-big/29/62</Query>
  </Pair>
  <Pair reval="1d">
    <File perm="0444">/29/63</File>
    <Query type="disk">/tmp/test-disk-big/29/63</Query>
  </Pair>
  <Pair reval="1d">
    <File perm="0444">/29/64</File>
    <Query type="disk">/tmp/test-disk-big/29/64</Query>
  </Pair>
  <Pair reval="1d">
    <File perm="0444">/29/65</File>
    <Query type="disk">/tmp/test-disk-big/29/65</Query>
  </Pair>
  <Pair reval="1d">
    <File perm="0444">/29/66</File>
    <Query type="disk">/tmp/test-disk-big/29/66</Query>
  </Pair>
  <Pair reval="1d">
    <File perm="0444">/29/67</File>
    <Query type="disk">/tmp/test-disk-big/29/67</Query>
  </Pair>
  <Pair reval="1d">
    <File perm="0444">/29/68</File>
    <Query type="disk">/tmp/test-disk-big/29/68</Query>
  </Pair>
  <Pair reval="1d">
    <File perm="0444">/29/69</File>
    <Query type="disk">/tmp/test-disk-big/29/69</Query>
  </Pair>
  <Pair reval="1d">
    <File perm="0444">/29/7</File>
    <Query type="disk">/tmp/test-disk-big/29/7</Query>
  </Pair>
  <Pair reval="1d">
    <File perm="0444">/29/70</File>
    <Query type="disk">/tmp/test-disk-big/29/70</Query>
  </Pair>
  <Pair reval="1d">
    <File perm="0444">/29/71</File>
    <Query type="disk">/tmp/test-disk-big/29/71</Query>
  </Pair>
  <Pair reval="1d">
    <File perm="0444">/29/72</File>
    <Query type="disk">/tmp/test-disk-big/29/72</Query>
  </Pair>
  <Pair reval="1d">
    <File perm="0444">/29/73</File>
    <Query type="disk">/tmp/test-disk-big/29/73</Query>
  </Pair>
  <Pair reval="1d">
    <File perm="0444">/29/74</File>
    <Query type="disk">/tmp/test-disk-big/29/74</Query>
  </Pair>
  <Pair reval="1d">
    <File perm="0444">/29/75</File>
    <Query type="disk">/tmp/test-disk-big/29/75</Query>
  </Pair>
  <Pair reval="1d">
    <File perm="0444">/29/76</File>
    <Query type="disk">/tmp/test-disk-big/29/76</Query>
  </Pair>
  <Pair reval="1d">
    <File perm="0444">/29/77</File>
    <Query type="disk">/tmp/test-disk-big/29/77</Query>
  </Pair>
  <Pair reval="1d">
    <File perm="0444">/29/78</File>
    <Query type="disk">/tmp/test-disk-big/29/78</Query>
  </Pair>
  <Pair reval="1d">
    <File perm="0444">/29/79</File>
    <Query type="disk">/tmp/test-disk-big/29/79</Query>
  </Pair>
  <Pair reval="1d">
    <File perm="0444">/29/8</File>
    <Query type="disk">/tmp/test-disk-big/29/8</Query>
  </Pair>
  <Pair reval="1d">
    <File perm="0444">/29/80</File>
    <Query type="disk">/tmp/test-disk-big/29/80</Query>
  </Pair>
  <Pair reval="1d">
    <File perm="0444">/29/81</File>
    <Query type="disk">/tmp/test-disk-big/29/81</Query>
  </Pair>
  <Pair reval="1d">
    <File perm="0444">/29/82</File>
    <Query type="disk">/tmp/test-disk-big/29/82</Query>
  </Pair>
  <Pair reval="1d">
    <File perm="0444">/29/83</File>
    <Query type="disk">/tmp/test-disk-big/29/83</Query>
  </Pair>
  <Pair reval="1d">
    <File perm="0444">/29/84</File>
    <Query type="disk">/tmp/test-disk-big/29/84</Query>
  </Pair>
  <Pair reval="1d">
    <File perm="0444">/29/85</File>
    <Query type="disk">/tmp/test-disk-big/29/85</Query>
  </Pair>
  <Pair reval="1d">
    <File perm="0444">/29/86</File>
    <Query type="disk">/tmp/test-disk-big/29/86</Query>
  </Pair>
  <Pair reval="1d">
    <File perm="0444">/29/87</File>
    <Query type="disk">/tmp/test-disk-big/29/87</Query>
  </Pair>
  <Pair reval="1d">
    <File perm="0444">/29/88</File>
    <Query type="disk">/tmp/test-disk-big/29/88</Query>
  </Pair>
  <Pair reval="1d">
    <File perm="0444">/29/89</File>
    <Query type="disk">/tmp/test-disk-big/29/89</Query>
  </Pair>
  <Pair reval="1d">
    <File perm="0444">/29/9</File>
    <Query type="disk">/tmp/test-disk-big/29/9</Query>
  </Pair>
  <Pair reval="1d">
    <File perm="0444">/29/90</File>
    <Query type="disk">/tmp/test-disk-big/29/90</Query>
  </Pair>
  <Pair reval="1d">
    <File perm="0444">/29/91</File>
    <Query type="disk">/tmp/test-disk-big/29/91</Query>
  </Pair>
  <Pair reval="1d">
    <File perm="0444">/29/92</File>
    <Query type="disk">/tmp/test-disk-big/29/92</Query>
  </Pair>
  <Pair reval="1d">
    <File perm="0444">/29/93</File>
    <Query type="disk">/tmp/test-disk-big/29/93</Query>
  </Pair>
  <Pair reval="1d">
    <File perm="0444">/29/94</File>
    <Query type="disk">/tmp/test-disk-big/29/94</Query>
  </Pair>
  <Pair reval="1d">
    <File perm="0444">/29/95</File>
    <Query type="disk">/tmp/test-disk-big/29/95</Query>
  </Pair>
  <Pair reval="1d">
    <File perm="0444">/29/96</File>
    <Query type="disk">/tmp/test-disk-big/29/96</Query>
  </Pair>
  <Pair reval="1d">
    <File perm="0444">/29/97</File>
    <Query type="disk">/tmp/test-disk-big/29/97</Query>
  </Pair>
  <Pair reval="1d">
    <File perm="0444">/29/98</File>
    <Query type="disk">/tmp/test-disk-big/29/98</Query>
  </Pair>
  <Pair reval="1d">
    <File perm="0444">/29/99</File>
    <Query type="disk">/tmp/test-disk-big/29/99</Query>
  </Pair>
  <Pair reval="1d">
    <Dir perm="0555">/3</Dir>
    <Query type="disk"></Query>
  </Pair>
  <Pair reval="1d">
    <File perm="0444">/3/1</File>
    <Query type="disk">/tmp/test-disk-big/3/1</Query>
  </Pair>
  <Pair reval="1d">
    <File perm="0444">/3/10</File>
    <Query type="disk">/tmp/test-disk-big/3/10</Query>
  </Pair>
  <Pair reval="1d">
    <File perm="0444">/3/100</File>
    <Query type="disk">/tmp/test-disk-big/3/100</Query>
  </Pair>
  <Pair reval="1d">
    <File perm="0444">/3/11</File>
    <Query type="disk">/tmp/test-disk-big/3/11</Query>
  </Pair>
  <Pair reval="1d">
    <File perm="0444">/3/12</File>
    <Query type="disk">/tmp/test-disk-big/3/12</Query>
  </Pair>
  <Pair reval="1d">
    <File perm="0444">/3/13</File>
    <Query type="disk">/tmp/test-disk-big/3/13</Query>
  </Pair>
  <Pair reval="1d">
    <File perm="0444">/3/14</File>
    <Query type="disk">/tmp/test-disk-big/3/14</Query>
  </Pair>
  <Pair reval="1d">
    <File perm="0444">/3/15</File>
    <Query type="disk">/tmp/test-disk-big/3/15</Query>
  </Pair>
  <Pair reval="1d">
    <File perm="0444">/3/16</File>
    <Query type="disk">/tmp/test-disk-big/3/16</Query>
  </Pair>
  <Pair reval="1d">
    <File perm="0444">/3/17</File>
    <Query type="disk">/tmp/test-disk-big/3/17</Query>
  </Pair>
  <Pair reval="1d">
    <File perm="0444">/3/18</File>
    <Query type="disk">/tmp/test-disk-big/3/18</Query>
  </Pair>
  <Pair reval="1d">
    <File perm="0444">/3/19</File>
    <Query type="disk">/tmp/test-disk-big/3/19</Query>
  </Pair>
  <Pair reval="1d">
    <File perm="0444">/3/2</File>
    <Query type="disk">/tmp/test-disk-big/3/2</Query>
  </Pair>
  <Pair reval="1d">
    <File perm="0444">/3/20</File>
    <Query type="disk">/tmp/test-disk-big/3/20</Query>
  </Pair>
  <Pair reval="1d">
    <File perm="0444">/3/21</File>
    <Query type="disk">/tmp/test-disk-big/3/21</Query>
  </Pair>
  <Pair reval="1d">
    <File perm="0444">/3/22</File>
    <Query type="disk">/tmp/test-disk-big/3/22</Query>
  </Pair>
  <Pair reval="1d">
    <File perm="0444">/3/23</File>
    <Query type="disk">/tmp/test-disk-big/3/23</Query>
  </Pair>
  <Pair reval="1d">
    <File perm="0444">/3/24</File>
    <Query type="disk">/tmp/test-disk-big/3/24</Query>
  </Pair>
  <Pair reval="1d">
    <File perm="0444">/3/25</File>
    <Query type="disk">/tmp/test-disk-big/3/25</Query>
  </Pair>
  <Pair reval="1d">
    <File perm="0444">/3/26</File>
    <Query type="disk">/tmp/test-disk-big/3/26</Query>
  </Pair>
  <Pair reval="1d">
    <File perm="0444">/3/27</File>
    <Query type="disk">/tmp/test-disk-big/3/27</Query>
  </Pair>
  <Pair reval="1d">
    <File perm="0444">/3/28</File>
    <Query type="disk">/tmp/test-disk-big/3/28</Query>
  </Pair>
  <Pair reval="1d">
    <File perm="0444">/3/29</File>
    <Query type="disk">/tmp/test-disk-big/3/29</Query>
  </Pair>
  <Pair reval="1d">
    <File perm="0444">/3/3</File>
    <Query type="disk">/tmp/test-disk-big/3/3</Query>
  </Pair>
  <Pair reval="1d">
    <File perm="0444">/3/30</File>
    <Query type="disk">/tmp/test-disk-big/3/30</Query>
  </Pair>
  <Pair reval="1d">
    <File perm="0444">/3/31</File>
    <Query type="disk">/tmp/test-disk-big/3/31</Query>
  </Pair>
  <Pair reval="1d">
    <File perm="0444">/3/32</File>
    <Query type="disk">/tmp/test-disk-big/3/32</Query>
  </Pair>
  <Pair reval="1d">
    <File perm="0444">/3/33</File>
    <Query type="disk">/tmp/test-disk-big/3/33</Query>
  </Pair>
  <Pair reval="1d">
    <File perm="0444">/3/34</File>
    <Query type="disk">/tmp/test-disk-big/3/34</Query>
  </Pair>
  <Pair reval="1d">
    <File perm="0444">/3/35</File>
    <Query type="disk">/tmp/test-disk-big/3/35</Query>
  </Pair>
  <Pair reval="1d">
    <File perm="0444">/3/36</File>
    <Query type="disk">/tmp/test-disk-big/3/36</Query>
  </Pair>
  <Pair reval="1d">
    <File perm="0444">/3/37</File>
    <Query type="disk">/tmp/test-disk-big/3/37</Query>
  </Pair>
  <Pair reval="1d">
    <File perm="0444">/3/38</File>
    <Query type="disk">/tmp/test-disk-big/3/38</Query>
  </Pair>
  <Pair reval="1d">
    <File perm="0444">/3/39</File>
    <Query type="disk">/tmp/test-disk-big/3/39</Query>
  </Pair>
  <Pair reval="1d">
    <File perm="0444">/3/4</File>
    <Query type="disk">/tmp/test-disk-big/3/4</Query>
  </Pair>
  <Pair reval="1d">
    <File perm="0444">/3/40</File>
    <Query type="disk">/tmp/test-disk-big/3/40</Query>
  </Pair>
  <Pair reval="1d">
    <File perm="0444">/3/41</File>
    <Query type="disk">/tmp/test-disk-big/3/41</Query>
  </Pair>
  <Pair reval="1d">
    <File perm="0444">/3/42</File>
    <Query type="disk">/tmp/test-disk-big/3/42</Query>
  </Pair>
  <Pair reval="1d">
    <File perm="0444">/3/43</File>
    <Query type="disk">/tmp/test-disk-big/3/43</Query>
  </Pair>
  <Pair reval="1d">
    <File perm="0444">/3/44</File>
    <Query type="disk">/tmp/test-disk-big/3/44</Query>
  </Pair>
  <Pair reval="1d">
    <File perm="0444">/3/45</File>
    <Query type="disk">/tmp/test-disk-big/3/45</Query>
  </Pair>
  <Pair reval="1d">
    <File perm="0444">/3/46</File>
    <Query type="disk">/tmp/test-disk-big/3/46</Query>
  </Pair>
  <Pair reval="1d">
    <File perm="0444">/3/47</File>
    <Query type="disk">/tmp/test-disk-big/3/47</Query>
  </Pair>
  <Pair reval="1d">
    <File perm="0444">/3/48</File>
    <Query type="disk">/tmp/test-disk-big/3/48</Query>
  </Pair>
  <Pair reval="1d">
    <File perm="0444">/3/49</File>
    <Query type="disk">/tmp/test-disk-big/3/49</Query>
  </Pair>
  <Pair reval="1d">
    <File perm="0444">/3/5</File>
    <Query type="disk">/tmp/test-disk-big/3/5</Query>
  </Pair>
  <Pair reval="1d">
    <File perm="0444">/3/50</File>
    <Query type="disk">/tmp/test-disk-big/3/50</Query>
  </Pair>
  <Pair reval="1d">
    <File perm="0444">/3/51</File>
    <Query type="disk">/tmp/test-disk-big/3/51</Query>
  </Pair>
  <Pair reval="1d">
    <File perm="0444">/3/52</File>
    <Query type="disk">/tmp/test-disk-big/3/52</Query>
  </Pair>
  <Pair reval="1d">
    <File perm="0444">/3/53</File>
    <Query type="disk">/tmp/test-disk-big/3/53</Query>
  </Pair>
  <Pair reval="1d">
    <File perm="0444">/3/54</File>
    <Query type="disk">/tmp/test-disk-big/3/54</Query>
  </Pair>
  <Pair reval="1d">
    <File perm="0444">/3/55</File>
    <Query type="disk">/tmp/test-disk-big/3/55</Query>
  </Pair>
  <Pair reval="1d">
    <File perm="0444">/3/56</File>
    <Query type="disk">/tmp/test-disk-big/3/56</Query>
  </Pair>
  <Pair reval="1d">
    <File perm="0444">/3/57</File>
    <Query type="disk">/tmp/test-disk-big/3/57</Query>
  </Pair>
  <Pair reval="1d">
    <File perm="0444">/3/58</File>
    <Query type="disk">/tmp/test-disk-big/3/58</Query>
  </Pair>
  <Pair reval="1d">
    <File perm="0444">/3/59</File>
    <Query type="disk">/tmp/test-disk-big/3/59</Query>
  </Pair>
  <Pair reval="1d">
    <File perm="0444">/3/6</File>
    <Query type="disk">/tmp/test-disk-big/3/6</Query>
  </Pair>
  <Pair reval="1d">
    <File perm="0444">/3/60</File>
    <Query type="disk">/tmp/test-disk-big/3/60</Query>
  </Pair>
  <Pair reval="1d">
    <File perm="0444">/3/61</File>
    <Query type="disk">/tmp/test-disk-big/3/61</Query>
  </Pair>
  <Pair reval="1d">
    <File perm="0444">/3/62</File>
    <Query type="disk">/tmp/test-disk-big/3/62</Query>
  </Pair>
  <Pair reval="1d">
    <File perm="0444">/3/63</File>
    <Query type="disk">/tmp/test-disk-big/3/63</Query>
  </Pair>
  <Pair reval="1d">
    <File perm="0444">/3/64</File>
    <Query type="disk">/tmp/test-disk-big/3/64</Query>
  </Pair>
  <Pair reval="1d">
    <File perm="0444">/3/65</File>
    <Query type="disk">/tmp/test-disk-big/3/65</Query>
  </Pair>
  <Pair reval="1d">
    <File perm="0444">/3/66</File>
    <Query type="disk">/tmp/test-disk-big/3/66</Query>
  </Pair>
  <Pair reval="1d">
    <File perm="0444">/3/67</File>
    <Query type="disk">/tmp/test-disk-big/3/67</Query>
  </Pair>
  <Pair reval="1d">
    <File perm="0444">/3/68</File>
    <Query type="disk">/tmp/test-disk-big/3/68</Query>
  </Pair>
  <Pair reval="1d">
    <File perm="0444">/3/69</File>
    <Query type="disk">/tmp/test-disk-big/3/69</Query>
  </Pair>
  <Pair reval="1d">
    <File perm="0444">/3/7</File>
    <Query type="disk">/tmp/test-disk-big/3/7</Query>
  </Pair>
  <Pair reval="1d">
    <File perm="0444">/3/70</File>
    <Query type="disk">/tmp/test-disk-big/3/70</Query>
  </Pair>
  <Pair reval="1d">
    <File perm="0444">/3/71</File>
    <Query type="disk">/tmp/test-disk-big/3/71</Query>
  </Pair>
  <Pair reval="1d">
    <File perm="0444">/3/72</File>
    <Query type="disk">/tmp/test-disk-big/3/72</Query>
  </Pair>
  <Pair reval="1d">
    <File perm="0444">/3/73</File>
    <Query type="disk">/tmp/test-disk-big/3/73</Query>
  </Pair>
  <Pair reval="1d">
    <File perm="0444">/3/74</File>
    <Query type="disk">/tmp/test-disk-big/3/74</Query>
  </Pair>
  <Pair reval="1d">
    <File perm="0444">/3/75</File>
    <Query type="disk">/tmp/test-disk-big/3/75</Query>
  </Pair>
  <Pair reval="1d">
    <File perm="0444">/3/76</File>
    <Query type="disk">/tmp/test-disk-big/3/76</Query>
  </Pair>
  <Pair reval="1d">
    <File perm="0444">/3/77</File>
    <Query type="disk">/tmp/test-disk-big/3/77</Query>
  </Pair>
  <Pair reval="1d">
    <File perm="0444">/3/78</File>
    <Query type="disk">/tmp/test-disk-big/3/78</Query>
  </Pair>
  <Pair reval="1d">
    <File perm="0444">/3/79</File>
    <Query type="disk">/tmp/test-disk-big/3/79</Query>
  </Pair>
  <Pair reval="1d">
    <File perm="0444">/3/8</File>
    <Query type="disk">/tmp/test-disk-big/3/8</Query>
  </Pair>
  <Pair reval="1d">
    <File perm="0444">/3/80</File>
    <Query type="disk">/tmp/test-disk-big/3/80</Query>
  </Pair>
  <Pair reval="1d">
    <File perm="0444">/3/81</File>
    <Query type="disk">/tmp/test-disk-big/3/81</Query>
  </Pair>
  <Pair reval="1d">
    <File perm="0444">/3/82</File>
    <Query type="disk">/tmp/test-disk-big/3/82</Query>
  </Pair>
  <Pair reval="1d">
    <File perm="0444">/3/83</File>
    <Query type="disk">/tmp/test-disk-big/3/83</Query>
  </Pair>
  <Pair reval="1d">
    <File perm="0444">/3/84</File>
    <Query type="disk">/tmp/test-disk-big/3/84</Query>
  </Pair>
  <Pair reval="1d">
    <File perm="0444">/3/85</File>
    <Query type="disk">/tmp/test-disk-big/3/85</Query>
  </Pair>
  <Pair reval="1d">
    <File perm="0444">/3/86</File>
    <Query type="disk">/tmp/test-disk-big/3/86</Query>
  </Pair>
  <Pair reval="1d">
    <File perm="0444">/3/87</File>
    <Query type="disk">/tmp/test-disk-big/3/87</Query>
  </Pair>
  <Pair reval="1d">
    <File perm="0444">/3/88</File>
    <Query type="disk">/tmp/test-disk-big/3/88</Query>
  </Pair>
  <Pair reval="1d">
    <File perm="0444">/3/89</File>
    <Query type="disk">/tmp/test-disk-big/3/89</Query>
  </Pair>
  <Pair reval="1d">
    <File perm="0444">/3/9</File>
    <Query type="disk">/tmp/test-disk-big/3/9</Query>
  </Pair>
  <Pair reval="1d">
    <File perm="0444">/3/90</File>
    <Query type="disk">/tmp/test-disk-big/3/90</Query>
  </Pair>
  <Pair reval="1d">
    <File perm="0444">/3/91</File>
    <Query type="disk">/tmp/test-disk-big/3/91</Query>
  </Pair>
  <Pair reval="1d">
    <File perm="0444">/3/92</File>
    <Query type="disk">/tmp/test-disk-big/3/92</Query>
  </Pair>
  <Pair reval="1d">
    <File perm="0444">/3/93</File>
    <Query type="disk">/tmp/test-disk-big/3/93</Query>
  </Pair>
  <Pair reval="1d">
    <File perm="0444">/3/94</File>
    <Query type="disk">/tmp/test-disk-big/3/94</Query>
  </Pair>
  <Pair reval="1d">
    <File perm="0444">/3/95</File>
    <Query type="disk">/tmp/test-disk-big/3/95</Query>
  </Pair>
  <Pair reval="1d">
    <File perm="0444">/3/96</File>
    <Query type="disk">/tmp/test-disk-big/3/96</Query>
  </Pair>
  <Pair reval="1d">
    <File perm="0444">/3/97</File>
    <Query type="disk">/tmp/test-disk-big/3/97</Query>
  </Pair>
  <Pair reval="1d">
    <File perm="0444">/3/98</File>
    <Query type="disk">/tmp/test-disk-big/3/98</Query>
  </Pair>
  <Pair reval="1d">
    <File perm="0444">/3/99</File>
    <Query type="disk">/tmp/test-disk-big/3/99</Query>
  </Pair>
  <Pair reval="1d">
    <Dir perm="0555">/30</Dir>
    <Query type="disk"></Query>
  </Pair>
  <Pair reval="1d">
    <File perm="0444">/30/1</File>
    <Query type="disk">/tmp/test-disk-big/30/1</Query>
  </Pair>
  <Pair reval="1d">
    <File perm="0444">/30/10</File>
    <Query type="disk">/tmp/test-disk-big/30/10</Query>
  </Pair>
  <Pair reval="1d">
    <File perm="0444">/30/100</File>
    <Query type="disk">/tmp/test-disk-big/30/100</Query>
  </Pair>
  <Pair reval="1d">
    <File perm="0444">/30/11</File>
    <Query type="disk">/tmp/test-disk-big/30/11</Query>
  </Pair>
  <Pair reval="1d">
    <File perm="0444">/30/12</File>
    <Query type="disk">/tmp/test-disk-big/30/12</Query>
  </Pair>
  <Pair reval="1d">
    <File perm="0444">/30/13</File>
    <Query type="disk">/tmp/test-disk-big/30/13</Query>
  </Pair>
  <Pair reval="1d">
    <File perm="0444">/30/14</File>
    <Query type="disk">/tmp/test-disk-big/30/14</Query>
  </Pair>
  <Pair reval="1d">
    <File perm="0444">/30/15</File>
    <Query type="disk">/tmp/test-disk-big/30/15</Query>
  </Pair>
  <Pair reval="1d">
    <File perm="0444">/30/16</File>
    <Query type="disk">/tmp/test-disk-big/30/16</Query>
  </Pair>
  <Pair reval="1d">
    <File perm="0444">/30/17</File>
    <Query type="disk">/tmp/test-disk-big/30/17</Query>
  </Pair>
  <Pair reval="1d">
    <File perm="0444">/30/18</File>
    <Query type="disk">/tmp/test-disk-big/30/18</Query>
  </Pair>
  <Pair reval="1d">
    <File perm="0444">/30/19</File>
    <Query type="disk">/tmp/test-disk-big/30/19</Query>
  </Pair>
  <Pair reval="1d">
    <File perm="0444">/30/2</File>
    <Query type="disk">/tmp/test-disk-big/30/2</Query>
  </Pair>
  <Pair reval="1d">
    <File perm="0444">/30/20</File>
    <Query type="disk">/tmp/test-disk-big/30/20</Query>
  </Pair>
  <Pair reval="1d">
    <File perm="0444">/30/21</File>
    <Query type="disk">/tmp/test-disk-big/30/21</Query>
  </Pair>
  <Pair reval="1d">
    <File perm="0444">/30/22</File>
    <Query type="disk">/tmp/test-disk-big/30/22</Query>
  </Pair>
  <Pair reval="1d">
    <File perm="0444">/30/23</File>
    <Query type="disk">/tmp/test-disk-big/30/23</Query>
  </Pair>
  <Pair reval="1d">
    <File perm="0444">/30/24</File>
    <Query type="disk">/tmp/test-disk-big/30/24</Query>
  </Pair>
  <Pair reval="1d">
    <File perm="0444">/30/25</File>
    <Query type="disk">/tmp/test-disk-big/30/25</Query>
  </Pair>
  <Pair reval="1d">
    <File perm="0444">/30/26</File>
    <Query type="disk">/tmp/test-disk-big/30/26</Query>
  </Pair>
  <Pair reval="1d">
    <File perm="0444">/30/27</File>
    <Query type="disk">/tmp/test-disk-big/30/27</Query>
  </Pair>
  <Pair reval="1d">
    <File perm="0444">/30/28</File>
    <Query type="disk">/tmp/test-disk-big/30/28</Query>
  </Pair>
  <Pair reval="1d">
    <File perm="0444">/30/29</File>
    <Query type="disk">/tmp/test-disk-big/30/29</Query>
  </Pair>
  <Pair reval="1d">
    <File perm="0444">/30/3</File>
    <Query type="disk">/tmp/test-disk-big/30/3</Query>
  </Pair>
  <Pair reval="1d">
    <File perm="0444">/30/30</File>
    <Query type="disk">/tmp/test-disk-big/30/30</Query>
  </Pair>
  <Pair reval="1d">
    <File perm="0444">/30/31</File>
    <Query type="disk">/tmp/test-disk-big/30/31</Query>
  </Pair>
  <Pair reval="1d">
    <File perm="0444">/30/32</File>
    <Query type="disk">/tmp/test-disk-big/30/32</Query>
  </Pair>
  <Pair reval="1d">
    <File perm="0444">/30/33</File>
    <Query type="disk">/tmp/test-disk-big/30/33</Query>
  </Pair>
  <Pair reval="1d">
    <File perm="0444">/30/34</File>
    <Query type="disk">/tmp/test-disk-big/30/34</Query>
  </Pair>
  <Pair reval="1d">
    <File perm="0444">/30/35</File>
    <Query type="disk">/tmp/test-disk-big/30/35</Query>
  </Pair>
  <Pair reval="1d">
    <File perm="0444">/30/36</File>
    <Query type="disk">/tmp/test-disk-big/30/36</Query>
  </Pair>
  <Pair reval="1d">
    <File perm="0444">/30/37</File>
    <Query type="disk">/tmp/test-disk-big/30/37</Query>
  </Pair>
  <Pair reval="1d">
    <File perm="0444">/30/38</File>
    <Query type="disk">/tmp/test-disk-big/30/38</Query>
  </Pair>
  <Pair reval="1d">
    <File perm="0444">/30/39</File>
    <Query type="disk">/tmp/test-disk-big/30/39</Query>
  </Pair>
  <Pair reval="1d">
    <File perm="0444">/30/4</File>
    <Query type="disk">/tmp/test-disk-big/30/4</Query>
  </Pair>
  <Pair reval="1d">
    <File perm="0444">/30/40</File>
    <Query type="disk">/tmp/test-disk-big/30/40</Query>
  </Pair>
  <Pair reval="1d">
    <File perm="0444">/30/41</File>
    <Query type="disk">/tmp/test-disk-big/30/41</Query>
  </Pair>
  <Pair reval="1d">
    <File perm="0444">/30/42</File>
    <Query type="disk">/tmp/test-disk-big/30/42</Query>
  </Pair>
  <Pair reval="1d">
    <File perm="0444">/30/43</File>
    <Query type="disk">/tmp/test-disk-big/30/43</Query>
  </Pair>
  <Pair reval="1d">
    <File perm="0444">/30/44</File>
    <Query type="disk">/tmp/test-disk-big/30/44</Query>
  </Pair>
  <Pair reval="1d">
    <File perm="0444">/30/45</File>
    <Query type="disk">/tmp/test-disk-big/30/45</Query>
  </Pair>
  <Pair reval="1d">
    <File perm="0444">/30/46</File>
    <Query type="disk">/tmp/test-disk-big/30/46</Query>
  </Pair>
  <Pair reval="1d">
    <File perm="0444">/30/47</File>
    <Query type="disk">/tmp/test-disk-big/30/47</Query>
  </Pair>
  <Pair reval="1d">
    <File perm="0444">/30/48</File>
    <Query type="disk">/tmp/test-disk-big/30/48</Query>
  </Pair>
  <Pair reval="1d">
    <File perm="0444">/30/49</File>
    <Query type="disk">/tmp/test-disk-big/30/49</Query>
  </Pair>
  <Pair reval="1d">
    <File perm="0444">/30/5</File>
    <Query type="disk">/tmp/test-disk-big/30/5</Query>
  </Pair>
  <Pair reval="1d">
    <File perm="0444">/30/50</File>
    <Query type="disk">/tmp/test-disk-big/30/50</Query>
  </Pair>
  <Pair reval="1d">
    <File perm="0444">/30/51</File>
    <Query type="disk">/tmp/test-disk-big/30/51</Query>
  </Pair>
  <Pair reval="1d">
    <File perm="0444">/30/52</File>
    <Query type="disk">/tmp/test-disk-big/30/52</Query>
  </Pair>
  <Pair reval="1d">
    <File perm="0444">/30/53</File>
    <Query type="disk">/tmp/test-disk-big/30/53</Query>
  </Pair>
  <Pair reval="1d">
    <File perm="0444">/30/54</File>
    <Query type="disk">/tmp/test-disk-big/30/54</Query>
  </Pair>
  <Pair reval="1d">
    <File perm="0444">/30/55</File>
    <Query type="disk">/tmp/test-disk-big/30/55</Query>
  </Pair>
  <Pair reval="1d">
    <File perm="0444">/30/56</File>
    <Query type="disk">/tmp/test-disk-big/30/56</Query>
  </Pair>
  <Pair reval="1d">
    <File perm="0444">/30/57</File>
    <Query type="disk">/tmp/test-disk-big/30/57</Query>
  </Pair>
  <Pair reval="1d">
    <File perm="0444">/30/58</File>
    <Query type="disk">/tmp/test-disk-big/30/58</Query>
  </Pair>
  <Pair reval="1d">
    <File perm="0444">/30/59</File>
    <Query type="disk">/tmp/test-disk-big/30/59</Query>
  </Pair>
  <Pair reval="1d">
    <File perm="0444">/30/6</File>
    <Query type="disk">/tmp/test-disk-big/30/6</Query>
  </Pair>
  <Pair reval="1d">
    <File perm="0444">/30/60</File>
    <Query type="disk">/tmp/test-disk-big/30/60</Query>
  </Pair>
  <Pair reval="1d">
    <File perm="0444">/30/61</File>
    <Query type="disk">/tmp/test-disk-big/30/61</Query>
  </Pair>
  <Pair reval="1d">
    <File perm="0444">/30/62</File>
    <Query type="disk">/tmp/test-disk-big/30/62</Query>
  </Pair>
  <Pair reval="1d">
    <File perm="0444">/30/63</File>
    <Query type="disk">/tmp/test-disk-big/30/63</Query>
  </Pair>
  <Pair reval="1d">
    <File perm="0444">/30/64</File>
    <Query type="disk">/tmp/test-disk-big/30/64</Query>
  </Pair>
  <Pair reval="1d">
    <File perm="0444">/30/65</File>
    <Query type="disk">/tmp/test-disk-big/30/65</Query>
  </Pair>
  <Pair reval="1d">
    <File perm="0444">/30/66</File>
    <Query type="disk">/tmp/test-disk-big/30/66</Query>
  </Pair>
  <Pair reval="1d">
    <File perm="0444">/30/67</File>
    <Query type="disk">/tmp/test-disk-big/30/67</Query>
  </Pair>
  <Pair reval="1d">
    <File perm="0444">/30/68</File>
    <Query type="disk">/tmp/test-disk-big/30/68</Query>
  </Pair>
  <Pair reval="1d">
    <File perm="0444">/30/69</File>
    <Query type="disk">/tmp/test-disk-big/30/69</Query>
  </Pair>
  <Pair reval="1d">
    <File perm="0444">/30/7</File>
    <Query type="disk">/tmp/test-disk-big/30/7</Query>
  </Pair>
  <Pair reval="1d">
    <File perm="0444">/30/70</File>
    <Query type="disk">/tmp/test-disk-big/30/70</Query>
  </Pair>
  <Pair reval="1d">
    <File perm="0444">/30/71</File>
    <Query type="disk">/tmp/test-disk-big/30/71</Query>
  </Pair>
  <Pair reval="1d">
    <File perm="0444">/30/72</File>
    <Query type="disk">/tmp/test-disk-big/30/72</Query>
  </Pair>
  <Pair reval="1d">
    <File perm="0444">/30/73</File>
    <Query type="disk">/tmp/test-disk-big/30/73</Query>
  </Pair>
  <Pair reval="1d">
    <File perm="0444">/30/74</File>
    <Query type="disk">/tmp/test-disk-big/30/74</Query>
  </Pair>
  <Pair reval="1d">
    <File perm="0444">/30/75</File>
    <Query type="disk">/tmp/test-disk-big/30/75</Query>
  </Pair>
  <Pair reval="1d">
    <File perm="0444">/30/76</File>
    <Query type="disk">/tmp/test-disk-big/30/76</Query>
  </Pair>
  <Pair reval="1d">
    <File perm="0444">/30/77</File>
    <Query type="disk">/tmp/test-disk-big/30/77</Query>
  </Pair>
  <Pair reval="1d">
    <File perm="0444">/30/78</File>
    <Query type="disk">/tmp/test-disk-big/30/78</Query>
  </Pair>
  <Pair reval="1d">
    <File perm="0444">/30/79</File>
    <Query type="disk">/tmp/test-disk-big/30/79</Query>
  </Pair>
  <Pair reval="1d">
    <File perm="0444">/30/8</File>
    <Query type="disk">/tmp/test-disk-big/30/8</Query>
  </Pair>
  <Pair reval="1d">
    <File perm="0444">/30/80</File>
    <Query type="disk">/tmp/test-disk-big/30/80</Query>
  </Pair>
  <Pair reval="1d">
    <File perm="0444">/30/81</File>
    <Query type="disk">/tmp/test-disk-big/30/81</Query>
  </Pair>
  <Pair reval="1d">
    <File perm="0444">/30/82</File>
    <Query type="disk">/tmp/test-disk-big/30/82</Query>
  </Pair>
  <Pair reval="1d">
    <File perm="0444">/30/83</File>
    <Query type="disk">/tmp/test-disk-big/30/83</Query>
  </Pair>
  <Pair reval="1d">
    <File perm="0444">/30/84</File>
    <Query type="disk">/tmp/test-disk-big/30/84</Query>
  </Pair>
  <Pair reval="1d">
    <File perm="0444">/30/85</File>
    <Query type="disk">/tmp/test-disk-big/30/85</Query>
  </Pair>
  <Pair reval="1d">
    <File perm="0444">/30/86</File>
    <Query type="disk">/tmp/test-disk-big/30/86</Query>
  </Pair>
  <Pair reval="1d">
    <File perm="0444">/30/87</File>
    <Query type="disk">/tmp/test-disk-big/30/87</Query>
  </Pair>
  <Pair reval="1d">
    <File perm="0444">/30/88</File>
    <Query type="disk">/tmp/test-disk-big/30/88</Query>
  </Pair>
  <Pair reval="1d">
    <File perm="0444">/30/89</File>
    <Query type="disk">/tmp/test-disk-big/30/89</Query>
  </Pair>
  <Pair reval="1d">
    <File perm="0444">/30/9</File>
    <Query type="disk">/tmp/test-disk-big/30/9</Query>
  </Pair>
  <Pair reval="1d">
    <File perm="0444">/30/90</File>
    <Query type="disk">/tmp/test-disk-big/30/90</Query>
  </Pair>
  <Pair reval="1d">
    <File perm="0444">/30/91</File>
    <Query type="disk">/tmp/test-disk-big/30/91</Query>
  </Pair>
  <Pair reval="1d">
    <File perm="0444">/30/92</File>
    <Query type="disk">/tmp/test-disk-big/30/92</Query>
  </Pair>
  <Pair reval="1d">
    <File perm="0444">/30/93</File>
    <Query type="disk">/tmp/test-disk-big/30/93</Query>
  </Pair>
  <Pair reval="1d">
    <File perm="0444">/30/94</File>
    <Query type="disk">/tmp/test-disk-big/30/94</Query>
  </Pair>
  <Pair reval="1d">
    <File perm="0444">/30/95</File>
    <Query type="disk">/tmp/test-disk-big/30/95</Query>
  </Pair>
  <Pair reval="1d">
    <File perm="0444">/30/96</File>
    <Query type="disk">/tmp/test-disk-big/30/96</Query>
  </Pair>
  <Pair reval="1d">
    <File perm="0444">/30/97</File>
    <Query type="disk">/tmp/test-disk-big/30/97</Query>
  </Pair>
  <Pair reval="1d">
    <File perm="0444">/30/98</File>
    <Query type="disk">/tmp/test-disk-big/30/98</Query>
  </Pair>
  <Pair reval="1d">
    <File perm="0444">/30/99</File>
    <Query type="disk">/tmp/test-disk-big/30/99</Query>
  </Pair>
  <Pair reval="1d">
    <Dir perm="0555">/31</Dir>
    <Query type="disk"></Query>
  </Pair>
  <Pair reval="1d">
    <File perm="0444">/31/1</File>
    <Query type="disk">/tmp/test-disk-big/31/1</Query>
  </Pair>
  <Pair reval="1d">
    <File perm="0444">/31/10</File>
    <Query type="disk">/tmp/test-disk-big/31/10</Query>
  </Pair>
  <Pair reval="1d">
    <File perm="0444">/31/100</File>
    <Query type="disk">/tmp/test-disk-big/31/100</Query>
  </Pair>
  <Pair reval="1d">
    <File perm="0444">/31/11</File>
    <Query type="disk">/tmp/test-disk-big/31/11</Query>
  </Pair>
  <Pair reval="1d">
    <File perm="0444">/31/12</File>
    <Query type="disk">/tmp/test-disk-big/31/12</Query>
  </Pair>
  <Pair reval="1d">
    <File perm="0444">/31/13</File>
    <Query type="disk">/tmp/test-disk-big/31/13</Query>
  </Pair>
  <Pair reval="1d">
    <File perm="0444">/31/14</File>
    <Query type="disk">/tmp/test-disk-big/31/14</Query>
  </Pair>
  <Pair reval="1d">
    <File perm="0444">/31/15</File>
    <Query type="disk">/tmp/test-disk-big/31/15</Query>
  </Pair>
  <Pair reval="1d">
    <File perm="0444">/31/16</File>
    <Query type="disk">/tmp/test-disk-big/31/16</Query>
  </Pair>
  <Pair reval="1d">
    <File perm="0444">/31/17</File>
    <Query type="disk">/tmp/test-disk-big/31/17</Query>
  </Pair>
  <Pair reval="1d">
    <File perm="0444">/31/18</File>
    <Query type="disk">/tmp/test-disk-big/31/18</Query>
  </Pair>
  <Pair reval="1d">
    <File perm="0444">/31/19</File>
    <Query type="disk">/tmp/test-disk-big/31/19</Query>
  </Pair>
  <Pair reval="1d">
    <File perm="0444">/31/2</File>
    <Query type="disk">/tmp/test-disk-big/31/2</Query>
  </Pair>
  <Pair reval="1d">
    <File perm="0444">/31/20</File>
    <Query type="disk">/tmp/test-disk-big/31/20</Query>
  </Pair>
  <Pair reval="1d">
    <File perm="0444">/31/21</File>
    <Query type="disk">/tmp/test-disk-big/31/21</Query>
  </Pair>
  <Pair reval="1d">
    <File perm="0444">/31/22</File>
    <Query type="disk">/tmp/test-disk-big/31/22</Query>
  </Pair>
  <Pair reval="1d">
    <File perm="0444">/31/23</File>
    <Query type="disk">/tmp/test-disk-big/31/23</Query>
  </Pair>
  <Pair reval="1d">
    <File perm="0444">/31/24</File>
    <Query type="disk">/tmp/test-disk-big/31/24</Query>
  </Pair>
  <Pair reval="1d">
    <File perm="0444">/31/25</File>
    <Query type="disk">/tmp/test-disk-big/31/25</Query>
  </Pair>
  <Pair reval="1d">
    <File perm="0444">/31/26</File>
    <Query type="disk">/tmp/test-disk-big/31/26</Query>
  </Pair>
  <Pair reval="1d">
    <File perm="0444">/31/27</File>
    <Query type="disk">/tmp/test-disk-big/31/27</Query>
  </Pair>
  <Pair reval="1d">
    <File perm="0444">/31/28</File>
    <Query type="disk">/tmp/test-disk-big/31/28</Query>
  </Pair>
  <Pair reval="1d">
    <File perm="0444">/31/29</File>
    <Query type="disk">/tmp/test-disk-big/31/29</Query>
  </Pair>
  <Pair reval="1d">
    <File perm="0444">/31/3</File>
    <Query type="disk">/tmp/test-disk-big/31/3</Query>
  </Pair>
  <Pair reval="1d">
    <File perm="0444">/31/30</File>
    <Query type="disk">/tmp/test-disk-big/31/30</Query>
  </Pair>
  <Pair reval="1d">
    <File perm="0444">/31/31</File>
    <Query type="disk">/tmp/test-disk-big/31/31</Query>
  </Pair>
  <Pair reval="1d">
    <File perm="0444">/31/32</File>
    <Query type="disk">/tmp/test-disk-big/31/32</Query>
  </Pair>
  <Pair reval="1d">
    <File perm="0444">/31/33</File>
    <Query type="disk">/tmp/test-disk-big/31/33</Query>
  </Pair>
  <Pair reval="1d">
    <File perm="0444">/31/34</File>
    <Query type="disk">/tmp/test-disk-big/31/34</Query>
  </Pair>
  <Pair reval="1d">
    <File perm="0444">/31/35</File>
    <Query type="disk">/tmp/test-disk-big/31/35</Query>
  </Pair>
  <Pair reval="1d">
    <File perm="0444">/31/36</File>
    <Query type="disk">/tmp/test-disk-big/31/36</Query>
  </Pair>
  <Pair reval="1d">
    <File perm="0444">/31/37</File>
    <Query type="disk">/tmp/test-disk-big/31/37</Query>
  </Pair>
  <Pair reval="1d">
    <File perm="0444">/31/38</File>
    <Query type="disk">/tmp/test-disk-big/31/38</Query>
  </Pair>
  <Pair reval="1d">
    <File perm="0444">/31/39</File>
    <Query type="disk">/tmp/test-disk-big/31/39</Query>
  </Pair>
  <Pair reval="1d">
    <File perm="0444">/31/4</File>
    <Query type="disk">/tmp/test-disk-big/31/4</Query>
  </Pair>
  <Pair reval="1d">
    <File perm="0444">/31/40</File>
    <Query type="disk">/tmp/test-disk-big/31/40</Query>
  </Pair>
  <Pair reval="1d">
    <File perm="0444">/31/41</File>
    <Query type="disk">/tmp/test-disk-big/31/41</Query>
  </Pair>
  <Pair reval="1d">
    <File perm="0444">/31/42</File>
    <Query type="disk">/tmp/test-disk-big/31/42</Query>
  </Pair>
  <Pair reval="1d">
    <File perm="0444">/31/43</File>
    <Query type="disk">/tmp/test-disk-big/31/43</Query>
  </Pair>
  <Pair reval="1d">
    <File perm="0444">/31/44</File>
    <Query type="disk">/tmp/test-disk-big/31/44</Query>
  </Pair>
  <Pair reval="1d">
    <File perm="0444">/31/45</File>
    <Query type="disk">/tmp/test-disk-big/31/45</Query>
  </Pair>
  <Pair reval="1d">
    <File perm="0444">/31/46</File>
    <Query type="disk">/tmp/test-disk-big/31/46</Query>
  </Pair>
  <Pair reval="1d">
    <File perm="0444">/31/47</File>
    <Query type="disk">/tmp/test-disk-big/31/47</Query>
  </Pair>
  <Pair reval="1d">
    <File perm="0444">/31/48</File>
    <Query type="disk">/tmp/test-disk-big/31/48</Query>
  </Pair>
  <Pair reval="1d">
    <File perm="0444">/31/49</File>
    <Query type="disk">/tmp/test-disk-big/31/49</Query>
  </Pair>
  <Pair reval="1d">
    <File perm="0444">/31/5</File>
    <Query type="disk">/tmp/test-disk-big/31/5</Query>
  </Pair>
  <Pair reval="1d">
    <File perm="0444">/31/50</File>
    <Query type="disk">/tmp/test-disk-big/31/50</Query>
  </Pair>
  <Pair reval="1d">
    <File perm="0444">/31/51</File>
    <Query type="disk">/tmp/test-disk-big/31/51</Query>
  </Pair>
  <Pair reval="1d">
    <File perm="0444">/31/52</File>
    <Query type="disk">/tmp/test-disk-big/31/52</Query>
  </Pair>
  <Pair reval="1d">
    <File perm="0444">/31/53</File>
    <Query type="disk">/tmp/test-disk-big/31/53</Query>
  </Pair>
  <Pair reval="1d">
    <File perm="0444">/31/54</File>
    <Query type="disk">/tmp/test-disk-big/31/54</Query>
  </Pair>
  <Pair reval="1d">
    <File perm="0444">/31/55</File>
    <Query type="disk">/tmp/test-disk-big/31/55</Query>
  </Pair>
  <Pair reval="1d">
    <File perm="0444">/31/56</File>
    <Query type="disk">/tmp/test-disk-big/31/56</Query>
  </Pair>
  <Pair reval="1d">
    <File perm="0444">/31/57</File>
    <Query type="disk">/tmp/test-disk-big/31/57</Query>
  </Pair>
  <Pair reval="1d">
    <File perm="0444">/31/58</File>
    <Query type="disk">/tmp/test-disk-big/31/58</Query>
  </Pair>
  <Pair reval="1d">
    <File perm="0444">/31/59</File>
    <Query type="disk">/tmp/test-disk-big/31/59</Query>
  </Pair>
  <Pair reval="1d">
    <File perm="0444">/31/6</File>
    <Query type="disk">/tmp/test-disk-big/31/6</Query>
  </Pair>
  <Pair reval="1d">
    <File perm="0444">/31/60</File>
    <Query type="disk">/tmp/test-disk-big/31/60</Query>
  </Pair>
  <Pair reval="1d">
    <File perm="0444">/31/61</File>
    <Query type="disk">/tmp/test-disk-big/31/61</Query>
  </Pair>
  <Pair reval="1d">
    <File perm="0444">/31/62</File>
    <Query type="disk">/tmp/test-disk-big/31/62</Query>
  </Pair>
  <Pair reval="1d">
    <File perm="0444">/31/63</File>
    <Query type="disk">/tmp/test-disk-big/31/63</Query>
  </Pair>
  <Pair reval="1d">
    <File perm="0444">/31/64</File>
    <Query type="disk">/tmp/test-disk-big/31/64</Query>
  </Pair>
  <Pair reval="1d">
    <File perm="0444">/31/65</File>
    <Query type="disk">/tmp/test-disk-big/31/65</Query>
  </Pair>
  <Pair reval="1d">
    <File perm="0444">/31/66</File>
    <Query type="disk">/tmp/test-disk-big/31/66</Query>
  </Pair>
  <Pair reval="1d">
    <File perm="0444">/31/67</File>
    <Query type="disk">/tmp/test-disk-big/31/67</Query>
  </Pair>
  <Pair reval="1d">
    <File perm="0444">/31/68</File>
    <Query type="disk">/tmp/test-disk-big/31/68</Query>
  </Pair>
  <Pair reval="1d">
    <File perm="0444">/31/69</File>
    <Query type="disk">/tmp/test-disk-big/31/69</Query>
  </Pair>
  <Pair reval="1d">
    <File perm="0444">/31/7</File>
    <Query type="disk">/tmp/test-disk-big/31/7</Query>
  </Pair>
  <Pair reval="1d">
    <File perm="0444">/31/70</File>
    <Query type="disk">/tmp/test-disk-big/31/70</Query>
  </Pair>
  <Pair reval="1d">
    <File perm="0444">/31/71</File>
    <Query type="disk">/tmp/test-disk-big/31/71</Query>
  </Pair>
  <Pair reval="1d">
    <File perm="0444">/31/72</File>
    <Query type="disk">/tmp/test-disk-big/31/72</Query>
  </Pair>
  <Pair reval="1d">
    <File perm="0444">/31/73</File>
    <Query type="disk">/tmp/test-disk-big/31/73</Query>
  </Pair>
  <Pair reval="1d">
    <File perm="0444">/31/74</File>
    <Query type="disk">/tmp/test-disk-big/31/74</Query>
  </Pair>
  <Pair reval="1d">
    <File perm="0444">/31/75</File>
    <Query type="disk">/tmp/test-disk-big/31/75</Query>
  </Pair>
  <Pair reval="1d">
    <File perm="0444">/31/76</File>
    <Query type="disk">/tmp/test-disk-big/31/76</Query>
  </Pair>
  <Pair reval="1d">
    <File perm="0444">/31/77</File>
    <Query type="disk">/tmp/test-disk-big/31/77</Query>
  </Pair>
  <Pair reval="1d">
    <File perm="0444">/31/78</File>
    <Query type="disk">/tmp/test-disk-big/31/78</Query>
  </Pair>
  <Pair reval="1d">
    <File perm="0444">/31/79</File>
    <Query type="disk">/tmp/test-disk-big/31/79</Query>
  </Pair>
  <Pair reval="1d">
    <File perm="0444">/31/8</File>
    <Query type="disk">/tmp/test-disk-big/31/8</Query>
  </Pair>
  <Pair reval="1d">
    <File perm="0444">/31/80</File>
    <Query type="disk">/tmp/test-disk-big/31/80</Query>
  </Pair>
  <Pair reval="1d">
    <File perm="0444">/31/81</File>
    <Query type="disk">/tmp/test-disk-big/31/81</Query>
  </Pair>
  <Pair reval="1d">
    <File perm="0444">/31/82</File>
    <Query type="disk">/tmp/test-disk-big/31/82</Query>
  </Pair>
  <Pair reval="1d">
    <File perm="0444">/31/83</File>
    <Query type="disk">/tmp/test-disk-big/31/83</Query>
  </Pair>
  <Pair reval="1d">
    <File perm="0444">/31/84</File>
    <Query type="disk">/tmp/test-disk-big/31/84</Query>
  </Pair>
  <Pair reval="1d">
    <File perm="0444">/31/85</File>
    <Query type="disk">/tmp/test-disk-big/31/85</Query>
  </Pair>
  <Pair reval="1d">
    <File perm="0444">/31/86</File>
    <Query type="disk">/tmp/test-disk-big/31/86</Query>
  </Pair>
  <Pair reval="1d">
    <File perm="0444">/31/87</File>
    <Query type="disk">/tmp/test-disk-big/31/87</Query>
  </Pair>
  <Pair reval="1d">
    <File perm="0444">/31/88</File>
    <Query type="disk">/tmp/test-disk-big/31/88</Query>
  </Pair>
  <Pair reval="1d">
    <File perm="0444">/31/89</File>
    <Query type="disk">/tmp/test-disk-big/31/89</Query>
  </Pair>
  <Pair reval="1d">
    <File perm="0444">/31/9</File>
    <Query type="disk">/tmp/test-disk-big/31/9</Query>
  </Pair>
  <Pair reval="1d">
    <File perm="0444">/31/90</File>
    <Query type="disk">/tmp/test-disk-big/31/90</Query>
  </Pair>
  <Pair reval="1d">
    <File perm="0444">/31/91</File>
    <Query type="disk">/tmp/test-disk-big/31/91</Query>
  </Pair>
  <Pair reval="1d">
    <File perm="0444">/31/92</File>
    <Query type="disk">/tmp/test-disk-big/31/92</Query>
  </Pair>
  <Pair reval="1d">
    <File perm="0444">/31/93</File>
    <Query type="disk">/tmp/test-disk-big/31/93</Query>
  </Pair>
  <Pair reval="1d">
    <File perm="0444">/31/94</File>
    <Query type="disk">/tmp/test-disk-big/31/94</Query>
  </Pair>
  <Pair reval="1d">
    <File perm="0444">/31/95</File>
    <Query type="disk">/tmp/test-disk-big/31/95</Query>
  </Pair>
  <Pair reval="1d">
    <File perm="0444">/31/96</File>
    <Query type="disk">/tmp/test-disk-big/31/96</Query>
  </Pair>
  <Pair reval="1d">
    <File perm="0444">/31/97</File>
    <Query type="disk">/tmp/test-disk-big/31/97</Query>
  </Pair>
  <Pair reval="1d">
    <File perm="0444">/31/98</File>
    <Query type="disk">/tmp/test-disk-big/31/98</Query>
  </Pair>
  <Pair reval="1d">
    <File perm="0444">/31/99</File>
    <Query type="disk">/tmp/test-disk-big/31/99</Query>
  </Pair>
  <Pair reval="1d">
    <Dir perm="0555">/32</Dir>
    <Query type="disk"></Query>
  </Pair>
  <Pair reval="1d">
    <File perm="0444">/32/1</File>
    <Query type="disk">/tmp/test-disk-big/32/1</Query>
  </Pair>
  <Pair reval="1d">
    <File perm="0444">/32/10</File>
    <Query type="disk">/tmp/test-disk-big/32/10</Query>
  </Pair>
  <Pair reval="1d">
    <File perm="0444">/32/100</File>
    <Query type="disk">/tmp/test-disk-big/32/100</Query>
  </Pair>
  <Pair reval="1d">
    <File perm="0444">/32/11</File>
    <Query type="disk">/tmp/test-disk-big/32/11</Query>
  </Pair>
  <Pair reval="1d">
    <File perm="0444">/32/12</File>
    <Query type="disk">/tmp/test-disk-big/32/12</Query>
  </Pair>
  <Pair reval="1d">
    <File perm="0444">/32/13</File>
    <Query type="disk">/tmp/test-disk-big/32/13</Query>
  </Pair>
  <Pair reval="1d">
    <File perm="0444">/32/14</File>
    <Query type="disk">/tmp/test-disk-big/32/14</Query>
  </Pair>
  <Pair reval="1d">
    <File perm="0444">/32/15</File>
    <Query type="disk">/tmp/test-disk-big/32/15</Query>
  </Pair>
  <Pair reval="1d">
    <File perm="0444">/32/16</File>
    <Query type="disk">/tmp/test-disk-big/32/16</Query>
  </Pair>
  <Pair reval="1d">
    <File perm="0444">/32/17</File>
    <Query type="disk">/tmp/test-disk-big/32/17</Query>
  </Pair>
  <Pair reval="1d">
    <File perm="0444">/32/18</File>
    <Query type="disk">/tmp/test-disk-big/32/18</Query>
  </Pair>
  <Pair reval="1d">
    <File perm="0444">/32/19</File>
    <Query type="disk">/tmp/test-disk-big/32/19</Query>
  </Pair>
  <Pair reval="1d">
    <File perm="0444">/32/2</File>
    <Query type="disk">/tmp/test-disk-big/32/2</Query>
  </Pair>
  <Pair reval="1d">
    <File perm="0444">/32/20</File>
    <Query type="disk">/tmp/test-disk-big/32/20</Query>
  </Pair>
  <Pair reval="1d">
    <File perm="0444">/32/21</File>
    <Query type="disk">/tmp/test-disk-big/32/21</Query>
  </Pair>
  <Pair reval="1d">
    <File perm="0444">/32/22</File>
    <Query type="disk">/tmp/test-disk-big/32/22</Query>
  </Pair>
  <Pair reval="1d">
    <File perm="0444">/32/23</File>
    <Query type="disk">/tmp/test-disk-big/32/23</Query>
  </Pair>
  <Pair reval="1d">
    <File perm="0444">/32/24</File>
    <Query type="disk">/tmp/test-disk-big/32/24</Query>
  </Pair>
  <Pair reval="1d">
    <File perm="0444">/32/25</File>
    <Query type="disk">/tmp/test-disk-big/32/25</Query>
  </Pair>
  <Pair reval="1d">
    <File perm="0444">/32/26</File>
    <Query type="disk">/tmp/test-disk-big/32/26</Query>
  </Pair>
  <Pair reval="1d">
    <File perm="0444">/32/27</File>
    <Query type="disk">/tmp/test-disk-big/32/27</Query>
  </Pair>
  <Pair reval="1d">
    <File perm="0444">/32/28</File>
    <Query type="disk">/tmp/test-disk-big/32/28</Query>
  </Pair>
  <Pair reval="1d">
    <File perm="0444">/32/29</File>
    <Query type="disk">/tmp/test-disk-big/32/29</Query>
  </Pair>
  <Pair reval="1d">
    <File perm="0444">/32/3</File>
    <Query type="disk">/tmp/test-disk-big/32/3</Query>
  </Pair>
  <Pair reval="1d">
    <File perm="0444">/32/30</File>
    <Query type="disk">/tmp/test-disk-big/32/30</Query>
  </Pair>
  <Pair reval="1d">
    <File perm="0444">/32/31</File>
    <Query type="disk">/tmp/test-disk-big/32/31</Query>
  </Pair>
  <Pair reval="1d">
    <File perm="0444">/32/32</File>
    <Query type="disk">/tmp/test-disk-big/32/32</Query>
  </Pair>
  <Pair reval="1d">
    <File perm="0444">/32/33</File>
    <Query type="disk">/tmp/test-disk-big/32/33</Query>
  </Pair>
  <Pair reval="1d">
    <File perm="0444">/32/34</File>
    <Query type="disk">/tmp/test-disk-big/32/34</Query>
  </Pair>
  <Pair reval="1d">
    <File perm="0444">/32/35</File>
    <Query type="disk">/tmp/test-disk-big/32/35</Query>
  </Pair>
  <Pair reval="1d">
    <File perm="0444">/32/36</File>
    <Query type="disk">/tmp/test-disk-big/32/36</Query>
  </Pair>
  <Pair reval="1d">
    <File perm="0444">/32/37</File>
    <Query type="disk">/tmp/test-disk-big/32/37</Query>
  </Pair>
  <Pair reval="1d">
    <File perm="0444">/32/38</File>
    <Query type="disk">/tmp/test-disk-big/32/38</Query>
  </Pair>
  <Pair reval="1d">
    <File perm="0444">/32/39</File>
    <Query type="disk">/tmp/test-disk-big/32/39</Query>
  </Pair>
  <Pair reval="1d">
    <File perm="0444">/32/4</File>
    <Query type="disk">/tmp/test-disk-big/32/4</Query>
  </Pair>
  <Pair reval="1d">
    <File perm="0444">/32/40</File>
    <Query type="disk">/tmp/test-disk-big/32/40</Query>
  </Pair>
  <Pair reval="1d">
    <File perm="0444">/32/41</File>
    <Query type="disk">/tmp/test-disk-big/32/41</Query>
  </Pair>
  <Pair reval="1d">
    <File perm="0444">/32/42</File>
    <Query type="disk">/tmp/test-disk-big/32/42</Query>
  </Pair>
  <Pair reval="1d">
    <File perm="0444">/32/43</File>
    <Query type="disk">/tmp/test-disk-big/32/43</Query>
  </Pair>
  <Pair reval="1d">
    <File perm="0444">/32/44</File>
    <Query type="disk">/tmp/test-disk-big/32/44</Query>
  </Pair>
  <Pair reval="1d">
    <File perm="0444">/32/45</File>
    <Query type="disk">/tmp/test-disk-big/32/45</Query>
  </Pair>
  <Pair reval="1d">
    <File perm="0444">/32/46</File>
    <Query type="disk">/tmp/test-disk-big/32/46</Query>
  </Pair>
  <Pair reval="1d">
    <File perm="0444">/32/47</File>
    <Query type="disk">/tmp/test-disk-big/32/47</Query>
  </Pair>
  <Pair reval="1d">
    <File perm="0444">/32/48</File>
    <Query type="disk">/tmp/test-disk-big/32/48</Query>
  </Pair>
  <Pair reval="1d">
    <File perm="0444">/32/49</File>
    <Query type="disk">/tmp/test-disk-big/32/49</Query>
  </Pair>
  <Pair reval="1d">
    <File perm="0444">/32/5</File>
    <Query type="disk">/tmp/test-disk-big/32/5</Query>
  </Pair>
  <Pair reval="1d">
    <File perm="0444">/32/50</File>
    <Query type="disk">/tmp/test-disk-big/32/50</Query>
  </Pair>
  <Pair reval="1d">
    <File perm="0444">/32/51</File>
    <Query type="disk">/tmp/test-disk-big/32/51</Query>
  </Pair>
  <Pair reval="1d">
    <File perm="0444">/32/52</File>
    <Query type="disk">/tmp/test-disk-big/32/52</Query>
  </Pair>
  <Pair reval="1d">
    <File perm="0444">/32/53</File>
    <Query type="disk">/tmp/test-disk-big/32/53</Query>
  </Pair>
  <Pair reval="1d">
    <File perm="0444">/32/54</File>
    <Query type="disk">/tmp/test-disk-big/32/54</Query>
  </Pair>
  <Pair reval="1d">
    <File perm="0444">/32/55</File>
    <Query type="disk">/tmp/test-disk-big/32/55</Query>
  </Pair>
  <Pair reval="1d">
    <File perm="0444">/32/56</File>
    <Query type="disk">/tmp/test-disk-big/32/56</Query>
  </Pair>
  <Pair reval="1d">
    <File perm="0444">/32/57</File>
    <Query type="disk">/tmp/test-disk-big/32/57</Query>
  </Pair>
  <Pair reval="1d">
    <File perm="0444">/32/58</File>
    <Query type="disk">/tmp/test-disk-big/32/58</Query>
  </Pair>
  <Pair reval="1d">
    <File perm="0444">/32/59</File>
    <Query type="disk">/tmp/test-disk-big/32/59</Query>
  </Pair>
  <Pair reval="1d">
    <File perm="0444">/32/6</File>
    <Query type="disk">/tmp/test-disk-big/32/6</Query>
  </Pair>
  <Pair reval="1d">
    <File perm="0444">/32/60</File>
    <Query type="disk">/tmp/test-disk-big/32/60</Query>
  </Pair>
  <Pair reval="1d">
    <File perm="0444">/32/61</File>
    <Query type="disk">/tmp/test-disk-big/32/61</Query>
  </Pair>
  <Pair reval="1d">
    <File perm="0444">/32/62</File>
    <Query type="disk">/tmp/test-disk-big/32/62</Query>
  </Pair>
  <Pair reval="1d">
    <File perm="0444">/32/63</File>
    <Query type="disk">/tmp/test-disk-big/32/63</Query>
  </Pair>
  <Pair reval="1d">
    <File perm="0444">/32/64</File>
    <Query type="disk">/tmp/test-disk-big/32/64</Query>
  </Pair>
  <Pair reval="1d">
    <File perm="0444">/32/65</File>
    <Query type="disk">/tmp/test-disk-big/32/65</Query>
  </Pair>
  <Pair reval="1d">
    <File perm="0444">/32/66</File>
    <Query type="disk">/tmp/test-disk-big/32/66</Query>
  </Pair>
  <Pair reval="1d">
    <File perm="0444">/32/67</File>
    <Query type="disk">/tmp/test-disk-big/32/67</Query>
  </Pair>
  <Pair reval="1d">
    <File perm="0444">/32/68</File>
    <Query type="disk">/tmp/test-disk-big/32/68</Query>
  </Pair>
  <Pair reval="1d">
    <File perm="0444">/32/69</File>
    <Query type="disk">/tmp/test-disk-big/32/69</Query>
  </Pair>
  <Pair reval="1d">
    <File perm="0444">/32/7</File>
    <Query type="disk">/tmp/test-disk-big/32/7</Query>
  </Pair>
  <Pair reval="1d">
    <File perm="0444">/32/70</File>
    <Query type="disk">/tmp/test-disk-big/32/70</Query>
  </Pair>
  <Pair reval="1d">
    <File perm="0444">/32/71</File>
    <Query type="disk">/tmp/test-disk-big/32/71</Query>
  </Pair>
  <Pair reval="1d">
    <File perm="0444">/32/72</File>
    <Query type="disk">/tmp/test-disk-big/32/72</Query>
  </Pair>
  <Pair reval="1d">
    <File perm="0444">/32/73</File>
    <Query type="disk">/tmp/test-disk-big/32/73</Query>
  </Pair>
  <Pair reval="1d">
    <File perm="0444">/32/74</File>
    <Query type="disk">/tmp/test-disk-big/32/74</Query>
  </Pair>
  <Pair reval="1d">
    <File perm="0444">/32/75</File>
    <Query type="disk">/tmp/test-disk-big/32/75</Query>
  </Pair>
  <Pair reval="1d">
    <File perm="0444">/32/76</File>
    <Query type="disk">/tmp/test-disk-big/32/76</Query>
  </Pair>
  <Pair reval="1d">
    <File perm="0444">/32/77</File>
    <Query type="disk">/tmp/test-disk-big/32/77</Query>
  </Pair>
  <Pair reval="1d">
    <File perm="0444">/32/78</File>
    <Query type="disk">/tmp/test-disk-big/32/78</Query>
  </Pair>
  <Pair reval="1d">
    <File perm="0444">/32/79</File>
    <Query type="disk">/tmp/test-disk-big/32/79</Query>
  </Pair>
  <Pair reval="1d">
    <File perm="0444">/32/8</File>
    <Query type="disk">/tmp/test-disk-big/32/8</Query>
  </Pair>
  <Pair reval="1d">
    <File perm="0444">/32/80</File>
    <Query type="disk">/tmp/test-disk-big/32/80</Query>
  </Pair>
  <Pair reval="1d">
    <File perm="0444">/32/81</File>
    <Query type="disk">/tmp/test-disk-big/32/81</Query>
  </Pair>
  <Pair reval="1d">
    <File perm="0444">/32/82</File>
    <Query type="disk">/tmp/test-disk-big/32/82</Query>
  </Pair>
  <Pair reval="1d">
    <File perm="0444">/32/83</File>
    <Query type="disk">/tmp/test-disk-big/32/83</Query>
  </Pair>
  <Pair reval="1d">
    <File perm="0444">/32/84</File>
    <Query type="disk">/tmp/test-disk-big/32/84</Query>
  </Pair>
  <Pair reval="1d">
    <File perm="0444">/32/85</File>
    <Query type="disk">/tmp/test-disk-big/32/85</Query>
  </Pair>
  <Pair reval="1d">
    <File perm="0444">/32/86</File>
    <Query type="disk">/tmp/test-disk-big/32/86</Query>
  </Pair>
  <Pair reval="1d">
    <File perm="0444">/32/87</File>
    <Query type="disk">/tmp/test-disk-big/32/87</Query>
  </Pair>
  <Pair reval="1d">
    <File perm="0444">/32/88</File>
    <Query type="disk">/tmp/test-disk-big/32/88</Query>
  </Pair>
  <Pair reval="1d">
    <File perm="0444">/32/89</File>
    <Query type="disk">/tmp/test-disk-big/32/89</Query>
  </Pair>
  <Pair reval="1d">
    <File perm="0444">/32/9</File>
    <Query type="disk">/tmp/test-disk-big/32/9</Query>
  </Pair>
  <Pair reval="1d">
    <File perm="0444">/32/90</File>
    <Query type="disk">/tmp/test-disk-big/32/90</Query>
  </Pair>
  <Pair reval="1d">
    <File perm="0444">/32/91</File>
    <Query type="disk">/tmp/test-disk-big/32/91</Query>
  </Pair>
  <Pair reval="1d">
    <File perm="0444">/32/92</File>
    <Query type="disk">/tmp/test-disk-big/32/92</Query>
  </Pair>
  <Pair reval="1d">
    <File perm="0444">/32/93</File>
    <Query type="disk">/tmp/test-disk-big/32/93</Query>
  </Pair>
  <Pair reval="1d">
    <File perm="0444">/32/94</File>
    <Query type="disk">/tmp/test-disk-big/32/94</Query>
  </Pair>
  <Pair reval="1d">
    <File perm="0444">/32/95</File>
    <Query type="disk">/tmp/test-disk-big/32/95</Query>
  </Pair>
  <Pair reval="1d">
    <File perm="0444">/32/96</File>
    <Query type="disk">/tmp/test-disk-big/32/96</Query>
  </Pair>
  <Pair reval="1d">
    <File perm="0444">/32/97</File>
    <Query type="disk">/tmp/test-disk-big/32/97</Query>
  </Pair>
  <Pair reval="1d">
    <File perm="0444">/32/98</File>
    <Query type="disk">/tmp/test-disk-big/32/98</Query>
  </Pair>
  <Pair reval="1d">
    <File perm="0444">/32/99</File>
    <Query type="disk">/tmp/test-disk-big/32/99</Query>
  </Pair>
  <Pair reval="1d">
    <Dir perm="0555">/33</Dir>
    <Query type="disk"></Query>
  </Pair>
  <Pair reval="1d">
    <File perm="0444">/33/1</File>
    <Query type="disk">/tmp/test-disk-big/33/1</Query>
  </Pair>
  <Pair reval="1d">
    <File perm="0444">/33/10</File>
    <Query type="disk">/tmp/test-disk-big/33/10</Query>
  </Pair>
  <Pair reval="1d">
    <File perm="0444">/33/100</File>
    <Query type="disk">/tmp/test-disk-big/33/100</Query>
  </Pair>
  <Pair reval="1d">
    <File perm="0444">/33/11</File>
    <Query type="disk">/tmp/test-disk-big/33/11</Query>
  </Pair>
  <Pair reval="1d">
    <File perm="0444">/33/12</File>
    <Query type="disk">/tmp/test-disk-big/33/12</Query>
  </Pair>
  <Pair reval="1d">
    <File perm="0444">/33/13</File>
    <Query type="disk">/tmp/test-disk-big/33/13</Query>
  </Pair>
  <Pair reval="1d">
    <File perm="0444">/33/14</File>
    <Query type="disk">/tmp/test-disk-big/33/14</Query>
  </Pair>
  <Pair reval="1d">
    <File perm="0444">/33/15</File>
    <Query type="disk">/tmp/test-disk-big/33/15</Query>
  </Pair>
  <Pair reval="1d">
    <File perm="0444">/33/16</File>
    <Query type="disk">/tmp/test-disk-big/33/16</Query>
  </Pair>
  <Pair reval="1d">
    <File perm="0444">/33/17</File>
    <Query type="disk">/tmp/test-disk-big/33/17</Query>
  </Pair>
  <Pair reval="1d">
    <File perm="0444">/33/18</File>
    <Query type="disk">/tmp/test-disk-big/33/18</Query>
  </Pair>
  <Pair reval="1d">
    <File perm="0444">/33/19</File>
    <Query type="disk">/tmp/test-disk-big/33/19</Query>
  </Pair>
  <Pair reval="1d">
    <File perm="0444">/33/2</File>
    <Query type="disk">/tmp/test-disk-big/33/2</Query>
  </Pair>
  <Pair reval="1d">
    <File perm="0444">/33/20</File>
    <Query type="disk">/tmp/test-disk-big/33/20</Query>
  </Pair>
  <Pair reval="1d">
    <File perm="0444">/33/21</File>
    <Query type="disk">/tmp/test-disk-big/33/21</Query>
  </Pair>
  <Pair reval="1d">
    <File perm="0444">/33/22</File>
    <Query type="disk">/tmp/test-disk-big/33/22</Query>
  </Pair>
  <Pair reval="1d">
    <File perm="0444">/33/23</File>
    <Query type="disk">/tmp/test-disk-big/33/23</Query>
  </Pair>
  <Pair reval="1d">
    <File perm="0444">/33/24</File>
    <Query type="disk">/tmp/test-disk-big/33/24</Query>
  </Pair>
  <Pair reval="1d">
    <File perm="0444">/33/25</File>
    <Query type="disk">/tmp/test-disk-big/33/25</Query>
  </Pair>
  <Pair reval="1d">
    <File perm="0444">/33/26</File>
    <Query type="disk">/tmp/test-disk-big/33/26</Query>
  </Pair>
  <Pair reval="1d">
    <File perm="0444">/33/27</File>
    <Query type="disk">/tmp/test-disk-big/33/27</Query>
  </Pair>
  <Pair reval="1d">
    <File perm="0444">/33/28</File>
    <Query type="disk">/tmp/test-disk-big/33/28</Query>
  </Pair>
  <Pair reval="1d">
    <File perm="0444">/33/29</File>
    <Query type="disk">/tmp/test-disk-big/33/29</Query>
  </Pair>
  <Pair reval="1d">
    <File perm="0444">/33/3</File>
    <Query type="disk">/tmp/test-disk-big/33/3</Query>
  </Pair>
  <Pair reval="1d">
    <File perm="0444">/33/30</File>
    <Query type="disk">/tmp/test-disk-big/33/30</Query>
  </Pair>
  <Pair reval="1d">
    <File perm="0444">/33/31</File>
    <Query type="disk">/tmp/test-disk-big/33/31</Query>
  </Pair>
  <Pair reval="1d">
    <File perm="0444">/33/32</File>
    <Query type="disk">/tmp/test-disk-big/33/32</Query>
  </Pair>
  <Pair reval="1d">
    <File perm="0444">/33/33</File>
    <Query type="disk">/tmp/test-disk-big/33/33</Query>
  </Pair>
  <Pair reval="1d">
    <File perm="0444">/33/34</File>
    <Query type="disk">/tmp/test-disk-big/33/34</Query>
  </Pair>
  <Pair reval="1d">
    <File perm="0444">/33/35</File>
    <Query type="disk">/tmp/test-disk-big/33/35</Query>
  </Pair>
  <Pair reval="1d">
    <File perm="0444">/33/36</File>
    <Query type="disk">/tmp/test-disk-big/33/36</Query>
  </Pair>
  <Pair reval="1d">
    <File perm="0444">/33/37</File>
    <Query type="disk">/tmp/test-disk-big/33/37</Query>
  </Pair>
  <Pair reval="1d">
    <File perm="0444">/33/38</File>
    <Query type="disk">/tmp/test-disk-big/33/38</Query>
  </Pair>
  <Pair reval="1d">
    <File perm="0444">/33/39</File>
    <Query type="disk">/tmp/test-disk-big/33/39</Query>
  </Pair>
  <Pair reval="1d">
    <File perm="0444">/33/4</File>
    <Query type="disk">/tmp/test-disk-big/33/4</Query>
  </Pair>
  <Pair reval="1d">
    <File perm="0444">/33/40</File>
    <Query type="disk">/tmp/test-disk-big/33/40</Query>
  </Pair>
  <Pair reval="1d">
    <File perm="0444">/33/41</File>
    <Query type="disk">/tmp/test-disk-big/33/41</Query>
  </Pair>
  <Pair reval="1d">
    <File perm="0444">/33/42</File>
    <Query type="disk">/tmp/test-disk-big/33/42</Query>
  </Pair>
  <Pair reval="1d">
    <File perm="0444">/33/43</File>
    <Query type="disk">/tmp/test-disk-big/33/43</Query>
  </Pair>
  <Pair reval="1d">
    <File perm="0444">/33/44</File>
    <Query type="disk">/tmp/test-disk-big/33/44</Query>
  </Pair>
  <Pair reval="1d">
    <File perm="0444">/33/45</File>
    <Query type="disk">/tmp/test-disk-big/33/45</Query>
  </Pair>
  <Pair reval="1d">
    <File perm="0444">/33/46</File>
    <Query type="disk">/tmp/test-disk-big/33/46</Query>
  </Pair>
  <Pair reval="1d">
    <File perm="0444">/33/47</File>
    <Query type="disk">/tmp/test-disk-big/33/47</Query>
  </Pair>
  <Pair reval="1d">
    <File perm="0444">/33/48</File>
    <Query type="disk">/tmp/test-disk-big/33/48</Query>
  </Pair>
  <Pair reval="1d">
    <File perm="0444">/33/49</File>
    <Query type="disk">/tmp/test-disk-big/33/49</Query>
  </Pair>
  <Pair reval="1d">
    <File perm="0444">/33/5</File>
    <Query type="disk">/tmp/test-disk-big/33/5</Query>
  </Pair>
  <Pair reval="1d">
    <File perm="0444">/33/50</File>
    <Query type="disk">/tmp/test-disk-big/33/50</Query>
  </Pair>
  <Pair reval="1d">
    <File perm="0444">/33/51</File>
    <Query type="disk">/tmp/test-disk-big/33/51</Query>
  </Pair>
  <Pair reval="1d">
    <File perm="0444">/33/52</File>
    <Query type="disk">/tmp/test-disk-big/33/52</Query>
  </Pair>
  <Pair reval="1d">
    <File perm="0444">/33/53</File>
    <Query type="disk">/tmp/test-disk-big/33/53</Query>
  </Pair>
  <Pair reval="1d">
    <File perm="0444">/33/54</File>
    <Query type="disk">/tmp/test-disk-big/33/54</Query>
  </Pair>
  <Pair reval="1d">
    <File perm="0444">/33/55</File>
    <Query type="disk">/tmp/test-disk-big/33/55</Query>
  </Pair>
  <Pair reval="1d">
    <File perm="0444">/33/56</File>
    <Query type="disk">/tmp/test-disk-big/33/56</Query>
  </Pair>
  <Pair reval="1d">
    <File perm="0444">/33/57</File>
    <Query type="disk">/tmp/test-disk-big/33/57</Query>
  </Pair>
  <Pair reval="1d">
    <File perm="0444">/33/58</File>
    <Query type="disk">/tmp/test-disk-big/33/58</Query>
  </Pair>
  <Pair reval="1d">
    <File perm="0444">/33/59</File>
    <Query type="disk">/tmp/test-disk-big/33/59</Query>
  </Pair>
  <Pair reval="1d">
    <File perm="0444">/33/6</File>
    <Query type="disk">/tmp/test-disk-big/33/6</Query>
  </Pair>
  <Pair reval="1d">
    <File perm="0444">/33/60</File>
    <Query type="disk">/tmp/test-disk-big/33/60</Query>
  </Pair>
  <Pair reval="1d">
    <File perm="0444">/33/61</File>
    <Query type="disk">/tmp/test-disk-big/33/61</Query>
  </Pair>
  <Pair reval="1d">
    <File perm="0444">/33/62</File>
    <Query type="disk">/tmp/test-disk-big/33/62</Query>
  </Pair>
  <Pair reval="1d">
    <File perm="0444">/33/63</File>
    <Query type="disk">/tmp/test-disk-big/33/63</Query>
  </Pair>
  <Pair reval="1d">
    <File perm="0444">/33/64</File>
    <Query type="disk">/tmp/test-disk-big/33/64</Query>
  </Pair>
  <Pair reval="1d">
    <File perm="0444">/33/65</File>
    <Query type="disk">/tmp/test-disk-big/33/65</Query>
  </Pair>
  <Pair reval="1d">
    <File perm="0444">/33/66</File>
    <Query type="disk">/tmp/test-disk-big/33/66</Query>
  </Pair>
  <Pair reval="1d">
    <File perm="0444">/33/67</File>
    <Query type="disk">/tmp/test-disk-big/33/67</Query>
  </Pair>
  <Pair reval="1d">
    <File perm="0444">/33/68</File>
    <Query type="disk">/tmp/test-disk-big/33/68</Query>
  </Pair>
  <Pair reval="1d">
    <File perm="0444">/33/69</File>
    <Query type="disk">/tmp/test-disk-big/33/69</Query>
  </Pair>
  <Pair reval="1d">
    <File perm="0444">/33/7</File>
    <Query type="disk">/tmp/test-disk-big/33/7</Query>
  </Pair>
  <Pair reval="1d">
    <File perm="0444">/33/70</File>
    <Query type="disk">/tmp/test-disk-big/33/70</Query>
  </Pair>
  <Pair reval="1d">
    <File perm="0444">/33/71</File>
    <Query type="disk">/tmp/test-disk-big/33/71</Query>
  </Pair>
  <Pair reval="1d">
    <File perm="0444">/33/72</File>
    <Query type="disk">/tmp/test-disk-big/33/72</Query>
  </Pair>
  <Pair reval="1d">
    <File perm="0444">/33/73</File>
    <Query type="disk">/tmp/test-disk-big/33/73</Query>
  </Pair>
  <Pair reval="1d">
    <File perm="0444">/33/74</File>
    <Query type="disk">/tmp/test-disk-big/33/74</Query>
  </Pair>
  <Pair reval="1d">
    <File perm="0444">/33/75</File>
    <Query type="disk">/tmp/test-disk-big/33/75</Query>
  </Pair>
  <Pair reval="1d">
    <File perm="0444">/33/76</File>
    <Query type="disk">/tmp/test-disk-big/33/76</Query>
  </Pair>
  <Pair reval="1d">
    <File perm="0444">/33/77</File>
    <Query type="disk">/tmp/test-disk-big/33/77</Query>
  </Pair>
  <Pair reval="1d">
    <File perm="0444">/33/78</File>
    <Query type="disk">/tmp/test-disk-big/33/78</Query>
  </Pair>
  <Pair reval="1d">
    <File perm="0444">/33/79</File>
    <Query type="disk">/tmp/test-disk-big/33/79</Query>
  </Pair>
  <Pair reval="1d">
    <File perm="0444">/33/8</File>
    <Query type="disk">/tmp/test-disk-big/33/8</Query>
  </Pair>
  <Pair reval="1d">
    <File perm="0444">/33/80</File>
    <Query type="disk">/tmp/test-disk-big/33/80</Query>
  </Pair>
  <Pair reval="1d">
    <File perm="0444">/33/81</File>
    <Query type="disk">/tmp/test-disk-big/33/81</Query>
  </Pair>
  <Pair reval="1d">
    <File perm="0444">/33/82</File>
    <Query type="disk">/tmp/test-disk-big/33/82</Query>
  </Pair>
  <Pair reval="1d">
    <File perm="0444">/33/83</File>
    <Query type="disk">/tmp/test-disk-big/33/83</Query>
  </Pair>
  <Pair reval="1d">
    <File perm="0444">/33/84</File>
    <Query type="disk">/tmp/test-disk-big/33/84</Query>
  </Pair>
  <Pair reval="1d">
    <File perm="0444">/33/85</File>
    <Query type="disk">/tmp/test-disk-big/33/85</Query>
  </Pair>
  <Pair reval="1d">
    <File perm="0444">/33/86</File>
    <Query type="disk">/tmp/test-disk-big/33/86</Query>
  </Pair>
  <Pair reval="1d">
    <File perm="0444">/33/87</File>
    <Query type="disk">/tmp/test-disk-big/33/87</Query>
  </Pair>
  <Pair reval="1d">
    <File perm="0444">/33/88</File>
    <Query type="disk">/tmp/test-disk-big/33/88</Query>
  </Pair>
  <Pair reval="1d">
    <File perm="0444">/33/89</File>
    <Query type="disk">/tmp/test-disk-big/33/89</Query>
  </Pair>
  <Pair reval="1d">
    <File perm="0444">/33/9</File>
    <Query type="disk">/tmp/test-disk-big/33/9</Query>
  </Pair>
  <Pair reval="1d">
    <File perm="0444">/33/90</File>
    <Query type="disk">/tmp/test-disk-big/33/90</Query>
  </Pair>
  <Pair reval="1d">
    <File perm="0444">/33/91</File>
    <Query type="disk">/tmp/test-disk-big/33/91</Query>
  </Pair>
  <Pair reval="1d">
    <File perm="0444">/33/92</File>
    <Query type="disk">/tmp/test-disk-big/33/92</Query>
  </Pair>
  <Pair reval="1d">
    <File perm="0444">/33/93</File>
    <Query type="disk">/tmp/test-disk-big/33/93</Query>
  </Pair>
  <Pair reval="1d">
    <File perm="0444">/33/94</File>
    <Query type="disk">/tmp/test-disk-big/33/94</Query>
  </Pair>
  <Pair reval="1d">
    <File perm="0444">/33/95</File>
    <Query type="disk">/tmp/test-disk-big/33/95</Query>
  </Pair>
  <Pair reval="1d">
    <File perm="0444">/33/96</File>
    <Query type="disk">/tmp/test-disk-big/33/96</Query>
  </Pair>
  <Pair reval="1d">
    <File perm="0444">/33/97</File>
    <Query type="disk">/tmp/test-disk-big/33/97</Query>
  </Pair>
  <Pair reval="1d">
    <File perm="0444">/33/98</File>
    <Query type="disk">/tmp/test-disk-big/33/98</Query>
  </Pair>
  <Pair reval="1d">
    <File perm="0444">/33/99</File>
    <Query type="disk">/tmp/test-disk-big/33/99</Query>
  </Pair>
  <Pair reval="1d">
    <Dir perm="0555">/34</Dir>
    <Query type="disk"></Query>
  </Pair>
  <Pair reval="1d">
    <File perm="0444">/34/1</File>
    <Query type="disk">/tmp/test-disk-big/34/1</Query>
  </Pair>
  <Pair reval="1d">
    <File perm="0444">/34/10</File>
    <Query type="disk">/tmp/test-disk-big/34/10</Query>
  </Pair>
  <Pair reval="1d">
    <File perm="0444">/34/100</File>
    <Query type="disk">/tmp/test-disk-big/34/100</Query>
  </Pair>
  <Pair reval="1d">
    <File perm="0444">/34/11</File>
    <Query type="disk">/tmp/test-disk-big/34/11</Query>
  </Pair>
  <Pair reval="1d">
    <File perm="0444">/34/12</File>
    <Query type="disk">/tmp/test-disk-big/34/12</Query>
  </Pair>
  <Pair reval="1d">
    <File perm="0444">/34/13</File>
    <Query type="disk">/tmp/test-disk-big/34/13</Query>
  </Pair>
  <Pair reval="1d">
    <File perm="0444">/34/14</File>
    <Query type="disk">/tmp/test-disk-big/34/14</Query>
  </Pair>
  <Pair reval="1d">
    <File perm="0444">/34/15</File>
    <Query type="disk">/tmp/test-disk-big/34/15</Query>
  </Pair>
  <Pair reval="1d">
    <File perm="0444">/34/16</File>
    <Query type="disk">/tmp/test-disk-big/34/16</Query>
  </Pair>
  <Pair reval="1d">
    <File perm="0444">/34/17</File>
    <Query type="disk">/tmp/test-disk-big/34/17</Query>
  </Pair>
  <Pair reval="1d">
    <File perm="0444">/34/18</File>
    <Query type="disk">/tmp/test-disk-big/34/18</Query>
  </Pair>
  <Pair reval="1d">
    <File perm="0444">/34/19</File>
    <Query type="disk">/tmp/test-disk-big/34/19</Query>
  </Pair>
  <Pair reval="1d">
    <File perm="0444">/34/2</File>
    <Query type="disk">/tmp/test-disk-big/34/2</Query>
  </Pair>
  <Pair reval="1d">
    <File perm="0444">/34/20</File>
    <Query type="disk">/tmp/test-disk-big/34/20</Query>
  </Pair>
  <Pair reval="1d">
    <File perm="0444">/34/21</File>
    <Query type="disk">/tmp/test-disk-big/34/21</Query>
  </Pair>
  <Pair reval="1d">
    <File perm="0444">/34/22</File>
    <Query type="disk">/tmp/test-disk-big/34/22</Query>
  </Pair>
  <Pair reval="1d">
    <File perm="0444">/34/23</File>
    <Query type="disk">/tmp/test-disk-big/34/23</Query>
  </Pair>
  <Pair reval="1d">
    <File perm="0444">/34/24</File>
    <Query type="disk">/tmp/test-disk-big/34/24</Query>
  </Pair>
  <Pair reval="1d">
    <File perm="0444">/34/25</File>
    <Query type="disk">/tmp/test-disk-big/34/25</Query>
  </Pair>
  <Pair reval="1d">
    <File perm="0444">/34/26</File>
    <Query type="disk">/tmp/test-disk-big/34/26</Query>
  </Pair>
  <Pair reval="1d">
    <File perm="0444">/34/27</File>
    <Query type="disk">/tmp/test-disk-big/34/27</Query>
  </Pair>
  <Pair reval="1d">
    <File perm="0444">/34/28</File>
    <Query type="disk">/tmp/test-disk-big/34/28</Query>
  </Pair>
  <Pair reval="1d">
    <File perm="0444">/34/29</File>
    <Query type="disk">/tmp/test-disk-big/34/29</Query>
  </Pair>
  <Pair reval="1d">
    <File perm="0444">/34/3</File>
    <Query type="disk">/tmp/test-disk-big/34/3</Query>
  </Pair>
  <Pair reval="1d">
    <File perm="0444">/34/30</File>
    <Query type="disk">/tmp/test-disk-big/34/30</Query>
  </Pair>
  <Pair reval="1d">
    <File perm="0444">/34/31</File>
    <Query type="disk">/tmp/test-disk-big/34/31</Query>
  </Pair>
  <Pair reval="1d">
    <File perm="0444">/34/32</File>
    <Query type="disk">/tmp/test-disk-big/34/32</Query>
  </Pair>
  <Pair reval="1d">
    <File perm="0444">/34/33</File>
    <Query type="disk">/tmp/test-disk-big/34/33</Query>
  </Pair>
  <Pair reval="1d">
    <File perm="0444">/34/34</File>
    <Query type="disk">/tmp/test-disk-big/34/34</Query>
  </Pair>
  <Pair reval="1d">
    <File perm="0444">/34/35</File>
    <Query type="disk">/tmp/test-disk-big/34/35</Query>
  </Pair>
  <Pair reval="1d">
    <File perm="0444">/34/36</File>
    <Query type="disk">/tmp/test-disk-big/34/36</Query>
  </Pair>
  <Pair reval="1d">
    <File perm="0444">/34/37</File>
    <Query type="disk">/tmp/test-disk-big/34/37</Query>
  </Pair>
  <Pair reval="1d">
    <File perm="0444">/34/38</File>
    <Query type="disk">/tmp/test-disk-big/34/38</Query>
  </Pair>
  <Pair reval="1d">
    <File perm="0444">/34/39</File>
    <Query type="disk">/tmp/test-disk-big/34/39</Query>
  </Pair>
  <Pair reval="1d">
    <File perm="0444">/34/4</File>
    <Query type="disk">/tmp/test-disk-big/34/4</Query>
  </Pair>
  <Pair reval="1d">
    <File perm="0444">/34/40</File>
    <Query type="disk">/tmp/test-disk-big/34/40</Query>
  </Pair>
  <Pair reval="1d">
    <File perm="0444">/34/41</File>
    <Query type="disk">/tmp/test-disk-big/34/41</Query>
  </Pair>
  <Pair reval="1d">
    <File perm="0444">/34/42</File>
    <Query type="disk">/tmp/test-disk-big/34/42</Query>
  </Pair>
  <Pair reval="1d">
    <File perm="0444">/34/43</File>
    <Query type="disk">/tmp/test-disk-big/34/43</Query>
  </Pair>
  <Pair reval="1d">
    <File perm="0444">/34/44</File>
    <Query type="disk">/tmp/test-disk-big/34/44</Query>
  </Pair>
  <Pair reval="1d">
    <File perm="0444">/34/45</File>
    <Query type="disk">/tmp/test-disk-big/34/45</Query>
  </Pair>
  <Pair reval="1d">
    <File perm="0444">/34/46</File>
    <Query type="disk">/tmp/test-disk-big/34/46</Query>
  </Pair>
  <Pair reval="1d">
    <File perm="0444">/34/47</File>
    <Query type="disk">/tmp/test-disk-big/34/47</Query>
  </Pair>
  <Pair reval="1d">
    <File perm="0444">/34/48</File>
    <Query type="disk">/tmp/test-disk-big/34/48</Query>
  </Pair>
  <Pair reval="1d">
    <File perm="0444">/34/49</File>
    <Query type="disk">/tmp/test-disk-big/34/49</Query>
  </Pair>
  <Pair reval="1d">
    <File perm="0444">/34/5</File>
    <Query type="disk">/tmp/test-disk-big/34/5</Query>
  </Pair>
  <Pair reval="1d">
    <File perm="0444">/34/50</File>
    <Query type="disk">/tmp/test-disk-big/34/50</Query>
  </Pair>
  <Pair reval="1d">
    <File perm="0444">/34/51</File>
    <Query type="disk">/tmp/test-disk-big/34/51</Query>
  </Pair>
  <Pair reval="1d">
    <File perm="0444">/34/52</File>
    <Query type="disk">/tmp/test-disk-big/34/52</Query>
  </Pair>
  <Pair reval="1d">
    <File perm="0444">/34/53</File>
    <Query type="disk">/tmp/test-disk-big/34/53</Query>
  </Pair>
  <Pair reval="1d">
    <File perm="0444">/34/54</File>
    <Query type="disk">/tmp/test-disk-big/34/54</Query>
  </Pair>
  <Pair reval="1d">
    <File perm="0444">/34/55</File>
    <Query type="disk">/tmp/test-disk-big/34/55</Query>
  </Pair>
  <Pair reval="1d">
    <File perm="0444">/34/56</File>
    <Query type="disk">/tmp/test-disk-big/34/56</Query>
  </Pair>
  <Pair reval="1d">
    <File perm="0444">/34/57</File>
    <Query type="disk">/tmp/test-disk-big/34/57</Query>
  </Pair>
  <Pair reval="1d">
    <File perm="0444">/34/58</File>
    <Query type="disk">/tmp/test-disk-big/34/58</Query>
  </Pair>
  <Pair reval="1d">
    <File perm="0444">/34/59</File>
    <Query type="disk">/tmp/test-disk-big/34/59</Query>
  </Pair>
  <Pair reval="1d">
    <File perm="0444">/34/6</File>
    <Query type="disk">/tmp/test-disk-big/34/6</Query>
  </Pair>
  <Pair reval="1d">
    <File perm="0444">/34/60</File>
    <Query type="disk">/tmp/test-disk-big/34/60</Query>
  </Pair>
  <Pair reval="1d">
    <File perm="0444">/34/61</File>
    <Query type="disk">/tmp/test-disk-big/34/61</Query>
  </Pair>
  <Pair reval="1d">
    <File perm="0444">/34/62</File>
    <Query type="disk">/tmp/test-disk-big/34/62</Query>
  </Pair>
  <Pair reval="1d">
    <File perm="0444">/34/63</File>
    <Query type="disk">/tmp/test-disk-big/34/63</Query>
  </Pair>
  <Pair reval="1d">
    <File perm="0444">/34/64</File>
    <Query type="disk">/tmp/test-disk-big/34/64</Query>
  </Pair>
  <Pair reval="1d">
    <File perm="0444">/34/65</File>
    <Query type="disk">/tmp/test-disk-big/34/65</Query>
  </Pair>
  <Pair reval="1d">
    <File perm="0444">/34/66</File>
    <Query type="disk">/tmp/test-disk-big/34/66</Query>
  </Pair>
  <Pair reval="1d">
    <File perm="0444">/34/67</File>
    <Query type="disk">/tmp/test-disk-big/34/67</Query>
  </Pair>
  <Pair reval="1d">
    <File perm="0444">/34/68</File>
    <Query type="disk">/tmp/test-disk-big/34/68</Query>
  </Pair>
  <Pair reval="1d">
    <File perm="0444">/34/69</File>
    <Query type="disk">/tmp/test-disk-big/34/69</Query>
  </Pair>
  <Pair reval="1d">
    <File perm="0444">/34/7</File>
    <Query type="disk">/tmp/test-disk-big/34/7</Query>
  </Pair>
  <Pair reval="1d">
    <File perm="0444">/34/70</File>
    <Query type="disk">/tmp/test-disk-big/34/70</Query>
  </Pair>
  <Pair reval="1d">
    <File perm="0444">/34/71</File>
    <Query type="disk">/tmp/test-disk-big/34/71</Query>
  </Pair>
  <Pair reval="1d">
    <File perm="0444">/34/72</File>
    <Query type="disk">/tmp/test-disk-big/34/72</Query>
  </Pair>
  <Pair reval="1d">
    <File perm="0444">/34/73</File>
    <Query type="disk">/tmp/test-disk-big/34/73</Query>
  </Pair>
  <Pair reval="1d">
    <File perm="0444">/34/74</File>
    <Query type="disk">/tmp/test-disk-big/34/74</Query>
  </Pair>
  <Pair reval="1d">
    <File perm="0444">/34/75</File>
    <Query type="disk">/tmp/test-disk-big/34/75</Query>
  </Pair>
  <Pair reval="1d">
    <File perm="0444">/34/76</File>
    <Query type="disk">/tmp/test-disk-big/34/76</Query>
  </Pair>
  <Pair reval="1d">
    <File perm="0444">/34/77</File>
    <Query type="disk">/tmp/test-disk-big/34/77</Query>
  </Pair>
  <Pair reval="1d">
    <File perm="0444">/34/78</File>
    <Query type="disk">/tmp/test-disk-big/34/78</Query>
  </Pair>
  <Pair reval="1d">
    <File perm="0444">/34/79</File>
    <Query type="disk">/tmp/test-disk-big/34/79</Query>
  </Pair>
  <Pair reval="1d">
    <File perm="0444">/34/8</File>
    <Query type="disk">/tmp/test-disk-big/34/8</Query>
  </Pair>
  <Pair reval="1d">
    <File perm="0444">/34/80</File>
    <Query type="disk">/tmp/test-disk-big/34/80</Query>
  </Pair>
  <Pair reval="1d">
    <File perm="0444">/34/81</File>
    <Query type="disk">/tmp/test-disk-big/34/81</Query>
  </Pair>
  <Pair reval="1d">
    <File perm="0444">/34/82</File>
    <Query type="disk">/tmp/test-disk-big/34/82</Query>
  </Pair>
  <Pair reval="1d">
    <File perm="0444">/34/83</File>
    <Query type="disk">/tmp/test-disk-big/34/83</Query>
  </Pair>
  <Pair reval="1d">
    <File perm="0444">/34/84</File>
    <Query type="disk">/tmp/test-disk-big/34/84</Query>
  </Pair>
  <Pair reval="1d">
    <File perm="0444">/34/85</File>
    <Query type="disk">/tmp/test-disk-big/34/85</Query>
  </Pair>
  <Pair reval="1d">
    <File perm="0444">/34/86</File>
    <Query type="disk">/tmp/test-disk-big/34/86</Query>
  </Pair>
  <Pair reval="1d">
    <File perm="0444">/34/87</File>
    <Query type="disk">/tmp/test-disk-big/34/87</Query>
  </Pair>
  <Pair reval="1d">
    <File perm="0444">/34/88</File>
    <Query type="disk">/tmp/test-disk-big/34/88</Query>
  </Pair>
  <Pair reval="1d">
    <File perm="0444">/34/89</File>
    <Query type="disk">/tmp/test-disk-big/34/89</Query>
  </Pair>
  <Pair reval="1d">
    <File perm="0444">/34/9</File>
    <Query type="disk">/tmp/test-disk-big/34/9</Query>
  </Pair>
  <Pair reval="1d">
    <File perm="0444">/34/90</File>
    <Query type="disk">/tmp/test-disk-big/34/90</Query>
  </Pair>
  <Pair reval="1d">
    <File perm="0444">/34/91</File>
    <Query type="disk">/tmp/test-disk-big/34/91</Query>
  </Pair>
  <Pair reval="1d">
    <File perm="0444">/34/92</File>
    <Query type="disk">/tmp/test-disk-big/34/92</Query>
  </Pair>
  <Pair reval="1d">
    <File perm="0444">/34/93</File>
    <Query type="disk">/tmp/test-disk-big/34/93</Query>
  </Pair>
  <Pair reval="1d">
    <File perm="0444">/34/94</File>
    <Query type="disk">/tmp/test-disk-big/34/94</Query>
  </Pair>
  <Pair reval="1d">
    <File perm="0444">/34/95</File>
    <Query type="disk">/tmp/test-disk-big/34/95</Query>
  </Pair>
  <Pair reval="1d">
    <File perm="0444">/34/96</File>
    <Query type="disk">/tmp/test-disk-big/34/96</Query>
  </Pair>
  <Pair reval="1d">
    <File perm="0444">/34/97</File>
    <Query type="disk">/tmp/test-disk-big/34/97</Query>
  </Pair>
  <Pair reval="1d">
    <File perm="0444">/34/98</File>
    <Query type="disk">/tmp/test-disk-big/34/98</Query>
  </Pair>
  <Pair reval="1d">
    <File perm="0444">/34/99</File>
    <Query type="disk">/tmp/test-disk-big/34/99</Query>
  </Pair>
  <Pair reval="1d">
    <Dir perm="0555">/35</Dir>
    <Query type="disk"></Query>
  </Pair>
  <Pair reval="1d">
    <File perm="0444">/35/1</File>
    <Query type="disk">/tmp/test-disk-big/35/1</Query>
  </Pair>
  <Pair reval="1d">
    <File perm="0444">/35/10</File>
    <Query type="disk">/tmp/test-disk-big/35/10</Query>
  </Pair>
  <Pair reval="1d">
    <File perm="0444">/35/100</File>
    <Query type="disk">/tmp/test-disk-big/35/100</Query>
  </Pair>
  <Pair reval="1d">
    <File perm="0444">/35/11</File>
    <Query type="disk">/tmp/test-disk-big/35/11</Query>
  </Pair>
  <Pair reval="1d">
    <File perm="0444">/35/12</File>
    <Query type="disk">/tmp/test-disk-big/35/12</Query>
  </Pair>
  <Pair reval="1d">
    <File perm="0444">/35/13</File>
    <Query type="disk">/tmp/test-disk-big/35/13</Query>
  </Pair>
  <Pair reval="1d">
    <File perm="0444">/35/14</File>
    <Query type="disk">/tmp/test-disk-big/35/14</Query>
  </Pair>
  <Pair reval="1d">
    <File perm="0444">/35/15</File>
    <Query type="disk">/tmp/test-disk-big/35/15</Query>
  </Pair>
  <Pair reval="1d">
    <File perm="0444">/35/16</File>
    <Query type="disk">/tmp/test-disk-big/35/16</Query>
  </Pair>
  <Pair reval="1d">
    <File perm="0444">/35/17</File>
    <Query type="disk">/tmp/test-disk-big/35/17</Query>
  </Pair>
  <Pair reval="1d">
    <File perm="0444">/35/18</File>
    <Query type="disk">/tmp/test-disk-big/35/18</Query>
  </Pair>
  <Pair reval="1d">
    <File perm="0444">/35/19</File>
    <Query type="disk">/tmp/test-disk-big/35/19</Query>
  </Pair>
  <Pair reval="1d">
    <File perm="0444">/35/2</File>
    <Query type="disk">/tmp/test-disk-big/35/2</Query>
  </Pair>
  <Pair reval="1d">
    <File perm="0444">/35/20</File>
    <Query type="disk">/tmp/test-disk-big/35/20</Query>
  </Pair>
  <Pair reval="1d">
    <File perm="0444">/35/21</File>
    <Query type="disk">/tmp/test-disk-big/35/21</Query>
  </Pair>
  <Pair reval="1d">
    <File perm="0444">/35/22</File>
    <Query type="disk">/tmp/test-disk-big/35/22</Query>
  </Pair>
  <Pair reval="1d">
    <File perm="0444">/35/23</File>
    <Query type="disk">/tmp/test-disk-big/35/23</Query>
  </Pair>
  <Pair reval="1d">
    <File perm="0444">/35/24</File>
    <Query type="disk">/tmp/test-disk-big/35/24</Query>
  </Pair>
  <Pair reval="1d">
    <File perm="0444">/35/25</File>
    <Query type="disk">/tmp/test-disk-big/35/25</Query>
  </Pair>
  <Pair reval="1d">
    <File perm="0444">/35/26</File>
    <Query type="disk">/tmp/test-disk-big/35/26</Query>
  </Pair>
  <Pair reval="1d">
    <File perm="0444">/35/27</File>
    <Query type="disk">/tmp/test-disk-big/35/27</Query>
  </Pair>
  <Pair reval="1d">
    <File perm="0444">/35/28</File>
    <Query type="disk">/tmp/test-disk-big/35/28</Query>
  </Pair>
  <Pair reval="1d">
    <File perm="0444">/35/29</File>
    <Query type="disk">/tmp/test-disk-big/35/29</Query>
  </Pair>
  <Pair reval="1d">
    <File perm="0444">/35/3</File>
    <Query type="disk">/tmp/test-disk-big/35/3</Query>
  </Pair>
  <Pair reval="1d">
    <File perm="0444">/35/30</File>
    <Query type="disk">/tmp/test-disk-big/35/30</Query>
  </Pair>
  <Pair reval="1d">
    <File perm="0444">/35/31</File>
    <Query type="disk">/tmp/test-disk-big/35/31</Query>
  </Pair>
  <Pair reval="1d">
    <File perm="0444">/35/32</File>
    <Query type="disk">/tmp/test-disk-big/35/32</Query>
  </Pair>
  <Pair reval="1d">
    <File perm="0444">/35/33</File>
    <Query type="disk">/tmp/test-disk-big/35/33</Query>
  </Pair>
  <Pair reval="1d">
    <File perm="0444">/35/34</File>
    <Query type="disk">/tmp/test-disk-big/35/34</Query>
  </Pair>
  <Pair reval="1d">
    <File perm="0444">/35/35</File>
    <Query type="disk">/tmp/test-disk-big/35/35</Query>
  </Pair>
  <Pair reval="1d">
    <File perm="0444">/35/36</File>
    <Query type="disk">/tmp/test-disk-big/35/36</Query>
  </Pair>
  <Pair reval="1d">
    <File perm="0444">/35/37</File>
    <Query type="disk">/tmp/test-disk-big/35/37</Query>
  </Pair>
  <Pair reval="1d">
    <File perm="0444">/35/38</File>
    <Query type="disk">/tmp/test-disk-big/35/38</Query>
  </Pair>
  <Pair reval="1d">
    <File perm="0444">/35/39</File>
    <Query type="disk">/tmp/test-disk-big/35/39</Query>
  </Pair>
  <Pair reval="1d">
    <File perm="0444">/35/4</File>
    <Query type="disk">/tmp/test-disk-big/35/4</Query>
  </Pair>
  <Pair reval="1d">
    <File perm="0444">/35/40</File>
    <Query type="disk">/tmp/test-disk-big/35/40</Query>
  </Pair>
  <Pair reval="1d">
    <File perm="0444">/35/41</File>
    <Query type="disk">/tmp/test-disk-big/35/41</Query>
  </Pair>
  <Pair reval="1d">
    <File perm="0444">/35/42</File>
    <Query type="disk">/tmp/test-disk-big/35/42</Query>
  </Pair>
  <Pair reval="1d">
    <File perm="0444">/35/43</File>
    <Query type="disk">/tmp/test-disk-big/35/43</Query>
  </Pair>
  <Pair reval="1d">
    <File perm="0444">/35/44</File>
    <Query type="disk">/tmp/test-disk-big/35/44</Query>
  </Pair>
  <Pair reval="1d">
    <File perm="0444">/35/45</File>
    <Query type="disk">/tmp/test-disk-big/35/45</Query>
  </Pair>
  <Pair reval="1d">
    <File perm="0444">/35/46</File>
    <Query type="disk">/tmp/test-disk-big/35/46</Query>
  </Pair>
  <Pair reval="1d">
    <File perm="0444">/35/47</File>
    <Query type="disk">/tmp/test-disk-big/35/47</Query>
  </Pair>
  <Pair reval="1d">
    <File perm="0444">/35/48</File>
    <Query type="disk">/tmp/test-disk-big/35/48</Query>
  </Pair>
  <Pair reval="1d">
    <File perm="0444">/35/49</File>
    <Query type="disk">/tmp/test-disk-big/35/49</Query>
  </Pair>
  <Pair reval="1d">
    <File perm="0444">/35/5</File>
    <Query type="disk">/tmp/test-disk-big/35/5</Query>
  </Pair>
  <Pair reval="1d">
    <File perm="0444">/35/50</File>
    <Query type="disk">/tmp/test-disk-big/35/50</Query>
  </Pair>
  <Pair reval="1d">
    <File perm="0444">/35/51</File>
    <Query type="disk">/tmp/test-disk-big/35/51</Query>
  </Pair>
  <Pair reval="1d">
    <File perm="0444">/35/52</File>
    <Query type="disk">/tmp/test-disk-big/35/52</Query>
  </Pair>
  <Pair reval="1d">
    <File perm="0444">/35/53</File>
    <Query type="disk">/tmp/test-disk-big/35/53</Query>
  </Pair>
  <Pair reval="1d">
    <File perm="0444">/35/54</File>
    <Query type="disk">/tmp/test-disk-big/35/54</Query>
  </Pair>
  <Pair reval="1d">
    <File perm="0444">/35/55</File>
    <Query type="disk">/tmp/test-disk-big/35/55</Query>
  </Pair>
  <Pair reval="1d">
    <File perm="0444">/35/56</File>
    <Query type="disk">/tmp/test-disk-big/35/56</Query>
  </Pair>
  <Pair reval="1d">
    <File perm="0444">/35/57</File>
    <Query type="disk">/tmp/test-disk-big/35/57</Query>
  </Pair>
  <Pair reval="1d">
    <File perm="0444">/35/58</File>
    <Query type="disk">/tmp/test-disk-big/35/58</Query>
  </Pair>
  <Pair reval="1d">
    <File perm="0444">/35/59</File>
    <Query type="disk">/tmp/test-disk-big/35/59</Query>
  </Pair>
  <Pair reval="1d">
    <File perm="0444">/35/6</File>
    <Query type="disk">/tmp/test-disk-big/35/6</Query>
  </Pair>
  <Pair reval="1d">
    <File perm="0444">/35/60</File>
    <Query type="disk">/tmp/test-disk-big/35/60</Query>
  </Pair>
  <Pair reval="1d">
    <File perm="0444">/35/61</File>
    <Query type="disk">/tmp/test-disk-big/35/61</Query>
  </Pair>
  <Pair reval="1d">
    <File perm="0444">/35/62</File>
    <Query type="disk">/tmp/test-disk-big/35/62</Query>
  </Pair>
  <Pair reval="1d">
    <File perm="0444">/35/63</File>
    <Query type="disk">/tmp/test-disk-big/35/63</Query>
  </Pair>
  <Pair reval="1d">
    <File perm="0444">/35/64</File>
    <Query type="disk">/tmp/test-disk-big/35/64</Query>
  </Pair>
  <Pair reval="1d">
    <File perm="0444">/35/65</File>
    <Query type="disk">/tmp/test-disk-big/35/65</Query>
  </Pair>
  <Pair reval="1d">
    <File perm="0444">/35/66</File>
    <Query type="disk">/tmp/test-disk-big/35/66</Query>
  </Pair>
  <Pair reval="1d">
    <File perm="0444">/35/67</File>
    <Query type="disk">/tmp/test-disk-big/35/67</Query>
  </Pair>
  <Pair reval="1d">
    <File perm="0444">/35/68</File>
    <Query type="disk">/tmp/test-disk-big/35/68</Query>
  </Pair>
  <Pair reval="1d">
    <File perm="0444">/35/69</File>
    <Query type="disk">/tmp/test-disk-big/35/69</Query>
  </Pair>
  <Pair reval="1d">
    <File perm="0444">/35/7</File>
    <Query type="disk">/tmp/test-disk-big/35/7</Query>
  </Pair>
  <Pair reval="1d">
    <File perm="0444">/35/70</File>
    <Query type="disk">/tmp/test-disk-big/35/70</Query>
  </Pair>
  <Pair reval="1d">
    <File perm="0444">/35/71</File>
    <Query type="disk">/tmp/test-disk-big/35/71</Query>
  </Pair>
  <Pair reval="1d">
    <File perm="0444">/35/72</File>
    <Query type="disk">/tmp/test-disk-big/35/72</Query>
  </Pair>
  <Pair reval="1d">
    <File perm="0444">/35/73</File>
    <Query type="disk">/tmp/test-disk-big/35/73</Query>
  </Pair>
  <Pair reval="1d">
    <File perm="0444">/35/74</File>
    <Query type="disk">/tmp/test-disk-big/35/74</Query>
  </Pair>
  <Pair reval="1d">
    <File perm="0444">/35/75</File>
    <Query type="disk">/tmp/test-disk-big/35/75</Query>
  </Pair>
  <Pair reval="1d">
    <File perm="0444">/35/76</File>
    <Query type="disk">/tmp/test-disk-big/35/76</Query>
  </Pair>
  <Pair reval="1d">
    <File perm="0444">/35/77</File>
    <Query type="disk">/tmp/test-disk-big/35/77</Query>
  </Pair>
  <Pair reval="1d">
    <File perm="0444">/35/78</File>
    <Query type="disk">/tmp/test-disk-big/35/78</Query>
  </Pair>
  <Pair reval="1d">
    <File perm="0444">/35/79</File>
    <Query type="disk">/tmp/test-disk-big/35/79</Query>
  </Pair>
  <Pair reval="1d">
    <File perm="0444">/35/8</File>
    <Query type="disk">/tmp/test-disk-big/35/8</Query>
  </Pair>
  <Pair reval="1d">
    <File perm="0444">/35/80</File>
    <Query type="disk">/tmp/test-disk-big/35/80</Query>
  </Pair>
  <Pair reval="1d">
    <File perm="0444">/35/81</File>
    <Query type="disk">/tmp/test-disk-big/35/81</Query>
  </Pair>
  <Pair reval="1d">
    <File perm="0444">/35/82</File>
    <Query type="disk">/tmp/test-disk-big/35/82</Query>
  </Pair>
  <Pair reval="1d">
    <File perm="0444">/35/83</File>
    <Query type="disk">/tmp/test-disk-big/35/83</Query>
  </Pair>
  <Pair reval="1d">
    <File perm="0444">/35/84</File>
    <Query type="disk">/tmp/test-disk-big/35/84</Query>
  </Pair>
  <Pair reval="1d">
    <File perm="0444">/35/85</File>
    <Query type="disk">/tmp/test-disk-big/35/85</Query>
  </Pair>
  <Pair reval="1d">
    <File perm="0444">/35/86</File>
    <Query type="disk">/tmp/test-disk-big/35/86</Query>
  </Pair>
  <Pair reval="1d">
    <File perm="0444">/35/87</File>
    <Query type="disk">/tmp/test-disk-big/35/87</Query>
  </Pair>
  <Pair reval="1d">
    <File perm="0444">/35/88</File>
    <Query type="disk">/tmp/test-disk-big/35/88</Query>
  </Pair>
  <Pair reval="1d">
    <File perm="0444">/35/89</File>
    <Query type="disk">/tmp/test-disk-big/35/89</Query>
  </Pair>
  <Pair reval="1d">
    <File perm="0444">/35/9</File>
    <Query type="disk">/tmp/test-disk-big/35/9</Query>
  </Pair>
  <Pair reval="1d">
    <File perm="0444">/35/90</File>
    <Query type="disk">/tmp/test-disk-big/35/90</Query>
  </Pair>
  <Pair reval="1d">
    <File perm="0444">/35/91</File>
    <Query type="disk">/tmp/test-disk-big/35/91</Query>
  </Pair>
  <Pair reval="1d">
    <File perm="0444">/35/92</File>
    <Query type="disk">/tmp/test-disk-big/35/92</Query>
  </Pair>
  <Pair reval="1d">
    <File perm="0444">/35/93</File>
    <Query type="disk">/tmp/test-disk-big/35/93</Query>
  </Pair>
  <Pair reval="1d">
    <File perm="0444">/35/94</File>
    <Query type="disk">/tmp/test-disk-big/35/94</Query>
  </Pair>
  <Pair reval="1d">
    <File perm="0444">/35/95</File>
    <Query type="disk">/tmp/test-disk-big/35/95</Query>
  </Pair>
  <Pair reval="1d">
    <File perm="0444">/35/96</File>
    <Query type="disk">/tmp/test-disk-big/35/96</Query>
  </Pair>
  <Pair reval="1d">
    <File perm="0444">/35/97</File>
    <Query type="disk">/tmp/test-disk-big/35/97</Query>
  </Pair>
  <Pair reval="1d">
    <File perm="0444">/35/98</File>
    <Query type="disk">/tmp/test-disk-big/35/98</Query>
  </Pair>
  <Pair reval="1d">
    <File perm="0444">/35/99</File>
    <Query type="disk">/tmp/test-disk-big/35/99</Query>
  </Pair>
  <Pair reval="1d">
    <Dir perm="0555">/36</Dir>
    <Query type="disk"></Query>
  </Pair>
  <Pair reval="1d">
    <File perm="0444">/36/1</File>
    <Query type="disk">/tmp/test-disk-big/36/1</Query>
  </Pair>
  <Pair reval="1d">
    <File perm="0444">/36/10</File>
    <Query type="disk">/tmp/test-disk-big/36/10</Query>
  </Pair>
  <Pair reval="1d">
    <File perm="0444">/36/100</File>
    <Query type="disk">/tmp/test-disk-big/36/100</Query>
  </Pair>
  <Pair reval="1d">
    <File perm="0444">/36/11</File>
    <Query type="disk">/tmp/test-disk-big/36/11</Query>
  </Pair>
  <Pair reval="1d">
    <File perm="0444">/36/12</File>
    <Query type="disk">/tmp/test-disk-big/36/12</Query>
  </Pair>
  <Pair reval="1d">
    <File perm="0444">/36/13</File>
    <Query type="disk">/tmp/test-disk-big/36/13</Query>
  </Pair>
  <Pair reval="1d">
    <File perm="0444">/36/14</File>
    <Query type="disk">/tmp/test-disk-big/36/14</Query>
  </Pair>
  <Pair reval="1d">
    <File perm="0444">/36/15</File>
    <Query type="disk">/tmp/test-disk-big/36/15</Query>
  </Pair>
  <Pair reval="1d">
    <File perm="0444">/36/16</File>
    <Query type="disk">/tmp/test-disk-big/36/16</Query>
  </Pair>
  <Pair reval="1d">
    <File perm="0444">/36/17</File>
    <Query type="disk">/tmp/test-disk-big/36/17</Query>
  </Pair>
  <Pair reval="1d">
    <File perm="0444">/36/18</File>
    <Query type="disk">/tmp/test-disk-big/36/18</Query>
  </Pair>
  <Pair reval="1d">
    <File perm="0444">/36/19</File>
    <Query type="disk">/tmp/test-disk-big/36/19</Query>
  </Pair>
  <Pair reval="1d">
    <File perm="0444">/36/2</File>
    <Query type="disk">/tmp/test-disk-big/36/2</Query>
  </Pair>
  <Pair reval="1d">
    <File perm="0444">/36/20</File>
    <Query type="disk">/tmp/test-disk-big/36/20</Query>
  </Pair>
  <Pair reval="1d">
    <File perm="0444">/36/21</File>
    <Query type="disk">/tmp/test-disk-big/36/21</Query>
  </Pair>
  <Pair reval="1d">
    <File perm="0444">/36/22</File>
    <Query type="disk">/tmp/test-disk-big/36/22</Query>
  </Pair>
  <Pair reval="1d">
    <File perm="0444">/36/23</File>
    <Query type="disk">/tmp/test-disk-big/36/23</Query>
  </Pair>
  <Pair reval="1d">
    <File perm="0444">/36/24</File>
    <Query type="disk">/tmp/test-disk-big/36/24</Query>
  </Pair>
  <Pair reval="1d">
    <File perm="0444">/36/25</File>
    <Query type="disk">/tmp/test-disk-big/36/25</Query>
  </Pair>
  <Pair reval="1d">
    <File perm="0444">/36/26</File>
    <Query type="disk">/tmp/test-disk-big/36/26</Query>
  </Pair>
  <Pair reval="1d">
    <File perm="0444">/36/27</File>
    <Query type="disk">/tmp/test-disk-big/36/27</Query>
  </Pair>
  <Pair reval="1d">
    <File perm="0444">/36/28</File>
    <Query type="disk">/tmp/test-disk-big/36/28</Query>
  </Pair>
  <Pair reval="1d">
    <File perm="0444">/36/29</File>
    <Query type="disk">/tmp/test-disk-big/36/29</Query>
  </Pair>
  <Pair reval="1d">
    <File perm="0444">/36/3</File>
    <Query type="disk">/tmp/test-disk-big/36/3</Query>
  </Pair>
  <Pair reval="1d">
    <File perm="0444">/36/30</File>
    <Query type="disk">/tmp/test-disk-big/36/30</Query>
  </Pair>
  <Pair reval="1d">
    <File perm="0444">/36/31</File>
    <Query type="disk">/tmp/test-disk-big/36/31</Query>
  </Pair>
  <Pair reval="1d">
    <File perm="0444">/36/32</File>
    <Query type="disk">/tmp/test-disk-big/36/32</Query>
  </Pair>
  <Pair reval="1d">
    <File perm="0444">/36/33</File>
    <Query type="disk">/tmp/test-disk-big/36/33</Query>
  </Pair>
  <Pair reval="1d">
    <File perm="0444">/36/34</File>
    <Query type="disk">/tmp/test-disk-big/36/34</Query>
  </Pair>
  <Pair reval="1d">
    <File perm="0444">/36/35</File>
    <Query type="disk">/tmp/test-disk-big/36/35</Query>
  </Pair>
  <Pair reval="1d">
    <File perm="0444">/36/36</File>
    <Query type="disk">/tmp/test-disk-big/36/36</Query>
  </Pair>
  <Pair reval="1d">
    <File perm="0444">/36/37</File>
    <Query type="disk">/tmp/test-disk-big/36/37</Query>
  </Pair>
  <Pair reval="1d">
    <File perm="0444">/36/38</File>
    <Query type="disk">/tmp/test-disk-big/36/38</Query>
  </Pair>
  <Pair reval="1d">
    <File perm="0444">/36/39</File>
    <Query type="disk">/tmp/test-disk-big/36/39</Query>
  </Pair>
  <Pair reval="1d">
    <File perm="0444">/36/4</File>
    <Query type="disk">/tmp/test-disk-big/36/4</Query>
  </Pair>
  <Pair reval="1d">
    <File perm="0444">/36/40</File>
    <Query type="disk">/tmp/test-disk-big/36/40</Query>
  </Pair>
  <Pair reval="1d">
    <File perm="0444">/36/41</File>
    <Query type="disk">/tmp/test-disk-big/36/41</Query>
  </Pair>
  <Pair reval="1d">
    <File perm="0444">/36/42</File>
    <Query type="disk">/tmp/test-disk-big/36/42</Query>
  </Pair>
  <Pair reval="1d">
    <File perm="0444">/36/43</File>
    <Query type="disk">/tmp/test-disk-big/36/43</Query>
  </Pair>
  <Pair reval="1d">
    <File perm="0444">/36/44</File>
    <Query type="disk">/tmp/test-disk-big/36/44</Query>
  </Pair>
  <Pair reval="1d">
    <File perm="0444">/36/45</File>
    <Query type="disk">/tmp/test-disk-big/36/45</Query>
  </Pair>
  <Pair reval="1d">
    <File perm="0444">/36/46</File>
    <Query type="disk">/tmp/test-disk-big/36/46</Query>
  </Pair>
  <Pair reval="1d">
    <File perm="0444">/36/47</File>
    <Query type="disk">/tmp/test-disk-big/36/47</Query>
  </Pair>
  <Pair reval="1d">
    <File perm="0444">/36/48</File>
    <Query type="disk">/tmp/test-disk-big/36/48</Query>
  </Pair>
  <Pair reval="1d">
    <File perm="0444">/36/49</File>
    <Query type="disk">/tmp/test-disk-big/36/49</Query>
  </Pair>
  <Pair reval="1d">
    <File perm="0444">/36/5</File>
    <Query type="disk">/tmp/test-disk-big/36/5</Query>
  </Pair>
  <Pair reval="1d">
    <File perm="0444">/36/50</File>
    <Query type="disk">/tmp/test-disk-big/36/50</Query>
  </Pair>
  <Pair reval="1d">
    <File perm="0444">/36/51</File>
    <Query type="disk">/tmp/test-disk-big/36/51</Query>
  </Pair>
  <Pair reval="1d">
    <File perm="0444">/36/52</File>
    <Query type="disk">/tmp/test-disk-big/36/52</Query>
  </Pair>
  <Pair reval="1d">
    <File perm="0444">/36/53</File>
    <Query type="disk">/tmp/test-disk-big/36/53</Query>
  </Pair>
  <Pair reval="1d">
    <File perm="0444">/36/54</File>
    <Query type="disk">/tmp/test-disk-big/36/54</Query>
  </Pair>
  <Pair reval="1d">
    <File perm="0444">/36/55</File>
    <Query type="disk">/tmp/test-disk-big/36/55</Query>
  </Pair>
  <Pair reval="1d">
    <File perm="0444">/36/56</File>
    <Query type="disk">/tmp/test-disk-big/36/56</Query>
  </Pair>
  <Pair reval="1d">
    <File perm="0444">/36/57</File>
    <Query type="disk">/tmp/test-disk-big/36/57</Query>
  </Pair>
  <Pair reval="1d">
    <File perm="0444">/36/58</File>
    <Query type="disk">/tmp/test-disk-big/36/58</Query>
  </Pair>
  <Pair reval="1d">
    <File perm="0444">/36/59</File>
    <Query type="disk">/tmp/test-disk-big/36/59</Query>
  </Pair>
  <Pair reval="1d">
    <File perm="0444">/36/6</File>
    <Query type="disk">/tmp/test-disk-big/36/6</Query>
  </Pair>
  <Pair reval="1d">
    <File perm="0444">/36/60</File>
    <Query type="disk">/tmp/test-disk-big/36/60</Query>
  </Pair>
  <Pair reval="1d">
    <File perm="0444">/36/61</File>
    <Query type="disk">/tmp/test-disk-big/36/61</Query>
  </Pair>
  <Pair reval="1d">
    <File perm="0444">/36/62</File>
    <Query type="disk">/tmp/test-disk-big/36/62</Query>
  </Pair>
  <Pair reval="1d">
    <File perm="0444">/36/63</File>
    <Query type="disk">/tmp/test-disk-big/36/63</Query>
  </Pair>
  <Pair reval="1d">
    <File perm="0444">/36/64</File>
    <Query type="disk">/tmp/test-disk-big/36/64</Query>
  </Pair>
  <Pair reval="1d">
    <File perm="0444">/36/65</File>
    <Query type="disk">/tmp/test-disk-big/36/65</Query>
  </Pair>
  <Pair reval="1d">
    <File perm="0444">/36/66</File>
    <Query type="disk">/tmp/test-disk-big/36/66</Query>
  </Pair>
  <Pair reval="1d">
    <File perm="0444">/36/67</File>
    <Query type="disk">/tmp/test-disk-big/36/67</Query>
  </Pair>
  <Pair reval="1d">
    <File perm="0444">/36/68</File>
    <Query type="disk">/tmp/test-disk-big/36/68</Query>
  </Pair>
  <Pair reval="1d">
    <File perm="0444">/36/69</File>
    <Query type="disk">/tmp/test-disk-big/36/69</Query>
  </Pair>
  <Pair reval="1d">
    <File perm="0444">/36/7</File>
    <Query type="disk">/tmp/test-disk-big/36/7</Query>
  </Pair>
  <Pair reval="1d">
    <File perm="0444">/36/70</File>
    <Query type="disk">/tmp/test-disk-big/36/70</Query>
  </Pair>
  <Pair reval="1d">
    <File perm="0444">/36/71</File>
    <Query type="disk">/tmp/test-disk-big/36/71</Query>
  </Pair>
  <Pair reval="1d">
    <File perm="0444">/36/72</File>
    <Query type="disk">/tmp/test-disk-big/36/72</Query>
  </Pair>
  <Pair reval="1d">
    <File perm="0444">/36/73</File>
    <Query type="disk">/tmp/test-disk-big/36/73</Query>
  </Pair>
  <Pair reval="1d">
    <File perm="0444">/36/74</File>
    <Query type="disk">/tmp/test-disk-big/36/74</Query>
  </Pair>
  <Pair reval="1d">
    <File perm="0444">/36/75</File>
    <Query type="disk">/tmp/test-disk-big/36/75</Query>
  </Pair>
  <Pair reval="1d">
    <File perm="0444">/36/76</File>
    <Query type="disk">/tmp/test-disk-big/36/76</Query>
  </Pair>
  <Pair reval="1d">
    <File perm="0444">/36/77</File>
    <Query type="disk">/tmp/test-disk-big/36/77</Query>
  </Pair>
  <Pair reval="1d">
    <File perm="0444">/36/78</File>
    <Query type="disk">/tmp/test-disk-big/36/78</Query>
  </Pair>
  <Pair reval="1d">
    <File perm="0444">/36/79</File>
    <Query type="disk">/tmp/test-disk-big/36/79</Query>
  </Pair>
  <Pair reval="1d">
    <File perm="0444">/36/8</File>
    <Query type="disk">/tmp/test-disk-big/36/8</Query>
  </Pair>
  <Pair reval="1d">
    <File perm="0444">/36/80</File>
    <Query type="disk">/tmp/test-disk-big/36/80</Query>
  </Pair>
  <Pair reval="1d">
    <File perm="0444">/36/81</File>
    <Query type="disk">/tmp/test-disk-big/36/81</Query>
  </Pair>
  <Pair reval="1d">
    <File perm="0444">/36/82</File>
    <Query type="disk">/tmp/test-disk-big/36/82</Query>
  </Pair>
  <Pair reval="1d">
    <File perm="0444">/36/83</File>
    <Query type="disk">/tmp/test-disk-big/36/83</Query>
  </Pair>
  <Pair reval="1d">
    <File perm="0444">/36/84</File>
    <Query type="disk">/tmp/test-disk-big/36/84</Query>
  </Pair>
  <Pair reval="1d">
    <File perm="0444">/36/85</File>
    <Query type="disk">/tmp/test-disk-big/36/85</Query>
  </Pair>
  <Pair reval="1d">
    <File perm="0444">/36/86</File>
    <Query type="disk">/tmp/test-disk-big/36/86</Query>
  </Pair>
  <Pair reval="1d">
    <File perm="0444">/36/87</File>
    <Query type="disk">/tmp/test-disk-big/36/87</Query>
  </Pair>
  <Pair reval="1d">
    <File perm="0444">/36/88</File>
    <Query type="disk">/tmp/test-disk-big/36/88</Query>
  </Pair>
  <Pair reval="1d">
    <File perm="0444">/36/89</File>
    <Query type="disk">/tmp/test-disk-big/36/89</Query>
  </Pair>
  <Pair reval="1d">
    <File perm="0444">/36/9</File>
    <Query type="disk">/tmp/test-disk-big/36/9</Query>
  </Pair>
  <Pair reval="1d">
    <File perm="0444">/36/90</File>
    <Query type="disk">/tmp/test-disk-big/36/90</Query>
  </Pair>
  <Pair reval="1d">
    <File perm="0444">/36/91</File>
    <Query type="disk">/tmp/test-disk-big/36/91</Query>
  </Pair>
  <Pair reval="1d">
    <File perm="0444">/36/92</File>
    <Query type="disk">/tmp/test-disk-big/36/92</Query>
  </Pair>
  <Pair reval="1d">
    <File perm="0444">/36/93</File>
    <Query type="disk">/tmp/test-disk-big/36/93</Query>
  </Pair>
  <Pair reval="1d">
    <File perm="0444">/36/94</File>
    <Query type="disk">/tmp/test-disk-big/36/94</Query>
  </Pair>
  <Pair reval="1d">
    <File perm="0444">/36/95</File>
    <Query type="disk">/tmp/test-disk-big/36/95</Query>
  </Pair>
  <Pair reval="1d">
    <File perm="0444">/36/96</File>
    <Query type="disk">/tmp/test-disk-big/36/96</Query>
  </Pair>
  <Pair reval="1d">
    <File perm="0444">/36/97</File>
    <Query type="disk">/tmp/test-disk-big/36/97</Query>
  </Pair>
  <Pair reval="1d">
    <File perm="0444">/36/98</File>
    <Query type="disk">/tmp/test-disk-big/36/98</Query>
  </Pair>
  <Pair reval="1d">
    <File perm="0444">/36/99</File>
    <Query type="disk">/tmp/test-disk-big/36/99</Query>
  </Pair>
  <Pair reval="1d">
    <Dir perm="0555">/37</Dir>
    <Query type="disk"></Query>
  </Pair>
  <Pair reval="1d">
    <File perm="0444">/37/1</File>
    <Query type="disk">/tmp/test-disk-big/37/1</Query>
  </Pair>
  <Pair reval="1d">
    <File perm="0444">/37/10</File>
    <Query type="disk">/tmp/test-disk-big/37/10</Query>
  </Pair>
  <Pair reval="1d">
    <File perm="0444">/37/100</File>
    <Query type="disk">/tmp/test-disk-big/37/100</Query>
  </Pair>
  <Pair reval="1d">
    <File perm="0444">/37/11</File>
    <Query type="disk">/tmp/test-disk-big/37/11</Query>
  </Pair>
  <Pair reval="1d">
    <File perm="0444">/37/12</File>
    <Query type="disk">/tmp/test-disk-big/37/12</Query>
  </Pair>
  <Pair reval="1d">
    <File perm="0444">/37/13</File>
    <Query type="disk">/tmp/test-disk-big/37/13</Query>
  </Pair>
  <Pair reval="1d">
    <File perm="0444">/37/14</File>
    <Query type="disk">/tmp/test-disk-big/37/14</Query>
  </Pair>
  <Pair reval="1d">
    <File perm="0444">/37/15</File>
    <Query type="disk">/tmp/test-disk-big/37/15</Query>
  </Pair>
  <Pair reval="1d">
    <File perm="0444">/37/16</File>
    <Query type="disk">/tmp/test-disk-big/37/16</Query>
  </Pair>
  <Pair reval="1d">
    <File perm="0444">/37/17</File>
    <Query type="disk">/tmp/test-disk-big/37/17</Query>
  </Pair>
  <Pair reval="1d">
    <File perm="0444">/37/18</File>
    <Query type="disk">/tmp/test-disk-big/37/18</Query>
  </Pair>
  <Pair reval="1d">
    <File perm="0444">/37/19</File>
    <Query type="disk">/tmp/test-disk-big/37/19</Query>
  </Pair>
  <Pair reval="1d">
    <File perm="0444">/37/2</File>
    <Query type="disk">/tmp/test-disk-big/37/2</Query>
  </Pair>
  <Pair reval="1d">
    <File perm="0444">/37/20</File>
    <Query type="disk">/tmp/test-disk-big/37/20</Query>
  </Pair>
  <Pair reval="1d">
    <File perm="0444">/37/21</File>
    <Query type="disk">/tmp/test-disk-big/37/21</Query>
  </Pair>
  <Pair reval="1d">
    <File perm="0444">/37/22</File>
    <Query type="disk">/tmp/test-disk-big/37/22</Query>
  </Pair>
  <Pair reval="1d">
    <File perm="0444">/37/23</File>
    <Query type="disk">/tmp/test-disk-big/37/23</Query>
  </Pair>
  <Pair reval="1d">
    <File perm="0444">/37/24</File>
    <Query type="disk">/tmp/test-disk-big/37/24</Query>
  </Pair>
  <Pair reval="1d">
    <File perm="0444">/37/25</File>
    <Query type="disk">/tmp/test-disk-big/37/25</Query>
  </Pair>
  <Pair reval="1d">
    <File perm="0444">/37/26</File>
    <Query type="disk">/tmp/test-disk-big/37/26</Query>
  </Pair>
  <Pair reval="1d">
    <File perm="0444">/37/27</File>
    <Query type="disk">/tmp/test-disk-big/37/27</Query>
  </Pair>
  <Pair reval="1d">
    <File perm="0444">/37/28</File>
    <Query type="disk">/tmp/test-disk-big/37/28</Query>
  </Pair>
  <Pair reval="1d">
    <File perm="0444">/37/29</File>
    <Query type="disk">/tmp/test-disk-big/37/29</Query>
  </Pair>
  <Pair reval="1d">
    <File perm="0444">/37/3</File>
    <Query type="disk">/tmp/test-disk-big/37/3</Query>
  </Pair>
  <Pair reval="1d">
    <File perm="0444">/37/30</File>
    <Query type="disk">/tmp/test-disk-big/37/30</Query>
  </Pair>
  <Pair reval="1d">
    <File perm="0444">/37/31</File>
    <Query type="disk">/tmp/test-disk-big/37/31</Query>
  </Pair>
  <Pair reval="1d">
    <File perm="0444">/37/32</File>
    <Query type="disk">/tmp/test-disk-big/37/32</Query>
  </Pair>
  <Pair reval="1d">
    <File perm="0444">/37/33</File>
    <Query type="disk">/tmp/test-disk-big/37/33</Query>
  </Pair>
  <Pair reval="1d">
    <File perm="0444">/37/34</File>
    <Query type="disk">/tmp/test-disk-big/37/34</Query>
  </Pair>
  <Pair reval="1d">
    <File perm="0444">/37/35</File>
    <Query type="disk">/tmp/test-disk-big/37/35</Query>
  </Pair>
  <Pair reval="1d">
    <File perm="0444">/37/36</File>
    <Query type="disk">/tmp/test-disk-big/37/36</Query>
  </Pair>
  <Pair reval="1d">
    <File perm="0444">/37/37</File>
    <Query type="disk">/tmp/test-disk-big/37/37</Query>
  </Pair>
  <Pair reval="1d">
    <File perm="0444">/37/38</File>
    <Query type="disk">/tmp/test-disk-big/37/38</Query>
  </Pair>
  <Pair reval="1d">
    <File perm="0444">/37/39</File>
    <Query type="disk">/tmp/test-disk-big/37/39</Query>
  </Pair>
  <Pair reval="1d">
    <File perm="0444">/37/4</File>
    <Query type="disk">/tmp/test-disk-big/37/4</Query>
  </Pair>
  <Pair reval="1d">
    <File perm="0444">/37/40</File>
    <Query type="disk">/tmp/test-disk-big/37/40</Query>
  </Pair>
  <Pair reval="1d">
    <File perm="0444">/37/41</File>
    <Query type="disk">/tmp/test-disk-big/37/41</Query>
  </Pair>
  <Pair reval="1d">
    <File perm="0444">/37/42</File>
    <Query type="disk">/tmp/test-disk-big/37/42</Query>
  </Pair>
  <Pair reval="1d">
    <File perm="0444">/37/43</File>
    <Query type="disk">/tmp/test-disk-big/37/43</Query>
  </Pair>
  <Pair reval="1d">
    <File perm="0444">/37/44</File>
    <Query type="disk">/tmp/test-disk-big/37/44</Query>
  </Pair>
  <Pair reval="1d">
    <File perm="0444">/37/45</File>
    <Query type="disk">/tmp/test-disk-big/37/45</Query>
  </Pair>
  <Pair reval="1d">
    <File perm="0444">/37/46</File>
    <Query type="disk">/tmp/test-disk-big/37/46</Query>
  </Pair>
  <Pair reval="1d">
    <File perm="0444">/37/47</File>
    <Query type="disk">/tmp/test-disk-big/37/47</Query>
  </Pair>
  <Pair reval="1d">
    <File perm="0444">/37/48</File>
    <Query type="disk">/tmp/test-disk-big/37/48</Query>
  </Pair>
  <Pair reval="1d">
    <File perm="0444">/37/49</File>
    <Query type="disk">/tmp/test-disk-big/37/49</Query>
  </Pair>
  <Pair reval="1d">
    <File perm="0444">/37/5</File>
    <Query type="disk">/tmp/test-disk-big/37/5</Query>
  </Pair>
  <Pair reval="1d">
    <File perm="0444">/37/50</File>
    <Query type="disk">/tmp/test-disk-big/37/50</Query>
  </Pair>
  <Pair reval="1d">
    <File perm="0444">/37/51</File>
    <Query type="disk">/tmp/test-disk-big/37/51</Query>
  </Pair>
  <Pair reval="1d">
    <File perm="0444">/37/52</File>
    <Query type="disk">/tmp/test-disk-big/37/52</Query>
  </Pair>
  <Pair reval="1d">
    <File perm="0444">/37/53</File>
    <Query type="disk">/tmp/test-disk-big/37/53</Query>
  </Pair>
  <Pair reval="1d">
    <File perm="0444">/37/54</File>
    <Query type="disk">/tmp/test-disk-big/37/54</Query>
  </Pair>
  <Pair reval="1d">
    <File perm="0444">/37/55</File>
    <Query type="disk">/tmp/test-disk-big/37/55</Query>
  </Pair>
  <Pair reval="1d">
    <File perm="0444">/37/56</File>
    <Query type="disk">/tmp/test-disk-big/37/56</Query>
  </Pair>
  <Pair reval="1d">
    <File perm="0444">/37/57</File>
    <Query type="disk">/tmp/test-disk-big/37/57</Query>
  </Pair>
  <Pair reval="1d">
    <File perm="0444">/37/58</File>
    <Query type="disk">/tmp/test-disk-big/37/58</Query>
  </Pair>
  <Pair reval="1d">
    <File perm="0444">/37/59</File>
    <Query type="disk">/tmp/test-disk-big/37/59</Query>
  </Pair>
  <Pair reval="1d">
    <File perm="0444">/37/6</File>
    <Query type="disk">/tmp/test-disk-big/37/6</Query>
  </Pair>
  <Pair reval="1d">
    <File perm="0444">/37/60</File>
    <Query type="disk">/tmp/test-disk-big/37/60</Query>
  </Pair>
  <Pair reval="1d">
    <File perm="0444">/37/61</File>
    <Query type="disk">/tmp/test-disk-big/37/61</Query>
  </Pair>
  <Pair reval="1d">
    <File perm="0444">/37/62</File>
    <Query type="disk">/tmp/test-disk-big/37/62</Query>
  </Pair>
  <Pair reval="1d">
    <File perm="0444">/37/63</File>
    <Query type="disk">/tmp/test-disk-big/37/63</Query>
  </Pair>
  <Pair reval="1d">
    <File perm="0444">/37/64</File>
    <Query type="disk">/tmp/test-disk-big/37/64</Query>
  </Pair>
  <Pair reval="1d">
    <File perm="0444">/37/65</File>
    <Query type="disk">/tmp/test-disk-big/37/65</Query>
  </Pair>
  <Pair reval="1d">
    <File perm="0444">/37/66</File>
    <Query type="disk">/tmp/test-disk-big/37/66</Query>
  </Pair>
  <Pair reval="1d">
    <File perm="0444">/37/67</File>
    <Query type="disk">/tmp/test-disk-big/37/67</Query>
  </Pair>
  <Pair reval="1d">
    <File perm="0444">/37/68</File>
    <Query type="disk">/tmp/test-disk-big/37/68</Query>
  </Pair>
  <Pair reval="1d">
    <File perm="0444">/37/69</File>
    <Query type="disk">/tmp/test-disk-big/37/69</Query>
  </Pair>
  <Pair reval="1d">
    <File perm="0444">/37/7</File>
    <Query type="disk">/tmp/test-disk-big/37/7</Query>
  </Pair>
  <Pair reval="1d">
    <File perm="0444">/37/70</File>
    <Query type="disk">/tmp/test-disk-big/37/70</Query>
  </Pair>
  <Pair reval="1d">
    <File perm="0444">/37/71</File>
    <Query type="disk">/tmp/test-disk-big/37/71</Query>
  </Pair>
  <Pair reval="1d">
    <File perm="0444">/37/72</File>
    <Query type="disk">/tmp/test-disk-big/37/72</Query>
  </Pair>
  <Pair reval="1d">
    <File perm="0444">/37/73</File>
    <Query type="disk">/tmp/test-disk-big/37/73</Query>
  </Pair>
  <Pair reval="1d">
    <File perm="0444">/37/74</File>
    <Query type="disk">/tmp/test-disk-big/37/74</Query>
  </Pair>
  <Pair reval="1d">
    <File perm="0444">/37/75</File>
    <Query type="disk">/tmp/test-disk-big/37/75</Query>
  </Pair>
  <Pair reval="1d">
    <File perm="0444">/37/76</File>
    <Query type="disk">/tmp/test-disk-big/37/76</Query>
  </Pair>
  <Pair reval="1d">
    <File perm="0444">/37/77</File>
    <Query type="disk">/tmp/test-disk-big/37/77</Query>
  </Pair>
  <Pair reval="1d">
    <File perm="0444">/37/78</File>
    <Query type="disk">/tmp/test-disk-big/37/78</Query>
  </Pair>
  <Pair reval="1d">
    <File perm="0444">/37/79</File>
    <Query type="disk">/tmp/test-disk-big/37/79</Query>
  </Pair>
  <Pair reval="1d">
    <File perm="0444">/37/8</File>
    <Query type="disk">/tmp/test-disk-big/37/8</Query>
  </Pair>
  <Pair reval="1d">
    <File perm="0444">/37/80</File>
    <Query type="disk">/tmp/test-disk-big/37/80</Query>
  </Pair>
  <Pair reval="1d">
    <File perm="0444">/37/81</File>
    <Query type="disk">/tmp/test-disk-big/37/81</Query>
  </Pair>
  <Pair reval="1d">
    <File perm="0444">/37/82</File>
    <Query type="disk">/tmp/test-disk-big/37/82</Query>
  </Pair>
  <Pair reval="1d">
    <File perm="0444">/37/83</File>
    <Query type="disk">/tmp/test-disk-big/37/83</Query>
  </Pair>
  <Pair reval="1d">
    <File perm="0444">/37/84</File>
    <Query type="disk">/tmp/test-disk-big/37/84</Query>
  </Pair>
  <Pair reval="1d">
    <File perm="0444">/37/85</File>
    <Query type="disk">/tmp/test-disk-big/37/85</Query>
  </Pair>
  <Pair reval="1d">
    <File perm="0444">/37/86</File>
    <Query type="disk">/tmp/test-disk-big/37/86</Query>
  </Pair>
  <Pair reval="1d">
    <File perm="0444">/37/87</File>
    <Query type="disk">/tmp/test-disk-big/37/87</Query>
  </Pair>
  <Pair reval="1d">
    <File perm="0444">/37/88</File>
    <Query type="disk">/tmp/test-disk-big/37/88</Query>
  </Pair>
  <Pair reval="1d">
    <File perm="0444">/37/89</File>
    <Query type="disk">/tmp/test-disk-big/37/89</Query>
  </Pair>
  <Pair reval="1d">
    <File perm="0444">/37/9</File>
    <Query type="disk">/tmp/test-disk-big/37/9</Query>
  </Pair>
  <Pair reval="1d">
    <File perm="0444">/37/90</File>
    <Query type="disk">/tmp/test-disk-big/37/90</Query>
  </Pair>
  <Pair reval="1d">
    <File perm="0444">/37/91</File>
    <Query type="disk">/tmp/test-disk-big/37/91</Query>
  </Pair>
  <Pair reval="1d">
    <File perm="0444">/37/92</File>
    <Query type="disk">/tmp/test-disk-big/37/92</Query>
  </Pair>
  <Pair reval="1d">
    <File perm="0444">/37/93</File>
    <Query type="disk">/tmp/test-disk-big/37/93</Query>
  </Pair>
  <Pair reval="1d">
    <File perm="0444">/37/94</File>
    <Query type="disk">/tmp/test-disk-big/37/94</Query>
  </Pair>
  <Pair reval="1d">
    <File perm="0444">/37/95</File>
    <Query type="disk">/tmp/test-disk-big/37/95</Query>
  </Pair>
  <Pair reval="1d">
    <File perm="0444">/37/96</File>
    <Query type="disk">/tmp/test-disk-big/37/96</Query>
  </Pair>
  <Pair reval="1d">
    <File perm="0444">/37/97</File>
    <Query type="disk">/tmp/test-disk-big/37/97</Query>
  </Pair>
  <Pair reval="1d">
    <File perm="0444">/37/98</File>
    <Query type="disk">/tmp/test-disk-big/37/98</Query>
  </Pair>
  <Pair reval="1d">
    <File perm="0444">/37/99</File>
    <Query type="disk">/tmp/test-disk-big/37/99</Query>
  </Pair>
  <Pair reval="1d">
    <Dir perm="0555">/38</Dir>
    <Query type="disk"></Query>
  </Pair>
  <Pair reval="1d">
    <File perm="0444">/38/1</File>
    <Query type="disk">/tmp/test-disk-big/38/1</Query>
  </Pair>
  <Pair reval="1d">
    <File perm="0444">/38/10</File>
    <Query type="disk">/tmp/test-disk-big/38/10</Query>
  </Pair>
  <Pair reval="1d">
    <File perm="0444">/38/100</File>
    <Query type="disk">/tmp/test-disk-big/38/100</Query>
  </Pair>
  <Pair reval="1d">
    <File perm="0444">/38/11</File>
    <Query type="disk">/tmp/test-disk-big/38/11</Query>
  </Pair>
  <Pair reval="1d">
    <File perm="0444">/38/12</File>
    <Query type="disk">/tmp/test-disk-big/38/12</Query>
  </Pair>
  <Pair reval="1d">
    <File perm="0444">/38/13</File>
    <Query type="disk">/tmp/test-disk-big/38/13</Query>
  </Pair>
  <Pair reval="1d">
    <File perm="0444">/38/14</File>
    <Query type="disk">/tmp/test-disk-big/38/14</Query>
  </Pair>
  <Pair reval="1d">
    <File perm="0444">/38/15</File>
    <Query type="disk">/tmp/test-disk-big/38/15</Query>
  </Pair>
  <Pair reval="1d">
    <File perm="0444">/38/16</File>
    <Query type="disk">/tmp/test-disk-big/38/16</Query>
  </Pair>
  <Pair reval="1d">
    <File perm="0444">/38/17</File>
    <Query type="disk">/tmp/test-disk-big/38/17</Query>
  </Pair>
  <Pair reval="1d">
    <File perm="0444">/38/18</File>
    <Query type="disk">/tmp/test-disk-big/38/18</Query>
  </Pair>
  <Pair reval="1d">
    <File perm="0444">/38/19</File>
    <Query type="disk">/tmp/test-disk-big/38/19</Query>
  </Pair>
  <Pair reval="1d">
    <File perm="0444">/38/2</File>
    <Query type="disk">/tmp/test-disk-big/38/2</Query>
  </Pair>
  <Pair reval="1d">
    <File perm="0444">/38/20</File>
    <Query type="disk">/tmp/test-disk-big/38/20</Query>
  </Pair>
  <Pair reval="1d">
    <File perm="0444">/38/21</File>
    <Query type="disk">/tmp/test-disk-big/38/21</Query>
  </Pair>
  <Pair reval="1d">
    <File perm="0444">/38/22</File>
    <Query type="disk">/tmp/test-disk-big/38/22</Query>
  </Pair>
  <Pair reval="1d">
    <File perm="0444">/38/23</File>
    <Query type="disk">/tmp/test-disk-big/38/23</Query>
  </Pair>
  <Pair reval="1d">
    <File perm="0444">/38/24</File>
    <Query type="disk">/tmp/test-disk-big/38/24</Query>
  </Pair>
  <Pair reval="1d">
    <File perm="0444">/38/25</File>
    <Query type="disk">/tmp/test-disk-big/38/25</Query>
  </Pair>
  <Pair reval="1d">
    <File perm="0444">/38/26</File>
    <Query type="disk">/tmp/test-disk-big/38/26</Query>
  </Pair>
  <Pair reval="1d">
    <File perm="0444">/38/27</File>
    <Query type="disk">/tmp/test-disk-big/38/27</Query>
  </Pair>
  <Pair reval="1d">
    <File perm="0444">/38/28</File>
    <Query type="disk">/tmp/test-disk-big/38/28</Query>
  </Pair>
  <Pair reval="1d">
    <File perm="0444">/38/29</File>
    <Query type="disk">/tmp/test-disk-big/38/29</Query>
  </Pair>
  <Pair reval="1d">
    <File perm="0444">/38/3</File>
    <Query type="disk">/tmp/test-disk-big/38/3</Query>
  </Pair>
  <Pair reval="1d">
    <File perm="0444">/38/30</File>
    <Query type="disk">/tmp/test-disk-big/38/30</Query>
  </Pair>
  <Pair reval="1d">
    <File perm="0444">/38/31</File>
    <Query type="disk">/tmp/test-disk-big/38/31</Query>
  </Pair>
  <Pair reval="1d">
    <File perm="0444">/38/32</File>
    <Query type="disk">/tmp/test-disk-big/38/32</Query>
  </Pair>
  <Pair reval="1d">
    <File perm="0444">/38/33</File>
    <Query type="disk">/tmp/test-disk-big/38/33</Query>
  </Pair>
  <Pair reval="1d">
    <File perm="0444">/38/34</File>
    <Query type="disk">/tmp/test-disk-big/38/34</Query>
  </Pair>
  <Pair reval="1d">
    <File perm="0444">/38/35</File>
    <Query type="disk">/tmp/test-disk-big/38/35</Query>
  </Pair>
  <Pair reval="1d">
    <File perm="0444">/38/36</File>
    <Query type="disk">/tmp/test-disk-big/38/36</Query>
  </Pair>
  <Pair reval="1d">
    <File perm="0444">/38/37</File>
    <Query type="disk">/tmp/test-disk-big/38/37</Query>
  </Pair>
  <Pair reval="1d">
    <File perm="0444">/38/38</File>
    <Query type="disk">/tmp/test-disk-big/38/38</Query>
  </Pair>
  <Pair reval="1d">
    <File perm="0444">/38/39</File>
    <Query type="disk">/tmp/test-disk-big/38/39</Query>
  </Pair>
  <Pair reval="1d">
    <File perm="0444">/38/4</File>
    <Query type="disk">/tmp/test-disk-big/38/4</Query>
  </Pair>
  <Pair reval="1d">
    <File perm="0444">/38/40</File>
    <Query type="disk">/tmp/test-disk-big/38/40</Query>
  </Pair>
  <Pair reval="1d">
    <File perm="0444">/38/41</File>
    <Query type="disk">/tmp/test-disk-big/38/41</Query>
  </Pair>
  <Pair reval="1d">
    <File perm="0444">/38/42</File>
    <Query type="disk">/tmp/test-disk-big/38/42</Query>
  </Pair>
  <Pair reval="1d">
    <File perm="0444">/38/43</File>
    <Query type="disk">/tmp/test-disk-big/38/43</Query>
  </Pair>
  <Pair reval="1d">
    <File perm="0444">/38/44</File>
    <Query type="disk">/tmp/test-disk-big/38/44</Query>
  </Pair>
  <Pair reval="1d">
    <File perm="0444">/38/45</File>
    <Query type="disk">/tmp/test-disk-big/38/45</Query>
  </Pair>
  <Pair reval="1d">
    <File perm="0444">/38/46</File>
    <Query type="disk">/tmp/test-disk-big/38/46</Query>
  </Pair>
  <Pair reval="1d">
    <File perm="0444">/38/47</File>
    <Query type="disk">/tmp/test-disk-big/38/47</Query>
  </Pair>
  <Pair reval="1d">
    <File perm="0444">/38/48</File>
    <Query type="disk">/tmp/test-disk-big/38/48</Query>
  </Pair>
  <Pair reval="1d">
    <File perm="0444">/38/49</File>
    <Query type="disk">/tmp/test-disk-big/38/49</Query>
  </Pair>
  <Pair reval="1d">
    <File perm="0444">/38/5</File>
    <Query type="disk">/tmp/test-disk-big/38/5</Query>
  </Pair>
  <Pair reval="1d">
    <File perm="0444">/38/50</File>
    <Query type="disk">/tmp/test-disk-big/38/50</Query>
  </Pair>
  <Pair reval="1d">
    <File perm="0444">/38/51</File>
    <Query type="disk">/tmp/test-disk-big/38/51</Query>
  </Pair>
  <Pair reval="1d">
    <File perm="0444">/38/52</File>
    <Query type="disk">/tmp/test-disk-big/38/52</Query>
  </Pair>
  <Pair reval="1d">
    <File perm="0444">/38/53</File>
    <Query type="disk">/tmp/test-disk-big/38/53</Query>
  </Pair>
  <Pair reval="1d">
    <File perm="0444">/38/54</File>
    <Query type="disk">/tmp/test-disk-big/38/54</Query>
  </Pair>
  <Pair reval="1d">
    <File perm="0444">/38/55</File>
    <Query type="disk">/tmp/test-disk-big/38/55</Query>
  </Pair>
  <Pair reval="1d">
    <File perm="0444">/38/56</File>
    <Query type="disk">/tmp/test-disk-big/38/56</Query>
  </Pair>
  <Pair reval="1d">
    <File perm="0444">/38/57</File>
    <Query type="disk">/tmp/test-disk-big/38/57</Query>
  </Pair>
  <Pair reval="1d">
    <File perm="0444">/38/58</File>
    <Query type="disk">/tmp/test-disk-big/38/58</Query>
  </Pair>
  <Pair reval="1d">
    <File perm="0444">/38/59</File>
    <Query type="disk">/tmp/test-disk-big/38/59</Query>
  </Pair>
  <Pair reval="1d">
    <File perm="0444">/38/6</File>
    <Query type="disk">/tmp/test-disk-big/38/6</Query>
  </Pair>
  <Pair reval="1d">
    <File perm="0444">/38/60</File>
    <Query type="disk">/tmp/test-disk-big/38/60</Query>
  </Pair>
  <Pair reval="1d">
    <File perm="0444">/38/61</File>
    <Query type="disk">/tmp/test-disk-big/38/61</Query>
  </Pair>
  <Pair reval="1d">
    <File perm="0444">/38/62</File>
    <Query type="disk">/tmp/test-disk-big/38/62</Query>
  </Pair>
  <Pair reval="1d">
    <File perm="0444">/38/63</File>
    <Query type="disk">/tmp/test-disk-big/38/63</Query>
  </Pair>
  <Pair reval="1d">
    <File perm="0444">/38/64</File>
    <Query type="disk">/tmp/test-disk-big/38/64</Query>
  </Pair>
  <Pair reval="1d">
    <File perm="0444">/38/65</File>
    <Query type="disk">/tmp/test-disk-big/38/65</Query>
  </Pair>
  <Pair reval="1d">
    <File perm="0444">/38/66</File>
    <Query type="disk">/tmp/test-disk-big/38/66</Query>
  </Pair>
  <Pair reval="1d">
    <File perm="0444">/38/67</File>
    <Query type="disk">/tmp/test-disk-big/38/67</Query>
  </Pair>
  <Pair reval="1d">
    <File perm="0444">/38/68</File>
    <Query type="disk">/tmp/test-disk-big/38/68</Query>
  </Pair>
  <Pair reval="1d">
    <File perm="0444">/38/69</File>
    <Query type="disk">/tmp/test-disk-big/38/69</Query>
  </Pair>
  <Pair reval="1d">
    <File perm="0444">/38/7</File>
    <Query type="disk">/tmp/test-disk-big/38/7</Query>
  </Pair>
  <Pair reval="1d">
    <File perm="0444">/38/70</File>
    <Query type="disk">/tmp/test-disk-big/38/70</Query>
  </Pair>
  <Pair reval="1d">
    <File perm="0444">/38/71</File>
    <Query type="disk">/tmp/test-disk-big/38/71</Query>
  </Pair>
  <Pair reval="1d">
    <File perm="0444">/38/72</File>
    <Query type="disk">/tmp/test-disk-big/38/72</Query>
  </Pair>
  <Pair reval="1d">
    <File perm="0444">/38/73</File>
    <Query type="disk">/tmp/test-disk-big/38/73</Query>
  </Pair>
  <Pair reval="1d">
    <File perm="0444">/38/74</File>
    <Query type="disk">/tmp/test-disk-big/38/74</Query>
  </Pair>
  <Pair reval="1d">
    <File perm="0444">/38/75</File>
    <Query type="disk">/tmp/test-disk-big/38/75</Query>
  </Pair>
  <Pair reval="1d">
    <File perm="0444">/38/76</File>
    <Query type="disk">/tmp/test-disk-big/38/76</Query>
  </Pair>
  <Pair reval="1d">
    <File perm="0444">/38/77</File>
    <Query type="disk">/tmp/test-disk-big/38/77</Query>
  </Pair>
  <Pair reval="1d">
    <File perm="0444">/38/78</File>
    <Query type="disk">/tmp/test-disk-big/38/78</Query>
  </Pair>
  <Pair reval="1d">
    <File perm="0444">/38/79</File>
    <Query type="disk">/tmp/test-disk-big/38/79</Query>
  </Pair>
  <Pair reval="1d">
    <File perm="0444">/38/8</File>
    <Query type="disk">/tmp/test-disk-big/38/8</Query>
  </Pair>
  <Pair reval="1d">
    <File perm="0444">/38/80</File>
    <Query type="disk">/tmp/test-disk-big/38/80</Query>
  </Pair>
  <Pair reval="1d">
    <File perm="0444">/38/81</File>
    <Query type="disk">/tmp/test-disk-big/38/81</Query>
  </Pair>
  <Pair reval="1d">
    <File perm="0444">/38/82</File>
    <Query type="disk">/tmp/test-disk-big/38/82</Query>
  </Pair>
  <Pair reval="1d">
    <File perm="0444">/38/83</File>
    <Query type="disk">/tmp/test-disk-big/38/83</Query>
  </Pair>
  <Pair reval="1d">
    <File perm="0444">/38/84</File>
    <Query type="disk">/tmp/test-disk-big/38/84</Query>
  </Pair>
  <Pair reval="1d">
    <File perm="0444">/38/85</File>
    <Query type="disk">/tmp/test-disk-big/38/85</Query>
  </Pair>
  <Pair reval="1d">
    <File perm="0444">/38/86</File>
    <Query type="disk">/tmp/test-disk-big/38/86</Query>
  </Pair>
  <Pair reval="1d">
    <File perm="0444">/38/87</File>
    <Query type="disk">/tmp/test-disk-big/38/87</Query>
  </Pair>
  <Pair reval="1d">
    <File perm="0444">/38/88</File>
    <Query type="disk">/tmp/test-disk-big/38/88</Query>
  </Pair>
  <Pair reval="1d">
    <File perm="0444">/38/89</File>
    <Query type="disk">/tmp/test-disk-big/38/89</Query>
  </Pair>
  <Pair reval="1d">
    <File perm="0444">/38/9</File>
    <Query type="disk">/tmp/test-disk-big/38/9</Query>
  </Pair>
  <Pair reval="1d">
    <File perm="0444">/38/90</File>
    <Query type="disk">/tmp/test-disk-big/38/90</Query>
  </Pair>
  <Pair reval="1d">
    <File perm="0444">/38/91</File>
    <Query type="disk">/tmp/test-disk-big/38/91</Query>
  </Pair>
  <Pair reval="1d">
    <File perm="0444">/38/92</File>
    <Query type="disk">/tmp/test-disk-big/38/92</Query>
  </Pair>
  <Pair reval="1d">
    <File perm="0444">/38/93</File>
    <Query type="disk">/tmp/test-disk-big/38/93</Query>
  </Pair>
  <Pair reval="1d">
    <File perm="0444">/38/94</File>
    <Query type="disk">/tmp/test-disk-big/38/94</Query>
  </Pair>
  <Pair reval="1d">
    <File perm="0444">/38/95</File>
    <Query type="disk">/tmp/test-disk-big/38/95</Query>
  </Pair>
  <Pair reval="1d">
    <File perm="0444">/38/96</File>
    <Query type="disk">/tmp/test-disk-big/38/96</Query>
  </Pair>
  <Pair reval="1d">
    <File perm="0444">/38/97</File>
    <Query type="disk">/tmp/test-disk-big/38/97</Query>
  </Pair>
  <Pair reval="1d">
    <File perm="0444">/38/98</File>
    <Query type="disk">/tmp/test-disk-big/38/98</Query>
  </Pair>
  <Pair reval="1d">
    <File perm="0444">/38/99</File>
    <Query type="disk">/tmp/test-disk-big/38/99</Query>
  </Pair>
  <Pair reval="1d">
    <Dir perm="0555">/39</Dir>
    <Query type="disk"></Query>
  </Pair>
  <Pair reval="1d">
    <File perm="0444">/39/1</File>
    <Query type="disk">/tmp/test-disk-big/39/1</Query>
  </Pair>
  <Pair reval="1d">
    <File perm="0444">/39/10</File>
    <Query type="disk">/tmp/test-disk-big/39/10</Query>
  </Pair>
  <Pair reval="1d">
    <File perm="0444">/39/100</File>
    <Query type="disk">/tmp/test-disk-big/39/100</Query>
  </Pair>
  <Pair reval="1d">
    <File perm="0444">/39/11</File>
    <Query type="disk">/tmp/test-disk-big/39/11</Query>
  </Pair>
  <Pair reval="1d">
    <File perm="0444">/39/12</File>
    <Query type="disk">/tmp/test-disk-big/39/12</Query>
  </Pair>
  <Pair reval="1d">
    <File perm="0444">/39/13</File>
    <Query type="disk">/tmp/test-disk-big/39/13</Query>
  </Pair>
  <Pair reval="1d">
    <File perm="0444">/39/14</File>
    <Query type="disk">/tmp/test-disk-big/39/14</Query>
  </Pair>
  <Pair reval="1d">
    <File perm="0444">/39/15</File>
    <Query type="disk">/tmp/test-disk-big/39/15</Query>
  </Pair>
  <Pair reval="1d">
    <File perm="0444">/39/16</File>
    <Query type="disk">/tmp/test-disk-big/39/16</Query>
  </Pair>
  <Pair reval="1d">
    <File perm="0444">/39/17</File>
    <Query type="disk">/tmp/test-disk-big/39/17</Query>
  </Pair>
  <Pair reval="1d">
    <File perm="0444">/39/18</File>
    <Query type="disk">/tmp/test-disk-big/39/18</Query>
  </Pair>
  <Pair reval="1d">
    <File perm="0444">/39/19</File>
    <Query type="disk">/tmp/test-disk-big/39/19</Query>
  </Pair>
  <Pair reval="1d">
    <File perm="0444">/39/2</File>
    <Query type="disk">/tmp/test-disk-big/39/2</Query>
  </Pair>
  <Pair reval="1d">
    <File perm="0444">/39/20</File>
    <Query type="disk">/tmp/test-disk-big/39/20</Query>
  </Pair>
  <Pair reval="1d">
    <File perm="0444">/39/21</File>
    <Query type="disk">/tmp/test-disk-big/39/21</Query>
  </Pair>
  <Pair reval="1d">
    <File perm="0444">/39/22</File>
    <Query type="disk">/tmp/test-disk-big/39/22</Query>
  </Pair>
  <Pair reval="1d">
    <File perm="0444">/39/23</File>
    <Query type="disk">/tmp/test-disk-big/39/23</Query>
  </Pair>
  <Pair reval="1d">
    <File perm="0444">/39/24</File>
    <Query type="disk">/tmp/test-disk-big/39/24</Query>
  </Pair>
  <Pair reval="1d">
    <File perm="0444">/39/25</File>
    <Query type="disk">/tmp/test-disk-big/39/25</Query>
  </Pair>
  <Pair reval="1d">
    <File perm="0444">/39/26</File>
    <Query type="disk">/tmp/test-disk-big/39/26</Query>
  </Pair>
  <Pair reval="1d">
    <File perm="0444">/39/27</File>
    <Query type="disk">/tmp/test-disk-big/39/27</Query>
  </Pair>
  <Pair reval="1d">
    <File perm="0444">/39/28</File>
    <Query type="disk">/tmp/test-disk-big/39/28</Query>
  </Pair>
  <Pair reval="1d">
    <File perm="0444">/39/29</File>
    <Query type="disk">/tmp/test-disk-big/39/29</Query>
  </Pair>
  <Pair reval="1d">
    <File perm="0444">/39/3</File>
    <Query type="disk">/tmp/test-disk-big/39/3</Query>
  </Pair>
  <Pair reval="1d">
    <File perm="0444">/39/30</File>
    <Query type="disk">/tmp/test-disk-big/39/30</Query>
  </Pair>
  <Pair reval="1d">
    <File perm="0444">/39/31</File>
    <Query type="disk">/tmp/test-disk-big/39/31</Query>
  </Pair>
  <Pair reval="1d">
    <File perm="0444">/39/32</File>
    <Query type="disk">/tmp/test-disk-big/39/32</Query>
  </Pair>
  <Pair reval="1d">
    <File perm="0444">/39/33</File>
    <Query type="disk">/tmp/test-disk-big/39/33</Query>
  </Pair>
  <Pair reval="1d">
    <File perm="0444">/39/34</File>
    <Query type="disk">/tmp/test-disk-big/39/34</Query>
  </Pair>
  <Pair reval="1d">
    <File perm="0444">/39/35</File>
    <Query type="disk">/tmp/test-disk-big/39/35</Query>
  </Pair>
  <Pair reval="1d">
    <File perm="0444">/39/36</File>
    <Query type="disk">/tmp/test-disk-big/39/36</Query>
  </Pair>
  <Pair reval="1d">
    <File perm="0444">/39/37</File>
    <Query type="disk">/tmp/test-disk-big/39/37</Query>
  </Pair>
  <Pair reval="1d">
    <File perm="0444">/39/38</File>
    <Query type="disk">/tmp/test-disk-big/39/38</Query>
  </Pair>
  <Pair reval="1d">
    <File perm="0444">/39/39</File>
    <Query type="disk">/tmp/test-disk-big/39/39</Query>
  </Pair>
  <Pair reval="1d">
    <File perm="0444">/39/4</File>
    <Query type="disk">/tmp/test-disk-big/39/4</Query>
  </Pair>
  <Pair reval="1d">
    <File perm="0444">/39/40</File>
    <Query type="disk">/tmp/test-disk-big/39/40</Query>
  </Pair>
  <Pair reval="1d">
    <File perm="0444">/39/41</File>
    <Query type="disk">/tmp/test-disk-big/39/41</Query>
  </Pair>
  <Pair reval="1d">
    <File perm="0444">/39/42</File>
    <Query type="disk">/tmp/test-disk-big/39/42</Query>
  </Pair>
  <Pair reval="1d">
    <File perm="0444">/39/43</File>
    <Query type="disk">/tmp/test-disk-big/39/43</Query>
  </Pair>
  <Pair reval="1d">
    <File perm="0444">/39/44</File>
    <Query type="disk">/tmp/test-disk-big/39/44</Query>
  </Pair>
  <Pair reval="1d">
    <File perm="0444">/39/45</File>
    <Query type="disk">/tmp/test-disk-big/39/45</Query>
  </Pair>
  <Pair reval="1d">
    <File perm="0444">/39/46</File>
    <Query type="disk">/tmp/test-disk-big/39/46</Query>
  </Pair>
  <Pair reval="1d">
    <File perm="0444">/39/47</File>
    <Query type="disk">/tmp/test-disk-big/39/47</Query>
  </Pair>
  <Pair reval="1d">
    <File perm="0444">/39/48</File>
    <Query type="disk">/tmp/test-disk-big/39/48</Query>
  </Pair>
  <Pair reval="1d">
    <File perm="0444">/39/49</File>
    <Query type="disk">/tmp/test-disk-big/39/49</Query>
  </Pair>
  <Pair reval="1d">
    <File perm="0444">/39/5</File>
    <Query type="disk">/tmp/test-disk-big/39/5</Query>
  </Pair>
  <Pair reval="1d">
    <File perm="0444">/39/50</File>
    <Query type="disk">/tmp/test-disk-big/39/50</Query>
  </Pair>
  <Pair reval="1d">
    <File perm="0444">/39/51</File>
    <Query type="disk">/tmp/test-disk-big/39/51</Query>
  </Pair>
  <Pair reval="1d">
    <File perm="0444">/39/52</File>
    <Query type="disk">/tmp/test-disk-big/39/52</Query>
  </Pair>
  <Pair reval="1d">
    <File perm="0444">/39/53</File>
    <Query type="disk">/tmp/test-disk-big/39/53</Query>
  </Pair>
  <Pair reval="1d">
    <File perm="0444">/39/54</File>
    <Query type="disk">/tmp/test-disk-big/39/54</Query>
  </Pair>
  <Pair reval="1d">
    <File perm="0444">/39/55</File>
    <Query type="disk">/tmp/test-disk-big/39/55</Query>
  </Pair>
  <Pair reval="1d">
    <File perm="0444">/39/56</File>
    <Query type="disk">/tmp/test-disk-big/39/56</Query>
  </Pair>
  <Pair reval="1d">
    <File perm="0444">/39/57</File>
    <Query type="disk">/tmp/test-disk-big/39/57</Query>
  </Pair>
  <Pair reval="1d">
    <File perm="0444">/39/58</File>
    <Query type="disk">/tmp/test-disk-big/39/58</Query>
  </Pair>
  <Pair reval="1d">
    <File perm="0444">/39/59</File>
    <Query type="disk">/tmp/test-disk-big/39/59</Query>
  </Pair>
  <Pair reval="1d">
    <File perm="0444">/39/6</File>
    <Query type="disk">/tmp/test-disk-big/39/6</Query>
  </Pair>
  <Pair reval="1d">
    <File perm="0444">/39/60</File>
    <Query type="disk">/tmp/test-disk-big/39/60</Query>
  </Pair>
  <Pair reval="1d">
    <File perm="0444">/39/61</File>
    <Query type="disk">/tmp/test-disk-big/39/61</Query>
  </Pair>
  <Pair reval="1d">
    <File perm="0444">/39/62</File>
    <Query type="disk">/tmp/test-disk-big/39/62</Query>
  </Pair>
  <Pair reval="1d">
    <File perm="0444">/39/63</File>
    <Query type="disk">/tmp/test-disk-big/39/63</Query>
  </Pair>
  <Pair reval="1d">
    <File perm="0444">/39/64</File>
    <Query type="disk">/tmp/test-disk-big/39/64</Query>
  </Pair>
  <Pair reval="1d">
    <File perm="0444">/39/65</File>
    <Query type="disk">/tmp/test-disk-big/39/65</Query>
  </Pair>
  <Pair reval="1d">
    <File perm="0444">/39/66</File>
    <Query type="disk">/tmp/test-disk-big/39/66</Query>
  </Pair>
  <Pair reval="1d">
    <File perm="0444">/39/67</File>
    <Query type="disk">/tmp/test-disk-big/39/67</Query>
  </Pair>
  <Pair reval="1d">
    <File perm="0444">/39/68</File>
    <Query type="disk">/tmp/test-disk-big/39/68</Query>
  </Pair>
  <Pair reval="1d">
    <File perm="0444">/39/69</File>
    <Query type="disk">/tmp/test-disk-big/39/69</Query>
  </Pair>
  <Pair reval="1d">
    <File perm="0444">/39/7</File>
    <Query type="disk">/tmp/test-disk-big/39/7</Query>
  </Pair>
  <Pair reval="1d">
    <File perm="0444">/39/70</File>
    <Query type="disk">/tmp/test-disk-big/39/70</Query>
  </Pair>
  <Pair reval="1d">
    <File perm="0444">/39/71</File>
    <Query type="disk">/tmp/test-disk-big/39/71</Query>
  </Pair>
  <Pair reval="1d">
    <File perm="0444">/39/72</File>
    <Query type="disk">/tmp/test-disk-big/39/72</Query>
  </Pair>
  <Pair reval="1d">
    <File perm="0444">/39/73</File>
    <Query type="disk">/tmp/test-disk-big/39/73</Query>
  </Pair>
  <Pair reval="1d">
    <File perm="0444">/39/74</File>
    <Query type="disk">/tmp/test-disk-big/39/74</Query>
  </Pair>
  <Pair reval="1d">
    <File perm="0444">/39/75</File>
    <Query type="disk">/tmp/test-disk-big/39/75</Query>
  </Pair>
  <Pair reval="1d">
    <File perm="0444">/39/76</File>
    <Query type="disk">/tmp/test-disk-big/39/76</Query>
  </Pair>
  <Pair reval="1d">
    <File perm="0444">/39/77</File>
    <Query type="disk">/tmp/test-disk-big/39/77</Query>
  </Pair>
  <Pair reval="1d">
    <File perm="0444">/39/78</File>
    <Query type="disk">/tmp/test-disk-big/39/78</Query>
  </Pair>
  <Pair reval="1d">
    <File perm="0444">/39/79</File>
    <Query type="disk">/tmp/test-disk-big/39/79</Query>
  </Pair>
  <Pair reval="1d">
    <File perm="0444">/39/8</File>
    <Query type="disk">/tmp/test-disk-big/39/8</Query>
  </Pair>
  <Pair reval="1d">
    <File perm="0444">/39/80</File>
    <Query type="disk">/tmp/test-disk-big/39/80</Query>
  </Pair>
  <Pair reval="1d">
    <File perm="0444">/39/81</File>
    <Query type="disk">/tmp/test-disk-big/39/81</Query>
  </Pair>
  <Pair reval="1d">
    <File perm="0444">/39/82</File>
    <Query type="disk">/tmp/test-disk-big/39/82</Query>
  </Pair>
  <Pair reval="1d">
    <File perm="0444">/39/83</File>
    <Query type="disk">/tmp/test-disk-big/39/83</Query>
  </Pair>
  <Pair reval="1d">
    <File perm="0444">/39/84</File>
    <Query type="disk">/tmp/test-disk-big/39/84</Query>
  </Pair>
  <Pair reval="1d">
    <File perm="0444">/39/85</File>
    <Query type="disk">/tmp/test-disk-big/39/85</Query>
  </Pair>
  <Pair reval="1d">
    <File perm="0444">/39/86</File>
    <Query type="disk">/tmp/test-disk-big/39/86</Query>
  </Pair>
  <Pair reval="1d">
    <File perm="0444">/39/87</File>
    <Query type="disk">/tmp/test-disk-big/39/87</Query>
  </Pair>
  <Pair reval="1d">
    <File perm="0444">/39/88</File>
    <Query type="disk">/tmp/test-disk-big/39/88</Query>
  </Pair>
  <Pair reval="1d">
    <File perm="0444">/39/89</File>
    <Query type="disk">/tmp/test-disk-big/39/89</Query>
  </Pair>
  <Pair reval="1d">
    <File perm="0444">/39/9</File>
    <Query type="disk">/tmp/test-disk-big/39/9</Query>
  </Pair>
  <Pair reval="1d">
    <File perm="0444">/39/90</File>
    <Query type="disk">/tmp/test-disk-big/39/90</Query>
  </Pair>
  <Pair reval="1d">
    <File perm="0444">/39/91</File>
    <Query type="disk">/tmp/test-disk-big/39/91</Query>
  </Pair>
  <Pair reval="1d">
    <File perm="0444">/39/92</File>
    <Query type="disk">/tmp/test-disk-big/39/92</Query>
  </Pair>
  <Pair reval="1d">
    <File perm="0444">/39/93</File>
    <Query type="disk">/tmp/test-disk-big/39/93</Query>
  </Pair>
  <Pair reval="1d">
    <File perm="0444">/39/94</File>
    <Query type="disk">/tmp/test-disk-big/39/94</Query>
  </Pair>
  <Pair reval="1d">
    <File perm="0444">/39/95</File>
    <Query type="disk">/tmp/test-disk-big/39/95</Query>
  </Pair>
  <Pair reval="1d">
    <File perm="0444">/39/96</File>
    <Query type="disk">/tmp/test-disk-big/39/96</Query>
  </Pair>
  <Pair reval="1d">
    <File perm="0444">/39/97</File>
    <Query type="disk">/tmp/test-disk-big/39/97</Query>
  </Pair>
  <Pair reval="1d">
    <File perm="0444">/39/98</File>
    <Query type="disk">/tmp/test-disk-big/39/98</Query>
  </Pair>
  <Pair reval="1d">
    <File perm="0444">/39/99</File>
    <Query type="disk">/tmp/test-disk-big/39/99</Query>
  </Pair>
  <Pair reval="1d">
    <Dir perm="0555">/4</Dir>
    <Query type="disk"></Query>
  </Pair>
  <Pair reval="1d">
    <File perm="0444">/4/1</File>
    <Query type="disk">/tmp/test-disk-big/4/1</Query>
  </Pair>
  <Pair reval="1d">
    <File perm="0444">/4/10</File>
    <Query type="disk">/tmp/test-disk-big/4/10</Query>
  </Pair>
  <Pair reval="1d">
    <File perm="0444">/4/100</File>
    <Query type="disk">/tmp/test-disk-big/4/100</Query>
  </Pair>
  <Pair reval="1d">
    <File perm="0444">/4/11</File>
    <Query type="disk">/tmp/test-disk-big/4/11</Query>
  </Pair>
  <Pair reval="1d">
    <File perm="0444">/4/12</File>
    <Query type="disk">/tmp/test-disk-big/4/12</Query>
  </Pair>
  <Pair reval="1d">
    <File perm="0444">/4/13</File>
    <Query type="disk">/tmp/test-disk-big/4/13</Query>
  </Pair>
  <Pair reval="1d">
    <File perm="0444">/4/14</File>
    <Query type="disk">/tmp/test-disk-big/4/14</Query>
  </Pair>
  <Pair reval="1d">
    <File perm="0444">/4/15</File>
    <Query type="disk">/tmp/test-disk-big/4/15</Query>
  </Pair>
  <Pair reval="1d">
    <File perm="0444">/4/16</File>
    <Query type="disk">/tmp/test-disk-big/4/16</Query>
  </Pair>
  <Pair reval="1d">
    <File perm="0444">/4/17</File>
    <Query type="disk">/tmp/test-disk-big/4/17</Query>
  </Pair>
  <Pair reval="1d">
    <File perm="0444">/4/18</File>
    <Query type="disk">/tmp/test-disk-big/4/18</Query>
  </Pair>
  <Pair reval="1d">
    <File perm="0444">/4/19</File>
    <Query type="disk">/tmp/test-disk-big/4/19</Query>
  </Pair>
  <Pair reval="1d">
    <File perm="0444">/4/2</File>
    <Query type="disk">/tmp/test-disk-big/4/2</Query>
  </Pair>
  <Pair reval="1d">
    <File perm="0444">/4/20</File>
    <Query type="disk">/tmp/test-disk-big/4/20</Query>
  </Pair>
  <Pair reval="1d">
    <File perm="0444">/4/21</File>
    <Query type="disk">/tmp/test-disk-big/4/21</Query>
  </Pair>
  <Pair reval="1d">
    <File perm="0444">/4/22</File>
    <Query type="disk">/tmp/test-disk-big/4/22</Query>
  </Pair>
  <Pair reval="1d">
    <File perm="0444">/4/23</File>
    <Query type="disk">/tmp/test-disk-big/4/23</Query>
  </Pair>
  <Pair reval="1d">
    <File perm="0444">/4/24</File>
    <Query type="disk">/tmp/test-disk-big/4/24</Query>
  </Pair>
  <Pair reval="1d">
    <File perm="0444">/4/25</File>
    <Query type="disk">/tmp/test-disk-big/4/25</Query>
  </Pair>
  <Pair reval="1d">
    <File perm="0444">/4/26</File>
    <Query type="disk">/tmp/test-disk-big/4/26</Query>
  </Pair>
  <Pair reval="1d">
    <File perm="0444">/4/27</File>
    <Query type="disk">/tmp/test-disk-big/4/27</Query>
  </Pair>
  <Pair reval="1d">
    <File perm="0444">/4/28</File>
    <Query type="disk">/tmp/test-disk-big/4/28</Query>
  </Pair>
  <Pair reval="1d">
    <File perm="0444">/4/29</File>
    <Query type="disk">/tmp/test-disk-big/4/29</Query>
  </Pair>
  <Pair reval="1d">
    <File perm="0444">/4/3</File>
    <Query type="disk">/tmp/test-disk-big/4/3</Query>
  </Pair>
  <Pair reval="1d">
    <File perm="0444">/4/30</File>
    <Query type="disk">/tmp/test-disk-big/4/30</Query>
  </Pair>
  <Pair reval="1d">
    <File perm="0444">/4/31</File>
    <Query type="disk">/tmp/test-disk-big/4/31</Query>
  </Pair>
  <Pair reval="1d">
    <File perm="0444">/4/32</File>
    <Query type="disk">/tmp/test-disk-big/4/32</Query>
  </Pair>
  <Pair reval="1d">
    <File perm="0444">/4/33</File>
    <Query type="disk">/tmp/test-disk-big/4/33</Query>
  </Pair>
  <Pair reval="1d">
    <File perm="0444">/4/34</File>
    <Query type="disk">/tmp/test-disk-big/4/34</Query>
  </Pair>
  <Pair reval="1d">
    <File perm="0444">/4/35</File>
    <Query type="disk">/tmp/test-disk-big/4/35</Query>
  </Pair>
  <Pair reval="1d">
    <File perm="0444">/4/36</File>
    <Query type="disk">/tmp/test-disk-big/4/36</Query>
  </Pair>
  <Pair reval="1d">
    <File perm="0444">/4/37</File>
    <Query type="disk">/tmp/test-disk-big/4/37</Query>
  </Pair>
  <Pair reval="1d">
    <File perm="0444">/4/38</File>
    <Query type="disk">/tmp/test-disk-big/4/38</Query>
  </Pair>
  <Pair reval="1d">
    <File perm="0444">/4/39</File>
    <Query type="disk">/tmp/test-disk-big/4/39</Query>
  </Pair>
  <Pair reval="1d">
    <File perm="0444">/4/4</File>
    <Query type="disk">/tmp/test-disk-big/4/4</Query>
  </Pair>
  <Pair reval="1d">
    <File perm="0444">/4/40</File>
    <Query type="disk">/tmp/test-disk-big/4/40</Query>
  </Pair>
  <Pair reval="1d">
    <File perm="0444">/4/41</File>
    <Query type="disk">/tmp/test-disk-big/4/41</Query>
  </Pair>
  <Pair reval="1d">
    <File perm="0444">/4/42</File>
    <Query type="disk">/tmp/test-disk-big/4/42</Query>
  </Pair>
  <Pair reval="1d">
    <File perm="0444">/4/43</File>
    <Query type="disk">/tmp/test-disk-big/4/43</Query>
  </Pair>
  <Pair reval="1d">
    <File perm="0444">/4/44</File>
    <Query type="disk">/tmp/test-disk-big/4/44</Query>
  </Pair>
  <Pair reval="1d">
    <File perm="0444">/4/45</File>
    <Query type="disk">/tmp/test-disk-big/4/45</Query>
  </Pair>
  <Pair reval="1d">
    <File perm="0444">/4/46</File>
    <Query type="disk">/tmp/test-disk-big/4/46</Query>
  </Pair>
  <Pair reval="1d">
    <File perm="0444">/4/47</File>
    <Query type="disk">/tmp/test-disk-big/4/47</Query>
  </Pair>
  <Pair reval="1d">
    <File perm="0444">/4/48</File>
    <Query type="disk">/tmp/test-disk-big/4/48</Query>
  </Pair>
  <Pair reval="1d">
    <File perm="0444">/4/49</File>
    <Query type="disk">/tmp/test-disk-big/4/49</Query>
  </Pair>
  <Pair reval="1d">
    <File perm="0444">/4/5</File>
    <Query type="disk">/tmp/test-disk-big/4/5</Query>
  </Pair>
  <Pair reval="1d">
    <File perm="0444">/4/50</File>
    <Query type="disk">/tmp/test-disk-big/4/50</Query>
  </Pair>
  <Pair reval="1d">
    <File perm="0444">/4/51</File>
    <Query type="disk">/tmp/test-disk-big/4/51</Query>
  </Pair>
  <Pair reval="1d">
    <File perm="0444">/4/52</File>
    <Query type="disk">/tmp/test-disk-big/4/52</Query>
  </Pair>
  <Pair reval="1d">
    <File perm="0444">/4/53</File>
    <Query type="disk">/tmp/test-disk-big/4/53</Query>
  </Pair>
  <Pair reval="1d">
    <File perm="0444">/4/54</File>
    <Query type="disk">/tmp/test-disk-big/4/54</Query>
  </Pair>
  <Pair reval="1d">
    <File perm="0444">/4/55</File>
    <Query type="disk">/tmp/test-disk-big/4/55</Query>
  </Pair>
  <Pair reval="1d">
    <File perm="0444">/4/56</File>
    <Query type="disk">/tmp/test-disk-big/4/56</Query>
  </Pair>
  <Pair reval="1d">
    <File perm="0444">/4/57</File>
    <Query type="disk">/tmp/test-disk-big/4/57</Query>
  </Pair>
  <Pair reval="1d">
    <File perm="0444">/4/58</File>
    <Query type="disk">/tmp/test-disk-big/4/58</Query>
  </Pair>
  <Pair reval="1d">
    <File perm="0444">/4/59</File>
    <Query type="disk">/tmp/test-disk-big/4/59</Query>
  </Pair>
  <Pair reval="1d">
    <File perm="0444">/4/6</File>
    <Query type="disk">/tmp/test-disk-big/4/6</Query>
  </Pair>
  <Pair reval="1d">
    <File perm="0444">/4/60</File>
    <Query type="disk">/tmp/test-disk-big/4/60</Query>
  </Pair>
  <Pair reval="1d">
    <File perm="0444">/4/61</File>
    <Query type="disk">/tmp/test-disk-big/4/61</Query>
  </Pair>
  <Pair reval="1d">
    <File perm="0444">/4/62</File>
    <Query type="disk">/tmp/test-disk-big/4/62</Query>
  </Pair>
  <Pair reval="1d">
    <File perm="0444">/4/63</File>
    <Query type="disk">/tmp/test-disk-big/4/63</Query>
  </Pair>
  <Pair reval="1d">
    <File perm="0444">/4/64</File>
    <Query type="disk">/tmp/test-disk-big/4/64</Query>
  </Pair>
  <Pair reval="1d">
    <File perm="0444">/4/65</File>
    <Query type="disk">/tmp/test-disk-big/4/65</Query>
  </Pair>
  <Pair reval="1d">
    <File perm="0444">/4/66</File>
    <Query type="disk">/tmp/test-disk-big/4/66</Query>
  </Pair>
  <Pair reval="1d">
    <File perm="0444">/4/67</File>
    <Query type="disk">/tmp/test-disk-big/4/67</Query>
  </Pair>
  <Pair reval="1d">
    <File perm="0444">/4/68</File>
    <Query type="disk">/tmp/test-disk-big/4/68</Query>
  </Pair>
  <Pair reval="1d">
    <File perm="0444">/4/69</File>
    <Query type="disk">/tmp/test-disk-big/4/69</Query>
  </Pair>
  <Pair reval="1d">
    <File perm="0444">/4/7</File>
    <Query type="disk">/tmp/test-disk-big/4/7</Query>
  </Pair>
  <Pair reval="1d">
    <File perm="0444">/4/70</File>
    <Query type="disk">/tmp/test-disk-big/4/70</Query>
  </Pair>
  <Pair reval="1d">
    <File perm="0444">/4/71</File>
    <Query type="disk">/tmp/test-disk-big/4/71</Query>
  </Pair>
  <Pair reval="1d">
    <File perm="0444">/4/72</File>
    <Query type="disk">/tmp/test-disk-big/4/72</Query>
  </Pair>
  <Pair reval="1d">
    <File perm="0444">/4/73</File>
    <Query type="disk">/tmp/test-disk-big/4/73</Query>
  </Pair>
  <Pair reval="1d">
    <File perm="0444">/4/74</File>
    <Query type="disk">/tmp/test-disk-big/4/74</Query>
  </Pair>
  <Pair reval="1d">
    <File perm="0444">/4/75</File>
    <Query type="disk">/tmp/test-disk-big/4/75</Query>
  </Pair>
  <Pair reval="1d">
    <File perm="0444">/4/76</File>
    <Query type="disk">/tmp/test-disk-big/4/76</Query>
  </Pair>
  <Pair reval="1d">
    <File perm="0444">/4/77</File>
    <Query type="disk">/tmp/test-disk-big/4/77</Query>
  </Pair>
  <Pair reval="1d">
    <File perm="0444">/4/78</File>
    <Query type="disk">/tmp/test-disk-big/4/78</Query>
  </Pair>
  <Pair reval="1d">
    <File perm="0444">/4/79</File>
    <Query type="disk">/tmp/test-disk-big/4/79</Query>
  </Pair>
  <Pair reval="1d">
    <File perm="0444">/4/8</File>
    <Query type="disk">/tmp/test-disk-big/4/8</Query>
  </Pair>
  <Pair reval="1d">
    <File perm="0444">/4/80</File>
    <Query type="disk">/tmp/test-disk-big/4/80</Query>
  </Pair>
  <Pair reval="1d">
    <File perm="0444">/4/81</File>
    <Query type="disk">/tmp/test-disk-big/4/81</Query>
  </Pair>
  <Pair reval="1d">
    <File perm="0444">/4/82</File>
    <Query type="disk">/tmp/test-disk-big/4/82</Query>
  </Pair>
  <Pair reval="1d">
    <File perm="0444">/4/83</File>
    <Query type="disk">/tmp/test-disk-big/4/83</Query>
  </Pair>
  <Pair reval="1d">
    <File perm="0444">/4/84</File>
    <Query type="disk">/tmp/test-disk-big/4/84</Query>
  </Pair>
  <Pair reval="1d">
    <File perm="0444">/4/85</File>
    <Query type="disk">/tmp/test-disk-big/4/85</Query>
  </Pair>
  <Pair reval="1d">
    <File perm="0444">/4/86</File>
    <Query type="disk">/tmp/test-disk-big/4/86</Query>
  </Pair>
  <Pair reval="1d">
    <File perm="0444">/4/87</File>
    <Query type="disk">/tmp/test-disk-big/4/87</Query>
  </Pair>
  <Pair reval="1d">
    <File perm="0444">/4/88</File>
    <Query type="disk">/tmp/test-disk-big/4/88</Query>
  </Pair>
  <Pair reval="1d">
    <File perm="0444">/4/89</File>
    <Query type="disk">/tmp/test-disk-big/4/89</Query>
  </Pair>
  <Pair reval="1d">
    <File perm="0444">/4/9</File>
    <Query type="disk">/tmp/test-disk-big/4/9</Query>
  </Pair>
  <Pair reval="1d">
    <File perm="0444">/4/90</File>
    <Query type="disk">/tmp/test-disk-big/4/90</Query>
  </Pair>
  <Pair reval="1d">
    <File perm="0444">/4/91</File>
    <Query type="disk">/tmp/test-disk-big/4/91</Query>
  </Pair>
  <Pair reval="1d">
    <File perm="0444">/4/92</File>
    <Query type="disk">/tmp/test-disk-big/4/92</Query>
  </Pair>
  <Pair reval="1d">
    <File perm="0444">/4/93</File>
    <Query type="disk">/tmp/test-disk-big/4/93</Query>
  </Pair>
  <Pair reval="1d">
    <File perm="0444">/4/94</File>
    <Query type="disk">/tmp/test-disk-big/4/94</Query>
  </Pair>
  <Pair reval="1d">
    <File perm="0444">/4/95</File>
    <Query type="disk">/tmp/test-disk-big/4/95</Query>
  </Pair>
  <Pair reval="1d">
    <File perm="0444">/4/96</File>
    <Query type="disk">/tmp/test-disk-big/4/96</Query>
  </Pair>
  <Pair reval="1d">
    <File perm="0444">/4/97</File>
    <Query type="disk">/tmp/test-disk-big/4/97</Query>
  </Pair>
  <Pair reval="1d">
    <File perm="0444">/4/98</File>
    <Query type="disk">/tmp/test-disk-big/4/98</Query>
  </Pair>
  <Pair reval="1d">
    <File perm="0444">/4/99</File>
    <Query type="disk">/tmp/test-disk-big/4/99</Query>
  </Pair>
  <Pair reval="1d">
    <Dir perm="0555">/40</Dir>
    <Query type="disk"></Query>
  </Pair>
  <Pair reval="1d">
    <File perm="0444">/40/1</File>
    <Query type="disk">/tmp/test-disk-big/40/1</Query>
  </Pair>
  <Pair reval="1d">
    <File perm="0444">/40/10</File>
    <Query type="disk">/tmp/test-disk-big/40/10</Query>
  </Pair>
  <Pair reval="1d">
    <File perm="0444">/40/100</File>
    <Query type="disk">/tmp/test-disk-big/40/100</Query>
  </Pair>
  <Pair reval="1d">
    <File perm="0444">/40/11</File>
    <Query type="disk">/tmp/test-disk-big/40/11</Query>
  </Pair>
  <Pair reval="1d">
    <File perm="0444">/40/12</File>
    <Query type="disk">/tmp/test-disk-big/40/12</Query>
  </Pair>
  <Pair reval="1d">
    <File perm="0444">/40/13</File>
    <Query type="disk">/tmp/test-disk-big/40/13</Query>
  </Pair>
  <Pair reval="1d">
    <File perm="0444">/40/14</File>
    <Query type="disk">/tmp/test-disk-big/40/14</Query>
  </Pair>
  <Pair reval="1d">
    <File perm="0444">/40/15</File>
    <Query type="disk">/tmp/test-disk-big/40/15</Query>
  </Pair>
  <Pair reval="1d">
    <File perm="0444">/40/16</File>
    <Query type="disk">/tmp/test-disk-big/40/16</Query>
  </Pair>
  <Pair reval="1d">
    <File perm="0444">/40/17</File>
    <Query type="disk">/tmp/test-disk-big/40/17</Query>
  </Pair>
  <Pair reval="1d">
    <File perm="0444">/40/18</File>
    <Query type="disk">/tmp/test-disk-big/40/18</Query>
  </Pair>
  <Pair reval="1d">
    <File perm="0444">/40/19</File>
    <Query type="disk">/tmp/test-disk-big/40/19</Query>
  </Pair>
  <Pair reval="1d">
    <File perm="0444">/40/2</File>
    <Query type="disk">/tmp/test-disk-big/40/2</Query>
  </Pair>
  <Pair reval="1d">
    <File perm="0444">/40/20</File>
    <Query type="disk">/tmp/test-disk-big/40/20</Query>
  </Pair>
  <Pair reval="1d">
    <File perm="0444">/40/21</File>
    <Query type="disk">/tmp/test-disk-big/40/21</Query>
  </Pair>
  <Pair reval="1d">
    <File perm="0444">/40/22</File>
    <Query type="disk">/tmp/test-disk-big/40/22</Query>
  </Pair>
  <Pair reval="1d">
    <File perm="0444">/40/23</File>
    <Query type="disk">/tmp/test-disk-big/40/23</Query>
  </Pair>
  <Pair reval="1d">
    <File perm="0444">/40/24</File>
    <Query type="disk">/tmp/test-disk-big/40/24</Query>
  </Pair>
  <Pair reval="1d">
    <File perm="0444">/40/25</File>
    <Query type="disk">/tmp/test-disk-big/40/25</Query>
  </Pair>
  <Pair reval="1d">
    <File perm="0444">/40/26</File>
    <Query type="disk">/tmp/test-disk-big/40/26</Query>
  </Pair>
  <Pair reval="1d">
    <File perm="0444">/40/27</File>
    <Query type="disk">/tmp/test-disk-big/40/27</Query>
  </Pair>
  <Pair reval="1d">
    <File perm="0444">/40/28</File>
    <Query type="disk">/tmp/test-disk-big/40/28</Query>
  </Pair>
  <Pair reval="1d">
    <File perm="0444">/40/29</File>
    <Query type="disk">/tmp/test-disk-big/40/29</Query>
  </Pair>
  <Pair reval="1d">
    <File perm="0444">/40/3</File>
    <Query type="disk">/tmp/test-disk-big/40/3</Query>
  </Pair>
  <Pair reval="1d">
    <File perm="0444">/40/30</File>
    <Query type="disk">/tmp/test-disk-big/40/30</Query>
  </Pair>
  <Pair reval="1d">
    <File perm="0444">/40/31</File>
    <Query type="disk">/tmp/test-disk-big/40/31</Query>
  </Pair>
  <Pair reval="1d">
    <File perm="0444">/40/32</File>
    <Query type="disk">/tmp/test-disk-big/40/32</Query>
  </Pair>
  <Pair reval="1d">
    <File perm="0444">/40/33</File>
    <Query type="disk">/tmp/test-disk-big/40/33</Query>
  </Pair>
  <Pair reval="1d">
    <File perm="0444">/40/34</File>
    <Query type="disk">/tmp/test-disk-big/40/34</Query>
  </Pair>
  <Pair reval="1d">
    <File perm="0444">/40/35</File>
    <Query type="disk">/tmp/test-disk-big/40/35</Query>
  </Pair>
  <Pair reval="1d">
    <File perm="0444">/40/36</File>
    <Query type="disk">/tmp/test-disk-big/40/36</Query>
  </Pair>
  <Pair reval="1d">
    <File perm="0444">/40/37</File>
    <Query type="disk">/tmp/test-disk-big/40/37</Query>
  </Pair>
  <Pair reval="1d">
    <File perm="0444">/40/38</File>
    <Query type="disk">/tmp/test-disk-big/40/38</Query>
  </Pair>
  <Pair reval="1d">
    <File perm="0444">/40/39</File>
    <Query type="disk">/tmp/test-disk-big/40/39</Query>
  </Pair>
  <Pair reval="1d">
    <File perm="0444">/40/4</File>
    <Query type="disk">/tmp/test-disk-big/40/4</Query>
  </Pair>
  <Pair reval="1d">
    <File perm="0444">/40/40</File>
    <Query type="disk">/tmp/test-disk-big/40/40</Query>
  </Pair>
  <Pair reval="1d">
    <File perm="0444">/40/41</File>
    <Query type="disk">/tmp/test-disk-big/40/41</Query>
  </Pair>
  <Pair reval="1d">
    <File perm="0444">/40/42</File>
    <Query type="disk">/tmp/test-disk-big/40/42</Query>
  </Pair>
  <Pair reval="1d">
    <File perm="0444">/40/43</File>
    <Query type="disk">/tmp/test-disk-big/40/43</Query>
  </Pair>
  <Pair reval="1d">
    <File perm="0444">/40/44</File>
    <Query type="disk">/tmp/test-disk-big/40/44</Query>
  </Pair>
  <Pair reval="1d">
    <File perm="0444">/40/45</File>
    <Query type="disk">/tmp/test-disk-big/40/45</Query>
  </Pair>
  <Pair reval="1d">
    <File perm="0444">/40/46</File>
    <Query type="disk">/tmp/test-disk-big/40/46</Query>
  </Pair>
  <Pair reval="1d">
    <File perm="0444">/40/47</File>
    <Query type="disk">/tmp/test-disk-big/40/47</Query>
  </Pair>
  <Pair reval="1d">
    <File perm="0444">/40/48</File>
    <Query type="disk">/tmp/test-disk-big/40/48</Query>
  </Pair>
  <Pair reval="1d">
    <File perm="0444">/40/49</File>
    <Query type="disk">/tmp/test-disk-big/40/49</Query>
  </Pair>
  <Pair reval="1d">
    <File perm="0444">/40/5</File>
    <Query type="disk">/tmp/test-disk-big/40/5</Query>
  </Pair>
  <Pair reval="1d">
    <File perm="0444">/40/50</File>
    <Query type="disk">/tmp/test-disk-big/40/50</Query>
  </Pair>
  <Pair reval="1d">
    <File perm="0444">/40/51</File>
    <Query type="disk">/tmp/test-disk-big/40/51</Query>
  </Pair>
  <Pair reval="1d">
    <File perm="0444">/40/52</File>
    <Query type="disk">/tmp/test-disk-big/40/52</Query>
  </Pair>
  <Pair reval="1d">
    <File perm="0444">/40/53</File>
    <Query type="disk">/tmp/test-disk-big/40/53</Query>
  </Pair>
  <Pair reval="1d">
    <File perm="0444">/40/54</File>
    <Query type="disk">/tmp/test-disk-big/40/54</Query>
  </Pair>
  <Pair reval="1d">
    <File perm="0444">/40/55</File>
    <Query type="disk">/tmp/test-disk-big/40/55</Query>
  </Pair>
  <Pair reval="1d">
    <File perm="0444">/40/56</File>
    <Query type="disk">/tmp/test-disk-big/40/56</Query>
  </Pair>
  <Pair reval="1d">
    <File perm="0444">/40/57</File>
    <Query type="disk">/tmp/test-disk-big/40/57</Query>
  </Pair>
  <Pair reval="1d">
    <File perm="0444">/40/58</File>
    <Query type="disk">/tmp/test-disk-big/40/58</Query>
  </Pair>
  <Pair reval="1d">
    <File perm="0444">/40/59</File>
    <Query type="disk">/tmp/test-disk-big/40/59</Query>
  </Pair>
  <Pair reval="1d">
    <File perm="0444">/40/6</File>
    <Query type="disk">/tmp/test-disk-big/40/6</Query>
  </Pair>
  <Pair reval="1d">
    <File perm="0444">/40/60</File>
    <Query type="disk">/tmp/test-disk-big/40/60</Query>
  </Pair>
  <Pair reval="1d">
    <File perm="0444">/40/61</File>
    <Query type="disk">/tmp/test-disk-big/40/61</Query>
  </Pair>
  <Pair reval="1d">
    <File perm="0444">/40/62</File>
    <Query type="disk">/tmp/test-disk-big/40/62</Query>
  </Pair>
  <Pair reval="1d">
    <File perm="0444">/40/63</File>
    <Query type="disk">/tmp/test-disk-big/40/63</Query>
  </Pair>
  <Pair reval="1d">
    <File perm="0444">/40/64</File>
    <Query type="disk">/tmp/test-disk-big/40/64</Query>
  </Pair>
  <Pair reval="1d">
    <File perm="0444">/40/65</File>
    <Query type="disk">/tmp/test-disk-big/40/65</Query>
  </Pair>
  <Pair reval="1d">
    <File perm="0444">/40/66</File>
    <Query type="disk">/tmp/test-disk-big/40/66</Query>
  </Pair>
  <Pair reval="1d">
    <File perm="0444">/40/67</File>
    <Query type="disk">/tmp/test-disk-big/40/67</Query>
  </Pair>
  <Pair reval="1d">
    <File perm="0444">/40/68</File>
    <Query type="disk">/tmp/test-disk-big/40/68</Query>
  </Pair>
  <Pair reval="1d">
    <File perm="0444">/40/69</File>
    <Query type="disk">/tmp/test-disk-big/40/69</Query>
  </Pair>
  <Pair reval="1d">
    <File perm="0444">/40/7</File>
    <Query type="disk">/tmp/test-disk-big/40/7</Query>
  </Pair>
  <Pair reval="1d">
    <File perm="0444">/40/70</File>
    <Query type="disk">/tmp/test-disk-big/40/70</Query>
  </Pair>
  <Pair reval="1d">
    <File perm="0444">/40/71</File>
    <Query type="disk">/tmp/test-disk-big/40/71</Query>
  </Pair>
  <Pair reval="1d">
    <File perm="0444">/40/72</File>
    <Query type="disk">/tmp/test-disk-big/40/72</Query>
  </Pair>
  <Pair reval="1d">
    <File perm="0444">/40/73</File>
    <Query type="disk">/tmp/test-disk-big/40/73</Query>
  </Pair>
  <Pair reval="1d">
    <File perm="0444">/40/74</File>
    <Query type="disk">/tmp/test-disk-big/40/74</Query>
  </Pair>
  <Pair reval="1d">
    <File perm="0444">/40/75</File>
    <Query type="disk">/tmp/test-disk-big/40/75</Query>
  </Pair>
  <Pair reval="1d">
    <File perm="0444">/40/76</File>
    <Query type="disk">/tmp/test-disk-big/40/76</Query>
  </Pair>
  <Pair reval="1d">
    <File perm="0444">/40/77</File>
    <Query type="disk">/tmp/test-disk-big/40/77</Query>
  </Pair>
  <Pair reval="1d">
    <File perm="0444">/40/78</File>
    <Query type="disk">/tmp/test-disk-big/40/78</Query>
  </Pair>
  <Pair reval="1d">
    <File perm="0444">/40/79</File>
    <Query type="disk">/tmp/test-disk-big/40/79</Query>
  </Pair>
  <Pair reval="1d">
    <File perm="0444">/40/8</File>
    <Query type="disk">/tmp/test-disk-big/40/8</Query>
  </Pair>
  <Pair reval="1d">
    <File perm="0444">/40/80</File>
    <Query type="disk">/tmp/test-disk-big/40/80</Query>
  </Pair>
  <Pair reval="1d">
    <File perm="0444">/40/81</File>
    <Query type="disk">/tmp/test-disk-big/40/81</Query>
  </Pair>
  <Pair reval="1d">
    <File perm="0444">/40/82</File>
    <Query type="disk">/tmp/test-disk-big/40/82</Query>
  </Pair>
  <Pair reval="1d">
    <File perm="0444">/40/83</File>
    <Query type="disk">/tmp/test-disk-big/40/83</Query>
  </Pair>
  <Pair reval="1d">
    <File perm="0444">/40/84</File>
    <Query type="disk">/tmp/test-disk-big/40/84</Query>
  </Pair>
  <Pair reval="1d">
    <File perm="0444">/40/85</File>
    <Query type="disk">/tmp/test-disk-big/40/85</Query>
  </Pair>
  <Pair reval="1d">
    <File perm="0444">/40/86</File>
    <Query type="disk">/tmp/test-disk-big/40/86</Query>
  </Pair>
  <Pair reval="1d">
    <File perm="0444">/40/87</File>
    <Query type="disk">/tmp/test-disk-big/40/87</Query>
  </Pair>
  <Pair reval="1d">
    <File perm="0444">/40/88</File>
    <Query type="disk">/tmp/test-disk-big/40/88</Query>
  </Pair>
  <Pair reval="1d">
    <File perm="0444">/40/89</File>
    <Query type="disk">/tmp/test-disk-big/40/89</Query>
  </Pair>
  <Pair reval="1d">
    <File perm="0444">/40/9</File>
    <Query type="disk">/tmp/test-disk-big/40/9</Query>
  </Pair>
  <Pair reval="1d">
    <File perm="0444">/40/90</File>
    <Query type="disk">/tmp/test-disk-big/40/90</Query>
  </Pair>
  <Pair reval="1d">
    <File perm="0444">/40/91</File>
    <Query type="disk">/tmp/test-disk-big/40/91</Query>
  </Pair>
  <Pair reval="1d">
    <File perm="0444">/40/92</File>
    <Query type="disk">/tmp/test-disk-big/40/92</Query>
  </Pair>
  <Pair reval="1d">
    <File perm="0444">/40/93</File>
    <Query type="disk">/tmp/test-disk-big/40/93</Query>
  </Pair>
  <Pair reval="1d">
    <File perm="0444">/40/94</File>
    <Query type="disk">/tmp/test-disk-big/40/94</Query>
  </Pair>
  <Pair reval="1d">
    <File perm="0444">/40/95</File>
    <Query type="disk">/tmp/test-disk-big/40/95</Query>
  </Pair>
  <Pair reval="1d">
    <File perm="0444">/40/96</File>
    <Query type="disk">/tmp/test-disk-big/40/96</Query>
  </Pair>
  <Pair reval="1d">
    <File perm="0444">/40/97</File>
    <Query type="disk">/tmp/test-disk-big/40/97</Query>
  </Pair>
  <Pair reval="1d">
    <File perm="0444">/40/98</File>
    <Query type="disk">/tmp/test-disk-big/40/98</Query>
  </Pair>
  <Pair reval="1d">
    <File perm="0444">/40/99</File>
    <Query type="disk">/tmp/test-disk-big/40/99</Query>
  </Pair>
  <Pair reval="1d">
    <Dir perm="0555">/41</Dir>
    <Query type="disk"></Query>
  </Pair>
  <Pair reval="1d">
    <File perm="0444">/41/1</File>
    <Query type="disk">/tmp/test-disk-big/41/1</Query>
  </Pair>
  <Pair reval="1d">
    <File perm="0444">/41/10</File>
    <Query type="disk">/tmp/test-disk-big/41/10</Query>
  </Pair>
  <Pair reval="1d">
    <File perm="0444">/41/100</File>
    <Query type="disk">/tmp/test-disk-big/41/100</Query>
  </Pair>
  <Pair reval="1d">
    <File perm="0444">/41/11</File>
    <Query type="disk">/tmp/test-disk-big/41/11</Query>
  </Pair>
  <Pair reval="1d">
    <File perm="0444">/41/12</File>
    <Query type="disk">/tmp/test-disk-big/41/12</Query>
  </Pair>
  <Pair reval="1d">
    <File perm="0444">/41/13</File>
    <Query type="disk">/tmp/test-disk-big/41/13</Query>
  </Pair>
  <Pair reval="1d">
    <File perm="0444">/41/14</File>
    <Query type="disk">/tmp/test-disk-big/41/14</Query>
  </Pair>
  <Pair reval="1d">
    <File perm="0444">/41/15</File>
    <Query type="disk">/tmp/test-disk-big/41/15</Query>
  </Pair>
  <Pair reval="1d">
    <File perm="0444">/41/16</File>
    <Query type="disk">/tmp/test-disk-big/41/16</Query>
  </Pair>
  <Pair reval="1d">
    <File perm="0444">/41/17</File>
    <Query type="disk">/tmp/test-disk-big/41/17</Query>
  </Pair>
  <Pair reval="1d">
    <File perm="0444">/41/18</File>
    <Query type="disk">/tmp/test-disk-big/41/18</Query>
  </Pair>
  <Pair reval="1d">
    <File perm="0444">/41/19</File>
    <Query type="disk">/tmp/test-disk-big/41/19</Query>
  </Pair>
  <Pair reval="1d">
    <File perm="0444">/41/2</File>
    <Query type="disk">/tmp/test-disk-big/41/2</Query>
  </Pair>
  <Pair reval="1d">
    <File perm="0444">/41/20</File>
    <Query type="disk">/tmp/test-disk-big/41/20</Query>
  </Pair>
  <Pair reval="1d">
    <File perm="0444">/41/21</File>
    <Query type="disk">/tmp/test-disk-big/41/21</Query>
  </Pair>
  <Pair reval="1d">
    <File perm="0444">/41/22</File>
    <Query type="disk">/tmp/test-disk-big/41/22</Query>
  </Pair>
  <Pair reval="1d">
    <File perm="0444">/41/23</File>
    <Query type="disk">/tmp/test-disk-big/41/23</Query>
  </Pair>
  <Pair reval="1d">
    <File perm="0444">/41/24</File>
    <Query type="disk">/tmp/test-disk-big/41/24</Query>
  </Pair>
  <Pair reval="1d">
    <File perm="0444">/41/25</File>
    <Query type="disk">/tmp/test-disk-big/41/25</Query>
  </Pair>
  <Pair reval="1d">
    <File perm="0444">/41/26</File>
    <Query type="disk">/tmp/test-disk-big/41/26</Query>
  </Pair>
  <Pair reval="1d">
    <File perm="0444">/41/27</File>
    <Query type="disk">/tmp/test-disk-big/41/27</Query>
  </Pair>
  <Pair reval="1d">
    <File perm="0444">/41/28</File>
    <Query type="disk">/tmp/test-disk-big/41/28</Query>
  </Pair>
  <Pair reval="1d">
    <File perm="0444">/41/29</File>
    <Query type="disk">/tmp/test-disk-big/41/29</Query>
  </Pair>
  <Pair reval="1d">
    <File perm="0444">/41/3</File>
    <Query type="disk">/tmp/test-disk-big/41/3</Query>
  </Pair>
  <Pair reval="1d">
    <File perm="0444">/41/30</File>
    <Query type="disk">/tmp/test-disk-big/41/30</Query>
  </Pair>
  <Pair reval="1d">
    <File perm="0444">/41/31</File>
    <Query type="disk">/tmp/test-disk-big/41/31</Query>
  </Pair>
  <Pair reval="1d">
    <File perm="0444">/41/32</File>
    <Query type="disk">/tmp/test-disk-big/41/32</Query>
  </Pair>
  <Pair reval="1d">
    <File perm="0444">/41/33</File>
    <Query type="disk">/tmp/test-disk-big/41/33</Query>
  </Pair>
  <Pair reval="1d">
    <File perm="0444">/41/34</File>
    <Query type="disk">/tmp/test-disk-big/41/34</Query>
  </Pair>
  <Pair reval="1d">
    <File perm="0444">/41/35</File>
    <Query type="disk">/tmp/test-disk-big/41/35</Query>
  </Pair>
  <Pair reval="1d">
    <File perm="0444">/41/36</File>
    <Query type="disk">/tmp/test-disk-big/41/36</Query>
  </Pair>
  <Pair reval="1d">
    <File perm="0444">/41/37</File>
    <Query type="disk">/tmp/test-disk-big/41/37</Query>
  </Pair>
  <Pair reval="1d">
    <File perm="0444">/41/38</File>
    <Query type="disk">/tmp/test-disk-big/41/38</Query>
  </Pair>
  <Pair reval="1d">
    <File perm="0444">/41/39</File>
    <Query type="disk">/tmp/test-disk-big/41/39</Query>
  </Pair>
  <Pair reval="1d">
    <File perm="0444">/41/4</File>
    <Query type="disk">/tmp/test-disk-big/41/4</Query>
  </Pair>
  <Pair reval="1d">
    <File perm="0444">/41/40</File>
    <Query type="disk">/tmp/test-disk-big/41/40</Query>
  </Pair>
  <Pair reval="1d">
    <File perm="0444">/41/41</File>
    <Query type="disk">/tmp/test-disk-big/41/41</Query>
  </Pair>
  <Pair reval="1d">
    <File perm="0444">/41/42</File>
    <Query type="disk">/tmp/test-disk-big/41/42</Query>
  </Pair>
  <Pair reval="1d">
    <File perm="0444">/41/43</File>
    <Query type="disk">/tmp/test-disk-big/41/43</Query>
  </Pair>
  <Pair reval="1d">
    <File perm="0444">/41/44</File>
    <Query type="disk">/tmp/test-disk-big/41/44</Query>
  </Pair>
  <Pair reval="1d">
    <File perm="0444">/41/45</File>
    <Query type="disk">/tmp/test-disk-big/41/45</Query>
  </Pair>
  <Pair reval="1d">
    <File perm="0444">/41/46</File>
    <Query type="disk">/tmp/test-disk-big/41/46</Query>
  </Pair>
  <Pair reval="1d">
    <File perm="0444">/41/47</File>
    <Query type="disk">/tmp/test-disk-big/41/47</Query>
  </Pair>
  <Pair reval="1d">
    <File perm="0444">/41/48</File>
    <Query type="disk">/tmp/test-disk-big/41/48</Query>
  </Pair>
  <Pair reval="1d">
    <File perm="0444">/41/49</File>
    <Query type="disk">/tmp/test-disk-big/41/49</Query>
  </Pair>
  <Pair reval="1d">
    <File perm="0444">/41/5</File>
    <Query type="disk">/tmp/test-disk-big/41/5</Query>
  </Pair>
  <Pair reval="1d">
    <File perm="0444">/41/50</File>
    <Query type="disk">/tmp/test-disk-big/41/50</Query>
  </Pair>
  <Pair reval="1d">
    <File perm="0444">/41/51</File>
    <Query type="disk">/tmp/test-disk-big/41/51</Query>
  </Pair>
  <Pair reval="1d">
    <File perm="0444">/41/52</File>
    <Query type="disk">/tmp/test-disk-big/41/52</Query>
  </Pair>
  <Pair reval="1d">
    <File perm="0444">/41/53</File>
    <Query type="disk">/tmp/test-disk-big/41/53</Query>
  </Pair>
  <Pair reval="1d">
    <File perm="0444">/41/54</File>
    <Query type="disk">/tmp/test-disk-big/41/54</Query>
  </Pair>
  <Pair reval="1d">
    <File perm="0444">/41/55</File>
    <Query type="disk">/tmp/test-disk-big/41/55</Query>
  </Pair>
  <Pair reval="1d">
    <File perm="0444">/41/56</File>
    <Query type="disk">/tmp/test-disk-big/41/56</Query>
  </Pair>
  <Pair reval="1d">
    <File perm="0444">/41/57</File>
    <Query type="disk">/tmp/test-disk-big/41/57</Query>
  </Pair>
  <Pair reval="1d">
    <File perm="0444">/41/58</File>
    <Query type="disk">/tmp/test-disk-big/41/58</Query>
  </Pair>
  <Pair reval="1d">
    <File perm="0444">/41/59</File>
    <Query type="disk">/tmp/test-disk-big/41/59</Query>
  </Pair>
  <Pair reval="1d">
    <File perm="0444">/41/6</File>
    <Query type="disk">/tmp/test-disk-big/41/6</Query>
  </Pair>
  <Pair reval="1d">
    <File perm="0444">/41/60</File>
    <Query type="disk">/tmp/test-disk-big/41/60</Query>
  </Pair>
  <Pair reval="1d">
    <File perm="0444">/41/61</File>
    <Query type="disk">/tmp/test-disk-big/41/61</Query>
  </Pair>
  <Pair reval="1d">
    <File perm="0444">/41/62</File>
    <Query type="disk">/tmp/test-disk-big/41/62</Query>
  </Pair>
  <Pair reval="1d">
    <File perm="0444">/41/63</File>
    <Query type="disk">/tmp/test-disk-big/41/63</Query>
  </Pair>
  <Pair reval="1d">
    <File perm="0444">/41/64</File>
    <Query type="disk">/tmp/test-disk-big/41/64</Query>
  </Pair>
  <Pair reval="1d">
    <File perm="0444">/41/65</File>
    <Query type="disk">/tmp/test-disk-big/41/65</Query>
  </Pair>
  <Pair reval="1d">
    <File perm="0444">/41/66</File>
    <Query type="disk">/tmp/test-disk-big/41/66</Query>
  </Pair>
  <Pair reval="1d">
    <File perm="0444">/41/67</File>
    <Query type="disk">/tmp/test-disk-big/41/67</Query>
  </Pair>
  <Pair reval="1d">
    <File perm="0444">/41/68</File>
    <Query type="disk">/tmp/test-disk-big/41/68</Query>
  </Pair>
  <Pair reval="1d">
    <File perm="0444">/41/69</File>
    <Query type="disk">/tmp/test-disk-big/41/69</Query>
  </Pair>
  <Pair reval="1d">
    <File perm="0444">/41/7</File>
    <Query type="disk">/tmp/test-disk-big/41/7</Query>
  </Pair>
  <Pair reval="1d">
    <File perm="0444">/41/70</File>
    <Query type="disk">/tmp/test-disk-big/41/70</Query>
  </Pair>
  <Pair reval="1d">
    <File perm="0444">/41/71</File>
    <Query type="disk">/tmp/test-disk-big/41/71</Query>
  </Pair>
  <Pair reval="1d">
    <File perm="0444">/41/72</File>
    <Query type="disk">/tmp/test-disk-big/41/72</Query>
  </Pair>
  <Pair reval="1d">
    <File perm="0444">/41/73</File>
    <Query type="disk">/tmp/test-disk-big/41/73</Query>
  </Pair>
  <Pair reval="1d">
    <File perm="0444">/41/74</File>
    <Query type="disk">/tmp/test-disk-big/41/74</Query>
  </Pair>
  <Pair reval="1d">
    <File perm="0444">/41/75</File>
    <Query type="disk">/tmp/test-disk-big/41/75</Query>
  </Pair>
  <Pair reval="1d">
    <File perm="0444">/41/76</File>
    <Query type="disk">/tmp/test-disk-big/41/76</Query>
  </Pair>
  <Pair reval="1d">
    <File perm="0444">/41/77</File>
    <Query type="disk">/tmp/test-disk-big/41/77</Query>
  </Pair>
  <Pair reval="1d">
    <File perm="0444">/41/78</File>
    <Query type="disk">/tmp/test-disk-big/41/78</Query>
  </Pair>
  <Pair reval="1d">
    <File perm="0444">/41/79</File>
    <Query type="disk">/tmp/test-disk-big/41/79</Query>
  </Pair>
  <Pair reval="1d">
    <File perm="0444">/41/8</File>
    <Query type="disk">/tmp/test-disk-big/41/8</Query>
  </Pair>
  <Pair reval="1d">
    <File perm="0444">/41/80</File>
    <Query type="disk">/tmp/test-disk-big/41/80</Query>
  </Pair>
  <Pair reval="1d">
    <File perm="0444">/41/81</File>
    <Query type="disk">/tmp/test-disk-big/41/81</Query>
  </Pair>
  <Pair reval="1d">
    <File perm="0444">/41/82</File>
    <Query type="disk">/tmp/test-disk-big/41/82</Query>
  </Pair>
  <Pair reval="1d">
    <File perm="0444">/41/83</File>
    <Query type="disk">/tmp/test-disk-big/41/83</Query>
  </Pair>
  <Pair reval="1d">
    <File perm="0444">/41/84</File>
    <Query type="disk">/tmp/test-disk-big/41/84</Query>
  </Pair>
  <Pair reval="1d">
    <File perm="0444">/41/85</File>
    <Query type="disk">/tmp/test-disk-big/41/85</Query>
  </Pair>
  <Pair reval="1d">
    <File perm="0444">/41/86</File>
    <Query type="disk">/tmp/test-disk-big/41/86</Query>
  </Pair>
  <Pair reval="1d">
    <File perm="0444">/41/87</File>
    <Query type="disk">/tmp/test-disk-big/41/87</Query>
  </Pair>
  <Pair reval="1d">
    <File perm="0444">/41/88</File>
    <Query type="disk">/tmp/test-disk-big/41/88</Query>
  </Pair>
  <Pair reval="1d">
    <File perm="0444">/41/89</File>
    <Query type="disk">/tmp/test-disk-big/41/89</Query>
  </Pair>
  <Pair reval="1d">
    <File perm="0444">/41/9</File>
    <Query type="disk">/tmp/test-disk-big/41/9</Query>
  </Pair>
  <Pair reval="1d">
    <File perm="0444">/41/90</File>
    <Query type="disk">/tmp/test-disk-big/41/90</Query>
  </Pair>
  <Pair reval="1d">
    <File perm="0444">/41/91</File>
    <Query type="disk">/tmp/test-disk-big/41/91</Query>
  </Pair>
  <Pair reval="1d">
    <File perm="0444">/41/92</File>
    <Query type="disk">/tmp/test-disk-big/41/92</Query>
  </Pair>
  <Pair reval="1d">
    <File perm="0444">/41/93</File>
    <Query type="disk">/tmp/test-disk-big/41/93</Query>
  </Pair>
  <Pair reval="1d">
    <File perm="0444">/41/94</File>
    <Query type="disk">/tmp/test-disk-big/41/94</Query>
  </Pair>
  <Pair reval="1d">
    <File perm="0444">/41/95</File>
    <Query type="disk">/tmp/test-disk-big/41/95</Query>
  </Pair>
  <Pair reval="1d">
    <File perm="0444">/41/96</File>
    <Query type="disk">/tmp/test-disk-big/41/96</Query>
  </Pair>
  <Pair reval="1d">
    <File perm="0444">/41/97</File>
    <Query type="disk">/tmp/test-disk-big/41/97</Query>
  </Pair>
  <Pair reval="1d">
    <File perm="0444">/41/98</File>
    <Query type="disk">/tmp/test-disk-big/41/98</Query>
  </Pair>
  <Pair reval="1d">
    <File perm="0444">/41/99</File>
    <Query type="disk">/tmp/test-disk-big/41/99</Query>
  </Pair>
  <Pair reval="1d">
    <Dir perm="0555">/42</Dir>
    <Query type="disk"></Query>
  </Pair>
  <Pair reval="1d">
    <File perm="0444">/42/1</File>
    <Query type="disk">/tmp/test-disk-big/42/1</Query>
  </Pair>
  <Pair reval="1d">
    <File perm="0444">/42/10</File>
    <Query type="disk">/tmp/test-disk-big/42/10</Query>
  </Pair>
  <Pair reval="1d">
    <File perm="0444">/42/100</File>
    <Query type="disk">/tmp/test-disk-big/42/100</Query>
  </Pair>
  <Pair reval="1d">
    <File perm="0444">/42/11</File>
    <Query type="disk">/tmp/test-disk-big/42/11</Query>
  </Pair>
  <Pair reval="1d">
    <File perm="0444">/42/12</File>
    <Query type="disk">/tmp/test-disk-big/42/12</Query>
  </Pair>
  <Pair reval="1d">
    <File perm="0444">/42/13</File>
    <Query type="disk">/tmp/test-disk-big/42/13</Query>
  </Pair>
  <Pair reval="1d">
    <File perm="0444">/42/14</File>
    <Query type="disk">/tmp/test-disk-big/42/14</Query>
  </Pair>
  <Pair reval="1d">
    <File perm="0444">/42/15</File>
    <Query type="disk">/tmp/test-disk-big/42/15</Query>
  </Pair>
  <Pair reval="1d">
    <File perm="0444">/42/16</File>
    <Query type="disk">/tmp/test-disk-big/42/16</Query>
  </Pair>
  <Pair reval="1d">
    <File perm="0444">/42/17</File>
    <Query type="disk">/tmp/test-disk-big/42/17</Query>
  </Pair>
  <Pair reval="1d">
    <File perm="0444">/42/18</File>
    <Query type="disk">/tmp/test-disk-big/42/18</Query>
  </Pair>
  <Pair reval="1d">
    <File perm="0444">/42/19</File>
    <Query type="disk">/tmp/test-disk-big/42/19</Query>
  </Pair>
  <Pair reval="1d">
    <File perm="0444">/42/2</File>
    <Query type="disk">/tmp/test-disk-big/42/2</Query>
  </Pair>
  <Pair reval="1d">
    <File perm="0444">/42/20</File>
    <Query type="disk">/tmp/test-disk-big/42/20</Query>
  </Pair>
  <Pair reval="1d">
    <File perm="0444">/42/21</File>
    <Query type="disk">/tmp/test-disk-big/42/21</Query>
  </Pair>
  <Pair reval="1d">
    <File perm="0444">/42/22</File>
    <Query type="disk">/tmp/test-disk-big/42/22</Query>
  </Pair>
  <Pair reval="1d">
    <File perm="0444">/42/23</File>
    <Query type="disk">/tmp/test-disk-big/42/23</Query>
  </Pair>
  <Pair reval="1d">
    <File perm="0444">/42/24</File>
    <Query type="disk">/tmp/test-disk-big/42/24</Query>
  </Pair>
  <Pair reval="1d">
    <File perm="0444">/42/25</File>
    <Query type="disk">/tmp/test-disk-big/42/25</Query>
  </Pair>
  <Pair reval="1d">
    <File perm="0444">/42/26</File>
    <Query type="disk">/tmp/test-disk-big/42/26</Query>
  </Pair>
  <Pair reval="1d">
    <File perm="0444">/42/27</File>
    <Query type="disk">/tmp/test-disk-big/42/27</Query>
  </Pair>
  <Pair reval="1d">
    <File perm="0444">/42/28</File>
    <Query type="disk">/tmp/test-disk-big/42/28</Query>
  </Pair>
  <Pair reval="1d">
    <File perm="0444">/42/29</File>
    <Query type="disk">/tmp/test-disk-big/42/29</Query>
  </Pair>
  <Pair reval="1d">
    <File perm="0444">/42/3</File>
    <Query type="disk">/tmp/test-disk-big/42/3</Query>
  </Pair>
  <Pair reval="1d">
    <File perm="0444">/42/30</File>
    <Query type="disk">/tmp/test-disk-big/42/30</Query>
  </Pair>
  <Pair reval="1d">
    <File perm="0444">/42/31</File>
    <Query type="disk">/tmp/test-disk-big/42/31</Query>
  </Pair>
  <Pair reval="1d">
    <File perm="0444">/42/32</File>
    <Query type="disk">/tmp/test-disk-big/42/32</Query>
  </Pair>
  <Pair reval="1d">
    <File perm="0444">/42/33</File>
    <Query type="disk">/tmp/test-disk-big/42/33</Query>
  </Pair>
  <Pair reval="1d">
    <File perm="0444">/42/34</File>
    <Query type="disk">/tmp/test-disk-big/42/34</Query>
  </Pair>
  <Pair reval="1d">
    <File perm="0444">/42/35</File>
    <Query type="disk">/tmp/test-disk-big/42/35</Query>
  </Pair>
  <Pair reval="1d">
    <File perm="0444">/42/36</File>
    <Query type="disk">/tmp/test-disk-big/42/36</Query>
  </Pair>
  <Pair reval="1d">
    <File perm="0444">/42/37</File>
    <Query type="disk">/tmp/test-disk-big/42/37</Query>
  </Pair>
  <Pair reval="1d">
    <File perm="0444">/42/38</File>
    <Query type="disk">/tmp/test-disk-big/42/38</Query>
  </Pair>
  <Pair reval="1d">
    <File perm="0444">/42/39</File>
    <Query type="disk">/tmp/test-disk-big/42/39</Query>
  </Pair>
  <Pair reval="1d">
    <File perm="0444">/42/4</File>
    <Query type="disk">/tmp/test-disk-big/42/4</Query>
  </Pair>
  <Pair reval="1d">
    <File perm="0444">/42/40</File>
    <Query type="disk">/tmp/test-disk-big/42/40</Query>
  </Pair>
  <Pair reval="1d">
    <File perm="0444">/42/41</File>
    <Query type="disk">/tmp/test-disk-big/42/41</Query>
  </Pair>
  <Pair reval="1d">
    <File perm="0444">/42/42</File>
    <Query type="disk">/tmp/test-disk-big/42/42</Query>
  </Pair>
  <Pair reval="1d">
    <File perm="0444">/42/43</File>
    <Query type="disk">/tmp/test-disk-big/42/43</Query>
  </Pair>
  <Pair reval="1d">
    <File perm="0444">/42/44</File>
    <Query type="disk">/tmp/test-disk-big/42/44</Query>
  </Pair>
  <Pair reval="1d">
    <File perm="0444">/42/45</File>
    <Query type="disk">/tmp/test-disk-big/42/45</Query>
  </Pair>
  <Pair reval="1d">
    <File perm="0444">/42/46</File>
    <Query type="disk">/tmp/test-disk-big/42/46</Query>
  </Pair>
  <Pair reval="1d">
    <File perm="0444">/42/47</File>
    <Query type="disk">/tmp/test-disk-big/42/47</Query>
  </Pair>
  <Pair reval="1d">
    <File perm="0444">/42/48</File>
    <Query type="disk">/tmp/test-disk-big/42/48</Query>
  </Pair>
  <Pair reval="1d">
    <File perm="0444">/42/49</File>
    <Query type="disk">/tmp/test-disk-big/42/49</Query>
  </Pair>
  <Pair reval="1d">
    <File perm="0444">/42/5</File>
    <Query type="disk">/tmp/test-disk-big/42/5</Query>
  </Pair>
  <Pair reval="1d">
    <File perm="0444">/42/50</File>
    <Query type="disk">/tmp/test-disk-big/42/50</Query>
  </Pair>
  <Pair reval="1d">
    <File perm="0444">/42/51</File>
    <Query type="disk">/tmp/test-disk-big/42/51</Query>
  </Pair>
  <Pair reval="1d">
    <File perm="0444">/42/52</File>
    <Query type="disk">/tmp/test-disk-big/42/52</Query>
  </Pair>
  <Pair reval="1d">
    <File perm="0444">/42/53</File>
    <Query type="disk">/tmp/test-disk-big/42/53</Query>
  </Pair>
  <Pair reval="1d">
    <File perm="0444">/42/54</File>
    <Query type="disk">/tmp/test-disk-big/42/54</Query>
  </Pair>
  <Pair reval="1d">
    <File perm="0444">/42/55</File>
    <Query type="disk">/tmp/test-disk-big/42/55</Query>
  </Pair>
  <Pair reval="1d">
    <File perm="0444">/42/56</File>
    <Query type="disk">/tmp/test-disk-big/42/56</Query>
  </Pair>
  <Pair reval="1d">
    <File perm="0444">/42/57</File>
    <Query type="disk">/tmp/test-disk-big/42/57</Query>
  </Pair>
  <Pair reval="1d">
    <File perm="0444">/42/58</File>
    <Query type="disk">/tmp/test-disk-big/42/58</Query>
  </Pair>
  <Pair reval="1d">
    <File perm="0444">/42/59</File>
    <Query type="disk">/tmp/test-disk-big/42/59</Query>
  </Pair>
  <Pair reval="1d">
    <File perm="0444">/42/6</File>
    <Query type="disk">/tmp/test-disk-big/42/6</Query>
  </Pair>
  <Pair reval="1d">
    <File perm="0444">/42/60</File>
    <Query type="disk">/tmp/test-disk-big/42/60</Query>
  </Pair>
  <Pair reval="1d">
    <File perm="0444">/42/61</File>
    <Query type="disk">/tmp/test-disk-big/42/61</Query>
  </Pair>
  <Pair reval="1d">
    <File perm="0444">/42/62</File>
    <Query type="disk">/tmp/test-disk-big/42/62</Query>
  </Pair>
  <Pair reval="1d">
    <File perm="0444">/42/63</File>
    <Query type="disk">/tmp/test-disk-big/42/63</Query>
  </Pair>
  <Pair reval="1d">
    <File perm="0444">/42/64</File>
    <Query type="disk">/tmp/test-disk-big/42/64</Query>
  </Pair>
  <Pair reval="1d">
    <File perm="0444">/42/65</File>
    <Query type="disk">/tmp/test-disk-big/42/65</Query>
  </Pair>
  <Pair reval="1d">
    <File perm="0444">/42/66</File>
    <Query type="disk">/tmp/test-disk-big/42/66</Query>
  </Pair>
  <Pair reval="1d">
    <File perm="0444">/42/67</File>
    <Query type="disk">/tmp/test-disk-big/42/67</Query>
  </Pair>
  <Pair reval="1d">
    <File perm="0444">/42/68</File>
    <Query type="disk">/tmp/test-disk-big/42/68</Query>
  </Pair>
  <Pair reval="1d">
    <File perm="0444">/42/69</File>
    <Query type="disk">/tmp/test-disk-big/42/69</Query>
  </Pair>
  <Pair reval="1d">
    <File perm="0444">/42/7</File>
    <Query type="disk">/tmp/test-disk-big/42/7</Query>
  </Pair>
  <Pair reval="1d">
    <File perm="0444">/42/70</File>
    <Query type="disk">/tmp/test-disk-big/42/70</Query>
  </Pair>
  <Pair reval="1d">
    <File perm="0444">/42/71</File>
    <Query type="disk">/tmp/test-disk-big/42/71</Query>
  </Pair>
  <Pair reval="1d">
    <File perm="0444">/42/72</File>
    <Query type="disk">/tmp/test-disk-big/42/72</Query>
  </Pair>
  <Pair reval="1d">
    <File perm="0444">/42/73</File>
    <Query type="disk">/tmp/test-disk-big/42/73</Query>
  </Pair>
  <Pair reval="1d">
    <File perm="0444">/42/74</File>
    <Query type="disk">/tmp/test-disk-big/42/74</Query>
  </Pair>
  <Pair reval="1d">
    <File perm="0444">/42/75</File>
    <Query type="disk">/tmp/test-disk-big/42/75</Query>
  </Pair>
  <Pair reval="1d">
    <File perm="0444">/42/76</File>
    <Query type="disk">/tmp/test-disk-big/42/76</Query>
  </Pair>
  <Pair reval="1d">
    <File perm="0444">/42/77</File>
    <Query type="disk">/tmp/test-disk-big/42/77</Query>
  </Pair>
  <Pair reval="1d">
    <File perm="0444">/42/78</File>
    <Query type="disk">/tmp/test-disk-big/42/78</Query>
  </Pair>
  <Pair reval="1d">
    <File perm="0444">/42/79</File>
    <Query type="disk">/tmp/test-disk-big/42/79</Query>
  </Pair>
  <Pair reval="1d">
    <File perm="0444">/42/8</File>
    <Query type="disk">/tmp/test-disk-big/42/8</Query>
  </Pair>
  <Pair reval="1d">
    <File perm="0444">/42/80</File>
    <Query type="disk">/tmp/test-disk-big/42/80</Query>
  </Pair>
  <Pair reval="1d">
    <File perm="0444">/42/81</File>
    <Query type="disk">/tmp/test-disk-big/42/81</Query>
  </Pair>
  <Pair reval="1d">
    <File perm="0444">/42/82</File>
    <Query type="disk">/tmp/test-disk-big/42/82</Query>
  </Pair>
  <Pair reval="1d">
    <File perm="0444">/42/83</File>
    <Query type="disk">/tmp/test-disk-big/42/83</Query>
  </Pair>
  <Pair reval="1d">
    <File perm="0444">/42/84</File>
    <Query type="disk">/tmp/test-disk-big/42/84</Query>
  </Pair>
  <Pair reval="1d">
    <File perm="0444">/42/85</File>
    <Query type="disk">/tmp/test-disk-big/42/85</Query>
  </Pair>
  <Pair reval="1d">
    <File perm="0444">/42/86</File>
    <Query type="disk">/tmp/test-disk-big/42/86</Query>
  </Pair>
  <Pair reval="1d">
    <File perm="0444">/42/87</File>
    <Query type="disk">/tmp/test-disk-big/42/87</Query>
  </Pair>
  <Pair reval="1d">
    <File perm="0444">/42/88</File>
    <Query type="disk">/tmp/test-disk-big/42/88</Query>
  </Pair>
  <Pair reval="1d">
    <File perm="0444">/42/89</File>
    <Query type="disk">/tmp/test-disk-big/42/89</Query>
  </Pair>
  <Pair reval="1d">
    <File perm="0444">/42/9</File>
    <Query type="disk">/tmp/test-disk-big/42/9</Query>
  </Pair>
  <Pair reval="1d">
    <File perm="0444">/42/90</File>
    <Query type="disk">/tmp/test-disk-big/42/90</Query>
  </Pair>
  <Pair reval="1d">
    <File perm="0444">/42/91</File>
    <Query type="disk">/tmp/test-disk-big/42/91</Query>
  </Pair>
  <Pair reval="1d">
    <File perm="0444">/42/92</File>
    <Query type="disk">/tmp/test-disk-big/42/92</Query>
  </Pair>
  <Pair reval="1d">
    <File perm="0444">/42/93</File>
    <Query type="disk">/tmp/test-disk-big/42/93</Query>
  </Pair>
  <Pair reval="1d">
    <File perm="0444">/42/94</File>
    <Query type="disk">/tmp/test-disk-big/42/94</Query>
  </Pair>
  <Pair reval="1d">
    <File perm="0444">/42/95</File>
    <Query type="disk">/tmp/test-disk-big/42/95</Query>
  </Pair>
  <Pair reval="1d">
    <File perm="0444">/42/96</File>
    <Query type="disk">/tmp/test-disk-big/42/96</Query>
  </Pair>
  <Pair reval="1d">
    <File perm="0444">/42/97</File>
    <Query type="disk">/tmp/test-disk-big/42/97</Query>
  </Pair>
  <Pair reval="1d">
    <File perm="0444">/42/98</File>
    <Query type="disk">/tmp/test-disk-big/42/98</Query>
  </Pair>
  <Pair reval="1d">
    <File perm="0444">/42/99</File>
    <Query type="disk">/tmp/test-disk-big/42/99</Query>
  </Pair>
  <Pair reval="1d">
    <Dir perm="0555">/43</Dir>
    <Query type="disk"></Query>
  </Pair>
  <Pair reval="1d">
    <File perm="0444">/43/1</File>
    <Query type="disk">/tmp/test-disk-big/43/1</Query>
  </Pair>
  <Pair reval="1d">
    <File perm="0444">/43/10</File>
    <Query type="disk">/tmp/test-disk-big/43/10</Query>
  </Pair>
  <Pair reval="1d">
    <File perm="0444">/43/100</File>
    <Query type="disk">/tmp/test-disk-big/43/100</Query>
  </Pair>
  <Pair reval="1d">
    <File perm="0444">/43/11</File>
    <Query type="disk">/tmp/test-disk-big/43/11</Query>
  </Pair>
  <Pair reval="1d">
    <File perm="0444">/43/12</File>
    <Query type="disk">/tmp/test-disk-big/43/12</Query>
  </Pair>
  <Pair reval="1d">
    <File perm="0444">/43/13</File>
    <Query type="disk">/tmp/test-disk-big/43/13</Query>
  </Pair>
  <Pair reval="1d">
    <File perm="0444">/43/14</File>
    <Query type="disk">/tmp/test-disk-big/43/14</Query>
  </Pair>
  <Pair reval="1d">
    <File perm="0444">/43/15</File>
    <Query type="disk">/tmp/test-disk-big/43/15</Query>
  </Pair>
  <Pair reval="1d">
    <File perm="0444">/43/16</File>
    <Query type="disk">/tmp/test-disk-big/43/16</Query>
  </Pair>
  <Pair reval="1d">
    <File perm="0444">/43/17</File>
    <Query type="disk">/tmp/test-disk-big/43/17</Query>
  </Pair>
  <Pair reval="1d">
    <File perm="0444">/43/18</File>
    <Query type="disk">/tmp/test-disk-big/43/18</Query>
  </Pair>
  <Pair reval="1d">
    <File perm="0444">/43/19</File>
    <Query type="disk">/tmp/test-disk-big/43/19</Query>
  </Pair>
  <Pair reval="1d">
    <File perm="0444">/43/2</File>
    <Query type="disk">/tmp/test-disk-big/43/2</Query>
  </Pair>
  <Pair reval="1d">
    <File perm="0444">/43/20</File>
    <Query type="disk">/tmp/test-disk-big/43/20</Query>
  </Pair>
  <Pair reval="1d">
    <File perm="0444">/43/21</File>
    <Query type="disk">/tmp/test-disk-big/43/21</Query>
  </Pair>
  <Pair reval="1d">
    <File perm="0444">/43/22</File>
    <Query type="disk">/tmp/test-disk-big/43/22</Query>
  </Pair>
  <Pair reval="1d">
    <File perm="0444">/43/23</File>
    <Query type="disk">/tmp/test-disk-big/43/23</Query>
  </Pair>
  <Pair reval="1d">
    <File perm="0444">/43/24</File>
    <Query type="disk">/tmp/test-disk-big/43/24</Query>
  </Pair>
  <Pair reval="1d">
    <File perm="0444">/43/25</File>
    <Query type="disk">/tmp/test-disk-big/43/25</Query>
  </Pair>
  <Pair reval="1d">
    <File perm="0444">/43/26</File>
    <Query type="disk">/tmp/test-disk-big/43/26</Query>
  </Pair>
  <Pair reval="1d">
    <File perm="0444">/43/27</File>
    <Query type="disk">/tmp/test-disk-big/43/27</Query>
  </Pair>
  <Pair reval="1d">
    <File perm="0444">/43/28</File>
    <Query type="disk">/tmp/test-disk-big/43/28</Query>
  </Pair>
  <Pair reval="1d">
    <File perm="0444">/43/29</File>
    <Query type="disk">/tmp/test-disk-big/43/29</Query>
  </Pair>
  <Pair reval="1d">
    <File perm="0444">/43/3</File>
    <Query type="disk">/tmp/test-disk-big/43/3</Query>
  </Pair>
  <Pair reval="1d">
    <File perm="0444">/43/30</File>
    <Query type="disk">/tmp/test-disk-big/43/30</Query>
  </Pair>
  <Pair reval="1d">
    <File perm="0444">/43/31</File>
    <Query type="disk">/tmp/test-disk-big/43/31</Query>
  </Pair>
  <Pair reval="1d">
    <File perm="0444">/43/32</File>
    <Query type="disk">/tmp/test-disk-big/43/32</Query>
  </Pair>
  <Pair reval="1d">
    <File perm="0444">/43/33</File>
    <Query type="disk">/tmp/test-disk-big/43/33</Query>
  </Pair>
  <Pair reval="1d">
    <File perm="0444">/43/34</File>
    <Query type="disk">/tmp/test-disk-big/43/34</Query>
  </Pair>
  <Pair reval="1d">
    <File perm="0444">/43/35</File>
    <Query type="disk">/tmp/test-disk-big/43/35</Query>
  </Pair>
  <Pair reval="1d">
    <File perm="0444">/43/36</File>
    <Query type="disk">/tmp/test-disk-big/43/36</Query>
  </Pair>
  <Pair reval="1d">
    <File perm="0444">/43/37</File>
    <Query type="disk">/tmp/test-disk-big/43/37</Query>
  </Pair>
  <Pair reval="1d">
    <File perm="0444">/43/38</File>
    <Query type="disk">/tmp/test-disk-big/43/38</Query>
  </Pair>
  <Pair reval="1d">
    <File perm="0444">/43/39</File>
    <Query type="disk">/tmp/test-disk-big/43/39</Query>
  </Pair>
  <Pair reval="1d">
    <File perm="0444">/43/4</File>
    <Query type="disk">/tmp/test-disk-big/43/4</Query>
  </Pair>
  <Pair reval="1d">
    <File perm="0444">/43/40</File>
    <Query type="disk">/tmp/test-disk-big/43/40</Query>
  </Pair>
  <Pair reval="1d">
    <File perm="0444">/43/41</File>
    <Query type="disk">/tmp/test-disk-big/43/41</Query>
  </Pair>
  <Pair reval="1d">
    <File perm="0444">/43/42</File>
    <Query type="disk">/tmp/test-disk-big/43/42</Query>
  </Pair>
  <Pair reval="1d">
    <File perm="0444">/43/43</File>
    <Query type="disk">/tmp/test-disk-big/43/43</Query>
  </Pair>
  <Pair reval="1d">
    <File perm="0444">/43/44</File>
    <Query type="disk">/tmp/test-disk-big/43/44</Query>
  </Pair>
  <Pair reval="1d">
    <File perm="0444">/43/45</File>
    <Query type="disk">/tmp/test-disk-big/43/45</Query>
  </Pair>
  <Pair reval="1d">
    <File perm="0444">/43/46</File>
    <Query type="disk">/tmp/test-disk-big/43/46</Query>
  </Pair>
  <Pair reval="1d">
    <File perm="0444">/43/47</File>
    <Query type="disk">/tmp/test-disk-big/43/47</Query>
  </Pair>
  <Pair reval="1d">
    <File perm="0444">/43/48</File>
    <Query type="disk">/tmp/test-disk-big/43/48</Query>
  </Pair>
  <Pair reval="1d">
    <File perm="0444">/43/49</File>
    <Query type="disk">/tmp/test-disk-big/43/49</Query>
  </Pair>
  <Pair reval="1d">
    <File perm="0444">/43/5</File>
    <Query type="disk">/tmp/test-disk-big/43/5</Query>
  </Pair>
  <Pair reval="1d">
    <File perm="0444">/43/50</File>
    <Query type="disk">/tmp/test-disk-big/43/50</Query>
  </Pair>
  <Pair reval="1d">
    <File perm="0444">/43/51</File>
    <Query type="disk">/tmp/test-disk-big/43/51</Query>
  </Pair>
  <Pair reval="1d">
    <File perm="0444">/43/52</File>
    <Query type="disk">/tmp/test-disk-big/43/52</Query>
  </Pair>
  <Pair reval="1d">
    <File perm="0444">/43/53</File>
    <Query type="disk">/tmp/test-disk-big/43/53</Query>
  </Pair>
  <Pair reval="1d">
    <File perm="0444">/43/54</File>
    <Query type="disk">/tmp/test-disk-big/43/54</Query>
  </Pair>
  <Pair reval="1d">
    <File perm="0444">/43/55</File>
    <Query type="disk">/tmp/test-disk-big/43/55</Query>
  </Pair>
  <Pair reval="1d">
    <File perm="0444">/43/56</File>
    <Query type="disk">/tmp/test-disk-big/43/56</Query>
  </Pair>
  <Pair reval="1d">
    <File perm="0444">/43/57</File>
    <Query type="disk">/tmp/test-disk-big/43/57</Query>
  </Pair>
  <Pair reval="1d">
    <File perm="0444">/43/58</File>
    <Query type="disk">/tmp/test-disk-big/43/58</Query>
  </Pair>
  <Pair reval="1d">
    <File perm="0444">/43/59</File>
    <Query type="disk">/tmp/test-disk-big/43/59</Query>
  </Pair>
  <Pair reval="1d">
    <File perm="0444">/43/6</File>
    <Query type="disk">/tmp/test-disk-big/43/6</Query>
  </Pair>
  <Pair reval="1d">
    <File perm="0444">/43/60</File>
    <Query type="disk">/tmp/test-disk-big/43/60</Query>
  </Pair>
  <Pair reval="1d">
    <File perm="0444">/43/61</File>
    <Query type="disk">/tmp/test-disk-big/43/61</Query>
  </Pair>
  <Pair reval="1d">
    <File perm="0444">/43/62</File>
    <Query type="disk">/tmp/test-disk-big/43/62</Query>
  </Pair>
  <Pair reval="1d">
    <File perm="0444">/43/63</File>
    <Query type="disk">/tmp/test-disk-big/43/63</Query>
  </Pair>
  <Pair reval="1d">
    <File perm="0444">/43/64</File>
    <Query type="disk">/tmp/test-disk-big/43/64</Query>
  </Pair>
  <Pair reval="1d">
    <File perm="0444">/43/65</File>
    <Query type="disk">/tmp/test-disk-big/43/65</Query>
  </Pair>
  <Pair reval="1d">
    <File perm="0444">/43/66</File>
    <Query type="disk">/tmp/test-disk-big/43/66</Query>
  </Pair>
  <Pair reval="1d">
    <File perm="0444">/43/67</File>
    <Query type="disk">/tmp/test-disk-big/43/67</Query>
  </Pair>
  <Pair reval="1d">
    <File perm="0444">/43/68</File>
    <Query type="disk">/tmp/test-disk-big/43/68</Query>
  </Pair>
  <Pair reval="1d">
    <File perm="0444">/43/69</File>
    <Query type="disk">/tmp/test-disk-big/43/69</Query>
  </Pair>
  <Pair reval="1d">
    <File perm="0444">/43/7</File>
    <Query type="disk">/tmp/test-disk-big/43/7</Query>
  </Pair>
  <Pair reval="1d">
    <File perm="0444">/43/70</File>
    <Query type="disk">/tmp/test-disk-big/43/70</Query>
  </Pair>
  <Pair reval="1d">
    <File perm="0444">/43/71</File>
    <Query type="disk">/tmp/test-disk-big/43/71</Query>
  </Pair>
  <Pair reval="1d">
    <File perm="0444">/43/72</File>
    <Query type="disk">/tmp/test-disk-big/43/72</Query>
  </Pair>
  <Pair reval="1d">
    <File perm="0444">/43/73</File>
    <Query type="disk">/tmp/test-disk-big/43/73</Query>
  </Pair>
  <Pair reval="1d">
    <File perm="0444">/43/74</File>
    <Query type="disk">/tmp/test-disk-big/43/74</Query>
  </Pair>
  <Pair reval="1d">
    <File perm="0444">/43/75</File>
    <Query type="disk">/tmp/test-disk-big/43/75</Query>
  </Pair>
  <Pair reval="1d">
    <File perm="0444">/43/76</File>
    <Query type="disk">/tmp/test-disk-big/43/76</Query>
  </Pair>
  <Pair reval="1d">
    <File perm="0444">/43/77</File>
    <Query type="disk">/tmp/test-disk-big/43/77</Query>
  </Pair>
  <Pair reval="1d">
    <File perm="0444">/43/78</File>
    <Query type="disk">/tmp/test-disk-big/43/78</Query>
  </Pair>
  <Pair reval="1d">
    <File perm="0444">/43/79</File>
    <Query type="disk">/tmp/test-disk-big/43/79</Query>
  </Pair>
  <Pair reval="1d">
    <File perm="0444">/43/8</File>
    <Query type="disk">/tmp/test-disk-big/43/8</Query>
  </Pair>
  <Pair reval="1d">
    <File perm="0444">/43/80</File>
    <Query type="disk">/tmp/test-disk-big/43/80</Query>
  </Pair>
  <Pair reval="1d">
    <File perm="0444">/43/81</File>
    <Query type="disk">/tmp/test-disk-big/43/81</Query>
  </Pair>
  <Pair reval="1d">
    <File perm="0444">/43/82</File>
    <Query type="disk">/tmp/test-disk-big/43/82</Query>
  </Pair>
  <Pair reval="1d">
    <File perm="0444">/43/83</File>
    <Query type="disk">/tmp/test-disk-big/43/83</Query>
  </Pair>
  <Pair reval="1d">
    <File perm="0444">/43/84</File>
    <Query type="disk">/tmp/test-disk-big/43/84</Query>
  </Pair>
  <Pair reval="1d">
    <File perm="0444">/43/85</File>
    <Query type="disk">/tmp/test-disk-big/43/85</Query>
  </Pair>
  <Pair reval="1d">
    <File perm="0444">/43/86</File>
    <Query type="disk">/tmp/test-disk-big/43/86</Query>
  </Pair>
  <Pair reval="1d">
    <File perm="0444">/43/87</File>
    <Query type="disk">/tmp/test-disk-big/43/87</Query>
  </Pair>
  <Pair reval="1d">
    <File perm="0444">/43/88</File>
    <Query type="disk">/tmp/test-disk-big/43/88</Query>
  </Pair>
  <Pair reval="1d">
    <File perm="0444">/43/89</File>
    <Query type="disk">/tmp/test-disk-big/43/89</Query>
  </Pair>
  <Pair reval="1d">
    <File perm="0444">/43/9</File>
    <Query type="disk">/tmp/test-disk-big/43/9</Query>
  </Pair>
  <Pair reval="1d">
    <File perm="0444">/43/90</File>
    <Query type="disk">/tmp/test-disk-big/43/90</Query>
  </Pair>
  <Pair reval="1d">
    <File perm="0444">/43/91</File>
    <Query type="disk">/tmp/test-disk-big/43/91</Query>
  </Pair>
  <Pair reval="1d">
    <File perm="0444">/43/92</File>
    <Query type="disk">/tmp/test-disk-big/43/92</Query>
  </Pair>
  <Pair reval="1d">
    <File perm="0444">/43/93</File>
    <Query type="disk">/tmp/test-disk-big/43/93</Query>
  </Pair>
  <Pair reval="1d">
    <File perm="0444">/43/94</File>
    <Query type="disk">/tmp/test-disk-big/43/94</Query>
  </Pair>
  <Pair reval="1d">
    <File perm="0444">/43/95</File>
    <Query type="disk">/tmp/test-disk-big/43/95</Query>
  </Pair>
  <Pair reval="1d">
    <File perm="0444">/43/96</File>
    <Query type="disk">/tmp/test-disk-big/43/96</Query>
  </Pair>
  <Pair reval="1d">
    <File perm="0444">/43/97</File>
    <Query type="disk">/tmp/test-disk-big/43/97</Query>
  </Pair>
  <Pair reval="1d">
    <File perm="0444">/43/98</File>
    <Query type="disk">/tmp/test-disk-big/43/98</Query>
  </Pair>
  <Pair reval="1d">
    <File perm="0444">/43/99</File>
    <Query type="disk">/tmp/test-disk-big/43/99</Query>
  </Pair>
  <Pair reval="1d">
    <Dir perm="0555">/44</Dir>
    <Query type="disk"></Query>
  </Pair>
  <Pair reval="1d">
    <File perm="0444">/44/1</File>
    <Query type="disk">/tmp/test-disk-big/44/1</Query>
  </Pair>
  <Pair reval="1d">
    <File perm="0444">/44/10</File>
    <Query type="disk">/tmp/test-disk-big/44/10</Query>
  </Pair>
  <Pair reval="1d">
    <File perm="0444">/44/100</File>
    <Query type="disk">/tmp/test-disk-big/44/100</Query>
  </Pair>
  <Pair reval="1d">
    <File perm="0444">/44/11</File>
    <Query type="disk">/tmp/test-disk-big/44/11</Query>
  </Pair>
  <Pair reval="1d">
    <File perm="0444">/44/12</File>
    <Query type="disk">/tmp/test-disk-big/44/12</Query>
  </Pair>
  <Pair reval="1d">
    <File perm="0444">/44/13</File>
    <Query type="disk">/tmp/test-disk-big/44/13</Query>
  </Pair>
  <Pair reval="1d">
    <File perm="0444">/44/14</File>
    <Query type="disk">/tmp/test-disk-big/44/14</Query>
  </Pair>
  <Pair reval="1d">
    <File perm="0444">/44/15</File>
    <Query type="disk">/tmp/test-disk-big/44/15</Query>
  </Pair>
  <Pair reval="1d">
    <File perm="0444">/44/16</File>
    <Query type="disk">/tmp/test-disk-big/44/16</Query>
  </Pair>
  <Pair reval="1d">
    <File perm="0444">/44/17</File>
    <Query type="disk">/tmp/test-disk-big/44/17</Query>
  </Pair>
  <Pair reval="1d">
    <File perm="0444">/44/18</File>
    <Query type="disk">/tmp/test-disk-big/44/18</Query>
  </Pair>
  <Pair reval="1d">
    <File perm="0444">/44/19</File>
    <Query type="disk">/tmp/test-disk-big/44/19</Query>
  </Pair>
  <Pair reval="1d">
    <File perm="0444">/44/2</File>
    <Query type="disk">/tmp/test-disk-big/44/2</Query>
  </Pair>
  <Pair reval="1d">
    <File perm="0444">/44/20</File>
    <Query type="disk">/tmp/test-disk-big/44/20</Query>
  </Pair>
  <Pair reval="1d">
    <File perm="0444">/44/21</File>
    <Query type="disk">/tmp/test-disk-big/44/21</Query>
  </Pair>
  <Pair reval="1d">
    <File perm="0444">/44/22</File>
    <Query type="disk">/tmp/test-disk-big/44/22</Query>
  </Pair>
  <Pair reval="1d">
    <File perm="0444">/44/23</File>
    <Query type="disk">/tmp/test-disk-big/44/23</Query>
  </Pair>
  <Pair reval="1d">
    <File perm="0444">/44/24</File>
    <Query type="disk">/tmp/test-disk-big/44/24</Query>
  </Pair>
  <Pair reval="1d">
    <File perm="0444">/44/25</File>
    <Query type="disk">/tmp/test-disk-big/44/25</Query>
  </Pair>
  <Pair reval="1d">
    <File perm="0444">/44/26</File>
    <Query type="disk">/tmp/test-disk-big/44/26</Query>
  </Pair>
  <Pair reval="1d">
    <File perm="0444">/44/27</File>
    <Query type="disk">/tmp/test-disk-big/44/27</Query>
  </Pair>
  <Pair reval="1d">
    <File perm="0444">/44/28</File>
    <Query type="disk">/tmp/test-disk-big/44/28</Query>
  </Pair>
  <Pair reval="1d">
    <File perm="0444">/44/29</File>
    <Query type="disk">/tmp/test-disk-big/44/29</Query>
  </Pair>
  <Pair reval="1d">
    <File perm="0444">/44/3</File>
    <Query type="disk">/tmp/test-disk-big/44/3</Query>
  </Pair>
  <Pair reval="1d">
    <File perm="0444">/44/30</File>
    <Query type="disk">/tmp/test-disk-big/44/30</Query>
  </Pair>
  <Pair reval="1d">
    <File perm="0444">/44/31</File>
    <Query type="disk">/tmp/test-disk-big/44/31</Query>
  </Pair>
  <Pair reval="1d">
    <File perm="0444">/44/32</File>
    <Query type="disk">/tmp/test-disk-big/44/32</Query>
  </Pair>
  <Pair reval="1d">
    <File perm="0444">/44/33</File>
    <Query type="disk">/tmp/test-disk-big/44/33</Query>
  </Pair>
  <Pair reval="1d">
    <File perm="0444">/44/34</File>
    <Query type="disk">/tmp/test-disk-big/44/34</Query>
  </Pair>
  <Pair reval="1d">
    <File perm="0444">/44/35</File>
    <Query type="disk">/tmp/test-disk-big/44/35</Query>
  </Pair>
  <Pair reval="1d">
    <File perm="0444">/44/36</File>
    <Query type="disk">/tmp/test-disk-big/44/36</Query>
  </Pair>
  <Pair reval="1d">
    <File perm="0444">/44/37</File>
    <Query type="disk">/tmp/test-disk-big/44/37</Query>
  </Pair>
  <Pair reval="1d">
    <File perm="0444">/44/38</File>
    <Query type="disk">/tmp/test-disk-big/44/38</Query>
  </Pair>
  <Pair reval="1d">
    <File perm="0444">/44/39</File>
    <Query type="disk">/tmp/test-disk-big/44/39</Query>
  </Pair>
  <Pair reval="1d">
    <File perm="0444">/44/4</File>
    <Query type="disk">/tmp/test-disk-big/44/4</Query>
  </Pair>
  <Pair reval="1d">
    <File perm="0444">/44/40</File>
    <Query type="disk">/tmp/test-disk-big/44/40</Query>
  </Pair>
  <Pair reval="1d">
    <File perm="0444">/44/41</File>
    <Query type="disk">/tmp/test-disk-big/44/41</Query>
  </Pair>
  <Pair reval="1d">
    <File perm="0444">/44/42</File>
    <Query type="disk">/tmp/test-disk-big/44/42</Query>
  </Pair>
  <Pair reval="1d">
    <File perm="0444">/44/43</File>
    <Query type="disk">/tmp/test-disk-big/44/43</Query>
  </Pair>
  <Pair reval="1d">
    <File perm="0444">/44/44</File>
    <Query type="disk">/tmp/test-disk-big/44/44</Query>
  </Pair>
  <Pair reval="1d">
    <File perm="0444">/44/45</File>
    <Query type="disk">/tmp/test-disk-big/44/45</Query>
  </Pair>
  <Pair reval="1d">
    <File perm="0444">/44/46</File>
    <Query type="disk">/tmp/test-disk-big/44/46</Query>
  </Pair>
  <Pair reval="1d">
    <File perm="0444">/44/47</File>
    <Query type="disk">/tmp/test-disk-big/44/47</Query>
  </Pair>
  <Pair reval="1d">
    <File perm="0444">/44/48</File>
    <Query type="disk">/tmp/test-disk-big/44/48</Query>
  </Pair>
  <Pair reval="1d">
    <File perm="0444">/44/49</File>
    <Query type="disk">/tmp/test-disk-big/44/49</Query>
  </Pair>
  <Pair reval="1d">
    <File perm="0444">/44/5</File>
    <Query type="disk">/tmp/test-disk-big/44/5</Query>
  </Pair>
  <Pair reval="1d">
    <File perm="0444">/44/50</File>
    <Query type="disk">/tmp/test-disk-big/44/50</Query>
  </Pair>
  <Pair reval="1d">
    <File perm="0444">/44/51</File>
    <Query type="disk">/tmp/test-disk-big/44/51</Query>
  </Pair>
  <Pair reval="1d">
    <File perm="0444">/44/52</File>
    <Query type="disk">/tmp/test-disk-big/44/52</Query>
  </Pair>
  <Pair reval="1d">
    <File perm="0444">/44/53</File>
    <Query type="disk">/tmp/test-disk-big/44/53</Query>
  </Pair>
  <Pair reval="1d">
    <File perm="0444">/44/54</File>
    <Query type="disk">/tmp/test-disk-big/44/54</Query>
  </Pair>
  <Pair reval="1d">
    <File perm="0444">/44/55</File>
    <Query type="disk">/tmp/test-disk-big/44/55</Query>
  </Pair>
  <Pair reval="1d">
    <File perm="0444">/44/56</File>
    <Query type="disk">/tmp/test-disk-big/44/56</Query>
  </Pair>
  <Pair reval="1d">
    <File perm="0444">/44/57</File>
    <Query type="disk">/tmp/test-disk-big/44/57</Query>
  </Pair>
  <Pair reval="1d">
    <File perm="0444">/44/58</File>
    <Query type="disk">/tmp/test-disk-big/44/58</Query>
  </Pair>
  <Pair reval="1d">
    <File perm="0444">/44/59</File>
    <Query type="disk">/tmp/test-disk-big/44/59</Query>
  </Pair>
  <Pair reval="1d">
    <File perm="0444">/44/6</File>
    <Query type="disk">/tmp/test-disk-big/44/6</Query>
  </Pair>
  <Pair reval="1d">
    <File perm="0444">/44/60</File>
    <Query type="disk">/tmp/test-disk-big/44/60</Query>
  </Pair>
  <Pair reval="1d">
    <File perm="0444">/44/61</File>
    <Query type="disk">/tmp/test-disk-big/44/61</Query>
  </Pair>
  <Pair reval="1d">
    <File perm="0444">/44/62</File>
    <Query type="disk">/tmp/test-disk-big/44/62</Query>
  </Pair>
  <Pair reval="1d">
    <File perm="0444">/44/63</File>
    <Query type="disk">/tmp/test-disk-big/44/63</Query>
  </Pair>
  <Pair reval="1d">
    <File perm="0444">/44/64</File>
    <Query type="disk">/tmp/test-disk-big/44/64</Query>
  </Pair>
  <Pair reval="1d">
    <File perm="0444">/44/65</File>
    <Query type="disk">/tmp/test-disk-big/44/65</Query>
  </Pair>
  <Pair reval="1d">
    <File perm="0444">/44/66</File>
    <Query type="disk">/tmp/test-disk-big/44/66</Query>
  </Pair>
  <Pair reval="1d">
    <File perm="0444">/44/67</File>
    <Query type="disk">/tmp/test-disk-big/44/67</Query>
  </Pair>
  <Pair reval="1d">
    <File perm="0444">/44/68</File>
    <Query type="disk">/tmp/test-disk-big/44/68</Query>
  </Pair>
  <Pair reval="1d">
    <File perm="0444">/44/69</File>
    <Query type="disk">/tmp/test-disk-big/44/69</Query>
  </Pair>
  <Pair reval="1d">
    <File perm="0444">/44/7</File>
    <Query type="disk">/tmp/test-disk-big/44/7</Query>
  </Pair>
  <Pair reval="1d">
    <File perm="0444">/44/70</File>
    <Query type="disk">/tmp/test-disk-big/44/70</Query>
  </Pair>
  <Pair reval="1d">
    <File perm="0444">/44/71</File>
    <Query type="disk">/tmp/test-disk-big/44/71</Query>
  </Pair>
  <Pair reval="1d">
    <File perm="0444">/44/72</File>
    <Query type="disk">/tmp/test-disk-big/44/72</Query>
  </Pair>
  <Pair reval="1d">
    <File perm="0444">/44/73</File>
    <Query type="disk">/tmp/test-disk-big/44/73</Query>
  </Pair>
  <Pair reval="1d">
    <File perm="0444">/44/74</File>
    <Query type="disk">/tmp/test-disk-big/44/74</Query>
  </Pair>
  <Pair reval="1d">
    <File perm="0444">/44/75</File>
    <Query type="disk">/tmp/test-disk-big/44/75</Query>
  </Pair>
  <Pair reval="1d">
    <File perm="0444">/44/76</File>
    <Query type="disk">/tmp/test-disk-big/44/76</Query>
  </Pair>
  <Pair reval="1d">
    <File perm="0444">/44/77</File>
    <Query type="disk">/tmp/test-disk-big/44/77</Query>
  </Pair>
  <Pair reval="1d">
    <File perm="0444">/44/78</File>
    <Query type="disk">/tmp/test-disk-big/44/78</Query>
  </Pair>
  <Pair reval="1d">
    <File perm="0444">/44/79</File>
    <Query type="disk">/tmp/test-disk-big/44/79</Query>
  </Pair>
  <Pair reval="1d">
    <File perm="0444">/44/8</File>
    <Query type="disk">/tmp/test-disk-big/44/8</Query>
  </Pair>
  <Pair reval="1d">
    <File perm="0444">/44/80</File>
    <Query type="disk">/tmp/test-disk-big/44/80</Query>
  </Pair>
  <Pair reval="1d">
    <File perm="0444">/44/81</File>
    <Query type="disk">/tmp/test-disk-big/44/81</Query>
  </Pair>
  <Pair reval="1d">
    <File perm="0444">/44/82</File>
    <Query type="disk">/tmp/test-disk-big/44/82</Query>
  </Pair>
  <Pair reval="1d">
    <File perm="0444">/44/83</File>
    <Query type="disk">/tmp/test-disk-big/44/83</Query>
  </Pair>
  <Pair reval="1d">
    <File perm="0444">/44/84</File>
    <Query type="disk">/tmp/test-disk-big/44/84</Query>
  </Pair>
  <Pair reval="1d">
    <File perm="0444">/44/85</File>
    <Query type="disk">/tmp/test-disk-big/44/85</Query>
  </Pair>
  <Pair reval="1d">
    <File perm="0444">/44/86</File>
    <Query type="disk">/tmp/test-disk-big/44/86</Query>
  </Pair>
  <Pair reval="1d">
    <File perm="0444">/44/87</File>
    <Query type="disk">/tmp/test-disk-big/44/87</Query>
  </Pair>
  <Pair reval="1d">
    <File perm="0444">/44/88</File>
    <Query type="disk">/tmp/test-disk-big/44/88</Query>
  </Pair>
  <Pair reval="1d">
    <File perm="0444">/44/89</File>
    <Query type="disk">/tmp/test-disk-big/44/89</Query>
  </Pair>
  <Pair reval="1d">
    <File perm="0444">/44/9</File>
    <Query type="disk">/tmp/test-disk-big/44/9</Query>
  </Pair>
  <Pair reval="1d">
    <File perm="0444">/44/90</File>
    <Query type="disk">/tmp/test-disk-big/44/90</Query>
  </Pair>
  <Pair reval="1d">
    <File perm="0444">/44/91</File>
    <Query type="disk">/tmp/test-disk-big/44/91</Query>
  </Pair>
  <Pair reval="1d">
    <File perm="0444">/44/92</File>
    <Query type="disk">/tmp/test-disk-big/44/92</Query>
  </Pair>
  <Pair reval="1d">
    <File perm="0444">/44/93</File>
    <Query type="disk">/tmp/test-disk-big/44/93</Query>
  </Pair>
  <Pair reval="1d">
    <File perm="0444">/44/94</File>
    <Query type="disk">/tmp/test-disk-big/44/94</Query>
  </Pair>
  <Pair reval="1d">
    <File perm="0444">/44/95</File>
    <Query type="disk">/tmp/test-disk-big/44/95</Query>
  </Pair>
  <Pair reval="1d">
    <File perm="0444">/44/96</File>
    <Query type="disk">/tmp/test-disk-big/44/96</Query>
  </Pair>
  <Pair reval="1d">
    <File perm="0444">/44/97</File>
    <Query type="disk">/tmp/test-disk-big/44/97</Query>
  </Pair>
  <Pair reval="1d">
    <File perm="0444">/44/98</File>
    <Query type="disk">/tmp/test-disk-big/44/98</Query>
  </Pair>
  <Pair reval="1d">
    <File perm="0444">/44/99</File>
    <Query type="disk">/tmp/test-disk-big/44/99</Query>
  </Pair>
  <Pair reval="1d">
    <Dir perm="0555">/45</Dir>
    <Query type="disk"></Query>
  </Pair>
  <Pair reval="1d">
    <File perm="0444">/45/1</File>
    <Query type="disk">/tmp/test-disk-big/45/1</Query>
  </Pair>
  <Pair reval="1d">
    <File perm="0444">/45/10</File>
    <Query type="disk">/tmp/test-disk-big/45/10</Query>
  </Pair>
  <Pair reval="1d">
    <File perm="0444">/45/100</File>
    <Query type="disk">/tmp/test-disk-big/45/100</Query>
  </Pair>
  <Pair reval="1d">
    <File perm="0444">/45/11</File>
    <Query type="disk">/tmp/test-disk-big/45/11</Query>
  </Pair>
  <Pair reval="1d">
    <File perm="0444">/45/12</File>
    <Query type="disk">/tmp/test-disk-big/45/12</Query>
  </Pair>
  <Pair reval="1d">
    <File perm="0444">/45/13</File>
    <Query type="disk">/tmp/test-disk-big/45/13</Query>
  </Pair>
  <Pair reval="1d">
    <File perm="0444">/45/14</File>
    <Query type="disk">/tmp/test-disk-big/45/14</Query>
  </Pair>
  <Pair reval="1d">
    <File perm="0444">/45/15</File>
    <Query type="disk">/tmp/test-disk-big/45/15</Query>
  </Pair>
  <Pair reval="1d">
    <File perm="0444">/45/16</File>
    <Query type="disk">/tmp/test-disk-big/45/16</Query>
  </Pair>
  <Pair reval="1d">
    <File perm="0444">/45/17</File>
    <Query type="disk">/tmp/test-disk-big/45/17</Query>
  </Pair>
  <Pair reval="1d">
    <File perm="0444">/45/18</File>
    <Query type="disk">/tmp/test-disk-big/45/18</Query>
  </Pair>
  <Pair reval="1d">
    <File perm="0444">/45/19</File>
    <Query type="disk">/tmp/test-disk-big/45/19</Query>
  </Pair>
  <Pair reval="1d">
    <File perm="0444">/45/2</File>
    <Query type="disk">/tmp/test-disk-big/45/2</Query>
  </Pair>
  <Pair reval="1d">
    <File perm="0444">/45/20</File>
    <Query type="disk">/tmp/test-disk-big/45/20</Query>
  </Pair>
  <Pair reval="1d">
    <File perm="0444">/45/21</File>
    <Query type="disk">/tmp/test-disk-big/45/21</Query>
  </Pair>
  <Pair reval="1d">
    <File perm="0444">/45/22</File>
    <Query type="disk">/tmp/test-disk-big/45/22</Query>
  </Pair>
  <Pair reval="1d">
    <File perm="0444">/45/23</File>
    <Query type="disk">/tmp/test-disk-big/45/23</Query>
  </Pair>
  <Pair reval="1d">
    <File perm="0444">/45/24</File>
    <Query type="disk">/tmp/test-disk-big/45/24</Query>
  </Pair>
  <Pair reval="1d">
    <File perm="0444">/45/25</File>
    <Query type="disk">/tmp/test-disk-big/45/25</Query>
  </Pair>
  <Pair reval="1d">
    <File perm="0444">/45/26</File>
    <Query type="disk">/tmp/test-disk-big/45/26</Query>
  </Pair>
  <Pair reval="1d">
    <File perm="0444">/45/27</File>
    <Query type="disk">/tmp/test-disk-big/45/27</Query>
  </Pair>
  <Pair reval="1d">
    <File perm="0444">/45/28</File>
    <Query type="disk">/tmp/test-disk-big/45/28</Query>
  </Pair>
  <Pair reval="1d">
    <File perm="0444">/45/29</File>
    <Query type="disk">/tmp/test-disk-big/45/29</Query>
  </Pair>
  <Pair reval="1d">
    <File perm="0444">/45/3</File>
    <Query type="disk">/tmp/test-disk-big/45/3</Query>
  </Pair>
  <Pair reval="1d">
    <File perm="0444">/45/30</File>
    <Query type="disk">/tmp/test-disk-big/45/30</Query>
  </Pair>
  <Pair reval="1d">
    <File perm="0444">/45/31</File>
    <Query type="disk">/tmp/test-disk-big/45/31</Query>
  </Pair>
  <Pair reval="1d">
    <File perm="0444">/45/32</File>
    <Query type="disk">/tmp/test-disk-big/45/32</Query>
  </Pair>
  <Pair reval="1d">
    <File perm="0444">/45/33</File>
    <Query type="disk">/tmp/test-disk-big/45/33</Query>
  </Pair>
  <Pair reval="1d">
    <File perm="0444">/45/34</File>
    <Query type="disk">/tmp/test-disk-big/45/34</Query>
  </Pair>
  <Pair reval="1d">
    <File perm="0444">/45/35</File>
    <Query type="disk">/tmp/test-disk-big/45/35</Query>
  </Pair>
  <Pair reval="1d">
    <File perm="0444">/45/36</File>
    <Query type="disk">/tmp/test-disk-big/45/36</Query>
  </Pair>
  <Pair reval="1d">
    <File perm="0444">/45/37</File>
    <Query type="disk">/tmp/test-disk-big/45/37</Query>
  </Pair>
  <Pair reval="1d">
    <File perm="0444">/45/38</File>
    <Query type="disk">/tmp/test-disk-big/45/38</Query>
  </Pair>
  <Pair reval="1d">
    <File perm="0444">/45/39</File>
    <Query type="disk">/tmp/test-disk-big/45/39</Query>
  </Pair>
  <Pair reval="1d">
    <File perm="0444">/45/4</File>
    <Query type="disk">/tmp/test-disk-big/45/4</Query>
  </Pair>
  <Pair reval="1d">
    <File perm="0444">/45/40</File>
    <Query type="disk">/tmp/test-disk-big/45/40</Query>
  </Pair>
  <Pair reval="1d">
    <File perm="0444">/45/41</File>
    <Query type="disk">/tmp/test-disk-big/45/41</Query>
  </Pair>
  <Pair reval="1d">
    <File perm="0444">/45/42</File>
    <Query type="disk">/tmp/test-disk-big/45/42</Query>
  </Pair>
  <Pair reval="1d">
    <File perm="0444">/45/43</File>
    <Query type="disk">/tmp/test-disk-big/45/43</Query>
  </Pair>
  <Pair reval="1d">
    <File perm="0444">/45/44</File>
    <Query type="disk">/tmp/test-disk-big/45/44</Query>
  </Pair>
  <Pair reval="1d">
    <File perm="0444">/45/45</File>
    <Query type="disk">/tmp/test-disk-big/45/45</Query>
  </Pair>
  <Pair reval="1d">
    <File perm="0444">/45/46</File>
    <Query type="disk">/tmp/test-disk-big/45/46</Query>
  </Pair>
  <Pair reval="1d">
    <File perm="0444">/45/47</File>
    <Query type="disk">/tmp/test-disk-big/45/47</Query>
  </Pair>
  <Pair reval="1d">
    <File perm="0444">/45/48</File>
    <Query type="disk">/tmp/test-disk-big/45/48</Query>
  </Pair>
  <Pair reval="1d">
    <File perm="0444">/45/49</File>
    <Query type="disk">/tmp/test-disk-big/45/49</Query>
  </Pair>
  <Pair reval="1d">
    <File perm="0444">/45/5</File>
    <Query type="disk">/tmp/test-disk-big/45/5</Query>
  </Pair>
  <Pair reval="1d">
    <File perm="0444">/45/50</File>
    <Query type="disk">/tmp/test-disk-big/45/50</Query>
  </Pair>
  <Pair reval="1d">
    <File perm="0444">/45/51</File>
    <Query type="disk">/tmp/test-disk-big/45/51</Query>
  </Pair>
  <Pair reval="1d">
    <File perm="0444">/45/52</File>
    <Query type="disk">/tmp/test-disk-big/45/52</Query>
  </Pair>
  <Pair reval="1d">
    <File perm="0444">/45/53</File>
    <Query type="disk">/tmp/test-disk-big/45/53</Query>
  </Pair>
  <Pair reval="1d">
    <File perm="0444">/45/54</File>
    <Query type="disk">/tmp/test-disk-big/45/54</Query>
  </Pair>
  <Pair reval="1d">
    <File perm="0444">/45/55</File>
    <Query type="disk">/tmp/test-disk-big/45/55</Query>
  </Pair>
  <Pair reval="1d">
    <File perm="0444">/45/56</File>
    <Query type="disk">/tmp/test-disk-big/45/56</Query>
  </Pair>
  <Pair reval="1d">
    <File perm="0444">/45/57</File>
    <Query type="disk">/tmp/test-disk-big/45/57</Query>
  </Pair>
  <Pair reval="1d">
    <File perm="0444">/45/58</File>
    <Query type="disk">/tmp/test-disk-big/45/58</Query>
  </Pair>
  <Pair reval="1d">
    <File perm="0444">/45/59</File>
    <Query type="disk">/tmp/test-disk-big/45/59</Query>
  </Pair>
  <Pair reval="1d">
    <File perm="0444">/45/6</File>
    <Query type="disk">/tmp/test-disk-big/45/6</Query>
  </Pair>
  <Pair reval="1d">
    <File perm="0444">/45/60</File>
    <Query type="disk">/tmp/test-disk-big/45/60</Query>
  </Pair>
  <Pair reval="1d">
    <File perm="0444">/45/61</File>
    <Query type="disk">/tmp/test-disk-big/45/61</Query>
  </Pair>
  <Pair reval="1d">
    <File perm="0444">/45/62</File>
    <Query type="disk">/tmp/test-disk-big/45/62</Query>
  </Pair>
  <Pair reval="1d">
    <File perm="0444">/45/63</File>
    <Query type="disk">/tmp/test-disk-big/45/63</Query>
  </Pair>
  <Pair reval="1d">
    <File perm="0444">/45/64</File>
    <Query type="disk">/tmp/test-disk-big/45/64</Query>
  </Pair>
  <Pair reval="1d">
    <File perm="0444">/45/65</File>
    <Query type="disk">/tmp/test-disk-big/45/65</Query>
  </Pair>
  <Pair reval="1d">
    <File perm="0444">/45/66</File>
    <Query type="disk">/tmp/test-disk-big/45/66</Query>
  </Pair>
  <Pair reval="1d">
    <File perm="0444">/45/67</File>
    <Query type="disk">/tmp/test-disk-big/45/67</Query>
  </Pair>
  <Pair reval="1d">
    <File perm="0444">/45/68</File>
    <Query type="disk">/tmp/test-disk-big/45/68</Query>
  </Pair>
  <Pair reval="1d">
    <File perm="0444">/45/69</File>
    <Query type="disk">/tmp/test-disk-big/45/69</Query>
  </Pair>
  <Pair reval="1d">
    <File perm="0444">/45/7</File>
    <Query type="disk">/tmp/test-disk-big/45/7</Query>
  </Pair>
  <Pair reval="1d">
    <File perm="0444">/45/70</File>
    <Query type="disk">/tmp/test-disk-big/45/70</Query>
  </Pair>
  <Pair reval="1d">
    <File perm="0444">/45/71</File>
    <Query type="disk">/tmp/test-disk-big/45/71</Query>
  </Pair>
  <Pair reval="1d">
    <File perm="0444">/45/72</File>
    <Query type="disk">/tmp/test-disk-big/45/72</Query>
  </Pair>
  <Pair reval="1d">
    <File perm="0444">/45/73</File>
    <Query type="disk">/tmp/test-disk-big/45/73</Query>
  </Pair>
  <Pair reval="1d">
    <File perm="0444">/45/74</File>
    <Query type="disk">/tmp/test-disk-big/45/74</Query>
  </Pair>
  <Pair reval="1d">
    <File perm="0444">/45/75</File>
    <Query type="disk">/tmp/test-disk-big/45/75</Query>
  </Pair>
  <Pair reval="1d">
    <File perm="0444">/45/76</File>
    <Query type="disk">/tmp/test-disk-big/45/76</Query>
  </Pair>
  <Pair reval="1d">
    <File perm="0444">/45/77</File>
    <Query type="disk">/tmp/test-disk-big/45/77</Query>
  </Pair>
  <Pair reval="1d">
    <File perm="0444">/45/78</File>
    <Query type="disk">/tmp/test-disk-big/45/78</Query>
  </Pair>
  <Pair reval="1d">
    <File perm="0444">/45/79</File>
    <Query type="disk">/tmp/test-disk-big/45/79</Query>
  </Pair>
  <Pair reval="1d">
    <File perm="0444">/45/8</File>
    <Query type="disk">/tmp/test-disk-big/45/8</Query>
  </Pair>
  <Pair reval="1d">
    <File perm="0444">/45/80</File>
    <Query type="disk">/tmp/test-disk-big/45/80</Query>
  </Pair>
  <Pair reval="1d">
    <File perm="0444">/45/81</File>
    <Query type="disk">/tmp/test-disk-big/45/81</Query>
  </Pair>
  <Pair reval="1d">
    <File perm="0444">/45/82</File>
    <Query type="disk">/tmp/test-disk-big/45/82</Query>
  </Pair>
  <Pair reval="1d">
    <File perm="0444">/45/83</File>
    <Query type="disk">/tmp/test-disk-big/45/83</Query>
  </Pair>
  <Pair reval="1d">
    <File perm="0444">/45/84</File>
    <Query type="disk">/tmp/test-disk-big/45/84</Query>
  </Pair>
  <Pair reval="1d">
    <File perm="0444">/45/85</File>
    <Query type="disk">/tmp/test-disk-big/45/85</Query>
  </Pair>
  <Pair reval="1d">
    <File perm="0444">/45/86</File>
    <Query type="disk">/tmp/test-disk-big/45/86</Query>
  </Pair>
  <Pair reval="1d">
    <File perm="0444">/45/87</File>
    <Query type="disk">/tmp/test-disk-big/45/87</Query>
  </Pair>
  <Pair reval="1d">
    <File perm="0444">/45/88</File>
    <Query type="disk">/tmp/test-disk-big/45/88</Query>
  </Pair>
  <Pair reval="1d">
    <File perm="0444">/45/89</File>
    <Query type="disk">/tmp/test-disk-big/45/89</Query>
  </Pair>
  <Pair reval="1d">
    <File perm="0444">/45/9</File>
    <Query type="disk">/tmp/test-disk-big/45/9</Query>
  </Pair>
  <Pair reval="1d">
    <File perm="0444">/45/90</File>
    <Query type="disk">/tmp/test-disk-big/45/90</Query>
  </Pair>
  <Pair reval="1d">
    <File perm="0444">/45/91</File>
    <Query type="disk">/tmp/test-disk-big/45/91</Query>
  </Pair>
  <Pair reval="1d">
    <File perm="0444">/45/92</File>
    <Query type="disk">/tmp/test-disk-big/45/92</Query>
  </Pair>
  <Pair reval="1d">
    <File perm="0444">/45/93</File>
    <Query type="disk">/tmp/test-disk-big/45/93</Query>
  </Pair>
  <Pair reval="1d">
    <File perm="0444">/45/94</File>
    <Query type="disk">/tmp/test-disk-big/45/94</Query>
  </Pair>
  <Pair reval="1d">
    <File perm="0444">/45/95</File>
    <Query type="disk">/tmp/test-disk-big/45/95</Query>
  </Pair>
  <Pair reval="1d">
    <File perm="0444">/45/96</File>
    <Query type="disk">/tmp/test-disk-big/45/96</Query>
  </Pair>
  <Pair reval="1d">
    <File perm="0444">/45/97</File>
    <Query type="disk">/tmp/test-disk-big/45/97</Query>
  </Pair>
  <Pair reval="1d">
    <File perm="0444">/45/98</File>
    <Query type="disk">/tmp/test-disk-big/45/98</Query>
  </Pair>
  <Pair reval="1d">
    <File perm="0444">/45/99</File>
    <Query type="disk">/tmp/test-disk-big/45/99</Query>
  </Pair>
  <Pair reval="1d">
    <Dir perm="0555">/46</Dir>
    <Query type="disk"></Query>
  </Pair>
  <Pair reval="1d">
    <File perm="0444">/46/1</File>
    <Query type="disk">/tmp/test-disk-big/46/1</Query>
  </Pair>
  <Pair reval="1d">
    <File perm="0444">/46/10</File>
    <Query type="disk">/tmp/test-disk-big/46/10</Query>
  </Pair>
  <Pair reval="1d">
    <File perm="0444">/46/100</File>
    <Query type="disk">/tmp/test-disk-big/46/100</Query>
  </Pair>
  <Pair reval="1d">
    <File perm="0444">/46/11</File>
    <Query type="disk">/tmp/test-disk-big/46/11</Query>
  </Pair>
  <Pair reval="1d">
    <File perm="0444">/46/12</File>
    <Query type="disk">/tmp/test-disk-big/46/12</Query>
  </Pair>
  <Pair reval="1d">
    <File perm="0444">/46/13</File>
    <Query type="disk">/tmp/test-disk-big/46/13</Query>
  </Pair>
  <Pair reval="1d">
    <File perm="0444">/46/14</File>
    <Query type="disk">/tmp/test-disk-big/46/14</Query>
  </Pair>
  <Pair reval="1d">
    <File perm="0444">/46/15</File>
    <Query type="disk">/tmp/test-disk-big/46/15</Query>
  </Pair>
  <Pair reval="1d">
    <File perm="0444">/46/16</File>
    <Query type="disk">/tmp/test-disk-big/46/16</Query>
  </Pair>
  <Pair reval="1d">
    <File perm="0444">/46/17</File>
    <Query type="disk">/tmp/test-disk-big/46/17</Query>
  </Pair>
  <Pair reval="1d">
    <File perm="0444">/46/18</File>
    <Query type="disk">/tmp/test-disk-big/46/18</Query>
  </Pair>
  <Pair reval="1d">
    <File perm="0444">/46/19</File>
    <Query type="disk">/tmp/test-disk-big/46/19</Query>
  </Pair>
  <Pair reval="1d">
    <File perm="0444">/46/2</File>
    <Query type="disk">/tmp/test-disk-big/46/2</Query>
  </Pair>
  <Pair reval="1d">
    <File perm="0444">/46/20</File>
    <Query type="disk">/tmp/test-disk-big/46/20</Query>
  </Pair>
  <Pair reval="1d">
    <File perm="0444">/46/21</File>
    <Query type="disk">/tmp/test-disk-big/46/21</Query>
  </Pair>
  <Pair reval="1d">
    <File perm="0444">/46/22</File>
    <Query type="disk">/tmp/test-disk-big/46/22</Query>
  </Pair>
  <Pair reval="1d">
    <File perm="0444">/46/23</File>
    <Query type="disk">/tmp/test-disk-big/46/23</Query>
  </Pair>
  <Pair reval="1d">
    <File perm="0444">/46/24</File>
    <Query type="disk">/tmp/test-disk-big/46/24</Query>
  </Pair>
  <Pair reval="1d">
    <File perm="0444">/46/25</File>
    <Query type="disk">/tmp/test-disk-big/46/25</Query>
  </Pair>
  <Pair reval="1d">
    <File perm="0444">/46/26</File>
    <Query type="disk">/tmp/test-disk-big/46/26</Query>
  </Pair>
  <Pair reval="1d">
    <File perm="0444">/46/27</File>
    <Query type="disk">/tmp/test-disk-big/46/27</Query>
  </Pair>
  <Pair reval="1d">
    <File perm="0444">/46/28</File>
    <Query type="disk">/tmp/test-disk-big/46/28</Query>
  </Pair>
  <Pair reval="1d">
    <File perm="0444">/46/29</File>
    <Query type="disk">/tmp/test-disk-big/46/29</Query>
  </Pair>
  <Pair reval="1d">
    <File perm="0444">/46/3</File>
    <Query type="disk">/tmp/test-disk-big/46/3</Query>
  </Pair>
  <Pair reval="1d">
    <File perm="0444">/46/30</File>
    <Query type="disk">/tmp/test-disk-big/46/30</Query>
  </Pair>
  <Pair reval="1d">
    <File perm="0444">/46/31</File>
    <Query type="disk">/tmp/test-disk-big/46/31</Query>
  </Pair>
  <Pair reval="1d">
    <File perm="0444">/46/32</File>
    <Query type="disk">/tmp/test-disk-big/46/32</Query>
  </Pair>
  <Pair reval="1d">
    <File perm="0444">/46/33</File>
    <Query type="disk">/tmp/test-disk-big/46/33</Query>
  </Pair>
  <Pair reval="1d">
    <File perm="0444">/46/34</File>
    <Query type="disk">/tmp/test-disk-big/46/34</Query>
  </Pair>
  <Pair reval="1d">
    <File perm="0444">/46/35</File>
    <Query type="disk">/tmp/test-disk-big/46/35</Query>
  </Pair>
  <Pair reval="1d">
    <File perm="0444">/46/36</File>
    <Query type="disk">/tmp/test-disk-big/46/36</Query>
  </Pair>
  <Pair reval="1d">
    <File perm="0444">/46/37</File>
    <Query type="disk">/tmp/test-disk-big/46/37</Query>
  </Pair>
  <Pair reval="1d">
    <File perm="0444">/46/38</File>
    <Query type="disk">/tmp/test-disk-big/46/38</Query>
  </Pair>
  <Pair reval="1d">
    <File perm="0444">/46/39</File>
    <Query type="disk">/tmp/test-disk-big/46/39</Query>
  </Pair>
  <Pair reval="1d">
    <File perm="0444">/46/4</File>
    <Query type="disk">/tmp/test-disk-big/46/4</Query>
  </Pair>
  <Pair reval="1d">
    <File perm="0444">/46/40</File>
    <Query type="disk">/tmp/test-disk-big/46/40</Query>
  </Pair>
  <Pair reval="1d">
    <File perm="0444">/46/41</File>
    <Query type="disk">/tmp/test-disk-big/46/41</Query>
  </Pair>
  <Pair reval="1d">
    <File perm="0444">/46/42</File>
    <Query type="disk">/tmp/test-disk-big/46/42</Query>
  </Pair>
  <Pair reval="1d">
    <File perm="0444">/46/43</File>
    <Query type="disk">/tmp/test-disk-big/46/43</Query>
  </Pair>
  <Pair reval="1d">
    <File perm="0444">/46/44</File>
    <Query type="disk">/tmp/test-disk-big/46/44</Query>
  </Pair>
  <Pair reval="1d">
    <File perm="0444">/46/45</File>
    <Query type="disk">/tmp/test-disk-big/46/45</Query>
  </Pair>
  <Pair reval="1d">
    <File perm="0444">/46/46</File>
    <Query type="disk">/tmp/test-disk-big/46/46</Query>
  </Pair>
  <Pair reval="1d">
    <File perm="0444">/46/47</File>
    <Query type="disk">/tmp/test-disk-big/46/47</Query>
  </Pair>
  <Pair reval="1d">
    <File perm="0444">/46/48</File>
    <Query type="disk">/tmp/test-disk-big/46/48</Query>
  </Pair>
  <Pair reval="1d">
    <File perm="0444">/46/49</File>
    <Query type="disk">/tmp/test-disk-big/46/49</Query>
  </Pair>
  <Pair reval="1d">
    <File perm="0444">/46/5</File>
    <Query type="disk">/tmp/test-disk-big/46/5</Query>
  </Pair>
  <Pair reval="1d">
    <File perm="0444">/46/50</File>
    <Query type="disk">/tmp/test-disk-big/46/50</Query>
  </Pair>
  <Pair reval="1d">
    <File perm="0444">/46/51</File>
    <Query type="disk">/tmp/test-disk-big/46/51</Query>
  </Pair>
  <Pair reval="1d">
    <File perm="0444">/46/52</File>
    <Query type="disk">/tmp/test-disk-big/46/52</Query>
  </Pair>
  <Pair reval="1d">
    <File perm="0444">/46/53</File>
    <Query type="disk">/tmp/test-disk-big/46/53</Query>
  </Pair>
  <Pair reval="1d">
    <File perm="0444">/46/54</File>
    <Query type="disk">/tmp/test-disk-big/46/54</Query>
  </Pair>
  <Pair reval="1d">
    <File perm="0444">/46/55</File>
    <Query type="disk">/tmp/test-disk-big/46/55</Query>
  </Pair>
  <Pair reval="1d">
    <File perm="0444">/46/56</File>
    <Query type="disk">/tmp/test-disk-big/46/56</Query>
  </Pair>
  <Pair reval="1d">
    <File perm="0444">/46/57</File>
    <Query type="disk">/tmp/test-disk-big/46/57</Query>
  </Pair>
  <Pair reval="1d">
    <File perm="0444">/46/58</File>
    <Query type="disk">/tmp/test-disk-big/46/58</Query>
  </Pair>
  <Pair reval="1d">
    <File perm="0444">/46/59</File>
    <Query type="disk">/tmp/test-disk-big/46/59</Query>
  </Pair>
  <Pair reval="1d">
    <File perm="0444">/46/6</File>
    <Query type="disk">/tmp/test-disk-big/46/6</Query>
  </Pair>
  <Pair reval="1d">
    <File perm="0444">/46/60</File>
    <Query type="disk">/tmp/test-disk-big/46/60</Query>
  </Pair>
  <Pair reval="1d">
    <File perm="0444">/46/61</File>
    <Query type="disk">/tmp/test-disk-big/46/61</Query>
  </Pair>
  <Pair reval="1d">
    <File perm="0444">/46/62</File>
    <Query type="disk">/tmp/test-disk-big/46/62</Query>
  </Pair>
  <Pair reval="1d">
    <File perm="0444">/46/63</File>
    <Query type="disk">/tmp/test-disk-big/46/63</Query>
  </Pair>
  <Pair reval="1d">
    <File perm="0444">/46/64</File>
    <Query type="disk">/tmp/test-disk-big/46/64</Query>
  </Pair>
  <Pair reval="1d">
    <File perm="0444">/46/65</File>
    <Query type="disk">/tmp/test-disk-big/46/65</Query>
  </Pair>
  <Pair reval="1d">
    <File perm="0444">/46/66</File>
    <Query type="disk">/tmp/test-disk-big/46/66</Query>
  </Pair>
  <Pair reval="1d">
    <File perm="0444">/46/67</File>
    <Query type="disk">/tmp/test-disk-big/46/67</Query>
  </Pair>
  <Pair reval="1d">
    <File perm="0444">/46/68</File>
    <Query type="disk">/tmp/test-disk-big/46/68</Query>
  </Pair>
  <Pair reval="1d">
    <File perm="0444">/46/69</File>
    <Query type="disk">/tmp/test-disk-big/46/69</Query>
  </Pair>
  <Pair reval="1d">
    <File perm="0444">/46/7</File>
    <Query type="disk">/tmp/test-disk-big/46/7</Query>
  </Pair>
  <Pair reval="1d">
    <File perm="0444">/46/70</File>
    <Query type="disk">/tmp/test-disk-big/46/70</Query>
  </Pair>
  <Pair reval="1d">
    <File perm="0444">/46/71</File>
    <Query type="disk">/tmp/test-disk-big/46/71</Query>
  </Pair>
  <Pair reval="1d">
    <File perm="0444">/46/72</File>
    <Query type="disk">/tmp/test-disk-big/46/72</Query>
  </Pair>
  <Pair reval="1d">
    <File perm="0444">/46/73</File>
    <Query type="disk">/tmp/test-disk-big/46/73</Query>
  </Pair>
  <Pair reval="1d">
    <File perm="0444">/46/74</File>
    <Query type="disk">/tmp/test-disk-big/46/74</Query>
  </Pair>
  <Pair reval="1d">
    <File perm="0444">/46/75</File>
    <Query type="disk">/tmp/test-disk-big/46/75</Query>
  </Pair>
  <Pair reval="1d">
    <File perm="0444">/46/76</File>
    <Query type="disk">/tmp/test-disk-big/46/76</Query>
  </Pair>
  <Pair reval="1d">
    <File perm="0444">/46/77</File>
    <Query type="disk">/tmp/test-disk-big/46/77</Query>
  </Pair>
  <Pair reval="1d">
    <File perm="0444">/46/78</File>
    <Query type="disk">/tmp/test-disk-big/46/78</Query>
  </Pair>
  <Pair reval="1d">
    <File perm="0444">/46/79</File>
    <Query type="disk">/tmp/test-disk-big/46/79</Query>
  </Pair>
  <Pair reval="1d">
    <File perm="0444">/46/8</File>
    <Query type="disk">/tmp/test-disk-big/46/8</Query>
  </Pair>
  <Pair reval="1d">
    <File perm="0444">/46/80</File>
    <Query type="disk">/tmp/test-disk-big/46/80</Query>
  </Pair>
  <Pair reval="1d">
    <File perm="0444">/46/81</File>
    <Query type="disk">/tmp/test-disk-big/46/81</Query>
  </Pair>
  <Pair reval="1d">
    <File perm="0444">/46/82</File>
    <Query type="disk">/tmp/test-disk-big/46/82</Query>
  </Pair>
  <Pair reval="1d">
    <File perm="0444">/46/83</File>
    <Query type="disk">/tmp/test-disk-big/46/83</Query>
  </Pair>
  <Pair reval="1d">
    <File perm="0444">/46/84</File>
    <Query type="disk">/tmp/test-disk-big/46/84</Query>
  </Pair>
  <Pair reval="1d">
    <File perm="0444">/46/85</File>
    <Query type="disk">/tmp/test-disk-big/46/85</Query>
  </Pair>
  <Pair reval="1d">
    <File perm="0444">/46/86</File>
    <Query type="disk">/tmp/test-disk-big/46/86</Query>
  </Pair>
  <Pair reval="1d">
    <File perm="0444">/46/87</File>
    <Query type="disk">/tmp/test-disk-big/46/87</Query>
  </Pair>
  <Pair reval="1d">
    <File perm="0444">/46/88</File>
    <Query type="disk">/tmp/test-disk-big/46/88</Query>
  </Pair>
  <Pair reval="1d">
    <File perm="0444">/46/89</File>
    <Query type="disk">/tmp/test-disk-big/46/89</Query>
  </Pair>
  <Pair reval="1d">
    <File perm="0444">/46/9</File>
    <Query type="disk">/tmp/test-disk-big/46/9</Query>
  </Pair>
  <Pair reval="1d">
    <File perm="0444">/46/90</File>
    <Query type="disk">/tmp/test-disk-big/46/90</Query>
  </Pair>
  <Pair reval="1d">
    <File perm="0444">/46/91</File>
    <Query type="disk">/tmp/test-disk-big/46/91</Query>
  </Pair>
  <Pair reval="1d">
    <File perm="0444">/46/92</File>
    <Query type="disk">/tmp/test-disk-big/46/92</Query>
  </Pair>
  <Pair reval="1d">
    <File perm="0444">/46/93</File>
    <Query type="disk">/tmp/test-disk-big/46/93</Query>
  </Pair>
  <Pair reval="1d">
    <File perm="0444">/46/94</File>
    <Query type="disk">/tmp/test-disk-big/46/94</Query>
  </Pair>
  <Pair reval="1d">
    <File perm="0444">/46/95</File>
    <Query type="disk">/tmp/test-disk-big/46/95</Query>
  </Pair>
  <Pair reval="1d">
    <File perm="0444">/46/96</File>
    <Query type="disk">/tmp/test-disk-big/46/96</Query>
  </Pair>
  <Pair reval="1d">
    <File perm="0444">/46/97</File>
    <Query type="disk">/tmp/test-disk-big/46/97</Query>
  </Pair>
  <Pair reval="1d">
    <File perm="0444">/46/98</File>
    <Query type="disk">/tmp/test-disk-big/46/98</Query>
  </Pair>
  <Pair reval="1d">
    <File perm="0444">/46/99</File>
    <Query type="disk">/tmp/test-disk-big/46/99</Query>
  </Pair>
  <Pair reval="1d">
    <Dir perm="0555">/47</Dir>
    <Query type="disk"></Query>
  </Pair>
  <Pair reval="1d">
    <File perm="0444">/47/1</File>
    <Query type="disk">/tmp/test-disk-big/47/1</Query>
  </Pair>
  <Pair reval="1d">
    <File perm="0444">/47/10</File>
    <Query type="disk">/tmp/test-disk-big/47/10</Query>
  </Pair>
  <Pair reval="1d">
    <File perm="0444">/47/100</File>
    <Query type="disk">/tmp/test-disk-big/47/100</Query>
  </Pair>
  <Pair reval="1d">
    <File perm="0444">/47/11</File>
    <Query type="disk">/tmp/test-disk-big/47/11</Query>
  </Pair>
  <Pair reval="1d">
    <File perm="0444">/47/12</File>
    <Query type="disk">/tmp/test-disk-big/47/12</Query>
  </Pair>
  <Pair reval="1d">
    <File perm="0444">/47/13</File>
    <Query type="disk">/tmp/test-disk-big/47/13</Query>
  </Pair>
  <Pair reval="1d">
    <File perm="0444">/47/14</File>
    <Query type="disk">/tmp/test-disk-big/47/14</Query>
  </Pair>
  <Pair reval="1d">
    <File perm="0444">/47/15</File>
    <Query type="disk">/tmp/test-disk-big/47/15</Query>
  </Pair>
  <Pair reval="1d">
    <File perm="0444">/47/16</File>
    <Query type="disk">/tmp/test-disk-big/47/16</Query>
  </Pair>
  <Pair reval="1d">
    <File perm="0444">/47/17</File>
    <Query type="disk">/tmp/test-disk-big/47/17</Query>
  </Pair>
  <Pair reval="1d">
    <File perm="0444">/47/18</File>
    <Query type="disk">/tmp/test-disk-big/47/18</Query>
  </Pair>
  <Pair reval="1d">
    <File perm="0444">/47/19</File>
    <Query type="disk">/tmp/test-disk-big/47/19</Query>
  </Pair>
  <Pair reval="1d">
    <File perm="0444">/47/2</File>
    <Query type="disk">/tmp/test-disk-big/47/2</Query>
  </Pair>
  <Pair reval="1d">
    <File perm="0444">/47/20</File>
    <Query type="disk">/tmp/test-disk-big/47/20</Query>
  </Pair>
  <Pair reval="1d">
    <File perm="0444">/47/21</File>
    <Query type="disk">/tmp/test-disk-big/47/21</Query>
  </Pair>
  <Pair reval="1d">
    <File perm="0444">/47/22</File>
    <Query type="disk">/tmp/test-disk-big/47/22</Query>
  </Pair>
  <Pair reval="1d">
    <File perm="0444">/47/23</File>
    <Query type="disk">/tmp/test-disk-big/47/23</Query>
  </Pair>
  <Pair reval="1d">
    <File perm="0444">/47/24</File>
    <Query type="disk">/tmp/test-disk-big/47/24</Query>
  </Pair>
  <Pair reval="1d">
    <File perm="0444">/47/25</File>
    <Query type="disk">/tmp/test-disk-big/47/25</Query>
  </Pair>
  <Pair reval="1d">
    <File perm="0444">/47/26</File>
    <Query type="disk">/tmp/test-disk-big/47/26</Query>
  </Pair>
  <Pair reval="1d">
    <File perm="0444">/47/27</File>
    <Query type="disk">/tmp/test-disk-big/47/27</Query>
  </Pair>
  <Pair reval="1d">
    <File perm="0444">/47/28</File>
    <Query type="disk">/tmp/test-disk-big/47/28</Query>
  </Pair>
  <Pair reval="1d">
    <File perm="0444">/47/29</File>
    <Query type="disk">/tmp/test-disk-big/47/29</Query>
  </Pair>
  <Pair reval="1d">
    <File perm="0444">/47/3</File>
    <Query type="disk">/tmp/test-disk-big/47/3</Query>
  </Pair>
  <Pair reval="1d">
    <File perm="0444">/47/30</File>
    <Query type="disk">/tmp/test-disk-big/47/30</Query>
  </Pair>
  <Pair reval="1d">
    <File perm="0444">/47/31</File>
    <Query type="disk">/tmp/test-disk-big/47/31</Query>
  </Pair>
  <Pair reval="1d">
    <File perm="0444">/47/32</File>
    <Query type="disk">/tmp/test-disk-big/47/32</Query>
  </Pair>
  <Pair reval="1d">
    <File perm="0444">/47/33</File>
    <Query type="disk">/tmp/test-disk-big/47/33</Query>
  </Pair>
  <Pair reval="1d">
    <File perm="0444">/47/34</File>
    <Query type="disk">/tmp/test-disk-big/47/34</Query>
  </Pair>
  <Pair reval="1d">
    <File perm="0444">/47/35</File>
    <Query type="disk">/tmp/test-disk-big/47/35</Query>
  </Pair>
  <Pair reval="1d">
    <File perm="0444">/47/36</File>
    <Query type="disk">/tmp/test-disk-big/47/36</Query>
  </Pair>
  <Pair reval="1d">
    <File perm="0444">/47/37</File>
    <Query type="disk">/tmp/test-disk-big/47/37</Query>
  </Pair>
  <Pair reval="1d">
    <File perm="0444">/47/38</File>
    <Query type="disk">/tmp/test-disk-big/47/38</Query>
  </Pair>
  <Pair reval="1d">
    <File perm="0444">/47/39</File>
    <Query type="disk">/tmp/test-disk-big/47/39</Query>
  </Pair>
  <Pair reval="1d">
    <File perm="0444">/47/4</File>
    <Query type="disk">/tmp/test-disk-big/47/4</Query>
  </Pair>
  <Pair reval="1d">
    <File perm="0444">/47/40</File>
    <Query type="disk">/tmp/test-disk-big/47/40</Query>
  </Pair>
  <Pair reval="1d">
    <File perm="0444">/47/41</File>
    <Query type="disk">/tmp/test-disk-big/47/41</Query>
  </Pair>
  <Pair reval="1d">
    <File perm="0444">/47/42</File>
    <Query type="disk">/tmp/test-disk-big/47/42</Query>
  </Pair>
  <Pair reval="1d">
    <File perm="0444">/47/43</File>
    <Query type="disk">/tmp/test-disk-big/47/43</Query>
  </Pair>
  <Pair reval="1d">
    <File perm="0444">/47/44</File>
    <Query type="disk">/tmp/test-disk-big/47/44</Query>
  </Pair>
  <Pair reval="1d">
    <File perm="0444">/47/45</File>
    <Query type="disk">/tmp/test-disk-big/47/45</Query>
  </Pair>
  <Pair reval="1d">
    <File perm="0444">/47/46</File>
    <Query type="disk">/tmp/test-disk-big/47/46</Query>
  </Pair>
  <Pair reval="1d">
    <File perm="0444">/47/47</File>
    <Query type="disk">/tmp/test-disk-big/47/47</Query>
  </Pair>
  <Pair reval="1d">
    <File perm="0444">/47/48</File>
    <Query type="disk">/tmp/test-disk-big/47/48</Query>
  </Pair>
  <Pair reval="1d">
    <File perm="0444">/47/49</File>
    <Query type="disk">/tmp/test-disk-big/47/49</Query>
  </Pair>
  <Pair reval="1d">
    <File perm="0444">/47/5</File>
    <Query type="disk">/tmp/test-disk-big/47/5</Query>
  </Pair>
  <Pair reval="1d">
    <File perm="0444">/47/50</File>
    <Query type="disk">/tmp/test-disk-big/47/50</Query>
  </Pair>
  <Pair reval="1d">
    <File perm="0444">/47/51</File>
    <Query type="disk">/tmp/test-disk-big/47/51</Query>
  </Pair>
  <Pair reval="1d">
    <File perm="0444">/47/52</File>
    <Query type="disk">/tmp/test-disk-big/47/52</Query>
  </Pair>
  <Pair reval="1d">
    <File perm="0444">/47/53</File>
    <Query type="disk">/tmp/test-disk-big/47/53</Query>
  </Pair>
  <Pair reval="1d">
    <File perm="0444">/47/54</File>
    <Query type="disk">/tmp/test-disk-big/47/54</Query>
  </Pair>
  <Pair reval="1d">
    <File perm="0444">/47/55</File>
    <Query type="disk">/tmp/test-disk-big/47/55</Query>
  </Pair>
  <Pair reval="1d">
    <File perm="0444">/47/56</File>
    <Query type="disk">/tmp/test-disk-big/47/56</Query>
  </Pair>
  <Pair reval="1d">
    <File perm="0444">/47/57</File>
    <Query type="disk">/tmp/test-disk-big/47/57</Query>
  </Pair>
  <Pair reval="1d">
    <File perm="0444">/47/58</File>
    <Query type="disk">/tmp/test-disk-big/47/58</Query>
  </Pair>
  <Pair reval="1d">
    <File perm="0444">/47/59</File>
    <Query type="disk">/tmp/test-disk-big/47/59</Query>
  </Pair>
  <Pair reval="1d">
    <File perm="0444">/47/6</File>
    <Query type="disk">/tmp/test-disk-big/47/6</Query>
  </Pair>
  <Pair reval="1d">
    <File perm="0444">/47/60</File>
    <Query type="disk">/tmp/test-disk-big/47/60</Query>
  </Pair>
  <Pair reval="1d">
    <File perm="0444">/47/61</File>
    <Query type="disk">/tmp/test-disk-big/47/61</Query>
  </Pair>
  <Pair reval="1d">
    <File perm="0444">/47/62</File>
    <Query type="disk">/tmp/test-disk-big/47/62</Query>
  </Pair>
  <Pair reval="1d">
    <File perm="0444">/47/63</File>
    <Query type="disk">/tmp/test-disk-big/47/63</Query>
  </Pair>
  <Pair reval="1d">
    <File perm="0444">/47/64</File>
    <Query type="disk">/tmp/test-disk-big/47/64</Query>
  </Pair>
  <Pair reval="1d">
    <File perm="0444">/47/65</File>
    <Query type="disk">/tmp/test-disk-big/47/65</Query>
  </Pair>
  <Pair reval="1d">
    <File perm="0444">/47/66</File>
    <Query type="disk">/tmp/test-disk-big/47/66</Query>
  </Pair>
  <Pair reval="1d">
    <File perm="0444">/47/67</File>
    <Query type="disk">/tmp/test-disk-big/47/67</Query>
  </Pair>
  <Pair reval="1d">
    <File perm="0444">/47/68</File>
    <Query type="disk">/tmp/test-disk-big/47/68</Query>
  </Pair>
  <Pair reval="1d">
    <File perm="0444">/47/69</File>
    <Query type="disk">/tmp/test-disk-big/47/69</Query>
  </Pair>
  <Pair reval="1d">
    <File perm="0444">/47/7</File>
    <Query type="disk">/tmp/test-disk-big/47/7</Query>
  </Pair>
  <Pair reval="1d">
    <File perm="0444">/47/70</File>
    <Query type="disk">/tmp/test-disk-big/47/70</Query>
  </Pair>
  <Pair reval="1d">
    <File perm="0444">/47/71</File>
    <Query type="disk">/tmp/test-disk-big/47/71</Query>
  </Pair>
  <Pair reval="1d">
    <File perm="0444">/47/72</File>
    <Query type="disk">/tmp/test-disk-big/47/72</Query>
  </Pair>
  <Pair reval="1d">
    <File perm="0444">/47/73</File>
    <Query type="disk">/tmp/test-disk-big/47/73</Query>
  </Pair>
  <Pair reval="1d">
    <File perm="0444">/47/74</File>
    <Query type="disk">/tmp/test-disk-big/47/74</Query>
  </Pair>
  <Pair reval="1d">
    <File perm="0444">/47/75</File>
    <Query type="disk">/tmp/test-disk-big/47/75</Query>
  </Pair>
  <Pair reval="1d">
    <File perm="0444">/47/76</File>
    <Query type="disk">/tmp/test-disk-big/47/76</Query>
  </Pair>
  <Pair reval="1d">
    <File perm="0444">/47/77</File>
    <Query type="disk">/tmp/test-disk-big/47/77</Query>
  </Pair>
  <Pair reval="1d">
    <File perm="0444">/47/78</File>
    <Query type="disk">/tmp/test-disk-big/47/78</Query>
  </Pair>
  <Pair reval="1d">
    <File perm="0444">/47/79</File>
    <Query type="disk">/tmp/test-disk-big/47/79</Query>
  </Pair>
  <Pair reval="1d">
    <File perm="0444">/47/8</File>
    <Query type="disk">/tmp/test-disk-big/47/8</Query>
  </Pair>
  <Pair reval="1d">
    <File perm="0444">/47/80</File>
    <Query type="disk">/tmp/test-disk-big/47/80</Query>
  </Pair>
  <Pair reval="1d">
    <File perm="0444">/47/81</File>
    <Query type="disk">/tmp/test-disk-big/47/81</Query>
  </Pair>
  <Pair reval="1d">
    <File perm="0444">/47/82</File>
    <Query type="disk">/tmp/test-disk-big/47/82</Query>
  </Pair>
  <Pair reval="1d">
    <File perm="0444">/47/83</File>
    <Query type="disk">/tmp/test-disk-big/47/83</Query>
  </Pair>
  <Pair reval="1d">
    <File perm="0444">/47/84</File>
    <Query type="disk">/tmp/test-disk-big/47/84</Query>
  </Pair>
  <Pair reval="1d">
    <File perm="0444">/47/85</File>
    <Query type="disk">/tmp/test-disk-big/47/85</Query>
  </Pair>
  <Pair reval="1d">
    <File perm="0444">/47/86</File>
    <Query type="disk">/tmp/test-disk-big/47/86</Query>
  </Pair>
  <Pair reval="1d">
    <File perm="0444">/47/87</File>
    <Query type="disk">/tmp/test-disk-big/47/87</Query>
  </Pair>
  <Pair reval="1d">
    <File perm="0444">/47/88</File>
    <Query type="disk">/tmp/test-disk-big/47/88</Query>
  </Pair>
  <Pair reval="1d">
    <File perm="0444">/47/89</File>
    <Query type="disk">/tmp/test-disk-big/47/89</Query>
  </Pair>
  <Pair reval="1d">
    <File perm="0444">/47/9</File>
    <Query type="disk">/tmp/test-disk-big/47/9</Query>
  </Pair>
  <Pair reval="1d">
    <File perm="0444">/47/90</File>
    <Query type="disk">/tmp/test-disk-big/47/90</Query>
  </Pair>
  <Pair reval="1d">
    <File perm="0444">/47/91</File>
    <Query type="disk">/tmp/test-disk-big/47/91</Query>
  </Pair>
  <Pair reval="1d">
    <File perm="0444">/47/92</File>
    <Query type="disk">/tmp/test-disk-big/47/92</Query>
  </Pair>
  <Pair reval="1d">
    <File perm="0444">/47/93</File>
    <Query type="disk">/tmp/test-disk-big/47/93</Query>
  </Pair>
  <Pair reval="1d">
    <File perm="0444">/47/94</File>
    <Query type="disk">/tmp/test-disk-big/47/94</Query>
  </Pair>
  <Pair reval="1d">
    <File perm="0444">/47/95</File>
    <Query type="disk">/tmp/test-disk-big/47/95</Query>
  </Pair>
  <Pair reval="1d">
    <File perm="0444">/47/96</File>
    <Query type="disk">/tmp/test-disk-big/47/96</Query>
  </Pair>
  <Pair reval="1d">
    <File perm="0444">/47/97</File>
    <Query type="disk">/tmp/test-disk-big/47/97</Query>
  </Pair>
  <Pair reval="1d">
    <File perm="0444">/47/98</File>
    <Query type="disk">/tmp/test-disk-big/47/98</Query>
  </Pair>
  <Pair reval="1d">
    <File perm="0444">/47/99</File>
    <Query type="disk">/tmp/test-disk-big/47/99</Query>
  </Pair>
  <Pair reval="1d">
    <Dir perm="0555">/48</Dir>
    <Query type="disk"></Query>
  </Pair>
  <Pair reval="1d">
    <File perm="0444">/48/1</File>
    <Query type="disk">/tmp/test-disk-big/48/1</Query>
  </Pair>
  <Pair reval="1d">
    <File perm="0444">/48/10</File>
    <Query type="disk">/tmp/test-disk-big/48/10</Query>
  </Pair>
  <Pair reval="1d">
    <File perm="0444">/48/100</File>
    <Query type="disk">/tmp/test-disk-big/48/100</Query>
  </Pair>
  <Pair reval="1d">
    <File perm="0444">/48/11</File>
    <Query type="disk">/tmp/test-disk-big/48/11</Query>
  </Pair>
  <Pair reval="1d">
    <File perm="0444">/48/12</File>
    <Query type="disk">/tmp/test-disk-big/48/12</Query>
  </Pair>
  <Pair reval="1d">
    <File perm="0444">/48/13</File>
    <Query type="disk">/tmp/test-disk-big/48/13</Query>
  </Pair>
  <Pair reval="1d">
    <File perm="0444">/48/14</File>
    <Query type="disk">/tmp/test-disk-big/48/14</Query>
  </Pair>
  <Pair reval="1d">
    <File perm="0444">/48/15</File>
    <Query type="disk">/tmp/test-disk-big/48/15</Query>
  </Pair>
  <Pair reval="1d">
    <File perm="0444">/48/16</File>
    <Query type="disk">/tmp/test-disk-big/48/16</Query>
  </Pair>
  <Pair reval="1d">
    <File perm="0444">/48/17</File>
    <Query type="disk">/tmp/test-disk-big/48/17</Query>
  </Pair>
  <Pair reval="1d">
    <File perm="0444">/48/18</File>
    <Query type="disk">/tmp/test-disk-big/48/18</Query>
  </Pair>
  <Pair reval="1d">
    <File perm="0444">/48/19</File>
    <Query type="disk">/tmp/test-disk-big/48/19</Query>
  </Pair>
  <Pair reval="1d">
    <File perm="0444">/48/2</File>
    <Query type="disk">/tmp/test-disk-big/48/2</Query>
  </Pair>
  <Pair reval="1d">
    <File perm="0444">/48/20</File>
    <Query type="disk">/tmp/test-disk-big/48/20</Query>
  </Pair>
  <Pair reval="1d">
    <File perm="0444">/48/21</File>
    <Query type="disk">/tmp/test-disk-big/48/21</Query>
  </Pair>
  <Pair reval="1d">
    <File perm="0444">/48/22</File>
    <Query type="disk">/tmp/test-disk-big/48/22</Query>
  </Pair>
  <Pair reval="1d">
    <File perm="0444">/48/23</File>
    <Query type="disk">/tmp/test-disk-big/48/23</Query>
  </Pair>
  <Pair reval="1d">
    <File perm="0444">/48/24</File>
    <Query type="disk">/tmp/test-disk-big/48/24</Query>
  </Pair>
  <Pair reval="1d">
    <File perm="0444">/48/25</File>
    <Query type="disk">/tmp/test-disk-big/48/25</Query>
  </Pair>
  <Pair reval="1d">
    <File perm="0444">/48/26</File>
    <Query type="disk">/tmp/test-disk-big/48/26</Query>
  </Pair>
  <Pair reval="1d">
    <File perm="0444">/48/27</File>
    <Query type="disk">/tmp/test-disk-big/48/27</Query>
  </Pair>
  <Pair reval="1d">
    <File perm="0444">/48/28</File>
    <Query type="disk">/tmp/test-disk-big/48/28</Query>
  </Pair>
  <Pair reval="1d">
    <File perm="0444">/48/29</File>
    <Query type="disk">/tmp/test-disk-big/48/29</Query>
  </Pair>
  <Pair reval="1d">
    <File perm="0444">/48/3</File>
    <Query type="disk">/tmp/test-disk-big/48/3</Query>
  </Pair>
  <Pair reval="1d">
    <File perm="0444">/48/30</File>
    <Query type="disk">/tmp/test-disk-big/48/30</Query>
  </Pair>
  <Pair reval="1d">
    <File perm="0444">/48/31</File>
    <Query type="disk">/tmp/test-disk-big/48/31</Query>
  </Pair>
  <Pair reval="1d">
    <File perm="0444">/48/32</File>
    <Query type="disk">/tmp/test-disk-big/48/32</Query>
  </Pair>
  <Pair reval="1d">
    <File perm="0444">/48/33</File>
    <Query type="disk">/tmp/test-disk-big/48/33</Query>
  </Pair>
  <Pair reval="1d">
    <File perm="0444">/48/34</File>
    <Query type="disk">/tmp/test-disk-big/48/34</Query>
  </Pair>
  <Pair reval="1d">
    <File perm="0444">/48/35</File>
    <Query type="disk">/tmp/test-disk-big/48/35</Query>
  </Pair>
  <Pair reval="1d">
    <File perm="0444">/48/36</File>
    <Query type="disk">/tmp/test-disk-big/48/36</Query>
  </Pair>
  <Pair reval="1d">
    <File perm="0444">/48/37</File>
    <Query type="disk">/tmp/test-disk-big/48/37</Query>
  </Pair>
  <Pair reval="1d">
    <File perm="0444">/48/38</File>
    <Query type="disk">/tmp/test-disk-big/48/38</Query>
  </Pair>
  <Pair reval="1d">
    <File perm="0444">/48/39</File>
    <Query type="disk">/tmp/test-disk-big/48/39</Query>
  </Pair>
  <Pair reval="1d">
    <File perm="0444">/48/4</File>
    <Query type="disk">/tmp/test-disk-big/48/4</Query>
  </Pair>
  <Pair reval="1d">
    <File perm="0444">/48/40</File>
    <Query type="disk">/tmp/test-disk-big/48/40</Query>
  </Pair>
  <Pair reval="1d">
    <File perm="0444">/48/41</File>
    <Query type="disk">/tmp/test-disk-big/48/41</Query>
  </Pair>
  <Pair reval="1d">
    <File perm="0444">/48/42</File>
    <Query type="disk">/tmp/test-disk-big/48/42</Query>
  </Pair>
  <Pair reval="1d">
    <File perm="0444">/48/43</File>
    <Query type="disk">/tmp/test-disk-big/48/43</Query>
  </Pair>
  <Pair reval="1d">
    <File perm="0444">/48/44</File>
    <Query type="disk">/tmp/test-disk-big/48/44</Query>
  </Pair>
  <Pair reval="1d">
    <File perm="0444">/48/45</File>
    <Query type="disk">/tmp/test-disk-big/48/45</Query>
  </Pair>
  <Pair reval="1d">
    <File perm="0444">/48/46</File>
    <Query type="disk">/tmp/test-disk-big/48/46</Query>
  </Pair>
  <Pair reval="1d">
    <File perm="0444">/48/47</File>
    <Query type="disk">/tmp/test-disk-big/48/47</Query>
  </Pair>
  <Pair reval="1d">
    <File perm="0444">/48/48</File>
    <Query type="disk">/tmp/test-disk-big/48/48</Query>
  </Pair>
  <Pair reval="1d">
    <File perm="0444">/48/49</File>
    <Query type="disk">/tmp/test-disk-big/48/49</Query>
  </Pair>
  <Pair reval="1d">
    <File perm="0444">/48/5</File>
    <Query type="disk">/tmp/test-disk-big/48/5</Query>
  </Pair>
  <Pair reval="1d">
    <File perm="0444">/48/50</File>
    <Query type="disk">/tmp/test-disk-big/48/50</Query>
  </Pair>
  <Pair reval="1d">
    <File perm="0444">/48/51</File>
    <Query type="disk">/tmp/test-disk-big/48/51</Query>
  </Pair>
  <Pair reval="1d">
    <File perm="0444">/48/52</File>
    <Query type="disk">/tmp/test-disk-big/48/52</Query>
  </Pair>
  <Pair reval="1d">
    <File perm="0444">/48/53</File>
    <Query type="disk">/tmp/test-disk-big/48/53</Query>
  </Pair>
  <Pair reval="1d">
    <File perm="0444">/48/54</File>
    <Query type="disk">/tmp/test-disk-big/48/54</Query>
  </Pair>
  <Pair reval="1d">
    <File perm="0444">/48/55</File>
    <Query type="disk">/tmp/test-disk-big/48/55</Query>
  </Pair>
  <Pair reval="1d">
    <File perm="0444">/48/56</File>
    <Query type="disk">/tmp/test-disk-big/48/56</Query>
  </Pair>
  <Pair reval="1d">
    <File perm="0444">/48/57</File>
    <Query type="disk">/tmp/test-disk-big/48/57</Query>
  </Pair>
  <Pair reval="1d">
    <File perm="0444">/48/58</File>
    <Query type="disk">/tmp/test-disk-big/48/58</Query>
  </Pair>
  <Pair reval="1d">
    <File perm="0444">/48/59</File>
    <Query type="disk">/tmp/test-disk-big/48/59</Query>
  </Pair>
  <Pair reval="1d">
    <File perm="0444">/48/6</File>
    <Query type="disk">/tmp/test-disk-big/48/6</Query>
  </Pair>
  <Pair reval="1d">
    <File perm="0444">/48/60</File>
    <Query type="disk">/tmp/test-disk-big/48/60</Query>
  </Pair>
  <Pair reval="1d">
    <File perm="0444">/48/61</File>
    <Query type="disk">/tmp/test-disk-big/48/61</Query>
  </Pair>
  <Pair reval="1d">
    <File perm="0444">/48/62</File>
    <Query type="disk">/tmp/test-disk-big/48/62</Query>
  </Pair>
  <Pair reval="1d">
    <File perm="0444">/48/63</File>
    <Query type="disk">/tmp/test-disk-big/48/63</Query>
  </Pair>
  <Pair reval="1d">
    <File perm="0444">/48/64</File>
    <Query type="disk">/tmp/test-disk-big/48/64</Query>
  </Pair>
  <Pair reval="1d">
    <File perm="0444">/48/65</File>
    <Query type="disk">/tmp/test-disk-big/48/65</Query>
  </Pair>
  <Pair reval="1d">
    <File perm="0444">/48/66</File>
    <Query type="disk">/tmp/test-disk-big/48/66</Query>
  </Pair>
  <Pair reval="1d">
    <File perm="0444">/48/67</File>
    <Query type="disk">/tmp/test-disk-big/48/67</Query>
  </Pair>
  <Pair reval="1d">
    <File perm="0444">/48/68</File>
    <Query type="disk">/tmp/test-disk-big/48/68</Query>
  </Pair>
  <Pair reval="1d">
    <File perm="0444">/48/69</File>
    <Query type="disk">/tmp/test-disk-big/48/69</Query>
  </Pair>
  <Pair reval="1d">
    <File perm="0444">/48/7</File>
    <Query type="disk">/tmp/test-disk-big/48/7</Query>
  </Pair>
  <Pair reval="1d">
    <File perm="0444">/48/70</File>
    <Query type="disk">/tmp/test-disk-big/48/70</Query>
  </Pair>
  <Pair reval="1d">
    <File perm="0444">/48/71</File>
    <Query type="disk">/tmp/test-disk-big/48/71</Query>
  </Pair>
  <Pair reval="1d">
    <File perm="0444">/48/72</File>
    <Query type="disk">/tmp/test-disk-big/48/72</Query>
  </Pair>
  <Pair reval="1d">
    <File perm="0444">/48/73</File>
    <Query type="disk">/tmp/test-disk-big/48/73</Query>
  </Pair>
  <Pair reval="1d">
    <File perm="0444">/48/74</File>
    <Query type="disk">/tmp/test-disk-big/48/74</Query>
  </Pair>
  <Pair reval="1d">
    <File perm="0444">/48/75</File>
    <Query type="disk">/tmp/test-disk-big/48/75</Query>
  </Pair>
  <Pair reval="1d">
    <File perm="0444">/48/76</File>
    <Query type="disk">/tmp/test-disk-big/48/76</Query>
  </Pair>
  <Pair reval="1d">
    <File perm="0444">/48/77</File>
    <Query type="disk">/tmp/test-disk-big/48/77</Query>
  </Pair>
  <Pair reval="1d">
    <File perm="0444">/48/78</File>
    <Query type="disk">/tmp/test-disk-big/48/78</Query>
  </Pair>
  <Pair reval="1d">
    <File perm="0444">/48/79</File>
    <Query type="disk">/tmp/test-disk-big/48/79</Query>
  </Pair>
  <Pair reval="1d">
    <File perm="0444">/48/8</File>
    <Query type="disk">/tmp/test-disk-big/48/8</Query>
  </Pair>
  <Pair reval="1d">
    <File perm="0444">/48/80</File>
    <Query type="disk">/tmp/test-disk-big/48/80</Query>
  </Pair>
  <Pair reval="1d">
    <File perm="0444">/48/81</File>
    <Query type="disk">/tmp/test-disk-big/48/81</Query>
  </Pair>
  <Pair reval="1d">
    <File perm="0444">/48/82</File>
    <Query type="disk">/tmp/test-disk-big/48/82</Query>
  </Pair>
  <Pair reval="1d">
    <File perm="0444">/48/83</File>
    <Query type="disk">/tmp/test-disk-big/48/83</Query>
  </Pair>
  <Pair reval="1d">
    <File perm="0444">/48/84</File>
    <Query type="disk">/tmp/test-disk-big/48/84</Query>
  </Pair>
  <Pair reval="1d">
    <File perm="0444">/48/85</File>
    <Query type="disk">/tmp/test-disk-big/48/85</Query>
  </Pair>
  <Pair reval="1d">
    <File perm="0444">/48/86</File>
    <Query type="disk">/tmp/test-disk-big/48/86</Query>
  </Pair>
  <Pair reval="1d">
    <File perm="0444">/48/87</File>
    <Query type="disk">/tmp/test-disk-big/48/87</Query>
  </Pair>
  <Pair reval="1d">
    <File perm="0444">/48/88</File>
    <Query type="disk">/tmp/test-disk-big/48/88</Query>
  </Pair>
  <Pair reval="1d">
    <File perm="0444">/48/89</File>
    <Query type="disk">/tmp/test-disk-big/48/89</Query>
  </Pair>
  <Pair reval="1d">
    <File perm="0444">/48/9</File>
    <Query type="disk">/tmp/test-disk-big/48/9</Query>
  </Pair>
  <Pair reval="1d">
    <File perm="0444">/48/90</File>
    <Query type="disk">/tmp/test-disk-big/48/90</Query>
  </Pair>
  <Pair reval="1d">
    <File perm="0444">/48/91</File>
    <Query type="disk">/tmp/test-disk-big/48/91</Query>
  </Pair>
  <Pair reval="1d">
    <File perm="0444">/48/92</File>
    <Query type="disk">/tmp/test-disk-big/48/92</Query>
  </Pair>
  <Pair reval="1d">
    <File perm="0444">/48/93</File>
    <Query type="disk">/tmp/test-disk-big/48/93</Query>
  </Pair>
  <Pair reval="1d">
    <File perm="0444">/48/94</File>
    <Query type="disk">/tmp/test-disk-big/48/94</Query>
  </Pair>
  <Pair reval="1d">
    <File perm="0444">/48/95</File>
    <Query type="disk">/tmp/test-disk-big/48/95</Query>
  </Pair>
  <Pair reval="1d">
    <File perm="0444">/48/96</File>
    <Query type="disk">/tmp/test-disk-big/48/96</Query>
  </Pair>
  <Pair reval="1d">
    <File perm="0444">/48/97</File>
    <Query type="disk">/tmp/test-disk-big/48/97</Query>
  </Pair>
  <Pair reval="1d">
    <File perm="0444">/48/98</File>
    <Query type="disk">/tmp/test-disk-big/48/98</Query>
  </Pair>
  <Pair reval="1d">
    <File perm="0444">/48/99</File>
    <Query type="disk">/tmp/test-disk-big/48/99</Query>
  </Pair>
  <Pair reval="1d">
    <Dir perm="0555">/49</Dir>
    <Query type="disk"></Query>
  </Pair>
  <Pair reval="1d">
    <File perm="0444">/49/1</File>
    <Query type="disk">/tmp/test-disk-big/49/1</Query>
  </Pair>
  <Pair reval="1d">
    <File perm="0444">/49/10</File>
    <Query type="disk">/tmp/test-disk-big/49/10</Query>
  </Pair>
  <Pair reval="1d">
    <File perm="0444">/49/100</File>
    <Query type="disk">/tmp/test-disk-big/49/100</Query>
  </Pair>
  <Pair reval="1d">
    <File perm="0444">/49/11</File>
    <Query type="disk">/tmp/test-disk-big/49/11</Query>
  </Pair>
  <Pair reval="1d">
    <File perm="0444">/49/12</File>
    <Query type="disk">/tmp/test-disk-big/49/12</Query>
  </Pair>
  <Pair reval="1d">
    <File perm="0444">/49/13</File>
    <Query type="disk">/tmp/test-disk-big/49/13</Query>
  </Pair>
  <Pair reval="1d">
    <File perm="0444">/49/14</File>
    <Query type="disk">/tmp/test-disk-big/49/14</Query>
  </Pair>
  <Pair reval="1d">
    <File perm="0444">/49/15</File>
    <Query type="disk">/tmp/test-disk-big/49/15</Query>
  </Pair>
  <Pair reval="1d">
    <File perm="0444">/49/16</File>
    <Query type="disk">/tmp/test-disk-big/49/16</Query>
  </Pair>
  <Pair reval="1d">
    <File perm="0444">/49/17</File>
    <Query type="disk">/tmp/test-disk-big/49/17</Query>
  </Pair>
  <Pair reval="1d">
    <File perm="0444">/49/18</File>
    <Query type="disk">/tmp/test-disk-big/49/18</Query>
  </Pair>
  <Pair reval="1d">
    <File perm="0444">/49/19</File>
    <Query type="disk">/tmp/test-disk-big/49/19</Query>
  </Pair>
  <Pair reval="1d">
    <File perm="0444">/49/2</File>
    <Query type="disk">/tmp/test-disk-big/49/2</Query>
  </Pair>
  <Pair reval="1d">
    <File perm="0444">/49/20</File>
    <Query type="disk">/tmp/test-disk-big/49/20</Query>
  </Pair>
  <Pair reval="1d">
    <File perm="0444">/49/21</File>
    <Query type="disk">/tmp/test-disk-big/49/21</Query>
  </Pair>
  <Pair reval="1d">
    <File perm="0444">/49/22</File>
    <Query type="disk">/tmp/test-disk-big/49/22</Query>
  </Pair>
  <Pair reval="1d">
    <File perm="0444">/49/23</File>
    <Query type="disk">/tmp/test-disk-big/49/23</Query>
  </Pair>
  <Pair reval="1d">
    <File perm="0444">/49/24</File>
    <Query type="disk">/tmp/test-disk-big/49/24</Query>
  </Pair>
  <Pair reval="1d">
    <File perm="0444">/49/25</File>
    <Query type="disk">/tmp/test-disk-big/49/25</Query>
  </Pair>
  <Pair reval="1d">
    <File perm="0444">/49/26</File>
    <Query type="disk">/tmp/test-disk-big/49/26</Query>
  </Pair>
  <Pair reval="1d">
    <File perm="0444">/49/27</File>
    <Query type="disk">/tmp/test-disk-big/49/27</Query>
  </Pair>
  <Pair reval="1d">
    <File perm="0444">/49/28</File>
    <Query type="disk">/tmp/test-disk-big/49/28</Query>
  </Pair>
  <Pair reval="1d">
    <File perm="0444">/49/29</File>
    <Query type="disk">/tmp/test-disk-big/49/29</Query>
  </Pair>
  <Pair reval="1d">
    <File perm="0444">/49/3</File>
    <Query type="disk">/tmp/test-disk-big/49/3</Query>
  </Pair>
  <Pair reval="1d">
    <File perm="0444">/49/30</File>
    <Query type="disk">/tmp/test-disk-big/49/30</Query>
  </Pair>
  <Pair reval="1d">
    <File perm="0444">/49/31</File>
    <Query type="disk">/tmp/test-disk-big/49/31</Query>
  </Pair>
  <Pair reval="1d">
    <File perm="0444">/49/32</File>
    <Query type="disk">/tmp/test-disk-big/49/32</Query>
  </Pair>
  <Pair reval="1d">
    <File perm="0444">/49/33</File>
    <Query type="disk">/tmp/test-disk-big/49/33</Query>
  </Pair>
  <Pair reval="1d">
    <File perm="0444">/49/34</File>
    <Query type="disk">/tmp/test-disk-big/49/34</Query>
  </Pair>
  <Pair reval="1d">
    <File perm="0444">/49/35</File>
    <Query type="disk">/tmp/test-disk-big/49/35</Query>
  </Pair>
  <Pair reval="1d">
    <File perm="0444">/49/36</File>
    <Query type="disk">/tmp/test-disk-big/49/36</Query>
  </Pair>
  <Pair reval="1d">
    <File perm="0444">/49/37</File>
    <Query type="disk">/tmp/test-disk-big/49/37</Query>
  </Pair>
  <Pair reval="1d">
    <File perm="0444">/49/38</File>
    <Query type="disk">/tmp/test-disk-big/49/38</Query>
  </Pair>
  <Pair reval="1d">
    <File perm="0444">/49/39</File>
    <Query type="disk">/tmp/test-disk-big/49/39</Query>
  </Pair>
  <Pair reval="1d">
    <File perm="0444">/49/4</File>
    <Query type="disk">/tmp/test-disk-big/49/4</Query>
  </Pair>
  <Pair reval="1d">
    <File perm="0444">/49/40</File>
    <Query type="disk">/tmp/test-disk-big/49/40</Query>
  </Pair>
  <Pair reval="1d">
    <File perm="0444">/49/41</File>
    <Query type="disk">/tmp/test-disk-big/49/41</Query>
  </Pair>
  <Pair reval="1d">
    <File perm="0444">/49/42</File>
    <Query type="disk">/tmp/test-disk-big/49/42</Query>
  </Pair>
  <Pair reval="1d">
    <File perm="0444">/49/43</File>
    <Query type="disk">/tmp/test-disk-big/49/43</Query>
  </Pair>
  <Pair reval="1d">
    <File perm="0444">/49/44</File>
    <Query type="disk">/tmp/test-disk-big/49/44</Query>
  </Pair>
  <Pair reval="1d">
    <File perm="0444">/49/45</File>
    <Query type="disk">/tmp/test-disk-big/49/45</Query>
  </Pair>
  <Pair reval="1d">
    <File perm="0444">/49/46</File>
    <Query type="disk">/tmp/test-disk-big/49/46</Query>
  </Pair>
  <Pair reval="1d">
    <File perm="0444">/49/47</File>
    <Query type="disk">/tmp/test-disk-big/49/47</Query>
  </Pair>
  <Pair reval="1d">
    <File perm="0444">/49/48</File>
    <Query type="disk">/tmp/test-disk-big/49/48</Query>
  </Pair>
  <Pair reval="1d">
    <File perm="0444">/49/49</File>
    <Query type="disk">/tmp/test-disk-big/49/49</Query>
  </Pair>
  <Pair reval="1d">
    <File perm="0444">/49/5</File>
    <Query type="disk">/tmp/test-disk-big/49/5</Query>
  </Pair>
  <Pair reval="1d">
    <File perm="0444">/49/50</File>
    <Query type="disk">/tmp/test-disk-big/49/50</Query>
  </Pair>
  <Pair reval="1d">
    <File perm="0444">/49/51</File>
    <Query type="disk">/tmp/test-disk-big/49/51</Query>
  </Pair>
  <Pair reval="1d">
    <File perm="0444">/49/52</File>
    <Query type="disk">/tmp/test-disk-big/49/52</Query>
  </Pair>
  <Pair reval="1d">
    <File perm="0444">/49/53</File>
    <Query type="disk">/tmp/test-disk-big/49/53</Query>
  </Pair>
  <Pair reval="1d">
    <File perm="0444">/49/54</File>
    <Query type="disk">/tmp/test-disk-big/49/54</Query>
  </Pair>
  <Pair reval="1d">
    <File perm="0444">/49/55</File>
    <Query type="disk">/tmp/test-disk-big/49/55</Query>
  </Pair>
  <Pair reval="1d">
    <File perm="0444">/49/56</File>
    <Query type="disk">/tmp/test-disk-big/49/56</Query>
  </Pair>
  <Pair reval="1d">
    <File perm="0444">/49/57</File>
    <Query type="disk">/tmp/test-disk-big/49/57</Query>
  </Pair>
  <Pair reval="1d">
    <File perm="0444">/49/58</File>
    <Query type="disk">/tmp/test-disk-big/49/58</Query>
  </Pair>
  <Pair reval="1d">
    <File perm="0444">/49/59</File>
    <Query type="disk">/tmp/test-disk-big/49/59</Query>
  </Pair>
  <Pair reval="1d">
    <File perm="0444">/49/6</File>
    <Query type="disk">/tmp/test-disk-big/49/6</Query>
  </Pair>
  <Pair reval="1d">
    <File perm="0444">/49/60</File>
    <Query type="disk">/tmp/test-disk-big/49/60</Query>
  </Pair>
  <Pair reval="1d">
    <File perm="0444">/49/61</File>
    <Query type="disk">/tmp/test-disk-big/49/61</Query>
  </Pair>
  <Pair reval="1d">
    <File perm="0444">/49/62</File>
    <Query type="disk">/tmp/test-disk-big/49/62</Query>
  </Pair>
  <Pair reval="1d">
    <File perm="0444">/49/63</File>
    <Query type="disk">/tmp/test-disk-big/49/63</Query>
  </Pair>
  <Pair reval="1d">
    <File perm="0444">/49/64</File>
    <Query type="disk">/tmp/test-disk-big/49/64</Query>
  </Pair>
  <Pair reval="1d">
    <File perm="0444">/49/65</File>
    <Query type="disk">/tmp/test-disk-big/49/65</Query>
  </Pair>
  <Pair reval="1d">
    <File perm="0444">/49/66</File>
    <Query type="disk">/tmp/test-disk-big/49/66</Query>
  </Pair>
  <Pair reval="1d">
    <File perm="0444">/49/67</File>
    <Query type="disk">/tmp/test-disk-big/49/67</Query>
  </Pair>
  <Pair reval="1d">
    <File perm="0444">/49/68</File>
    <Query type="disk">/tmp/test-disk-big/49/68</Query>
  </Pair>
  <Pair reval="1d">
    <File perm="0444">/49/69</File>
    <Query type="disk">/tmp/test-disk-big/49/69</Query>
  </Pair>
  <Pair reval="1d">
    <File perm="0444">/49/7</File>
    <Query type="disk">/tmp/test-disk-big/49/7</Query>
  </Pair>
  <Pair reval="1d">
    <File perm="0444">/49/70</File>
    <Query type="disk">/tmp/test-disk-big/49/70</Query>
  </Pair>
  <Pair reval="1d">
    <File perm="0444">/49/71</File>
    <Query type="disk">/tmp/test-disk-big/49/71</Query>
  </Pair>
  <Pair reval="1d">
    <File perm="0444">/49/72</File>
    <Query type="disk">/tmp/test-disk-big/49/72</Query>
  </Pair>
  <Pair reval="1d">
    <File perm="0444">/49/73</File>
    <Query type="disk">/tmp/test-disk-big/49/73</Query>
  </Pair>
  <Pair reval="1d">
    <File perm="0444">/49/74</File>
    <Query type="disk">/tmp/test-disk-big/49/74</Query>
  </Pair>
  <Pair reval="1d">
    <File perm="0444">/49/75</File>
    <Query type="disk">/tmp/test-disk-big/49/75</Query>
  </Pair>
  <Pair reval="1d">
    <File perm="0444">/49/76</File>
    <Query type="disk">/tmp/test-disk-big/49/76</Query>
  </Pair>
  <Pair reval="1d">
    <File perm="0444">/49/77</File>
    <Query type="disk">/tmp/test-disk-big/49/77</Query>
  </Pair>
  <Pair reval="1d">
    <File perm="0444">/49/78</File>
    <Query type="disk">/tmp/test-disk-big/49/78</Query>
  </Pair>
  <Pair reval="1d">
    <File perm="0444">/49/79</File>
    <Query type="disk">/tmp/test-disk-big/49/79</Query>
  </Pair>
  <Pair reval="1d">
    <File perm="0444">/49/8</File>
    <Query type="disk">/tmp/test-disk-big/49/8</Query>
  </Pair>
  <Pair reval="1d">
    <File perm="0444">/49/80</File>
    <Query type="disk">/tmp/test-disk-big/49/80</Query>
  </Pair>
  <Pair reval="1d">
    <File perm="0444">/49/81</File>
    <Query type="disk">/tmp/test-disk-big/49/81</Query>
  </Pair>
  <Pair reval="1d">
    <File perm="0444">/49/82</File>
    <Query type="disk">/tmp/test-disk-big/49/82</Query>
  </Pair>
  <Pair reval="1d">
    <File perm="0444">/49/83</File>
    <Query type="disk">/tmp/test-disk-big/49/83</Query>
  </Pair>
  <Pair reval="1d">
    <File perm="0444">/49/84</File>
    <Query type="disk">/tmp/test-disk-big/49/84</Query>
  </Pair>
  <Pair reval="1d">
    <File perm="0444">/49/85</File>
    <Query type="disk">/tmp/test-disk-big/49/85</Query>
  </Pair>
  <Pair reval="1d">
    <File perm="0444">/49/86</File>
    <Query type="disk">/tmp/test-disk-big/49/86</Query>
  </Pair>
  <Pair reval="1d">
    <File perm="0444">/49/87</File>
    <Query type="disk">/tmp/test-disk-big/49/87</Query>
  </Pair>
  <Pair reval="1d">
    <File perm="0444">/49/88</File>
    <Query type="disk">/tmp/test-disk-big/49/88</Query>
  </Pair>
  <Pair reval="1d">
    <File perm="0444">/49/89</File>
    <Query type="disk">/tmp/test-disk-big/49/89</Query>
  </Pair>
  <Pair reval="1d">
    <File perm="0444">/49/9</File>
    <Query type="disk">/tmp/test-disk-big/49/9</Query>
  </Pair>
  <Pair reval="1d">
    <File perm="0444">/49/90</File>
    <Query type="disk">/tmp/test-disk-big/49/90</Query>
  </Pair>
  <Pair reval="1d">
    <File perm="0444">/49/91</File>
    <Query type="disk">/tmp/test-disk-big/49/91</Query>
  </Pair>
  <Pair reval="1d">
    <File perm="0444">/49/92</File>
    <Query type="disk">/tmp/test-disk-big/49/92</Query>
  </Pair>
  <Pair reval="1d">
    <File perm="0444">/49/93</File>
    <Query type="disk">/tmp/test-disk-big/49/93</Query>
  </Pair>
  <Pair reval="1d">
    <File perm="0444">/49/94</File>
    <Query type="disk">/tmp/test-disk-big/49/94</Query>
  </Pair>
  <Pair reval="1d">
    <File perm="0444">/49/95</File>
    <Query type="disk">/tmp/test-disk-big/49/95</Query>
  </Pair>
  <Pair reval="1d">
    <File perm="0444">/49/96</File>
    <Query type="disk">/tmp/test-disk-big/49/96</Query>
  </Pair>
  <Pair reval="1d">
    <File perm="0444">/49/97</File>
    <Query type="disk">/tmp/test-disk-big/49/97</Query>
  </Pair>
  <Pair reval="1d">
    <File perm="0444">/49/98</File>
    <Query type="disk">/tmp/test-disk-big/49/98</Query>
  </Pair>
  <Pair reval="1d">
    <File perm="0444">/49/99</File>
    <Query type="disk">/tmp/test-disk-big/49/99</Query>
  </Pair>
  <Pair reval="1d">
    <Dir perm="0555">/5</Dir>
    <Query type="disk"></Query>
  </Pair>
  <Pair reval="1d">
    <File perm="0444">/5/1</File>
    <Query type="disk">/tmp/test-disk-big/5/1</Query>
  </Pair>
  <Pair reval="1d">
    <File perm="0444">/5/10</File>
    <Query type="disk">/tmp/test-disk-big/5/10</Query>
  </Pair>
  <Pair reval="1d">
    <File perm="0444">/5/100</File>
    <Query type="disk">/tmp/test-disk-big/5/100</Query>
  </Pair>
  <Pair reval="1d">
    <File perm="0444">/5/11</File>
    <Query type="disk">/tmp/test-disk-big/5/11</Query>
  </Pair>
  <Pair reval="1d">
    <File perm="0444">/5/12</File>
    <Query type="disk">/tmp/test-disk-big/5/12</Query>
  </Pair>
  <Pair reval="1d">
    <File perm="0444">/5/13</File>
    <Query type="disk">/tmp/test-disk-big/5/13</Query>
  </Pair>
  <Pair reval="1d">
    <File perm="0444">/5/14</File>
    <Query type="disk">/tmp/test-disk-big/5/14</Query>
  </Pair>
  <Pair reval="1d">
    <File perm="0444">/5/15</File>
    <Query type="disk">/tmp/test-disk-big/5/15</Query>
  </Pair>
  <Pair reval="1d">
    <File perm="0444">/5/16</File>
    <Query type="disk">/tmp/test-disk-big/5/16</Query>
  </Pair>
  <Pair reval="1d">
    <File perm="0444">/5/17</File>
    <Query type="disk">/tmp/test-disk-big/5/17</Query>
  </Pair>
  <Pair reval="1d">
    <File perm="0444">/5/18</File>
    <Query type="disk">/tmp/test-disk-big/5/18</Query>
  </Pair>
  <Pair reval="1d">
    <File perm="0444">/5/19</File>
    <Query type="disk">/tmp/test-disk-big/5/19</Query>
  </Pair>
  <Pair reval="1d">
    <File perm="0444">/5/2</File>
    <Query type="disk">/tmp/test-disk-big/5/2</Query>
  </Pair>
  <Pair reval="1d">
    <File perm="0444">/5/20</File>
    <Query type="disk">/tmp/test-disk-big/5/20</Query>
  </Pair>
  <Pair reval="1d">
    <File perm="0444">/5/21</File>
    <Query type="disk">/tmp/test-disk-big/5/21</Query>
  </Pair>
  <Pair reval="1d">
    <File perm="0444">/5/22</File>
    <Query type="disk">/tmp/test-disk-big/5/22</Query>
  </Pair>
  <Pair reval="1d">
    <File perm="0444">/5/23</File>
    <Query type="disk">/tmp/test-disk-big/5/23</Query>
  </Pair>
  <Pair reval="1d">
    <File perm="0444">/5/24</File>
    <Query type="disk">/tmp/test-disk-big/5/24</Query>
  </Pair>
  <Pair reval="1d">
    <File perm="0444">/5/25</File>
    <Query type="disk">/tmp/test-disk-big/5/25</Query>
  </Pair>
  <Pair reval="1d">
    <File perm="0444">/5/26</File>
    <Query type="disk">/tmp/test-disk-big/5/26</Query>
  </Pair>
  <Pair reval="1d">
    <File perm="0444">/5/27</File>
    <Query type="disk">/tmp/test-disk-big/5/27</Query>
  </Pair>
  <Pair reval="1d">
    <File perm="0444">/5/28</File>
    <Query type="disk">/tmp/test-disk-big/5/28</Query>
  </Pair>
  <Pair reval="1d">
    <File perm="0444">/5/29</File>
    <Query type="disk">/tmp/test-disk-big/5/29</Query>
  </Pair>
  <Pair reval="1d">
    <File perm="0444">/5/3</File>
    <Query type="disk">/tmp/test-disk-big/5/3</Query>
  </Pair>
  <Pair reval="1d">
    <File perm="0444">/5/30</File>
    <Query type="disk">/tmp/test-disk-big/5/30</Query>
  </Pair>
  <Pair reval="1d">
    <File perm="0444">/5/31</File>
    <Query type="disk">/tmp/test-disk-big/5/31</Query>
  </Pair>
  <Pair reval="1d">
    <File perm="0444">/5/32</File>
    <Query type="disk">/tmp/test-disk-big/5/32</Query>
  </Pair>
  <Pair reval="1d">
    <File perm="0444">/5/33</File>
    <Query type="disk">/tmp/test-disk-big/5/33</Query>
  </Pair>
  <Pair reval="1d">
    <File perm="0444">/5/34</File>
    <Query type="disk">/tmp/test-disk-big/5/34</Query>
  </Pair>
  <Pair reval="1d">
    <File perm="0444">/5/35</File>
    <Query type="disk">/tmp/test-disk-big/5/35</Query>
  </Pair>
  <Pair reval="1d">
    <File perm="0444">/5/36</File>
    <Query type="disk">/tmp/test-disk-big/5/36</Query>
  </Pair>
  <Pair reval="1d">
    <File perm="0444">/5/37</File>
    <Query type="disk">/tmp/test-disk-big/5/37</Query>
  </Pair>
  <Pair reval="1d">
    <File perm="0444">/5/38</File>
    <Query type="disk">/tmp/test-disk-big/5/38</Query>
  </Pair>
  <Pair reval="1d">
    <File perm="0444">/5/39</File>
    <Query type="disk">/tmp/test-disk-big/5/39</Query>
  </Pair>
  <Pair reval="1d">
    <File perm="0444">/5/4</File>
    <Query type="disk">/tmp/test-disk-big/5/4</Query>
  </Pair>
  <Pair reval="1d">
    <File perm="0444">/5/40</File>
    <Query type="disk">/tmp/test-disk-big/5/40</Query>
  </Pair>
  <Pair reval="1d">
    <File perm="0444">/5/41</File>
    <Query type="disk">/tmp/test-disk-big/5/41</Query>
  </Pair>
  <Pair reval="1d">
    <File perm="0444">/5/42</File>
    <Query type="disk">/tmp/test-disk-big/5/42</Query>
  </Pair>
  <Pair reval="1d">
    <File perm="0444">/5/43</File>
    <Query type="disk">/tmp/test-disk-big/5/43</Query>
  </Pair>
  <Pair reval="1d">
    <File perm="0444">/5/44</File>
    <Query type="disk">/tmp/test-disk-big/5/44</Query>
  </Pair>
  <Pair reval="1d">
    <File perm="0444">/5/45</File>
    <Query type="disk">/tmp/test-disk-big/5/45</Query>
  </Pair>
  <Pair reval="1d">
    <File perm="0444">/5/46</File>
    <Query type="disk">/tmp/test-disk-big/5/46</Query>
  </Pair>
  <Pair reval="1d">
    <File perm="0444">/5/47</File>
    <Query type="disk">/tmp/test-disk-big/5/47</Query>
  </Pair>
  <Pair reval="1d">
    <File perm="0444">/5/48</File>
    <Query type="disk">/tmp/test-disk-big/5/48</Query>
  </Pair>
  <Pair reval="1d">
    <File perm="0444">/5/49</File>
    <Query type="disk">/tmp/test-disk-big/5/49</Query>
  </Pair>
  <Pair reval="1d">
    <File perm="0444">/5/5</File>
    <Query type="disk">/tmp/test-disk-big/5/5</Query>
  </Pair>
  <Pair reval="1d">
    <File perm="0444">/5/50</File>
    <Query type="disk">/tmp/test-disk-big/5/50</Query>
  </Pair>
  <Pair reval="1d">
    <File perm="0444">/5/51</File>
    <Query type="disk">/tmp/test-disk-big/5/51</Query>
  </Pair>
  <Pair reval="1d">
    <File perm="0444">/5/52</File>
    <Query type="disk">/tmp/test-disk-big/5/52</Query>
  </Pair>
  <Pair reval="1d">
    <File perm="0444">/5/53</File>
    <Query type="disk">/tmp/test-disk-big/5/53</Query>
  </Pair>
  <Pair reval="1d">
    <File perm="0444">/5/54</File>
    <Query type="disk">/tmp/test-disk-big/5/54</Query>
  </Pair>
  <Pair reval="1d">
    <File perm="0444">/5/55</File>
    <Query type="disk">/tmp/test-disk-big/5/55</Query>
  </Pair>
  <Pair reval="1d">
    <File perm="0444">/5/56</File>
    <Query type="disk">/tmp/test-disk-big/5/56</Query>
  </Pair>
  <Pair reval="1d">
    <File perm="0444">/5/57</File>
    <Query type="disk">/tmp/test-disk-big/5/57</Query>
  </Pair>
  <Pair reval="1d">
    <File perm="0444">/5/58</File>
    <Query type="disk">/tmp/test-disk-big/5/58</Query>
  </Pair>
  <Pair reval="1d">
    <File perm="0444">/5/59</File>
    <Query type="disk">/tmp/test-disk-big/5/59</Query>
  </Pair>
  <Pair reval="1d">
    <File perm="0444">/5/6</File>
    <Query type="disk">/tmp/test-disk-big/5/6</Query>
  </Pair>
  <Pair reval="1d">
    <File perm="0444">/5/60</File>
    <Query type="disk">/tmp/test-disk-big/5/60</Query>
  </Pair>
  <Pair reval="1d">
    <File perm="0444">/5/61</File>
    <Query type="disk">/tmp/test-disk-big/5/61</Query>
  </Pair>
  <Pair reval="1d">
    <File perm="0444">/5/62</File>
    <Query type="disk">/tmp/test-disk-big/5/62</Query>
  </Pair>
  <Pair reval="1d">
    <File perm="0444">/5/63</File>
    <Query type="disk">/tmp/test-disk-big/5/63</Query>
  </Pair>
  <Pair reval="1d">
    <File perm="0444">/5/64</File>
    <Query type="disk">/tmp/test-disk-big/5/64</Query>
  </Pair>
  <Pair reval="1d">
    <File perm="0444">/5/65</File>
    <Query type="disk">/tmp/test-disk-big/5/65</Query>
  </Pair>
  <Pair reval="1d">
    <File perm="0444">/5/66</File>
    <Query type="disk">/tmp/test-disk-big/5/66</Query>
  </Pair>
  <Pair reval="1d">
    <File perm="0444">/5/67</File>
    <Query type="disk">/tmp/test-disk-big/5/67</Query>
  </Pair>
  <Pair reval="1d">
    <File perm="0444">/5/68</File>
    <Query type="disk">/tmp/test-disk-big/5/68</Query>
  </Pair>
  <Pair reval="1d">
    <File perm="0444">/5/69</File>
    <Query type="disk">/tmp/test-disk-big/5/69</Query>
  </Pair>
  <Pair reval="1d">
    <File perm="0444">/5/7</File>
    <Query type="disk">/tmp/test-disk-big/5/7</Query>
  </Pair>
  <Pair reval="1d">
    <File perm="0444">/5/70</File>
    <Query type="disk">/tmp/test-disk-big/5/70</Query>
  </Pair>
  <Pair reval="1d">
    <File perm="0444">/5/71</File>
    <Query type="disk">/tmp/test-disk-big/5/71</Query>
  </Pair>
  <Pair reval="1d">
    <File perm="0444">/5/72</File>
    <Query type="disk">/tmp/test-disk-big/5/72</Query>
  </Pair>
  <Pair reval="1d">
    <File perm="0444">/5/73</File>
    <Query type="disk">/tmp/test-disk-big/5/73</Query>
  </Pair>
  <Pair reval="1d">
    <File perm="0444">/5/74</File>
    <Query type="disk">/tmp/test-disk-big/5/74</Query>
  </Pair>
  <Pair reval="1d">
    <File perm="0444">/5/75</File>
    <Query type="disk">/tmp/test-disk-big/5/75</Query>
  </Pair>
  <Pair reval="1d">
    <File perm="0444">/5/76</File>
    <Query type="disk">/tmp/test-disk-big/5/76</Query>
  </Pair>
  <Pair reval="1d">
    <File perm="0444">/5/77</File>
    <Query type="disk">/tmp/test-disk-big/5/77</Query>
  </Pair>
  <Pair reval="1d">
    <File perm="0444">/5/78</File>
    <Query type="disk">/tmp/test-disk-big/5/78</Query>
  </Pair>
  <Pair reval="1d">
    <File perm="0444">/5/79</File>
    <Query type="disk">/tmp/test-disk-big/5/79</Query>
  </Pair>
  <Pair reval="1d">
    <File perm="0444">/5/8</File>
    <Query type="disk">/tmp/test-disk-big/5/8</Query>
  </Pair>
  <Pair reval="1d">
    <File perm="0444">/5/80</File>
    <Query type="disk">/tmp/test-disk-big/5/80</Query>
  </Pair>
  <Pair reval="1d">
    <File perm="0444">/5/81</File>
    <Query type="disk">/tmp/test-disk-big/5/81</Query>
  </Pair>
  <Pair reval="1d">
    <File perm="0444">/5/82</File>
    <Query type="disk">/tmp/test-disk-big/5/82</Query>
  </Pair>
  <Pair reval="1d">
    <File perm="0444">/5/83</File>
    <Query type="disk">/tmp/test-disk-big/5/83</Query>
  </Pair>
  <Pair reval="1d">
    <File perm="0444">/5/84</File>
    <Query type="disk">/tmp/test-disk-big/5/84</Query>
  </Pair>
  <Pair reval="1d">
    <File perm="0444">/5/85</File>
    <Query type="disk">/tmp/test-disk-big/5/85</Query>
  </Pair>
  <Pair reval="1d">
    <File perm="0444">/5/86</File>
    <Query type="disk">/tmp/test-disk-big/5/86</Query>
  </Pair>
  <Pair reval="1d">
    <File perm="0444">/5/87</File>
    <Query type="disk">/tmp/test-disk-big/5/87</Query>
  </Pair>
  <Pair reval="1d">
    <File perm="0444">/5/88</File>
    <Query type="disk">/tmp/test-disk-big/5/88</Query>
  </Pair>
  <Pair reval="1d">
    <File perm="0444">/5/89</File>
    <Query type="disk">/tmp/test-disk-big/5/89</Query>
  </Pair>
  <Pair reval="1d">
    <File perm="0444">/5/9</File>
    <Query type="disk">/tmp/test-disk-big/5/9</Query>
  </Pair>
  <Pair reval="1d">
    <File perm="0444">/5/90</File>
    <Query type="disk">/tmp/test-disk-big/5/90</Query>
  </Pair>
  <Pair reval="1d">
    <File perm="0444">/5/91</File>
    <Query type="disk">/tmp/test-disk-big/5/91</Query>
  </Pair>
  <Pair reval="1d">
    <File perm="0444">/5/92</File>
    <Query type="disk">/tmp/test-disk-big/5/92</Query>
  </Pair>
  <Pair reval="1d">
    <File perm="0444">/5/93</File>
    <Query type="disk">/tmp/test-disk-big/5/93</Query>
  </Pair>
  <Pair reval="1d">
    <File perm="0444">/5/94</File>
    <Query type="disk">/tmp/test-disk-big/5/94</Query>
  </Pair>
  <Pair reval="1d">
    <File perm="0444">/5/95</File>
    <Query type="disk">/tmp/test-disk-big/5/95</Query>
  </Pair>
  <Pair reval="1d">
    <File perm="0444">/5/96</File>
    <Query type="disk">/tmp/test-disk-big/5/96</Query>
  </Pair>
  <Pair reval="1d">
    <File perm="0444">/5/97</File>
    <Query type="disk">/tmp/test-disk-big/5/97</Query>
  </Pair>
  <Pair reval="1d">
    <File perm="0444">/5/98</File>
    <Query type="disk">/tmp/test-disk-big/5/98</Query>
  </Pair>
  <Pair reval="1d">
    <File perm="0444">/5/99</File>
    <Query type="disk">/tmp/test-disk-big/5/99</Query>
  </Pair>
  <Pair reval="1d">
    <Dir perm="0555">/50</Dir>
    <Query type="disk"></Query>
  </Pair>
  <Pair reval="1d">
    <File perm="0444">/50/1</File>
    <Query type="disk">/tmp/test-disk-big/50/1</Query>
  </Pair>
  <Pair reval="1d">
    <File perm="0444">/50/10</File>
    <Query type="disk">/tmp/test-disk-big/50/10</Query>
  </Pair>
  <Pair reval="1d">
    <File perm="0444">/50/100</File>
    <Query type="disk">/tmp/test-disk-big/50/100</Query>
  </Pair>
  <Pair reval="1d">
    <File perm="0444">/50/11</File>
    <Query type="disk">/tmp/test-disk-big/50/11</Query>
  </Pair>
  <Pair reval="1d">
    <File perm="0444">/50/12</File>
    <Query type="disk">/tmp/test-disk-big/50/12</Query>
  </Pair>
  <Pair reval="1d">
    <File perm="0444">/50/13</File>
    <Query type="disk">/tmp/test-disk-big/50/13</Query>
  </Pair>
  <Pair reval="1d">
    <File perm="0444">/50/14</File>
    <Query type="disk">/tmp/test-disk-big/50/14</Query>
  </Pair>
  <Pair reval="1d">
    <File perm="0444">/50/15</File>
    <Query type="disk">/tmp/test-disk-big/50/15</Query>
  </Pair>
  <Pair reval="1d">
    <File perm="0444">/50/16</File>
    <Query type="disk">/tmp/test-disk-big/50/16</Query>
  </Pair>
  <Pair reval="1d">
    <File perm="0444">/50/17</File>
    <Query type="disk">/tmp/test-disk-big/50/17</Query>
  </Pair>
  <Pair reval="1d">
    <File perm="0444">/50/18</File>
    <Query type="disk">/tmp/test-disk-big/50/18</Query>
  </Pair>
  <Pair reval="1d">
    <File perm="0444">/50/19</File>
    <Query type="disk">/tmp/test-disk-big/50/19</Query>
  </Pair>
  <Pair reval="1d">
    <File perm="0444">/50/2</File>
    <Query type="disk">/tmp/test-disk-big/50/2</Query>
  </Pair>
  <Pair reval="1d">
    <File perm="0444">/50/20</File>
    <Query type="disk">/tmp/test-disk-big/50/20</Query>
  </Pair>
  <Pair reval="1d">
    <File perm="0444">/50/21</File>
    <Query type="disk">/tmp/test-disk-big/50/21</Query>
  </Pair>
  <Pair reval="1d">
    <File perm="0444">/50/22</File>
    <Query type="disk">/tmp/test-disk-big/50/22</Query>
  </Pair>
  <Pair reval="1d">
    <File perm="0444">/50/23</File>
    <Query type="disk">/tmp/test-disk-big/50/23</Query>
  </Pair>
  <Pair reval="1d">
    <File perm="0444">/50/24</File>
    <Query type="disk">/tmp/test-disk-big/50/24</Query>
  </Pair>
  <Pair reval="1d">
    <File perm="0444">/50/25</File>
    <Query type="disk">/tmp/test-disk-big/50/25</Query>
  </Pair>
  <Pair reval="1d">
    <File perm="0444">/50/26</File>
    <Query type="disk">/tmp/test-disk-big/50/26</Query>
  </Pair>
  <Pair reval="1d">
    <File perm="0444">/50/27</File>
    <Query type="disk">/tmp/test-disk-big/50/27</Query>
  </Pair>
  <Pair reval="1d">
    <File perm="0444">/50/28</File>
    <Query type="disk">/tmp/test-disk-big/50/28</Query>
  </Pair>
  <Pair reval="1d">
    <File perm="0444">/50/29</File>
    <Query type="disk">/tmp/test-disk-big/50/29</Query>
  </Pair>
  <Pair reval="1d">
    <File perm="0444">/50/3</File>
    <Query type="disk">/tmp/test-disk-big/50/3</Query>
  </Pair>
  <Pair reval="1d">
    <File perm="0444">/50/30</File>
    <Query type="disk">/tmp/test-disk-big/50/30</Query>
  </Pair>
  <Pair reval="1d">
    <File perm="0444">/50/31</File>
    <Query type="disk">/tmp/test-disk-big/50/31</Query>
  </Pair>
  <Pair reval="1d">
    <File perm="0444">/50/32</File>
    <Query type="disk">/tmp/test-disk-big/50/32</Query>
  </Pair>
  <Pair reval="1d">
    <File perm="0444">/50/33</File>
    <Query type="disk">/tmp/test-disk-big/50/33</Query>
  </Pair>
  <Pair reval="1d">
    <File perm="0444">/50/34</File>
    <Query type="disk">/tmp/test-disk-big/50/34</Query>
  </Pair>
  <Pair reval="1d">
    <File perm="0444">/50/35</File>
    <Query type="disk">/tmp/test-disk-big/50/35</Query>
  </Pair>
  <Pair reval="1d">
    <File perm="0444">/50/36</File>
    <Query type="disk">/tmp/test-disk-big/50/36</Query>
  </Pair>
  <Pair reval="1d">
    <File perm="0444">/50/37</File>
    <Query type="disk">/tmp/test-disk-big/50/37</Query>
  </Pair>
  <Pair reval="1d">
    <File perm="0444">/50/38</File>
    <Query type="disk">/tmp/test-disk-big/50/38</Query>
  </Pair>
  <Pair reval="1d">
    <File perm="0444">/50/39</File>
    <Query type="disk">/tmp/test-disk-big/50/39</Query>
  </Pair>
  <Pair reval="1d">
    <File perm="0444">/50/4</File>
    <Query type="disk">/tmp/test-disk-big/50/4</Query>
  </Pair>
  <Pair reval="1d">
    <File perm="0444">/50/40</File>
    <Query type="disk">/tmp/test-disk-big/50/40</Query>
  </Pair>
  <Pair reval="1d">
    <File perm="0444">/50/41</File>
    <Query type="disk">/tmp/test-disk-big/50/41</Query>
  </Pair>
  <Pair reval="1d">
    <File perm="0444">/50/42</File>
    <Query type="disk">/tmp/test-disk-big/50/42</Query>
  </Pair>
  <Pair reval="1d">
    <File perm="0444">/50/43</File>
    <Query type="disk">/tmp/test-disk-big/50/43</Query>
  </Pair>
  <Pair reval="1d">
    <File perm="0444">/50/44</File>
    <Query type="disk">/tmp/test-disk-big/50/44</Query>
  </Pair>
  <Pair reval="1d">
    <File perm="0444">/50/45</File>
    <Query type="disk">/tmp/test-disk-big/50/45</Query>
  </Pair>
  <Pair reval="1d">
    <File perm="0444">/50/46</File>
    <Query type="disk">/tmp/test-disk-big/50/46</Query>
  </Pair>
  <Pair reval="1d">
    <File perm="0444">/50/47</File>
    <Query type="disk">/tmp/test-disk-big/50/47</Query>
  </Pair>
  <Pair reval="1d">
    <File perm="0444">/50/48</File>
    <Query type="disk">/tmp/test-disk-big/50/48</Query>
  </Pair>
  <Pair reval="1d">
    <File perm="0444">/50/49</File>
    <Query type="disk">/tmp/test-disk-big/50/49</Query>
  </Pair>
  <Pair reval="1d">
    <File perm="0444">/50/5</File>
    <Query type="disk">/tmp/test-disk-big/50/5</Query>
  </Pair>
  <Pair reval="1d">
    <File perm="0444">/50/50</File>
    <Query type="disk">/tmp/test-disk-big/50/50</Query>
  </Pair>
  <Pair reval="1d">
    <File perm="0444">/50/51</File>
    <Query type="disk">/tmp/test-disk-big/50/51</Query>
  </Pair>
  <Pair reval="1d">
    <File perm="0444">/50/52</File>
    <Query type="disk">/tmp/test-disk-big/50/52</Query>
  </Pair>
  <Pair reval="1d">
    <File perm="0444">/50/53</File>
    <Query type="disk">/tmp/test-disk-big/50/53</Query>
  </Pair>
  <Pair reval="1d">
    <File perm="0444">/50/54</File>
    <Query type="disk">/tmp/test-disk-big/50/54</Query>
  </Pair>
  <Pair reval="1d">
    <File perm="0444">/50/55</File>
    <Query type="disk">/tmp/test-disk-big/50/55</Query>
  </Pair>
  <Pair reval="1d">
    <File perm="0444">/50/56</File>
    <Query type="disk">/tmp/test-disk-big/50/56</Query>
  </Pair>
  <Pair reval="1d">
    <File perm="0444">/50/57</File>
    <Query type="disk">/tmp/test-disk-big/50/57</Query>
  </Pair>
  <Pair reval="1d">
    <File perm="0444">/50/58</File>
    <Query type="disk">/tmp/test-disk-big/50/58</Query>
  </Pair>
  <Pair reval="1d">
    <File perm="0444">/50/59</File>
    <Query type="disk">/tmp/test-disk-big/50/59</Query>
  </Pair>
  <Pair reval="1d">
    <File perm="0444">/50/6</File>
    <Query type="disk">/tmp/test-disk-big/50/6</Query>
  </Pair>
  <Pair reval="1d">
    <File perm="0444">/50/60</File>
    <Query type="disk">/tmp/test-disk-big/50/60</Query>
  </Pair>
  <Pair reval="1d">
    <File perm="0444">/50/61</File>
    <Query type="disk">/tmp/test-disk-big/50/61</Query>
  </Pair>
  <Pair reval="1d">
    <File perm="0444">/50/62</File>
    <Query type="disk">/tmp/test-disk-big/50/62</Query>
  </Pair>
  <Pair reval="1d">
    <File perm="0444">/50/63</File>
    <Query type="disk">/tmp/test-disk-big/50/63</Query>
  </Pair>
  <Pair reval="1d">
    <File perm="0444">/50/64</File>
    <Query type="disk">/tmp/test-disk-big/50/64</Query>
  </Pair>
  <Pair reval="1d">
    <File perm="0444">/50/65</File>
    <Query type="disk">/tmp/test-disk-big/50/65</Query>
  </Pair>
  <Pair reval="1d">
    <File perm="0444">/50/66</File>
    <Query type="disk">/tmp/test-disk-big/50/66</Query>
  </Pair>
  <Pair reval="1d">
    <File perm="0444">/50/67</File>
    <Query type="disk">/tmp/test-disk-big/50/67</Query>
  </Pair>
  <Pair reval="1d">
    <File perm="0444">/50/68</File>
    <Query type="disk">/tmp/test-disk-big/50/68</Query>
  </Pair>
  <Pair reval="1d">
    <File perm="0444">/50/69</File>
    <Query type="disk">/tmp/test-disk-big/50/69</Query>
  </Pair>
  <Pair reval="1d">
    <File perm="0444">/50/7</File>
    <Query type="disk">/tmp/test-disk-big/50/7</Query>
  </Pair>
  <Pair reval="1d">
    <File perm="0444">/50/70</File>
    <Query type="disk">/tmp/test-disk-big/50/70</Query>
  </Pair>
  <Pair reval="1d">
    <File perm="0444">/50/71</File>
    <Query type="disk">/tmp/test-disk-big/50/71</Query>
  </Pair>
  <Pair reval="1d">
    <File perm="0444">/50/72</File>
    <Query type="disk">/tmp/test-disk-big/50/72</Query>
  </Pair>
  <Pair reval="1d">
    <File perm="0444">/50/73</File>
    <Query type="disk">/tmp/test-disk-big/50/73</Query>
  </Pair>
  <Pair reval="1d">
    <File perm="0444">/50/74</File>
    <Query type="disk">/tmp/test-disk-big/50/74</Query>
  </Pair>
  <Pair reval="1d">
    <File perm="0444">/50/75</File>
    <Query type="disk">/tmp/test-disk-big/50/75</Query>
  </Pair>
  <Pair reval="1d">
    <File perm="0444">/50/76</File>
    <Query type="disk">/tmp/test-disk-big/50/76</Query>
  </Pair>
  <Pair reval="1d">
    <File perm="0444">/50/77</File>
    <Query type="disk">/tmp/test-disk-big/50/77</Query>
  </Pair>
  <Pair reval="1d">
    <File perm="0444">/50/78</File>
    <Query type="disk">/tmp/test-disk-big/50/78</Query>
  </Pair>
  <Pair reval="1d">
    <File perm="0444">/50/79</File>
    <Query type="disk">/tmp/test-disk-big/50/79</Query>
  </Pair>
  <Pair reval="1d">
    <File perm="0444">/50/8</File>
    <Query type="disk">/tmp/test-disk-big/50/8</Query>
  </Pair>
  <Pair reval="1d">
    <File perm="0444">/50/80</File>
    <Query type="disk">/tmp/test-disk-big/50/80</Query>
  </Pair>
  <Pair reval="1d">
    <File perm="0444">/50/81</File>
    <Query type="disk">/tmp/test-disk-big/50/81</Query>
  </Pair>
  <Pair reval="1d">
    <File perm="0444">/50/82</File>
    <Query type="disk">/tmp/test-disk-big/50/82</Query>
  </Pair>
  <Pair reval="1d">
    <File perm="0444">/50/83</File>
    <Query type="disk">/tmp/test-disk-big/50/83</Query>
  </Pair>
  <Pair reval="1d">
    <File perm="0444">/50/84</File>
    <Query type="disk">/tmp/test-disk-big/50/84</Query>
  </Pair>
  <Pair reval="1d">
    <File perm="0444">/50/85</File>
    <Query type="disk">/tmp/test-disk-big/50/85</Query>
  </Pair>
  <Pair reval="1d">
    <File perm="0444">/50/86</File>
    <Query type="disk">/tmp/test-disk-big/50/86</Query>
  </Pair>
  <Pair reval="1d">
    <File perm="0444">/50/87</File>
    <Query type="disk">/tmp/test-disk-big/50/87</Query>
  </Pair>
  <Pair reval="1d">
    <File perm="0444">/50/88</File>
    <Query type="disk">/tmp/test-disk-big/50/88</Query>
  </Pair>
  <Pair reval="1d">
    <File perm="0444">/50/89</File>
    <Query type="disk">/tmp/test-disk-big/50/89</Query>
  </Pair>
  <Pair reval="1d">
    <File perm="0444">/50/9</File>
    <Query type="disk">/tmp/test-disk-big/50/9</Query>
  </Pair>
  <Pair reval="1d">
    <File perm="0444">/50/90</File>
    <Query type="disk">/tmp/test-disk-big/50/90</Query>
  </Pair>
  <Pair reval="1d">
    <File perm="0444">/50/91</File>
    <Query type="disk">/tmp/test-disk-big/50/91</Query>
  </Pair>
  <Pair reval="1d">
    <File perm="0444">/50/92</File>
    <Query type="disk">/tmp/test-disk-big/50/92</Query>
  </Pair>
  <Pair reval="1d">
    <File perm="0444">/50/93</File>
    <Query type="disk">/tmp/test-disk-big/50/93</Query>
  </Pair>
  <Pair reval="1d">
    <File perm="0444">/50/94</File>
    <Query type="disk">/tmp/test-disk-big/50/94</Query>
  </Pair>
  <Pair reval="1d">
    <File perm="0444">/50/95</File>
    <Query type="disk">/tmp/test-disk-big/50/95</Query>
  </Pair>
  <Pair reval="1d">
    <File perm="0444">/50/96</File>
    <Query type="disk">/tmp/test-disk-big/50/96</Query>
  </Pair>
  <Pair reval="1d">
    <File perm="0444">/50/97</File>
    <Query type="disk">/tmp/test-disk-big/50/97</Query>
  </Pair>
  <Pair reval="1d">
    <File perm="0444">/50/98</File>
    <Query type="disk">/tmp/test-disk-big/50/98</Query>
  </Pair>
  <Pair reval="1d">
    <File perm="0444">/50/99</File>
    <Query type="disk">/tmp/test-disk-big/50/99</Query>
  </Pair>
  <Pair reval="1d">
    <Dir perm="0555">/51</Dir>
    <Query type="disk"></Query>
  </Pair>
  <Pair reval="1d">
    <File perm="0444">/51/1</File>
    <Query type="disk">/tmp/test-disk-big/51/1</Query>
  </Pair>
  <Pair reval="1d">
    <File perm="0444">/51/10</File>
    <Query type="disk">/tmp/test-disk-big/51/10</Query>
  </Pair>
  <Pair reval="1d">
    <File perm="0444">/51/100</File>
    <Query type="disk">/tmp/test-disk-big/51/100</Query>
  </Pair>
  <Pair reval="1d">
    <File perm="0444">/51/11</File>
    <Query type="disk">/tmp/test-disk-big/51/11</Query>
  </Pair>
  <Pair reval="1d">
    <File perm="0444">/51/12</File>
    <Query type="disk">/tmp/test-disk-big/51/12</Query>
  </Pair>
  <Pair reval="1d">
    <File perm="0444">/51/13</File>
    <Query type="disk">/tmp/test-disk-big/51/13</Query>
  </Pair>
  <Pair reval="1d">
    <File perm="0444">/51/14</File>
    <Query type="disk">/tmp/test-disk-big/51/14</Query>
  </Pair>
  <Pair reval="1d">
    <File perm="0444">/51/15</File>
    <Query type="disk">/tmp/test-disk-big/51/15</Query>
  </Pair>
  <Pair reval="1d">
    <File perm="0444">/51/16</File>
    <Query type="disk">/tmp/test-disk-big/51/16</Query>
  </Pair>
  <Pair reval="1d">
    <File perm="0444">/51/17</File>
    <Query type="disk">/tmp/test-disk-big/51/17</Query>
  </Pair>
  <Pair reval="1d">
    <File perm="0444">/51/18</File>
    <Query type="disk">/tmp/test-disk-big/51/18</Query>
  </Pair>
  <Pair reval="1d">
    <File perm="0444">/51/19</File>
    <Query type="disk">/tmp/test-disk-big/51/19</Query>
  </Pair>
  <Pair reval="1d">
    <File perm="0444">/51/2</File>
    <Query type="disk">/tmp/test-disk-big/51/2</Query>
  </Pair>
  <Pair reval="1d">
    <File perm="0444">/51/20</File>
    <Query type="disk">/tmp/test-disk-big/51/20</Query>
  </Pair>
  <Pair reval="1d">
    <File perm="0444">/51/21</File>
    <Query type="disk">/tmp/test-disk-big/51/21</Query>
  </Pair>
  <Pair reval="1d">
    <File perm="0444">/51/22</File>
    <Query type="disk">/tmp/test-disk-big/51/22</Query>
  </Pair>
  <Pair reval="1d">
    <File perm="0444">/51/23</File>
    <Query type="disk">/tmp/test-disk-big/51/23</Query>
  </Pair>
  <Pair reval="1d">
    <File perm="0444">/51/24</File>
    <Query type="disk">/tmp/test-disk-big/51/24</Query>
  </Pair>
  <Pair reval="1d">
    <File perm="0444">/51/25</File>
    <Query type="disk">/tmp/test-disk-big/51/25</Query>
  </Pair>
  <Pair reval="1d">
    <File perm="0444">/51/26</File>
    <Query type="disk">/tmp/test-disk-big/51/26</Query>
  </Pair>
  <Pair reval="1d">
    <File perm="0444">/51/27</File>
    <Query type="disk">/tmp/test-disk-big/51/27</Query>
  </Pair>
  <Pair reval="1d">
    <File perm="0444">/51/28</File>
    <Query type="disk">/tmp/test-disk-big/51/28</Query>
  </Pair>
  <Pair reval="1d">
    <File perm="0444">/51/29</File>
    <Query type="disk">/tmp/test-disk-big/51/29</Query>
  </Pair>
  <Pair reval="1d">
    <File perm="0444">/51/3</File>
    <Query type="disk">/tmp/test-disk-big/51/3</Query>
  </Pair>
  <Pair reval="1d">
    <File perm="0444">/51/30</File>
    <Query type="disk">/tmp/test-disk-big/51/30</Query>
  </Pair>
  <Pair reval="1d">
    <File perm="0444">/51/31</File>
    <Query type="disk">/tmp/test-disk-big/51/31</Query>
  </Pair>
  <Pair reval="1d">
    <File perm="0444">/51/32</File>
    <Query type="disk">/tmp/test-disk-big/51/32</Query>
  </Pair>
  <Pair reval="1d">
    <File perm="0444">/51/33</File>
    <Query type="disk">/tmp/test-disk-big/51/33</Query>
  </Pair>
  <Pair reval="1d">
    <File perm="0444">/51/34</File>
    <Query type="disk">/tmp/test-disk-big/51/34</Query>
  </Pair>
  <Pair reval="1d">
    <File perm="0444">/51/35</File>
    <Query type="disk">/tmp/test-disk-big/51/35</Query>
  </Pair>
  <Pair reval="1d">
    <File perm="0444">/51/36</File>
    <Query type="disk">/tmp/test-disk-big/51/36</Query>
  </Pair>
  <Pair reval="1d">
    <File perm="0444">/51/37</File>
    <Query type="disk">/tmp/test-disk-big/51/37</Query>
  </Pair>
  <Pair reval="1d">
    <File perm="0444">/51/38</File>
    <Query type="disk">/tmp/test-disk-big/51/38</Query>
  </Pair>
  <Pair reval="1d">
    <File perm="0444">/51/39</File>
    <Query type="disk">/tmp/test-disk-big/51/39</Query>
  </Pair>
  <Pair reval="1d">
    <File perm="0444">/51/4</File>
    <Query type="disk">/tmp/test-disk-big/51/4</Query>
  </Pair>
  <Pair reval="1d">
    <File perm="0444">/51/40</File>
    <Query type="disk">/tmp/test-disk-big/51/40</Query>
  </Pair>
  <Pair reval="1d">
    <File perm="0444">/51/41</File>
    <Query type="disk">/tmp/test-disk-big/51/41</Query>
  </Pair>
  <Pair reval="1d">
    <File perm="0444">/51/42</File>
    <Query type="disk">/tmp/test-disk-big/51/42</Query>
  </Pair>
  <Pair reval="1d">
    <File perm="0444">/51/43</File>
    <Query type="disk">/tmp/test-disk-big/51/43</Query>
  </Pair>
  <Pair reval="1d">
    <File perm="0444">/51/44</File>
    <Query type="disk">/tmp/test-disk-big/51/44</Query>
  </Pair>
  <Pair reval="1d">
    <File perm="0444">/51/45</File>
    <Query type="disk">/tmp/test-disk-big/51/45</Query>
  </Pair>
  <Pair reval="1d">
    <File perm="0444">/51/46</File>
    <Query type="disk">/tmp/test-disk-big/51/46</Query>
  </Pair>
  <Pair reval="1d">
    <File perm="0444">/51/47</File>
    <Query type="disk">/tmp/test-disk-big/51/47</Query>
  </Pair>
  <Pair reval="1d">
    <File perm="0444">/51/48</File>
    <Query type="disk">/tmp/test-disk-big/51/48</Query>
  </Pair>
  <Pair reval="1d">
    <File perm="0444">/51/49</File>
    <Query type="disk">/tmp/test-disk-big/51/49</Query>
  </Pair>
  <Pair reval="1d">
    <File perm="0444">/51/5</File>
    <Query type="disk">/tmp/test-disk-big/51/5</Query>
  </Pair>
  <Pair reval="1d">
    <File perm="0444">/51/50</File>
    <Query type="disk">/tmp/test-disk-big/51/50</Query>
  </Pair>
  <Pair reval="1d">
    <File perm="0444">/51/51</File>
    <Query type="disk">/tmp/test-disk-big/51/51</Query>
  </Pair>
  <Pair reval="1d">
    <File perm="0444">/51/52</File>
    <Query type="disk">/tmp/test-disk-big/51/52</Query>
  </Pair>
  <Pair reval="1d">
    <File perm="0444">/51/53</File>
    <Query type="disk">/tmp/test-disk-big/51/53</Query>
  </Pair>
  <Pair reval="1d">
    <File perm="0444">/51/54</File>
    <Query type="disk">/tmp/test-disk-big/51/54</Query>
  </Pair>
  <Pair reval="1d">
    <File perm="0444">/51/55</File>
    <Query type="disk">/tmp/test-disk-big/51/55</Query>
  </Pair>
  <Pair reval="1d">
    <File perm="0444">/51/56</File>
    <Query type="disk">/tmp/test-disk-big/51/56</Query>
  </Pair>
  <Pair reval="1d">
    <File perm="0444">/51/57</File>
    <Query type="disk">/tmp/test-disk-big/51/57</Query>
  </Pair>
  <Pair reval="1d">
    <File perm="0444">/51/58</File>
    <Query type="disk">/tmp/test-disk-big/51/58</Query>
  </Pair>
  <Pair reval="1d">
    <File perm="0444">/51/59</File>
    <Query type="disk">/tmp/test-disk-big/51/59</Query>
  </Pair>
  <Pair reval="1d">
    <File perm="0444">/51/6</File>
    <Query type="disk">/tmp/test-disk-big/51/6</Query>
  </Pair>
  <Pair reval="1d">
    <File perm="0444">/51/60</File>
    <Query type="disk">/tmp/test-disk-big/51/60</Query>
  </Pair>
  <Pair reval="1d">
    <File perm="0444">/51/61</File>
    <Query type="disk">/tmp/test-disk-big/51/61</Query>
  </Pair>
  <Pair reval="1d">
    <File perm="0444">/51/62</File>
    <Query type="disk">/tmp/test-disk-big/51/62</Query>
  </Pair>
  <Pair reval="1d">
    <File perm="0444">/51/63</File>
    <Query type="disk">/tmp/test-disk-big/51/63</Query>
  </Pair>
  <Pair reval="1d">
    <File perm="0444">/51/64</File>
    <Query type="disk">/tmp/test-disk-big/51/64</Query>
  </Pair>
  <Pair reval="1d">
    <File perm="0444">/51/65</File>
    <Query type="disk">/tmp/test-disk-big/51/65</Query>
  </Pair>
  <Pair reval="1d">
    <File perm="0444">/51/66</File>
    <Query type="disk">/tmp/test-disk-big/51/66</Query>
  </Pair>
  <Pair reval="1d">
    <File perm="0444">/51/67</File>
    <Query type="disk">/tmp/test-disk-big/51/67</Query>
  </Pair>
  <Pair reval="1d">
    <File perm="0444">/51/68</File>
    <Query type="disk">/tmp/test-disk-big/51/68</Query>
  </Pair>
  <Pair reval="1d">
    <File perm="0444">/51/69</File>
    <Query type="disk">/tmp/test-disk-big/51/69</Query>
  </Pair>
  <Pair reval="1d">
    <File perm="0444">/51/7</File>
    <Query type="disk">/tmp/test-disk-big/51/7</Query>
  </Pair>
  <Pair reval="1d">
    <File perm="0444">/51/70</File>
    <Query type="disk">/tmp/test-disk-big/51/70</Query>
  </Pair>
  <Pair reval="1d">
    <File perm="0444">/51/71</File>
    <Query type="disk">/tmp/test-disk-big/51/71</Query>
  </Pair>
  <Pair reval="1d">
    <File perm="0444">/51/72</File>
    <Query type="disk">/tmp/test-disk-big/51/72</Query>
  </Pair>
  <Pair reval="1d">
    <File perm="0444">/51/73</File>
    <Query type="disk">/tmp/test-disk-big/51/73</Query>
  </Pair>
  <Pair reval="1d">
    <File perm="0444">/51/74</File>
    <Query type="disk">/tmp/test-disk-big/51/74</Query>
  </Pair>
  <Pair reval="1d">
    <File perm="0444">/51/75</File>
    <Query type="disk">/tmp/test-disk-big/51/75</Query>
  </Pair>
  <Pair reval="1d">
    <File perm="0444">/51/76</File>
    <Query type="disk">/tmp/test-disk-big/51/76</Query>
  </Pair>
  <Pair reval="1d">
    <File perm="0444">/51/77</File>
    <Query type="disk">/tmp/test-disk-big/51/77</Query>
  </Pair>
  <Pair reval="1d">
    <File perm="0444">/51/78</File>
    <Query type="disk">/tmp/test-disk-big/51/78</Query>
  </Pair>
  <Pair reval="1d">
    <File perm="0444">/51/79</File>
    <Query type="disk">/tmp/test-disk-big/51/79</Query>
  </Pair>
  <Pair reval="1d">
    <File perm="0444">/51/8</File>
    <Query type="disk">/tmp/test-disk-big/51/8</Query>
  </Pair>
  <Pair reval="1d">
    <File perm="0444">/51/80</File>
    <Query type="disk">/tmp/test-disk-big/51/80</Query>
  </Pair>
  <Pair reval="1d">
    <File perm="0444">/51/81</File>
    <Query type="disk">/tmp/test-disk-big/51/81</Query>
  </Pair>
  <Pair reval="1d">
    <File perm="0444">/51/82</File>
    <Query type="disk">/tmp/test-disk-big/51/82</Query>
  </Pair>
  <Pair reval="1d">
    <File perm="0444">/51/83</File>
    <Query type="disk">/tmp/test-disk-big/51/83</Query>
  </Pair>
  <Pair reval="1d">
    <File perm="0444">/51/84</File>
    <Query type="disk">/tmp/test-disk-big/51/84</Query>
  </Pair>
  <Pair reval="1d">
    <File perm="0444">/51/85</File>
    <Query type="disk">/tmp/test-disk-big/51/85</Query>
  </Pair>
  <Pair reval="1d">
    <File perm="0444">/51/86</File>
    <Query type="disk">/tmp/test-disk-big/51/86</Query>
  </Pair>
  <Pair reval="1d">
    <File perm="0444">/51/87</File>
    <Query type="disk">/tmp/test-disk-big/51/87</Query>
  </Pair>
  <Pair reval="1d">
    <File perm="0444">/51/88</File>
    <Query type="disk">/tmp/test-disk-big/51/88</Query>
  </Pair>
  <Pair reval="1d">
    <File perm="0444">/51/89</File>
    <Query type="disk">/tmp/test-disk-big/51/89</Query>
  </Pair>
  <Pair reval="1d">
    <File perm="0444">/51/9</File>
    <Query type="disk">/tmp/test-disk-big/51/9</Query>
  </Pair>
  <Pair reval="1d">
    <File perm="0444">/51/90</File>
    <Query type="disk">/tmp/test-disk-big/51/90</Query>
  </Pair>
  <Pair reval="1d">
    <File perm="0444">/51/91</File>
    <Query type="disk">/tmp/test-disk-big/51/91</Query>
  </Pair>
  <Pair reval="1d">
    <File perm="0444">/51/92</File>
    <Query type="disk">/tmp/test-disk-big/51/92</Query>
  </Pair>
  <Pair reval="1d">
    <File perm="0444">/51/93</File>
    <Query type="disk">/tmp/test-disk-big/51/93</Query>
  </Pair>
  <Pair reval="1d">
    <File perm="0444">/51/94</File>
    <Query type="disk">/tmp/test-disk-big/51/94</Query>
  </Pair>
  <Pair reval="1d">
    <File perm="0444">/51/95</File>
    <Query type="disk">/tmp/test-disk-big/51/95</Query>
  </Pair>
  <Pair reval="1d">
    <File perm="0444">/51/96</File>
    <Query type="disk">/tmp/test-disk-big/51/96</Query>
  </Pair>
  <Pair reval="1d">
    <File perm="0444">/51/97</File>
    <Query type="disk">/tmp/test-disk-big/51/97</Query>
  </Pair>
  <Pair reval="1d">
    <File perm="0444">/51/98</File>
    <Query type="disk">/tmp/test-disk-big/51/98</Query>
  </Pair>
  <Pair reval="1d">
    <File perm="0444">/51/99</File>
    <Query type="disk">/tmp/test-disk-big/51/99</Query>
  </Pair>
  <Pair reval="1d">
    <Dir perm="0555">/52</Dir>
    <Query type="disk"></Query>
  </Pair>
  <Pair reval="1d">
    <File perm="0444">/52/1</File>
    <Query type="disk">/tmp/test-disk-big/52/1</Query>
  </Pair>
  <Pair reval="1d">
    <File perm="0444">/52/10</File>
    <Query type="disk">/tmp/test-disk-big/52/10</Query>
  </Pair>
  <Pair reval="1d">
    <File perm="0444">/52/100</File>
    <Query type="disk">/tmp/test-disk-big/52/100</Query>
  </Pair>
  <Pair reval="1d">
    <File perm="0444">/52/11</File>
    <Query type="disk">/tmp/test-disk-big/52/11</Query>
  </Pair>
  <Pair reval="1d">
    <File perm="0444">/52/12</File>
    <Query type="disk">/tmp/test-disk-big/52/12</Query>
  </Pair>
  <Pair reval="1d">
    <File perm="0444">/52/13</File>
    <Query type="disk">/tmp/test-disk-big/52/13</Query>
  </Pair>
  <Pair reval="1d">
    <File perm="0444">/52/14</File>
    <Query type="disk">/tmp/test-disk-big/52/14</Query>
  </Pair>
  <Pair reval="1d">
    <File perm="0444">/52/15</File>
    <Query type="disk">/tmp/test-disk-big/52/15</Query>
  </Pair>
  <Pair reval="1d">
    <File perm="0444">/52/16</File>
    <Query type="disk">/tmp/test-disk-big/52/16</Query>
  </Pair>
  <Pair reval="1d">
    <File perm="0444">/52/17</File>
    <Query type="disk">/tmp/test-disk-big/52/17</Query>
  </Pair>
  <Pair reval="1d">
    <File perm="0444">/52/18</File>
    <Query type="disk">/tmp/test-disk-big/52/18</Query>
  </Pair>
  <Pair reval="1d">
    <File perm="0444">/52/19</File>
    <Query type="disk">/tmp/test-disk-big/52/19</Query>
  </Pair>
  <Pair reval="1d">
    <File perm="0444">/52/2</File>
    <Query type="disk">/tmp/test-disk-big/52/2</Query>
  </Pair>
  <Pair reval="1d">
    <File perm="0444">/52/20</File>
    <Query type="disk">/tmp/test-disk-big/52/20</Query>
  </Pair>
  <Pair reval="1d">
    <File perm="0444">/52/21</File>
    <Query type="disk">/tmp/test-disk-big/52/21</Query>
  </Pair>
  <Pair reval="1d">
    <File perm="0444">/52/22</File>
    <Query type="disk">/tmp/test-disk-big/52/22</Query>
  </Pair>
  <Pair reval="1d">
    <File perm="0444">/52/23</File>
    <Query type="disk">/tmp/test-disk-big/52/23</Query>
  </Pair>
  <Pair reval="1d">
    <File perm="0444">/52/24</File>
    <Query type="disk">/tmp/test-disk-big/52/24</Query>
  </Pair>
  <Pair reval="1d">
    <File perm="0444">/52/25</File>
    <Query type="disk">/tmp/test-disk-big/52/25</Query>
  </Pair>
  <Pair reval="1d">
    <File perm="0444">/52/26</File>
    <Query type="disk">/tmp/test-disk-big/52/26</Query>
  </Pair>
  <Pair reval="1d">
    <File perm="0444">/52/27</File>
    <Query type="disk">/tmp/test-disk-big/52/27</Query>
  </Pair>
  <Pair reval="1d">
    <File perm="0444">/52/28</File>
    <Query type="disk">/tmp/test-disk-big/52/28</Query>
  </Pair>
  <Pair reval="1d">
    <File perm="0444">/52/29</File>
    <Query type="disk">/tmp/test-disk-big/52/29</Query>
  </Pair>
  <Pair reval="1d">
    <File perm="0444">/52/3</File>
    <Query type="disk">/tmp/test-disk-big/52/3</Query>
  </Pair>
  <Pair reval="1d">
    <File perm="0444">/52/30</File>
    <Query type="disk">/tmp/test-disk-big/52/30</Query>
  </Pair>
  <Pair reval="1d">
    <File perm="0444">/52/31</File>
    <Query type="disk">/tmp/test-disk-big/52/31</Query>
  </Pair>
  <Pair reval="1d">
    <File perm="0444">/52/32</File>
    <Query type="disk">/tmp/test-disk-big/52/32</Query>
  </Pair>
  <Pair reval="1d">
    <File perm="0444">/52/33</File>
    <Query type="disk">/tmp/test-disk-big/52/33</Query>
  </Pair>
  <Pair reval="1d">
    <File perm="0444">/52/34</File>
    <Query type="disk">/tmp/test-disk-big/52/34</Query>
  </Pair>
  <Pair reval="1d">
    <File perm="0444">/52/35</File>
    <Query type="disk">/tmp/test-disk-big/52/35</Query>
  </Pair>
  <Pair reval="1d">
    <File perm="0444">/52/36</File>
    <Query type="disk">/tmp/test-disk-big/52/36</Query>
  </Pair>
  <Pair reval="1d">
    <File perm="0444">/52/37</File>
    <Query type="disk">/tmp/test-disk-big/52/37</Query>
  </Pair>
  <Pair reval="1d">
    <File perm="0444">/52/38</File>
    <Query type="disk">/tmp/test-disk-big/52/38</Query>
  </Pair>
  <Pair reval="1d">
    <File perm="0444">/52/39</File>
    <Query type="disk">/tmp/test-disk-big/52/39</Query>
  </Pair>
  <Pair reval="1d">
    <File perm="0444">/52/4</File>
    <Query type="disk">/tmp/test-disk-big/52/4</Query>
  </Pair>
  <Pair reval="1d">
    <File perm="0444">/52/40</File>
    <Query type="disk">/tmp/test-disk-big/52/40</Query>
  </Pair>
  <Pair reval="1d">
    <File perm="0444">/52/41</File>
    <Query type="disk">/tmp/test-disk-big/52/41</Query>
  </Pair>
  <Pair reval="1d">
    <File perm="0444">/52/42</File>
    <Query type="disk">/tmp/test-disk-big/52/42</Query>
  </Pair>
  <Pair reval="1d">
    <File perm="0444">/52/43</File>
    <Query type="disk">/tmp/test-disk-big/52/43</Query>
  </Pair>
  <Pair reval="1d">
    <File perm="0444">/52/44</File>
    <Query type="disk">/tmp/test-disk-big/52/44</Query>
  </Pair>
  <Pair reval="1d">
    <File perm="0444">/52/45</File>
    <Query type="disk">/tmp/test-disk-big/52/45</Query>
  </Pair>
  <Pair reval="1d">
    <File perm="0444">/52/46</File>
    <Query type="disk">/tmp/test-disk-big/52/46</Query>
  </Pair>
  <Pair reval="1d">
    <File perm="0444">/52/47</File>
    <Query type="disk">/tmp/test-disk-big/52/47</Query>
  </Pair>
  <Pair reval="1d">
    <File perm="0444">/52/48</File>
    <Query type="disk">/tmp/test-disk-big/52/48</Query>
  </Pair>
  <Pair reval="1d">
    <File perm="0444">/52/49</File>
    <Query type="disk">/tmp/test-disk-big/52/49</Query>
  </Pair>
  <Pair reval="1d">
    <File perm="0444">/52/5</File>
    <Query type="disk">/tmp/test-disk-big/52/5</Query>
  </Pair>
  <Pair reval="1d">
    <File perm="0444">/52/50</File>
    <Query type="disk">/tmp/test-disk-big/52/50</Query>
  </Pair>
  <Pair reval="1d">
    <File perm="0444">/52/51</File>
    <Query type="disk">/tmp/test-disk-big/52/51</Query>
  </Pair>
  <Pair reval="1d">
    <File perm="0444">/52/52</File>
    <Query type="disk">/tmp/test-disk-big/52/52</Query>
  </Pair>
  <Pair reval="1d">
    <File perm="0444">/52/53</File>
    <Query type="disk">/tmp/test-disk-big/52/53</Query>
  </Pair>
  <Pair reval="1d">
    <File perm="0444">/52/54</File>
    <Query type="disk">/tmp/test-disk-big/52/54</Query>
  </Pair>
  <Pair reval="1d">
    <File perm="0444">/52/55</File>
    <Query type="disk">/tmp/test-disk-big/52/55</Query>
  </Pair>
  <Pair reval="1d">
    <File perm="0444">/52/56</File>
    <Query type="disk">/tmp/test-disk-big/52/56</Query>
  </Pair>
  <Pair reval="1d">
    <File perm="0444">/52/57</File>
    <Query type="disk">/tmp/test-disk-big/52/57</Query>
  </Pair>
  <Pair reval="1d">
    <File perm="0444">/52/58</File>
    <Query type="disk">/tmp/test-disk-big/52/58</Query>
  </Pair>
  <Pair reval="1d">
    <File perm="0444">/52/59</File>
    <Query type="disk">/tmp/test-disk-big/52/59</Query>
  </Pair>
  <Pair reval="1d">
    <File perm="0444">/52/6</File>
    <Query type="disk">/tmp/test-disk-big/52/6</Query>
  </Pair>
  <Pair reval="1d">
    <File perm="0444">/52/60</File>
    <Query type="disk">/tmp/test-disk-big/52/60</Query>
  </Pair>
  <Pair reval="1d">
    <File perm="0444">/52/61</File>
    <Query type="disk">/tmp/test-disk-big/52/61</Query>
  </Pair>
  <Pair reval="1d">
    <File perm="0444">/52/62</File>
    <Query type="disk">/tmp/test-disk-big/52/62</Query>
  </Pair>
  <Pair reval="1d">
    <File perm="0444">/52/63</File>
    <Query type="disk">/tmp/test-disk-big/52/63</Query>
  </Pair>
  <Pair reval="1d">
    <File perm="0444">/52/64</File>
    <Query type="disk">/tmp/test-disk-big/52/64</Query>
  </Pair>
  <Pair reval="1d">
    <File perm="0444">/52/65</File>
    <Query type="disk">/tmp/test-disk-big/52/65</Query>
  </Pair>
  <Pair reval="1d">
    <File perm="0444">/52/66</File>
    <Query type="disk">/tmp/test-disk-big/52/66</Query>
  </Pair>
  <Pair reval="1d">
    <File perm="0444">/52/67</File>
    <Query type="disk">/tmp/test-disk-big/52/67</Query>
  </Pair>
  <Pair reval="1d">
    <File perm="0444">/52/68</File>
    <Query type="disk">/tmp/test-disk-big/52/68</Query>
  </Pair>
  <Pair reval="1d">
    <File perm="0444">/52/69</File>
    <Query type="disk">/tmp/test-disk-big/52/69</Query>
  </Pair>
  <Pair reval="1d">
    <File perm="0444">/52/7</File>
    <Query type="disk">/tmp/test-disk-big/52/7</Query>
  </Pair>
  <Pair reval="1d">
    <File perm="0444">/52/70</File>
    <Query type="disk">/tmp/test-disk-big/52/70</Query>
  </Pair>
  <Pair reval="1d">
    <File perm="0444">/52/71</File>
    <Query type="disk">/tmp/test-disk-big/52/71</Query>
  </Pair>
  <Pair reval="1d">
    <File perm="0444">/52/72</File>
    <Query type="disk">/tmp/test-disk-big/52/72</Query>
  </Pair>
  <Pair reval="1d">
    <File perm="0444">/52/73</File>
    <Query type="disk">/tmp/test-disk-big/52/73</Query>
  </Pair>
  <Pair reval="1d">
    <File perm="0444">/52/74</File>
    <Query type="disk">/tmp/test-disk-big/52/74</Query>
  </Pair>
  <Pair reval="1d">
    <File perm="0444">/52/75</File>
    <Query type="disk">/tmp/test-disk-big/52/75</Query>
  </Pair>
  <Pair reval="1d">
    <File perm="0444">/52/76</File>
    <Query type="disk">/tmp/test-disk-big/52/76</Query>
  </Pair>
  <Pair reval="1d">
    <File perm="0444">/52/77</File>
    <Query type="disk">/tmp/test-disk-big/52/77</Query>
  </Pair>
  <Pair reval="1d">
    <File perm="0444">/52/78</File>
    <Query type="disk">/tmp/test-disk-big/52/78</Query>
  </Pair>
  <Pair reval="1d">
    <File perm="0444">/52/79</File>
    <Query type="disk">/tmp/test-disk-big/52/79</Query>
  </Pair>
  <Pair reval="1d">
    <File perm="0444">/52/8</File>
    <Query type="disk">/tmp/test-disk-big/52/8</Query>
  </Pair>
  <Pair reval="1d">
    <File perm="0444">/52/80</File>
    <Query type="disk">/tmp/test-disk-big/52/80</Query>
  </Pair>
  <Pair reval="1d">
    <File perm="0444">/52/81</File>
    <Query type="disk">/tmp/test-disk-big/52/81</Query>
  </Pair>
  <Pair reval="1d">
    <File perm="0444">/52/82</File>
    <Query type="disk">/tmp/test-disk-big/52/82</Query>
  </Pair>
  <Pair reval="1d">
    <File perm="0444">/52/83</File>
    <Query type="disk">/tmp/test-disk-big/52/83</Query>
  </Pair>
  <Pair reval="1d">
    <File perm="0444">/52/84</File>
    <Query type="disk">/tmp/test-disk-big/52/84</Query>
  </Pair>
  <Pair reval="1d">
    <File perm="0444">/52/85</File>
    <Query type="disk">/tmp/test-disk-big/52/85</Query>
  </Pair>
  <Pair reval="1d">
    <File perm="0444">/52/86</File>
    <Query type="disk">/tmp/test-disk-big/52/86</Query>
  </Pair>
  <Pair reval="1d">
    <File perm="0444">/52/87</File>
    <Query type="disk">/tmp/test-disk-big/52/87</Query>
  </Pair>
  <Pair reval="1d">
    <File perm="0444">/52/88</File>
    <Query type="disk">/tmp/test-disk-big/52/88</Query>
  </Pair>
  <Pair reval="1d">
    <File perm="0444">/52/89</File>
    <Query type="disk">/tmp/test-disk-big/52/89</Query>
  </Pair>
  <Pair reval="1d">
    <File perm="0444">/52/9</File>
    <Query type="disk">/tmp/test-disk-big/52/9</Query>
  </Pair>
  <Pair reval="1d">
    <File perm="0444">/52/90</File>
    <Query type="disk">/tmp/test-disk-big/52/90</Query>
  </Pair>
  <Pair reval="1d">
    <File perm="0444">/52/91</File>
    <Query type="disk">/tmp/test-disk-big/52/91</Query>
  </Pair>
  <Pair reval="1d">
    <File perm="0444">/52/92</File>
    <Query type="disk">/tmp/test-disk-big/52/92</Query>
  </Pair>
  <Pair reval="1d">
    <File perm="0444">/52/93</File>
    <Query type="disk">/tmp/test-disk-big/52/93</Query>
  </Pair>
  <Pair reval="1d">
    <File perm="0444">/52/94</File>
    <Query type="disk">/tmp/test-disk-big/52/94</Query>
  </Pair>
  <Pair reval="1d">
    <File perm="0444">/52/95</File>
    <Query type="disk">/tmp/test-disk-big/52/95</Query>
  </Pair>
  <Pair reval="1d">
    <File perm="0444">/52/96</File>
    <Query type="disk">/tmp/test-disk-big/52/96</Query>
  </Pair>
  <Pair reval="1d">
    <File perm="0444">/52/97</File>
    <Query type="disk">/tmp/test-disk-big/52/97</Query>
  </Pair>
  <Pair reval="1d">
    <File perm="0444">/52/98</File>
    <Query type="disk">/tmp/test-disk-big/52/98</Query>
  </Pair>
  <Pair reval="1d">
    <File perm="0444">/52/99</File>
    <Query type="disk">/tmp/test-disk-big/52/99</Query>
  </Pair>
  <Pair reval="1d">
    <Dir perm="0555">/53</Dir>
    <Query type="disk"></Query>
  </Pair>
  <Pair reval="1d">
    <File perm="0444">/53/1</File>
    <Query type="disk">/tmp/test-disk-big/53/1</Query>
  </Pair>
  <Pair reval="1d">
    <File perm="0444">/53/10</File>
    <Query type="disk">/tmp/test-disk-big/53/10</Query>
  </Pair>
  <Pair reval="1d">
    <File perm="0444">/53/100</File>
    <Query type="disk">/tmp/test-disk-big/53/100</Query>
  </Pair>
  <Pair reval="1d">
    <File perm="0444">/53/11</File>
    <Query type="disk">/tmp/test-disk-big/53/11</Query>
  </Pair>
  <Pair reval="1d">
    <File perm="0444">/53/12</File>
    <Query type="disk">/tmp/test-disk-big/53/12</Query>
  </Pair>
  <Pair reval="1d">
    <File perm="0444">/53/13</File>
    <Query type="disk">/tmp/test-disk-big/53/13</Query>
  </Pair>
  <Pair reval="1d">
    <File perm="0444">/53/14</File>
    <Query type="disk">/tmp/test-disk-big/53/14</Query>
  </Pair>
  <Pair reval="1d">
    <File perm="0444">/53/15</File>
    <Query type="disk">/tmp/test-disk-big/53/15</Query>
  </Pair>
  <Pair reval="1d">
    <File perm="0444">/53/16</File>
    <Query type="disk">/tmp/test-disk-big/53/16</Query>
  </Pair>
  <Pair reval="1d">
    <File perm="0444">/53/17</File>
    <Query type="disk">/tmp/test-disk-big/53/17</Query>
  </Pair>
  <Pair reval="1d">
    <File perm="0444">/53/18</File>
    <Query type="disk">/tmp/test-disk-big/53/18</Query>
  </Pair>
  <Pair reval="1d">
    <File perm="0444">/53/19</File>
    <Query type="disk">/tmp/test-disk-big/53/19</Query>
  </Pair>
  <Pair reval="1d">
    <File perm="0444">/53/2</File>
    <Query type="disk">/tmp/test-disk-big/53/2</Query>
  </Pair>
  <Pair reval="1d">
    <File perm="0444">/53/20</File>
    <Query type="disk">/tmp/test-disk-big/53/20</Query>
  </Pair>
  <Pair reval="1d">
    <File perm="0444">/53/21</File>
    <Query type="disk">/tmp/test-disk-big/53/21</Query>
  </Pair>
  <Pair reval="1d">
    <File perm="0444">/53/22</File>
    <Query type="disk">/tmp/test-disk-big/53/22</Query>
  </Pair>
  <Pair reval="1d">
    <File perm="0444">/53/23</File>
    <Query type="disk">/tmp/test-disk-big/53/23</Query>
  </Pair>
  <Pair reval="1d">
    <File perm="0444">/53/24</File>
    <Query type="disk">/tmp/test-disk-big/53/24</Query>
  </Pair>
  <Pair reval="1d">
    <File perm="0444">/53/25</File>
    <Query type="disk">/tmp/test-disk-big/53/25</Query>
  </Pair>
  <Pair reval="1d">
    <File perm="0444">/53/26</File>
    <Query type="disk">/tmp/test-disk-big/53/26</Query>
  </Pair>
  <Pair reval="1d">
    <File perm="0444">/53/27</File>
    <Query type="disk">/tmp/test-disk-big/53/27</Query>
  </Pair>
  <Pair reval="1d">
    <File perm="0444">/53/28</File>
    <Query type="disk">/tmp/test-disk-big/53/28</Query>
  </Pair>
  <Pair reval="1d">
    <File perm="0444">/53/29</File>
    <Query type="disk">/tmp/test-disk-big/53/29</Query>
  </Pair>
  <Pair reval="1d">
    <File perm="0444">/53/3</File>
    <Query type="disk">/tmp/test-disk-big/53/3</Query>
  </Pair>
  <Pair reval="1d">
    <File perm="0444">/53/30</File>
    <Query type="disk">/tmp/test-disk-big/53/30</Query>
  </Pair>
  <Pair reval="1d">
    <File perm="0444">/53/31</File>
    <Query type="disk">/tmp/test-disk-big/53/31</Query>
  </Pair>
  <Pair reval="1d">
    <File perm="0444">/53/32</File>
    <Query type="disk">/tmp/test-disk-big/53/32</Query>
  </Pair>
  <Pair reval="1d">
    <File perm="0444">/53/33</File>
    <Query type="disk">/tmp/test-disk-big/53/33</Query>
  </Pair>
  <Pair reval="1d">
    <File perm="0444">/53/34</File>
    <Query type="disk">/tmp/test-disk-big/53/34</Query>
  </Pair>
  <Pair reval="1d">
    <File perm="0444">/53/35</File>
    <Query type="disk">/tmp/test-disk-big/53/35</Query>
  </Pair>
  <Pair reval="1d">
    <File perm="0444">/53/36</File>
    <Query type="disk">/tmp/test-disk-big/53/36</Query>
  </Pair>
  <Pair reval="1d">
    <File perm="0444">/53/37</File>
    <Query type="disk">/tmp/test-disk-big/53/37</Query>
  </Pair>
  <Pair reval="1d">
    <File perm="0444">/53/38</File>
    <Query type="disk">/tmp/test-disk-big/53/38</Query>
  </Pair>
  <Pair reval="1d">
    <File perm="0444">/53/39</File>
    <Query type="disk">/tmp/test-disk-big/53/39</Query>
  </Pair>
  <Pair reval="1d">
    <File perm="0444">/53/4</File>
    <Query type="disk">/tmp/test-disk-big/53/4</Query>
  </Pair>
  <Pair reval="1d">
    <File perm="0444">/53/40</File>
    <Query type="disk">/tmp/test-disk-big/53/40</Query>
  </Pair>
  <Pair reval="1d">
    <File perm="0444">/53/41</File>
    <Query type="disk">/tmp/test-disk-big/53/41</Query>
  </Pair>
  <Pair reval="1d">
    <File perm="0444">/53/42</File>
    <Query type="disk">/tmp/test-disk-big/53/42</Query>
  </Pair>
  <Pair reval="1d">
    <File perm="0444">/53/43</File>
    <Query type="disk">/tmp/test-disk-big/53/43</Query>
  </Pair>
  <Pair reval="1d">
    <File perm="0444">/53/44</File>
    <Query type="disk">/tmp/test-disk-big/53/44</Query>
  </Pair>
  <Pair reval="1d">
    <File perm="0444">/53/45</File>
    <Query type="disk">/tmp/test-disk-big/53/45</Query>
  </Pair>
  <Pair reval="1d">
    <File perm="0444">/53/46</File>
    <Query type="disk">/tmp/test-disk-big/53/46</Query>
  </Pair>
  <Pair reval="1d">
    <File perm="0444">/53/47</File>
    <Query type="disk">/tmp/test-disk-big/53/47</Query>
  </Pair>
  <Pair reval="1d">
    <File perm="0444">/53/48</File>
    <Query type="disk">/tmp/test-disk-big/53/48</Query>
  </Pair>
  <Pair reval="1d">
    <File perm="0444">/53/49</File>
    <Query type="disk">/tmp/test-disk-big/53/49</Query>
  </Pair>
  <Pair reval="1d">
    <File perm="0444">/53/5</File>
    <Query type="disk">/tmp/test-disk-big/53/5</Query>
  </Pair>
  <Pair reval="1d">
    <File perm="0444">/53/50</File>
    <Query type="disk">/tmp/test-disk-big/53/50</Query>
  </Pair>
  <Pair reval="1d">
    <File perm="0444">/53/51</File>
    <Query type="disk">/tmp/test-disk-big/53/51</Query>
  </Pair>
  <Pair reval="1d">
    <File perm="0444">/53/52</File>
    <Query type="disk">/tmp/test-disk-big/53/52</Query>
  </Pair>
  <Pair reval="1d">
    <File perm="0444">/53/53</File>
    <Query type="disk">/tmp/test-disk-big/53/53</Query>
  </Pair>
  <Pair reval="1d">
    <File perm="0444">/53/54</File>
    <Query type="disk">/tmp/test-disk-big/53/54</Query>
  </Pair>
  <Pair reval="1d">
    <File perm="0444">/53/55</File>
    <Query type="disk">/tmp/test-disk-big/53/55</Query>
  </Pair>
  <Pair reval="1d">
    <File perm="0444">/53/56</File>
    <Query type="disk">/tmp/test-disk-big/53/56</Query>
  </Pair>
  <Pair reval="1d">
    <File perm="0444">/53/57</File>
    <Query type="disk">/tmp/test-disk-big/53/57</Query>
  </Pair>
  <Pair reval="1d">
    <File perm="0444">/53/58</File>
    <Query type="disk">/tmp/test-disk-big/53/58</Query>
  </Pair>
  <Pair reval="1d">
    <File perm="0444">/53/59</File>
    <Query type="disk">/tmp/test-disk-big/53/59</Query>
  </Pair>
  <Pair reval="1d">
    <File perm="0444">/53/6</File>
    <Query type="disk">/tmp/test-disk-big/53/6</Query>
  </Pair>
  <Pair reval="1d">
    <File perm="0444">/53/60</File>
    <Query type="disk">/tmp/test-disk-big/53/60</Query>
  </Pair>
  <Pair reval="1d">
    <File perm="0444">/53/61</File>
    <Query type="disk">/tmp/test-disk-big/53/61</Query>
  </Pair>
  <Pair reval="1d">
    <File perm="0444">/53/62</File>
    <Query type="disk">/tmp/test-disk-big/53/62</Query>
  </Pair>
  <Pair reval="1d">
    <File perm="0444">/53/63</File>
    <Query type="disk">/tmp/test-disk-big/53/63</Query>
  </Pair>
  <Pair reval="1d">
    <File perm="0444">/53/64</File>
    <Query type="disk">/tmp/test-disk-big/53/64</Query>
  </Pair>
  <Pair reval="1d">
    <File perm="0444">/53/65</File>
    <Query type="disk">/tmp/test-disk-big/53/65</Query>
  </Pair>
  <Pair reval="1d">
    <File perm="0444">/53/66</File>
    <Query type="disk">/tmp/test-disk-big/53/66</Query>
  </Pair>
  <Pair reval="1d">
    <File perm="0444">/53/67</File>
    <Query type="disk">/tmp/test-disk-big/53/67</Query>
  </Pair>
  <Pair reval="1d">
    <File perm="0444">/53/68</File>
    <Query type="disk">/tmp/test-disk-big/53/68</Query>
  </Pair>
  <Pair reval="1d">
    <File perm="0444">/53/69</File>
    <Query type="disk">/tmp/test-disk-big/53/69</Query>
  </Pair>
  <Pair reval="1d">
    <File perm="0444">/53/7</File>
    <Query type="disk">/tmp/test-disk-big/53/7</Query>
  </Pair>
  <Pair reval="1d">
    <File perm="0444">/53/70</File>
    <Query type="disk">/tmp/test-disk-big/53/70</Query>
  </Pair>
  <Pair reval="1d">
    <File perm="0444">/53/71</File>
    <Query type="disk">/tmp/test-disk-big/53/71</Query>
  </Pair>
  <Pair reval="1d">
    <File perm="0444">/53/72</File>
    <Query type="disk">/tmp/test-disk-big/53/72</Query>
  </Pair>
  <Pair reval="1d">
    <File perm="0444">/53/73</File>
    <Query type="disk">/tmp/test-disk-big/53/73</Query>
  </Pair>
  <Pair reval="1d">
    <File perm="0444">/53/74</File>
    <Query type="disk">/tmp/test-disk-big/53/74</Query>
  </Pair>
  <Pair reval="1d">
    <File perm="0444">/53/75</File>
    <Query type="disk">/tmp/test-disk-big/53/75</Query>
  </Pair>
  <Pair reval="1d">
    <File perm="0444">/53/76</File>
    <Query type="disk">/tmp/test-disk-big/53/76</Query>
  </Pair>
  <Pair reval="1d">
    <File perm="0444">/53/77</File>
    <Query type="disk">/tmp/test-disk-big/53/77</Query>
  </Pair>
  <Pair reval="1d">
    <File perm="0444">/53/78</File>
    <Query type="disk">/tmp/test-disk-big/53/78</Query>
  </Pair>
  <Pair reval="1d">
    <File perm="0444">/53/79</File>
    <Query type="disk">/tmp/test-disk-big/53/79</Query>
  </Pair>
  <Pair reval="1d">
    <File perm="0444">/53/8</File>
    <Query type="disk">/tmp/test-disk-big/53/8</Query>
  </Pair>
  <Pair reval="1d">
    <File perm="0444">/53/80</File>
    <Query type="disk">/tmp/test-disk-big/53/80</Query>
  </Pair>
  <Pair reval="1d">
    <File perm="0444">/53/81</File>
    <Query type="disk">/tmp/test-disk-big/53/81</Query>
  </Pair>
  <Pair reval="1d">
    <File perm="0444">/53/82</File>
    <Query type="disk">/tmp/test-disk-big/53/82</Query>
  </Pair>
  <Pair reval="1d">
    <File perm="0444">/53/83</File>
    <Query type="disk">/tmp/test-disk-big/53/83</Query>
  </Pair>
  <Pair reval="1d">
    <File perm="0444">/53/84</File>
    <Query type="disk">/tmp/test-disk-big/53/84</Query>
  </Pair>
  <Pair reval="1d">
    <File perm="0444">/53/85</File>
    <Query type="disk">/tmp/test-disk-big/53/85</Query>
  </Pair>
  <Pair reval="1d">
    <File perm="0444">/53/86</File>
    <Query type="disk">/tmp/test-disk-big/53/86</Query>
  </Pair>
  <Pair reval="1d">
    <File perm="0444">/53/87</File>
    <Query type="disk">/tmp/test-disk-big/53/87</Query>
  </Pair>
  <Pair reval="1d">
    <File perm="0444">/53/88</File>
    <Query type="disk">/tmp/test-disk-big/53/88</Query>
  </Pair>
  <Pair reval="1d">
    <File perm="0444">/53/89</File>
    <Query type="disk">/tmp/test-disk-big/53/89</Query>
  </Pair>
  <Pair reval="1d">
    <File perm="0444">/53/9</File>
    <Query type="disk">/tmp/test-disk-big/53/9</Query>
  </Pair>
  <Pair reval="1d">
    <File perm="0444">/53/90</File>
    <Query type="disk">/tmp/test-disk-big/53/90</Query>
  </Pair>
  <Pair reval="1d">
    <File perm="0444">/53/91</File>
    <Query type="disk">/tmp/test-disk-big/53/91</Query>
  </Pair>
  <Pair reval="1d">
    <File perm="0444">/53/92</File>
    <Query type="disk">/tmp/test-disk-big/53/92</Query>
  </Pair>
  <Pair reval="1d">
    <File perm="0444">/53/93</File>
    <Query type="disk">/tmp/test-disk-big/53/93</Query>
  </Pair>
  <Pair reval="1d">
    <File perm="0444">/53/94</File>
    <Query type="disk">/tmp/test-disk-big/53/94</Query>
  </Pair>
  <Pair reval="1d">
    <File perm="0444">/53/95</File>
    <Query type="disk">/tmp/test-disk-big/53/95</Query>
  </Pair>
  <Pair reval="1d">
    <File perm="0444">/53/96</File>
    <Query type="disk">/tmp/test-disk-big/53/96</Query>
  </Pair>
  <Pair reval="1d">
    <File perm="0444">/53/97</File>
    <Query type="disk">/tmp/test-disk-big/53/97</Query>
  </Pair>
  <Pair reval="1d">
    <File perm="0444">/53/98</File>
    <Query type="disk">/tmp/test-disk-big/53/98</Query>
  </Pair>
  <Pair reval="1d">
    <File perm="0444">/53/99</File>
    <Query type="disk">/tmp/test-disk-big/53/99</Query>
  </Pair>
  <Pair reval="1d">
    <Dir perm="0555">/54</Dir>
    <Query type="disk"></Query>
  </Pair>
  <Pair reval="1d">
    <File perm="0444">/54/1</File>
    <Query type="disk">/tmp/test-disk-big/54/1</Query>
  </Pair>
  <Pair reval="1d">
    <File perm="0444">/54/10</File>
    <Query type="disk">/tmp/test-disk-big/54/10</Query>
  </Pair>
  <Pair reval="1d">
    <File perm="0444">/54/100</File>
    <Query type="disk">/tmp/test-disk-big/54/100</Query>
  </Pair>
  <Pair reval="1d">
    <File perm="0444">/54/11</File>
    <Query type="disk">/tmp/test-disk-big/54/11</Query>
  </Pair>
  <Pair reval="1d">
    <File perm="0444">/54/12</File>
    <Query type="disk">/tmp/test-disk-big/54/12</Query>
  </Pair>
  <Pair reval="1d">
    <File perm="0444">/54/13</File>
    <Query type="disk">/tmp/test-disk-big/54/13</Query>
  </Pair>
  <Pair reval="1d">
    <File perm="0444">/54/14</File>
    <Query type="disk">/tmp/test-disk-big/54/14</Query>
  </Pair>
  <Pair reval="1d">
    <File perm="0444">/54/15</File>
    <Query type="disk">/tmp/test-disk-big/54/15</Query>
  </Pair>
  <Pair reval="1d">
    <File perm="0444">/54/16</File>
    <Query type="disk">/tmp/test-disk-big/54/16</Query>
  </Pair>
  <Pair reval="1d">
    <File perm="0444">/54/17</File>
    <Query type="disk">/tmp/test-disk-big/54/17</Query>
  </Pair>
  <Pair reval="1d">
    <File perm="0444">/54/18</File>
    <Query type="disk">/tmp/test-disk-big/54/18</Query>
  </Pair>
  <Pair reval="1d">
    <File perm="0444">/54/19</File>
    <Query type="disk">/tmp/test-disk-big/54/19</Query>
  </Pair>
  <Pair reval="1d">
    <File perm="0444">/54/2</File>
    <Query type="disk">/tmp/test-disk-big/54/2</Query>
  </Pair>
  <Pair reval="1d">
    <File perm="0444">/54/20</File>
    <Query type="disk">/tmp/test-disk-big/54/20</Query>
  </Pair>
  <Pair reval="1d">
    <File perm="0444">/54/21</File>
    <Query type="disk">/tmp/test-disk-big/54/21</Query>
  </Pair>
  <Pair reval="1d">
    <File perm="0444">/54/22</File>
    <Query type="disk">/tmp/test-disk-big/54/22</Query>
  </Pair>
  <Pair reval="1d">
    <File perm="0444">/54/23</File>
    <Query type="disk">/tmp/test-disk-big/54/23</Query>
  </Pair>
  <Pair reval="1d">
    <File perm="0444">/54/24</File>
    <Query type="disk">/tmp/test-disk-big/54/24</Query>
  </Pair>
  <Pair reval="1d">
    <File perm="0444">/54/25</File>
    <Query type="disk">/tmp/test-disk-big/54/25</Query>
  </Pair>
  <Pair reval="1d">
    <File perm="0444">/54/26</File>
    <Query type="disk">/tmp/test-disk-big/54/26</Query>
  </Pair>
  <Pair reval="1d">
    <File perm="0444">/54/27</File>
    <Query type="disk">/tmp/test-disk-big/54/27</Query>
  </Pair>
  <Pair reval="1d">
    <File perm="0444">/54/28</File>
    <Query type="disk">/tmp/test-disk-big/54/28</Query>
  </Pair>
  <Pair reval="1d">
    <File perm="0444">/54/29</File>
    <Query type="disk">/tmp/test-disk-big/54/29</Query>
  </Pair>
  <Pair reval="1d">
    <File perm="0444">/54/3</File>
    <Query type="disk">/tmp/test-disk-big/54/3</Query>
  </Pair>
  <Pair reval="1d">
    <File perm="0444">/54/30</File>
    <Query type="disk">/tmp/test-disk-big/54/30</Query>
  </Pair>
  <Pair reval="1d">
    <File perm="0444">/54/31</File>
    <Query type="disk">/tmp/test-disk-big/54/31</Query>
  </Pair>
  <Pair reval="1d">
    <File perm="0444">/54/32</File>
    <Query type="disk">/tmp/test-disk-big/54/32</Query>
  </Pair>
  <Pair reval="1d">
    <File perm="0444">/54/33</File>
    <Query type="disk">/tmp/test-disk-big/54/33</Query>
  </Pair>
  <Pair reval="1d">
    <File perm="0444">/54/34</File>
    <Query type="disk">/tmp/test-disk-big/54/34</Query>
  </Pair>
  <Pair reval="1d">
    <File perm="0444">/54/35</File>
    <Query type="disk">/tmp/test-disk-big/54/35</Query>
  </Pair>
  <Pair reval="1d">
    <File perm="0444">/54/36</File>
    <Query type="disk">/tmp/test-disk-big/54/36</Query>
  </Pair>
  <Pair reval="1d">
    <File perm="0444">/54/37</File>
    <Query type="disk">/tmp/test-disk-big/54/37</Query>
  </Pair>
  <Pair reval="1d">
    <File perm="0444">/54/38</File>
    <Query type="disk">/tmp/test-disk-big/54/38</Query>
  </Pair>
  <Pair reval="1d">
    <File perm="0444">/54/39</File>
    <Query type="disk">/tmp/test-disk-big/54/39</Query>
  </Pair>
  <Pair reval="1d">
    <File perm="0444">/54/4</File>
    <Query type="disk">/tmp/test-disk-big/54/4</Query>
  </Pair>
  <Pair reval="1d">
    <File perm="0444">/54/40</File>
    <Query type="disk">/tmp/test-disk-big/54/40</Query>
  </Pair>
  <Pair reval="1d">
    <File perm="0444">/54/41</File>
    <Query type="disk">/tmp/test-disk-big/54/41</Query>
  </Pair>
  <Pair reval="1d">
    <File perm="0444">/54/42</File>
    <Query type="disk">/tmp/test-disk-big/54/42</Query>
  </Pair>
  <Pair reval="1d">
    <File perm="0444">/54/43</File>
    <Query type="disk">/tmp/test-disk-big/54/43</Query>
  </Pair>
  <Pair reval="1d">
    <File perm="0444">/54/44</File>
    <Query type="disk">/tmp/test-disk-big/54/44</Query>
  </Pair>
  <Pair reval="1d">
    <File perm="0444">/54/45</File>
    <Query type="disk">/tmp/test-disk-big/54/45</Query>
  </Pair>
  <Pair reval="1d">
    <File perm="0444">/54/46</File>
    <Query type="disk">/tmp/test-disk-big/54/46</Query>
  </Pair>
  <Pair reval="1d">
    <File perm="0444">/54/47</File>
    <Query type="disk">/tmp/test-disk-big/54/47</Query>
  </Pair>
  <Pair reval="1d">
    <File perm="0444">/54/48</File>
    <Query type="disk">/tmp/test-disk-big/54/48</Query>
  </Pair>
  <Pair reval="1d">
    <File perm="0444">/54/49</File>
    <Query type="disk">/tmp/test-disk-big/54/49</Query>
  </Pair>
  <Pair reval="1d">
    <File perm="0444">/54/5</File>
    <Query type="disk">/tmp/test-disk-big/54/5</Query>
  </Pair>
  <Pair reval="1d">
    <File perm="0444">/54/50</File>
    <Query type="disk">/tmp/test-disk-big/54/50</Query>
  </Pair>
  <Pair reval="1d">
    <File perm="0444">/54/51</File>
    <Query type="disk">/tmp/test-disk-big/54/51</Query>
  </Pair>
  <Pair reval="1d">
    <File perm="0444">/54/52</File>
    <Query type="disk">/tmp/test-disk-big/54/52</Query>
  </Pair>
  <Pair reval="1d">
    <File perm="0444">/54/53</File>
    <Query type="disk">/tmp/test-disk-big/54/53</Query>
  </Pair>
  <Pair reval="1d">
    <File perm="0444">/54/54</File>
    <Query type="disk">/tmp/test-disk-big/54/54</Query>
  </Pair>
  <Pair reval="1d">
    <File perm="0444">/54/55</File>
    <Query type="disk">/tmp/test-disk-big/54/55</Query>
  </Pair>
  <Pair reval="1d">
    <File perm="0444">/54/56</File>
    <Query type="disk">/tmp/test-disk-big/54/56</Query>
  </Pair>
  <Pair reval="1d">
    <File perm="0444">/54/57</File>
    <Query type="disk">/tmp/test-disk-big/54/57</Query>
  </Pair>
  <Pair reval="1d">
    <File perm="0444">/54/58</File>
    <Query type="disk">/tmp/test-disk-big/54/58</Query>
  </Pair>
  <Pair reval="1d">
    <File perm="0444">/54/59</File>
    <Query type="disk">/tmp/test-disk-big/54/59</Query>
  </Pair>
  <Pair reval="1d">
    <File perm="0444">/54/6</File>
    <Query type="disk">/tmp/test-disk-big/54/6</Query>
  </Pair>
  <Pair reval="1d">
    <File perm="0444">/54/60</File>
    <Query type="disk">/tmp/test-disk-big/54/60</Query>
  </Pair>
  <Pair reval="1d">
    <File perm="0444">/54/61</File>
    <Query type="disk">/tmp/test-disk-big/54/61</Query>
  </Pair>
  <Pair reval="1d">
    <File perm="0444">/54/62</File>
    <Query type="disk">/tmp/test-disk-big/54/62</Query>
  </Pair>
  <Pair reval="1d">
    <File perm="0444">/54/63</File>
    <Query type="disk">/tmp/test-disk-big/54/63</Query>
  </Pair>
  <Pair reval="1d">
    <File perm="0444">/54/64</File>
    <Query type="disk">/tmp/test-disk-big/54/64</Query>
  </Pair>
  <Pair reval="1d">
    <File perm="0444">/54/65</File>
    <Query type="disk">/tmp/test-disk-big/54/65</Query>
  </Pair>
  <Pair reval="1d">
    <File perm="0444">/54/66</File>
    <Query type="disk">/tmp/test-disk-big/54/66</Query>
  </Pair>
  <Pair reval="1d">
    <File perm="0444">/54/67</File>
    <Query type="disk">/tmp/test-disk-big/54/67</Query>
  </Pair>
  <Pair reval="1d">
    <File perm="0444">/54/68</File>
    <Query type="disk">/tmp/test-disk-big/54/68</Query>
  </Pair>
  <Pair reval="1d">
    <File perm="0444">/54/69</File>
    <Query type="disk">/tmp/test-disk-big/54/69</Query>
  </Pair>
  <Pair reval="1d">
    <File perm="0444">/54/7</File>
    <Query type="disk">/tmp/test-disk-big/54/7</Query>
  </Pair>
  <Pair reval="1d">
    <File perm="0444">/54/70</File>
    <Query type="disk">/tmp/test-disk-big/54/70</Query>
  </Pair>
  <Pair reval="1d">
    <File perm="0444">/54/71</File>
    <Query type="disk">/tmp/test-disk-big/54/71</Query>
  </Pair>
  <Pair reval="1d">
    <File perm="0444">/54/72</File>
    <Query type="disk">/tmp/test-disk-big/54/72</Query>
  </Pair>
  <Pair reval="1d">
    <File perm="0444">/54/73</File>
    <Query type="disk">/tmp/test-disk-big/54/73</Query>
  </Pair>
  <Pair reval="1d">
    <File perm="0444">/54/74</File>
    <Query type="disk">/tmp/test-disk-big/54/74</Query>
  </Pair>
  <Pair reval="1d">
    <File perm="0444">/54/75</File>
    <Query type="disk">/tmp/test-disk-big/54/75</Query>
  </Pair>
  <Pair reval="1d">
    <File perm="0444">/54/76</File>
    <Query type="disk">/tmp/test-disk-big/54/76</Query>
  </Pair>
  <Pair reval="1d">
    <File perm="0444">/54/77</File>
    <Query type="disk">/tmp/test-disk-big/54/77</Query>
  </Pair>
  <Pair reval="1d">
    <File perm="0444">/54/78</File>
    <Query type="disk">/tmp/test-disk-big/54/78</Query>
  </Pair>
  <Pair reval="1d">
    <File perm="0444">/54/79</File>
    <Query type="disk">/tmp/test-disk-big/54/79</Query>
  </Pair>
  <Pair reval="1d">
    <File perm="0444">/54/8</File>
    <Query type="disk">/tmp/test-disk-big/54/8</Query>
  </Pair>
  <Pair reval="1d">
    <File perm="0444">/54/80</File>
    <Query type="disk">/tmp/test-disk-big/54/80</Query>
  </Pair>
  <Pair reval="1d">
    <File perm="0444">/54/81</File>
    <Query type="disk">/tmp/test-disk-big/54/81</Query>
  </Pair>
  <Pair reval="1d">
    <File perm="0444">/54/82</File>
    <Query type="disk">/tmp/test-disk-big/54/82</Query>
  </Pair>
  <Pair reval="1d">
    <File perm="0444">/54/83</File>
    <Query type="disk">/tmp/test-disk-big/54/83</Query>
  </Pair>
  <Pair reval="1d">
    <File perm="0444">/54/84</File>
    <Query type="disk">/tmp/test-disk-big/54/84</Query>
  </Pair>
  <Pair reval="1d">
    <File perm="0444">/54/85</File>
    <Query type="disk">/tmp/test-disk-big/54/85</Query>
  </Pair>
  <Pair reval="1d">
    <File perm="0444">/54/86</File>
    <Query type="disk">/tmp/test-disk-big/54/86</Query>
  </Pair>
  <Pair reval="1d">
    <File perm="0444">/54/87</File>
    <Query type="disk">/tmp/test-disk-big/54/87</Query>
  </Pair>
  <Pair reval="1d">
    <File perm="0444">/54/88</File>
    <Query type="disk">/tmp/test-disk-big/54/88</Query>
  </Pair>
  <Pair reval="1d">
    <File perm="0444">/54/89</File>
    <Query type="disk">/tmp/test-disk-big/54/89</Query>
  </Pair>
  <Pair reval="1d">
    <File perm="0444">/54/9</File>
    <Query type="disk">/tmp/test-disk-big/54/9</Query>
  </Pair>
  <Pair reval="1d">
    <File perm="0444">/54/90</File>
    <Query type="disk">/tmp/test-disk-big/54/90</Query>
  </Pair>
  <Pair reval="1d">
    <File perm="0444">/54/91</File>
    <Query type="disk">/tmp/test-disk-big/54/91</Query>
  </Pair>
  <Pair reval="1d">
    <File perm="0444">/54/92</File>
    <Query type="disk">/tmp/test-disk-big/54/92</Query>
  </Pair>
  <Pair reval="1d">
    <File perm="0444">/54/93</File>
    <Query type="disk">/tmp/test-disk-big/54/93</Query>
  </Pair>
  <Pair reval="1d">
    <File perm="0444">/54/94</File>
    <Query type="disk">/tmp/test-disk-big/54/94</Query>
  </Pair>
  <Pair reval="1d">
    <File perm="0444">/54/95</File>
    <Query type="disk">/tmp/test-disk-big/54/95</Query>
  </Pair>
  <Pair reval="1d">
    <File perm="0444">/54/96</File>
    <Query type="disk">/tmp/test-disk-big/54/96</Query>
  </Pair>
  <Pair reval="1d">
    <File perm="0444">/54/97</File>
    <Query type="disk">/tmp/test-disk-big/54/97</Query>
  </Pair>
  <Pair reval="1d">
    <File perm="0444">/54/98</File>
    <Query type="disk">/tmp/test-disk-big/54/98</Query>
  </Pair>
  <Pair reval="1d">
    <File perm="0444">/54/99</File>
    <Query type="disk">/tmp/test-disk-big/54/99</Query>
  </Pair>
  <Pair reval="1d">
    <Dir perm="0555">/55</Dir>
    <Query type="disk"></Query>
  </Pair>
  <Pair reval="1d">
    <File perm="0444">/55/1</File>
    <Query type="disk">/tmp/test-disk-big/55/1</Query>
  </Pair>
  <Pair reval="1d">
    <File perm="0444">/55/10</File>
    <Query type="disk">/tmp/test-disk-big/55/10</Query>
  </Pair>
  <Pair reval="1d">
    <File perm="0444">/55/100</File>
    <Query type="disk">/tmp/test-disk-big/55/100</Query>
  </Pair>
  <Pair reval="1d">
    <File perm="0444">/55/11</File>
    <Query type="disk">/tmp/test-disk-big/55/11</Query>
  </Pair>
  <Pair reval="1d">
    <File perm="0444">/55/12</File>
    <Query type="disk">/tmp/test-disk-big/55/12</Query>
  </Pair>
  <Pair reval="1d">
    <File perm="0444">/55/13</File>
    <Query type="disk">/tmp/test-disk-big/55/13</Query>
  </Pair>
  <Pair reval="1d">
    <File perm="0444">/55/14</File>
    <Query type="disk">/tmp/test-disk-big/55/14</Query>
  </Pair>
  <Pair reval="1d">
    <File perm="0444">/55/15</File>
    <Query type="disk">/tmp/test-disk-big/55/15</Query>
  </Pair>
  <Pair reval="1d">
    <File perm="0444">/55/16</File>
    <Query type="disk">/tmp/test-disk-big/55/16</Query>
  </Pair>
  <Pair reval="1d">
    <File perm="0444">/55/17</File>
    <Query type="disk">/tmp/test-disk-big/55/17</Query>
  </Pair>
  <Pair reval="1d">
    <File perm="0444">/55/18</File>
    <Query type="disk">/tmp/test-disk-big/55/18</Query>
  </Pair>
  <Pair reval="1d">
    <File perm="0444">/55/19</File>
    <Query type="disk">/tmp/test-disk-big/55/19</Query>
  </Pair>
  <Pair reval="1d">
    <File perm="0444">/55/2</File>
    <Query type="disk">/tmp/test-disk-big/55/2</Query>
  </Pair>
  <Pair reval="1d">
    <File perm="0444">/55/20</File>
    <Query type="disk">/tmp/test-disk-big/55/20</Query>
  </Pair>
  <Pair reval="1d">
    <File perm="0444">/55/21</File>
    <Query type="disk">/tmp/test-disk-big/55/21</Query>
  </Pair>
  <Pair reval="1d">
    <File perm="0444">/55/22</File>
    <Query type="disk">/tmp/test-disk-big/55/22</Query>
  </Pair>
  <Pair reval="1d">
    <File perm="0444">/55/23</File>
    <Query type="disk">/tmp/test-disk-big/55/23</Query>
  </Pair>
  <Pair reval="1d">
    <File perm="0444">/55/24</File>
    <Query type="disk">/tmp/test-disk-big/55/24</Query>
  </Pair>
  <Pair reval="1d">
    <File perm="0444">/55/25</File>
    <Query type="disk">/tmp/test-disk-big/55/25</Query>
  </Pair>
  <Pair reval="1d">
    <File perm="0444">/55/26</File>
    <Query type="disk">/tmp/test-disk-big/55/26</Query>
  </Pair>
  <Pair reval="1d">
    <File perm="0444">/55/27</File>
    <Query type="disk">/tmp/test-disk-big/55/27</Query>
  </Pair>
  <Pair reval="1d">
    <File perm="0444">/55/28</File>
    <Query type="disk">/tmp/test-disk-big/55/28</Query>
  </Pair>
  <Pair reval="1d">
    <File perm="0444">/55/29</File>
    <Query type="disk">/tmp/test-disk-big/55/29</Query>
  </Pair>
  <Pair reval="1d">
    <File perm="0444">/55/3</File>
    <Query type="disk">/tmp/test-disk-big/55/3</Query>
  </Pair>
  <Pair reval="1d">
    <File perm="0444">/55/30</File>
    <Query type="disk">/tmp/test-disk-big/55/30</Query>
  </Pair>
  <Pair reval="1d">
    <File perm="0444">/55/31</File>
    <Query type="disk">/tmp/test-disk-big/55/31</Query>
  </Pair>
  <Pair reval="1d">
    <File perm="0444">/55/32</File>
    <Query type="disk">/tmp/test-disk-big/55/32</Query>
  </Pair>
  <Pair reval="1d">
    <File perm="0444">/55/33</File>
    <Query type="disk">/tmp/test-disk-big/55/33</Query>
  </Pair>
  <Pair reval="1d">
    <File perm="0444">/55/34</File>
    <Query type="disk">/tmp/test-disk-big/55/34</Query>
  </Pair>
  <Pair reval="1d">
    <File perm="0444">/55/35</File>
    <Query type="disk">/tmp/test-disk-big/55/35</Query>
  </Pair>
  <Pair reval="1d">
    <File perm="0444">/55/36</File>
    <Query type="disk">/tmp/test-disk-big/55/36</Query>
  </Pair>
  <Pair reval="1d">
    <File perm="0444">/55/37</File>
    <Query type="disk">/tmp/test-disk-big/55/37</Query>
  </Pair>
  <Pair reval="1d">
    <File perm="0444">/55/38</File>
    <Query type="disk">/tmp/test-disk-big/55/38</Query>
  </Pair>
  <Pair reval="1d">
    <File perm="0444">/55/39</File>
    <Query type="disk">/tmp/test-disk-big/55/39</Query>
  </Pair>
  <Pair reval="1d">
    <File perm="0444">/55/4</File>
    <Query type="disk">/tmp/test-disk-big/55/4</Query>
  </Pair>
  <Pair reval="1d">
    <File perm="0444">/55/40</File>
    <Query type="disk">/tmp/test-disk-big/55/40</Query>
  </Pair>
  <Pair reval="1d">
    <File perm="0444">/55/41</File>
    <Query type="disk">/tmp/test-disk-big/55/41</Query>
  </Pair>
  <Pair reval="1d">
    <File perm="0444">/55/42</File>
    <Query type="disk">/tmp/test-disk-big/55/42</Query>
  </Pair>
  <Pair reval="1d">
    <File perm="0444">/55/43</File>
    <Query type="disk">/tmp/test-disk-big/55/43</Query>
  </Pair>
  <Pair reval="1d">
    <File perm="0444">/55/44</File>
    <Query type="disk">/tmp/test-disk-big/55/44</Query>
  </Pair>
  <Pair reval="1d">
    <File perm="0444">/55/45</File>
    <Query type="disk">/tmp/test-disk-big/55/45</Query>
  </Pair>
  <Pair reval="1d">
    <File perm="0444">/55/46</File>
    <Query type="disk">/tmp/test-disk-big/55/46</Query>
  </Pair>
  <Pair reval="1d">
    <File perm="0444">/55/47</File>
    <Query type="disk">/tmp/test-disk-big/55/47</Query>
  </Pair>
  <Pair reval="1d">
    <File perm="0444">/55/48</File>
    <Query type="disk">/tmp/test-disk-big/55/48</Query>
  </Pair>
  <Pair reval="1d">
    <File perm="0444">/55/49</File>
    <Query type="disk">/tmp/test-disk-big/55/49</Query>
  </Pair>
  <Pair reval="1d">
    <File perm="0444">/55/5</File>
    <Query type="disk">/tmp/test-disk-big/55/5</Query>
  </Pair>
  <Pair reval="1d">
    <File perm="0444">/55/50</File>
    <Query type="disk">/tmp/test-disk-big/55/50</Query>
  </Pair>
  <Pair reval="1d">
    <File perm="0444">/55/51</File>
    <Query type="disk">/tmp/test-disk-big/55/51</Query>
  </Pair>
  <Pair reval="1d">
    <File perm="0444">/55/52</File>
    <Query type="disk">/tmp/test-disk-big/55/52</Query>
  </Pair>
  <Pair reval="1d">
    <File perm="0444">/55/53</File>
    <Query type="disk">/tmp/test-disk-big/55/53</Query>
  </Pair>
  <Pair reval="1d">
    <File perm="0444">/55/54</File>
    <Query type="disk">/tmp/test-disk-big/55/54</Query>
  </Pair>
  <Pair reval="1d">
    <File perm="0444">/55/55</File>
    <Query type="disk">/tmp/test-disk-big/55/55</Query>
  </Pair>
  <Pair reval="1d">
    <File perm="0444">/55/56</File>
    <Query type="disk">/tmp/test-disk-big/55/56</Query>
  </Pair>
  <Pair reval="1d">
    <File perm="0444">/55/57</File>
    <Query type="disk">/tmp/test-disk-big/55/57</Query>
  </Pair>
  <Pair reval="1d">
    <File perm="0444">/55/58</File>
    <Query type="disk">/tmp/test-disk-big/55/58</Query>
  </Pair>
  <Pair reval="1d">
    <File perm="0444">/55/59</File>
    <Query type="disk">/tmp/test-disk-big/55/59</Query>
  </Pair>
  <Pair reval="1d">
    <File perm="0444">/55/6</File>
    <Query type="disk">/tmp/test-disk-big/55/6</Query>
  </Pair>
  <Pair reval="1d">
    <File perm="0444">/55/60</File>
    <Query type="disk">/tmp/test-disk-big/55/60</Query>
  </Pair>
  <Pair reval="1d">
    <File perm="0444">/55/61</File>
    <Query type="disk">/tmp/test-disk-big/55/61</Query>
  </Pair>
  <Pair reval="1d">
    <File perm="0444">/55/62</File>
    <Query type="disk">/tmp/test-disk-big/55/62</Query>
  </Pair>
  <Pair reval="1d">
    <File perm="0444">/55/63</File>
    <Query type="disk">/tmp/test-disk-big/55/63</Query>
  </Pair>
  <Pair reval="1d">
    <File perm="0444">/55/64</File>
    <Query type="disk">/tmp/test-disk-big/55/64</Query>
  </Pair>
  <Pair reval="1d">
    <File perm="0444">/55/65</File>
    <Query type="disk">/tmp/test-disk-big/55/65</Query>
  </Pair>
  <Pair reval="1d">
    <File perm="0444">/55/66</File>
    <Query type="disk">/tmp/test-disk-big/55/66</Query>
  </Pair>
  <Pair reval="1d">
    <File perm="0444">/55/67</File>
    <Query type="disk">/tmp/test-disk-big/55/67</Query>
  </Pair>
  <Pair reval="1d">
    <File perm="0444">/55/68</File>
    <Query type="disk">/tmp/test-disk-big/55/68</Query>
  </Pair>
  <Pair reval="1d">
    <File perm="0444">/55/69</File>
    <Query type="disk">/tmp/test-disk-big/55/69</Query>
  </Pair>
  <Pair reval="1d">
    <File perm="0444">/55/7</File>
    <Query type="disk">/tmp/test-disk-big/55/7</Query>
  </Pair>
  <Pair reval="1d">
    <File perm="0444">/55/70</File>
    <Query type="disk">/tmp/test-disk-big/55/70</Query>
  </Pair>
  <Pair reval="1d">
    <File perm="0444">/55/71</File>
    <Query type="disk">/tmp/test-disk-big/55/71</Query>
  </Pair>
  <Pair reval="1d">
    <File perm="0444">/55/72</File>
    <Query type="disk">/tmp/test-disk-big/55/72</Query>
  </Pair>
  <Pair reval="1d">
    <File perm="0444">/55/73</File>
    <Query type="disk">/tmp/test-disk-big/55/73</Query>
  </Pair>
  <Pair reval="1d">
    <File perm="0444">/55/74</File>
    <Query type="disk">/tmp/test-disk-big/55/74</Query>
  </Pair>
  <Pair reval="1d">
    <File perm="0444">/55/75</File>
    <Query type="disk">/tmp/test-disk-big/55/75</Query>
  </Pair>
  <Pair reval="1d">
    <File perm="0444">/55/76</File>
    <Query type="disk">/tmp/test-disk-big/55/76</Query>
  </Pair>
  <Pair reval="1d">
    <File perm="0444">/55/77</File>
    <Query type="disk">/tmp/test-disk-big/55/77</Query>
  </Pair>
  <Pair reval="1d">
    <File perm="0444">/55/78</File>
    <Query type="disk">/tmp/test-disk-big/55/78</Query>
  </Pair>
  <Pair reval="1d">
    <File perm="0444">/55/79</File>
    <Query type="disk">/tmp/test-disk-big/55/79</Query>
  </Pair>
  <Pair reval="1d">
    <File perm="0444">/55/8</File>
    <Query type="disk">/tmp/test-disk-big/55/8</Query>
  </Pair>
  <Pair reval="1d">
    <File perm="0444">/55/80</File>
    <Query type="disk">/tmp/test-disk-big/55/80</Query>
  </Pair>
  <Pair reval="1d">
    <File perm="0444">/55/81</File>
    <Query type="disk">/tmp/test-disk-big/55/81</Query>
  </Pair>
  <Pair reval="1d">
    <File perm="0444">/55/82</File>
    <Query type="disk">/tmp/test-disk-big/55/82</Query>
  </Pair>
  <Pair reval="1d">
    <File perm="0444">/55/83</File>
    <Query type="disk">/tmp/test-disk-big/55/83</Query>
  </Pair>
  <Pair reval="1d">
    <File perm="0444">/55/84</File>
    <Query type="disk">/tmp/test-disk-big/55/84</Query>
  </Pair>
  <Pair reval="1d">
    <File perm="0444">/55/85</File>
    <Query type="disk">/tmp/test-disk-big/55/85</Query>
  </Pair>
  <Pair reval="1d">
    <File perm="0444">/55/86</File>
    <Query type="disk">/tmp/test-disk-big/55/86</Query>
  </Pair>
  <Pair reval="1d">
    <File perm="0444">/55/87</File>
    <Query type="disk">/tmp/test-disk-big/55/87</Query>
  </Pair>
  <Pair reval="1d">
    <File perm="0444">/55/88</File>
    <Query type="disk">/tmp/test-disk-big/55/88</Query>
  </Pair>
  <Pair reval="1d">
    <File perm="0444">/55/89</File>
    <Query type="disk">/tmp/test-disk-big/55/89</Query>
  </Pair>
  <Pair reval="1d">
    <File perm="0444">/55/9</File>
    <Query type="disk">/tmp/test-disk-big/55/9</Query>
  </Pair>
  <Pair reval="1d">
    <File perm="0444">/55/90</File>
    <Query type="disk">/tmp/test-disk-big/55/90</Query>
  </Pair>
  <Pair reval="1d">
    <File perm="0444">/55/91</File>
    <Query type="disk">/tmp/test-disk-big/55/91</Query>
  </Pair>
  <Pair reval="1d">
    <File perm="0444">/55/92</File>
    <Query type="disk">/tmp/test-disk-big/55/92</Query>
  </Pair>
  <Pair reval="1d">
    <File perm="0444">/55/93</File>
    <Query type="disk">/tmp/test-disk-big/55/93</Query>
  </Pair>
  <Pair reval="1d">
    <File perm="0444">/55/94</File>
    <Query type="disk">/tmp/test-disk-big/55/94</Query>
  </Pair>
  <Pair reval="1d">
    <File perm="0444">/55/95</File>
    <Query type="disk">/tmp/test-disk-big/55/95</Query>
  </Pair>
  <Pair reval="1d">
    <File perm="0444">/55/96</File>
    <Query type="disk">/tmp/test-disk-big/55/96</Query>
  </Pair>
  <Pair reval="1d">
    <File perm="0444">/55/97</File>
    <Query type="disk">/tmp/test-disk-big/55/97</Query>
  </Pair>
  <Pair reval="1d">
    <File perm="0444">/55/98</File>
    <Query type="disk">/tmp/test-disk-big/55/98</Query>
  </Pair>
  <Pair reval="1d">
    <File perm="0444">/55/99</File>
    <Query type="disk">/tmp/test-disk-big/55/99</Query>
  </Pair>
  <Pair reval="1d">
    <Dir perm="0555">/56</Dir>
    <Query type="disk"></Query>
  </Pair>
  <Pair reval="1d">
    <File perm="0444">/56/1</File>
    <Query type="disk">/tmp/test-disk-big/56/1</Query>
  </Pair>
  <Pair reval="1d">
    <File perm="0444">/56/10</File>
    <Query type="disk">/tmp/test-disk-big/56/10</Query>
  </Pair>
  <Pair reval="1d">
    <File perm="0444">/56/100</File>
    <Query type="disk">/tmp/test-disk-big/56/100</Query>
  </Pair>
  <Pair reval="1d">
    <File perm="0444">/56/11</File>
    <Query type="disk">/tmp/test-disk-big/56/11</Query>
  </Pair>
  <Pair reval="1d">
    <File perm="0444">/56/12</File>
    <Query type="disk">/tmp/test-disk-big/56/12</Query>
  </Pair>
  <Pair reval="1d">
    <File perm="0444">/56/13</File>
    <Query type="disk">/tmp/test-disk-big/56/13</Query>
  </Pair>
  <Pair reval="1d">
    <File perm="0444">/56/14</File>
    <Query type="disk">/tmp/test-disk-big/56/14</Query>
  </Pair>
  <Pair reval="1d">
    <File perm="0444">/56/15</File>
    <Query type="disk">/tmp/test-disk-big/56/15</Query>
  </Pair>
  <Pair reval="1d">
    <File perm="0444">/56/16</File>
    <Query type="disk">/tmp/test-disk-big/56/16</Query>
  </Pair>
  <Pair reval="1d">
    <File perm="0444">/56/17</File>
    <Query type="disk">/tmp/test-disk-big/56/17</Query>
  </Pair>
  <Pair reval="1d">
    <File perm="0444">/56/18</File>
    <Query type="disk">/tmp/test-disk-big/56/18</Query>
  </Pair>
  <Pair reval="1d">
    <File perm="0444">/56/19</File>
    <Query type="disk">/tmp/test-disk-big/56/19</Query>
  </Pair>
  <Pair reval="1d">
    <File perm="0444">/56/2</File>
    <Query type="disk">/tmp/test-disk-big/56/2</Query>
  </Pair>
  <Pair reval="1d">
    <File perm="0444">/56/20</File>
    <Query type="disk">/tmp/test-disk-big/56/20</Query>
  </Pair>
  <Pair reval="1d">
    <File perm="0444">/56/21</File>
    <Query type="disk">/tmp/test-disk-big/56/21</Query>
  </Pair>
  <Pair reval="1d">
    <File perm="0444">/56/22</File>
    <Query type="disk">/tmp/test-disk-big/56/22</Query>
  </Pair>
  <Pair reval="1d">
    <File perm="0444">/56/23</File>
    <Query type="disk">/tmp/test-disk-big/56/23</Query>
  </Pair>
  <Pair reval="1d">
    <File perm="0444">/56/24</File>
    <Query type="disk">/tmp/test-disk-big/56/24</Query>
  </Pair>
  <Pair reval="1d">
    <File perm="0444">/56/25</File>
    <Query type="disk">/tmp/test-disk-big/56/25</Query>
  </Pair>
  <Pair reval="1d">
    <File perm="0444">/56/26</File>
    <Query type="disk">/tmp/test-disk-big/56/26</Query>
  </Pair>
  <Pair reval="1d">
    <File perm="0444">/56/27</File>
    <Query type="disk">/tmp/test-disk-big/56/27</Query>
  </Pair>
  <Pair reval="1d">
    <File perm="0444">/56/28</File>
    <Query type="disk">/tmp/test-disk-big/56/28</Query>
  </Pair>
  <Pair reval="1d">
    <File perm="0444">/56/29</File>
    <Query type="disk">/tmp/test-disk-big/56/29</Query>
  </Pair>
  <Pair reval="1d">
    <File perm="0444">/56/3</File>
    <Query type="disk">/tmp/test-disk-big/56/3</Query>
  </Pair>
  <Pair reval="1d">
    <File perm="0444">/56/30</File>
    <Query type="disk">/tmp/test-disk-big/56/30</Query>
  </Pair>
  <Pair reval="1d">
    <File perm="0444">/56/31</File>
    <Query type="disk">/tmp/test-disk-big/56/31</Query>
  </Pair>
  <Pair reval="1d">
    <File perm="0444">/56/32</File>
    <Query type="disk">/tmp/test-disk-big/56/32</Query>
  </Pair>
  <Pair reval="1d">
    <File perm="0444">/56/33</File>
    <Query type="disk">/tmp/test-disk-big/56/33</Query>
  </Pair>
  <Pair reval="1d">
    <File perm="0444">/56/34</File>
    <Query type="disk">/tmp/test-disk-big/56/34</Query>
  </Pair>
  <Pair reval="1d">
    <File perm="0444">/56/35</File>
    <Query type="disk">/tmp/test-disk-big/56/35</Query>
  </Pair>
  <Pair reval="1d">
    <File perm="0444">/56/36</File>
    <Query type="disk">/tmp/test-disk-big/56/36</Query>
  </Pair>
  <Pair reval="1d">
    <File perm="0444">/56/37</File>
    <Query type="disk">/tmp/test-disk-big/56/37</Query>
  </Pair>
  <Pair reval="1d">
    <File perm="0444">/56/38</File>
    <Query type="disk">/tmp/test-disk-big/56/38</Query>
  </Pair>
  <Pair reval="1d">
    <File perm="0444">/56/39</File>
    <Query type="disk">/tmp/test-disk-big/56/39</Query>
  </Pair>
  <Pair reval="1d">
    <File perm="0444">/56/4</File>
    <Query type="disk">/tmp/test-disk-big/56/4</Query>
  </Pair>
  <Pair reval="1d">
    <File perm="0444">/56/40</File>
    <Query type="disk">/tmp/test-disk-big/56/40</Query>
  </Pair>
  <Pair reval="1d">
    <File perm="0444">/56/41</File>
    <Query type="disk">/tmp/test-disk-big/56/41</Query>
  </Pair>
  <Pair reval="1d">
    <File perm="0444">/56/42</File>
    <Query type="disk">/tmp/test-disk-big/56/42</Query>
  </Pair>
  <Pair reval="1d">
    <File perm="0444">/56/43</File>
    <Query type="disk">/tmp/test-disk-big/56/43</Query>
  </Pair>
  <Pair reval="1d">
    <File perm="0444">/56/44</File>
    <Query type="disk">/tmp/test-disk-big/56/44</Query>
  </Pair>
  <Pair reval="1d">
    <File perm="0444">/56/45</File>
    <Query type="disk">/tmp/test-disk-big/56/45</Query>
  </Pair>
  <Pair reval="1d">
    <File perm="0444">/56/46</File>
    <Query type="disk">/tmp/test-disk-big/56/46</Query>
  </Pair>
  <Pair reval="1d">
    <File perm="0444">/56/47</File>
    <Query type="disk">/tmp/test-disk-big/56/47</Query>
  </Pair>
  <Pair reval="1d">
    <File perm="0444">/56/48</File>
    <Query type="disk">/tmp/test-disk-big/56/48</Query>
  </Pair>
  <Pair reval="1d">
    <File perm="0444">/56/49</File>
    <Query type="disk">/tmp/test-disk-big/56/49</Query>
  </Pair>
  <Pair reval="1d">
    <File perm="0444">/56/5</File>
    <Query type="disk">/tmp/test-disk-big/56/5</Query>
  </Pair>
  <Pair reval="1d">
    <File perm="0444">/56/50</File>
    <Query type="disk">/tmp/test-disk-big/56/50</Query>
  </Pair>
  <Pair reval="1d">
    <File perm="0444">/56/51</File>
    <Query type="disk">/tmp/test-disk-big/56/51</Query>
  </Pair>
  <Pair reval="1d">
    <File perm="0444">/56/52</File>
    <Query type="disk">/tmp/test-disk-big/56/52</Query>
  </Pair>
  <Pair reval="1d">
    <File perm="0444">/56/53</File>
    <Query type="disk">/tmp/test-disk-big/56/53</Query>
  </Pair>
  <Pair reval="1d">
    <File perm="0444">/56/54</File>
    <Query type="disk">/tmp/test-disk-big/56/54</Query>
  </Pair>
  <Pair reval="1d">
    <File perm="0444">/56/55</File>
    <Query type="disk">/tmp/test-disk-big/56/55</Query>
  </Pair>
  <Pair reval="1d">
    <File perm="0444">/56/56</File>
    <Query type="disk">/tmp/test-disk-big/56/56</Query>
  </Pair>
  <Pair reval="1d">
    <File perm="0444">/56/57</File>
    <Query type="disk">/tmp/test-disk-big/56/57</Query>
  </Pair>
  <Pair reval="1d">
    <File perm="0444">/56/58</File>
    <Query type="disk">/tmp/test-disk-big/56/58</Query>
  </Pair>
  <Pair reval="1d">
    <File perm="0444">/56/59</File>
    <Query type="disk">/tmp/test-disk-big/56/59</Query>
  </Pair>
  <Pair reval="1d">
    <File perm="0444">/56/6</File>
    <Query type="disk">/tmp/test-disk-big/56/6</Query>
  </Pair>
  <Pair reval="1d">
    <File perm="0444">/56/60</File>
    <Query type="disk">/tmp/test-disk-big/56/60</Query>
  </Pair>
  <Pair reval="1d">
    <File perm="0444">/56/61</File>
    <Query type="disk">/tmp/test-disk-big/56/61</Query>
  </Pair>
  <Pair reval="1d">
    <File perm="0444">/56/62</File>
    <Query type="disk">/tmp/test-disk-big/56/62</Query>
  </Pair>
  <Pair reval="1d">
    <File perm="0444">/56/63</File>
    <Query type="disk">/tmp/test-disk-big/56/63</Query>
  </Pair>
  <Pair reval="1d">
    <File perm="0444">/56/64</File>
    <Query type="disk">/tmp/test-disk-big/56/64</Query>
  </Pair>
  <Pair reval="1d">
    <File perm="0444">/56/65</File>
    <Query type="disk">/tmp/test-disk-big/56/65</Query>
  </Pair>
  <Pair reval="1d">
    <File perm="0444">/56/66</File>
    <Query type="disk">/tmp/test-disk-big/56/66</Query>
  </Pair>
  <Pair reval="1d">
    <File perm="0444">/56/67</File>
    <Query type="disk">/tmp/test-disk-big/56/67</Query>
  </Pair>
  <Pair reval="1d">
    <File perm="0444">/56/68</File>
    <Query type="disk">/tmp/test-disk-big/56/68</Query>
  </Pair>
  <Pair reval="1d">
    <File perm="0444">/56/69</File>
    <Query type="disk">/tmp/test-disk-big/56/69</Query>
  </Pair>
  <Pair reval="1d">
    <File perm="0444">/56/7</File>
    <Query type="disk">/tmp/test-disk-big/56/7</Query>
  </Pair>
  <Pair reval="1d">
    <File perm="0444">/56/70</File>
    <Query type="disk">/tmp/test-disk-big/56/70</Query>
  </Pair>
  <Pair reval="1d">
    <File perm="0444">/56/71</File>
    <Query type="disk">/tmp/test-disk-big/56/71</Query>
  </Pair>
  <Pair reval="1d">
    <File perm="0444">/56/72</File>
    <Query type="disk">/tmp/test-disk-big/56/72</Query>
  </Pair>
  <Pair reval="1d">
    <File perm="0444">/56/73</File>
    <Query type="disk">/tmp/test-disk-big/56/73</Query>
  </Pair>
  <Pair reval="1d">
    <File perm="0444">/56/74</File>
    <Query type="disk">/tmp/test-disk-big/56/74</Query>
  </Pair>
  <Pair reval="1d">
    <File perm="0444">/56/75</File>
    <Query type="disk">/tmp/test-disk-big/56/75</Query>
  </Pair>
  <Pair reval="1d">
    <File perm="0444">/56/76</File>
    <Query type="disk">/tmp/test-disk-big/56/76</Query>
  </Pair>
  <Pair reval="1d">
    <File perm="0444">/56/77</File>
    <Query type="disk">/tmp/test-disk-big/56/77</Query>
  </Pair>
  <Pair reval="1d">
    <File perm="0444">/56/78</File>
    <Query type="disk">/tmp/test-disk-big/56/78</Query>
  </Pair>
  <Pair reval="1d">
    <File perm="0444">/56/79</File>
    <Query type="disk">/tmp/test-disk-big/56/79</Query>
  </Pair>
  <Pair reval="1d">
    <File perm="0444">/56/8</File>
    <Query type="disk">/tmp/test-disk-big/56/8</Query>
  </Pair>
  <Pair reval="1d">
    <File perm="0444">/56/80</File>
    <Query type="disk">/tmp/test-disk-big/56/80</Query>
  </Pair>
  <Pair reval="1d">
    <File perm="0444">/56/81</File>
    <Query type="disk">/tmp/test-disk-big/56/81</Query>
  </Pair>
  <Pair reval="1d">
    <File perm="0444">/56/82</File>
    <Query type="disk">/tmp/test-disk-big/56/82</Query>
  </Pair>
  <Pair reval="1d">
    <File perm="0444">/56/83</File>
    <Query type="disk">/tmp/test-disk-big/56/83</Query>
  </Pair>
  <Pair reval="1d">
    <File perm="0444">/56/84</File>
    <Query type="disk">/tmp/test-disk-big/56/84</Query>
  </Pair>
  <Pair reval="1d">
    <File perm="0444">/56/85</File>
    <Query type="disk">/tmp/test-disk-big/56/85</Query>
  </Pair>
  <Pair reval="1d">
    <File perm="0444">/56/86</File>
    <Query type="disk">/tmp/test-disk-big/56/86</Query>
  </Pair>
  <Pair reval="1d">
    <File perm="0444">/56/87</File>
    <Query type="disk">/tmp/test-disk-big/56/87</Query>
  </Pair>
  <Pair reval="1d">
    <File perm="0444">/56/88</File>
    <Query type="disk">/tmp/test-disk-big/56/88</Query>
  </Pair>
  <Pair reval="1d">
    <File perm="0444">/56/89</File>
    <Query type="disk">/tmp/test-disk-big/56/89</Query>
  </Pair>
  <Pair reval="1d">
    <File perm="0444">/56/9</File>
    <Query type="disk">/tmp/test-disk-big/56/9</Query>
  </Pair>
  <Pair reval="1d">
    <File perm="0444">/56/90</File>
    <Query type="disk">/tmp/test-disk-big/56/90</Query>
  </Pair>
  <Pair reval="1d">
    <File perm="0444">/56/91</File>
    <Query type="disk">/tmp/test-disk-big/56/91</Query>
  </Pair>
  <Pair reval="1d">
    <File perm="0444">/56/92</File>
    <Query type="disk">/tmp/test-disk-big/56/92</Query>
  </Pair>
  <Pair reval="1d">
    <File perm="0444">/56/93</File>
    <Query type="disk">/tmp/test-disk-big/56/93</Query>
  </Pair>
  <Pair reval="1d">
    <File perm="0444">/56/94</File>
    <Query type="disk">/tmp/test-disk-big/56/94</Query>
  </Pair>
  <Pair reval="1d">
    <File perm="0444">/56/95</File>
    <Query type="disk">/tmp/test-disk-big/56/95</Query>
  </Pair>
  <Pair reval="1d">
    <File perm="0444">/56/96</File>
    <Query type="disk">/tmp/test-disk-big/56/96</Query>
  </Pair>
  <Pair reval="1d">
    <File perm="0444">/56/97</File>
    <Query type="disk">/tmp/test-disk-big/56/97</Query>
  </Pair>
  <Pair reval="1d">
    <File perm="0444">/56/98</File>
    <Query type="disk">/tmp/test-disk-big/56/98</Query>
  </Pair>
  <Pair reval="1d">
    <File perm="0444">/56/99</File>
    <Query type="disk">/tmp/test-disk-big/56/99</Query>
  </Pair>
  <Pair reval="1d">
    <Dir perm="0555">/57</Dir>
    <Query type="disk"></Query>
  </Pair>
  <Pair reval="1d">
    <File perm="0444">/57/1</File>
    <Query type="disk">/tmp/test-disk-big/57/1</Query>
  </Pair>
  <Pair reval="1d">
    <File perm="0444">/57/10</File>
    <Query type="disk">/tmp/test-disk-big/57/10</Query>
  </Pair>
  <Pair reval="1d">
    <File perm="0444">/57/100</File>
    <Query type="disk">/tmp/test-disk-big/57/100</Query>
  </Pair>
  <Pair reval="1d">
    <File perm="0444">/57/11</File>
    <Query type="disk">/tmp/test-disk-big/57/11</Query>
  </Pair>
  <Pair reval="1d">
    <File perm="0444">/57/12</File>
    <Query type="disk">/tmp/test-disk-big/57/12</Query>
  </Pair>
  <Pair reval="1d">
    <File perm="0444">/57/13</File>
    <Query type="disk">/tmp/test-disk-big/57/13</Query>
  </Pair>
  <Pair reval="1d">
    <File perm="0444">/57/14</File>
    <Query type="disk">/tmp/test-disk-big/57/14</Query>
  </Pair>
  <Pair reval="1d">
    <File perm="0444">/57/15</File>
    <Query type="disk">/tmp/test-disk-big/57/15</Query>
  </Pair>
  <Pair reval="1d">
    <File perm="0444">/57/16</File>
    <Query type="disk">/tmp/test-disk-big/57/16</Query>
  </Pair>
  <Pair reval="1d">
    <File perm="0444">/57/17</File>
    <Query type="disk">/tmp/test-disk-big/57/17</Query>
  </Pair>
  <Pair reval="1d">
    <File perm="0444">/57/18</File>
    <Query type="disk">/tmp/test-disk-big/57/18</Query>
  </Pair>
  <Pair reval="1d">
    <File perm="0444">/57/19</File>
    <Query type="disk">/tmp/test-disk-big/57/19</Query>
  </Pair>
  <Pair reval="1d">
    <File perm="0444">/57/2</File>
    <Query type="disk">/tmp/test-disk-big/57/2</Query>
  </Pair>
  <Pair reval="1d">
    <File perm="0444">/57/20</File>
    <Query type="disk">/tmp/test-disk-big/57/20</Query>
  </Pair>
  <Pair reval="1d">
    <File perm="0444">/57/21</File>
    <Query type="disk">/tmp/test-disk-big/57/21</Query>
  </Pair>
  <Pair reval="1d">
    <File perm="0444">/57/22</File>
    <Query type="disk">/tmp/test-disk-big/57/22</Query>
  </Pair>
  <Pair reval="1d">
    <File perm="0444">/57/23</File>
    <Query type="disk">/tmp/test-disk-big/57/23</Query>
  </Pair>
  <Pair reval="1d">
    <File perm="0444">/57/24</File>
    <Query type="disk">/tmp/test-disk-big/57/24</Query>
  </Pair>
  <Pair reval="1d">
    <File perm="0444">/57/25</File>
    <Query type="disk">/tmp/test-disk-big/57/25</Query>
  </Pair>
  <Pair reval="1d">
    <File perm="0444">/57/26</File>
    <Query type="disk">/tmp/test-disk-big/57/26</Query>
  </Pair>
  <Pair reval="1d">
    <File perm="0444">/57/27</File>
    <Query type="disk">/tmp/test-disk-big/57/27</Query>
  </Pair>
  <Pair reval="1d">
    <File perm="0444">/57/28</File>
    <Query type="disk">/tmp/test-disk-big/57/28</Query>
  </Pair>
  <Pair reval="1d">
    <File perm="0444">/57/29</File>
    <Query type="disk">/tmp/test-disk-big/57/29</Query>
  </Pair>
  <Pair reval="1d">
    <File perm="0444">/57/3</File>
    <Query type="disk">/tmp/test-disk-big/57/3</Query>
  </Pair>
  <Pair reval="1d">
    <File perm="0444">/57/30</File>
    <Query type="disk">/tmp/test-disk-big/57/30</Query>
  </Pair>
  <Pair reval="1d">
    <File perm="0444">/57/31</File>
    <Query type="disk">/tmp/test-disk-big/57/31</Query>
  </Pair>
  <Pair reval="1d">
    <File perm="0444">/57/32</File>
    <Query type="disk">/tmp/test-disk-big/57/32</Query>
  </Pair>
  <Pair reval="1d">
    <File perm="0444">/57/33</File>
    <Query type="disk">/tmp/test-disk-big/57/33</Query>
  </Pair>
  <Pair reval="1d">
    <File perm="0444">/57/34</File>
    <Query type="disk">/tmp/test-disk-big/57/34</Query>
  </Pair>
  <Pair reval="1d">
    <File perm="0444">/57/35</File>
    <Query type="disk">/tmp/test-disk-big/57/35</Query>
  </Pair>
  <Pair reval="1d">
    <File perm="0444">/57/36</File>
    <Query type="disk">/tmp/test-disk-big/57/36</Query>
  </Pair>
  <Pair reval="1d">
    <File perm="0444">/57/37</File>
    <Query type="disk">/tmp/test-disk-big/57/37</Query>
  </Pair>
  <Pair reval="1d">
    <File perm="0444">/57/38</File>
    <Query type="disk">/tmp/test-disk-big/57/38</Query>
  </Pair>
  <Pair reval="1d">
    <File perm="0444">/57/39</File>
    <Query type="disk">/tmp/test-disk-big/57/39</Query>
  </Pair>
  <Pair reval="1d">
    <File perm="0444">/57/4</File>
    <Query type="disk">/tmp/test-disk-big/57/4</Query>
  </Pair>
  <Pair reval="1d">
    <File perm="0444">/57/40</File>
    <Query type="disk">/tmp/test-disk-big/57/40</Query>
  </Pair>
  <Pair reval="1d">
    <File perm="0444">/57/41</File>
    <Query type="disk">/tmp/test-disk-big/57/41</Query>
  </Pair>
  <Pair reval="1d">
    <File perm="0444">/57/42</File>
    <Query type="disk">/tmp/test-disk-big/57/42</Query>
  </Pair>
  <Pair reval="1d">
    <File perm="0444">/57/43</File>
    <Query type="disk">/tmp/test-disk-big/57/43</Query>
  </Pair>
  <Pair reval="1d">
    <File perm="0444">/57/44</File>
    <Query type="disk">/tmp/test-disk-big/57/44</Query>
  </Pair>
  <Pair reval="1d">
    <File perm="0444">/57/45</File>
    <Query type="disk">/tmp/test-disk-big/57/45</Query>
  </Pair>
  <Pair reval="1d">
    <File perm="0444">/57/46</File>
    <Query type="disk">/tmp/test-disk-big/57/46</Query>
  </Pair>
  <Pair reval="1d">
    <File perm="0444">/57/47</File>
    <Query type="disk">/tmp/test-disk-big/57/47</Query>
  </Pair>
  <Pair reval="1d">
    <File perm="0444">/57/48</File>
    <Query type="disk">/tmp/test-disk-big/57/48</Query>
  </Pair>
  <Pair reval="1d">
    <File perm="0444">/57/49</File>
    <Query type="disk">/tmp/test-disk-big/57/49</Query>
  </Pair>
  <Pair reval="1d">
    <File perm="0444">/57/5</File>
    <Query type="disk">/tmp/test-disk-big/57/5</Query>
  </Pair>
  <Pair reval="1d">
    <File perm="0444">/57/50</File>
    <Query type="disk">/tmp/test-disk-big/57/50</Query>
  </Pair>
  <Pair reval="1d">
    <File perm="0444">/57/51</File>
    <Query type="disk">/tmp/test-disk-big/57/51</Query>
  </Pair>
  <Pair reval="1d">
    <File perm="0444">/57/52</File>
    <Query type="disk">/tmp/test-disk-big/57/52</Query>
  </Pair>
  <Pair reval="1d">
    <File perm="0444">/57/53</File>
    <Query type="disk">/tmp/test-disk-big/57/53</Query>
  </Pair>
  <Pair reval="1d">
    <File perm="0444">/57/54</File>
    <Query type="disk">/tmp/test-disk-big/57/54</Query>
  </Pair>
  <Pair reval="1d">
    <File perm="0444">/57/55</File>
    <Query type="disk">/tmp/test-disk-big/57/55</Query>
  </Pair>
  <Pair reval="1d">
    <File perm="0444">/57/56</File>
    <Query type="disk">/tmp/test-disk-big/57/56</Query>
  </Pair>
  <Pair reval="1d">
    <File perm="0444">/57/57</File>
    <Query type="disk">/tmp/test-disk-big/57/57</Query>
  </Pair>
  <Pair reval="1d">
    <File perm="0444">/57/58</File>
    <Query type="disk">/tmp/test-disk-big/57/58</Query>
  </Pair>
  <Pair reval="1d">
    <File perm="0444">/57/59</File>
    <Query type="disk">/tmp/test-disk-big/57/59</Query>
  </Pair>
  <Pair reval="1d">
    <File perm="0444">/57/6</File>
    <Query type="disk">/tmp/test-disk-big/57/6</Query>
  </Pair>
  <Pair reval="1d">
    <File perm="0444">/57/60</File>
    <Query type="disk">/tmp/test-disk-big/57/60</Query>
  </Pair>
  <Pair reval="1d">
    <File perm="0444">/57/61</File>
    <Query type="disk">/tmp/test-disk-big/57/61</Query>
  </Pair>
  <Pair reval="1d">
    <File perm="0444">/57/62</File>
    <Query type="disk">/tmp/test-disk-big/57/62</Query>
  </Pair>
  <Pair reval="1d">
    <File perm="0444">/57/63</File>
    <Query type="disk">/tmp/test-disk-big/57/63</Query>
  </Pair>
  <Pair reval="1d">
    <File perm="0444">/57/64</File>
    <Query type="disk">/tmp/test-disk-big/57/64</Query>
  </Pair>
  <Pair reval="1d">
    <File perm="0444">/57/65</File>
    <Query type="disk">/tmp/test-disk-big/57/65</Query>
  </Pair>
  <Pair reval="1d">
    <File perm="0444">/57/66</File>
    <Query type="disk">/tmp/test-disk-big/57/66</Query>
  </Pair>
  <Pair reval="1d">
    <File perm="0444">/57/67</File>
    <Query type="disk">/tmp/test-disk-big/57/67</Query>
  </Pair>
  <Pair reval="1d">
    <File perm="0444">/57/68</File>
    <Query type="disk">/tmp/test-disk-big/57/68</Query>
  </Pair>
  <Pair reval="1d">
    <File perm="0444">/57/69</File>
    <Query type="disk">/tmp/test-disk-big/57/69</Query>
  </Pair>
  <Pair reval="1d">
    <File perm="0444">/57/7</File>
    <Query type="disk">/tmp/test-disk-big/57/7</Query>
  </Pair>
  <Pair reval="1d">
    <File perm="0444">/57/70</File>
    <Query type="disk">/tmp/test-disk-big/57/70</Query>
  </Pair>
  <Pair reval="1d">
    <File perm="0444">/57/71</File>
    <Query type="disk">/tmp/test-disk-big/57/71</Query>
  </Pair>
  <Pair reval="1d">
    <File perm="0444">/57/72</File>
    <Query type="disk">/tmp/test-disk-big/57/72</Query>
  </Pair>
  <Pair reval="1d">
    <File perm="0444">/57/73</File>
    <Query type="disk">/tmp/test-disk-big/57/73</Query>
  </Pair>
  <Pair reval="1d">
    <File perm="0444">/57/74</File>
    <Query type="disk">/tmp/test-disk-big/57/74</Query>
  </Pair>
  <Pair reval="1d">
    <File perm="0444">/57/75</File>
    <Query type="disk">/tmp/test-disk-big/57/75</Query>
  </Pair>
  <Pair reval="1d">
    <File perm="0444">/57/76</File>
    <Query type="disk">/tmp/test-disk-big/57/76</Query>
  </Pair>
  <Pair reval="1d">
    <File perm="0444">/57/77</File>
    <Query type="disk">/tmp/test-disk-big/57/77</Query>
  </Pair>
  <Pair reval="1d">
    <File perm="0444">/57/78</File>
    <Query type="disk">/tmp/test-disk-big/57/78</Query>
  </Pair>
  <Pair reval="1d">
    <File perm="0444">/57/79</File>
    <Query type="disk">/tmp/test-disk-big/57/79</Query>
  </Pair>
  <Pair reval="1d">
    <File perm="0444">/57/8</File>
    <Query type="disk">/tmp/test-disk-big/57/8</Query>
  </Pair>
  <Pair reval="1d">
    <File perm="0444">/57/80</File>
    <Query type="disk">/tmp/test-disk-big/57/80</Query>
  </Pair>
  <Pair reval="1d">
    <File perm="0444">/57/81</File>
    <Query type="disk">/tmp/test-disk-big/57/81</Query>
  </Pair>
  <Pair reval="1d">
    <File perm="0444">/57/82</File>
    <Query type="disk">/tmp/test-disk-big/57/82</Query>
  </Pair>
  <Pair reval="1d">
    <File perm="0444">/57/83</File>
    <Query type="disk">/tmp/test-disk-big/57/83</Query>
  </Pair>
  <Pair reval="1d">
    <File perm="0444">/57/84</File>
    <Query type="disk">/tmp/test-disk-big/57/84</Query>
  </Pair>
  <Pair reval="1d">
    <File perm="0444">/57/85</File>
    <Query type="disk">/tmp/test-disk-big/57/85</Query>
  </Pair>
  <Pair reval="1d">
    <File perm="0444">/57/86</File>
    <Query type="disk">/tmp/test-disk-big/57/86</Query>
  </Pair>
  <Pair reval="1d">
    <File perm="0444">/57/87</File>
    <Query type="disk">/tmp/test-disk-big/57/87</Query>
  </Pair>
  <Pair reval="1d">
    <File perm="0444">/57/88</File>
    <Query type="disk">/tmp/test-disk-big/57/88</Query>
  </Pair>
  <Pair reval="1d">
    <File perm="0444">/57/89</File>
    <Query type="disk">/tmp/test-disk-big/57/89</Query>
  </Pair>
  <Pair reval="1d">
    <File perm="0444">/57/9</File>
    <Query type="disk">/tmp/test-disk-big/57/9</Query>
  </Pair>
  <Pair reval="1d">
    <File perm="0444">/57/90</File>
    <Query type="disk">/tmp/test-disk-big/57/90</Query>
  </Pair>
  <Pair reval="1d">
    <File perm="0444">/57/91</File>
    <Query type="disk">/tmp/test-disk-big/57/91</Query>
  </Pair>
  <Pair reval="1d">
    <File perm="0444">/57/92</File>
    <Query type="disk">/tmp/test-disk-big/57/92</Query>
  </Pair>
  <Pair reval="1d">
    <File perm="0444">/57/93</File>
    <Query type="disk">/tmp/test-disk-big/57/93</Query>
  </Pair>
  <Pair reval="1d">
    <File perm="0444">/57/94</File>
    <Query type="disk">/tmp/test-disk-big/57/94</Query>
  </Pair>
  <Pair reval="1d">
    <File perm="0444">/57/95</File>
    <Query type="disk">/tmp/test-disk-big/57/95</Query>
  </Pair>
  <Pair reval="1d">
    <File perm="0444">/57/96</File>
    <Query type="disk">/tmp/test-disk-big/57/96</Query>
  </Pair>
  <Pair reval="1d">
    <File perm="0444">/57/97</File>
    <Query type="disk">/tmp/test-disk-big/57/97</Query>
  </Pair>
  <Pair reval="1d">
    <File perm="0444">/57/98</File>
    <Query type="disk">/tmp/test-disk-big/57/98</Query>
  </Pair>
  <Pair reval="1d">
    <File perm="0444">/57/99</File>
    <Query type="disk">/tmp/test-disk-big/57/99</Query>
  </Pair>
  <Pair reval="1d">
    <Dir perm="0555">/58</Dir>
    <Query type="disk"></Query>
  </Pair>
  <Pair reval="1d">
    <File perm="0444">/58/1</File>
    <Query type="disk">/tmp/test-disk-big/58/1</Query>
  </Pair>
  <Pair reval="1d">
    <File perm="0444">/58/10</File>
    <Query type="disk">/tmp/test-disk-big/58/10</Query>
  </Pair>
  <Pair reval="1d">
    <File perm="0444">/58/100</File>
    <Query type="disk">/tmp/test-disk-big/58/100</Query>
  </Pair>
  <Pair reval="1d">
    <File perm="0444">/58/11</File>
    <Query type="disk">/tmp/test-disk-big/58/11</Query>
  </Pair>
  <Pair reval="1d">
    <File perm="0444">/58/12</File>
    <Query type="disk">/tmp/test-disk-big/58/12</Query>
  </Pair>
  <Pair reval="1d">
    <File perm="0444">/58/13</File>
    <Query type="disk">/tmp/test-disk-big/58/13</Query>
  </Pair>
  <Pair reval="1d">
    <File perm="0444">/58/14</File>
    <Query type="disk">/tmp/test-disk-big/58/14</Query>
  </Pair>
  <Pair reval="1d">
    <File perm="0444">/58/15</File>
    <Query type="disk">/tmp/test-disk-big/58/15</Query>
  </Pair>
  <Pair reval="1d">
    <File perm="0444">/58/16</File>
    <Query type="disk">/tmp/test-disk-big/58/16</Query>
  </Pair>
  <Pair reval="1d">
    <File perm="0444">/58/17</File>
    <Query type="disk">/tmp/test-disk-big/58/17</Query>
  </Pair>
  <Pair reval="1d">
    <File perm="0444">/58/18</File>
    <Query type="disk">/tmp/test-disk-big/58/18</Query>
  </Pair>
  <Pair reval="1d">
    <File perm="0444">/58/19</File>
    <Query type="disk">/tmp/test-disk-big/58/19</Query>
  </Pair>
  <Pair reval="1d">
    <File perm="0444">/58/2</File>
    <Query type="disk">/tmp/test-disk-big/58/2</Query>
  </Pair>
  <Pair reval="1d">
    <File perm="0444">/58/20</File>
    <Query type="disk">/tmp/test-disk-big/58/20</Query>
  </Pair>
  <Pair reval="1d">
    <File perm="0444">/58/21</File>
    <Query type="disk">/tmp/test-disk-big/58/21</Query>
  </Pair>
  <Pair reval="1d">
    <File perm="0444">/58/22</File>
    <Query type="disk">/tmp/test-disk-big/58/22</Query>
  </Pair>
  <Pair reval="1d">
    <File perm="0444">/58/23</File>
    <Query type="disk">/tmp/test-disk-big/58/23</Query>
  </Pair>
  <Pair reval="1d">
    <File perm="0444">/58/24</File>
    <Query type="disk">/tmp/test-disk-big/58/24</Query>
  </Pair>
  <Pair reval="1d">
    <File perm="0444">/58/25</File>
    <Query type="disk">/tmp/test-disk-big/58/25</Query>
  </Pair>
  <Pair reval="1d">
    <File perm="0444">/58/26</File>
    <Query type="disk">/tmp/test-disk-big/58/26</Query>
  </Pair>
  <Pair reval="1d">
    <File perm="0444">/58/27</File>
    <Query type="disk">/tmp/test-disk-big/58/27</Query>
  </Pair>
  <Pair reval="1d">
    <File perm="0444">/58/28</File>
    <Query type="disk">/tmp/test-disk-big/58/28</Query>
  </Pair>
  <Pair reval="1d">
    <File perm="0444">/58/29</File>
    <Query type="disk">/tmp/test-disk-big/58/29</Query>
  </Pair>
  <Pair reval="1d">
    <File perm="0444">/58/3</File>
    <Query type="disk">/tmp/test-disk-big/58/3</Query>
  </Pair>
  <Pair reval="1d">
    <File perm="0444">/58/30</File>
    <Query type="disk">/tmp/test-disk-big/58/30</Query>
  </Pair>
  <Pair reval="1d">
    <File perm="0444">/58/31</File>
    <Query type="disk">/tmp/test-disk-big/58/31</Query>
  </Pair>
  <Pair reval="1d">
    <File perm="0444">/58/32</File>
    <Query type="disk">/tmp/test-disk-big/58/32</Query>
  </Pair>
  <Pair reval="1d">
    <File perm="0444">/58/33</File>
    <Query type="disk">/tmp/test-disk-big/58/33</Query>
  </Pair>
  <Pair reval="1d">
    <File perm="0444">/58/34</File>
    <Query type="disk">/tmp/test-disk-big/58/34</Query>
  </Pair>
  <Pair reval="1d">
    <File perm="0444">/58/35</File>
    <Query type="disk">/tmp/test-disk-big/58/35</Query>
  </Pair>
  <Pair reval="1d">
    <File perm="0444">/58/36</File>
    <Query type="disk">/tmp/test-disk-big/58/36</Query>
  </Pair>
  <Pair reval="1d">
    <File perm="0444">/58/37</File>
    <Query type="disk">/tmp/test-disk-big/58/37</Query>
  </Pair>
  <Pair reval="1d">
    <File perm="0444">/58/38</File>
    <Query type="disk">/tmp/test-disk-big/58/38</Query>
  </Pair>
  <Pair reval="1d">
    <File perm="0444">/58/39</File>
    <Query type="disk">/tmp/test-disk-big/58/39</Query>
  </Pair>
  <Pair reval="1d">
    <File perm="0444">/58/4</File>
    <Query type="disk">/tmp/test-disk-big/58/4</Query>
  </Pair>
  <Pair reval="1d">
    <File perm="0444">/58/40</File>
    <Query type="disk">/tmp/test-disk-big/58/40</Query>
  </Pair>
  <Pair reval="1d">
    <File perm="0444">/58/41</File>
    <Query type="disk">/tmp/test-disk-big/58/41</Query>
  </Pair>
  <Pair reval="1d">
    <File perm="0444">/58/42</File>
    <Query type="disk">/tmp/test-disk-big/58/42</Query>
  </Pair>
  <Pair reval="1d">
    <File perm="0444">/58/43</File>
    <Query type="disk">/tmp/test-disk-big/58/43</Query>
  </Pair>
  <Pair reval="1d">
    <File perm="0444">/58/44</File>
    <Query type="disk">/tmp/test-disk-big/58/44</Query>
  </Pair>
  <Pair reval="1d">
    <File perm="0444">/58/45</File>
    <Query type="disk">/tmp/test-disk-big/58/45</Query>
  </Pair>
  <Pair reval="1d">
    <File perm="0444">/58/46</File>
    <Query type="disk">/tmp/test-disk-big/58/46</Query>
  </Pair>
  <Pair reval="1d">
    <File perm="0444">/58/47</File>
    <Query type="disk">/tmp/test-disk-big/58/47</Query>
  </Pair>
  <Pair reval="1d">
    <File perm="0444">/58/48</File>
    <Query type="disk">/tmp/test-disk-big/58/48</Query>
  </Pair>
  <Pair reval="1d">
    <File perm="0444">/58/49</File>
    <Query type="disk">/tmp/test-disk-big/58/49</Query>
  </Pair>
  <Pair reval="1d">
    <File perm="0444">/58/5</File>
    <Query type="disk">/tmp/test-disk-big/58/5</Query>
  </Pair>
  <Pair reval="1d">
    <File perm="0444">/58/50</File>
    <Query type="disk">/tmp/test-disk-big/58/50</Query>
  </Pair>
  <Pair reval="1d">
    <File perm="0444">/58/51</File>
    <Query type="disk">/tmp/test-disk-big/58/51</Query>
  </Pair>
  <Pair reval="1d">
    <File perm="0444">/58/52</File>
    <Query type="disk">/tmp/test-disk-big/58/52</Query>
  </Pair>
  <Pair reval="1d">
    <File perm="0444">/58/53</File>
    <Query type="disk">/tmp/test-disk-big/58/53</Query>
  </Pair>
  <Pair reval="1d">
    <File perm="0444">/58/54</File>
    <Query type="disk">/tmp/test-disk-big/58/54</Query>
  </Pair>
  <Pair reval="1d">
    <File perm="0444">/58/55</File>
    <Query type="disk">/tmp/test-disk-big/58/55</Query>
  </Pair>
  <Pair reval="1d">
    <File perm="0444">/58/56</File>
    <Query type="disk">/tmp/test-disk-big/58/56</Query>
  </Pair>
  <Pair reval="1d">
    <File perm="0444">/58/57</File>
    <Query type="disk">/tmp/test-disk-big/58/57</Query>
  </Pair>
  <Pair reval="1d">
    <File perm="0444">/58/58</File>
    <Query type="disk">/tmp/test-disk-big/58/58</Query>
  </Pair>
  <Pair reval="1d">
    <File perm="0444">/58/59</File>
    <Query type="disk">/tmp/test-disk-big/58/59</Query>
  </Pair>
  <Pair reval="1d">
    <File perm="0444">/58/6</File>
    <Query type="disk">/tmp/test-disk-big/58/6</Query>
  </Pair>
  <Pair reval="1d">
    <File perm="0444">/58/60</File>
    <Query type="disk">/tmp/test-disk-big/58/60</Query>
  </Pair>
  <Pair reval="1d">
    <File perm="0444">/58/61</File>
    <Query type="disk">/tmp/test-disk-big/58/61</Query>
  </Pair>
  <Pair reval="1d">
    <File perm="0444">/58/62</File>
    <Query type="disk">/tmp/test-disk-big/58/62</Query>
  </Pair>
  <Pair reval="1d">
    <File perm="0444">/58/63</File>
    <Query type="disk">/tmp/test-disk-big/58/63</Query>
  </Pair>
  <Pair reval="1d">
    <File perm="0444">/58/64</File>
    <Query type="disk">/tmp/test-disk-big/58/64</Query>
  </Pair>
  <Pair reval="1d">
    <File perm="0444">/58/65</File>
    <Query type="disk">/tmp/test-disk-big/58/65</Query>
  </Pair>
  <Pair reval="1d">
    <File perm="0444">/58/66</File>
    <Query type="disk">/tmp/test-disk-big/58/66</Query>
  </Pair>
  <Pair reval="1d">
    <File perm="0444">/58/67</File>
    <Query type="disk">/tmp/test-disk-big/58/67</Query>
  </Pair>
  <Pair reval="1d">
    <File perm="0444">/58/68</File>
    <Query type="disk">/tmp/test-disk-big/58/68</Query>
  </Pair>
  <Pair reval="1d">
    <File perm="0444">/58/69</File>
    <Query type="disk">/tmp/test-disk-big/58/69</Query>
  </Pair>
  <Pair reval="1d">
    <File perm="0444">/58/7</File>
    <Query type="disk">/tmp/test-disk-big/58/7</Query>
  </Pair>
  <Pair reval="1d">
    <File perm="0444">/58/70</File>
    <Query type="disk">/tmp/test-disk-big/58/70</Query>
  </Pair>
  <Pair reval="1d">
    <File perm="0444">/58/71</File>
    <Query type="disk">/tmp/test-disk-big/58/71</Query>
  </Pair>
  <Pair reval="1d">
    <File perm="0444">/58/72</File>
    <Query type="disk">/tmp/test-disk-big/58/72</Query>
  </Pair>
  <Pair reval="1d">
    <File perm="0444">/58/73</File>
    <Query type="disk">/tmp/test-disk-big/58/73</Query>
  </Pair>
  <Pair reval="1d">
    <File perm="0444">/58/74</File>
    <Query type="disk">/tmp/test-disk-big/58/74</Query>
  </Pair>
  <Pair reval="1d">
    <File perm="0444">/58/75</File>
    <Query type="disk">/tmp/test-disk-big/58/75</Query>
  </Pair>
  <Pair reval="1d">
    <File perm="0444">/58/76</File>
    <Query type="disk">/tmp/test-disk-big/58/76</Query>
  </Pair>
  <Pair reval="1d">
    <File perm="0444">/58/77</File>
    <Query type="disk">/tmp/test-disk-big/58/77</Query>
  </Pair>
  <Pair reval="1d">
    <File perm="0444">/58/78</File>
    <Query type="disk">/tmp/test-disk-big/58/78</Query>
  </Pair>
  <Pair reval="1d">
    <File perm="0444">/58/79</File>
    <Query type="disk">/tmp/test-disk-big/58/79</Query>
  </Pair>
  <Pair reval="1d">
    <File perm="0444">/58/8</File>
    <Query type="disk">/tmp/test-disk-big/58/8</Query>
  </Pair>
  <Pair reval="1d">
    <File perm="0444">/58/80</File>
    <Query type="disk">/tmp/test-disk-big/58/80</Query>
  </Pair>
  <Pair reval="1d">
    <File perm="0444">/58/81</File>
    <Query type="disk">/tmp/test-disk-big/58/81</Query>
  </Pair>
  <Pair reval="1d">
    <File perm="0444">/58/82</File>
    <Query type="disk">/tmp/test-disk-big/58/82</Query>
  </Pair>
  <Pair reval="1d">
    <File perm="0444">/58/83</File>
    <Query type="disk">/tmp/test-disk-big/58/83</Query>
  </Pair>
  <Pair reval="1d">
    <File perm="0444">/58/84</File>
    <Query type="disk">/tmp/test-disk-big/58/84</Query>
  </Pair>
  <Pair reval="1d">
    <File perm="0444">/58/85</File>
    <Query type="disk">/tmp/test-disk-big/58/85</Query>
  </Pair>
  <Pair reval="1d">
    <File perm="0444">/58/86</File>
    <Query type="disk">/tmp/test-disk-big/58/86</Query>
  </Pair>
  <Pair reval="1d">
    <File perm="0444">/58/87</File>
    <Query type="disk">/tmp/test-disk-big/58/87</Query>
  </Pair>
  <Pair reval="1d">
    <File perm="0444">/58/88</File>
    <Query type="disk">/tmp/test-disk-big/58/88</Query>
  </Pair>
  <Pair reval="1d">
    <File perm="0444">/58/89</File>
    <Query type="disk">/tmp/test-disk-big/58/89</Query>
  </Pair>
  <Pair reval="1d">
    <File perm="0444">/58/9</File>
    <Query type="disk">/tmp/test-disk-big/58/9</Query>
  </Pair>
  <Pair reval="1d">
    <File perm="0444">/58/90</File>
    <Query type="disk">/tmp/test-disk-big/58/90</Query>
  </Pair>
  <Pair reval="1d">
    <File perm="0444">/58/91</File>
    <Query type="disk">/tmp/test-disk-big/58/91</Query>
  </Pair>
  <Pair reval="1d">
    <File perm="0444">/58/92</File>
    <Query type="disk">/tmp/test-disk-big/58/92</Query>
  </Pair>
  <Pair reval="1d">
    <File perm="0444">/58/93</File>
    <Query type="disk">/tmp/test-disk-big/58/93</Query>
  </Pair>
  <Pair reval="1d">
    <File perm="0444">/58/94</File>
    <Query type="disk">/tmp/test-disk-big/58/94</Query>
  </Pair>
  <Pair reval="1d">
    <File perm="0444">/58/95</File>
    <Query type="disk">/tmp/test-disk-big/58/95</Query>
  </Pair>
  <Pair reval="1d">
    <File perm="0444">/58/96</File>
    <Query type="disk">/tmp/test-disk-big/58/96</Query>
  </Pair>
  <Pair reval="1d">
    <File perm="0444">/58/97</File>
    <Query type="disk">/tmp/test-disk-big/58/97</Query>
  </Pair>
  <Pair reval="1d">
    <File perm="0444">/58/98</File>
    <Query type="disk">/tmp/test-disk-big/58/98</Query>
  </Pair>
  <Pair reval="1d">
    <File perm="0444">/58/99</File>
    <Query type="disk">/tmp/test-disk-big/58/99</Query>
  </Pair>
  <Pair reval="1d">
    <Dir perm="0555">/59</Dir>
    <Query type="disk"></Query>
  </Pair>
  <Pair reval="1d">
    <File perm="0444">/59/1</File>
    <Query type="disk">/tmp/test-disk-big/59/1</Query>
  </Pair>
  <Pair reval="1d">
    <File perm="0444">/59/10</File>
    <Query type="disk">/tmp/test-disk-big/59/10</Query>
  </Pair>
  <Pair reval="1d">
    <File perm="0444">/59/100</File>
    <Query type="disk">/tmp/test-disk-big/59/100</Query>
  </Pair>
  <Pair reval="1d">
    <File perm="0444">/59/11</File>
    <Query type="disk">/tmp/test-disk-big/59/11</Query>
  </Pair>
  <Pair reval="1d">
    <File perm="0444">/59/12</File>
    <Query type="disk">/tmp/test-disk-big/59/12</Query>
  </Pair>
  <Pair reval="1d">
    <File perm="0444">/59/13</File>
    <Query type="disk">/tmp/test-disk-big/59/13</Query>
  </Pair>
  <Pair reval="1d">
    <File perm="0444">/59/14</File>
    <Query type="disk">/tmp/test-disk-big/59/14</Query>
  </Pair>
  <Pair reval="1d">
    <File perm="0444">/59/15</File>
    <Query type="disk">/tmp/test-disk-big/59/15</Query>
  </Pair>
  <Pair reval="1d">
    <File perm="0444">/59/16</File>
    <Query type="disk">/tmp/test-disk-big/59/16</Query>
  </Pair>
  <Pair reval="1d">
    <File perm="0444">/59/17</File>
    <Query type="disk">/tmp/test-disk-big/59/17</Query>
  </Pair>
  <Pair reval="1d">
    <File perm="0444">/59/18</File>
    <Query type="disk">/tmp/test-disk-big/59/18</Query>
  </Pair>
  <Pair reval="1d">
    <File perm="0444">/59/19</File>
    <Query type="disk">/tmp/test-disk-big/59/19</Query>
  </Pair>
  <Pair reval="1d">
    <File perm="0444">/59/2</File>
    <Query type="disk">/tmp/test-disk-big/59/2</Query>
  </Pair>
  <Pair reval="1d">
    <File perm="0444">/59/20</File>
    <Query type="disk">/tmp/test-disk-big/59/20</Query>
  </Pair>
  <Pair reval="1d">
    <File perm="0444">/59/21</File>
    <Query type="disk">/tmp/test-disk-big/59/21</Query>
  </Pair>
  <Pair reval="1d">
    <File perm="0444">/59/22</File>
    <Query type="disk">/tmp/test-disk-big/59/22</Query>
  </Pair>
  <Pair reval="1d">
    <File perm="0444">/59/23</File>
    <Query type="disk">/tmp/test-disk-big/59/23</Query>
  </Pair>
  <Pair reval="1d">
    <File perm="0444">/59/24</File>
    <Query type="disk">/tmp/test-disk-big/59/24</Query>
  </Pair>
  <Pair reval="1d">
    <File perm="0444">/59/25</File>
    <Query type="disk">/tmp/test-disk-big/59/25</Query>
  </Pair>
  <Pair reval="1d">
    <File perm="0444">/59/26</File>
    <Query type="disk">/tmp/test-disk-big/59/26</Query>
  </Pair>
  <Pair reval="1d">
    <File perm="0444">/59/27</File>
    <Query type="disk">/tmp/test-disk-big/59/27</Query>
  </Pair>
  <Pair reval="1d">
    <File perm="0444">/59/28</File>
    <Query type="disk">/tmp/test-disk-big/59/28</Query>
  </Pair>
  <Pair reval="1d">
    <File perm="0444">/59/29</File>
    <Query type="disk">/tmp/test-disk-big/59/29</Query>
  </Pair>
  <Pair reval="1d">
    <File perm="0444">/59/3</File>
    <Query type="disk">/tmp/test-disk-big/59/3</Query>
  </Pair>
  <Pair reval="1d">
    <File perm="0444">/59/30</File>
    <Query type="disk">/tmp/test-disk-big/59/30</Query>
  </Pair>
  <Pair reval="1d">
    <File perm="0444">/59/31</File>
    <Query type="disk">/tmp/test-disk-big/59/31</Query>
  </Pair>
  <Pair reval="1d">
    <File perm="0444">/59/32</File>
    <Query type="disk">/tmp/test-disk-big/59/32</Query>
  </Pair>
  <Pair reval="1d">
    <File perm="0444">/59/33</File>
    <Query type="disk">/tmp/test-disk-big/59/33</Query>
  </Pair>
  <Pair reval="1d">
    <File perm="0444">/59/34</File>
    <Query type="disk">/tmp/test-disk-big/59/34</Query>
  </Pair>
  <Pair reval="1d">
    <File perm="0444">/59/35</File>
    <Query type="disk">/tmp/test-disk-big/59/35</Query>
  </Pair>
  <Pair reval="1d">
    <File perm="0444">/59/36</File>
    <Query type="disk">/tmp/test-disk-big/59/36</Query>
  </Pair>
  <Pair reval="1d">
    <File perm="0444">/59/37</File>
    <Query type="disk">/tmp/test-disk-big/59/37</Query>
  </Pair>
  <Pair reval="1d">
    <File perm="0444">/59/38</File>
    <Query type="disk">/tmp/test-disk-big/59/38</Query>
  </Pair>
  <Pair reval="1d">
    <File perm="0444">/59/39</File>
    <Query type="disk">/tmp/test-disk-big/59/39</Query>
  </Pair>
  <Pair reval="1d">
    <File perm="0444">/59/4</File>
    <Query type="disk">/tmp/test-disk-big/59/4</Query>
  </Pair>
  <Pair reval="1d">
    <File perm="0444">/59/40</File>
    <Query type="disk">/tmp/test-disk-big/59/40</Query>
  </Pair>
  <Pair reval="1d">
    <File perm="0444">/59/41</File>
    <Query type="disk">/tmp/test-disk-big/59/41</Query>
  </Pair>
  <Pair reval="1d">
    <File perm="0444">/59/42</File>
    <Query type="disk">/tmp/test-disk-big/59/42</Query>
  </Pair>
  <Pair reval="1d">
    <File perm="0444">/59/43</File>
    <Query type="disk">/tmp/test-disk-big/59/43</Query>
  </Pair>
  <Pair reval="1d">
    <File perm="0444">/59/44</File>
    <Query type="disk">/tmp/test-disk-big/59/44</Query>
  </Pair>
  <Pair reval="1d">
    <File perm="0444">/59/45</File>
    <Query type="disk">/tmp/test-disk-big/59/45</Query>
  </Pair>
  <Pair reval="1d">
    <File perm="0444">/59/46</File>
    <Query type="disk">/tmp/test-disk-big/59/46</Query>
  </Pair>
  <Pair reval="1d">
    <File perm="0444">/59/47</File>
    <Query type="disk">/tmp/test-disk-big/59/47</Query>
  </Pair>
  <Pair reval="1d">
    <File perm="0444">/59/48</File>
    <Query type="disk">/tmp/test-disk-big/59/48</Query>
  </Pair>
  <Pair reval="1d">
    <File perm="0444">/59/49</File>
    <Query type="disk">/tmp/test-disk-big/59/49</Query>
  </Pair>
  <Pair reval="1d">
    <File perm="0444">/59/5</File>
    <Query type="disk">/tmp/test-disk-big/59/5</Query>
  </Pair>
  <Pair reval="1d">
    <File perm="0444">/59/50</File>
    <Query type="disk">/tmp/test-disk-big/59/50</Query>
  </Pair>
  <Pair reval="1d">
    <File perm="0444">/59/51</File>
    <Query type="disk">/tmp/test-disk-big/59/51</Query>
  </Pair>
  <Pair reval="1d">
    <File perm="0444">/59/52</File>
    <Query type="disk">/tmp/test-disk-big/59/52</Query>
  </Pair>
  <Pair reval="1d">
    <File perm="0444">/59/53</File>
    <Query type="disk">/tmp/test-disk-big/59/53</Query>
  </Pair>
  <Pair reval="1d">
    <File perm="0444">/59/54</File>
    <Query type="disk">/tmp/test-disk-big/59/54</Query>
  </Pair>
  <Pair reval="1d">
    <File perm="0444">/59/55</File>
    <Query type="disk">/tmp/test-disk-big/59/55</Query>
  </Pair>
  <Pair reval="1d">
    <File perm="0444">/59/56</File>
    <Query type="disk">/tmp/test-disk-big/59/56</Query>
  </Pair>
  <Pair reval="1d">
    <File perm="0444">/59/57</File>
    <Query type="disk">/tmp/test-disk-big/59/57</Query>
  </Pair>
  <Pair reval="1d">
    <File perm="0444">/59/58</File>
    <Query type="disk">/tmp/test-disk-big/59/58</Query>
  </Pair>
  <Pair reval="1d">
    <File perm="0444">/59/59</File>
    <Query type="disk">/tmp/test-disk-big/59/59</Query>
  </Pair>
  <Pair reval="1d">
    <File perm="0444">/59/6</File>
    <Query type="disk">/tmp/test-disk-big/59/6</Query>
  </Pair>
  <Pair reval="1d">
    <File perm="0444">/59/60</File>
    <Query type="disk">/tmp/test-disk-big/59/60</Query>
  </Pair>
  <Pair reval="1d">
    <File perm="0444">/59/61</File>
    <Query type="disk">/tmp/test-disk-big/59/61</Query>
  </Pair>
  <Pair reval="1d">
    <File perm="0444">/59/62</File>
    <Query type="disk">/tmp/test-disk-big/59/62</Query>
  </Pair>
  <Pair reval="1d">
    <File perm="0444">/59/63</File>
    <Query type="disk">/tmp/test-disk-big/59/63</Query>
  </Pair>
  <Pair reval="1d">
    <File perm="0444">/59/64</File>
    <Query type="disk">/tmp/test-disk-big/59/64</Query>
  </Pair>
  <Pair reval="1d">
    <File perm="0444">/59/65</File>
    <Query type="disk">/tmp/test-disk-big/59/65</Query>
  </Pair>
  <Pair reval="1d">
    <File perm="0444">/59/66</File>
    <Query type="disk">/tmp/test-disk-big/59/66</Query>
  </Pair>
  <Pair reval="1d">
    <File perm="0444">/59/67</File>
    <Query type="disk">/tmp/test-disk-big/59/67</Query>
  </Pair>
  <Pair reval="1d">
    <File perm="0444">/59/68</File>
    <Query type="disk">/tmp/test-disk-big/59/68</Query>
  </Pair>
  <Pair reval="1d">
    <File perm="0444">/59/69</File>
    <Query type="disk">/tmp/test-disk-big/59/69</Query>
  </Pair>
  <Pair reval="1d">
    <File perm="0444">/59/7</File>
    <Query type="disk">/tmp/test-disk-big/59/7</Query>
  </Pair>
  <Pair reval="1d">
    <File perm="0444">/59/70</File>
    <Query type="disk">/tmp/test-disk-big/59/70</Query>
  </Pair>
  <Pair reval="1d">
    <File perm="0444">/59/71</File>
    <Query type="disk">/tmp/test-disk-big/59/71</Query>
  </Pair>
  <Pair reval="1d">
    <File perm="0444">/59/72</File>
    <Query type="disk">/tmp/test-disk-big/59/72</Query>
  </Pair>
  <Pair reval="1d">
    <File perm="0444">/59/73</File>
    <Query type="disk">/tmp/test-disk-big/59/73</Query>
  </Pair>
  <Pair reval="1d">
    <File perm="0444">/59/74</File>
    <Query type="disk">/tmp/test-disk-big/59/74</Query>
  </Pair>
  <Pair reval="1d">
    <File perm="0444">/59/75</File>
    <Query type="disk">/tmp/test-disk-big/59/75</Query>
  </Pair>
  <Pair reval="1d">
    <File perm="0444">/59/76</File>
    <Query type="disk">/tmp/test-disk-big/59/76</Query>
  </Pair>
  <Pair reval="1d">
    <File perm="0444">/59/77</File>
    <Query type="disk">/tmp/test-disk-big/59/77</Query>
  </Pair>
  <Pair reval="1d">
    <File perm="0444">/59/78</File>
    <Query type="disk">/tmp/test-disk-big/59/78</Query>
  </Pair>
  <Pair reval="1d">
    <File perm="0444">/59/79</File>
    <Query type="disk">/tmp/test-disk-big/59/79</Query>
  </Pair>
  <Pair reval="1d">
    <File perm="0444">/59/8</File>
    <Query type="disk">/tmp/test-disk-big/59/8</Query>
  </Pair>
  <Pair reval="1d">
    <File perm="0444">/59/80</File>
    <Query type="disk">/tmp/test-disk-big/59/80</Query>
  </Pair>
  <Pair reval="1d">
    <File perm="0444">/59/81</File>
    <Query type="disk">/tmp/test-disk-big/59/81</Query>
  </Pair>
  <Pair reval="1d">
    <File perm="0444">/59/82</File>
    <Query type="disk">/tmp/test-disk-big/59/82</Query>
  </Pair>
  <Pair reval="1d">
    <File perm="0444">/59/83</File>
    <Query type="disk">/tmp/test-disk-big/59/83</Query>
  </Pair>
  <Pair reval="1d">
    <File perm="0444">/59/84</File>
    <Query type="disk">/tmp/test-disk-big/59/84</Query>
  </Pair>
  <Pair reval="1d">
    <File perm="0444">/59/85</File>
    <Query type="disk">/tmp/test-disk-big/59/85</Query>
  </Pair>
  <Pair reval="1d">
    <File perm="0444">/59/86</File>
    <Query type="disk">/tmp/test-disk-big/59/86</Query>
  </Pair>
  <Pair reval="1d">
    <File perm="0444">/59/87</File>
    <Query type="disk">/tmp/test-disk-big/59/87</Query>
  </Pair>
  <Pair reval="1d">
    <File perm="0444">/59/88</File>
    <Query type="disk">/tmp/test-disk-big/59/88</Query>
  </Pair>
  <Pair reval="1d">
    <File perm="0444">/59/89</File>
    <Query type="disk">/tmp/test-disk-big/59/89</Query>
  </Pair>
  <Pair reval="1d">
    <File perm="0444">/59/9</File>
    <Query type="disk">/tmp/test-disk-big/59/9</Query>
  </Pair>
  <Pair reval="1d">
    <File perm="0444">/59/90</File>
    <Query type="disk">/tmp/test-disk-big/59/90</Query>
  </Pair>
  <Pair reval="1d">
    <File perm="0444">/59/91</File>
    <Query type="disk">/tmp/test-disk-big/59/91</Query>
  </Pair>
  <Pair reval="1d">
    <File perm="0444">/59/92</File>
    <Query type="disk">/tmp/test-disk-big/59/92</Query>
  </Pair>
  <Pair reval="1d">
    <File perm="0444">/59/93</File>
    <Query type="disk">/tmp/test-disk-big/59/93</Query>
  </Pair>
  <Pair reval="1d">
    <File perm="0444">/59/94</File>
    <Query type="disk">/tmp/test-disk-big/59/94</Query>
  </Pair>
  <Pair reval="1d">
    <File perm="0444">/59/95</File>
    <Query type="disk">/tmp/test-disk-big/59/95</Query>
  </Pair>
  <Pair reval="1d">
    <File perm="0444">/59/96</File>
    <Query type="disk">/tmp/test-disk-big/59/96</Query>
  </Pair>
  <Pair reval="1d">
    <File perm="0444">/59/97</File>
    <Query type="disk">/tmp/test-disk-big/59/97</Query>
  </Pair>
  <Pair reval="1d">
    <File perm="0444">/59/98</File>
    <Query type="disk">/tmp/test-disk-big/59/98</Query>
  </Pair>
  <Pair reval="1d">
    <File perm="0444">/59/99</File>
    <Query type="disk">/tmp/test-disk-big/59/99</Query>
  </Pair>
  <Pair reval="1d">
    <Dir perm="0555">/6</Dir>
    <Query type="disk"></Query>
  </Pair>
  <Pair reval="1d">
    <File perm="0444">/6/1</File>
    <Query type="disk">/tmp/test-disk-big/6/1</Query>
  </Pair>
  <Pair reval="1d">
    <File perm="0444">/6/10</File>
    <Query type="disk">/tmp/test-disk-big/6/10</Query>
  </Pair>
  <Pair reval="1d">
    <File perm="0444">/6/100</File>
    <Query type="disk">/tmp/test-disk-big/6/100</Query>
  </Pair>
  <Pair reval="1d">
    <File perm="0444">/6/11</File>
    <Query type="disk">/tmp/test-disk-big/6/11</Query>
  </Pair>
  <Pair reval="1d">
    <File perm="0444">/6/12</File>
    <Query type="disk">/tmp/test-disk-big/6/12</Query>
  </Pair>
  <Pair reval="1d">
    <File perm="0444">/6/13</File>
    <Query type="disk">/tmp/test-disk-big/6/13</Query>
  </Pair>
  <Pair reval="1d">
    <File perm="0444">/6/14</File>
    <Query type="disk">/tmp/test-disk-big/6/14</Query>
  </Pair>
  <Pair reval="1d">
    <File perm="0444">/6/15</File>
    <Query type="disk">/tmp/test-disk-big/6/15</Query>
  </Pair>
  <Pair reval="1d">
    <File perm="0444">/6/16</File>
    <Query type="disk">/tmp/test-disk-big/6/16</Query>
  </Pair>
  <Pair reval="1d">
    <File perm="0444">/6/17</File>
    <Query type="disk">/tmp/test-disk-big/6/17</Query>
  </Pair>
  <Pair reval="1d">
    <File perm="0444">/6/18</File>
    <Query type="disk">/tmp/test-disk-big/6/18</Query>
  </Pair>
  <Pair reval="1d">
    <File perm="0444">/6/19</File>
    <Query type="disk">/tmp/test-disk-big/6/19</Query>
  </Pair>
  <Pair reval="1d">
    <File perm="0444">/6/2</File>
    <Query type="disk">/tmp/test-disk-big/6/2</Query>
  </Pair>
  <Pair reval="1d">
    <File perm="0444">/6/20</File>
    <Query type="disk">/tmp/test-disk-big/6/20</Query>
  </Pair>
  <Pair reval="1d">
    <File perm="0444">/6/21</File>
    <Query type="disk">/tmp/test-disk-big/6/21</Query>
  </Pair>
  <Pair reval="1d">
    <File perm="0444">/6/22</File>
    <Query type="disk">/tmp/test-disk-big/6/22</Query>
  </Pair>
  <Pair reval="1d">
    <File perm="0444">/6/23</File>
    <Query type="disk">/tmp/test-disk-big/6/23</Query>
  </Pair>
  <Pair reval="1d">
    <File perm="0444">/6/24</File>
    <Query type="disk">/tmp/test-disk-big/6/24</Query>
  </Pair>
  <Pair reval="1d">
    <File perm="0444">/6/25</File>
    <Query type="disk">/tmp/test-disk-big/6/25</Query>
  </Pair>
  <Pair reval="1d">
    <File perm="0444">/6/26</File>
    <Query type="disk">/tmp/test-disk-big/6/26</Query>
  </Pair>
  <Pair reval="1d">
    <File perm="0444">/6/27</File>
    <Query type="disk">/tmp/test-disk-big/6/27</Query>
  </Pair>
  <Pair reval="1d">
    <File perm="0444">/6/28</File>
    <Query type="disk">/tmp/test-disk-big/6/28</Query>
  </Pair>
  <Pair reval="1d">
    <File perm="0444">/6/29</File>
    <Query type="disk">/tmp/test-disk-big/6/29</Query>
  </Pair>
  <Pair reval="1d">
    <File perm="0444">/6/3</File>
    <Query type="disk">/tmp/test-disk-big/6/3</Query>
  </Pair>
  <Pair reval="1d">
    <File perm="0444">/6/30</File>
    <Query type="disk">/tmp/test-disk-big/6/30</Query>
  </Pair>
  <Pair reval="1d">
    <File perm="0444">/6/31</File>
    <Query type="disk">/tmp/test-disk-big/6/31</Query>
  </Pair>
  <Pair reval="1d">
    <File perm="0444">/6/32</File>
    <Query type="disk">/tmp/test-disk-big/6/32</Query>
  </Pair>
  <Pair reval="1d">
    <File perm="0444">/6/33</File>
    <Query type="disk">/tmp/test-disk-big/6/33</Query>
  </Pair>
  <Pair reval="1d">
    <File perm="0444">/6/34</File>
    <Query type="disk">/tmp/test-disk-big/6/34</Query>
  </Pair>
  <Pair reval="1d">
    <File perm="0444">/6/35</File>
    <Query type="disk">/tmp/test-disk-big/6/35</Query>
  </Pair>
  <Pair reval="1d">
    <File perm="0444">/6/36</File>
    <Query type="disk">/tmp/test-disk-big/6/36</Query>
  </Pair>
  <Pair reval="1d">
    <File perm="0444">/6/37</File>
    <Query type="disk">/tmp/test-disk-big/6/37</Query>
  </Pair>
  <Pair reval="1d">
    <File perm="0444">/6/38</File>
    <Query type="disk">/tmp/test-disk-big/6/38</Query>
  </Pair>
  <Pair reval="1d">
    <File perm="0444">/6/39</File>
    <Query type="disk">/tmp/test-disk-big/6/39</Query>
  </Pair>
  <Pair reval="1d">
    <File perm="0444">/6/4</File>
    <Query type="disk">/tmp/test-disk-big/6/4</Query>
  </Pair>
  <Pair reval="1d">
    <File perm="0444">/6/40</File>
    <Query type="disk">/tmp/test-disk-big/6/40</Query>
  </Pair>
  <Pair reval="1d">
    <File perm="0444">/6/41</File>
    <Query type="disk">/tmp/test-disk-big/6/41</Query>
  </Pair>
  <Pair reval="1d">
    <File perm="0444">/6/42</File>
    <Query type="disk">/tmp/test-disk-big/6/42</Query>
  </Pair>
  <Pair reval="1d">
    <File perm="0444">/6/43</File>
    <Query type="disk">/tmp/test-disk-big/6/43</Query>
  </Pair>
  <Pair reval="1d">
    <File perm="0444">/6/44</File>
    <Query type="disk">/tmp/test-disk-big/6/44</Query>
  </Pair>
  <Pair reval="1d">
    <File perm="0444">/6/45</File>
    <Query type="disk">/tmp/test-disk-big/6/45</Query>
  </Pair>
  <Pair reval="1d">
    <File perm="0444">/6/46</File>
    <Query type="disk">/tmp/test-disk-big/6/46</Query>
  </Pair>
  <Pair reval="1d">
    <File perm="0444">/6/47</File>
    <Query type="disk">/tmp/test-disk-big/6/47</Query>
  </Pair>
  <Pair reval="1d">
    <File perm="0444">/6/48</File>
    <Query type="disk">/tmp/test-disk-big/6/48</Query>
  </Pair>
  <Pair reval="1d">
    <File perm="0444">/6/49</File>
    <Query type="disk">/tmp/test-disk-big/6/49</Query>
  </Pair>
  <Pair reval="1d">
    <File perm="0444">/6/5</File>
    <Query type="disk">/tmp/test-disk-big/6/5</Query>
  </Pair>
  <Pair reval="1d">
    <File perm="0444">/6/50</File>
    <Query type="disk">/tmp/test-disk-big/6/50</Query>
  </Pair>
  <Pair reval="1d">
    <File perm="0444">/6/51</File>
    <Query type="disk">/tmp/test-disk-big/6/51</Query>
  </Pair>
  <Pair reval="1d">
    <File perm="0444">/6/52</File>
    <Query type="disk">/tmp/test-disk-big/6/52</Query>
  </Pair>
  <Pair reval="1d">
    <File perm="0444">/6/53</File>
    <Query type="disk">/tmp/test-disk-big/6/53</Query>
  </Pair>
  <Pair reval="1d">
    <File perm="0444">/6/54</File>
    <Query type="disk">/tmp/test-disk-big/6/54</Query>
  </Pair>
  <Pair reval="1d">
    <File perm="0444">/6/55</File>
    <Query type="disk">/tmp/test-disk-big/6/55</Query>
  </Pair>
  <Pair reval="1d">
    <File perm="0444">/6/56</File>
    <Query type="disk">/tmp/test-disk-big/6/56</Query>
  </Pair>
  <Pair reval="1d">
    <File perm="0444">/6/57</File>
    <Query type="disk">/tmp/test-disk-big/6/57</Query>
  </Pair>
  <Pair reval="1d">
    <File perm="0444">/6/58</File>
    <Query type="disk">/tmp/test-disk-big/6/58</Query>
  </Pair>
  <Pair reval="1d">
    <File perm="0444">/6/59</File>
    <Query type="disk">/tmp/test-disk-big/6/59</Query>
  </Pair>
  <Pair reval="1d">
    <File perm="0444">/6/6</File>
    <Query type="disk">/tmp/test-disk-big/6/6</Query>
  </Pair>
  <Pair reval="1d">
    <File perm="0444">/6/60</File>
    <Query type="disk">/tmp/test-disk-big/6/60</Query>
  </Pair>
  <Pair reval="1d">
    <File perm="0444">/6/61</File>
    <Query type="disk">/tmp/test-disk-big/6/61</Query>
  </Pair>
  <Pair reval="1d">
    <File perm="0444">/6/62</File>
    <Query type="disk">/tmp/test-disk-big/6/62</Query>
  </Pair>
  <Pair reval="1d">
    <File perm="0444">/6/63</File>
    <Query type="disk">/tmp/test-disk-big/6/63</Query>
  </Pair>
  <Pair reval="1d">
    <File perm="0444">/6/64</File>
    <Query type="disk">/tmp/test-disk-big/6/64</Query>
  </Pair>
  <Pair reval="1d">
    <File perm="0444">/6/65</File>
    <Query type="disk">/tmp/test-disk-big/6/65</Query>
  </Pair>
  <Pair reval="1d">
    <File perm="0444">/6/66</File>
    <Query type="disk">/tmp/test-disk-big/6/66</Query>
  </Pair>
  <Pair reval="1d">
    <File perm="0444">/6/67</File>
    <Query type="disk">/tmp/test-disk-big/6/67</Query>
  </Pair>
  <Pair reval="1d">
    <File perm="0444">/6/68</File>
    <Query type="disk">/tmp/test-disk-big/6/68</Query>
  </Pair>
  <Pair reval="1d">
    <File perm="0444">/6/69</File>
    <Query type="disk">/tmp/test-disk-big/6/69</Query>
  </Pair>
  <Pair reval="1d">
    <File perm="0444">/6/7</File>
    <Query type="disk">/tmp/test-disk-big/6/7</Query>
  </Pair>
  <Pair reval="1d">
    <File perm="0444">/6/70</File>
    <Query type="disk">/tmp/test-disk-big/6/70</Query>
  </Pair>
  <Pair reval="1d">
    <File perm="0444">/6/71</File>
    <Query type="disk">/tmp/test-disk-big/6/71</Query>
  </Pair>
  <Pair reval="1d">
    <File perm="0444">/6/72</File>
    <Query type="disk">/tmp/test-disk-big/6/72</Query>
  </Pair>
  <Pair reval="1d">
    <File perm="0444">/6/73</File>
    <Query type="disk">/tmp/test-disk-big/6/73</Query>
  </Pair>
  <Pair reval="1d">
    <File perm="0444">/6/74</File>
    <Query type="disk">/tmp/test-disk-big/6/74</Query>
  </Pair>
  <Pair reval="1d">
    <File perm="0444">/6/75</File>
    <Query type="disk">/tmp/test-disk-big/6/75</Query>
  </Pair>
  <Pair reval="1d">
    <File perm="0444">/6/76</File>
    <Query type="disk">/tmp/test-disk-big/6/76</Query>
  </Pair>
  <Pair reval="1d">
    <File perm="0444">/6/77</File>
    <Query type="disk">/tmp/test-disk-big/6/77</Query>
  </Pair>
  <Pair reval="1d">
    <File perm="0444">/6/78</File>
    <Query type="disk">/tmp/test-disk-big/6/78</Query>
  </Pair>
  <Pair reval="1d">
    <File perm="0444">/6/79</File>
    <Query type="disk">/tmp/test-disk-big/6/79</Query>
  </Pair>
  <Pair reval="1d">
    <File perm="0444">/6/8</File>
    <Query type="disk">/tmp/test-disk-big/6/8</Query>
  </Pair>
  <Pair reval="1d">
    <File perm="0444">/6/80</File>
    <Query type="disk">/tmp/test-disk-big/6/80</Query>
  </Pair>
  <Pair reval="1d">
    <File perm="0444">/6/81</File>
    <Query type="disk">/tmp/test-disk-big/6/81</Query>
  </Pair>
  <Pair reval="1d">
    <File perm="0444">/6/82</File>
    <Query type="disk">/tmp/test-disk-big/6/82</Query>
  </Pair>
  <Pair reval="1d">
    <File perm="0444">/6/83</File>
    <Query type="disk">/tmp/test-disk-big/6/83</Query>
  </Pair>
  <Pair reval="1d">
    <File perm="0444">/6/84</File>
    <Query type="disk">/tmp/test-disk-big/6/84</Query>
  </Pair>
  <Pair reval="1d">
    <File perm="0444">/6/85</File>
    <Query type="disk">/tmp/test-disk-big/6/85</Query>
  </Pair>
  <Pair reval="1d">
    <File perm="0444">/6/86</File>
    <Query type="disk">/tmp/test-disk-big/6/86</Query>
  </Pair>
  <Pair reval="1d">
    <File perm="0444">/6/87</File>
    <Query type="disk">/tmp/test-disk-big/6/87</Query>
  </Pair>
  <Pair reval="1d">
    <File perm="0444">/6/88</File>
    <Query type="disk">/tmp/test-disk-big/6/88</Query>
  </Pair>
  <Pair reval="1d">
    <File perm="0444">/6/89</File>
    <Query type="disk">/tmp/test-disk-big/6/89</Query>
  </Pair>
  <Pair reval="1d">
    <File perm="0444">/6/9</File>
    <Query type="disk">/tmp/test-disk-big/6/9</Query>
  </Pair>
  <Pair reval="1d">
    <File perm="0444">/6/90</File>
    <Query type="disk">/tmp/test-disk-big/6/90</Query>
  </Pair>
  <Pair reval="1d">
    <File perm="0444">/6/91</File>
    <Query type="disk">/tmp/test-disk-big/6/91</Query>
  </Pair>
  <Pair reval="1d">
    <File perm="0444">/6/92</File>
    <Query type="disk">/tmp/test-disk-big/6/92</Query>
  </Pair>
  <Pair reval="1d">
    <File perm="0444">/6/93</File>
    <Query type="disk">/tmp/test-disk-big/6/93</Query>
  </Pair>
  <Pair reval="1d">
    <File perm="0444">/6/94</File>
    <Query type="disk">/tmp/test-disk-big/6/94</Query>
  </Pair>
  <Pair reval="1d">
    <File perm="0444">/6/95</File>
    <Query type="disk">/tmp/test-disk-big/6/95</Query>
  </Pair>
  <Pair reval="1d">
    <File perm="0444">/6/96</File>
    <Query type="disk">/tmp/test-disk-big/6/96</Query>
  </Pair>
  <Pair reval="1d">
    <File perm="0444">/6/97</File>
    <Query type="disk">/tmp/test-disk-big/6/97</Query>
  </Pair>
  <Pair reval="1d">
    <File perm="0444">/6/98</File>
    <Query type="disk">/tmp/test-disk-big/6/98</Query>
  </Pair>
  <Pair reval="1d">
    <File perm="0444">/6/99</File>
    <Query type="disk">/tmp/test-disk-big/6/99</Query>
  </Pair>
  <Pair reval="1d">
    <Dir perm="0555">/60</Dir>
    <Query type="disk"></Query>
  </Pair>
  <Pair reval="1d">
    <File perm="0444">/60/1</File>
    <Query type="disk">/tmp/test-disk-big/60/1</Query>
  </Pair>
  <Pair reval="1d">
    <File perm="0444">/60/10</File>
    <Query type="disk">/tmp/test-disk-big/60/10</Query>
  </Pair>
  <Pair reval="1d">
    <File perm="0444">/60/100</File>
    <Query type="disk">/tmp/test-disk-big/60/100</Query>
  </Pair>
  <Pair reval="1d">
    <File perm="0444">/60/11</File>
    <Query type="disk">/tmp/test-disk-big/60/11</Query>
  </Pair>
  <Pair reval="1d">
    <File perm="0444">/60/12</File>
    <Query type="disk">/tmp/test-disk-big/60/12</Query>
  </Pair>
  <Pair reval="1d">
    <File perm="0444">/60/13</File>
    <Query type="disk">/tmp/test-disk-big/60/13</Query>
  </Pair>
  <Pair reval="1d">
    <File perm="0444">/60/14</File>
    <Query type="disk">/tmp/test-disk-big/60/14</Query>
  </Pair>
  <Pair reval="1d">
    <File perm="0444">/60/15</File>
    <Query type="disk">/tmp/test-disk-big/60/15</Query>
  </Pair>
  <Pair reval="1d">
    <File perm="0444">/60/16</File>
    <Query type="disk">/tmp/test-disk-big/60/16</Query>
  </Pair>
  <Pair reval="1d">
    <File perm="0444">/60/17</File>
    <Query type="disk">/tmp/test-disk-big/60/17</Query>
  </Pair>
  <Pair reval="1d">
    <File perm="0444">/60/18</File>
    <Query type="disk">/tmp/test-disk-big/60/18</Query>
  </Pair>
  <Pair reval="1d">
    <File perm="0444">/60/19</File>
    <Query type="disk">/tmp/test-disk-big/60/19</Query>
  </Pair>
  <Pair reval="1d">
    <File perm="0444">/60/2</File>
    <Query type="disk">/tmp/test-disk-big/60/2</Query>
  </Pair>
  <Pair reval="1d">
    <File perm="0444">/60/20</File>
    <Query type="disk">/tmp/test-disk-big/60/20</Query>
  </Pair>
  <Pair reval="1d">
    <File perm="0444">/60/21</File>
    <Query type="disk">/tmp/test-disk-big/60/21</Query>
  </Pair>
  <Pair reval="1d">
    <File perm="0444">/60/22</File>
    <Query type="disk">/tmp/test-disk-big/60/22</Query>
  </Pair>
  <Pair reval="1d">
    <File perm="0444">/60/23</File>
    <Query type="disk">/tmp/test-disk-big/60/23</Query>
  </Pair>
  <Pair reval="1d">
    <File perm="0444">/60/24</File>
    <Query type="disk">/tmp/test-disk-big/60/24</Query>
  </Pair>
  <Pair reval="1d">
    <File perm="0444">/60/25</File>
    <Query type="disk">/tmp/test-disk-big/60/25</Query>
  </Pair>
  <Pair reval="1d">
    <File perm="0444">/60/26</File>
    <Query type="disk">/tmp/test-disk-big/60/26</Query>
  </Pair>
  <Pair reval="1d">
    <File perm="0444">/60/27</File>
    <Query type="disk">/tmp/test-disk-big/60/27</Query>
  </Pair>
  <Pair reval="1d">
    <File perm="0444">/60/28</File>
    <Query type="disk">/tmp/test-disk-big/60/28</Query>
  </Pair>
  <Pair reval="1d">
    <File perm="0444">/60/29</File>
    <Query type="disk">/tmp/test-disk-big/60/29</Query>
  </Pair>
  <Pair reval="1d">
    <File perm="0444">/60/3</File>
    <Query type="disk">/tmp/test-disk-big/60/3</Query>
  </Pair>
  <Pair reval="1d">
    <File perm="0444">/60/30</File>
    <Query type="disk">/tmp/test-disk-big/60/30</Query>
  </Pair>
  <Pair reval="1d">
    <File perm="0444">/60/31</File>
    <Query type="disk">/tmp/test-disk-big/60/31</Query>
  </Pair>
  <Pair reval="1d">
    <File perm="0444">/60/32</File>
    <Query type="disk">/tmp/test-disk-big/60/32</Query>
  </Pair>
  <Pair reval="1d">
    <File perm="0444">/60/33</File>
    <Query type="disk">/tmp/test-disk-big/60/33</Query>
  </Pair>
  <Pair reval="1d">
    <File perm="0444">/60/34</File>
    <Query type="disk">/tmp/test-disk-big/60/34</Query>
  </Pair>
  <Pair reval="1d">
    <File perm="0444">/60/35</File>
    <Query type="disk">/tmp/test-disk-big/60/35</Query>
  </Pair>
  <Pair reval="1d">
    <File perm="0444">/60/36</File>
    <Query type="disk">/tmp/test-disk-big/60/36</Query>
  </Pair>
  <Pair reval="1d">
    <File perm="0444">/60/37</File>
    <Query type="disk">/tmp/test-disk-big/60/37</Query>
  </Pair>
  <Pair reval="1d">
    <File perm="0444">/60/38</File>
    <Query type="disk">/tmp/test-disk-big/60/38</Query>
  </Pair>
  <Pair reval="1d">
    <File perm="0444">/60/39</File>
    <Query type="disk">/tmp/test-disk-big/60/39</Query>
  </Pair>
  <Pair reval="1d">
    <File perm="0444">/60/4</File>
    <Query type="disk">/tmp/test-disk-big/60/4</Query>
  </Pair>
  <Pair reval="1d">
    <File perm="0444">/60/40</File>
    <Query type="disk">/tmp/test-disk-big/60/40</Query>
  </Pair>
  <Pair reval="1d">
    <File perm="0444">/60/41</File>
    <Query type="disk">/tmp/test-disk-big/60/41</Query>
  </Pair>
  <Pair reval="1d">
    <File perm="0444">/60/42</File>
    <Query type="disk">/tmp/test-disk-big/60/42</Query>
  </Pair>
  <Pair reval="1d">
    <File perm="0444">/60/43</File>
    <Query type="disk">/tmp/test-disk-big/60/43</Query>
  </Pair>
  <Pair reval="1d">
    <File perm="0444">/60/44</File>
    <Query type="disk">/tmp/test-disk-big/60/44</Query>
  </Pair>
  <Pair reval="1d">
    <File perm="0444">/60/45</File>
    <Query type="disk">/tmp/test-disk-big/60/45</Query>
  </Pair>
  <Pair reval="1d">
    <File perm="0444">/60/46</File>
    <Query type="disk">/tmp/test-disk-big/60/46</Query>
  </Pair>
  <Pair reval="1d">
    <File perm="0444">/60/47</File>
    <Query type="disk">/tmp/test-disk-big/60/47</Query>
  </Pair>
  <Pair reval="1d">
    <File perm="0444">/60/48</File>
    <Query type="disk">/tmp/test-disk-big/60/48</Query>
  </Pair>
  <Pair reval="1d">
    <File perm="0444">/60/49</File>
    <Query type="disk">/tmp/test-disk-big/60/49</Query>
  </Pair>
  <Pair reval="1d">
    <File perm="0444">/60/5</File>
    <Query type="disk">/tmp/test-disk-big/60/5</Query>
  </Pair>
  <Pair reval="1d">
    <File perm="0444">/60/50</File>
    <Query type="disk">/tmp/test-disk-big/60/50</Query>
  </Pair>
  <Pair reval="1d">
    <File perm="0444">/60/51</File>
    <Query type="disk">/tmp/test-disk-big/60/51</Query>
  </Pair>
  <Pair reval="1d">
    <File perm="0444">/60/52</File>
    <Query type="disk">/tmp/test-disk-big/60/52</Query>
  </Pair>
  <Pair reval="1d">
    <File perm="0444">/60/53</File>
    <Query type="disk">/tmp/test-disk-big/60/53</Query>
  </Pair>
  <Pair reval="1d">
    <File perm="0444">/60/54</File>
    <Query type="disk">/tmp/test-disk-big/60/54</Query>
  </Pair>
  <Pair reval="1d">
    <File perm="0444">/60/55</File>
    <Query type="disk">/tmp/test-disk-big/60/55</Query>
  </Pair>
  <Pair reval="1d">
    <File perm="0444">/60/56</File>
    <Query type="disk">/tmp/test-disk-big/60/56</Query>
  </Pair>
  <Pair reval="1d">
    <File perm="0444">/60/57</File>
    <Query type="disk">/tmp/test-disk-big/60/57</Query>
  </Pair>
  <Pair reval="1d">
    <File perm="0444">/60/58</File>
    <Query type="disk">/tmp/test-disk-big/60/58</Query>
  </Pair>
  <Pair reval="1d">
    <File perm="0444">/60/59</File>
    <Query type="disk">/tmp/test-disk-big/60/59</Query>
  </Pair>
  <Pair reval="1d">
    <File perm="0444">/60/6</File>
    <Query type="disk">/tmp/test-disk-big/60/6</Query>
  </Pair>
  <Pair reval="1d">
    <File perm="0444">/60/60</File>
    <Query type="disk">/tmp/test-disk-big/60/60</Query>
  </Pair>
  <Pair reval="1d">
    <File perm="0444">/60/61</File>
    <Query type="disk">/tmp/test-disk-big/60/61</Query>
  </Pair>
  <Pair reval="1d">
    <File perm="0444">/60/62</File>
    <Query type="disk">/tmp/test-disk-big/60/62</Query>
  </Pair>
  <Pair reval="1d">
    <File perm="0444">/60/63</File>
    <Query type="disk">/tmp/test-disk-big/60/63</Query>
  </Pair>
  <Pair reval="1d">
    <File perm="0444">/60/64</File>
    <Query type="disk">/tmp/test-disk-big/60/64</Query>
  </Pair>
  <Pair reval="1d">
    <File perm="0444">/60/65</File>
    <Query type="disk">/tmp/test-disk-big/60/65</Query>
  </Pair>
  <Pair reval="1d">
    <File perm="0444">/60/66</File>
    <Query type="disk">/tmp/test-disk-big/60/66</Query>
  </Pair>
  <Pair reval="1d">
    <File perm="0444">/60/67</File>
    <Query type="disk">/tmp/test-disk-big/60/67</Query>
  </Pair>
  <Pair reval="1d">
    <File perm="0444">/60/68</File>
    <Query type="disk">/tmp/test-disk-big/60/68</Query>
  </Pair>
  <Pair reval="1d">
    <File perm="0444">/60/69</File>
    <Query type="disk">/tmp/test-disk-big/60/69</Query>
  </Pair>
  <Pair reval="1d">
    <File perm="0444">/60/7</File>
    <Query type="disk">/tmp/test-disk-big/60/7</Query>
  </Pair>
  <Pair reval="1d">
    <File perm="0444">/60/70</File>
    <Query type="disk">/tmp/test-disk-big/60/70</Query>
  </Pair>
  <Pair reval="1d">
    <File perm="0444">/60/71</File>
    <Query type="disk">/tmp/test-disk-big/60/71</Query>
  </Pair>
  <Pair reval="1d">
    <File perm="0444">/60/72</File>
    <Query type="disk">/tmp/test-disk-big/60/72</Query>
  </Pair>
  <Pair reval="1d">
    <File perm="0444">/60/73</File>
    <Query type="disk">/tmp/test-disk-big/60/73</Query>
  </Pair>
  <Pair reval="1d">
    <File perm="0444">/60/74</File>
    <Query type="disk">/tmp/test-disk-big/60/74</Query>
  </Pair>
  <Pair reval="1d">
    <File perm="0444">/60/75</File>
    <Query type="disk">/tmp/test-disk-big/60/75</Query>
  </Pair>
  <Pair reval="1d">
    <File perm="0444">/60/76</File>
    <Query type="disk">/tmp/test-disk-big/60/76</Query>
  </Pair>
  <Pair reval="1d">
    <File perm="0444">/60/77</File>
    <Query type="disk">/tmp/test-disk-big/60/77</Query>
  </Pair>
  <Pair reval="1d">
    <File perm="0444">/60/78</File>
    <Query type="disk">/tmp/test-disk-big/60/78</Query>
  </Pair>
  <Pair reval="1d">
    <File perm="0444">/60/79</File>
    <Query type="disk">/tmp/test-disk-big/60/79</Query>
  </Pair>
  <Pair reval="1d">
    <File perm="0444">/60/8</File>
    <Query type="disk">/tmp/test-disk-big/60/8</Query>
  </Pair>
  <Pair reval="1d">
    <File perm="0444">/60/80</File>
    <Query type="disk">/tmp/test-disk-big/60/80</Query>
  </Pair>
  <Pair reval="1d">
    <File perm="0444">/60/81</File>
    <Query type="disk">/tmp/test-disk-big/60/81</Query>
  </Pair>
  <Pair reval="1d">
    <File perm="0444">/60/82</File>
    <Query type="disk">/tmp/test-disk-big/60/82</Query>
  </Pair>
  <Pair reval="1d">
    <File perm="0444">/60/83</File>
    <Query type="disk">/tmp/test-disk-big/60/83</Query>
  </Pair>
  <Pair reval="1d">
    <File perm="0444">/60/84</File>
    <Query type="disk">/tmp/test-disk-big/60/84</Query>
  </Pair>
  <Pair reval="1d">
    <File perm="0444">/60/85</File>
    <Query type="disk">/tmp/test-disk-big/60/85</Query>
  </Pair>
  <Pair reval="1d">
    <File perm="0444">/60/86</File>
    <Query type="disk">/tmp/test-disk-big/60/86</Query>
  </Pair>
  <Pair reval="1d">
    <File perm="0444">/60/87</File>
    <Query type="disk">/tmp/test-disk-big/60/87</Query>
  </Pair>
  <Pair reval="1d">
    <File perm="0444">/60/88</File>
    <Query type="disk">/tmp/test-disk-big/60/88</Query>
  </Pair>
  <Pair reval="1d">
    <File perm="0444">/60/89</File>
    <Query type="disk">/tmp/test-disk-big/60/89</Query>
  </Pair>
  <Pair reval="1d">
    <File perm="0444">/60/9</File>
    <Query type="disk">/tmp/test-disk-big/60/9</Query>
  </Pair>
  <Pair reval="1d">
    <File perm="0444">/60/90</File>
    <Query type="disk">/tmp/test-disk-big/60/90</Query>
  </Pair>
  <Pair reval="1d">
    <File perm="0444">/60/91</File>
    <Query type="disk">/tmp/test-disk-big/60/91</Query>
  </Pair>
  <Pair reval="1d">
    <File perm="0444">/60/92</File>
    <Query type="disk">/tmp/test-disk-big/60/92</Query>
  </Pair>
  <Pair reval="1d">
    <File perm="0444">/60/93</File>
    <Query type="disk">/tmp/test-disk-big/60/93</Query>
  </Pair>
  <Pair reval="1d">
    <File perm="0444">/60/94</File>
    <Query type="disk">/tmp/test-disk-big/60/94</Query>
  </Pair>
  <Pair reval="1d">
    <File perm="0444">/60/95</File>
    <Query type="disk">/tmp/test-disk-big/60/95</Query>
  </Pair>
  <Pair reval="1d">
    <File perm="0444">/60/96</File>
    <Query type="disk">/tmp/test-disk-big/60/96</Query>
  </Pair>
  <Pair reval="1d">
    <File perm="0444">/60/97</File>
    <Query type="disk">/tmp/test-disk-big/60/97</Query>
  </Pair>
  <Pair reval="1d">
    <File perm="0444">/60/98</File>
    <Query type="disk">/tmp/test-disk-big/60/98</Query>
  </Pair>
  <Pair reval="1d">
    <File perm="0444">/60/99</File>
    <Query type="disk">/tmp/test-disk-big/60/99</Query>
  </Pair>
  <Pair reval="1d">
    <Dir perm="0555">/61</Dir>
    <Query type="disk"></Query>
  </Pair>
  <Pair reval="1d">
    <File perm="0444">/61/1</File>
    <Query type="disk">/tmp/test-disk-big/61/1</Query>
  </Pair>
  <Pair reval="1d">
    <File perm="0444">/61/10</File>
    <Query type="disk">/tmp/test-disk-big/61/10</Query>
  </Pair>
  <Pair reval="1d">
    <File perm="0444">/61/100</File>
    <Query type="disk">/tmp/test-disk-big/61/100</Query>
  </Pair>
  <Pair reval="1d">
    <File perm="0444">/61/11</File>
    <Query type="disk">/tmp/test-disk-big/61/11</Query>
  </Pair>
  <Pair reval="1d">
    <File perm="0444">/61/12</File>
    <Query type="disk">/tmp/test-disk-big/61/12</Query>
  </Pair>
  <Pair reval="1d">
    <File perm="0444">/61/13</File>
    <Query type="disk">/tmp/test-disk-big/61/13</Query>
  </Pair>
  <Pair reval="1d">
    <File perm="0444">/61/14</File>
    <Query type="disk">/tmp/test-disk-big/61/14</Query>
  </Pair>
  <Pair reval="1d">
    <File perm="0444">/61/15</File>
    <Query type="disk">/tmp/test-disk-big/61/15</Query>
  </Pair>
  <Pair reval="1d">
    <File perm="0444">/61/16</File>
    <Query type="disk">/tmp/test-disk-big/61/16</Query>
  </Pair>
  <Pair reval="1d">
    <File perm="0444">/61/17</File>
    <Query type="disk">/tmp/test-disk-big/61/17</Query>
  </Pair>
  <Pair reval="1d">
    <File perm="0444">/61/18</File>
    <Query type="disk">/tmp/test-disk-big/61/18</Query>
  </Pair>
  <Pair reval="1d">
    <File perm="0444">/61/19</File>
    <Query type="disk">/tmp/test-disk-big/61/19</Query>
  </Pair>
  <Pair reval="1d">
    <File perm="0444">/61/2</File>
    <Query type="disk">/tmp/test-disk-big/61/2</Query>
  </Pair>
  <Pair reval="1d">
    <File perm="0444">/61/20</File>
    <Query type="disk">/tmp/test-disk-big/61/20</Query>
  </Pair>
  <Pair reval="1d">
    <File perm="0444">/61/21</File>
    <Query type="disk">/tmp/test-disk-big/61/21</Query>
  </Pair>
  <Pair reval="1d">
    <File perm="0444">/61/22</File>
    <Query type="disk">/tmp/test-disk-big/61/22</Query>
  </Pair>
  <Pair reval="1d">
    <File perm="0444">/61/23</File>
    <Query type="disk">/tmp/test-disk-big/61/23</Query>
  </Pair>
  <Pair reval="1d">
    <File perm="0444">/61/24</File>
    <Query type="disk">/tmp/test-disk-big/61/24</Query>
  </Pair>
  <Pair reval="1d">
    <File perm="0444">/61/25</File>
    <Query type="disk">/tmp/test-disk-big/61/25</Query>
  </Pair>
  <Pair reval="1d">
    <File perm="0444">/61/26</File>
    <Query type="disk">/tmp/test-disk-big/61/26</Query>
  </Pair>
  <Pair reval="1d">
    <File perm="0444">/61/27</File>
    <Query type="disk">/tmp/test-disk-big/61/27</Query>
  </Pair>
  <Pair reval="1d">
    <File perm="0444">/61/28</File>
    <Query type="disk">/tmp/test-disk-big/61/28</Query>
  </Pair>
  <Pair reval="1d">
    <File perm="0444">/61/29</File>
    <Query type="disk">/tmp/test-disk-big/61/29</Query>
  </Pair>
  <Pair reval="1d">
    <File perm="0444">/61/3</File>
    <Query type="disk">/tmp/test-disk-big/61/3</Query>
  </Pair>
  <Pair reval="1d">
    <File perm="0444">/61/30</File>
    <Query type="disk">/tmp/test-disk-big/61/30</Query>
  </Pair>
  <Pair reval="1d">
    <File perm="0444">/61/31</File>
    <Query type="disk">/tmp/test-disk-big/61/31</Query>
  </Pair>
  <Pair reval="1d">
    <File perm="0444">/61/32</File>
    <Query type="disk">/tmp/test-disk-big/61/32</Query>
  </Pair>
  <Pair reval="1d">
    <File perm="0444">/61/33</File>
    <Query type="disk">/tmp/test-disk-big/61/33</Query>
  </Pair>
  <Pair reval="1d">
    <File perm="0444">/61/34</File>
    <Query type="disk">/tmp/test-disk-big/61/34</Query>
  </Pair>
  <Pair reval="1d">
    <File perm="0444">/61/35</File>
    <Query type="disk">/tmp/test-disk-big/61/35</Query>
  </Pair>
  <Pair reval="1d">
    <File perm="0444">/61/36</File>
    <Query type="disk">/tmp/test-disk-big/61/36</Query>
  </Pair>
  <Pair reval="1d">
    <File perm="0444">/61/37</File>
    <Query type="disk">/tmp/test-disk-big/61/37</Query>
  </Pair>
  <Pair reval="1d">
    <File perm="0444">/61/38</File>
    <Query type="disk">/tmp/test-disk-big/61/38</Query>
  </Pair>
  <Pair reval="1d">
    <File perm="0444">/61/39</File>
    <Query type="disk">/tmp/test-disk-big/61/39</Query>
  </Pair>
  <Pair reval="1d">
    <File perm="0444">/61/4</File>
    <Query type="disk">/tmp/test-disk-big/61/4</Query>
  </Pair>
  <Pair reval="1d">
    <File perm="0444">/61/40</File>
    <Query type="disk">/tmp/test-disk-big/61/40</Query>
  </Pair>
  <Pair reval="1d">
    <File perm="0444">/61/41</File>
    <Query type="disk">/tmp/test-disk-big/61/41</Query>
  </Pair>
  <Pair reval="1d">
    <File perm="0444">/61/42</File>
    <Query type="disk">/tmp/test-disk-big/61/42</Query>
  </Pair>
  <Pair reval="1d">
    <File perm="0444">/61/43</File>
    <Query type="disk">/tmp/test-disk-big/61/43</Query>
  </Pair>
  <Pair reval="1d">
    <File perm="0444">/61/44</File>
    <Query type="disk">/tmp/test-disk-big/61/44</Query>
  </Pair>
  <Pair reval="1d">
    <File perm="0444">/61/45</File>
    <Query type="disk">/tmp/test-disk-big/61/45</Query>
  </Pair>
  <Pair reval="1d">
    <File perm="0444">/61/46</File>
    <Query type="disk">/tmp/test-disk-big/61/46</Query>
  </Pair>
  <Pair reval="1d">
    <File perm="0444">/61/47</File>
    <Query type="disk">/tmp/test-disk-big/61/47</Query>
  </Pair>
  <Pair reval="1d">
    <File perm="0444">/61/48</File>
    <Query type="disk">/tmp/test-disk-big/61/48</Query>
  </Pair>
  <Pair reval="1d">
    <File perm="0444">/61/49</File>
    <Query type="disk">/tmp/test-disk-big/61/49</Query>
  </Pair>
  <Pair reval="1d">
    <File perm="0444">/61/5</File>
    <Query type="disk">/tmp/test-disk-big/61/5</Query>
  </Pair>
  <Pair reval="1d">
    <File perm="0444">/61/50</File>
    <Query type="disk">/tmp/test-disk-big/61/50</Query>
  </Pair>
  <Pair reval="1d">
    <File perm="0444">/61/51</File>
    <Query type="disk">/tmp/test-disk-big/61/51</Query>
  </Pair>
  <Pair reval="1d">
    <File perm="0444">/61/52</File>
    <Query type="disk">/tmp/test-disk-big/61/52</Query>
  </Pair>
  <Pair reval="1d">
    <File perm="0444">/61/53</File>
    <Query type="disk">/tmp/test-disk-big/61/53</Query>
  </Pair>
  <Pair reval="1d">
    <File perm="0444">/61/54</File>
    <Query type="disk">/tmp/test-disk-big/61/54</Query>
  </Pair>
  <Pair reval="1d">
    <File perm="0444">/61/55</File>
    <Query type="disk">/tmp/test-disk-big/61/55</Query>
  </Pair>
  <Pair reval="1d">
    <File perm="0444">/61/56</File>
    <Query type="disk">/tmp/test-disk-big/61/56</Query>
  </Pair>
  <Pair reval="1d">
    <File perm="0444">/61/57</File>
    <Query type="disk">/tmp/test-disk-big/61/57</Query>
  </Pair>
  <Pair reval="1d">
    <File perm="0444">/61/58</File>
    <Query type="disk">/tmp/test-disk-big/61/58</Query>
  </Pair>
  <Pair reval="1d">
    <File perm="0444">/61/59</File>
    <Query type="disk">/tmp/test-disk-big/61/59</Query>
  </Pair>
  <Pair reval="1d">
    <File perm="0444">/61/6</File>
    <Query type="disk">/tmp/test-disk-big/61/6</Query>
  </Pair>
  <Pair reval="1d">
    <File perm="0444">/61/60</File>
    <Query type="disk">/tmp/test-disk-big/61/60</Query>
  </Pair>
  <Pair reval="1d">
    <File perm="0444">/61/61</File>
    <Query type="disk">/tmp/test-disk-big/61/61</Query>
  </Pair>
  <Pair reval="1d">
    <File perm="0444">/61/62</File>
    <Query type="disk">/tmp/test-disk-big/61/62</Query>
  </Pair>
  <Pair reval="1d">
    <File perm="0444">/61/63</File>
    <Query type="disk">/tmp/test-disk-big/61/63</Query>
  </Pair>
  <Pair reval="1d">
    <File perm="0444">/61/64</File>
    <Query type="disk">/tmp/test-disk-big/61/64</Query>
  </Pair>
  <Pair reval="1d">
    <File perm="0444">/61/65</File>
    <Query type="disk">/tmp/test-disk-big/61/65</Query>
  </Pair>
  <Pair reval="1d">
    <File perm="0444">/61/66</File>
    <Query type="disk">/tmp/test-disk-big/61/66</Query>
  </Pair>
  <Pair reval="1d">
    <File perm="0444">/61/67</File>
    <Query type="disk">/tmp/test-disk-big/61/67</Query>
  </Pair>
  <Pair reval="1d">
    <File perm="0444">/61/68</File>
    <Query type="disk">/tmp/test-disk-big/61/68</Query>
  </Pair>
  <Pair reval="1d">
    <File perm="0444">/61/69</File>
    <Query type="disk">/tmp/test-disk-big/61/69</Query>
  </Pair>
  <Pair reval="1d">
    <File perm="0444">/61/7</File>
    <Query type="disk">/tmp/test-disk-big/61/7</Query>
  </Pair>
  <Pair reval="1d">
    <File perm="0444">/61/70</File>
    <Query type="disk">/tmp/test-disk-big/61/70</Query>
  </Pair>
  <Pair reval="1d">
    <File perm="0444">/61/71</File>
    <Query type="disk">/tmp/test-disk-big/61/71</Query>
  </Pair>
  <Pair reval="1d">
    <File perm="0444">/61/72</File>
    <Query type="disk">/tmp/test-disk-big/61/72</Query>
  </Pair>
  <Pair reval="1d">
    <File perm="0444">/61/73</File>
    <Query type="disk">/tmp/test-disk-big/61/73</Query>
  </Pair>
  <Pair reval="1d">
    <File perm="0444">/61/74</File>
    <Query type="disk">/tmp/test-disk-big/61/74</Query>
  </Pair>
  <Pair reval="1d">
    <File perm="0444">/61/75</File>
    <Query type="disk">/tmp/test-disk-big/61/75</Query>
  </Pair>
  <Pair reval="1d">
    <File perm="0444">/61/76</File>
    <Query type="disk">/tmp/test-disk-big/61/76</Query>
  </Pair>
  <Pair reval="1d">
    <File perm="0444">/61/77</File>
    <Query type="disk">/tmp/test-disk-big/61/77</Query>
  </Pair>
  <Pair reval="1d">
    <File perm="0444">/61/78</File>
    <Query type="disk">/tmp/test-disk-big/61/78</Query>
  </Pair>
  <Pair reval="1d">
    <File perm="0444">/61/79</File>
    <Query type="disk">/tmp/test-disk-big/61/79</Query>
  </Pair>
  <Pair reval="1d">
    <File perm="0444">/61/8</File>
    <Query type="disk">/tmp/test-disk-big/61/8</Query>
  </Pair>
  <Pair reval="1d">
    <File perm="0444">/61/80</File>
    <Query type="disk">/tmp/test-disk-big/61/80</Query>
  </Pair>
  <Pair reval="1d">
    <File perm="0444">/61/81</File>
    <Query type="disk">/tmp/test-disk-big/61/81</Query>
  </Pair>
  <Pair reval="1d">
    <File perm="0444">/61/82</File>
    <Query type="disk">/tmp/test-disk-big/61/82</Query>
  </Pair>
  <Pair reval="1d">
    <File perm="0444">/61/83</File>
    <Query type="disk">/tmp/test-disk-big/61/83</Query>
  </Pair>
  <Pair reval="1d">
    <File perm="0444">/61/84</File>
    <Query type="disk">/tmp/test-disk-big/61/84</Query>
  </Pair>
  <Pair reval="1d">
    <File perm="0444">/61/85</File>
    <Query type="disk">/tmp/test-disk-big/61/85</Query>
  </Pair>
  <Pair reval="1d">
    <File perm="0444">/61/86</File>
    <Query type="disk">/tmp/test-disk-big/61/86</Query>
  </Pair>
  <Pair reval="1d">
    <File perm="0444">/61/87</File>
    <Query type="disk">/tmp/test-disk-big/61/87</Query>
  </Pair>
  <Pair reval="1d">
    <File perm="0444">/61/88</File>
    <Query type="disk">/tmp/test-disk-big/61/88</Query>
  </Pair>
  <Pair reval="1d">
    <File perm="0444">/61/89</File>
    <Query type="disk">/tmp/test-disk-big/61/89</Query>
  </Pair>
  <Pair reval="1d">
    <File perm="0444">/61/9</File>
    <Query type="disk">/tmp/test-disk-big/61/9</Query>
  </Pair>
  <Pair reval="1d">
    <File perm="0444">/61/90</File>
    <Query type="disk">/tmp/test-disk-big/61/90</Query>
  </Pair>
  <Pair reval="1d">
    <File perm="0444">/61/91</File>
    <Query type="disk">/tmp/test-disk-big/61/91</Query>
  </Pair>
  <Pair reval="1d">
    <File perm="0444">/61/92</File>
    <Query type="disk">/tmp/test-disk-big/61/92</Query>
  </Pair>
  <Pair reval="1d">
    <File perm="0444">/61/93</File>
    <Query type="disk">/tmp/test-disk-big/61/93</Query>
  </Pair>
  <Pair reval="1d">
    <File perm="0444">/61/94</File>
    <Query type="disk">/tmp/test-disk-big/61/94</Query>
  </Pair>
  <Pair reval="1d">
    <File perm="0444">/61/95</File>
    <Query type="disk">/tmp/test-disk-big/61/95</Query>
  </Pair>
  <Pair reval="1d">
    <File perm="0444">/61/96</File>
    <Query type="disk">/tmp/test-disk-big/61/96</Query>
  </Pair>
  <Pair reval="1d">
    <File perm="0444">/61/97</File>
    <Query type="disk">/tmp/test-disk-big/61/97</Query>
  </Pair>
  <Pair reval="1d">
    <File perm="0444">/61/98</File>
    <Query type="disk">/tmp/test-disk-big/61/98</Query>
  </Pair>
  <Pair reval="1d">
    <File perm="0444">/61/99</File>
    <Query type="disk">/tmp/test-disk-big/61/99</Query>
  </Pair>
  <Pair reval="1d">
    <Dir perm="0555">/62</Dir>
    <Query type="disk"></Query>
  </Pair>
  <Pair reval="1d">
    <File perm="0444">/62/1</File>
    <Query type="disk">/tmp/test-disk-big/62/1</Query>
  </Pair>
  <Pair reval="1d">
    <File perm="0444">/62/10</File>
    <Query type="disk">/tmp/test-disk-big/62/10</Query>
  </Pair>
  <Pair reval="1d">
    <File perm="0444">/62/100</File>
    <Query type="disk">/tmp/test-disk-big/62/100</Query>
  </Pair>
  <Pair reval="1d">
    <File perm="0444">/62/11</File>
    <Query type="disk">/tmp/test-disk-big/62/11</Query>
  </Pair>
  <Pair reval="1d">
    <File perm="0444">/62/12</File>
    <Query type="disk">/tmp/test-disk-big/62/12</Query>
  </Pair>
  <Pair reval="1d">
    <File perm="0444">/62/13</File>
    <Query type="disk">/tmp/test-disk-big/62/13</Query>
  </Pair>
  <Pair reval="1d">
    <File perm="0444">/62/14</File>
    <Query type="disk">/tmp/test-disk-big/62/14</Query>
  </Pair>
  <Pair reval="1d">
    <File perm="0444">/62/15</File>
    <Query type="disk">/tmp/test-disk-big/62/15</Query>
  </Pair>
  <Pair reval="1d">
    <File perm="0444">/62/16</File>
    <Query type="disk">/tmp/test-disk-big/62/16</Query>
  </Pair>
  <Pair reval="1d">
    <File perm="0444">/62/17</File>
    <Query type="disk">/tmp/test-disk-big/62/17</Query>
  </Pair>
  <Pair reval="1d">
    <File perm="0444">/62/18</File>
    <Query type="disk">/tmp/test-disk-big/62/18</Query>
  </Pair>
  <Pair reval="1d">
    <File perm="0444">/62/19</File>
    <Query type="disk">/tmp/test-disk-big/62/19</Query>
  </Pair>
  <Pair reval="1d">
    <File perm="0444">/62/2</File>
    <Query type="disk">/tmp/test-disk-big/62/2</Query>
  </Pair>
  <Pair reval="1d">
    <File perm="0444">/62/20</File>
    <Query type="disk">/tmp/test-disk-big/62/20</Query>
  </Pair>
  <Pair reval="1d">
    <File perm="0444">/62/21</File>
    <Query type="disk">/tmp/test-disk-big/62/21</Query>
  </Pair>
  <Pair reval="1d">
    <File perm="0444">/62/22</File>
    <Query type="disk">/tmp/test-disk-big/62/22</Query>
  </Pair>
  <Pair reval="1d">
    <File perm="0444">/62/23</File>
    <Query type="disk">/tmp/test-disk-big/62/23</Query>
  </Pair>
  <Pair reval="1d">
    <File perm="0444">/62/24</File>
    <Query type="disk">/tmp/test-disk-big/62/24</Query>
  </Pair>
  <Pair reval="1d">
    <File perm="0444">/62/25</File>
    <Query type="disk">/tmp/test-disk-big/62/25</Query>
  </Pair>
  <Pair reval="1d">
    <File perm="0444">/62/26</File>
    <Query type="disk">/tmp/test-disk-big/62/26</Query>
  </Pair>
  <Pair reval="1d">
    <File perm="0444">/62/27</File>
    <Query type="disk">/tmp/test-disk-big/62/27</Query>
  </Pair>
  <Pair reval="1d">
    <File perm="0444">/62/28</File>
    <Query type="disk">/tmp/test-disk-big/62/28</Query>
  </Pair>
  <Pair reval="1d">
    <File perm="0444">/62/29</File>
    <Query type="disk">/tmp/test-disk-big/62/29</Query>
  </Pair>
  <Pair reval="1d">
    <File perm="0444">/62/3</File>
    <Query type="disk">/tmp/test-disk-big/62/3</Query>
  </Pair>
  <Pair reval="1d">
    <File perm="0444">/62/30</File>
    <Query type="disk">/tmp/test-disk-big/62/30</Query>
  </Pair>
  <Pair reval="1d">
    <File perm="0444">/62/31</File>
    <Query type="disk">/tmp/test-disk-big/62/31</Query>
  </Pair>
  <Pair reval="1d">
    <File perm="0444">/62/32</File>
    <Query type="disk">/tmp/test-disk-big/62/32</Query>
  </Pair>
  <Pair reval="1d">
    <File perm="0444">/62/33</File>
    <Query type="disk">/tmp/test-disk-big/62/33</Query>
  </Pair>
  <Pair reval="1d">
    <File perm="0444">/62/34</File>
    <Query type="disk">/tmp/test-disk-big/62/34</Query>
  </Pair>
  <Pair reval="1d">
    <File perm="0444">/62/35</File>
    <Query type="disk">/tmp/test-disk-big/62/35</Query>
  </Pair>
  <Pair reval="1d">
    <File perm="0444">/62/36</File>
    <Query type="disk">/tmp/test-disk-big/62/36</Query>
  </Pair>
  <Pair reval="1d">
    <File perm="0444">/62/37</File>
    <Query type="disk">/tmp/test-disk-big/62/37</Query>
  </Pair>
  <Pair reval="1d">
    <File perm="0444">/62/38</File>
    <Query type="disk">/tmp/test-disk-big/62/38</Query>
  </Pair>
  <Pair reval="1d">
    <File perm="0444">/62/39</File>
    <Query type="disk">/tmp/test-disk-big/62/39</Query>
  </Pair>
  <Pair reval="1d">
    <File perm="0444">/62/4</File>
    <Query type="disk">/tmp/test-disk-big/62/4</Query>
  </Pair>
  <Pair reval="1d">
    <File perm="0444">/62/40</File>
    <Query type="disk">/tmp/test-disk-big/62/40</Query>
  </Pair>
  <Pair reval="1d">
    <File perm="0444">/62/41</File>
    <Query type="disk">/tmp/test-disk-big/62/41</Query>
  </Pair>
  <Pair reval="1d">
    <File perm="0444">/62/42</File>
    <Query type="disk">/tmp/test-disk-big/62/42</Query>
  </Pair>
  <Pair reval="1d">
    <File perm="0444">/62/43</File>
    <Query type="disk">/tmp/test-disk-big/62/43</Query>
  </Pair>
  <Pair reval="1d">
    <File perm="0444">/62/44</File>
    <Query type="disk">/tmp/test-disk-big/62/44</Query>
  </Pair>
  <Pair reval="1d">
    <File perm="0444">/62/45</File>
    <Query type="disk">/tmp/test-disk-big/62/45</Query>
  </Pair>
  <Pair reval="1d">
    <File perm="0444">/62/46</File>
    <Query type="disk">/tmp/test-disk-big/62/46</Query>
  </Pair>
  <Pair reval="1d">
    <File perm="0444">/62/47</File>
    <Query type="disk">/tmp/test-disk-big/62/47</Query>
  </Pair>
  <Pair reval="1d">
    <File perm="0444">/62/48</File>
    <Query type="disk">/tmp/test-disk-big/62/48</Query>
  </Pair>
  <Pair reval="1d">
    <File perm="0444">/62/49</File>
    <Query type="disk">/tmp/test-disk-big/62/49</Query>
  </Pair>
  <Pair reval="1d">
    <File perm="0444">/62/5</File>
    <Query type="disk">/tmp/test-disk-big/62/5</Query>
  </Pair>
  <Pair reval="1d">
    <File perm="0444">/62/50</File>
    <Query type="disk">/tmp/test-disk-big/62/50</Query>
  </Pair>
  <Pair reval="1d">
    <File perm="0444">/62/51</File>
    <Query type="disk">/tmp/test-disk-big/62/51</Query>
  </Pair>
  <Pair reval="1d">
    <File perm="0444">/62/52</File>
    <Query type="disk">/tmp/test-disk-big/62/52</Query>
  </Pair>
  <Pair reval="1d">
    <File perm="0444">/62/53</File>
    <Query type="disk">/tmp/test-disk-big/62/53</Query>
  </Pair>
  <Pair reval="1d">
    <File perm="0444">/62/54</File>
    <Query type="disk">/tmp/test-disk-big/62/54</Query>
  </Pair>
  <Pair reval="1d">
    <File perm="0444">/62/55</File>
    <Query type="disk">/tmp/test-disk-big/62/55</Query>
  </Pair>
  <Pair reval="1d">
    <File perm="0444">/62/56</File>
    <Query type="disk">/tmp/test-disk-big/62/56</Query>
  </Pair>
  <Pair reval="1d">
    <File perm="0444">/62/57</File>
    <Query type="disk">/tmp/test-disk-big/62/57</Query>
  </Pair>
  <Pair reval="1d">
    <File perm="0444">/62/58</File>
    <Query type="disk">/tmp/test-disk-big/62/58</Query>
  </Pair>
  <Pair reval="1d">
    <File perm="0444">/62/59</File>
    <Query type="disk">/tmp/test-disk-big/62/59</Query>
  </Pair>
  <Pair reval="1d">
    <File perm="0444">/62/6</File>
    <Query type="disk">/tmp/test-disk-big/62/6</Query>
  </Pair>
  <Pair reval="1d">
    <File perm="0444">/62/60</File>
    <Query type="disk">/tmp/test-disk-big/62/60</Query>
  </Pair>
  <Pair reval="1d">
    <File perm="0444">/62/61</File>
    <Query type="disk">/tmp/test-disk-big/62/61</Query>
  </Pair>
  <Pair reval="1d">
    <File perm="0444">/62/62</File>
    <Query type="disk">/tmp/test-disk-big/62/62</Query>
  </Pair>
  <Pair reval="1d">
    <File perm="0444">/62/63</File>
    <Query type="disk">/tmp/test-disk-big/62/63</Query>
  </Pair>
  <Pair reval="1d">
    <File perm="0444">/62/64</File>
    <Query type="disk">/tmp/test-disk-big/62/64</Query>
  </Pair>
  <Pair reval="1d">
    <File perm="0444">/62/65</File>
    <Query type="disk">/tmp/test-disk-big/62/65</Query>
  </Pair>
  <Pair reval="1d">
    <File perm="0444">/62/66</File>
    <Query type="disk">/tmp/test-disk-big/62/66</Query>
  </Pair>
  <Pair reval="1d">
    <File perm="0444">/62/67</File>
    <Query type="disk">/tmp/test-disk-big/62/67</Query>
  </Pair>
  <Pair reval="1d">
    <File perm="0444">/62/68</File>
    <Query type="disk">/tmp/test-disk-big/62/68</Query>
  </Pair>
  <Pair reval="1d">
    <File perm="0444">/62/69</File>
    <Query type="disk">/tmp/test-disk-big/62/69</Query>
  </Pair>
  <Pair reval="1d">
    <File perm="0444">/62/7</File>
    <Query type="disk">/tmp/test-disk-big/62/7</Query>
  </Pair>
  <Pair reval="1d">
    <File perm="0444">/62/70</File>
    <Query type="disk">/tmp/test-disk-big/62/70</Query>
  </Pair>
  <Pair reval="1d">
    <File perm="0444">/62/71</File>
    <Query type="disk">/tmp/test-disk-big/62/71</Query>
  </Pair>
  <Pair reval="1d">
    <File perm="0444">/62/72</File>
    <Query type="disk">/tmp/test-disk-big/62/72</Query>
  </Pair>
  <Pair reval="1d">
    <File perm="0444">/62/73</File>
    <Query type="disk">/tmp/test-disk-big/62/73</Query>
  </Pair>
  <Pair reval="1d">
    <File perm="0444">/62/74</File>
    <Query type="disk">/tmp/test-disk-big/62/74</Query>
  </Pair>
  <Pair reval="1d">
    <File perm="0444">/62/75</File>
    <Query type="disk">/tmp/test-disk-big/62/75</Query>
  </Pair>
  <Pair reval="1d">
    <File perm="0444">/62/76</File>
    <Query type="disk">/tmp/test-disk-big/62/76</Query>
  </Pair>
  <Pair reval="1d">
    <File perm="0444">/62/77</File>
    <Query type="disk">/tmp/test-disk-big/62/77</Query>
  </Pair>
  <Pair reval="1d">
    <File perm="0444">/62/78</File>
    <Query type="disk">/tmp/test-disk-big/62/78</Query>
  </Pair>
  <Pair reval="1d">
    <File perm="0444">/62/79</File>
    <Query type="disk">/tmp/test-disk-big/62/79</Query>
  </Pair>
  <Pair reval="1d">
    <File perm="0444">/62/8</File>
    <Query type="disk">/tmp/test-disk-big/62/8</Query>
  </Pair>
  <Pair reval="1d">
    <File perm="0444">/62/80</File>
    <Query type="disk">/tmp/test-disk-big/62/80</Query>
  </Pair>
  <Pair reval="1d">
    <File perm="0444">/62/81</File>
    <Query type="disk">/tmp/test-disk-big/62/81</Query>
  </Pair>
  <Pair reval="1d">
    <File perm="0444">/62/82</File>
    <Query type="disk">/tmp/test-disk-big/62/82</Query>
  </Pair>
  <Pair reval="1d">
    <File perm="0444">/62/83</File>
    <Query type="disk">/tmp/test-disk-big/62/83</Query>
  </Pair>
  <Pair reval="1d">
    <File perm="0444">/62/84</File>
    <Query type="disk">/tmp/test-disk-big/62/84</Query>
  </Pair>
  <Pair reval="1d">
    <File perm="0444">/62/85</File>
    <Query type="disk">/tmp/test-disk-big/62/85</Query>
  </Pair>
  <Pair reval="1d">
    <File perm="0444">/62/86</File>
    <Query type="disk">/tmp/test-disk-big/62/86</Query>
  </Pair>
  <Pair reval="1d">
    <File perm="0444">/62/87</File>
    <Query type="disk">/tmp/test-disk-big/62/87</Query>
  </Pair>
  <Pair reval="1d">
    <File perm="0444">/62/88</File>
    <Query type="disk">/tmp/test-disk-big/62/88</Query>
  </Pair>
  <Pair reval="1d">
    <File perm="0444">/62/89</File>
    <Query type="disk">/tmp/test-disk-big/62/89</Query>
  </Pair>
  <Pair reval="1d">
    <File perm="0444">/62/9</File>
    <Query type="disk">/tmp/test-disk-big/62/9</Query>
  </Pair>
  <Pair reval="1d">
    <File perm="0444">/62/90</File>
    <Query type="disk">/tmp/test-disk-big/62/90</Query>
  </Pair>
  <Pair reval="1d">
    <File perm="0444">/62/91</File>
    <Query type="disk">/tmp/test-disk-big/62/91</Query>
  </Pair>
  <Pair reval="1d">
    <File perm="0444">/62/92</File>
    <Query type="disk">/tmp/test-disk-big/62/92</Query>
  </Pair>
  <Pair reval="1d">
    <File perm="0444">/62/93</File>
    <Query type="disk">/tmp/test-disk-big/62/93</Query>
  </Pair>
  <Pair reval="1d">
    <File perm="0444">/62/94</File>
    <Query type="disk">/tmp/test-disk-big/62/94</Query>
  </Pair>
  <Pair reval="1d">
    <File perm="0444">/62/95</File>
    <Query type="disk">/tmp/test-disk-big/62/95</Query>
  </Pair>
  <Pair reval="1d">
    <File perm="0444">/62/96</File>
    <Query type="disk">/tmp/test-disk-big/62/96</Query>
  </Pair>
  <Pair reval="1d">
    <File perm="0444">/62/97</File>
    <Query type="disk">/tmp/test-disk-big/62/97</Query>
  </Pair>
  <Pair reval="1d">
    <File perm="0444">/62/98</File>
    <Query type="disk">/tmp/test-disk-big/62/98</Query>
  </Pair>
  <Pair reval="1d">
    <File perm="0444">/62/99</File>
    <Query type="disk">/tmp/test-disk-big/62/99</Query>
  </Pair>
  <Pair reval="1d">
    <Dir perm="0555">/63</Dir>
    <Query type="disk"></Query>
  </Pair>
  <Pair reval="1d">
    <File perm="0444">/63/1</File>
    <Query type="disk">/tmp/test-disk-big/63/1</Query>
  </Pair>
  <Pair reval="1d">
    <File perm="0444">/63/10</File>
    <Query type="disk">/tmp/test-disk-big/63/10</Query>
  </Pair>
  <Pair reval="1d">
    <File perm="0444">/63/100</File>
    <Query type="disk">/tmp/test-disk-big/63/100</Query>
  </Pair>
  <Pair reval="1d">
    <File perm="0444">/63/11</File>
    <Query type="disk">/tmp/test-disk-big/63/11</Query>
  </Pair>
  <Pair reval="1d">
    <File perm="0444">/63/12</File>
    <Query type="disk">/tmp/test-disk-big/63/12</Query>
  </Pair>
  <Pair reval="1d">
    <File perm="0444">/63/13</File>
    <Query type="disk">/tmp/test-disk-big/63/13</Query>
  </Pair>
  <Pair reval="1d">
    <File perm="0444">/63/14</File>
    <Query type="disk">/tmp/test-disk-big/63/14</Query>
  </Pair>
  <Pair reval="1d">
    <File perm="0444">/63/15</File>
    <Query type="disk">/tmp/test-disk-big/63/15</Query>
  </Pair>
  <Pair reval="1d">
    <File perm="0444">/63/16</File>
    <Query type="disk">/tmp/test-disk-big/63/16</Query>
  </Pair>
  <Pair reval="1d">
    <File perm="0444">/63/17</File>
    <Query type="disk">/tmp/test-disk-big/63/17</Query>
  </Pair>
  <Pair reval="1d">
    <File perm="0444">/63/18</File>
    <Query type="disk">/tmp/test-disk-big/63/18</Query>
  </Pair>
  <Pair reval="1d">
    <File perm="0444">/63/19</File>
    <Query type="disk">/tmp/test-disk-big/63/19</Query>
  </Pair>
  <Pair reval="1d">
    <File perm="0444">/63/2</File>
    <Query type="disk">/tmp/test-disk-big/63/2</Query>
  </Pair>
  <Pair reval="1d">
    <File perm="0444">/63/20</File>
    <Query type="disk">/tmp/test-disk-big/63/20</Query>
  </Pair>
  <Pair reval="1d">
    <File perm="0444">/63/21</File>
    <Query type="disk">/tmp/test-disk-big/63/21</Query>
  </Pair>
  <Pair reval="1d">
    <File perm="0444">/63/22</File>
    <Query type="disk">/tmp/test-disk-big/63/22</Query>
  </Pair>
  <Pair reval="1d">
    <File perm="0444">/63/23</File>
    <Query type="disk">/tmp/test-disk-big/63/23</Query>
  </Pair>
  <Pair reval="1d">
    <File perm="0444">/63/24</File>
    <Query type="disk">/tmp/test-disk-big/63/24</Query>
  </Pair>
  <Pair reval="1d">
    <File perm="0444">/63/25</File>
    <Query type="disk">/tmp/test-disk-big/63/25</Query>
  </Pair>
  <Pair reval="1d">
    <File perm="0444">/63/26</File>
    <Query type="disk">/tmp/test-disk-big/63/26</Query>
  </Pair>
  <Pair reval="1d">
    <File perm="0444">/63/27</File>
    <Query type="disk">/tmp/test-disk-big/63/27</Query>
  </Pair>
  <Pair reval="1d">
    <File perm="0444">/63/28</File>
    <Query type="disk">/tmp/test-disk-big/63/28</Query>
  </Pair>
  <Pair reval="1d">
    <File perm="0444">/63/29</File>
    <Query type="disk">/tmp/test-disk-big/63/29</Query>
  </Pair>
  <Pair reval="1d">
    <File perm="0444">/63/3</File>
    <Query type="disk">/tmp/test-disk-big/63/3</Query>
  </Pair>
  <Pair reval="1d">
    <File perm="0444">/63/30</File>
    <Query type="disk">/tmp/test-disk-big/63/30</Query>
  </Pair>
  <Pair reval="1d">
    <File perm="0444">/63/31</File>
    <Query type="disk">/tmp/test-disk-big/63/31</Query>
  </Pair>
  <Pair reval="1d">
    <File perm="0444">/63/32</File>
    <Query type="disk">/tmp/test-disk-big/63/32</Query>
  </Pair>
  <Pair reval="1d">
    <File perm="0444">/63/33</File>
    <Query type="disk">/tmp/test-disk-big/63/33</Query>
  </Pair>
  <Pair reval="1d">
    <File perm="0444">/63/34</File>
    <Query type="disk">/tmp/test-disk-big/63/34</Query>
  </Pair>
  <Pair reval="1d">
    <File perm="0444">/63/35</File>
    <Query type="disk">/tmp/test-disk-big/63/35</Query>
  </Pair>
  <Pair reval="1d">
    <File perm="0444">/63/36</File>
    <Query type="disk">/tmp/test-disk-big/63/36</Query>
  </Pair>
  <Pair reval="1d">
    <File perm="0444">/63/37</File>
    <Query type="disk">/tmp/test-disk-big/63/37</Query>
  </Pair>
  <Pair reval="1d">
    <File perm="0444">/63/38</File>
    <Query type="disk">/tmp/test-disk-big/63/38</Query>
  </Pair>
  <Pair reval="1d">
    <File perm="0444">/63/39</File>
    <Query type="disk">/tmp/test-disk-big/63/39</Query>
  </Pair>
  <Pair reval="1d">
    <File perm="0444">/63/4</File>
    <Query type="disk">/tmp/test-disk-big/63/4</Query>
  </Pair>
  <Pair reval="1d">
    <File perm="0444">/63/40</File>
    <Query type="disk">/tmp/test-disk-big/63/40</Query>
  </Pair>
  <Pair reval="1d">
    <File perm="0444">/63/41</File>
    <Query type="disk">/tmp/test-disk-big/63/41</Query>
  </Pair>
  <Pair reval="1d">
    <File perm="0444">/63/42</File>
    <Query type="disk">/tmp/test-disk-big/63/42</Query>
  </Pair>
  <Pair reval="1d">
    <File perm="0444">/63/43</File>
    <Query type="disk">/tmp/test-disk-big/63/43</Query>
  </Pair>
  <Pair reval="1d">
    <File perm="0444">/63/44</File>
    <Query type="disk">/tmp/test-disk-big/63/44</Query>
  </Pair>
  <Pair reval="1d">
    <File perm="0444">/63/45</File>
    <Query type="disk">/tmp/test-disk-big/63/45</Query>
  </Pair>
  <Pair reval="1d">
    <File perm="0444">/63/46</File>
    <Query type="disk">/tmp/test-disk-big/63/46</Query>
  </Pair>
  <Pair reval="1d">
    <File perm="0444">/63/47</File>
    <Query type="disk">/tmp/test-disk-big/63/47</Query>
  </Pair>
  <Pair reval="1d">
    <File perm="0444">/63/48</File>
    <Query type="disk">/tmp/test-disk-big/63/48</Query>
  </Pair>
  <Pair reval="1d">
    <File perm="0444">/63/49</File>
    <Query type="disk">/tmp/test-disk-big/63/49</Query>
  </Pair>
  <Pair reval="1d">
    <File perm="0444">/63/5</File>
    <Query type="disk">/tmp/test-disk-big/63/5</Query>
  </Pair>
  <Pair reval="1d">
    <File perm="0444">/63/50</File>
    <Query type="disk">/tmp/test-disk-big/63/50</Query>
  </Pair>
  <Pair reval="1d">
    <File perm="0444">/63/51</File>
    <Query type="disk">/tmp/test-disk-big/63/51</Query>
  </Pair>
  <Pair reval="1d">
    <File perm="0444">/63/52</File>
    <Query type="disk">/tmp/test-disk-big/63/52</Query>
  </Pair>
  <Pair reval="1d">
    <File perm="0444">/63/53</File>
    <Query type="disk">/tmp/test-disk-big/63/53</Query>
  </Pair>
  <Pair reval="1d">
    <File perm="0444">/63/54</File>
    <Query type="disk">/tmp/test-disk-big/63/54</Query>
  </Pair>
  <Pair reval="1d">
    <File perm="0444">/63/55</File>
    <Query type="disk">/tmp/test-disk-big/63/55</Query>
  </Pair>
  <Pair reval="1d">
    <File perm="0444">/63/56</File>
    <Query type="disk">/tmp/test-disk-big/63/56</Query>
  </Pair>
  <Pair reval="1d">
    <File perm="0444">/63/57</File>
    <Query type="disk">/tmp/test-disk-big/63/57</Query>
  </Pair>
  <Pair reval="1d">
    <File perm="0444">/63/58</File>
    <Query type="disk">/tmp/test-disk-big/63/58</Query>
  </Pair>
  <Pair reval="1d">
    <File perm="0444">/63/59</File>
    <Query type="disk">/tmp/test-disk-big/63/59</Query>
  </Pair>
  <Pair reval="1d">
    <File perm="0444">/63/6</File>
    <Query type="disk">/tmp/test-disk-big/63/6</Query>
  </Pair>
  <Pair reval="1d">
    <File perm="0444">/63/60</File>
    <Query type="disk">/tmp/test-disk-big/63/60</Query>
  </Pair>
  <Pair reval="1d">
    <File perm="0444">/63/61</File>
    <Query type="disk">/tmp/test-disk-big/63/61</Query>
  </Pair>
  <Pair reval="1d">
    <File perm="0444">/63/62</File>
    <Query type="disk">/tmp/test-disk-big/63/62</Query>
  </Pair>
  <Pair reval="1d">
    <File perm="0444">/63/63</File>
    <Query type="disk">/tmp/test-disk-big/63/63</Query>
  </Pair>
  <Pair reval="1d">
    <File perm="0444">/63/64</File>
    <Query type="disk">/tmp/test-disk-big/63/64</Query>
  </Pair>
  <Pair reval="1d">
    <File perm="0444">/63/65</File>
    <Query type="disk">/tmp/test-disk-big/63/65</Query>
  </Pair>
  <Pair reval="1d">
    <File perm="0444">/63/66</File>
    <Query type="disk">/tmp/test-disk-big/63/66</Query>
  </Pair>
  <Pair reval="1d">
    <File perm="0444">/63/67</File>
    <Query type="disk">/tmp/test-disk-big/63/67</Query>
  </Pair>
  <Pair reval="1d">
    <File perm="0444">/63/68</File>
    <Query type="disk">/tmp/test-disk-big/63/68</Query>
  </Pair>
  <Pair reval="1d">
    <File perm="0444">/63/69</File>
    <Query type="disk">/tmp/test-disk-big/63/69</Query>
  </Pair>
  <Pair reval="1d">
    <File perm="0444">/63/7</File>
    <Query type="disk">/tmp/test-disk-big/63/7</Query>
  </Pair>
  <Pair reval="1d">
    <File perm="0444">/63/70</File>
    <Query type="disk">/tmp/test-disk-big/63/70</Query>
  </Pair>
  <Pair reval="1d">
    <File perm="0444">/63/71</File>
    <Query type="disk">/tmp/test-disk-big/63/71</Query>
  </Pair>
  <Pair reval="1d">
    <File perm="0444">/63/72</File>
    <Query type="disk">/tmp/test-disk-big/63/72</Query>
  </Pair>
  <Pair reval="1d">
    <File perm="0444">/63/73</File>
    <Query type="disk">/tmp/test-disk-big/63/73</Query>
  </Pair>
  <Pair reval="1d">
    <File perm="0444">/63/74</File>
    <Query type="disk">/tmp/test-disk-big/63/74</Query>
  </Pair>
  <Pair reval="1d">
    <File perm="0444">/63/75</File>
    <Query type="disk">/tmp/test-disk-big/63/75</Query>
  </Pair>
  <Pair reval="1d">
    <File perm="0444">/63/76</File>
    <Query type="disk">/tmp/test-disk-big/63/76</Query>
  </Pair>
  <Pair reval="1d">
    <File perm="0444">/63/77</File>
    <Query type="disk">/tmp/test-disk-big/63/77</Query>
  </Pair>
  <Pair reval="1d">
    <File perm="0444">/63/78</File>
    <Query type="disk">/tmp/test-disk-big/63/78</Query>
  </Pair>
  <Pair reval="1d">
    <File perm="0444">/63/79</File>
    <Query type="disk">/tmp/test-disk-big/63/79</Query>
  </Pair>
  <Pair reval="1d">
    <File perm="0444">/63/8</File>
    <Query type="disk">/tmp/test-disk-big/63/8</Query>
  </Pair>
  <Pair reval="1d">
    <File perm="0444">/63/80</File>
    <Query type="disk">/tmp/test-disk-big/63/80</Query>
  </Pair>
  <Pair reval="1d">
    <File perm="0444">/63/81</File>
    <Query type="disk">/tmp/test-disk-big/63/81</Query>
  </Pair>
  <Pair reval="1d">
    <File perm="0444">/63/82</File>
    <Query type="disk">/tmp/test-disk-big/63/82</Query>
  </Pair>
  <Pair reval="1d">
    <File perm="0444">/63/83</File>
    <Query type="disk">/tmp/test-disk-big/63/83</Query>
  </Pair>
  <Pair reval="1d">
    <File perm="0444">/63/84</File>
    <Query type="disk">/tmp/test-disk-big/63/84</Query>
  </Pair>
  <Pair reval="1d">
    <File perm="0444">/63/85</File>
    <Query type="disk">/tmp/test-disk-big/63/85</Query>
  </Pair>
  <Pair reval="1d">
    <File perm="0444">/63/86</File>
    <Query type="disk">/tmp/test-disk-big/63/86</Query>
  </Pair>
  <Pair reval="1d">
    <File perm="0444">/63/87</File>
    <Query type="disk">/tmp/test-disk-big/63/87</Query>
  </Pair>
  <Pair reval="1d">
    <File perm="0444">/63/88</File>
    <Query type="disk">/tmp/test-disk-big/63/88</Query>
  </Pair>
  <Pair reval="1d">
    <File perm="0444">/63/89</File>
    <Query type="disk">/tmp/test-disk-big/63/89</Query>
  </Pair>
  <Pair reval="1d">
    <File perm="0444">/63/9</File>
    <Query type="disk">/tmp/test-disk-big/63/9</Query>
  </Pair>
  <Pair reval="1d">
    <File perm="0444">/63/90</File>
    <Query type="disk">/tmp/test-disk-big/63/90</Query>
  </Pair>
  <Pair reval="1d">
    <File perm="0444">/63/91</File>
    <Query type="disk">/tmp/test-disk-big/63/91</Query>
  </Pair>
  <Pair reval="1d">
    <File perm="0444">/63/92</File>
    <Query type="disk">/tmp/test-disk-big/63/92</Query>
  </Pair>
  <Pair reval="1d">
    <File perm="0444">/63/93</File>
    <Query type="disk">/tmp/test-disk-big/63/93</Query>
  </Pair>
  <Pair reval="1d">
    <File perm="0444">/63/94</File>
    <Query type="disk">/tmp/test-disk-big/63/94</Query>
  </Pair>
  <Pair reval="1d">
    <File perm="0444">/63/95</File>
    <Query type="disk">/tmp/test-disk-big/63/95</Query>
  </Pair>
  <Pair reval="1d">
    <File perm="0444">/63/96</File>
    <Query type="disk">/tmp/test-disk-big/63/96</Query>
  </Pair>
  <Pair reval="1d">
    <File perm="0444">/63/97</File>
    <Query type="disk">/tmp/test-disk-big/63/97</Query>
  </Pair>
  <Pair reval="1d">
    <File perm="0444">/63/98</File>
    <Query type="disk">/tmp/test-disk-big/63/98</Query>
  </Pair>
  <Pair reval="1d">
    <File perm="0444">/63/99</File>
    <Query type="disk">/tmp/test-disk-big/63/99</Query>
  </Pair>
  <Pair reval="1d">
    <Dir perm="0555">/64</Dir>
    <Query type="disk"></Query>
  </Pair>
  <Pair reval="1d">
    <File perm="0444">/64/1</File>
    <Query type="disk">/tmp/test-disk-big/64/1</Query>
  </Pair>
  <Pair reval="1d">
    <File perm="0444">/64/10</File>
    <Query type="disk">/tmp/test-disk-big/64/10</Query>
  </Pair>
  <Pair reval="1d">
    <File perm="0444">/64/100</File>
    <Query type="disk">/tmp/test-disk-big/64/100</Query>
  </Pair>
  <Pair reval="1d">
    <File perm="0444">/64/11</File>
    <Query type="disk">/tmp/test-disk-big/64/11</Query>
  </Pair>
  <Pair reval="1d">
    <File perm="0444">/64/12</File>
    <Query type="disk">/tmp/test-disk-big/64/12</Query>
  </Pair>
  <Pair reval="1d">
    <File perm="0444">/64/13</File>
    <Query type="disk">/tmp/test-disk-big/64/13</Query>
  </Pair>
  <Pair reval="1d">
    <File perm="0444">/64/14</File>
    <Query type="disk">/tmp/test-disk-big/64/14</Query>
  </Pair>
  <Pair reval="1d">
    <File perm="0444">/64/15</File>
    <Query type="disk">/tmp/test-disk-big/64/15</Query>
  </Pair>
  <Pair reval="1d">
    <File perm="0444">/64/16</File>
    <Query type="disk">/tmp/test-disk-big/64/16</Query>
  </Pair>
  <Pair reval="1d">
    <File perm="0444">/64/17</File>
    <Query type="disk">/tmp/test-disk-big/64/17</Query>
  </Pair>
  <Pair reval="1d">
    <File perm="0444">/64/18</File>
    <Query type="disk">/tmp/test-disk-big/64/18</Query>
  </Pair>
  <Pair reval="1d">
    <File perm="0444">/64/19</File>
    <Query type="disk">/tmp/test-disk-big/64/19</Query>
  </Pair>
  <Pair reval="1d">
    <File perm="0444">/64/2</File>
    <Query type="disk">/tmp/test-disk-big/64/2</Query>
  </Pair>
  <Pair reval="1d">
    <File perm="0444">/64/20</File>
    <Query type="disk">/tmp/test-disk-big/64/20</Query>
  </Pair>
  <Pair reval="1d">
    <File perm="0444">/64/21</File>
    <Query type="disk">/tmp/test-disk-big/64/21</Query>
  </Pair>
  <Pair reval="1d">
    <File perm="0444">/64/22</File>
    <Query type="disk">/tmp/test-disk-big/64/22</Query>
  </Pair>
  <Pair reval="1d">
    <File perm="0444">/64/23</File>
    <Query type="disk">/tmp/test-disk-big/64/23</Query>
  </Pair>
  <Pair reval="1d">
    <File perm="0444">/64/24</File>
    <Query type="disk">/tmp/test-disk-big/64/24</Query>
  </Pair>
  <Pair reval="1d">
    <File perm="0444">/64/25</File>
    <Query type="disk">/tmp/test-disk-big/64/25</Query>
  </Pair>
  <Pair reval="1d">
    <File perm="0444">/64/26</File>
    <Query type="disk">/tmp/test-disk-big/64/26</Query>
  </Pair>
  <Pair reval="1d">
    <File perm="0444">/64/27</File>
    <Query type="disk">/tmp/test-disk-big/64/27</Query>
  </Pair>
  <Pair reval="1d">
    <File perm="0444">/64/28</File>
    <Query type="disk">/tmp/test-disk-big/64/28</Query>
  </Pair>
  <Pair reval="1d">
    <File perm="0444">/64/29</File>
    <Query type="disk">/tmp/test-disk-big/64/29</Query>
  </Pair>
  <Pair reval="1d">
    <File perm="0444">/64/3</File>
    <Query type="disk">/tmp/test-disk-big/64/3</Query>
  </Pair>
  <Pair reval="1d">
    <File perm="0444">/64/30</File>
    <Query type="disk">/tmp/test-disk-big/64/30</Query>
  </Pair>
  <Pair reval="1d">
    <File perm="0444">/64/31</File>
    <Query type="disk">/tmp/test-disk-big/64/31</Query>
  </Pair>
  <Pair reval="1d">
    <File perm="0444">/64/32</File>
    <Query type="disk">/tmp/test-disk-big/64/32</Query>
  </Pair>
  <Pair reval="1d">
    <File perm="0444">/64/33</File>
    <Query type="disk">/tmp/test-disk-big/64/33</Query>
  </Pair>
  <Pair reval="1d">
    <File perm="0444">/64/34</File>
    <Query type="disk">/tmp/test-disk-big/64/34</Query>
  </Pair>
  <Pair reval="1d">
    <File perm="0444">/64/35</File>
    <Query type="disk">/tmp/test-disk-big/64/35</Query>
  </Pair>
  <Pair reval="1d">
    <File perm="0444">/64/36</File>
    <Query type="disk">/tmp/test-disk-big/64/36</Query>
  </Pair>
  <Pair reval="1d">
    <File perm="0444">/64/37</File>
    <Query type="disk">/tmp/test-disk-big/64/37</Query>
  </Pair>
  <Pair reval="1d">
    <File perm="0444">/64/38</File>
    <Query type="disk">/tmp/test-disk-big/64/38</Query>
  </Pair>
  <Pair reval="1d">
    <File perm="0444">/64/39</File>
    <Query type="disk">/tmp/test-disk-big/64/39</Query>
  </Pair>
  <Pair reval="1d">
    <File perm="0444">/64/4</File>
    <Query type="disk">/tmp/test-disk-big/64/4</Query>
  </Pair>
  <Pair reval="1d">
    <File perm="0444">/64/40</File>
    <Query type="disk">/tmp/test-disk-big/64/40</Query>
  </Pair>
  <Pair reval="1d">
    <File perm="0444">/64/41</File>
    <Query type="disk">/tmp/test-disk-big/64/41</Query>
  </Pair>
  <Pair reval="1d">
    <File perm="0444">/64/42</File>
    <Query type="disk">/tmp/test-disk-big/64/42</Query>
  </Pair>
  <Pair reval="1d">
    <File perm="0444">/64/43</File>
    <Query type="disk">/tmp/test-disk-big/64/43</Query>
  </Pair>
  <Pair reval="1d">
    <File perm="0444">/64/44</File>
    <Query type="disk">/tmp/test-disk-big/64/44</Query>
  </Pair>
  <Pair reval="1d">
    <File perm="0444">/64/45</File>
    <Query type="disk">/tmp/test-disk-big/64/45</Query>
  </Pair>
  <Pair reval="1d">
    <File perm="0444">/64/46</File>
    <Query type="disk">/tmp/test-disk-big/64/46</Query>
  </Pair>
  <Pair reval="1d">
    <File perm="0444">/64/47</File>
    <Query type="disk">/tmp/test-disk-big/64/47</Query>
  </Pair>
  <Pair reval="1d">
    <File perm="0444">/64/48</File>
    <Query type="disk">/tmp/test-disk-big/64/48</Query>
  </Pair>
  <Pair reval="1d">
    <File perm="0444">/64/49</File>
    <Query type="disk">/tmp/test-disk-big/64/49</Query>
  </Pair>
  <Pair reval="1d">
    <File perm="0444">/64/5</File>
    <Query type="disk">/tmp/test-disk-big/64/5</Query>
  </Pair>
  <Pair reval="1d">
    <File perm="0444">/64/50</File>
    <Query type="disk">/tmp/test-disk-big/64/50</Query>
  </Pair>
  <Pair reval="1d">
    <File perm="0444">/64/51</File>
    <Query type="disk">/tmp/test-disk-big/64/51</Query>
  </Pair>
  <Pair reval="1d">
    <File perm="0444">/64/52</File>
    <Query type="disk">/tmp/test-disk-big/64/52</Query>
  </Pair>
  <Pair reval="1d">
    <File perm="0444">/64/53</File>
    <Query type="disk">/tmp/test-disk-big/64/53</Query>
  </Pair>
  <Pair reval="1d">
    <File perm="0444">/64/54</File>
    <Query type="disk">/tmp/test-disk-big/64/54</Query>
  </Pair>
  <Pair reval="1d">
    <File perm="0444">/64/55</File>
    <Query type="disk">/tmp/test-disk-big/64/55</Query>
  </Pair>
  <Pair reval="1d">
    <File perm="0444">/64/56</File>
    <Query type="disk">/tmp/test-disk-big/64/56</Query>
  </Pair>
  <Pair reval="1d">
    <File perm="0444">/64/57</File>
    <Query type="disk">/tmp/test-disk-big/64/57</Query>
  </Pair>
  <Pair reval="1d">
    <File perm="0444">/64/58</File>
    <Query type="disk">/tmp/test-disk-big/64/58</Query>
  </Pair>
  <Pair reval="1d">
    <File perm="0444">/64/59</File>
    <Query type="disk">/tmp/test-disk-big/64/59</Query>
  </Pair>
  <Pair reval="1d">
    <File perm="0444">/64/6</File>
    <Query type="disk">/tmp/test-disk-big/64/6</Query>
  </Pair>
  <Pair reval="1d">
    <File perm="0444">/64/60</File>
    <Query type="disk">/tmp/test-disk-big/64/60</Query>
  </Pair>
  <Pair reval="1d">
    <File perm="0444">/64/61</File>
    <Query type="disk">/tmp/test-disk-big/64/61</Query>
  </Pair>
  <Pair reval="1d">
    <File perm="0444">/64/62</File>
    <Query type="disk">/tmp/test-disk-big/64/62</Query>
  </Pair>
  <Pair reval="1d">
    <File perm="0444">/64/63</File>
    <Query type="disk">/tmp/test-disk-big/64/63</Query>
  </Pair>
  <Pair reval="1d">
    <File perm="0444">/64/64</File>
    <Query type="disk">/tmp/test-disk-big/64/64</Query>
  </Pair>
  <Pair reval="1d">
    <File perm="0444">/64/65</File>
    <Query type="disk">/tmp/test-disk-big/64/65</Query>
  </Pair>
  <Pair reval="1d">
    <File perm="0444">/64/66</File>
    <Query type="disk">/tmp/test-disk-big/64/66</Query>
  </Pair>
  <Pair reval="1d">
    <File perm="0444">/64/67</File>
    <Query type="disk">/tmp/test-disk-big/64/67</Query>
  </Pair>
  <Pair reval="1d">
    <File perm="0444">/64/68</File>
    <Query type="disk">/tmp/test-disk-big/64/68</Query>
  </Pair>
  <Pair reval="1d">
    <File perm="0444">/64/69</File>
    <Query type="disk">/tmp/test-disk-big/64/69</Query>
  </Pair>
  <Pair reval="1d">
    <File perm="0444">/64/7</File>
    <Query type="disk">/tmp/test-disk-big/64/7</Query>
  </Pair>
  <Pair reval="1d">
    <File perm="0444">/64/70</File>
    <Query type="disk">/tmp/test-disk-big/64/70</Query>
  </Pair>
  <Pair reval="1d">
    <File perm="0444">/64/71</File>
    <Query type="disk">/tmp/test-disk-big/64/71</Query>
  </Pair>
  <Pair reval="1d">
    <File perm="0444">/64/72</File>
    <Query type="disk">/tmp/test-disk-big/64/72</Query>
  </Pair>
  <Pair reval="1d">
    <File perm="0444">/64/73</File>
    <Query type="disk">/tmp/test-disk-big/64/73</Query>
  </Pair>
  <Pair reval="1d">
    <File perm="0444">/64/74</File>
    <Query type="disk">/tmp/test-disk-big/64/74</Query>
  </Pair>
  <Pair reval="1d">
    <File perm="0444">/64/75</File>
    <Query type="disk">/tmp/test-disk-big/64/75</Query>
  </Pair>
  <Pair reval="1d">
    <File perm="0444">/64/76</File>
    <Query type="disk">/tmp/test-disk-big/64/76</Query>
  </Pair>
  <Pair reval="1d">
    <File perm="0444">/64/77</File>
    <Query type="disk">/tmp/test-disk-big/64/77</Query>
  </Pair>
  <Pair reval="1d">
    <File perm="0444">/64/78</File>
    <Query type="disk">/tmp/test-disk-big/64/78</Query>
  </Pair>
  <Pair reval="1d">
    <File perm="0444">/64/79</File>
    <Query type="disk">/tmp/test-disk-big/64/79</Query>
  </Pair>
  <Pair reval="1d">
    <File perm="0444">/64/8</File>
    <Query type="disk">/tmp/test-disk-big/64/8</Query>
  </Pair>
  <Pair reval="1d">
    <File perm="0444">/64/80</File>
    <Query type="disk">/tmp/test-disk-big/64/80</Query>
  </Pair>
  <Pair reval="1d">
    <File perm="0444">/64/81</File>
    <Query type="disk">/tmp/test-disk-big/64/81</Query>
  </Pair>
  <Pair reval="1d">
    <File perm="0444">/64/82</File>
    <Query type="disk">/tmp/test-disk-big/64/82</Query>
  </Pair>
  <Pair reval="1d">
    <File perm="0444">/64/83</File>
    <Query type="disk">/tmp/test-disk-big/64/83</Query>
  </Pair>
  <Pair reval="1d">
    <File perm="0444">/64/84</File>
    <Query type="disk">/tmp/test-disk-big/64/84</Query>
  </Pair>
  <Pair reval="1d">
    <File perm="0444">/64/85</File>
    <Query type="disk">/tmp/test-disk-big/64/85</Query>
  </Pair>
  <Pair reval="1d">
    <File perm="0444">/64/86</File>
    <Query type="disk">/tmp/test-disk-big/64/86</Query>
  </Pair>
  <Pair reval="1d">
    <File perm="0444">/64/87</File>
    <Query type="disk">/tmp/test-disk-big/64/87</Query>
  </Pair>
  <Pair reval="1d">
    <File perm="0444">/64/88</File>
    <Query type="disk">/tmp/test-disk-big/64/88</Query>
  </Pair>
  <Pair reval="1d">
    <File perm="0444">/64/89</File>
    <Query type="disk">/tmp/test-disk-big/64/89</Query>
  </Pair>
  <Pair reval="1d">
    <File perm="0444">/64/9</File>
    <Query type="disk">/tmp/test-disk-big/64/9</Query>
  </Pair>
  <Pair reval="1d">
    <File perm="0444">/64/90</File>
    <Query type="disk">/tmp/test-disk-big/64/90</Query>
  </Pair>
  <Pair reval="1d">
    <File perm="0444">/64/91</File>
    <Query type="disk">/tmp/test-disk-big/64/91</Query>
  </Pair>
  <Pair reval="1d">
    <File perm="0444">/64/92</File>
    <Query type="disk">/tmp/test-disk-big/64/92</Query>
  </Pair>
  <Pair reval="1d">
    <File perm="0444">/64/93</File>
    <Query type="disk">/tmp/test-disk-big/64/93</Query>
  </Pair>
  <Pair reval="1d">
    <File perm="0444">/64/94</File>
    <Query type="disk">/tmp/test-disk-big/64/94</Query>
  </Pair>
  <Pair reval="1d">
    <File perm="0444">/64/95</File>
    <Query type="disk">/tmp/test-disk-big/64/95</Query>
  </Pair>
  <Pair reval="1d">
    <File perm="0444">/64/96</File>
    <Query type="disk">/tmp/test-disk-big/64/96</Query>
  </Pair>
  <Pair reval="1d">
    <File perm="0444">/64/97</File>
    <Query type="disk">/tmp/test-disk-big/64/97</Query>
  </Pair>
  <Pair reval="1d">
    <File perm="0444">/64/98</File>
    <Query type="disk">/tmp/test-disk-big/64/98</Query>
  </Pair>
  <Pair reval="1d">
    <File perm="0444">/64/99</File>
    <Query type="disk">/tmp/test-disk-big/64/99</Query>
  </Pair>
  <Pair reval="1d">
    <Dir perm="0555">/65</Dir>
    <Query type="disk"></Query>
  </Pair>
  <Pair reval="1d">
    <File perm="0444">/65/1</File>
    <Query type="disk">/tmp/test-disk-big/65/1</Query>
  </Pair>
  <Pair reval="1d">
    <File perm="0444">/65/10</File>
    <Query type="disk">/tmp/test-disk-big/65/10</Query>
  </Pair>
  <Pair reval="1d">
    <File perm="0444">/65/100</File>
    <Query type="disk">/tmp/test-disk-big/65/100</Query>
  </Pair>
  <Pair reval="1d">
    <File perm="0444">/65/11</File>
    <Query type="disk">/tmp/test-disk-big/65/11</Query>
  </Pair>
  <Pair reval="1d">
    <File perm="0444">/65/12</File>
    <Query type="disk">/tmp/test-disk-big/65/12</Query>
  </Pair>
  <Pair reval="1d">
    <File perm="0444">/65/13</File>
    <Query type="disk">/tmp/test-disk-big/65/13</Query>
  </Pair>
  <Pair reval="1d">
    <File perm="0444">/65/14</File>
    <Query type="disk">/tmp/test-disk-big/65/14</Query>
  </Pair>
  <Pair reval="1d">
    <File perm="0444">/65/15</File>
    <Query type="disk">/tmp/test-disk-big/65/15</Query>
  </Pair>
  <Pair reval="1d">
    <File perm="0444">/65/16</File>
    <Query type="disk">/tmp/test-disk-big/65/16</Query>
  </Pair>
  <Pair reval="1d">
    <File perm="0444">/65/17</File>
    <Query type="disk">/tmp/test-disk-big/65/17</Query>
  </Pair>
  <Pair reval="1d">
    <File perm="0444">/65/18</File>
    <Query type="disk">/tmp/test-disk-big/65/18</Query>
  </Pair>
  <Pair reval="1d">
    <File perm="0444">/65/19</File>
    <Query type="disk">/tmp/test-disk-big/65/19</Query>
  </Pair>
  <Pair reval="1d">
    <File perm="0444">/65/2</File>
    <Query type="disk">/tmp/test-disk-big/65/2</Query>
  </Pair>
  <Pair reval="1d">
    <File perm="0444">/65/20</File>
    <Query type="disk">/tmp/test-disk-big/65/20</Query>
  </Pair>
  <Pair reval="1d">
    <File perm="0444">/65/21</File>
    <Query type="disk">/tmp/test-disk-big/65/21</Query>
  </Pair>
  <Pair reval="1d">
    <File perm="0444">/65/22</File>
    <Query type="disk">/tmp/test-disk-big/65/22</Query>
  </Pair>
  <Pair reval="1d">
    <File perm="0444">/65/23</File>
    <Query type="disk">/tmp/test-disk-big/65/23</Query>
  </Pair>
  <Pair reval="1d">
    <File perm="0444">/65/24</File>
    <Query type="disk">/tmp/test-disk-big/65/24</Query>
  </Pair>
  <Pair reval="1d">
    <File perm="0444">/65/25</File>
    <Query type="disk">/tmp/test-disk-big/65/25</Query>
  </Pair>
  <Pair reval="1d">
    <File perm="0444">/65/26</File>
    <Query type="disk">/tmp/test-disk-big/65/26</Query>
  </Pair>
  <Pair reval="1d">
    <File perm="0444">/65/27</File>
    <Query type="disk">/tmp/test-disk-big/65/27</Query>
  </Pair>
  <Pair reval="1d">
    <File perm="0444">/65/28</File>
    <Query type="disk">/tmp/test-disk-big/65/28</Query>
  </Pair>
  <Pair reval="1d">
    <File perm="0444">/65/29</File>
    <Query type="disk">/tmp/test-disk-big/65/29</Query>
  </Pair>
  <Pair reval="1d">
    <File perm="0444">/65/3</File>
    <Query type="disk">/tmp/test-disk-big/65/3</Query>
  </Pair>
  <Pair reval="1d">
    <File perm="0444">/65/30</File>
    <Query type="disk">/tmp/test-disk-big/65/30</Query>
  </Pair>
  <Pair reval="1d">
    <File perm="0444">/65/31</File>
    <Query type="disk">/tmp/test-disk-big/65/31</Query>
  </Pair>
  <Pair reval="1d">
    <File perm="0444">/65/32</File>
    <Query type="disk">/tmp/test-disk-big/65/32</Query>
  </Pair>
  <Pair reval="1d">
    <File perm="0444">/65/33</File>
    <Query type="disk">/tmp/test-disk-big/65/33</Query>
  </Pair>
  <Pair reval="1d">
    <File perm="0444">/65/34</File>
    <Query type="disk">/tmp/test-disk-big/65/34</Query>
  </Pair>
  <Pair reval="1d">
    <File perm="0444">/65/35</File>
    <Query type="disk">/tmp/test-disk-big/65/35</Query>
  </Pair>
  <Pair reval="1d">
    <File perm="0444">/65/36</File>
    <Query type="disk">/tmp/test-disk-big/65/36</Query>
  </Pair>
  <Pair reval="1d">
    <File perm="0444">/65/37</File>
    <Query type="disk">/tmp/test-disk-big/65/37</Query>
  </Pair>
  <Pair reval="1d">
    <File perm="0444">/65/38</File>
    <Query type="disk">/tmp/test-disk-big/65/38</Query>
  </Pair>
  <Pair reval="1d">
    <File perm="0444">/65/39</File>
    <Query type="disk">/tmp/test-disk-big/65/39</Query>
  </Pair>
  <Pair reval="1d">
    <File perm="0444">/65/4</File>
    <Query type="disk">/tmp/test-disk-big/65/4</Query>
  </Pair>
  <Pair reval="1d">
    <File perm="0444">/65/40</File>
    <Query type="disk">/tmp/test-disk-big/65/40</Query>
  </Pair>
  <Pair reval="1d">
    <File perm="0444">/65/41</File>
    <Query type="disk">/tmp/test-disk-big/65/41</Query>
  </Pair>
  <Pair reval="1d">
    <File perm="0444">/65/42</File>
    <Query type="disk">/tmp/test-disk-big/65/42</Query>
  </Pair>
  <Pair reval="1d">
    <File perm="0444">/65/43</File>
    <Query type="disk">/tmp/test-disk-big/65/43</Query>
  </Pair>
  <Pair reval="1d">
    <File perm="0444">/65/44</File>
    <Query type="disk">/tmp/test-disk-big/65/44</Query>
  </Pair>
  <Pair reval="1d">
    <File perm="0444">/65/45</File>
    <Query type="disk">/tmp/test-disk-big/65/45</Query>
  </Pair>
  <Pair reval="1d">
    <File perm="0444">/65/46</File>
    <Query type="disk">/tmp/test-disk-big/65/46</Query>
  </Pair>
  <Pair reval="1d">
    <File perm="0444">/65/47</File>
    <Query type="disk">/tmp/test-disk-big/65/47</Query>
  </Pair>
  <Pair reval="1d">
    <File perm="0444">/65/48</File>
    <Query type="disk">/tmp/test-disk-big/65/48</Query>
  </Pair>
  <Pair reval="1d">
    <File perm="0444">/65/49</File>
    <Query type="disk">/tmp/test-disk-big/65/49</Query>
  </Pair>
  <Pair reval="1d">
    <File perm="0444">/65/5</File>
    <Query type="disk">/tmp/test-disk-big/65/5</Query>
  </Pair>
  <Pair reval="1d">
    <File perm="0444">/65/50</File>
    <Query type="disk">/tmp/test-disk-big/65/50</Query>
  </Pair>
  <Pair reval="1d">
    <File perm="0444">/65/51</File>
    <Query type="disk">/tmp/test-disk-big/65/51</Query>
  </Pair>
  <Pair reval="1d">
    <File perm="0444">/65/52</File>
    <Query type="disk">/tmp/test-disk-big/65/52</Query>
  </Pair>
  <Pair reval="1d">
    <File perm="0444">/65/53</File>
    <Query type="disk">/tmp/test-disk-big/65/53</Query>
  </Pair>
  <Pair reval="1d">
    <File perm="0444">/65/54</File>
    <Query type="disk">/tmp/test-disk-big/65/54</Query>
  </Pair>
  <Pair reval="1d">
    <File perm="0444">/65/55</File>
    <Query type="disk">/tmp/test-disk-big/65/55</Query>
  </Pair>
  <Pair reval="1d">
    <File perm="0444">/65/56</File>
    <Query type="disk">/tmp/test-disk-big/65/56</Query>
  </Pair>
  <Pair reval="1d">
    <File perm="0444">/65/57</File>
    <Query type="disk">/tmp/test-disk-big/65/57</Query>
  </Pair>
  <Pair reval="1d">
    <File perm="0444">/65/58</File>
    <Query type="disk">/tmp/test-disk-big/65/58</Query>
  </Pair>
  <Pair reval="1d">
    <File perm="0444">/65/59</File>
    <Query type="disk">/tmp/test-disk-big/65/59</Query>
  </Pair>
  <Pair reval="1d">
    <File perm="0444">/65/6</File>
    <Query type="disk">/tmp/test-disk-big/65/6</Query>
  </Pair>
  <Pair reval="1d">
    <File perm="0444">/65/60</File>
    <Query type="disk">/tmp/test-disk-big/65/60</Query>
  </Pair>
  <Pair reval="1d">
    <File perm="0444">/65/61</File>
    <Query type="disk">/tmp/test-disk-big/65/61</Query>
  </Pair>
  <Pair reval="1d">
    <File perm="0444">/65/62</File>
    <Query type="disk">/tmp/test-disk-big/65/62</Query>
  </Pair>
  <Pair reval="1d">
    <File perm="0444">/65/63</File>
    <Query type="disk">/tmp/test-disk-big/65/63</Query>
  </Pair>
  <Pair reval="1d">
    <File perm="0444">/65/64</File>
    <Query type="disk">/tmp/test-disk-big/65/64</Query>
  </Pair>
  <Pair reval="1d">
    <File perm="0444">/65/65</File>
    <Query type="disk">/tmp/test-disk-big/65/65</Query>
  </Pair>
  <Pair reval="1d">
    <File perm="0444">/65/66</File>
    <Query type="disk">/tmp/test-disk-big/65/66</Query>
  </Pair>
  <Pair reval="1d">
    <File perm="0444">/65/67</File>
    <Query type="disk">/tmp/test-disk-big/65/67</Query>
  </Pair>
  <Pair reval="1d">
    <File perm="0444">/65/68</File>
    <Query type="disk">/tmp/test-disk-big/65/68</Query>
  </Pair>
  <Pair reval="1d">
    <File perm="0444">/65/69</File>
    <Query type="disk">/tmp/test-disk-big/65/69</Query>
  </Pair>
  <Pair reval="1d">
    <File perm="0444">/65/7</File>
    <Query type="disk">/tmp/test-disk-big/65/7</Query>
  </Pair>
  <Pair reval="1d">
    <File perm="0444">/65/70</File>
    <Query type="disk">/tmp/test-disk-big/65/70</Query>
  </Pair>
  <Pair reval="1d">
    <File perm="0444">/65/71</File>
    <Query type="disk">/tmp/test-disk-big/65/71</Query>
  </Pair>
  <Pair reval="1d">
    <File perm="0444">/65/72</File>
    <Query type="disk">/tmp/test-disk-big/65/72</Query>
  </Pair>
  <Pair reval="1d">
    <File perm="0444">/65/73</File>
    <Query type="disk">/tmp/test-disk-big/65/73</Query>
  </Pair>
  <Pair reval="1d">
    <File perm="0444">/65/74</File>
    <Query type="disk">/tmp/test-disk-big/65/74</Query>
  </Pair>
  <Pair reval="1d">
    <File perm="0444">/65/75</File>
    <Query type="disk">/tmp/test-disk-big/65/75</Query>
  </Pair>
  <Pair reval="1d">
    <File perm="0444">/65/76</File>
    <Query type="disk">/tmp/test-disk-big/65/76</Query>
  </Pair>
  <Pair reval="1d">
    <File perm="0444">/65/77</File>
    <Query type="disk">/tmp/test-disk-big/65/77</Query>
  </Pair>
  <Pair reval="1d">
    <File perm="0444">/65/78</File>
    <Query type="disk">/tmp/test-disk-big/65/78</Query>
  </Pair>
  <Pair reval="1d">
    <File perm="0444">/65/79</File>
    <Query type="disk">/tmp/test-disk-big/65/79</Query>
  </Pair>
  <Pair reval="1d">
    <File perm="0444">/65/8</File>
    <Query type="disk">/tmp/test-disk-big/65/8</Query>
  </Pair>
  <Pair reval="1d">
    <File perm="0444">/65/80</File>
    <Query type="disk">/tmp/test-disk-big/65/80</Query>
  </Pair>
  <Pair reval="1d">
    <File perm="0444">/65/81</File>
    <Query type="disk">/tmp/test-disk-big/65/81</Query>
  </Pair>
  <Pair reval="1d">
    <File perm="0444">/65/82</File>
    <Query type="disk">/tmp/test-disk-big/65/82</Query>
  </Pair>
  <Pair reval="1d">
    <File perm="0444">/65/83</File>
    <Query type="disk">/tmp/test-disk-big/65/83</Query>
  </Pair>
  <Pair reval="1d">
    <File perm="0444">/65/84</File>
    <Query type="disk">/tmp/test-disk-big/65/84</Query>
  </Pair>
  <Pair reval="1d">
    <File perm="0444">/65/85</File>
    <Query type="disk">/tmp/test-disk-big/65/85</Query>
  </Pair>
  <Pair reval="1d">
    <File perm="0444">/65/86</File>
    <Query type="disk">/tmp/test-disk-big/65/86</Query>
  </Pair>
  <Pair reval="1d">
    <File perm="0444">/65/87</File>
    <Query type="disk">/tmp/test-disk-big/65/87</Query>
  </Pair>
  <Pair reval="1d">
    <File perm="0444">/65/88</File>
    <Query type="disk">/tmp/test-disk-big/65/88</Query>
  </Pair>
  <Pair reval="1d">
    <File perm="0444">/65/89</File>
    <Query type="disk">/tmp/test-disk-big/65/89</Query>
  </Pair>
  <Pair reval="1d">
    <File perm="0444">/65/9</File>
    <Query type="disk">/tmp/test-disk-big/65/9</Query>
  </Pair>
  <Pair reval="1d">
    <File perm="0444">/65/90</File>
    <Query type="disk">/tmp/test-disk-big/65/90</Query>
  </Pair>
  <Pair reval="1d">
    <File perm="0444">/65/91</File>
    <Query type="disk">/tmp/test-disk-big/65/91</Query>
  </Pair>
  <Pair reval="1d">
    <File perm="0444">/65/92</File>
    <Query type="disk">/tmp/test-disk-big/65/92</Query>
  </Pair>
  <Pair reval="1d">
    <File perm="0444">/65/93</File>
    <Query type="disk">/tmp/test-disk-big/65/93</Query>
  </Pair>
  <Pair reval="1d">
    <File perm="0444">/65/94</File>
    <Query type="disk">/tmp/test-disk-big/65/94</Query>
  </Pair>
  <Pair reval="1d">
    <File perm="0444">/65/95</File>
    <Query type="disk">/tmp/test-disk-big/65/95</Query>
  </Pair>
  <Pair reval="1d">
    <File perm="0444">/65/96</File>
    <Query type="disk">/tmp/test-disk-big/65/96</Query>
  </Pair>
  <Pair reval="1d">
    <File perm="0444">/65/97</File>
    <Query type="disk">/tmp/test-disk-big/65/97</Query>
  </Pair>
  <Pair reval="1d">
    <File perm="0444">/65/98</File>
    <Query type="disk">/tmp/test-disk-big/65/98</Query>
  </Pair>
  <Pair reval="1d">
    <File perm="0444">/65/99</File>
    <Query type="disk">/tmp/test-disk-big/65/99</Query>
  </Pair>
  <Pair reval="1d">
    <Dir perm="0555">/66</Dir>
    <Query type="disk"></Query>
  </Pair>
  <Pair reval="1d">
    <File perm="0444">/66/1</File>
    <Query type="disk">/tmp/test-disk-big/66/1</Query>
  </Pair>
  <Pair reval="1d">
    <File perm="0444">/66/10</File>
    <Query type="disk">/tmp/test-disk-big/66/10</Query>
  </Pair>
  <Pair reval="1d">
    <File perm="0444">/66/100</File>
    <Query type="disk">/tmp/test-disk-big/66/100</Query>
  </Pair>
  <Pair reval="1d">
    <File perm="0444">/66/11</File>
    <Query type="disk">/tmp/test-disk-big/66/11</Query>
  </Pair>
  <Pair reval="1d">
    <File perm="0444">/66/12</File>
    <Query type="disk">/tmp/test-disk-big/66/12</Query>
  </Pair>
  <Pair reval="1d">
    <File perm="0444">/66/13</File>
    <Query type="disk">/tmp/test-disk-big/66/13</Query>
  </Pair>
  <Pair reval="1d">
    <File perm="0444">/66/14</File>
    <Query type="disk">/tmp/test-disk-big/66/14</Query>
  </Pair>
  <Pair reval="1d">
    <File perm="0444">/66/15</File>
    <Query type="disk">/tmp/test-disk-big/66/15</Query>
  </Pair>
  <Pair reval="1d">
    <File perm="0444">/66/16</File>
    <Query type="disk">/tmp/test-disk-big/66/16</Query>
  </Pair>
  <Pair reval="1d">
    <File perm="0444">/66/17</File>
    <Query type="disk">/tmp/test-disk-big/66/17</Query>
  </Pair>
  <Pair reval="1d">
    <File perm="0444">/66/18</File>
    <Query type="disk">/tmp/test-disk-big/66/18</Query>
  </Pair>
  <Pair reval="1d">
    <File perm="0444">/66/19</File>
    <Query type="disk">/tmp/test-disk-big/66/19</Query>
  </Pair>
  <Pair reval="1d">
    <File perm="0444">/66/2</File>
    <Query type="disk">/tmp/test-disk-big/66/2</Query>
  </Pair>
  <Pair reval="1d">
    <File perm="0444">/66/20</File>
    <Query type="disk">/tmp/test-disk-big/66/20</Query>
  </Pair>
  <Pair reval="1d">
    <File perm="0444">/66/21</File>
    <Query type="disk">/tmp/test-disk-big/66/21</Query>
  </Pair>
  <Pair reval="1d">
    <File perm="0444">/66/22</File>
    <Query type="disk">/tmp/test-disk-big/66/22</Query>
  </Pair>
  <Pair reval="1d">
    <File perm="0444">/66/23</File>
    <Query type="disk">/tmp/test-disk-big/66/23</Query>
  </Pair>
  <Pair reval="1d">
    <File perm="0444">/66/24</File>
    <Query type="disk">/tmp/test-disk-big/66/24</Query>
  </Pair>
  <Pair reval="1d">
    <File perm="0444">/66/25</File>
    <Query type="disk">/tmp/test-disk-big/66/25</Query>
  </Pair>
  <Pair reval="1d">
    <File perm="0444">/66/26</File>
    <Query type="disk">/tmp/test-disk-big/66/26</Query>
  </Pair>
  <Pair reval="1d">
    <File perm="0444">/66/27</File>
    <Query type="disk">/tmp/test-disk-big/66/27</Query>
  </Pair>
  <Pair reval="1d">
    <File perm="0444">/66/28</File>
    <Query type="disk">/tmp/test-disk-big/66/28</Query>
  </Pair>
  <Pair reval="1d">
    <File perm="0444">/66/29</File>
    <Query type="disk">/tmp/test-disk-big/66/29</Query>
  </Pair>
  <Pair reval="1d">
    <File perm="0444">/66/3</File>
    <Query type="disk">/tmp/test-disk-big/66/3</Query>
  </Pair>
  <Pair reval="1d">
    <File perm="0444">/66/30</File>
    <Query type="disk">/tmp/test-disk-big/66/30</Query>
  </Pair>
  <Pair reval="1d">
    <File perm="0444">/66/31</File>
    <Query type="disk">/tmp/test-disk-big/66/31</Query>
  </Pair>
  <Pair reval="1d">
    <File perm="0444">/66/32</File>
    <Query type="disk">/tmp/test-disk-big/66/32</Query>
  </Pair>
  <Pair reval="1d">
    <File perm="0444">/66/33</File>
    <Query type="disk">/tmp/test-disk-big/66/33</Query>
  </Pair>
  <Pair reval="1d">
    <File perm="0444">/66/34</File>
    <Query type="disk">/tmp/test-disk-big/66/34</Query>
  </Pair>
  <Pair reval="1d">
    <File perm="0444">/66/35</File>
    <Query type="disk">/tmp/test-disk-big/66/35</Query>
  </Pair>
  <Pair reval="1d">
    <File perm="0444">/66/36</File>
    <Query type="disk">/tmp/test-disk-big/66/36</Query>
  </Pair>
  <Pair reval="1d">
    <File perm="0444">/66/37</File>
    <Query type="disk">/tmp/test-disk-big/66/37</Query>
  </Pair>
  <Pair reval="1d">
    <File perm="0444">/66/38</File>
    <Query type="disk">/tmp/test-disk-big/66/38</Query>
  </Pair>
  <Pair reval="1d">
    <File perm="0444">/66/39</File>
    <Query type="disk">/tmp/test-disk-big/66/39</Query>
  </Pair>
  <Pair reval="1d">
    <File perm="0444">/66/4</File>
    <Query type="disk">/tmp/test-disk-big/66/4</Query>
  </Pair>
  <Pair reval="1d">
    <File perm="0444">/66/40</File>
    <Query type="disk">/tmp/test-disk-big/66/40</Query>
  </Pair>
  <Pair reval="1d">
    <File perm="0444">/66/41</File>
    <Query type="disk">/tmp/test-disk-big/66/41</Query>
  </Pair>
  <Pair reval="1d">
    <File perm="0444">/66/42</File>
    <Query type="disk">/tmp/test-disk-big/66/42</Query>
  </Pair>
  <Pair reval="1d">
    <File perm="0444">/66/43</File>
    <Query type="disk">/tmp/test-disk-big/66/43</Query>
  </Pair>
  <Pair reval="1d">
    <File perm="0444">/66/44</File>
    <Query type="disk">/tmp/test-disk-big/66/44</Query>
  </Pair>
  <Pair reval="1d">
    <File perm="0444">/66/45</File>
    <Query type="disk">/tmp/test-disk-big/66/45</Query>
  </Pair>
  <Pair reval="1d">
    <File perm="0444">/66/46</File>
    <Query type="disk">/tmp/test-disk-big/66/46</Query>
  </Pair>
  <Pair reval="1d">
    <File perm="0444">/66/47</File>
    <Query type="disk">/tmp/test-disk-big/66/47</Query>
  </Pair>
  <Pair reval="1d">
    <File perm="0444">/66/48</File>
    <Query type="disk">/tmp/test-disk-big/66/48</Query>
  </Pair>
  <Pair reval="1d">
    <File perm="0444">/66/49</File>
    <Query type="disk">/tmp/test-disk-big/66/49</Query>
  </Pair>
  <Pair reval="1d">
    <File perm="0444">/66/5</File>
    <Query type="disk">/tmp/test-disk-big/66/5</Query>
  </Pair>
  <Pair reval="1d">
    <File perm="0444">/66/50</File>
    <Query type="disk">/tmp/test-disk-big/66/50</Query>
  </Pair>
  <Pair reval="1d">
    <File perm="0444">/66/51</File>
    <Query type="disk">/tmp/test-disk-big/66/51</Query>
  </Pair>
  <Pair reval="1d">
    <File perm="0444">/66/52</File>
    <Query type="disk">/tmp/test-disk-big/66/52</Query>
  </Pair>
  <Pair reval="1d">
    <File perm="0444">/66/53</File>
    <Query type="disk">/tmp/test-disk-big/66/53</Query>
  </Pair>
  <Pair reval="1d">
    <File perm="0444">/66/54</File>
    <Query type="disk">/tmp/test-disk-big/66/54</Query>
  </Pair>
  <Pair reval="1d">
    <File perm="0444">/66/55</File>
    <Query type="disk">/tmp/test-disk-big/66/55</Query>
  </Pair>
  <Pair reval="1d">
    <File perm="0444">/66/56</File>
    <Query type="disk">/tmp/test-disk-big/66/56</Query>
  </Pair>
  <Pair reval="1d">
    <File perm="0444">/66/57</File>
    <Query type="disk">/tmp/test-disk-big/66/57</Query>
  </Pair>
  <Pair reval="1d">
    <File perm="0444">/66/58</File>
    <Query type="disk">/tmp/test-disk-big/66/58</Query>
  </Pair>
  <Pair reval="1d">
    <File perm="0444">/66/59</File>
    <Query type="disk">/tmp/test-disk-big/66/59</Query>
  </Pair>
  <Pair reval="1d">
    <File perm="0444">/66/6</File>
    <Query type="disk">/tmp/test-disk-big/66/6</Query>
  </Pair>
  <Pair reval="1d">
    <File perm="0444">/66/60</File>
    <Query type="disk">/tmp/test-disk-big/66/60</Query>
  </Pair>
  <Pair reval="1d">
    <File perm="0444">/66/61</File>
    <Query type="disk">/tmp/test-disk-big/66/61</Query>
  </Pair>
  <Pair reval="1d">
    <File perm="0444">/66/62</File>
    <Query type="disk">/tmp/test-disk-big/66/62</Query>
  </Pair>
  <Pair reval="1d">
    <File perm="0444">/66/63</File>
    <Query type="disk">/tmp/test-disk-big/66/63</Query>
  </Pair>
  <Pair reval="1d">
    <File perm="0444">/66/64</File>
    <Query type="disk">/tmp/test-disk-big/66/64</Query>
  </Pair>
  <Pair reval="1d">
    <File perm="0444">/66/65</File>
    <Query type="disk">/tmp/test-disk-big/66/65</Query>
  </Pair>
  <Pair reval="1d">
    <File perm="0444">/66/66</File>
    <Query type="disk">/tmp/test-disk-big/66/66</Query>
  </Pair>
  <Pair reval="1d">
    <File perm="0444">/66/67</File>
    <Query type="disk">/tmp/test-disk-big/66/67</Query>
  </Pair>
  <Pair reval="1d">
    <File perm="0444">/66/68</File>
    <Query type="disk">/tmp/test-disk-big/66/68</Query>
  </Pair>
  <Pair reval="1d">
    <File perm="0444">/66/69</File>
    <Query type="disk">/tmp/test-disk-big/66/69</Query>
  </Pair>
  <Pair reval="1d">
    <File perm="0444">/66/7</File>
    <Query type="disk">/tmp/test-disk-big/66/7</Query>
  </Pair>
  <Pair reval="1d">
    <File perm="0444">/66/70</File>
    <Query type="disk">/tmp/test-disk-big/66/70</Query>
  </Pair>
  <Pair reval="1d">
    <File perm="0444">/66/71</File>
    <Query type="disk">/tmp/test-disk-big/66/71</Query>
  </Pair>
  <Pair reval="1d">
    <File perm="0444">/66/72</File>
    <Query type="disk">/tmp/test-disk-big/66/72</Query>
  </Pair>
  <Pair reval="1d">
    <File perm="0444">/66/73</File>
    <Query type="disk">/tmp/test-disk-big/66/73</Query>
  </Pair>
  <Pair reval="1d">
    <File perm="0444">/66/74</File>
    <Query type="disk">/tmp/test-disk-big/66/74</Query>
  </Pair>
  <Pair reval="1d">
    <File perm="0444">/66/75</File>
    <Query type="disk">/tmp/test-disk-big/66/75</Query>
  </Pair>
  <Pair reval="1d">
    <File perm="0444">/66/76</File>
    <Query type="disk">/tmp/test-disk-big/66/76</Query>
  </Pair>
  <Pair reval="1d">
    <File perm="0444">/66/77</File>
    <Query type="disk">/tmp/test-disk-big/66/77</Query>
  </Pair>
  <Pair reval="1d">
    <File perm="0444">/66/78</File>
    <Query type="disk">/tmp/test-disk-big/66/78</Query>
  </Pair>
  <Pair reval="1d">
    <File perm="0444">/66/79</File>
    <Query type="disk">/tmp/test-disk-big/66/79</Query>
  </Pair>
  <Pair reval="1d">
    <File perm="0444">/66/8</File>
    <Query type="disk">/tmp/test-disk-big/66/8</Query>
  </Pair>
  <Pair reval="1d">
    <File perm="0444">/66/80</File>
    <Query type="disk">/tmp/test-disk-big/66/80</Query>
  </Pair>
  <Pair reval="1d">
    <File perm="0444">/66/81</File>
    <Query type="disk">/tmp/test-disk-big/66/81</Query>
  </Pair>
  <Pair reval="1d">
    <File perm="0444">/66/82</File>
    <Query type="disk">/tmp/test-disk-big/66/82</Query>
  </Pair>
  <Pair reval="1d">
    <File perm="0444">/66/83</File>
    <Query type="disk">/tmp/test-disk-big/66/83</Query>
  </Pair>
  <Pair reval="1d">
    <File perm="0444">/66/84</File>
    <Query type="disk">/tmp/test-disk-big/66/84</Query>
  </Pair>
  <Pair reval="1d">
    <File perm="0444">/66/85</File>
    <Query type="disk">/tmp/test-disk-big/66/85</Query>
  </Pair>
  <Pair reval="1d">
    <File perm="0444">/66/86</File>
    <Query type="disk">/tmp/test-disk-big/66/86</Query>
  </Pair>
  <Pair reval="1d">
    <File perm="0444">/66/87</File>
    <Query type="disk">/tmp/test-disk-big/66/87</Query>
  </Pair>
  <Pair reval="1d">
    <File perm="0444">/66/88</File>
    <Query type="disk">/tmp/test-disk-big/66/88</Query>
  </Pair>
  <Pair reval="1d">
    <File perm="0444">/66/89</File>
    <Query type="disk">/tmp/test-disk-big/66/89</Query>
  </Pair>
  <Pair reval="1d">
    <File perm="0444">/66/9</File>
    <Query type="disk">/tmp/test-disk-big/66/9</Query>
  </Pair>
  <Pair reval="1d">
    <File perm="0444">/66/90</File>
    <Query type="disk">/tmp/test-disk-big/66/90</Query>
  </Pair>
  <Pair reval="1d">
    <File perm="0444">/66/91</File>
    <Query type="disk">/tmp/test-disk-big/66/91</Query>
  </Pair>
  <Pair reval="1d">
    <File perm="0444">/66/92</File>
    <Query type="disk">/tmp/test-disk-big/66/92</Query>
  </Pair>
  <Pair reval="1d">
    <File perm="0444">/66/93</File>
    <Query type="disk">/tmp/test-disk-big/66/93</Query>
  </Pair>
  <Pair reval="1d">
    <File perm="0444">/66/94</File>
    <Query type="disk">/tmp/test-disk-big/66/94</Query>
  </Pair>
  <Pair reval="1d">
    <File perm="0444">/66/95</File>
    <Query type="disk">/tmp/test-disk-big/66/95</Query>
  </Pair>
  <Pair reval="1d">
    <File perm="0444">/66/96</File>
    <Query type="disk">/tmp/test-disk-big/66/96</Query>
  </Pair>
  <Pair reval="1d">
    <File perm="0444">/66/97</File>
    <Query type="disk">/tmp/test-disk-big/66/97</Query>
  </Pair>
  <Pair reval="1d">
    <File perm="0444">/66/98</File>
    <Query type="disk">/tmp/test-disk-big/66/98</Query>
  </Pair>
  <Pair reval="1d">
    <File perm="0444">/66/99</File>
    <Query type="disk">/tmp/test-disk-big/66/99</Query>
  </Pair>
  <Pair reval="1d">
    <Dir perm="0555">/67</Dir>
    <Query type="disk"></Query>
  </Pair>
  <Pair reval="1d">
    <File perm="0444">/67/1</File>
    <Query type="disk">/tmp/test-disk-big/67/1</Query>
  </Pair>
  <Pair reval="1d">
    <File perm="0444">/67/10</File>
    <Query type="disk">/tmp/test-disk-big/67/10</Query>
  </Pair>
  <Pair reval="1d">
    <File perm="0444">/67/100</File>
    <Query type="disk">/tmp/test-disk-big/67/100</Query>
  </Pair>
  <Pair reval="1d">
    <File perm="0444">/67/11</File>
    <Query type="disk">/tmp/test-disk-big/67/11</Query>
  </Pair>
  <Pair reval="1d">
    <File perm="0444">/67/12</File>
    <Query type="disk">/tmp/test-disk-big/67/12</Query>
  </Pair>
  <Pair reval="1d">
    <File perm="0444">/67/13</File>
    <Query type="disk">/tmp/test-disk-big/67/13</Query>
  </Pair>
  <Pair reval="1d">
    <File perm="0444">/67/14</File>
    <Query type="disk">/tmp/test-disk-big/67/14</Query>
  </Pair>
  <Pair reval="1d">
    <File perm="0444">/67/15</File>
    <Query type="disk">/tmp/test-disk-big/67/15</Query>
  </Pair>
  <Pair reval="1d">
    <File perm="0444">/67/16</File>
    <Query type="disk">/tmp/test-disk-big/67/16</Query>
  </Pair>
  <Pair reval="1d">
    <File perm="0444">/67/17</File>
    <Query type="disk">/tmp/test-disk-big/67/17</Query>
  </Pair>
  <Pair reval="1d">
    <File perm="0444">/67/18</File>
    <Query type="disk">/tmp/test-disk-big/67/18</Query>
  </Pair>
  <Pair reval="1d">
    <File perm="0444">/67/19</File>
    <Query type="disk">/tmp/test-disk-big/67/19</Query>
  </Pair>
  <Pair reval="1d">
    <File perm="0444">/67/2</File>
    <Query type="disk">/tmp/test-disk-big/67/2</Query>
  </Pair>
  <Pair reval="1d">
    <File perm="0444">/67/20</File>
    <Query type="disk">/tmp/test-disk-big/67/20</Query>
  </Pair>
  <Pair reval="1d">
    <File perm="0444">/67/21</File>
    <Query type="disk">/tmp/test-disk-big/67/21</Query>
  </Pair>
  <Pair reval="1d">
    <File perm="0444">/67/22</File>
    <Query type="disk">/tmp/test-disk-big/67/22</Query>
  </Pair>
  <Pair reval="1d">
    <File perm="0444">/67/23</File>
    <Query type="disk">/tmp/test-disk-big/67/23</Query>
  </Pair>
  <Pair reval="1d">
    <File perm="0444">/67/24</File>
    <Query type="disk">/tmp/test-disk-big/67/24</Query>
  </Pair>
  <Pair reval="1d">
    <File perm="0444">/67/25</File>
    <Query type="disk">/tmp/test-disk-big/67/25</Query>
  </Pair>
  <Pair reval="1d">
    <File perm="0444">/67/26</File>
    <Query type="disk">/tmp/test-disk-big/67/26</Query>
  </Pair>
  <Pair reval="1d">
    <File perm="0444">/67/27</File>
    <Query type="disk">/tmp/test-disk-big/67/27</Query>
  </Pair>
  <Pair reval="1d">
    <File perm="0444">/67/28</File>
    <Query type="disk">/tmp/test-disk-big/67/28</Query>
  </Pair>
  <Pair reval="1d">
    <File perm="0444">/67/29</File>
    <Query type="disk">/tmp/test-disk-big/67/29</Query>
  </Pair>
  <Pair reval="1d">
    <File perm="0444">/67/3</File>
    <Query type="disk">/tmp/test-disk-big/67/3</Query>
  </Pair>
  <Pair reval="1d">
    <File perm="0444">/67/30</File>
    <Query type="disk">/tmp/test-disk-big/67/30</Query>
  </Pair>
  <Pair reval="1d">
    <File perm="0444">/67/31</File>
    <Query type="disk">/tmp/test-disk-big/67/31</Query>
  </Pair>
  <Pair reval="1d">
    <File perm="0444">/67/32</File>
    <Query type="disk">/tmp/test-disk-big/67/32</Query>
  </Pair>
  <Pair reval="1d">
    <File perm="0444">/67/33</File>
    <Query type="disk">/tmp/test-disk-big/67/33</Query>
  </Pair>
  <Pair reval="1d">
    <File perm="0444">/67/34</File>
    <Query type="disk">/tmp/test-disk-big/67/34</Query>
  </Pair>
  <Pair reval="1d">
    <File perm="0444">/67/35</File>
    <Query type="disk">/tmp/test-disk-big/67/35</Query>
  </Pair>
  <Pair reval="1d">
    <File perm="0444">/67/36</File>
    <Query type="disk">/tmp/test-disk-big/67/36</Query>
  </Pair>
  <Pair reval="1d">
    <File perm="0444">/67/37</File>
    <Query type="disk">/tmp/test-disk-big/67/37</Query>
  </Pair>
  <Pair reval="1d">
    <File perm="0444">/67/38</File>
    <Query type="disk">/tmp/test-disk-big/67/38</Query>
  </Pair>
  <Pair reval="1d">
    <File perm="0444">/67/39</File>
    <Query type="disk">/tmp/test-disk-big/67/39</Query>
  </Pair>
  <Pair reval="1d">
    <File perm="0444">/67/4</File>
    <Query type="disk">/tmp/test-disk-big/67/4</Query>
  </Pair>
  <Pair reval="1d">
    <File perm="0444">/67/40</File>
    <Query type="disk">/tmp/test-disk-big/67/40</Query>
  </Pair>
  <Pair reval="1d">
    <File perm="0444">/67/41</File>
    <Query type="disk">/tmp/test-disk-big/67/41</Query>
  </Pair>
  <Pair reval="1d">
    <File perm="0444">/67/42</File>
    <Query type="disk">/tmp/test-disk-big/67/42</Query>
  </Pair>
  <Pair reval="1d">
    <File perm="0444">/67/43</File>
    <Query type="disk">/tmp/test-disk-big/67/43</Query>
  </Pair>
  <Pair reval="1d">
    <File perm="0444">/67/44</File>
    <Query type="disk">/tmp/test-disk-big/67/44</Query>
  </Pair>
  <Pair reval="1d">
    <File perm="0444">/67/45</File>
    <Query type="disk">/tmp/test-disk-big/67/45</Query>
  </Pair>
  <Pair reval="1d">
    <File perm="0444">/67/46</File>
    <Query type="disk">/tmp/test-disk-big/67/46</Query>
  </Pair>
  <Pair reval="1d">
    <File perm="0444">/67/47</File>
    <Query type="disk">/tmp/test-disk-big/67/47</Query>
  </Pair>
  <Pair reval="1d">
    <File perm="0444">/67/48</File>
    <Query type="disk">/tmp/test-disk-big/67/48</Query>
  </Pair>
  <Pair reval="1d">
    <File perm="0444">/67/49</File>
    <Query type="disk">/tmp/test-disk-big/67/49</Query>
  </Pair>
  <Pair reval="1d">
    <File perm="0444">/67/5</File>
    <Query type="disk">/tmp/test-disk-big/67/5</Query>
  </Pair>
  <Pair reval="1d">
    <File perm="0444">/67/50</File>
    <Query type="disk">/tmp/test-disk-big/67/50</Query>
  </Pair>
  <Pair reval="1d">
    <File perm="0444">/67/51</File>
    <Query type="disk">/tmp/test-disk-big/67/51</Query>
  </Pair>
  <Pair reval="1d">
    <File perm="0444">/67/52</File>
    <Query type="disk">/tmp/test-disk-big/67/52</Query>
  </Pair>
  <Pair reval="1d">
    <File perm="0444">/67/53</File>
    <Query type="disk">/tmp/test-disk-big/67/53</Query>
  </Pair>
  <Pair reval="1d">
    <File perm="0444">/67/54</File>
    <Query type="disk">/tmp/test-disk-big/67/54</Query>
  </Pair>
  <Pair reval="1d">
    <File perm="0444">/67/55</File>
    <Query type="disk">/tmp/test-disk-big/67/55</Query>
  </Pair>
  <Pair reval="1d">
    <File perm="0444">/67/56</File>
    <Query type="disk">/tmp/test-disk-big/67/56</Query>
  </Pair>
  <Pair reval="1d">
    <File perm="0444">/67/57</File>
    <Query type="disk">/tmp/test-disk-big/67/57</Query>
  </Pair>
  <Pair reval="1d">
    <File perm="0444">/67/58</File>
    <Query type="disk">/tmp/test-disk-big/67/58</Query>
  </Pair>
  <Pair reval="1d">
    <File perm="0444">/67/59</File>
    <Query type="disk">/tmp/test-disk-big/67/59</Query>
  </Pair>
  <Pair reval="1d">
    <File perm="0444">/67/6</File>
    <Query type="disk">/tmp/test-disk-big/67/6</Query>
  </Pair>
  <Pair reval="1d">
    <File perm="0444">/67/60</File>
    <Query type="disk">/tmp/test-disk-big/67/60</Query>
  </Pair>
  <Pair reval="1d">
    <File perm="0444">/67/61</File>
    <Query type="disk">/tmp/test-disk-big/67/61</Query>
  </Pair>
  <Pair reval="1d">
    <File perm="0444">/67/62</File>
    <Query type="disk">/tmp/test-disk-big/67/62</Query>
  </Pair>
  <Pair reval="1d">
    <File perm="0444">/67/63</File>
    <Query type="disk">/tmp/test-disk-big/67/63</Query>
  </Pair>
  <Pair reval="1d">
    <File perm="0444">/67/64</File>
    <Query type="disk">/tmp/test-disk-big/67/64</Query>
  </Pair>
  <Pair reval="1d">
    <File perm="0444">/67/65</File>
    <Query type="disk">/tmp/test-disk-big/67/65</Query>
  </Pair>
  <Pair reval="1d">
    <File perm="0444">/67/66</File>
    <Query type="disk">/tmp/test-disk-big/67/66</Query>
  </Pair>
  <Pair reval="1d">
    <File perm="0444">/67/67</File>
    <Query type="disk">/tmp/test-disk-big/67/67</Query>
  </Pair>
  <Pair reval="1d">
    <File perm="0444">/67/68</File>
    <Query type="disk">/tmp/test-disk-big/67/68</Query>
  </Pair>
  <Pair reval="1d">
    <File perm="0444">/67/69</File>
    <Query type="disk">/tmp/test-disk-big/67/69</Query>
  </Pair>
  <Pair reval="1d">
    <File perm="0444">/67/7</File>
    <Query type="disk">/tmp/test-disk-big/67/7</Query>
  </Pair>
  <Pair reval="1d">
    <File perm="0444">/67/70</File>
    <Query type="disk">/tmp/test-disk-big/67/70</Query>
  </Pair>
  <Pair reval="1d">
    <File perm="0444">/67/71</File>
    <Query type="disk">/tmp/test-disk-big/67/71</Query>
  </Pair>
  <Pair reval="1d">
    <File perm="0444">/67/72</File>
    <Query type="disk">/tmp/test-disk-big/67/72</Query>
  </Pair>
  <Pair reval="1d">
    <File perm="0444">/67/73</File>
    <Query type="disk">/tmp/test-disk-big/67/73</Query>
  </Pair>
  <Pair reval="1d">
    <File perm="0444">/67/74</File>
    <Query type="disk">/tmp/test-disk-big/67/74</Query>
  </Pair>
  <Pair reval="1d">
    <File perm="0444">/67/75</File>
    <Query type="disk">/tmp/test-disk-big/67/75</Query>
  </Pair>
  <Pair reval="1d">
    <File perm="0444">/67/76</File>
    <Query type="disk">/tmp/test-disk-big/67/76</Query>
  </Pair>
  <Pair reval="1d">
    <File perm="0444">/67/77</File>
    <Query type="disk">/tmp/test-disk-big/67/77</Query>
  </Pair>
  <Pair reval="1d">
    <File perm="0444">/67/78</File>
    <Query type="disk">/tmp/test-disk-big/67/78</Query>
  </Pair>
  <Pair reval="1d">
    <File perm="0444">/67/79</File>
    <Query type="disk">/tmp/test-disk-big/67/79</Query>
  </Pair>
  <Pair reval="1d">
    <File perm="0444">/67/8</File>
    <Query type="disk">/tmp/test-disk-big/67/8</Query>
  </Pair>
  <Pair reval="1d">
    <File perm="0444">/67/80</File>
    <Query type="disk">/tmp/test-disk-big/67/80</Query>
  </Pair>
  <Pair reval="1d">
    <File perm="0444">/67/81</File>
    <Query type="disk">/tmp/test-disk-big/67/81</Query>
  </Pair>
  <Pair reval="1d">
    <File perm="0444">/67/82</File>
    <Query type="disk">/tmp/test-disk-big/67/82</Query>
  </Pair>
  <Pair reval="1d">
    <File perm="0444">/67/83</File>
    <Query type="disk">/tmp/test-disk-big/67/83</Query>
  </Pair>
  <Pair reval="1d">
    <File perm="0444">/67/84</File>
    <Query type="disk">/tmp/test-disk-big/67/84</Query>
  </Pair>
  <Pair reval="1d">
    <File perm="0444">/67/85</File>
    <Query type="disk">/tmp/test-disk-big/67/85</Query>
  </Pair>
  <Pair reval="1d">
    <File perm="0444">/67/86</File>
    <Query type="disk">/tmp/test-disk-big/67/86</Query>
  </Pair>
  <Pair reval="1d">
    <File perm="0444">/67/87</File>
    <Query type="disk">/tmp/test-disk-big/67/87</Query>
  </Pair>
  <Pair reval="1d">
    <File perm="0444">/67/88</File>
    <Query type="disk">/tmp/test-disk-big/67/88</Query>
  </Pair>
  <Pair reval="1d">
    <File perm="0444">/67/89</File>
    <Query type="disk">/tmp/test-disk-big/67/89</Query>
  </Pair>
  <Pair reval="1d">
    <File perm="0444">/67/9</File>
    <Query type="disk">/tmp/test-disk-big/67/9</Query>
  </Pair>
  <Pair reval="1d">
    <File perm="0444">/67/90</File>
    <Query type="disk">/tmp/test-disk-big/67/90</Query>
  </Pair>
  <Pair reval="1d">
    <File perm="0444">/67/91</File>
    <Query type="disk">/tmp/test-disk-big/67/91</Query>
  </Pair>
  <Pair reval="1d">
    <File perm="0444">/67/92</File>
    <Query type="disk">/tmp/test-disk-big/67/92</Query>
  </Pair>
  <Pair reval="1d">
    <File perm="0444">/67/93</File>
    <Query type="disk">/tmp/test-disk-big/67/93</Query>
  </Pair>
  <Pair reval="1d">
    <File perm="0444">/67/94</File>
    <Query type="disk">/tmp/test-disk-big/67/94</Query>
  </Pair>
  <Pair reval="1d">
    <File perm="0444">/67/95</File>
    <Query type="disk">/tmp/test-disk-big/67/95</Query>
  </Pair>
  <Pair reval="1d">
    <File perm="0444">/67/96</File>
    <Query type="disk">/tmp/test-disk-big/67/96</Query>
  </Pair>
  <Pair reval="1d">
    <File perm="0444">/67/97</File>
    <Query type="disk">/tmp/test-disk-big/67/97</Query>
  </Pair>
  <Pair reval="1d">
    <File perm="0444">/67/98</File>
    <Query type="disk">/tmp/test-disk-big/67/98</Query>
  </Pair>
  <Pair reval="1d">
    <File perm="0444">/67/99</File>
    <Query type="disk">/tmp/test-disk-big/67/99</Query>
  </Pair>
  <Pair reval="1d">
    <Dir perm="0555">/68</Dir>
    <Query type="disk"></Query>
  </Pair>
  <Pair reval="1d">
    <File perm="0444">/68/1</File>
    <Query type="disk">/tmp/test-disk-big/68/1</Query>
  </Pair>
  <Pair reval="1d">
    <File perm="0444">/68/10</File>
    <Query type="disk">/tmp/test-disk-big/68/10</Query>
  </Pair>
  <Pair reval="1d">
    <File perm="0444">/68/100</File>
    <Query type="disk">/tmp/test-disk-big/68/100</Query>
  </Pair>
  <Pair reval="1d">
    <File perm="0444">/68/11</File>
    <Query type="disk">/tmp/test-disk-big/68/11</Query>
  </Pair>
  <Pair reval="1d">
    <File perm="0444">/68/12</File>
    <Query type="disk">/tmp/test-disk-big/68/12</Query>
  </Pair>
  <Pair reval="1d">
    <File perm="0444">/68/13</File>
    <Query type="disk">/tmp/test-disk-big/68/13</Query>
  </Pair>
  <Pair reval="1d">
    <File perm="0444">/68/14</File>
    <Query type="disk">/tmp/test-disk-big/68/14</Query>
  </Pair>
  <Pair reval="1d">
    <File perm="0444">/68/15</File>
    <Query type="disk">/tmp/test-disk-big/68/15</Query>
  </Pair>
  <Pair reval="1d">
    <File perm="0444">/68/16</File>
    <Query type="disk">/tmp/test-disk-big/68/16</Query>
  </Pair>
  <Pair reval="1d">
    <File perm="0444">/68/17</File>
    <Query type="disk">/tmp/test-disk-big/68/17</Query>
  </Pair>
  <Pair reval="1d">
    <File perm="0444">/68/18</File>
    <Query type="disk">/tmp/test-disk-big/68/18</Query>
  </Pair>
  <Pair reval="1d">
    <File perm="0444">/68/19</File>
    <Query type="disk">/tmp/test-disk-big/68/19</Query>
  </Pair>
  <Pair reval="1d">
    <File perm="0444">/68/2</File>
    <Query type="disk">/tmp/test-disk-big/68/2</Query>
  </Pair>
  <Pair reval="1d">
    <File perm="0444">/68/20</File>
    <Query type="disk">/tmp/test-disk-big/68/20</Query>
  </Pair>
  <Pair reval="1d">
    <File perm="0444">/68/21</File>
    <Query type="disk">/tmp/test-disk-big/68/21</Query>
  </Pair>
  <Pair reval="1d">
    <File perm="0444">/68/22</File>
    <Query type="disk">/tmp/test-disk-big/68/22</Query>
  </Pair>
  <Pair reval="1d">
    <File perm="0444">/68/23</File>
    <Query type="disk">/tmp/test-disk-big/68/23</Query>
  </Pair>
  <Pair reval="1d">
    <File perm="0444">/68/24</File>
    <Query type="disk">/tmp/test-disk-big/68/24</Query>
  </Pair>
  <Pair reval="1d">
    <File perm="0444">/68/25</File>
    <Query type="disk">/tmp/test-disk-big/68/25</Query>
  </Pair>
  <Pair reval="1d">
    <File perm="0444">/68/26</File>
    <Query type="disk">/tmp/test-disk-big/68/26</Query>
  </Pair>
  <Pair reval="1d">
    <File perm="0444">/68/27</File>
    <Query type="disk">/tmp/test-disk-big/68/27</Query>
  </Pair>
  <Pair reval="1d">
    <File perm="0444">/68/28</File>
    <Query type="disk">/tmp/test-disk-big/68/28</Query>
  </Pair>
  <Pair reval="1d">
    <File perm="0444">/68/29</File>
    <Query type="disk">/tmp/test-disk-big/68/29</Query>
  </Pair>
  <Pair reval="1d">
    <File perm="0444">/68/3</File>
    <Query type="disk">/tmp/test-disk-big/68/3</Query>
  </Pair>
  <Pair reval="1d">
    <File perm="0444">/68/30</File>
    <Query type="disk">/tmp/test-disk-big/68/30</Query>
  </Pair>
  <Pair reval="1d">
    <File perm="0444">/68/31</File>
    <Query type="disk">/tmp/test-disk-big/68/31</Query>
  </Pair>
  <Pair reval="1d">
    <File perm="0444">/68/32</File>
    <Query type="disk">/tmp/test-disk-big/68/32</Query>
  </Pair>
  <Pair reval="1d">
    <File perm="0444">/68/33</File>
    <Query type="disk">/tmp/test-disk-big/68/33</Query>
  </Pair>
  <Pair reval="1d">
    <File perm="0444">/68/34</File>
    <Query type="disk">/tmp/test-disk-big/68/34</Query>
  </Pair>
  <Pair reval="1d">
    <File perm="0444">/68/35</File>
    <Query type="disk">/tmp/test-disk-big/68/35</Query>
  </Pair>
  <Pair reval="1d">
    <File perm="0444">/68/36</File>
    <Query type="disk">/tmp/test-disk-big/68/36</Query>
  </Pair>
  <Pair reval="1d">
    <File perm="0444">/68/37</File>
    <Query type="disk">/tmp/test-disk-big/68/37</Query>
  </Pair>
  <Pair reval="1d">
    <File perm="0444">/68/38</File>
    <Query type="disk">/tmp/test-disk-big/68/38</Query>
  </Pair>
  <Pair reval="1d">
    <File perm="0444">/68/39</File>
    <Query type="disk">/tmp/test-disk-big/68/39</Query>
  </Pair>
  <Pair reval="1d">
    <File perm="0444">/68/4</File>
    <Query type="disk">/tmp/test-disk-big/68/4</Query>
  </Pair>
  <Pair reval="1d">
    <File perm="0444">/68/40</File>
    <Query type="disk">/tmp/test-disk-big/68/40</Query>
  </Pair>
  <Pair reval="1d">
    <File perm="0444">/68/41</File>
    <Query type="disk">/tmp/test-disk-big/68/41</Query>
  </Pair>
  <Pair reval="1d">
    <File perm="0444">/68/42</File>
    <Query type="disk">/tmp/test-disk-big/68/42</Query>
  </Pair>
  <Pair reval="1d">
    <File perm="0444">/68/43</File>
    <Query type="disk">/tmp/test-disk-big/68/43</Query>
  </Pair>
  <Pair reval="1d">
    <File perm="0444">/68/44</File>
    <Query type="disk">/tmp/test-disk-big/68/44</Query>
  </Pair>
  <Pair reval="1d">
    <File perm="0444">/68/45</File>
    <Query type="disk">/tmp/test-disk-big/68/45</Query>
  </Pair>
  <Pair reval="1d">
    <File perm="0444">/68/46</File>
    <Query type="disk">/tmp/test-disk-big/68/46</Query>
  </Pair>
  <Pair reval="1d">
    <File perm="0444">/68/47</File>
    <Query type="disk">/tmp/test-disk-big/68/47</Query>
  </Pair>
  <Pair reval="1d">
    <File perm="0444">/68/48</File>
    <Query type="disk">/tmp/test-disk-big/68/48</Query>
  </Pair>
  <Pair reval="1d">
    <File perm="0444">/68/49</File>
    <Query type="disk">/tmp/test-disk-big/68/49</Query>
  </Pair>
  <Pair reval="1d">
    <File perm="0444">/68/5</File>
    <Query type="disk">/tmp/test-disk-big/68/5</Query>
  </Pair>
  <Pair reval="1d">
    <File perm="0444">/68/50</File>
    <Query type="disk">/tmp/test-disk-big/68/50</Query>
  </Pair>
  <Pair reval="1d">
    <File perm="0444">/68/51</File>
    <Query type="disk">/tmp/test-disk-big/68/51</Query>
  </Pair>
  <Pair reval="1d">
    <File perm="0444">/68/52</File>
    <Query type="disk">/tmp/test-disk-big/68/52</Query>
  </Pair>
  <Pair reval="1d">
    <File perm="0444">/68/53</File>
    <Query type="disk">/tmp/test-disk-big/68/53</Query>
  </Pair>
  <Pair reval="1d">
    <File perm="0444">/68/54</File>
    <Query type="disk">/tmp/test-disk-big/68/54</Query>
  </Pair>
  <Pair reval="1d">
    <File perm="0444">/68/55</File>
    <Query type="disk">/tmp/test-disk-big/68/55</Query>
  </Pair>
  <Pair reval="1d">
    <File perm="0444">/68/56</File>
    <Query type="disk">/tmp/test-disk-big/68/56</Query>
  </Pair>
  <Pair reval="1d">
    <File perm="0444">/68/57</File>
    <Query type="disk">/tmp/test-disk-big/68/57</Query>
  </Pair>
  <Pair reval="1d">
    <File perm="0444">/68/58</File>
    <Query type="disk">/tmp/test-disk-big/68/58</Query>
  </Pair>
  <Pair reval="1d">
    <File perm="0444">/68/59</File>
    <Query type="disk">/tmp/test-disk-big/68/59</Query>
  </Pair>
  <Pair reval="1d">
    <File perm="0444">/68/6</File>
    <Query type="disk">/tmp/test-disk-big/68/6</Query>
  </Pair>
  <Pair reval="1d">
    <File perm="0444">/68/60</File>
    <Query type="disk">/tmp/test-disk-big/68/60</Query>
  </Pair>
  <Pair reval="1d">
    <File perm="0444">/68/61</File>
    <Query type="disk">/tmp/test-disk-big/68/61</Query>
  </Pair>
  <Pair reval="1d">
    <File perm="0444">/68/62</File>
    <Query type="disk">/tmp/test-disk-big/68/62</Query>
  </Pair>
  <Pair reval="1d">
    <File perm="0444">/68/63</File>
    <Query type="disk">/tmp/test-disk-big/68/63</Query>
  </Pair>
  <Pair reval="1d">
    <File perm="0444">/68/64</File>
    <Query type="disk">/tmp/test-disk-big/68/64</Query>
  </Pair>
  <Pair reval="1d">
    <File perm="0444">/68/65</File>
    <Query type="disk">/tmp/test-disk-big/68/65</Query>
  </Pair>
  <Pair reval="1d">
    <File perm="0444">/68/66</File>
    <Query type="disk">/tmp/test-disk-big/68/66</Query>
  </Pair>
  <Pair reval="1d">
    <File perm="0444">/68/67</File>
    <Query type="disk">/tmp/test-disk-big/68/67</Query>
  </Pair>
  <Pair reval="1d">
    <File perm="0444">/68/68</File>
    <Query type="disk">/tmp/test-disk-big/68/68</Query>
  </Pair>
  <Pair reval="1d">
    <File perm="0444">/68/69</File>
    <Query type="disk">/tmp/test-disk-big/68/69</Query>
  </Pair>
  <Pair reval="1d">
    <File perm="0444">/68/7</File>
    <Query type="disk">/tmp/test-disk-big/68/7</Query>
  </Pair>
  <Pair reval="1d">
    <File perm="0444">/68/70</File>
    <Query type="disk">/tmp/test-disk-big/68/70</Query>
  </Pair>
  <Pair reval="1d">
    <File perm="0444">/68/71</File>
    <Query type="disk">/tmp/test-disk-big/68/71</Query>
  </Pair>
  <Pair reval="1d">
    <File perm="0444">/68/72</File>
    <Query type="disk">/tmp/test-disk-big/68/72</Query>
  </Pair>
  <Pair reval="1d">
    <File perm="0444">/68/73</File>
    <Query type="disk">/tmp/test-disk-big/68/73</Query>
  </Pair>
  <Pair reval="1d">
    <File perm="0444">/68/74</File>
    <Query type="disk">/tmp/test-disk-big/68/74</Query>
  </Pair>
  <Pair reval="1d">
    <File perm="0444">/68/75</File>
    <Query type="disk">/tmp/test-disk-big/68/75</Query>
  </Pair>
  <Pair reval="1d">
    <File perm="0444">/68/76</File>
    <Query type="disk">/tmp/test-disk-big/68/76</Query>
  </Pair>
  <Pair reval="1d">
    <File perm="0444">/68/77</File>
    <Query type="disk">/tmp/test-disk-big/68/77</Query>
  </Pair>
  <Pair reval="1d">
    <File perm="0444">/68/78</File>
    <Query type="disk">/tmp/test-disk-big/68/78</Query>
  </Pair>
  <Pair reval="1d">
    <File perm="0444">/68/79</File>
    <Query type="disk">/tmp/test-disk-big/68/79</Query>
  </Pair>
  <Pair reval="1d">
    <File perm="0444">/68/8</File>
    <Query type="disk">/tmp/test-disk-big/68/8</Query>
  </Pair>
  <Pair reval="1d">
    <File perm="0444">/68/80</File>
    <Query type="disk">/tmp/test-disk-big/68/80</Query>
  </Pair>
  <Pair reval="1d">
    <File perm="0444">/68/81</File>
    <Query type="disk">/tmp/test-disk-big/68/81</Query>
  </Pair>
  <Pair reval="1d">
    <File perm="0444">/68/82</File>
    <Query type="disk">/tmp/test-disk-big/68/82</Query>
  </Pair>
  <Pair reval="1d">
    <File perm="0444">/68/83</File>
    <Query type="disk">/tmp/test-disk-big/68/83</Query>
  </Pair>
  <Pair reval="1d">
    <File perm="0444">/68/84</File>
    <Query type="disk">/tmp/test-disk-big/68/84</Query>
  </Pair>
  <Pair reval="1d">
    <File perm="0444">/68/85</File>
    <Query type="disk">/tmp/test-disk-big/68/85</Query>
  </Pair>
  <Pair reval="1d">
    <File perm="0444">/68/86</File>
    <Query type="disk">/tmp/test-disk-big/68/86</Query>
  </Pair>
  <Pair reval="1d">
    <File perm="0444">/68/87</File>
    <Query type="disk">/tmp/test-disk-big/68/87</Query>
  </Pair>
  <Pair reval="1d">
    <File perm="0444">/68/88</File>
    <Query type="disk">/tmp/test-disk-big/68/88</Query>
  </Pair>
  <Pair reval="1d">
    <File perm="0444">/68/89</File>
    <Query type="disk">/tmp/test-disk-big/68/89</Query>
  </Pair>
  <Pair reval="1d">
    <File perm="0444">/68/9</File>
    <Query type="disk">/tmp/test-disk-big/68/9</Query>
  </Pair>
  <Pair reval="1d">
    <File perm="0444">/68/90</File>
    <Query type="disk">/tmp/test-disk-big/68/90</Query>
  </Pair>
  <Pair reval="1d">
    <File perm="0444">/68/91</File>
    <Query type="disk">/tmp/test-disk-big/68/91</Query>
  </Pair>
  <Pair reval="1d">
    <File perm="0444">/68/92</File>
    <Query type="disk">/tmp/test-disk-big/68/92</Query>
  </Pair>
  <Pair reval="1d">
    <File perm="0444">/68/93</File>
    <Query type="disk">/tmp/test-disk-big/68/93</Query>
  </Pair>
  <Pair reval="1d">
    <File perm="0444">/68/94</File>
    <Query type="disk">/tmp/test-disk-big/68/94</Query>
  </Pair>
  <Pair reval="1d">
    <File perm="0444">/68/95</File>
    <Query type="disk">/tmp/test-disk-big/68/95</Query>
  </Pair>
  <Pair reval="1d">
    <File perm="0444">/68/96</File>
    <Query type="disk">/tmp/test-disk-big/68/96</Query>
  </Pair>
  <Pair reval="1d">
    <File perm="0444">/68/97</File>
    <Query type="disk">/tmp/test-disk-big/68/97</Query>
  </Pair>
  <Pair reval="1d">
    <File perm="0444">/68/98</File>
    <Query type="disk">/tmp/test-disk-big/68/98</Query>
  </Pair>
  <Pair reval="1d">
    <File perm="0444">/68/99</File>
    <Query type="disk">/tmp/test-disk-big/68/99</Query>
  </Pair>
  <Pair reval="1d">
    <Dir perm="0555">/69</Dir>
    <Query type="disk"></Query>
  </Pair>
  <Pair reval="1d">
    <File perm="0444">/69/1</File>
    <Query type="disk">/tmp/test-disk-big/69/1</Query>
  </Pair>
  <Pair reval="1d">
    <File perm="0444">/69/10</File>
    <Query type="disk">/tmp/test-disk-big/69/10</Query>
  </Pair>
  <Pair reval="1d">
    <File perm="0444">/69/100</File>
    <Query type="disk">/tmp/test-disk-big/69/100</Query>
  </Pair>
  <Pair reval="1d">
    <File perm="0444">/69/11</File>
    <Query type="disk">/tmp/test-disk-big/69/11</Query>
  </Pair>
  <Pair reval="1d">
    <File perm="0444">/69/12</File>
    <Query type="disk">/tmp/test-disk-big/69/12</Query>
  </Pair>
  <Pair reval="1d">
    <File perm="0444">/69/13</File>
    <Query type="disk">/tmp/test-disk-big/69/13</Query>
  </Pair>
  <Pair reval="1d">
    <File perm="0444">/69/14</File>
    <Query type="disk">/tmp/test-disk-big/69/14</Query>
  </Pair>
  <Pair reval="1d">
    <File perm="0444">/69/15</File>
    <Query type="disk">/tmp/test-disk-big/69/15</Query>
  </Pair>
  <Pair reval="1d">
    <File perm="0444">/69/16</File>
    <Query type="disk">/tmp/test-disk-big/69/16</Query>
  </Pair>
  <Pair reval="1d">
    <File perm="0444">/69/17</File>
    <Query type="disk">/tmp/test-disk-big/69/17</Query>
  </Pair>
  <Pair reval="1d">
    <File perm="0444">/69/18</File>
    <Query type="disk">/tmp/test-disk-big/69/18</Query>
  </Pair>
  <Pair reval="1d">
    <File perm="0444">/69/19</File>
    <Query type="disk">/tmp/test-disk-big/69/19</Query>
  </Pair>
  <Pair reval="1d">
    <File perm="0444">/69/2</File>
    <Query type="disk">/tmp/test-disk-big/69/2</Query>
  </Pair>
  <Pair reval="1d">
    <File perm="0444">/69/20</File>
    <Query type="disk">/tmp/test-disk-big/69/20</Query>
  </Pair>
  <Pair reval="1d">
    <File perm="0444">/69/21</File>
    <Query type="disk">/tmp/test-disk-big/69/21</Query>
  </Pair>
  <Pair reval="1d">
    <File perm="0444">/69/22</File>
    <Query type="disk">/tmp/test-disk-big/69/22</Query>
  </Pair>
  <Pair reval="1d">
    <File perm="0444">/69/23</File>
    <Query type="disk">/tmp/test-disk-big/69/23</Query>
  </Pair>
  <Pair reval="1d">
    <File perm="0444">/69/24</File>
    <Query type="disk">/tmp/test-disk-big/69/24</Query>
  </Pair>
  <Pair reval="1d">
    <File perm="0444">/69/25</File>
    <Query type="disk">/tmp/test-disk-big/69/25</Query>
  </Pair>
  <Pair reval="1d">
    <File perm="0444">/69/26</File>
    <Query type="disk">/tmp/test-disk-big/69/26</Query>
  </Pair>
  <Pair reval="1d">
    <File perm="0444">/69/27</File>
    <Query type="disk">/tmp/test-disk-big/69/27</Query>
  </Pair>
  <Pair reval="1d">
    <File perm="0444">/69/28</File>
    <Query type="disk">/tmp/test-disk-big/69/28</Query>
  </Pair>
  <Pair reval="1d">
    <File perm="0444">/69/29</File>
    <Query type="disk">/tmp/test-disk-big/69/29</Query>
  </Pair>
  <Pair reval="1d">
    <File perm="0444">/69/3</File>
    <Query type="disk">/tmp/test-disk-big/69/3</Query>
  </Pair>
  <Pair reval="1d">
    <File perm="0444">/69/30</File>
    <Query type="disk">/tmp/test-disk-big/69/30</Query>
  </Pair>
  <Pair reval="1d">
    <File perm="0444">/69/31</File>
    <Query type="disk">/tmp/test-disk-big/69/31</Query>
  </Pair>
  <Pair reval="1d">
    <File perm="0444">/69/32</File>
    <Query type="disk">/tmp/test-disk-big/69/32</Query>
  </Pair>
  <Pair reval="1d">
    <File perm="0444">/69/33</File>
    <Query type="disk">/tmp/test-disk-big/69/33</Query>
  </Pair>
  <Pair reval="1d">
    <File perm="0444">/69/34</File>
    <Query type="disk">/tmp/test-disk-big/69/34</Query>
  </Pair>
  <Pair reval="1d">
    <File perm="0444">/69/35</File>
    <Query type="disk">/tmp/test-disk-big/69/35</Query>
  </Pair>
  <Pair reval="1d">
    <File perm="0444">/69/36</File>
    <Query type="disk">/tmp/test-disk-big/69/36</Query>
  </Pair>
  <Pair reval="1d">
    <File perm="0444">/69/37</File>
    <Query type="disk">/tmp/test-disk-big/69/37</Query>
  </Pair>
  <Pair reval="1d">
    <File perm="0444">/69/38</File>
    <Query type="disk">/tmp/test-disk-big/69/38</Query>
  </Pair>
  <Pair reval="1d">
    <File perm="0444">/69/39</File>
    <Query type="disk">/tmp/test-disk-big/69/39</Query>
  </Pair>
  <Pair reval="1d">
    <File perm="0444">/69/4</File>
    <Query type="disk">/tmp/test-disk-big/69/4</Query>
  </Pair>
  <Pair reval="1d">
    <File perm="0444">/69/40</File>
    <Query type="disk">/tmp/test-disk-big/69/40</Query>
  </Pair>
  <Pair reval="1d">
    <File perm="0444">/69/41</File>
    <Query type="disk">/tmp/test-disk-big/69/41</Query>
  </Pair>
  <Pair reval="1d">
    <File perm="0444">/69/42</File>
    <Query type="disk">/tmp/test-disk-big/69/42</Query>
  </Pair>
  <Pair reval="1d">
    <File perm="0444">/69/43</File>
    <Query type="disk">/tmp/test-disk-big/69/43</Query>
  </Pair>
  <Pair reval="1d">
    <File perm="0444">/69/44</File>
    <Query type="disk">/tmp/test-disk-big/69/44</Query>
  </Pair>
  <Pair reval="1d">
    <File perm="0444">/69/45</File>
    <Query type="disk">/tmp/test-disk-big/69/45</Query>
  </Pair>
  <Pair reval="1d">
    <File perm="0444">/69/46</File>
    <Query type="disk">/tmp/test-disk-big/69/46</Query>
  </Pair>
  <Pair reval="1d">
    <File perm="0444">/69/47</File>
    <Query type="disk">/tmp/test-disk-big/69/47</Query>
  </Pair>
  <Pair reval="1d">
    <File perm="0444">/69/48</File>
    <Query type="disk">/tmp/test-disk-big/69/48</Query>
  </Pair>
  <Pair reval="1d">
    <File perm="0444">/69/49</File>
    <Query type="disk">/tmp/test-disk-big/69/49</Query>
  </Pair>
  <Pair reval="1d">
    <File perm="0444">/69/5</File>
    <Query type="disk">/tmp/test-disk-big/69/5</Query>
  </Pair>
  <Pair reval="1d">
    <File perm="0444">/69/50</File>
    <Query type="disk">/tmp/test-disk-big/69/50</Query>
  </Pair>
  <Pair reval="1d">
    <File perm="0444">/69/51</File>
    <Query type="disk">/tmp/test-disk-big/69/51</Query>
  </Pair>
  <Pair reval="1d">
    <File perm="0444">/69/52</File>
    <Query type="disk">/tmp/test-disk-big/69/52</Query>
  </Pair>
  <Pair reval="1d">
    <File perm="0444">/69/53</File>
    <Query type="disk">/tmp/test-disk-big/69/53</Query>
  </Pair>
  <Pair reval="1d">
    <File perm="0444">/69/54</File>
    <Query type="disk">/tmp/test-disk-big/69/54</Query>
  </Pair>
  <Pair reval="1d">
    <File perm="0444">/69/55</File>
    <Query type="disk">/tmp/test-disk-big/69/55</Query>
  </Pair>
  <Pair reval="1d">
    <File perm="0444">/69/56</File>
    <Query type="disk">/tmp/test-disk-big/69/56</Query>
  </Pair>
  <Pair reval="1d">
    <File perm="0444">/69/57</File>
    <Query type="disk">/tmp/test-disk-big/69/57</Query>
  </Pair>
  <Pair reval="1d">
    <File perm="0444">/69/58</File>
    <Query type="disk">/tmp/test-disk-big/69/58</Query>
  </Pair>
  <Pair reval="1d">
    <File perm="0444">/69/59</File>
    <Query type="disk">/tmp/test-disk-big/69/59</Query>
  </Pair>
  <Pair reval="1d">
    <File perm="0444">/69/6</File>
    <Query type="disk">/tmp/test-disk-big/69/6</Query>
  </Pair>
  <Pair reval="1d">
    <File perm="0444">/69/60</File>
    <Query type="disk">/tmp/test-disk-big/69/60</Query>
  </Pair>
  <Pair reval="1d">
    <File perm="0444">/69/61</File>
    <Query type="disk">/tmp/test-disk-big/69/61</Query>
  </Pair>
  <Pair reval="1d">
    <File perm="0444">/69/62</File>
    <Query type="disk">/tmp/test-disk-big/69/62</Query>
  </Pair>
  <Pair reval="1d">
    <File perm="0444">/69/63</File>
    <Query type="disk">/tmp/test-disk-big/69/63</Query>
  </Pair>
  <Pair reval="1d">
    <File perm="0444">/69/64</File>
    <Query type="disk">/tmp/test-disk-big/69/64</Query>
  </Pair>
  <Pair reval="1d">
    <File perm="0444">/69/65</File>
    <Query type="disk">/tmp/test-disk-big/69/65</Query>
  </Pair>
  <Pair reval="1d">
    <File perm="0444">/69/66</File>
    <Query type="disk">/tmp/test-disk-big/69/66</Query>
  </Pair>
  <Pair reval="1d">
    <File perm="0444">/69/67</File>
    <Query type="disk">/tmp/test-disk-big/69/67</Query>
  </Pair>
  <Pair reval="1d">
    <File perm="0444">/69/68</File>
    <Query type="disk">/tmp/test-disk-big/69/68</Query>
  </Pair>
  <Pair reval="1d">
    <File perm="0444">/69/69</File>
    <Query type="disk">/tmp/test-disk-big/69/69</Query>
  </Pair>
  <Pair reval="1d">
    <File perm="0444">/69/7</File>
    <Query type="disk">/tmp/test-disk-big/69/7</Query>
  </Pair>
  <Pair reval="1d">
    <File perm="0444">/69/70</File>
    <Query type="disk">/tmp/test-disk-big/69/70</Query>
  </Pair>
  <Pair reval="1d">
    <File perm="0444">/69/71</File>
    <Query type="disk">/tmp/test-disk-big/69/71</Query>
  </Pair>
  <Pair reval="1d">
    <File perm="0444">/69/72</File>
    <Query type="disk">/tmp/test-disk-big/69/72</Query>
  </Pair>
  <Pair reval="1d">
    <File perm="0444">/69/73</File>
    <Query type="disk">/tmp/test-disk-big/69/73</Query>
  </Pair>
  <Pair reval="1d">
    <File perm="0444">/69/74</File>
    <Query type="disk">/tmp/test-disk-big/69/74</Query>
  </Pair>
  <Pair reval="1d">
    <File perm="0444">/69/75</File>
    <Query type="disk">/tmp/test-disk-big/69/75</Query>
  </Pair>
  <Pair reval="1d">
    <File perm="0444">/69/76</File>
    <Query type="disk">/tmp/test-disk-big/69/76</Query>
  </Pair>
  <Pair reval="1d">
    <File perm="0444">/69/77</File>
    <Query type="disk">/tmp/test-disk-big/69/77</Query>
  </Pair>
  <Pair reval="1d">
    <File perm="0444">/69/78</File>
    <Query type="disk">/tmp/test-disk-big/69/78</Query>
  </Pair>
  <Pair reval="1d">
    <File perm="0444">/69/79</File>
    <Query type="disk">/tmp/test-disk-big/69/79</Query>
  </Pair>
  <Pair reval="1d">
    <File perm="0444">/69/8</File>
    <Query type="disk">/tmp/test-disk-big/69/8</Query>
  </Pair>
  <Pair reval="1d">
    <File perm="0444">/69/80</File>
    <Query type="disk">/tmp/test-disk-big/69/80</Query>
  </Pair>
  <Pair reval="1d">
    <File perm="0444">/69/81</File>
    <Query type="disk">/tmp/test-disk-big/69/81</Query>
  </Pair>
  <Pair reval="1d">
    <File perm="0444">/69/82</File>
    <Query type="disk">/tmp/test-disk-big/69/82</Query>
  </Pair>
  <Pair reval="1d">
    <File perm="0444">/69/83</File>
    <Query type="disk">/tmp/test-disk-big/69/83</Query>
  </Pair>
  <Pair reval="1d">
    <File perm="0444">/69/84</File>
    <Query type="disk">/tmp/test-disk-big/69/84</Query>
  </Pair>
  <Pair reval="1d">
    <File perm="0444">/69/85</File>
    <Query type="disk">/tmp/test-disk-big/69/85</Query>
  </Pair>
  <Pair reval="1d">
    <File perm="0444">/69/86</File>
    <Query type="disk">/tmp/test-disk-big/69/86</Query>
  </Pair>
  <Pair reval="1d">
    <File perm="0444">/69/87</File>
    <Query type="disk">/tmp/test-disk-big/69/87</Query>
  </Pair>
  <Pair reval="1d">
    <File perm="0444">/69/88</File>
    <Query type="disk">/tmp/test-disk-big/69/88</Query>
  </Pair>
  <Pair reval="1d">
    <File perm="0444">/69/89</File>
    <Query type="disk">/tmp/test-disk-big/69/89</Query>
  </Pair>
  <Pair reval="1d">
    <File perm="0444">/69/9</File>
    <Query type="disk">/tmp/test-disk-big/69/9</Query>
  </Pair>
  <Pair reval="1d">
    <File perm="0444">/69/90</File>
    <Query type="disk">/tmp/test-disk-big/69/90</Query>
  </Pair>
  <Pair reval="1d">
    <File perm="0444">/69/91</File>
    <Query type="disk">/tmp/test-disk-big/69/91</Query>
  </Pair>
  <Pair reval="1d">
    <File perm="0444">/69/92</File>
    <Query type="disk">/tmp/test-disk-big/69/92</Query>
  </Pair>
  <Pair reval="1d">
    <File perm="0444">/69/93</File>
    <Query type="disk">/tmp/test-disk-big/69/93</Query>
  </Pair>
  <Pair reval="1d">
    <File perm="0444">/69/94</File>
    <Query type="disk">/tmp/test-disk-big/69/94</Query>
  </Pair>
  <Pair reval="1d">
    <File perm="0444">/69/95</File>
    <Query type="disk">/tmp/test-disk-big/69/95</Query>
  </Pair>
  <Pair reval="1d">
    <File perm="0444">/69/96</File>
    <Query type="disk">/tmp/test-disk-big/69/96</Query>
  </Pair>
  <Pair reval="1d">
    <File perm="0444">/69/97</File>
    <Query type="disk">/tmp/test-disk-big/69/97</Query>
  </Pair>
  <Pair reval="1d">
    <File perm="0444">/69/98</File>
    <Query type="disk">/tmp/test-disk-big/69/98</Query>
  </Pair>
  <Pair reval="1d">
    <File perm="0444">/69/99</File>
    <Query type="disk">/tmp/test-disk-big/69/99</Query>
  </Pair>
  <Pair reval="1d">
    <Dir perm="0555">/7</Dir>
    <Query type="disk"></Query>
  </Pair>
  <Pair reval="1d">
    <File perm="0444">/7/1</File>
    <Query type="disk">/tmp/test-disk-big/7/1</Query>
  </Pair>
  <Pair reval="1d">
    <File perm="0444">/7/10</File>
    <Query type="disk">/tmp/test-disk-big/7/10</Query>
  </Pair>
  <Pair reval="1d">
    <File perm="0444">/7/100</File>
    <Query type="disk">/tmp/test-disk-big/7/100</Query>
  </Pair>
  <Pair reval="1d">
    <File perm="0444">/7/11</File>
    <Query type="disk">/tmp/test-disk-big/7/11</Query>
  </Pair>
  <Pair reval="1d">
    <File perm="0444">/7/12</File>
    <Query type="disk">/tmp/test-disk-big/7/12</Query>
  </Pair>
  <Pair reval="1d">
    <File perm="0444">/7/13</File>
    <Query type="disk">/tmp/test-disk-big/7/13</Query>
  </Pair>
  <Pair reval="1d">
    <File perm="0444">/7/14</File>
    <Query type="disk">/tmp/test-disk-big/7/14</Query>
  </Pair>
  <Pair reval="1d">
    <File perm="0444">/7/15</File>
    <Query type="disk">/tmp/test-disk-big/7/15</Query>
  </Pair>
  <Pair reval="1d">
    <File perm="0444">/7/16</File>
    <Query type="disk">/tmp/test-disk-big/7/16</Query>
  </Pair>
  <Pair reval="1d">
    <File perm="0444">/7/17</File>
    <Query type="disk">/tmp/test-disk-big/7/17</Query>
  </Pair>
  <Pair reval="1d">
    <File perm="0444">/7/18</File>
    <Query type="disk">/tmp/test-disk-big/7/18</Query>
  </Pair>
  <Pair reval="1d">
    <File perm="0444">/7/19</File>
    <Query type="disk">/tmp/test-disk-big/7/19</Query>
  </Pair>
  <Pair reval="1d">
    <File perm="0444">/7/2</File>
    <Query type="disk">/tmp/test-disk-big/7/2</Query>
  </Pair>
  <Pair reval="1d">
    <File perm="0444">/7/20</File>
    <Query type="disk">/tmp/test-disk-big/7/20</Query>
  </Pair>
  <Pair reval="1d">
    <File perm="0444">/7/21</File>
    <Query type="disk">/tmp/test-disk-big/7/21</Query>
  </Pair>
  <Pair reval="1d">
    <File perm="0444">/7/22</File>
    <Query type="disk">/tmp/test-disk-big/7/22</Query>
  </Pair>
  <Pair reval="1d">
    <File perm="0444">/7/23</File>
    <Query type="disk">/tmp/test-disk-big/7/23</Query>
  </Pair>
  <Pair reval="1d">
    <File perm="0444">/7/24</File>
    <Query type="disk">/tmp/test-disk-big/7/24</Query>
  </Pair>
  <Pair reval="1d">
    <File perm="0444">/7/25</File>
    <Query type="disk">/tmp/test-disk-big/7/25</Query>
  </Pair>
  <Pair reval="1d">
    <File perm="0444">/7/26</File>
    <Query type="disk">/tmp/test-disk-big/7/26</Query>
  </Pair>
  <Pair reval="1d">
    <File perm="0444">/7/27</File>
    <Query type="disk">/tmp/test-disk-big/7/27</Query>
  </Pair>
  <Pair reval="1d">
    <File perm="0444">/7/28</File>
    <Query type="disk">/tmp/test-disk-big/7/28</Query>
  </Pair>
  <Pair reval="1d">
    <File perm="0444">/7/29</File>
    <Query type="disk">/tmp/test-disk-big/7/29</Query>
  </Pair>
  <Pair reval="1d">
    <File perm="0444">/7/3</File>
    <Query type="disk">/tmp/test-disk-big/7/3</Query>
  </Pair>
  <Pair reval="1d">
    <File perm="0444">/7/30</File>
    <Query type="disk">/tmp/test-disk-big/7/30</Query>
  </Pair>
  <Pair reval="1d">
    <File perm="0444">/7/31</File>
    <Query type="disk">/tmp/test-disk-big/7/31</Query>
  </Pair>
  <Pair reval="1d">
    <File perm="0444">/7/32</File>
    <Query type="disk">/tmp/test-disk-big/7/32</Query>
  </Pair>
  <Pair reval="1d">
    <File perm="0444">/7/33</File>
    <Query type="disk">/tmp/test-disk-big/7/33</Query>
  </Pair>
  <Pair reval="1d">
    <File perm="0444">/7/34</File>
    <Query type="disk">/tmp/test-disk-big/7/34</Query>
  </Pair>
  <Pair reval="1d">
    <File perm="0444">/7/35</File>
    <Query type="disk">/tmp/test-disk-big/7/35</Query>
  </Pair>
  <Pair reval="1d">
    <File perm="0444">/7/36</File>
    <Query type="disk">/tmp/test-disk-big/7/36</Query>
  </Pair>
  <Pair reval="1d">
    <File perm="0444">/7/37</File>
    <Query type="disk">/tmp/test-disk-big/7/37</Query>
  </Pair>
  <Pair reval="1d">
    <File perm="0444">/7/38</File>
    <Query type="disk">/tmp/test-disk-big/7/38</Query>
  </Pair>
  <Pair reval="1d">
    <File perm="0444">/7/39</File>
    <Query type="disk">/tmp/test-disk-big/7/39</Query>
  </Pair>
  <Pair reval="1d">
    <File perm="0444">/7/4</File>
    <Query type="disk">/tmp/test-disk-big/7/4</Query>
  </Pair>
  <Pair reval="1d">
    <File perm="0444">/7/40</File>
    <Query type="disk">/tmp/test-disk-big/7/40</Query>
  </Pair>
  <Pair reval="1d">
    <File perm="0444">/7/41</File>
    <Query type="disk">/tmp/test-disk-big/7/41</Query>
  </Pair>
  <Pair reval="1d">
    <File perm="0444">/7/42</File>
    <Query type="disk">/tmp/test-disk-big/7/42</Query>
  </Pair>
  <Pair reval="1d">
    <File perm="0444">/7/43</File>
    <Query type="disk">/tmp/test-disk-big/7/43</Query>
  </Pair>
  <Pair reval="1d">
    <File perm="0444">/7/44</File>
    <Query type="disk">/tmp/test-disk-big/7/44</Query>
  </Pair>
  <Pair reval="1d">
    <File perm="0444">/7/45</File>
    <Query type="disk">/tmp/test-disk-big/7/45</Query>
  </Pair>
  <Pair reval="1d">
    <File perm="0444">/7/46</File>
    <Query type="disk">/tmp/test-disk-big/7/46</Query>
  </Pair>
  <Pair reval="1d">
    <File perm="0444">/7/47</File>
    <Query type="disk">/tmp/test-disk-big/7/47</Query>
  </Pair>
  <Pair reval="1d">
    <File perm="0444">/7/48</File>
    <Query type="disk">/tmp/test-disk-big/7/48</Query>
  </Pair>
  <Pair reval="1d">
    <File perm="0444">/7/49</File>
    <Query type="disk">/tmp/test-disk-big/7/49</Query>
  </Pair>
  <Pair reval="1d">
    <File perm="0444">/7/5</File>
    <Query type="disk">/tmp/test-disk-big/7/5</Query>
  </Pair>
  <Pair reval="1d">
    <File perm="0444">/7/50</File>
    <Query type="disk">/tmp/test-disk-big/7/50</Query>
  </Pair>
  <Pair reval="1d">
    <File perm="0444">/7/51</File>
    <Query type="disk">/tmp/test-disk-big/7/51</Query>
  </Pair>
  <Pair reval="1d">
    <File perm="0444">/7/52</File>
    <Query type="disk">/tmp/test-disk-big/7/52</Query>
  </Pair>
  <Pair reval="1d">
    <File perm="0444">/7/53</File>
    <Query type="disk">/tmp/test-disk-big/7/53</Query>
  </Pair>
  <Pair reval="1d">
    <File perm="0444">/7/54</File>
    <Query type="disk">/tmp/test-disk-big/7/54</Query>
  </Pair>
  <Pair reval="1d">
    <File perm="0444">/7/55</File>
    <Query type="disk">/tmp/test-disk-big/7/55</Query>
  </Pair>
  <Pair reval="1d">
    <File perm="0444">/7/56</File>
    <Query type="disk">/tmp/test-disk-big/7/56</Query>
  </Pair>
  <Pair reval="1d">
    <File perm="0444">/7/57</File>
    <Query type="disk">/tmp/test-disk-big/7/57</Query>
  </Pair>
  <Pair reval="1d">
    <File perm="0444">/7/58</File>
    <Query type="disk">/tmp/test-disk-big/7/58</Query>
  </Pair>
  <Pair reval="1d">
    <File perm="0444">/7/59</File>
    <Query type="disk">/tmp/test-disk-big/7/59</Query>
  </Pair>
  <Pair reval="1d">
    <File perm="0444">/7/6</File>
    <Query type="disk">/tmp/test-disk-big/7/6</Query>
  </Pair>
  <Pair reval="1d">
    <File perm="0444">/7/60</File>
    <Query type="disk">/tmp/test-disk-big/7/60</Query>
  </Pair>
  <Pair reval="1d">
    <File perm="0444">/7/61</File>
    <Query type="disk">/tmp/test-disk-big/7/61</Query>
  </Pair>
  <Pair reval="1d">
    <File perm="0444">/7/62</File>
    <Query type="disk">/tmp/test-disk-big/7/62</Query>
  </Pair>
  <Pair reval="1d">
    <File perm="0444">/7/63</File>
    <Query type="disk">/tmp/test-disk-big/7/63</Query>
  </Pair>
  <Pair reval="1d">
    <File perm="0444">/7/64</File>
    <Query type="disk">/tmp/test-disk-big/7/64</Query>
  </Pair>
  <Pair reval="1d">
    <File perm="0444">/7/65</File>
    <Query type="disk">/tmp/test-disk-big/7/65</Query>
  </Pair>
  <Pair reval="1d">
    <File perm="0444">/7/66</File>
    <Query type="disk">/tmp/test-disk-big/7/66</Query>
  </Pair>
  <Pair reval="1d">
    <File perm="0444">/7/67</File>
    <Query type="disk">/tmp/test-disk-big/7/67</Query>
  </Pair>
  <Pair reval="1d">
    <File perm="0444">/7/68</File>
    <Query type="disk">/tmp/test-disk-big/7/68</Query>
  </Pair>
  <Pair reval="1d">
    <File perm="0444">/7/69</File>
    <Query type="disk">/tmp/test-disk-big/7/69</Query>
  </Pair>
  <Pair reval="1d">
    <File perm="0444">/7/7</File>
    <Query type="disk">/tmp/test-disk-big/7/7</Query>
  </Pair>
  <Pair reval="1d">
    <File perm="0444">/7/70</File>
    <Query type="disk">/tmp/test-disk-big/7/70</Query>
  </Pair>
  <Pair reval="1d">
    <File perm="0444">/7/71</File>
    <Query type="disk">/tmp/test-disk-big/7/71</Query>
  </Pair>
  <Pair reval="1d">
    <File perm="0444">/7/72</File>
    <Query type="disk">/tmp/test-disk-big/7/72</Query>
  </Pair>
  <Pair reval="1d">
    <File perm="0444">/7/73</File>
    <Query type="disk">/tmp/test-disk-big/7/73</Query>
  </Pair>
  <Pair reval="1d">
    <File perm="0444">/7/74</File>
    <Query type="disk">/tmp/test-disk-big/7/74</Query>
  </Pair>
  <Pair reval="1d">
    <File perm="0444">/7/75</File>
    <Query type="disk">/tmp/test-disk-big/7/75</Query>
  </Pair>
  <Pair reval="1d">
    <File perm="0444">/7/76</File>
    <Query type="disk">/tmp/test-disk-big/7/76</Query>
  </Pair>
  <Pair reval="1d">
    <File perm="0444">/7/77</File>
    <Query type="disk">/tmp/test-disk-big/7/77</Query>
  </Pair>
  <Pair reval="1d">
    <File perm="0444">/7/78</File>
    <Query type="disk">/tmp/test-disk-big/7/78</Query>
  </Pair>
  <Pair reval="1d">
    <File perm="0444">/7/79</File>
    <Query type="disk">/tmp/test-disk-big/7/79</Query>
  </Pair>
  <Pair reval="1d">
    <File perm="0444">/7/8</File>
    <Query type="disk">/tmp/test-disk-big/7/8</Query>
  </Pair>
  <Pair reval="1d">
    <File perm="0444">/7/80</File>
    <Query type="disk">/tmp/test-disk-big/7/80</Query>
  </Pair>
  <Pair reval="1d">
    <File perm="0444">/7/81</File>
    <Query type="disk">/tmp/test-disk-big/7/81</Query>
  </Pair>
  <Pair reval="1d">
    <File perm="0444">/7/82</File>
    <Query type="disk">/tmp/test-disk-big/7/82</Query>
  </Pair>
  <Pair reval="1d">
    <File perm="0444">/7/83</File>
    <Query type="disk">/tmp/test-disk-big/7/83</Query>
  </Pair>
  <Pair reval="1d">
    <File perm="0444">/7/84</File>
    <Query type="disk">/tmp/test-disk-big/7/84</Query>
  </Pair>
  <Pair reval="1d">
    <File perm="0444">/7/85</File>
    <Query type="disk">/tmp/test-disk-big/7/85</Query>
  </Pair>
  <Pair reval="1d">
    <File perm="0444">/7/86</File>
    <Query type="disk">/tmp/test-disk-big/7/86</Query>
  </Pair>
  <Pair reval="1d">
    <File perm="0444">/7/87</File>
    <Query type="disk">/tmp/test-disk-big/7/87</Query>
  </Pair>
  <Pair reval="1d">
    <File perm="0444">/7/88</File>
    <Query type="disk">/tmp/test-disk-big/7/88</Query>
  </Pair>
  <Pair reval="1d">
    <File perm="0444">/7/89</File>
    <Query type="disk">/tmp/test-disk-big/7/89</Query>
  </Pair>
  <Pair reval="1d">
    <File perm="0444">/7/9</File>
    <Query type="disk">/tmp/test-disk-big/7/9</Query>
  </Pair>
  <Pair reval="1d">
    <File perm="0444">/7/90</File>
    <Query type="disk">/tmp/test-disk-big/7/90</Query>
  </Pair>
  <Pair reval="1d">
    <File perm="0444">/7/91</File>
    <Query type="disk">/tmp/test-disk-big/7/91</Query>
  </Pair>
  <Pair reval="1d">
    <File perm="0444">/7/92</File>
    <Query type="disk">/tmp/test-disk-big/7/92</Query>
  </Pair>
  <Pair reval="1d">
    <File perm="0444">/7/93</File>
    <Query type="disk">/tmp/test-disk-big/7/93</Query>
  </Pair>
  <Pair reval="1d">
    <File perm="0444">/7/94</File>
    <Query type="disk">/tmp/test-disk-big/7/94</Query>
  </Pair>
  <Pair reval="1d">
    <File perm="0444">/7/95</File>
    <Query type="disk">/tmp/test-disk-big/7/95</Query>
  </Pair>
  <Pair reval="1d">
    <File perm="0444">/7/96</File>
    <Query type="disk">/tmp/test-disk-big/7/96</Query>
  </Pair>
  <Pair reval="1d">
    <File perm="0444">/7/97</File>
    <Query type="disk">/tmp/test-disk-big/7/97</Query>
  </Pair>
  <Pair reval="1d">
    <File perm="0444">/7/98</File>
    <Query type="disk">/tmp/test-disk-big/7/98</Query>
  </Pair>
  <Pair reval="1d">
    <File perm="0444">/7/99</File>
    <Query type="disk">/tmp/test-disk-big/7/99</Query>
  </Pair>
  <Pair reval="1d">
    <Dir perm="0555">/70</Dir>
    <Query type="disk"></Query>
  </Pair>
  <Pair reval="1d">
    <File perm="0444">/70/1</File>
    <Query type="disk">/tmp/test-disk-big/70/1</Query>
  </Pair>
  <Pair reval="1d">
    <File perm="0444">/70/10</File>
    <Query type="disk">/tmp/test-disk-big/70/10</Query>
  </Pair>
  <Pair reval="1d">
    <File perm="0444">/70/100</File>
    <Query type="disk">/tmp/test-disk-big/70/100</Query>
  </Pair>
  <Pair reval="1d">
    <File perm="0444">/70/11</File>
    <Query type="disk">/tmp/test-disk-big/70/11</Query>
  </Pair>
  <Pair reval="1d">
    <File perm="0444">/70/12</File>
    <Query type="disk">/tmp/test-disk-big/70/12</Query>
  </Pair>
  <Pair reval="1d">
    <File perm="0444">/70/13</File>
    <Query type="disk">/tmp/test-disk-big/70/13</Query>
  </Pair>
  <Pair reval="1d">
    <File perm="0444">/70/14</File>
    <Query type="disk">/tmp/test-disk-big/70/14</Query>
  </Pair>
  <Pair reval="1d">
    <File perm="0444">/70/15</File>
    <Query type="disk">/tmp/test-disk-big/70/15</Query>
  </Pair>
  <Pair reval="1d">
    <File perm="0444">/70/16</File>
    <Query type="disk">/tmp/test-disk-big/70/16</Query>
  </Pair>
  <Pair reval="1d">
    <File perm="0444">/70/17</File>
    <Query type="disk">/tmp/test-disk-big/70/17</Query>
  </Pair>
  <Pair reval="1d">
    <File perm="0444">/70/18</File>
    <Query type="disk">/tmp/test-disk-big/70/18</Query>
  </Pair>
  <Pair reval="1d">
    <File perm="0444">/70/19</File>
    <Query type="disk">/tmp/test-disk-big/70/19</Query>
  </Pair>
  <Pair reval="1d">
    <File perm="0444">/70/2</File>
    <Query type="disk">/tmp/test-disk-big/70/2</Query>
  </Pair>
  <Pair reval="1d">
    <File perm="0444">/70/20</File>
    <Query type="disk">/tmp/test-disk-big/70/20</Query>
  </Pair>
  <Pair reval="1d">
    <File perm="0444">/70/21</File>
    <Query type="disk">/tmp/test-disk-big/70/21</Query>
  </Pair>
  <Pair reval="1d">
    <File perm="0444">/70/22</File>
    <Query type="disk">/tmp/test-disk-big/70/22</Query>
  </Pair>
  <Pair reval="1d">
    <File perm="0444">/70/23</File>
    <Query type="disk">/tmp/test-disk-big/70/23</Query>
  </Pair>
  <Pair reval="1d">
    <File perm="0444">/70/24</File>
    <Query type="disk">/tmp/test-disk-big/70/24</Query>
  </Pair>
  <Pair reval="1d">
    <File perm="0444">/70/25</File>
    <Query type="disk">/tmp/test-disk-big/70/25</Query>
  </Pair>
  <Pair reval="1d">
    <File perm="0444">/70/26</File>
    <Query type="disk">/tmp/test-disk-big/70/26</Query>
  </Pair>
  <Pair reval="1d">
    <File perm="0444">/70/27</File>
    <Query type="disk">/tmp/test-disk-big/70/27</Query>
  </Pair>
  <Pair reval="1d">
    <File perm="0444">/70/28</File>
    <Query type="disk">/tmp/test-disk-big/70/28</Query>
  </Pair>
  <Pair reval="1d">
    <File perm="0444">/70/29</File>
    <Query type="disk">/tmp/test-disk-big/70/29</Query>
  </Pair>
  <Pair reval="1d">
    <File perm="0444">/70/3</File>
    <Query type="disk">/tmp/test-disk-big/70/3</Query>
  </Pair>
  <Pair reval="1d">
    <File perm="0444">/70/30</File>
    <Query type="disk">/tmp/test-disk-big/70/30</Query>
  </Pair>
  <Pair reval="1d">
    <File perm="0444">/70/31</File>
    <Query type="disk">/tmp/test-disk-big/70/31</Query>
  </Pair>
  <Pair reval="1d">
    <File perm="0444">/70/32</File>
    <Query type="disk">/tmp/test-disk-big/70/32</Query>
  </Pair>
  <Pair reval="1d">
    <File perm="0444">/70/33</File>
    <Query type="disk">/tmp/test-disk-big/70/33</Query>
  </Pair>
  <Pair reval="1d">
    <File perm="0444">/70/34</File>
    <Query type="disk">/tmp/test-disk-big/70/34</Query>
  </Pair>
  <Pair reval="1d">
    <File perm="0444">/70/35</File>
    <Query type="disk">/tmp/test-disk-big/70/35</Query>
  </Pair>
  <Pair reval="1d">
    <File perm="0444">/70/36</File>
    <Query type="disk">/tmp/test-disk-big/70/36</Query>
  </Pair>
  <Pair reval="1d">
    <File perm="0444">/70/37</File>
    <Query type="disk">/tmp/test-disk-big/70/37</Query>
  </Pair>
  <Pair reval="1d">
    <File perm="0444">/70/38</File>
    <Query type="disk">/tmp/test-disk-big/70/38</Query>
  </Pair>
  <Pair reval="1d">
    <File perm="0444">/70/39</File>
    <Query type="disk">/tmp/test-disk-big/70/39</Query>
  </Pair>
  <Pair reval="1d">
    <File perm="0444">/70/4</File>
    <Query type="disk">/tmp/test-disk-big/70/4</Query>
  </Pair>
  <Pair reval="1d">
    <File perm="0444">/70/40</File>
    <Query type="disk">/tmp/test-disk-big/70/40</Query>
  </Pair>
  <Pair reval="1d">
    <File perm="0444">/70/41</File>
    <Query type="disk">/tmp/test-disk-big/70/41</Query>
  </Pair>
  <Pair reval="1d">
    <File perm="0444">/70/42</File>
    <Query type="disk">/tmp/test-disk-big/70/42</Query>
  </Pair>
  <Pair reval="1d">
    <File perm="0444">/70/43</File>
    <Query type="disk">/tmp/test-disk-big/70/43</Query>
  </Pair>
  <Pair reval="1d">
    <File perm="0444">/70/44</File>
    <Query type="disk">/tmp/test-disk-big/70/44</Query>
  </Pair>
  <Pair reval="1d">
    <File perm="0444">/70/45</File>
    <Query type="disk">/tmp/test-disk-big/70/45</Query>
  </Pair>
  <Pair reval="1d">
    <File perm="0444">/70/46</File>
    <Query type="disk">/tmp/test-disk-big/70/46</Query>
  </Pair>
  <Pair reval="1d">
    <File perm="0444">/70/47</File>
    <Query type="disk">/tmp/test-disk-big/70/47</Query>
  </Pair>
  <Pair reval="1d">
    <File perm="0444">/70/48</File>
    <Query type="disk">/tmp/test-disk-big/70/48</Query>
  </Pair>
  <Pair reval="1d">
    <File perm="0444">/70/49</File>
    <Query type="disk">/tmp/test-disk-big/70/49</Query>
  </Pair>
  <Pair reval="1d">
    <File perm="0444">/70/5</File>
    <Query type="disk">/tmp/test-disk-big/70/5</Query>
  </Pair>
  <Pair reval="1d">
    <File perm="0444">/70/50</File>
    <Query type="disk">/tmp/test-disk-big/70/50</Query>
  </Pair>
  <Pair reval="1d">
    <File perm="0444">/70/51</File>
    <Query type="disk">/tmp/test-disk-big/70/51</Query>
  </Pair>
  <Pair reval="1d">
    <File perm="0444">/70/52</File>
    <Query type="disk">/tmp/test-disk-big/70/52</Query>
  </Pair>
  <Pair reval="1d">
    <File perm="0444">/70/53</File>
    <Query type="disk">/tmp/test-disk-big/70/53</Query>
  </Pair>
  <Pair reval="1d">
    <File perm="0444">/70/54</File>
    <Query type="disk">/tmp/test-disk-big/70/54</Query>
  </Pair>
  <Pair reval="1d">
    <File perm="0444">/70/55</File>
    <Query type="disk">/tmp/test-disk-big/70/55</Query>
  </Pair>
  <Pair reval="1d">
    <File perm="0444">/70/56</File>
    <Query type="disk">/tmp/test-disk-big/70/56</Query>
  </Pair>
  <Pair reval="1d">
    <File perm="0444">/70/57</File>
    <Query type="disk">/tmp/test-disk-big/70/57</Query>
  </Pair>
  <Pair reval="1d">
    <File perm="0444">/70/58</File>
    <Query type="disk">/tmp/test-disk-big/70/58</Query>
  </Pair>
  <Pair reval="1d">
    <File perm="0444">/70/59</File>
    <Query type="disk">/tmp/test-disk-big/70/59</Query>
  </Pair>
  <Pair reval="1d">
    <File perm="0444">/70/6</File>
    <Query type="disk">/tmp/test-disk-big/70/6</Query>
  </Pair>
  <Pair reval="1d">
    <File perm="0444">/70/60</File>
    <Query type="disk">/tmp/test-disk-big/70/60</Query>
  </Pair>
  <Pair reval="1d">
    <File perm="0444">/70/61</File>
    <Query type="disk">/tmp/test-disk-big/70/61</Query>
  </Pair>
  <Pair reval="1d">
    <File perm="0444">/70/62</File>
    <Query type="disk">/tmp/test-disk-big/70/62</Query>
  </Pair>
  <Pair reval="1d">
    <File perm="0444">/70/63</File>
    <Query type="disk">/tmp/test-disk-big/70/63</Query>
  </Pair>
  <Pair reval="1d">
    <File perm="0444">/70/64</File>
    <Query type="disk">/tmp/test-disk-big/70/64</Query>
  </Pair>
  <Pair reval="1d">
    <File perm="0444">/70/65</File>
    <Query type="disk">/tmp/test-disk-big/70/65</Query>
  </Pair>
  <Pair reval="1d">
    <File perm="0444">/70/66</File>
    <Query type="disk">/tmp/test-disk-big/70/66</Query>
  </Pair>
  <Pair reval="1d">
    <File perm="0444">/70/67</File>
    <Query type="disk">/tmp/test-disk-big/70/67</Query>
  </Pair>
  <Pair reval="1d">
    <File perm="0444">/70/68</File>
    <Query type="disk">/tmp/test-disk-big/70/68</Query>
  </Pair>
  <Pair reval="1d">
    <File perm="0444">/70/69</File>
    <Query type="disk">/tmp/test-disk-big/70/69</Query>
  </Pair>
  <Pair reval="1d">
    <File perm="0444">/70/7</File>
    <Query type="disk">/tmp/test-disk-big/70/7</Query>
  </Pair>
  <Pair reval="1d">
    <File perm="0444">/70/70</File>
    <Query type="disk">/tmp/test-disk-big/70/70</Query>
  </Pair>
  <Pair reval="1d">
    <File perm="0444">/70/71</File>
    <Query type="disk">/tmp/test-disk-big/70/71</Query>
  </Pair>
  <Pair reval="1d">
    <File perm="0444">/70/72</File>
    <Query type="disk">/tmp/test-disk-big/70/72</Query>
  </Pair>
  <Pair reval="1d">
    <File perm="0444">/70/73</File>
    <Query type="disk">/tmp/test-disk-big/70/73</Query>
  </Pair>
  <Pair reval="1d">
    <File perm="0444">/70/74</File>
    <Query type="disk">/tmp/test-disk-big/70/74</Query>
  </Pair>
  <Pair reval="1d">
    <File perm="0444">/70/75</File>
    <Query type="disk">/tmp/test-disk-big/70/75</Query>
  </Pair>
  <Pair reval="1d">
    <File perm="0444">/70/76</File>
    <Query type="disk">/tmp/test-disk-big/70/76</Query>
  </Pair>
  <Pair reval="1d">
    <File perm="0444">/70/77</File>
    <Query type="disk">/tmp/test-disk-big/70/77</Query>
  </Pair>
  <Pair reval="1d">
    <File perm="0444">/70/78</File>
    <Query type="disk">/tmp/test-disk-big/70/78</Query>
  </Pair>
  <Pair reval="1d">
    <File perm="0444">/70/79</File>
    <Query type="disk">/tmp/test-disk-big/70/79</Query>
  </Pair>
  <Pair reval="1d">
    <File perm="0444">/70/8</File>
    <Query type="disk">/tmp/test-disk-big/70/8</Query>
  </Pair>
  <Pair reval="1d">
    <File perm="0444">/70/80</File>
    <Query type="disk">/tmp/test-disk-big/70/80</Query>
  </Pair>
  <Pair reval="1d">
    <File perm="0444">/70/81</File>
    <Query type="disk">/tmp/test-disk-big/70/81</Query>
  </Pair>
  <Pair reval="1d">
    <File perm="0444">/70/82</File>
    <Query type="disk">/tmp/test-disk-big/70/82</Query>
  </Pair>
  <Pair reval="1d">
    <File perm="0444">/70/83</File>
    <Query type="disk">/tmp/test-disk-big/70/83</Query>
  </Pair>
  <Pair reval="1d">
    <File perm="0444">/70/84</File>
    <Query type="disk">/tmp/test-disk-big/70/84</Query>
  </Pair>
  <Pair reval="1d">
    <File perm="0444">/70/85</File>
    <Query type="disk">/tmp/test-disk-big/70/85</Query>
  </Pair>
  <Pair reval="1d">
    <File perm="0444">/70/86</File>
    <Query type="disk">/tmp/test-disk-big/70/86</Query>
  </Pair>
  <Pair reval="1d">
    <File perm="0444">/70/87</File>
    <Query type="disk">/tmp/test-disk-big/70/87</Query>
  </Pair>
  <Pair reval="1d">
    <File perm="0444">/70/88</File>
    <Query type="disk">/tmp/test-disk-big/70/88</Query>
  </Pair>
  <Pair reval="1d">
    <File perm="0444">/70/89</File>
    <Query type="disk">/tmp/test-disk-big/70/89</Query>
  </Pair>
  <Pair reval="1d">
    <File perm="0444">/70/9</File>
    <Query type="disk">/tmp/test-disk-big/70/9</Query>
  </Pair>
  <Pair reval="1d">
    <File perm="0444">/70/90</File>
    <Query type="disk">/tmp/test-disk-big/70/90</Query>
  </Pair>
  <Pair reval="1d">
    <File perm="0444">/70/91</File>
    <Query type="disk">/tmp/test-disk-big/70/91</Query>
  </Pair>
  <Pair reval="1d">
    <File perm="0444">/70/92</File>
    <Query type="disk">/tmp/test-disk-big/70/92</Query>
  </Pair>
  <Pair reval="1d">
    <File perm="0444">/70/93</File>
    <Query type="disk">/tmp/test-disk-big/70/93</Query>
  </Pair>
  <Pair reval="1d">
    <File perm="0444">/70/94</File>
    <Query type="disk">/tmp/test-disk-big/70/94</Query>
  </Pair>
  <Pair reval="1d">
    <File perm="0444">/70/95</File>
    <Query type="disk">/tmp/test-disk-big/70/95</Query>
  </Pair>
  <Pair reval="1d">
    <File perm="0444">/70/96</File>
    <Query type="disk">/tmp/test-disk-big/70/96</Query>
  </Pair>
  <Pair reval="1d">
    <File perm="0444">/70/97</File>
    <Query type="disk">/tmp/test-disk-big/70/97</Query>
  </Pair>
  <Pair reval="1d">
    <File perm="0444">/70/98</File>
    <Query type="disk">/tmp/test-disk-big/70/98</Query>
  </Pair>
  <Pair reval="1d">
    <File perm="0444">/70/99</File>
    <Query type="disk">/tmp/test-disk-big/70/99</Query>
  </Pair>
  <Pair reval="1d">
    <Dir perm="0555">/71</Dir>
    <Query type="disk"></Query>
  </Pair>
  <Pair reval="1d">
    <File perm="0444">/71/1</File>
    <Query type="disk">/tmp/test-disk-big/71/1</Query>
  </Pair>
  <Pair reval="1d">
    <File perm="0444">/71/10</File>
    <Query type="disk">/tmp/test-disk-big/71/10</Query>
  </Pair>
  <Pair reval="1d">
    <File perm="0444">/71/100</File>
    <Query type="disk">/tmp/test-disk-big/71/100</Query>
  </Pair>
  <Pair reval="1d">
    <File perm="0444">/71/11</File>
    <Query type="disk">/tmp/test-disk-big/71/11</Query>
  </Pair>
  <Pair reval="1d">
    <File perm="0444">/71/12</File>
    <Query type="disk">/tmp/test-disk-big/71/12</Query>
  </Pair>
  <Pair reval="1d">
    <File perm="0444">/71/13</File>
    <Query type="disk">/tmp/test-disk-big/71/13</Query>
  </Pair>
  <Pair reval="1d">
    <File perm="0444">/71/14</File>
    <Query type="disk">/tmp/test-disk-big/71/14</Query>
  </Pair>
  <Pair reval="1d">
    <File perm="0444">/71/15</File>
    <Query type="disk">/tmp/test-disk-big/71/15</Query>
  </Pair>
  <Pair reval="1d">
    <File perm="0444">/71/16</File>
    <Query type="disk">/tmp/test-disk-big/71/16</Query>
  </Pair>
  <Pair reval="1d">
    <File perm="0444">/71/17</File>
    <Query type="disk">/tmp/test-disk-big/71/17</Query>
  </Pair>
  <Pair reval="1d">
    <File perm="0444">/71/18</File>
    <Query type="disk">/tmp/test-disk-big/71/18</Query>
  </Pair>
  <Pair reval="1d">
    <File perm="0444">/71/19</File>
    <Query type="disk">/tmp/test-disk-big/71/19</Query>
  </Pair>
  <Pair reval="1d">
    <File perm="0444">/71/2</File>
    <Query type="disk">/tmp/test-disk-big/71/2</Query>
  </Pair>
  <Pair reval="1d">
    <File perm="0444">/71/20</File>
    <Query type="disk">/tmp/test-disk-big/71/20</Query>
  </Pair>
  <Pair reval="1d">
    <File perm="0444">/71/21</File>
    <Query type="disk">/tmp/test-disk-big/71/21</Query>
  </Pair>
  <Pair reval="1d">
    <File perm="0444">/71/22</File>
    <Query type="disk">/tmp/test-disk-big/71/22</Query>
  </Pair>
  <Pair reval="1d">
    <File perm="0444">/71/23</File>
    <Query type="disk">/tmp/test-disk-big/71/23</Query>
  </Pair>
  <Pair reval="1d">
    <File perm="0444">/71/24</File>
    <Query type="disk">/tmp/test-disk-big/71/24</Query>
  </Pair>
  <Pair reval="1d">
    <File perm="0444">/71/25</File>
    <Query type="disk">/tmp/test-disk-big/71/25</Query>
  </Pair>
  <Pair reval="1d">
    <File perm="0444">/71/26</File>
    <Query type="disk">/tmp/test-disk-big/71/26</Query>
  </Pair>
  <Pair reval="1d">
    <File perm="0444">/71/27</File>
    <Query type="disk">/tmp/test-disk-big/71/27</Query>
  </Pair>
  <Pair reval="1d">
    <File perm="0444">/71/28</File>
    <Query type="disk">/tmp/test-disk-big/71/28</Query>
  </Pair>
  <Pair reval="1d">
    <File perm="0444">/71/29</File>
    <Query type="disk">/tmp/test-disk-big/71/29</Query>
  </Pair>
  <Pair reval="1d">
    <File perm="0444">/71/3</File>
    <Query type="disk">/tmp/test-disk-big/71/3</Query>
  </Pair>
  <Pair reval="1d">
    <File perm="0444">/71/30</File>
    <Query type="disk">/tmp/test-disk-big/71/30</Query>
  </Pair>
  <Pair reval="1d">
    <File perm="0444">/71/31</File>
    <Query type="disk">/tmp/test-disk-big/71/31</Query>
  </Pair>
  <Pair reval="1d">
    <File perm="0444">/71/32</File>
    <Query type="disk">/tmp/test-disk-big/71/32</Query>
  </Pair>
  <Pair reval="1d">
    <File perm="0444">/71/33</File>
    <Query type="disk">/tmp/test-disk-big/71/33</Query>
  </Pair>
  <Pair reval="1d">
    <File perm="0444">/71/34</File>
    <Query type="disk">/tmp/test-disk-big/71/34</Query>
  </Pair>
  <Pair reval="1d">
    <File perm="0444">/71/35</File>
    <Query type="disk">/tmp/test-disk-big/71/35</Query>
  </Pair>
  <Pair reval="1d">
    <File perm="0444">/71/36</File>
    <Query type="disk">/tmp/test-disk-big/71/36</Query>
  </Pair>
  <Pair reval="1d">
    <File perm="0444">/71/37</File>
    <Query type="disk">/tmp/test-disk-big/71/37</Query>
  </Pair>
  <Pair reval="1d">
    <File perm="0444">/71/38</File>
    <Query type="disk">/tmp/test-disk-big/71/38</Query>
  </Pair>
  <Pair reval="1d">
    <File perm="0444">/71/39</File>
    <Query type="disk">/tmp/test-disk-big/71/39</Query>
  </Pair>
  <Pair reval="1d">
    <File perm="0444">/71/4</File>
    <Query type="disk">/tmp/test-disk-big/71/4</Query>
  </Pair>
  <Pair reval="1d">
    <File perm="0444">/71/40</File>
    <Query type="disk">/tmp/test-disk-big/71/40</Query>
  </Pair>
  <Pair reval="1d">
    <File perm="0444">/71/41</File>
    <Query type="disk">/tmp/test-disk-big/71/41</Query>
  </Pair>
  <Pair reval="1d">
    <File perm="0444">/71/42</File>
    <Query type="disk">/tmp/test-disk-big/71/42</Query>
  </Pair>
  <Pair reval="1d">
    <File perm="0444">/71/43</File>
    <Query type="disk">/tmp/test-disk-big/71/43</Query>
  </Pair>
  <Pair reval="1d">
    <File perm="0444">/71/44</File>
    <Query type="disk">/tmp/test-disk-big/71/44</Query>
  </Pair>
  <Pair reval="1d">
    <File perm="0444">/71/45</File>
    <Query type="disk">/tmp/test-disk-big/71/45</Query>
  </Pair>
  <Pair reval="1d">
    <File perm="0444">/71/46</File>
    <Query type="disk">/tmp/test-disk-big/71/46</Query>
  </Pair>
  <Pair reval="1d">
    <File perm="0444">/71/47</File>
    <Query type="disk">/tmp/test-disk-big/71/47</Query>
  </Pair>
  <Pair reval="1d">
    <File perm="0444">/71/48</File>
    <Query type="disk">/tmp/test-disk-big/71/48</Query>
  </Pair>
  <Pair reval="1d">
    <File perm="0444">/71/49</File>
    <Query type="disk">/tmp/test-disk-big/71/49</Query>
  </Pair>
  <Pair reval="1d">
    <File perm="0444">/71/5</File>
    <Query type="disk">/tmp/test-disk-big/71/5</Query>
  </Pair>
  <Pair reval="1d">
    <File perm="0444">/71/50</File>
    <Query type="disk">/tmp/test-disk-big/71/50</Query>
  </Pair>
  <Pair reval="1d">
    <File perm="0444">/71/51</File>
    <Query type="disk">/tmp/test-disk-big/71/51</Query>
  </Pair>
  <Pair reval="1d">
    <File perm="0444">/71/52</File>
    <Query type="disk">/tmp/test-disk-big/71/52</Query>
  </Pair>
  <Pair reval="1d">
    <File perm="0444">/71/53</File>
    <Query type="disk">/tmp/test-disk-big/71/53</Query>
  </Pair>
  <Pair reval="1d">
    <File perm="0444">/71/54</File>
    <Query type="disk">/tmp/test-disk-big/71/54</Query>
  </Pair>
  <Pair reval="1d">
    <File perm="0444">/71/55</File>
    <Query type="disk">/tmp/test-disk-big/71/55</Query>
  </Pair>
  <Pair reval="1d">
    <File perm="0444">/71/56</File>
    <Query type="disk">/tmp/test-disk-big/71/56</Query>
  </Pair>
  <Pair reval="1d">
    <File perm="0444">/71/57</File>
    <Query type="disk">/tmp/test-disk-big/71/57</Query>
  </Pair>
  <Pair reval="1d">
    <File perm="0444">/71/58</File>
    <Query type="disk">/tmp/test-disk-big/71/58</Query>
  </Pair>
  <Pair reval="1d">
    <File perm="0444">/71/59</File>
    <Query type="disk">/tmp/test-disk-big/71/59</Query>
  </Pair>
  <Pair reval="1d">
    <File perm="0444">/71/6</File>
    <Query type="disk">/tmp/test-disk-big/71/6</Query>
  </Pair>
  <Pair reval="1d">
    <File perm="0444">/71/60</File>
    <Query type="disk">/tmp/test-disk-big/71/60</Query>
  </Pair>
  <Pair reval="1d">
    <File perm="0444">/71/61</File>
    <Query type="disk">/tmp/test-disk-big/71/61</Query>
  </Pair>
  <Pair reval="1d">
    <File perm="0444">/71/62</File>
    <Query type="disk">/tmp/test-disk-big/71/62</Query>
  </Pair>
  <Pair reval="1d">
    <File perm="0444">/71/63</File>
    <Query type="disk">/tmp/test-disk-big/71/63</Query>
  </Pair>
  <Pair reval="1d">
    <File perm="0444">/71/64</File>
    <Query type="disk">/tmp/test-disk-big/71/64</Query>
  </Pair>
  <Pair reval="1d">
    <File perm="0444">/71/65</File>
    <Query type="disk">/tmp/test-disk-big/71/65</Query>
  </Pair>
  <Pair reval="1d">
    <File perm="0444">/71/66</File>
    <Query type="disk">/tmp/test-disk-big/71/66</Query>
  </Pair>
  <Pair reval="1d">
    <File perm="0444">/71/67</File>
    <Query type="disk">/tmp/test-disk-big/71/67</Query>
  </Pair>
  <Pair reval="1d">
    <File perm="0444">/71/68</File>
    <Query type="disk">/tmp/test-disk-big/71/68</Query>
  </Pair>
  <Pair reval="1d">
    <File perm="0444">/71/69</File>
    <Query type="disk">/tmp/test-disk-big/71/69</Query>
  </Pair>
  <Pair reval="1d">
    <File perm="0444">/71/7</File>
    <Query type="disk">/tmp/test-disk-big/71/7</Query>
  </Pair>
  <Pair reval="1d">
    <File perm="0444">/71/70</File>
    <Query type="disk">/tmp/test-disk-big/71/70</Query>
  </Pair>
  <Pair reval="1d">
    <File perm="0444">/71/71</File>
    <Query type="disk">/tmp/test-disk-big/71/71</Query>
  </Pair>
  <Pair reval="1d">
    <File perm="0444">/71/72</File>
    <Query type="disk">/tmp/test-disk-big/71/72</Query>
  </Pair>
  <Pair reval="1d">
    <File perm="0444">/71/73</File>
    <Query type="disk">/tmp/test-disk-big/71/73</Query>
  </Pair>
  <Pair reval="1d">
    <File perm="0444">/71/74</File>
    <Query type="disk">/tmp/test-disk-big/71/74</Query>
  </Pair>
  <Pair reval="1d">
    <File perm="0444">/71/75</File>
    <Query type="disk">/tmp/test-disk-big/71/75</Query>
  </Pair>
  <Pair reval="1d">
    <File perm="0444">/71/76</File>
    <Query type="disk">/tmp/test-disk-big/71/76</Query>
  </Pair>
  <Pair reval="1d">
    <File perm="0444">/71/77</File>
    <Query type="disk">/tmp/test-disk-big/71/77</Query>
  </Pair>
  <Pair reval="1d">
    <File perm="0444">/71/78</File>
    <Query type="disk">/tmp/test-disk-big/71/78</Query>
  </Pair>
  <Pair reval="1d">
    <File perm="0444">/71/79</File>
    <Query type="disk">/tmp/test-disk-big/71/79</Query>
  </Pair>
  <Pair reval="1d">
    <File perm="0444">/71/8</File>
    <Query type="disk">/tmp/test-disk-big/71/8</Query>
  </Pair>
  <Pair reval="1d">
    <File perm="0444">/71/80</File>
    <Query type="disk">/tmp/test-disk-big/71/80</Query>
  </Pair>
  <Pair reval="1d">
    <File perm="0444">/71/81</File>
    <Query type="disk">/tmp/test-disk-big/71/81</Query>
  </Pair>
  <Pair reval="1d">
    <File perm="0444">/71/82</File>
    <Query type="disk">/tmp/test-disk-big/71/82</Query>
  </Pair>
  <Pair reval="1d">
    <File perm="0444">/71/83</File>
    <Query type="disk">/tmp/test-disk-big/71/83</Query>
  </Pair>
  <Pair reval="1d">
    <File perm="0444">/71/84</File>
    <Query type="disk">/tmp/test-disk-big/71/84</Query>
  </Pair>
  <Pair reval="1d">
    <File perm="0444">/71/85</File>
    <Query type="disk">/tmp/test-disk-big/71/85</Query>
  </Pair>
  <Pair reval="1d">
    <File perm="0444">/71/86</File>
    <Query type="disk">/tmp/test-disk-big/71/86</Query>
  </Pair>
  <Pair reval="1d">
    <File perm="0444">/71/87</File>
    <Query type="disk">/tmp/test-disk-big/71/87</Query>
  </Pair>
  <Pair reval="1d">
    <File perm="0444">/71/88</File>
    <Query type="disk">/tmp/test-disk-big/71/88</Query>
  </Pair>
  <Pair reval="1d">
    <File perm="0444">/71/89</File>
    <Query type="disk">/tmp/test-disk-big/71/89</Query>
  </Pair>
  <Pair reval="1d">
    <File perm="0444">/71/9</File>
    <Query type="disk">/tmp/test-disk-big/71/9</Query>
  </Pair>
  <Pair reval="1d">
    <File perm="0444">/71/90</File>
    <Query type="disk">/tmp/test-disk-big/71/90</Query>
  </Pair>
  <Pair reval="1d">
    <File perm="0444">/71/91</File>
    <Query type="disk">/tmp/test-disk-big/71/91</Query>
  </Pair>
  <Pair reval="1d">
    <File perm="0444">/71/92</File>
    <Query type="disk">/tmp/test-disk-big/71/92</Query>
  </Pair>
  <Pair reval="1d">
    <File perm="0444">/71/93</File>
    <Query type="disk">/tmp/test-disk-big/71/93</Query>
  </Pair>
  <Pair reval="1d">
    <File perm="0444">/71/94</File>
    <Query type="disk">/tmp/test-disk-big/71/94</Query>
  </Pair>
  <Pair reval="1d">
    <File perm="0444">/71/95</File>
    <Query type="disk">/tmp/test-disk-big/71/95</Query>
  </Pair>
  <Pair reval="1d">
    <File perm="0444">/71/96</File>
    <Query type="disk">/tmp/test-disk-big/71/96</Query>
  </Pair>
  <Pair reval="1d">
    <File perm="0444">/71/97</File>
    <Query type="disk">/tmp/test-disk-big/71/97</Query>
  </Pair>
  <Pair reval="1d">
    <File perm="0444">/71/98</File>
    <Query type="disk">/tmp/test-disk-big/71/98</Query>
  </Pair>
  <Pair reval="1d">
    <File perm="0444">/71/99</File>
    <Query type="disk">/tmp/test-disk-big/71/99</Query>
  </Pair>
  <Pair reval="1d">
    <Dir perm="0555">/72</Dir>
    <Query type="disk"></Query>
  </Pair>
  <Pair reval="1d">
    <File perm="0444">/72/1</File>
    <Query type="disk">/tmp/test-disk-big/72/1</Query>
  </Pair>
  <Pair reval="1d">
    <File perm="0444">/72/10</File>
    <Query type="disk">/tmp/test-disk-big/72/10</Query>
  </Pair>
  <Pair reval="1d">
    <File perm="0444">/72/100</File>
    <Query type="disk">/tmp/test-disk-big/72/100</Query>
  </Pair>
  <Pair reval="1d">
    <File perm="0444">/72/11</File>
    <Query type="disk">/tmp/test-disk-big/72/11</Query>
  </Pair>
  <Pair reval="1d">
    <File perm="0444">/72/12</File>
    <Query type="disk">/tmp/test-disk-big/72/12</Query>
  </Pair>
  <Pair reval="1d">
    <File perm="0444">/72/13</File>
    <Query type="disk">/tmp/test-disk-big/72/13</Query>
  </Pair>
  <Pair reval="1d">
    <File perm="0444">/72/14</File>
    <Query type="disk">/tmp/test-disk-big/72/14</Query>
  </Pair>
  <Pair reval="1d">
    <File perm="0444">/72/15</File>
    <Query type="disk">/tmp/test-disk-big/72/15</Query>
  </Pair>
  <Pair reval="1d">
    <File perm="0444">/72/16</File>
    <Query type="disk">/tmp/test-disk-big/72/16</Query>
  </Pair>
  <Pair reval="1d">
    <File perm="0444">/72/17</File>
    <Query type="disk">/tmp/test-disk-big/72/17</Query>
  </Pair>
  <Pair reval="1d">
    <File perm="0444">/72/18</File>
    <Query type="disk">/tmp/test-disk-big/72/18</Query>
  </Pair>
  <Pair reval="1d">
    <File perm="0444">/72/19</File>
    <Query type="disk">/tmp/test-disk-big/72/19</Query>
  </Pair>
  <Pair reval="1d">
    <File perm="0444">/72/2</File>
    <Query type="disk">/tmp/test-disk-big/72/2</Query>
  </Pair>
  <Pair reval="1d">
    <File perm="0444">/72/20</File>
    <Query type="disk">/tmp/test-disk-big/72/20</Query>
  </Pair>
  <Pair reval="1d">
    <File perm="0444">/72/21</File>
    <Query type="disk">/tmp/test-disk-big/72/21</Query>
  </Pair>
  <Pair reval="1d">
    <File perm="0444">/72/22</File>
    <Query type="disk">/tmp/test-disk-big/72/22</Query>
  </Pair>
  <Pair reval="1d">
    <File perm="0444">/72/23</File>
    <Query type="disk">/tmp/test-disk-big/72/23</Query>
  </Pair>
  <Pair reval="1d">
    <File perm="0444">/72/24</File>
    <Query type="disk">/tmp/test-disk-big/72/24</Query>
  </Pair>
  <Pair reval="1d">
    <File perm="0444">/72/25</File>
    <Query type="disk">/tmp/test-disk-big/72/25</Query>
  </Pair>
  <Pair reval="1d">
    <File perm="0444">/72/26</File>
    <Query type="disk">/tmp/test-disk-big/72/26</Query>
  </Pair>
  <Pair reval="1d">
    <File perm="0444">/72/27</File>
    <Query type="disk">/tmp/test-disk-big/72/27</Query>
  </Pair>
  <Pair reval="1d">
    <File perm="0444">/72/28</File>
    <Query type="disk">/tmp/test-disk-big/72/28</Query>
  </Pair>
  <Pair reval="1d">
    <File perm="0444">/72/29</File>
    <Query type="disk">/tmp/test-disk-big/72/29</Query>
  </Pair>
  <Pair reval="1d">
    <File perm="0444">/72/3</File>
    <Query type="disk">/tmp/test-disk-big/72/3</Query>
  </Pair>
  <Pair reval="1d">
    <File perm="0444">/72/30</File>
    <Query type="disk">/tmp/test-disk-big/72/30</Query>
  </Pair>
  <Pair reval="1d">
    <File perm="0444">/72/31</File>
    <Query type="disk">/tmp/test-disk-big/72/31</Query>
  </Pair>
  <Pair reval="1d">
    <File perm="0444">/72/32</File>
    <Query type="disk">/tmp/test-disk-big/72/32</Query>
  </Pair>
  <Pair reval="1d">
    <File perm="0444">/72/33</File>
    <Query type="disk">/tmp/test-disk-big/72/33</Query>
  </Pair>
  <Pair reval="1d">
    <File perm="0444">/72/34</File>
    <Query type="disk">/tmp/test-disk-big/72/34</Query>
  </Pair>
  <Pair reval="1d">
    <File perm="0444">/72/35</File>
    <Query type="disk">/tmp/test-disk-big/72/35</Query>
  </Pair>
  <Pair reval="1d">
    <File perm="0444">/72/36</File>
    <Query type="disk">/tmp/test-disk-big/72/36</Query>
  </Pair>
  <Pair reval="1d">
    <File perm="0444">/72/37</File>
    <Query type="disk">/tmp/test-disk-big/72/37</Query>
  </Pair>
  <Pair reval="1d">
    <File perm="0444">/72/38</File>
    <Query type="disk">/tmp/test-disk-big/72/38</Query>
  </Pair>
  <Pair reval="1d">
    <File perm="0444">/72/39</File>
    <Query type="disk">/tmp/test-disk-big/72/39</Query>
  </Pair>
  <Pair reval="1d">
    <File perm="0444">/72/4</File>
    <Query type="disk">/tmp/test-disk-big/72/4</Query>
  </Pair>
  <Pair reval="1d">
    <File perm="0444">/72/40</File>
    <Query type="disk">/tmp/test-disk-big/72/40</Query>
  </Pair>
  <Pair reval="1d">
    <File perm="0444">/72/41</File>
    <Query type="disk">/tmp/test-disk-big/72/41</Query>
  </Pair>
  <Pair reval="1d">
    <File perm="0444">/72/42</File>
    <Query type="disk">/tmp/test-disk-big/72/42</Query>
  </Pair>
  <Pair reval="1d">
    <File perm="0444">/72/43</File>
    <Query type="disk">/tmp/test-disk-big/72/43</Query>
  </Pair>
  <Pair reval="1d">
    <File perm="0444">/72/44</File>
    <Query type="disk">/tmp/test-disk-big/72/44</Query>
  </Pair>
  <Pair reval="1d">
    <File perm="0444">/72/45</File>
    <Query type="disk">/tmp/test-disk-big/72/45</Query>
  </Pair>
  <Pair reval="1d">
    <File perm="0444">/72/46</File>
    <Query type="disk">/tmp/test-disk-big/72/46</Query>
  </Pair>
  <Pair reval="1d">
    <File perm="0444">/72/47</File>
    <Query type="disk">/tmp/test-disk-big/72/47</Query>
  </Pair>
  <Pair reval="1d">
    <File perm="0444">/72/48</File>
    <Query type="disk">/tmp/test-disk-big/72/48</Query>
  </Pair>
  <Pair reval="1d">
    <File perm="0444">/72/49</File>
    <Query type="disk">/tmp/test-disk-big/72/49</Query>
  </Pair>
  <Pair reval="1d">
    <File perm="0444">/72/5</File>
    <Query type="disk">/tmp/test-disk-big/72/5</Query>
  </Pair>
  <Pair reval="1d">
    <File perm="0444">/72/50</File>
    <Query type="disk">/tmp/test-disk-big/72/50</Query>
  </Pair>
  <Pair reval="1d">
    <File perm="0444">/72/51</File>
    <Query type="disk">/tmp/test-disk-big/72/51</Query>
  </Pair>
  <Pair reval="1d">
    <File perm="0444">/72/52</File>
    <Query type="disk">/tmp/test-disk-big/72/52</Query>
  </Pair>
  <Pair reval="1d">
    <File perm="0444">/72/53</File>
    <Query type="disk">/tmp/test-disk-big/72/53</Query>
  </Pair>
  <Pair reval="1d">
    <File perm="0444">/72/54</File>
    <Query type="disk">/tmp/test-disk-big/72/54</Query>
  </Pair>
  <Pair reval="1d">
    <File perm="0444">/72/55</File>
    <Query type="disk">/tmp/test-disk-big/72/55</Query>
  </Pair>
  <Pair reval="1d">
    <File perm="0444">/72/56</File>
    <Query type="disk">/tmp/test-disk-big/72/56</Query>
  </Pair>
  <Pair reval="1d">
    <File perm="0444">/72/57</File>
    <Query type="disk">/tmp/test-disk-big/72/57</Query>
  </Pair>
  <Pair reval="1d">
    <File perm="0444">/72/58</File>
    <Query type="disk">/tmp/test-disk-big/72/58</Query>
  </Pair>
  <Pair reval="1d">
    <File perm="0444">/72/59</File>
    <Query type="disk">/tmp/test-disk-big/72/59</Query>
  </Pair>
  <Pair reval="1d">
    <File perm="0444">/72/6</File>
    <Query type="disk">/tmp/test-disk-big/72/6</Query>
  </Pair>
  <Pair reval="1d">
    <File perm="0444">/72/60</File>
    <Query type="disk">/tmp/test-disk-big/72/60</Query>
  </Pair>
  <Pair reval="1d">
    <File perm="0444">/72/61</File>
    <Query type="disk">/tmp/test-disk-big/72/61</Query>
  </Pair>
  <Pair reval="1d">
    <File perm="0444">/72/62</File>
    <Query type="disk">/tmp/test-disk-big/72/62</Query>
  </Pair>
  <Pair reval="1d">
    <File perm="0444">/72/63</File>
    <Query type="disk">/tmp/test-disk-big/72/63</Query>
  </Pair>
  <Pair reval="1d">
    <File perm="0444">/72/64</File>
    <Query type="disk">/tmp/test-disk-big/72/64</Query>
  </Pair>
  <Pair reval="1d">
    <File perm="0444">/72/65</File>
    <Query type="disk">/tmp/test-disk-big/72/65</Query>
  </Pair>
  <Pair reval="1d">
    <File perm="0444">/72/66</File>
    <Query type="disk">/tmp/test-disk-big/72/66</Query>
  </Pair>
  <Pair reval="1d">
    <File perm="0444">/72/67</File>
    <Query type="disk">/tmp/test-disk-big/72/67</Query>
  </Pair>
  <Pair reval="1d">
    <File perm="0444">/72/68</File>
    <Query type="disk">/tmp/test-disk-big/72/68</Query>
  </Pair>
  <Pair reval="1d">
    <File perm="0444">/72/69</File>
    <Query type="disk">/tmp/test-disk-big/72/69</Query>
  </Pair>
  <Pair reval="1d">
    <File perm="0444">/72/7</File>
    <Query type="disk">/tmp/test-disk-big/72/7</Query>
  </Pair>
  <Pair reval="1d">
    <File perm="0444">/72/70</File>
    <Query type="disk">/tmp/test-disk-big/72/70</Query>
  </Pair>
  <Pair reval="1d">
    <File perm="0444">/72/71</File>
    <Query type="disk">/tmp/test-disk-big/72/71</Query>
  </Pair>
  <Pair reval="1d">
    <File perm="0444">/72/72</File>
    <Query type="disk">/tmp/test-disk-big/72/72</Query>
  </Pair>
  <Pair reval="1d">
    <File perm="0444">/72/73</File>
    <Query type="disk">/tmp/test-disk-big/72/73</Query>
  </Pair>
  <Pair reval="1d">
    <File perm="0444">/72/74</File>
    <Query type="disk">/tmp/test-disk-big/72/74</Query>
  </Pair>
  <Pair reval="1d">
    <File perm="0444">/72/75</File>
    <Query type="disk">/tmp/test-disk-big/72/75</Query>
  </Pair>
  <Pair reval="1d">
    <File perm="0444">/72/76</File>
    <Query type="disk">/tmp/test-disk-big/72/76</Query>
  </Pair>
  <Pair reval="1d">
    <File perm="0444">/72/77</File>
    <Query type="disk">/tmp/test-disk-big/72/77</Query>
  </Pair>
  <Pair reval="1d">
    <File perm="0444">/72/78</File>
    <Query type="disk">/tmp/test-disk-big/72/78</Query>
  </Pair>
  <Pair reval="1d">
    <File perm="0444">/72/79</File>
    <Query type="disk">/tmp/test-disk-big/72/79</Query>
  </Pair>
  <Pair reval="1d">
    <File perm="0444">/72/8</File>
    <Query type="disk">/tmp/test-disk-big/72/8</Query>
  </Pair>
  <Pair reval="1d">
    <File perm="0444">/72/80</File>
    <Query type="disk">/tmp/test-disk-big/72/80</Query>
  </Pair>
  <Pair reval="1d">
    <File perm="0444">/72/81</File>
    <Query type="disk">/tmp/test-disk-big/72/81</Query>
  </Pair>
  <Pair reval="1d">
    <File perm="0444">/72/82</File>
    <Query type="disk">/tmp/test-disk-big/72/82</Query>
  </Pair>
  <Pair reval="1d">
    <File perm="0444">/72/83</File>
    <Query type="disk">/tmp/test-disk-big/72/83</Query>
  </Pair>
  <Pair reval="1d">
    <File perm="0444">/72/84</File>
    <Query type="disk">/tmp/test-disk-big/72/84</Query>
  </Pair>
  <Pair reval="1d">
    <File perm="0444">/72/85</File>
    <Query type="disk">/tmp/test-disk-big/72/85</Query>
  </Pair>
  <Pair reval="1d">
    <File perm="0444">/72/86</File>
    <Query type="disk">/tmp/test-disk-big/72/86</Query>
  </Pair>
  <Pair reval="1d">
    <File perm="0444">/72/87</File>
    <Query type="disk">/tmp/test-disk-big/72/87</Query>
  </Pair>
  <Pair reval="1d">
    <File perm="0444">/72/88</File>
    <Query type="disk">/tmp/test-disk-big/72/88</Query>
  </Pair>
  <Pair reval="1d">
    <File perm="0444">/72/89</File>
    <Query type="disk">/tmp/test-disk-big/72/89</Query>
  </Pair>
  <Pair reval="1d">
    <File perm="0444">/72/9</File>
    <Query type="disk">/tmp/test-disk-big/72/9</Query>
  </Pair>
  <Pair reval="1d">
    <File perm="0444">/72/90</File>
    <Query type="disk">/tmp/test-disk-big/72/90</Query>
  </Pair>
  <Pair reval="1d">
    <File perm="0444">/72/91</File>
    <Query type="disk">/tmp/test-disk-big/72/91</Query>
  </Pair>
  <Pair reval="1d">
    <File perm="0444">/72/92</File>
    <Query type="disk">/tmp/test-disk-big/72/92</Query>
  </Pair>
  <Pair reval="1d">
    <File perm="0444">/72/93</File>
    <Query type="disk">/tmp/test-disk-big/72/93</Query>
  </Pair>
  <Pair reval="1d">
    <File perm="0444">/72/94</File>
    <Query type="disk">/tmp/test-disk-big/72/94</Query>
  </Pair>
  <Pair reval="1d">
    <File perm="0444">/72/95</File>
    <Query type="disk">/tmp/test-disk-big/72/95</Query>
  </Pair>
  <Pair reval="1d">
    <File perm="0444">/72/96</File>
    <Query type="disk">/tmp/test-disk-big/72/96</Query>
  </Pair>
  <Pair reval="1d">
    <File perm="0444">/72/97</File>
    <Query type="disk">/tmp/test-disk-big/72/97</Query>
  </Pair>
  <Pair reval="1d">
    <File perm="0444">/72/98</File>
    <Query type="disk">/tmp/test-disk-big/72/98</Query>
  </Pair>
  <Pair reval="1d">
    <File perm="0444">/72/99</File>
    <Query type="disk">/tmp/test-disk-big/72/99</Query>
  </Pair>
  <Pair reval="1d">
    <Dir perm="0555">/73</Dir>
    <Query type="disk"></Query>
  </Pair>
  <Pair reval="1d">
    <File perm="0444">/73/1</File>
    <Query type="disk">/tmp/test-disk-big/73/1</Query>
  </Pair>
  <Pair reval="1d">
    <File perm="0444">/73/10</File>
    <Query type="disk">/tmp/test-disk-big/73/10</Query>
  </Pair>
  <Pair reval="1d">
    <File perm="0444">/73/100</File>
    <Query type="disk">/tmp/test-disk-big/73/100</Query>
  </Pair>
  <Pair reval="1d">
    <File perm="0444">/73/11</File>
    <Query type="disk">/tmp/test-disk-big/73/11</Query>
  </Pair>
  <Pair reval="1d">
    <File perm="0444">/73/12</File>
    <Query type="disk">/tmp/test-disk-big/73/12</Query>
  </Pair>
  <Pair reval="1d">
    <File perm="0444">/73/13</File>
    <Query type="disk">/tmp/test-disk-big/73/13</Query>
  </Pair>
  <Pair reval="1d">
    <File perm="0444">/73/14</File>
    <Query type="disk">/tmp/test-disk-big/73/14</Query>
  </Pair>
  <Pair reval="1d">
    <File perm="0444">/73/15</File>
    <Query type="disk">/tmp/test-disk-big/73/15</Query>
  </Pair>
  <Pair reval="1d">
    <File perm="0444">/73/16</File>
    <Query type="disk">/tmp/test-disk-big/73/16</Query>
  </Pair>
  <Pair reval="1d">
    <File perm="0444">/73/17</File>
    <Query type="disk">/tmp/test-disk-big/73/17</Query>
  </Pair>
  <Pair reval="1d">
    <File perm="0444">/73/18</File>
    <Query type="disk">/tmp/test-disk-big/73/18</Query>
  </Pair>
  <Pair reval="1d">
    <File perm="0444">/73/19</File>
    <Query type="disk">/tmp/test-disk-big/73/19</Query>
  </Pair>
  <Pair reval="1d">
    <File perm="0444">/73/2</File>
    <Query type="disk">/tmp/test-disk-big/73/2</Query>
  </Pair>
  <Pair reval="1d">
    <File perm="0444">/73/20</File>
    <Query type="disk">/tmp/test-disk-big/73/20</Query>
  </Pair>
  <Pair reval="1d">
    <File perm="0444">/73/21</File>
    <Query type="disk">/tmp/test-disk-big/73/21</Query>
  </Pair>
  <Pair reval="1d">
    <File perm="0444">/73/22</File>
    <Query type="disk">/tmp/test-disk-big/73/22</Query>
  </Pair>
  <Pair reval="1d">
    <File perm="0444">/73/23</File>
    <Query type="disk">/tmp/test-disk-big/73/23</Query>
  </Pair>
  <Pair reval="1d">
    <File perm="0444">/73/24</File>
    <Query type="disk">/tmp/test-disk-big/73/24</Query>
  </Pair>
  <Pair reval="1d">
    <File perm="0444">/73/25</File>
    <Query type="disk">/tmp/test-disk-big/73/25</Query>
  </Pair>
  <Pair reval="1d">
    <File perm="0444">/73/26</File>
    <Query type="disk">/tmp/test-disk-big/73/26</Query>
  </Pair>
  <Pair reval="1d">
    <File perm="0444">/73/27</File>
    <Query type="disk">/tmp/test-disk-big/73/27</Query>
  </Pair>
  <Pair reval="1d">
    <File perm="0444">/73/28</File>
    <Query type="disk">/tmp/test-disk-big/73/28</Query>
  </Pair>
  <Pair reval="1d">
    <File perm="0444">/73/29</File>
    <Query type="disk">/tmp/test-disk-big/73/29</Query>
  </Pair>
  <Pair reval="1d">
    <File perm="0444">/73/3</File>
    <Query type="disk">/tmp/test-disk-big/73/3</Query>
  </Pair>
  <Pair reval="1d">
    <File perm="0444">/73/30</File>
    <Query type="disk">/tmp/test-disk-big/73/30</Query>
  </Pair>
  <Pair reval="1d">
    <File perm="0444">/73/31</File>
    <Query type="disk">/tmp/test-disk-big/73/31</Query>
  </Pair>
  <Pair reval="1d">
    <File perm="0444">/73/32</File>
    <Query type="disk">/tmp/test-disk-big/73/32</Query>
  </Pair>
  <Pair reval="1d">
    <File perm="0444">/73/33</File>
    <Query type="disk">/tmp/test-disk-big/73/33</Query>
  </Pair>
  <Pair reval="1d">
    <File perm="0444">/73/34</File>
    <Query type="disk">/tmp/test-disk-big/73/34</Query>
  </Pair>
  <Pair reval="1d">
    <File perm="0444">/73/35</File>
    <Query type="disk">/tmp/test-disk-big/73/35</Query>
  </Pair>
  <Pair reval="1d">
    <File perm="0444">/73/36</File>
    <Query type="disk">/tmp/test-disk-big/73/36</Query>
  </Pair>
  <Pair reval="1d">
    <File perm="0444">/73/37</File>
    <Query type="disk">/tmp/test-disk-big/73/37</Query>
  </Pair>
  <Pair reval="1d">
    <File perm="0444">/73/38</File>
    <Query type="disk">/tmp/test-disk-big/73/38</Query>
  </Pair>
  <Pair reval="1d">
    <File perm="0444">/73/39</File>
    <Query type="disk">/tmp/test-disk-big/73/39</Query>
  </Pair>
  <Pair reval="1d">
    <File perm="0444">/73/4</File>
    <Query type="disk">/tmp/test-disk-big/73/4</Query>
  </Pair>
  <Pair reval="1d">
    <File perm="0444">/73/40</File>
    <Query type="disk">/tmp/test-disk-big/73/40</Query>
  </Pair>
  <Pair reval="1d">
    <File perm="0444">/73/41</File>
    <Query type="disk">/tmp/test-disk-big/73/41</Query>
  </Pair>
  <Pair reval="1d">
    <File perm="0444">/73/42</File>
    <Query type="disk">/tmp/test-disk-big/73/42</Query>
  </Pair>
  <Pair reval="1d">
    <File perm="0444">/73/43</File>
    <Query type="disk">/tmp/test-disk-big/73/43</Query>
  </Pair>
  <Pair reval="1d">
    <File perm="0444">/73/44</File>
    <Query type="disk">/tmp/test-disk-big/73/44</Query>
  </Pair>
  <Pair reval="1d">
    <File perm="0444">/73/45</File>
    <Query type="disk">/tmp/test-disk-big/73/45</Query>
  </Pair>
  <Pair reval="1d">
    <File perm="0444">/73/46</File>
    <Query type="disk">/tmp/test-disk-big/73/46</Query>
  </Pair>
  <Pair reval="1d">
    <File perm="0444">/73/47</File>
    <Query type="disk">/tmp/test-disk-big/73/47</Query>
  </Pair>
  <Pair reval="1d">
    <File perm="0444">/73/48</File>
    <Query type="disk">/tmp/test-disk-big/73/48</Query>
  </Pair>
  <Pair reval="1d">
    <File perm="0444">/73/49</File>
    <Query type="disk">/tmp/test-disk-big/73/49</Query>
  </Pair>
  <Pair reval="1d">
    <File perm="0444">/73/5</File>
    <Query type="disk">/tmp/test-disk-big/73/5</Query>
  </Pair>
  <Pair reval="1d">
    <File perm="0444">/73/50</File>
    <Query type="disk">/tmp/test-disk-big/73/50</Query>
  </Pair>
  <Pair reval="1d">
    <File perm="0444">/73/51</File>
    <Query type="disk">/tmp/test-disk-big/73/51</Query>
  </Pair>
  <Pair reval="1d">
    <File perm="0444">/73/52</File>
    <Query type="disk">/tmp/test-disk-big/73/52</Query>
  </Pair>
  <Pair reval="1d">
    <File perm="0444">/73/53</File>
    <Query type="disk">/tmp/test-disk-big/73/53</Query>
  </Pair>
  <Pair reval="1d">
    <File perm="0444">/73/54</File>
    <Query type="disk">/tmp/test-disk-big/73/54</Query>
  </Pair>
  <Pair reval="1d">
    <File perm="0444">/73/55</File>
    <Query type="disk">/tmp/test-disk-big/73/55</Query>
  </Pair>
  <Pair reval="1d">
    <File perm="0444">/73/56</File>
    <Query type="disk">/tmp/test-disk-big/73/56</Query>
  </Pair>
  <Pair reval="1d">
    <File perm="0444">/73/57</File>
    <Query type="disk">/tmp/test-disk-big/73/57</Query>
  </Pair>
  <Pair reval="1d">
    <File perm="0444">/73/58</File>
    <Query type="disk">/tmp/test-disk-big/73/58</Query>
  </Pair>
  <Pair reval="1d">
    <File perm="0444">/73/59</File>
    <Query type="disk">/tmp/test-disk-big/73/59</Query>
  </Pair>
  <Pair reval="1d">
    <File perm="0444">/73/6</File>
    <Query type="disk">/tmp/test-disk-big/73/6</Query>
  </Pair>
  <Pair reval="1d">
    <File perm="0444">/73/60</File>
    <Query type="disk">/tmp/test-disk-big/73/60</Query>
  </Pair>
  <Pair reval="1d">
    <File perm="0444">/73/61</File>
    <Query type="disk">/tmp/test-disk-big/73/61</Query>
  </Pair>
  <Pair reval="1d">
    <File perm="0444">/73/62</File>
    <Query type="disk">/tmp/test-disk-big/73/62</Query>
  </Pair>
  <Pair reval="1d">
    <File perm="0444">/73/63</File>
    <Query type="disk">/tmp/test-disk-big/73/63</Query>
  </Pair>
  <Pair reval="1d">
    <File perm="0444">/73/64</File>
    <Query type="disk">/tmp/test-disk-big/73/64</Query>
  </Pair>
  <Pair reval="1d">
    <File perm="0444">/73/65</File>
    <Query type="disk">/tmp/test-disk-big/73/65</Query>
  </Pair>
  <Pair reval="1d">
    <File perm="0444">/73/66</File>
    <Query type="disk">/tmp/test-disk-big/73/66</Query>
  </Pair>
  <Pair reval="1d">
    <File perm="0444">/73/67</File>
    <Query type="disk">/tmp/test-disk-big/73/67</Query>
  </Pair>
  <Pair reval="1d">
    <File perm="0444">/73/68</File>
    <Query type="disk">/tmp/test-disk-big/73/68</Query>
  </Pair>
  <Pair reval="1d">
    <File perm="0444">/73/69</File>
    <Query type="disk">/tmp/test-disk-big/73/69</Query>
  </Pair>
  <Pair reval="1d">
    <File perm="0444">/73/7</File>
    <Query type="disk">/tmp/test-disk-big/73/7</Query>
  </Pair>
  <Pair reval="1d">
    <File perm="0444">/73/70</File>
    <Query type="disk">/tmp/test-disk-big/73/70</Query>
  </Pair>
  <Pair reval="1d">
    <File perm="0444">/73/71</File>
    <Query type="disk">/tmp/test-disk-big/73/71</Query>
  </Pair>
  <Pair reval="1d">
    <File perm="0444">/73/72</File>
    <Query type="disk">/tmp/test-disk-big/73/72</Query>
  </Pair>
  <Pair reval="1d">
    <File perm="0444">/73/73</File>
    <Query type="disk">/tmp/test-disk-big/73/73</Query>
  </Pair>
  <Pair reval="1d">
    <File perm="0444">/73/74</File>
    <Query type="disk">/tmp/test-disk-big/73/74</Query>
  </Pair>
  <Pair reval="1d">
    <File perm="0444">/73/75</File>
    <Query type="disk">/tmp/test-disk-big/73/75</Query>
  </Pair>
  <Pair reval="1d">
    <File perm="0444">/73/76</File>
    <Query type="disk">/tmp/test-disk-big/73/76</Query>
  </Pair>
  <Pair reval="1d">
    <File perm="0444">/73/77</File>
    <Query type="disk">/tmp/test-disk-big/73/77</Query>
  </Pair>
  <Pair reval="1d">
    <File perm="0444">/73/78</File>
    <Query type="disk">/tmp/test-disk-big/73/78</Query>
  </Pair>
  <Pair reval="1d">
    <File perm="0444">/73/79</File>
    <Query type="disk">/tmp/test-disk-big/73/79</Query>
  </Pair>
  <Pair reval="1d">
    <File perm="0444">/73/8</File>
    <Query type="disk">/tmp/test-disk-big/73/8</Query>
  </Pair>
  <Pair reval="1d">
    <File perm="0444">/73/80</File>
    <Query type="disk">/tmp/test-disk-big/73/80</Query>
  </Pair>
  <Pair reval="1d">
    <File perm="0444">/73/81</File>
    <Query type="disk">/tmp/test-disk-big/73/81</Query>
  </Pair>
  <Pair reval="1d">
    <File perm="0444">/73/82</File>
    <Query type="disk">/tmp/test-disk-big/73/82</Query>
  </Pair>
  <Pair reval="1d">
    <File perm="0444">/73/83</File>
    <Query type="disk">/tmp/test-disk-big/73/83</Query>
  </Pair>
  <Pair reval="1d">
    <File perm="0444">/73/84</File>
    <Query type="disk">/tmp/test-disk-big/73/84</Query>
  </Pair>
  <Pair reval="1d">
    <File perm="0444">/73/85</File>
    <Query type="disk">/tmp/test-disk-big/73/85</Query>
  </Pair>
  <Pair reval="1d">
    <File perm="0444">/73/86</File>
    <Query type="disk">/tmp/test-disk-big/73/86</Query>
  </Pair>
  <Pair reval="1d">
    <File perm="0444">/73/87</File>
    <Query type="disk">/tmp/test-disk-big/73/87</Query>
  </Pair>
  <Pair reval="1d">
    <File perm="0444">/73/88</File>
    <Query type="disk">/tmp/test-disk-big/73/88</Query>
  </Pair>
  <Pair reval="1d">
    <File perm="0444">/73/89</File>
    <Query type="disk">/tmp/test-disk-big/73/89</Query>
  </Pair>
  <Pair reval="1d">
    <File perm="0444">/73/9</File>
    <Query type="disk">/tmp/test-disk-big/73/9</Query>
  </Pair>
  <Pair reval="1d">
    <File perm="0444">/73/90</File>
    <Query type="disk">/tmp/test-disk-big/73/90</Query>
  </Pair>
  <Pair reval="1d">
    <File perm="0444">/73/91</File>
    <Query type="disk">/tmp/test-disk-big/73/91</Query>
  </Pair>
  <Pair reval="1d">
    <File perm="0444">/73/92</File>
    <Query type="disk">/tmp/test-disk-big/73/92</Query>
  </Pair>
  <Pair reval="1d">
    <File perm="0444">/73/93</File>
    <Query type="disk">/tmp/test-disk-big/73/93</Query>
  </Pair>
  <Pair reval="1d">
    <File perm="0444">/73/94</File>
    <Query type="disk">/tmp/test-disk-big/73/94</Query>
  </Pair>
  <Pair reval="1d">
    <File perm="0444">/73/95</File>
    <Query type="disk">/tmp/test-disk-big/73/95</Query>
  </Pair>
  <Pair reval="1d">
    <File perm="0444">/73/96</File>
    <Query type="disk">/tmp/test-disk-big/73/96</Query>
  </Pair>
  <Pair reval="1d">
    <File perm="0444">/73/97</File>
    <Query type="disk">/tmp/test-disk-big/73/97</Query>
  </Pair>
  <Pair reval="1d">
    <File perm="0444">/73/98</File>
    <Query type="disk">/tmp/test-disk-big/73/98</Query>
  </Pair>
  <Pair reval="1d">
    <File perm="0444">/73/99</File>
    <Query type="disk">/tmp/test-disk-big/73/99</Query>
  </Pair>
  <Pair reval="1d">
    <Dir perm="0555">/74</Dir>
    <Query type="disk"></Query>
  </Pair>
  <Pair reval="1d">
    <File perm="0444">/74/1</File>
    <Query type="disk">/tmp/test-disk-big/74/1</Query>
  </Pair>
  <Pair reval="1d">
    <File perm="0444">/74/10</File>
    <Query type="disk">/tmp/test-disk-big/74/10</Query>
  </Pair>
  <Pair reval="1d">
    <File perm="0444">/74/100</File>
    <Query type="disk">/tmp/test-disk-big/74/100</Query>
  </Pair>
  <Pair reval="1d">
    <File perm="0444">/74/11</File>
    <Query type="disk">/tmp/test-disk-big/74/11</Query>
  </Pair>
  <Pair reval="1d">
    <File perm="0444">/74/12</File>
    <Query type="disk">/tmp/test-disk-big/74/12</Query>
  </Pair>
  <Pair reval="1d">
    <File perm="0444">/74/13</File>
    <Query type="disk">/tmp/test-disk-big/74/13</Query>
  </Pair>
  <Pair reval="1d">
    <File perm="0444">/74/14</File>
    <Query type="disk">/tmp/test-disk-big/74/14</Query>
  </Pair>
  <Pair reval="1d">
    <File perm="0444">/74/15</File>
    <Query type="disk">/tmp/test-disk-big/74/15</Query>
  </Pair>
  <Pair reval="1d">
    <File perm="0444">/74/16</File>
    <Query type="disk">/tmp/test-disk-big/74/16</Query>
  </Pair>
  <Pair reval="1d">
    <File perm="0444">/74/17</File>
    <Query type="disk">/tmp/test-disk-big/74/17</Query>
  </Pair>
  <Pair reval="1d">
    <File perm="0444">/74/18</File>
    <Query type="disk">/tmp/test-disk-big/74/18</Query>
  </Pair>
  <Pair reval="1d">
    <File perm="0444">/74/19</File>
    <Query type="disk">/tmp/test-disk-big/74/19</Query>
  </Pair>
  <Pair reval="1d">
    <File perm="0444">/74/2</File>
    <Query type="disk">/tmp/test-disk-big/74/2</Query>
  </Pair>
  <Pair reval="1d">
    <File perm="0444">/74/20</File>
    <Query type="disk">/tmp/test-disk-big/74/20</Query>
  </Pair>
  <Pair reval="1d">
    <File perm="0444">/74/21</File>
    <Query type="disk">/tmp/test-disk-big/74/21</Query>
  </Pair>
  <Pair reval="1d">
    <File perm="0444">/74/22</File>
    <Query type="disk">/tmp/test-disk-big/74/22</Query>
  </Pair>
  <Pair reval="1d">
    <File perm="0444">/74/23</File>
    <Query type="disk">/tmp/test-disk-big/74/23</Query>
  </Pair>
  <Pair reval="1d">
    <File perm="0444">/74/24</File>
    <Query type="disk">/tmp/test-disk-big/74/24</Query>
  </Pair>
  <Pair reval="1d">
    <File perm="0444">/74/25</File>
    <Query type="disk">/tmp/test-disk-big/74/25</Query>
  </Pair>
  <Pair reval="1d">
    <File perm="0444">/74/26</File>
    <Query type="disk">/tmp/test-disk-big/74/26</Query>
  </Pair>
  <Pair reval="1d">
    <File perm="0444">/74/27</File>
    <Query type="disk">/tmp/test-disk-big/74/27</Query>
  </Pair>
  <Pair reval="1d">
    <File perm="0444">/74/28</File>
    <Query type="disk">/tmp/test-disk-big/74/28</Query>
  </Pair>
  <Pair reval="1d">
    <File perm="0444">/74/29</File>
    <Query type="disk">/tmp/test-disk-big/74/29</Query>
  </Pair>
  <Pair reval="1d">
    <File perm="0444">/74/3</File>
    <Query type="disk">/tmp/test-disk-big/74/3</Query>
  </Pair>
  <Pair reval="1d">
    <File perm="0444">/74/30</File>
    <Query type="disk">/tmp/test-disk-big/74/30</Query>
  </Pair>
  <Pair reval="1d">
    <File perm="0444">/74/31</File>
    <Query type="disk">/tmp/test-disk-big/74/31</Query>
  </Pair>
  <Pair reval="1d">
    <File perm="0444">/74/32</File>
    <Query type="disk">/tmp/test-disk-big/74/32</Query>
  </Pair>
  <Pair reval="1d">
    <File perm="0444">/74/33</File>
    <Query type="disk">/tmp/test-disk-big/74/33</Query>
  </Pair>
  <Pair reval="1d">
    <File perm="0444">/74/34</File>
    <Query type="disk">/tmp/test-disk-big/74/34</Query>
  </Pair>
  <Pair reval="1d">
    <File perm="0444">/74/35</File>
    <Query type="disk">/tmp/test-disk-big/74/35</Query>
  </Pair>
  <Pair reval="1d">
    <File perm="0444">/74/36</File>
    <Query type="disk">/tmp/test-disk-big/74/36</Query>
  </Pair>
  <Pair reval="1d">
    <File perm="0444">/74/37</File>
    <Query type="disk">/tmp/test-disk-big/74/37</Query>
  </Pair>
  <Pair reval="1d">
    <File perm="0444">/74/38</File>
    <Query type="disk">/tmp/test-disk-big/74/38</Query>
  </Pair>
  <Pair reval="1d">
    <File perm="0444">/74/39</File>
    <Query type="disk">/tmp/test-disk-big/74/39</Query>
  </Pair>
  <Pair reval="1d">
    <File perm="0444">/74/4</File>
    <Query type="disk">/tmp/test-disk-big/74/4</Query>
  </Pair>
  <Pair reval="1d">
    <File perm="0444">/74/40</File>
    <Query type="disk">/tmp/test-disk-big/74/40</Query>
  </Pair>
  <Pair reval="1d">
    <File perm="0444">/74/41</File>
    <Query type="disk">/tmp/test-disk-big/74/41</Query>
  </Pair>
  <Pair reval="1d">
    <File perm="0444">/74/42</File>
    <Query type="disk">/tmp/test-disk-big/74/42</Query>
  </Pair>
  <Pair reval="1d">
    <File perm="0444">/74/43</File>
    <Query type="disk">/tmp/test-disk-big/74/43</Query>
  </Pair>
  <Pair reval="1d">
    <File perm="0444">/74/44</File>
    <Query type="disk">/tmp/test-disk-big/74/44</Query>
  </Pair>
  <Pair reval="1d">
    <File perm="0444">/74/45</File>
    <Query type="disk">/tmp/test-disk-big/74/45</Query>
  </Pair>
  <Pair reval="1d">
    <File perm="0444">/74/46</File>
    <Query type="disk">/tmp/test-disk-big/74/46</Query>
  </Pair>
  <Pair reval="1d">
    <File perm="0444">/74/47</File>
    <Query type="disk">/tmp/test-disk-big/74/47</Query>
  </Pair>
  <Pair reval="1d">
    <File perm="0444">/74/48</File>
    <Query type="disk">/tmp/test-disk-big/74/48</Query>
  </Pair>
  <Pair reval="1d">
    <File perm="0444">/74/49</File>
    <Query type="disk">/tmp/test-disk-big/74/49</Query>
  </Pair>
  <Pair reval="1d">
    <File perm="0444">/74/5</File>
    <Query type="disk">/tmp/test-disk-big/74/5</Query>
  </Pair>
  <Pair reval="1d">
    <File perm="0444">/74/50</File>
    <Query type="disk">/tmp/test-disk-big/74/50</Query>
  </Pair>
  <Pair reval="1d">
    <File perm="0444">/74/51</File>
    <Query type="disk">/tmp/test-disk-big/74/51</Query>
  </Pair>
  <Pair reval="1d">
    <File perm="0444">/74/52</File>
    <Query type="disk">/tmp/test-disk-big/74/52</Query>
  </Pair>
  <Pair reval="1d">
    <File perm="0444">/74/53</File>
    <Query type="disk">/tmp/test-disk-big/74/53</Query>
  </Pair>
  <Pair reval="1d">
    <File perm="0444">/74/54</File>
    <Query type="disk">/tmp/test-disk-big/74/54</Query>
  </Pair>
  <Pair reval="1d">
    <File perm="0444">/74/55</File>
    <Query type="disk">/tmp/test-disk-big/74/55</Query>
  </Pair>
  <Pair reval="1d">
    <File perm="0444">/74/56</File>
    <Query type="disk">/tmp/test-disk-big/74/56</Query>
  </Pair>
  <Pair reval="1d">
    <File perm="0444">/74/57</File>
    <Query type="disk">/tmp/test-disk-big/74/57</Query>
  </Pair>
  <Pair reval="1d">
    <File perm="0444">/74/58</File>
    <Query type="disk">/tmp/test-disk-big/74/58</Query>
  </Pair>
  <Pair reval="1d">
    <File perm="0444">/74/59</File>
    <Query type="disk">/tmp/test-disk-big/74/59</Query>
  </Pair>
  <Pair reval="1d">
    <File perm="0444">/74/6</File>
    <Query type="disk">/tmp/test-disk-big/74/6</Query>
  </Pair>
  <Pair reval="1d">
    <File perm="0444">/74/60</File>
    <Query type="disk">/tmp/test-disk-big/74/60</Query>
  </Pair>
  <Pair reval="1d">
    <File perm="0444">/74/61</File>
    <Query type="disk">/tmp/test-disk-big/74/61</Query>
  </Pair>
  <Pair reval="1d">
    <File perm="0444">/74/62</File>
    <Query type="disk">/tmp/test-disk-big/74/62</Query>
  </Pair>
  <Pair reval="1d">
    <File perm="0444">/74/63</File>
    <Query type="disk">/tmp/test-disk-big/74/63</Query>
  </Pair>
  <Pair reval="1d">
    <File perm="0444">/74/64</File>
    <Query type="disk">/tmp/test-disk-big/74/64</Query>
  </Pair>
  <Pair reval="1d">
    <File perm="0444">/74/65</File>
    <Query type="disk">/tmp/test-disk-big/74/65</Query>
  </Pair>
  <Pair reval="1d">
    <File perm="0444">/74/66</File>
    <Query type="disk">/tmp/test-disk-big/74/66</Query>
  </Pair>
  <Pair reval="1d">
    <File perm="0444">/74/67</File>
    <Query type="disk">/tmp/test-disk-big/74/67</Query>
  </Pair>
  <Pair reval="1d">
    <File perm="0444">/74/68</File>
    <Query type="disk">/tmp/test-disk-big/74/68</Query>
  </Pair>
  <Pair reval="1d">
    <File perm="0444">/74/69</File>
    <Query type="disk">/tmp/test-disk-big/74/69</Query>
  </Pair>
  <Pair reval="1d">
    <File perm="0444">/74/7</File>
    <Query type="disk">/tmp/test-disk-big/74/7</Query>
  </Pair>
  <Pair reval="1d">
    <File perm="0444">/74/70</File>
    <Query type="disk">/tmp/test-disk-big/74/70</Query>
  </Pair>
  <Pair reval="1d">
    <File perm="0444">/74/71</File>
    <Query type="disk">/tmp/test-disk-big/74/71</Query>
  </Pair>
  <Pair reval="1d">
    <File perm="0444">/74/72</File>
    <Query type="disk">/tmp/test-disk-big/74/72</Query>
  </Pair>
  <Pair reval="1d">
    <File perm="0444">/74/73</File>
    <Query type="disk">/tmp/test-disk-big/74/73</Query>
  </Pair>
  <Pair reval="1d">
    <File perm="0444">/74/74</File>
    <Query type="disk">/tmp/test-disk-big/74/74</Query>
  </Pair>
  <Pair reval="1d">
    <File perm="0444">/74/75</File>
    <Query type="disk">/tmp/test-disk-big/74/75</Query>
  </Pair>
  <Pair reval="1d">
    <File perm="0444">/74/76</File>
    <Query type="disk">/tmp/test-disk-big/74/76</Query>
  </Pair>
  <Pair reval="1d">
    <File perm="0444">/74/77</File>
    <Query type="disk">/tmp/test-disk-big/74/77</Query>
  </Pair>
  <Pair reval="1d">
    <File perm="0444">/74/78</File>
    <Query type="disk">/tmp/test-disk-big/74/78</Query>
  </Pair>
  <Pair reval="1d">
    <File perm="0444">/74/79</File>
    <Query type="disk">/tmp/test-disk-big/74/79</Query>
  </Pair>
  <Pair reval="1d">
    <File perm="0444">/74/8</File>
    <Query type="disk">/tmp/test-disk-big/74/8</Query>
  </Pair>
  <Pair reval="1d">
    <File perm="0444">/74/80</File>
    <Query type="disk">/tmp/test-disk-big/74/80</Query>
  </Pair>
  <Pair reval="1d">
    <File perm="0444">/74/81</File>
    <Query type="disk">/tmp/test-disk-big/74/81</Query>
  </Pair>
  <Pair reval="1d">
    <File perm="0444">/74/82</File>
    <Query type="disk">/tmp/test-disk-big/74/82</Query>
  </Pair>
  <Pair reval="1d">
    <File perm="0444">/74/83</File>
    <Query type="disk">/tmp/test-disk-big/74/83</Query>
  </Pair>
  <Pair reval="1d">
    <File perm="0444">/74/84</File>
    <Query type="disk">/tmp/test-disk-big/74/84</Query>
  </Pair>
  <Pair reval="1d">
    <File perm="0444">/74/85</File>
    <Query type="disk">/tmp/test-disk-big/74/85</Query>
  </Pair>
  <Pair reval="1d">
    <File perm="0444">/74/86</File>
    <Query type="disk">/tmp/test-disk-big/74/86</Query>
  </Pair>
  <Pair reval="1d">
    <File perm="0444">/74/87</File>
    <Query type="disk">/tmp/test-disk-big/74/87</Query>
  </Pair>
  <Pair reval="1d">
    <File perm="0444">/74/88</File>
    <Query type="disk">/tmp/test-disk-big/74/88</Query>
  </Pair>
  <Pair reval="1d">
    <File perm="0444">/74/89</File>
    <Query type="disk">/tmp/test-disk-big/74/89</Query>
  </Pair>
  <Pair reval="1d">
    <File perm="0444">/74/9</File>
    <Query type="disk">/tmp/test-disk-big/74/9</Query>
  </Pair>
  <Pair reval="1d">
    <File perm="0444">/74/90</File>
    <Query type="disk">/tmp/test-disk-big/74/90</Query>
  </Pair>
  <Pair reval="1d">
    <File perm="0444">/74/91</File>
    <Query type="disk">/tmp/test-disk-big/74/91</Query>
  </Pair>
  <Pair reval="1d">
    <File perm="0444">/74/92</File>
    <Query type="disk">/tmp/test-disk-big/74/92</Query>
  </Pair>
  <Pair reval="1d">
    <File perm="0444">/74/93</File>
    <Query type="disk">/tmp/test-disk-big/74/93</Query>
  </Pair>
  <Pair reval="1d">
    <File perm="0444">/74/94</File>
    <Query type="disk">/tmp/test-disk-big/74/94</Query>
  </Pair>
  <Pair reval="1d">
    <File perm="0444">/74/95</File>
    <Query type="disk">/tmp/test-disk-big/74/95</Query>
  </Pair>
  <Pair reval="1d">
    <File perm="0444">/74/96</File>
    <Query type="disk">/tmp/test-disk-big/74/96</Query>
  </Pair>
  <Pair reval="1d">
    <File perm="0444">/74/97</File>
    <Query type="disk">/tmp/test-disk-big/74/97</Query>
  </Pair>
  <Pair reval="1d">
    <File perm="0444">/74/98</File>
    <Query type="disk">/tmp/test-disk-big/74/98</Query>
  </Pair>
  <Pair reval="1d">
    <File perm="0444">/74/99</File>
    <Query type="disk">/tmp/test-disk-big/74/99</Query>
  </Pair>
  <Pair reval="1d">
    <Dir perm="0555">/75</Dir>
    <Query type="disk"></Query>
  </Pair>
  <Pair reval="1d">
    <File perm="0444">/75/1</File>
    <Query type="disk">/tmp/test-disk-big/75/1</Query>
  </Pair>
  <Pair reval="1d">
    <File perm="0444">/75/10</File>
    <Query type="disk">/tmp/test-disk-big/75/10</Query>
  </Pair>
  <Pair reval="1d">
    <File perm="0444">/75/100</File>
    <Query type="disk">/tmp/test-disk-big/75/100</Query>
  </Pair>
  <Pair reval="1d">
    <File perm="0444">/75/11</File>
    <Query type="disk">/tmp/test-disk-big/75/11</Query>
  </Pair>
  <Pair reval="1d">
    <File perm="0444">/75/12</File>
    <Query type="disk">/tmp/test-disk-big/75/12</Query>
  </Pair>
  <Pair reval="1d">
    <File perm="0444">/75/13</File>
    <Query type="disk">/tmp/test-disk-big/75/13</Query>
  </Pair>
  <Pair reval="1d">
    <File perm="0444">/75/14</File>
    <Query type="disk">/tmp/test-disk-big/75/14</Query>
  </Pair>
  <Pair reval="1d">
    <File perm="0444">/75/15</File>
    <Query type="disk">/tmp/test-disk-big/75/15</Query>
  </Pair>
  <Pair reval="1d">
    <File perm="0444">/75/16</File>
    <Query type="disk">/tmp/test-disk-big/75/16</Query>
  </Pair>
  <Pair reval="1d">
    <File perm="0444">/75/17</File>
    <Query type="disk">/tmp/test-disk-big/75/17</Query>
  </Pair>
  <Pair reval="1d">
    <File perm="0444">/75/18</File>
    <Query type="disk">/tmp/test-disk-big/75/18</Query>
  </Pair>
  <Pair reval="1d">
    <File perm="0444">/75/19</File>
    <Query type="disk">/tmp/test-disk-big/75/19</Query>
  </Pair>
  <Pair reval="1d">
    <File perm="0444">/75/2</File>
    <Query type="disk">/tmp/test-disk-big/75/2</Query>
  </Pair>
  <Pair reval="1d">
    <File perm="0444">/75/20</File>
    <Query type="disk">/tmp/test-disk-big/75/20</Query>
  </Pair>
  <Pair reval="1d">
    <File perm="0444">/75/21</File>
    <Query type="disk">/tmp/test-disk-big/75/21</Query>
  </Pair>
  <Pair reval="1d">
    <File perm="0444">/75/22</File>
    <Query type="disk">/tmp/test-disk-big/75/22</Query>
  </Pair>
  <Pair reval="1d">
    <File perm="0444">/75/23</File>
    <Query type="disk">/tmp/test-disk-big/75/23</Query>
  </Pair>
  <Pair reval="1d">
    <File perm="0444">/75/24</File>
    <Query type="disk">/tmp/test-disk-big/75/24</Query>
  </Pair>
  <Pair reval="1d">
    <File perm="0444">/75/25</File>
    <Query type="disk">/tmp/test-disk-big/75/25</Query>
  </Pair>
  <Pair reval="1d">
    <File perm="0444">/75/26</File>
    <Query type="disk">/tmp/test-disk-big/75/26</Query>
  </Pair>
  <Pair reval="1d">
    <File perm="0444">/75/27</File>
    <Query type="disk">/tmp/test-disk-big/75/27</Query>
  </Pair>
  <Pair reval="1d">
    <File perm="0444">/75/28</File>
    <Query type="disk">/tmp/test-disk-big/75/28</Query>
  </Pair>
  <Pair reval="1d">
    <File perm="0444">/75/29</File>
    <Query type="disk">/tmp/test-disk-big/75/29</Query>
  </Pair>
  <Pair reval="1d">
    <File perm="0444">/75/3</File>
    <Query type="disk">/tmp/test-disk-big/75/3</Query>
  </Pair>
  <Pair reval="1d">
    <File perm="0444">/75/30</File>
    <Query type="disk">/tmp/test-disk-big/75/30</Query>
  </Pair>
  <Pair reval="1d">
    <File perm="0444">/75/31</File>
    <Query type="disk">/tmp/test-disk-big/75/31</Query>
  </Pair>
  <Pair reval="1d">
    <File perm="0444">/75/32</File>
    <Query type="disk">/tmp/test-disk-big/75/32</Query>
  </Pair>
  <Pair reval="1d">
    <File perm="0444">/75/33</File>
    <Query type="disk">/tmp/test-disk-big/75/33</Query>
  </Pair>
  <Pair reval="1d">
    <File perm="0444">/75/34</File>
    <Query type="disk">/tmp/test-disk-big/75/34</Query>
  </Pair>
  <Pair reval="1d">
    <File perm="0444">/75/35</File>
    <Query type="disk">/tmp/test-disk-big/75/35</Query>
  </Pair>
  <Pair reval="1d">
    <File perm="0444">/75/36</File>
    <Query type="disk">/tmp/test-disk-big/75/36</Query>
  </Pair>
  <Pair reval="1d">
    <File perm="0444">/75/37</File>
    <Query type="disk">/tmp/test-disk-big/75/37</Query>
  </Pair>
  <Pair reval="1d">
    <File perm="0444">/75/38</File>
    <Query type="disk">/tmp/test-disk-big/75/38</Query>
  </Pair>
  <Pair reval="1d">
    <File perm="0444">/75/39</File>
    <Query type="disk">/tmp/test-disk-big/75/39</Query>
  </Pair>
  <Pair reval="1d">
    <File perm="0444">/75/4</File>
    <Query type="disk">/tmp/test-disk-big/75/4</Query>
  </Pair>
  <Pair reval="1d">
    <File perm="0444">/75/40</File>
    <Query type="disk">/tmp/test-disk-big/75/40</Query>
  </Pair>
  <Pair reval="1d">
    <File perm="0444">/75/41</File>
    <Query type="disk">/tmp/test-disk-big/75/41</Query>
  </Pair>
  <Pair reval="1d">
    <File perm="0444">/75/42</File>
    <Query type="disk">/tmp/test-disk-big/75/42</Query>
  </Pair>
  <Pair reval="1d">
    <File perm="0444">/75/43</File>
    <Query type="disk">/tmp/test-disk-big/75/43</Query>
  </Pair>
  <Pair reval="1d">
    <File perm="0444">/75/44</File>
    <Query type="disk">/tmp/test-disk-big/75/44</Query>
  </Pair>
  <Pair reval="1d">
    <File perm="0444">/75/45</File>
    <Query type="disk">/tmp/test-disk-big/75/45</Query>
  </Pair>
  <Pair reval="1d">
    <File perm="0444">/75/46</File>
    <Query type="disk">/tmp/test-disk-big/75/46</Query>
  </Pair>
  <Pair reval="1d">
    <File perm="0444">/75/47</File>
    <Query type="disk">/tmp/test-disk-big/75/47</Query>
  </Pair>
  <Pair reval="1d">
    <File perm="0444">/75/48</File>
    <Query type="disk">/tmp/test-disk-big/75/48</Query>
  </Pair>
  <Pair reval="1d">
    <File perm="0444">/75/49</File>
    <Query type="disk">/tmp/test-disk-big/75/49</Query>
  </Pair>
  <Pair reval="1d">
    <File perm="0444">/75/5</File>
    <Query type="disk">/tmp/test-disk-big/75/5</Query>
  </Pair>
  <Pair reval="1d">
    <File perm="0444">/75/50</File>
    <Query type="disk">/tmp/test-disk-big/75/50</Query>
  </Pair>
  <Pair reval="1d">
    <File perm="0444">/75/51</File>
    <Query type="disk">/tmp/test-disk-big/75/51</Query>
  </Pair>
  <Pair reval="1d">
    <File perm="0444">/75/52</File>
    <Query type="disk">/tmp/test-disk-big/75/52</Query>
  </Pair>
  <Pair reval="1d">
    <File perm="0444">/75/53</File>
    <Query type="disk">/tmp/test-disk-big/75/53</Query>
  </Pair>
  <Pair reval="1d">
    <File perm="0444">/75/54</File>
    <Query type="disk">/tmp/test-disk-big/75/54</Query>
  </Pair>
  <Pair reval="1d">
    <File perm="0444">/75/55</File>
    <Query type="disk">/tmp/test-disk-big/75/55</Query>
  </Pair>
  <Pair reval="1d">
    <File perm="0444">/75/56</File>
    <Query type="disk">/tmp/test-disk-big/75/56</Query>
  </Pair>
  <Pair reval="1d">
    <File perm="0444">/75/57</File>
    <Query type="disk">/tmp/test-disk-big/75/57</Query>
  </Pair>
  <Pair reval="1d">
    <File perm="0444">/75/58</File>
    <Query type="disk">/tmp/test-disk-big/75/58</Query>
  </Pair>
  <Pair reval="1d">
    <File perm="0444">/75/59</File>
    <Query type="disk">/tmp/test-disk-big/75/59</Query>
  </Pair>
  <Pair reval="1d">
    <File perm="0444">/75/6</File>
    <Query type="disk">/tmp/test-disk-big/75/6</Query>
  </Pair>
  <Pair reval="1d">
    <File perm="0444">/75/60</File>
    <Query type="disk">/tmp/test-disk-big/75/60</Query>
  </Pair>
  <Pair reval="1d">
    <File perm="0444">/75/61</File>
    <Query type="disk">/tmp/test-disk-big/75/61</Query>
  </Pair>
  <Pair reval="1d">
    <File perm="0444">/75/62</File>
    <Query type="disk">/tmp/test-disk-big/75/62</Query>
  </Pair>
  <Pair reval="1d">
    <File perm="0444">/75/63</File>
    <Query type="disk">/tmp/test-disk-big/75/63</Query>
  </Pair>
  <Pair reval="1d">
    <File perm="0444">/75/64</File>
    <Query type="disk">/tmp/test-disk-big/75/64</Query>
  </Pair>
  <Pair reval="1d">
    <File perm="0444">/75/65</File>
    <Query type="disk">/tmp/test-disk-big/75/65</Query>
  </Pair>
  <Pair reval="1d">
    <File perm="0444">/75/66</File>
    <Query type="disk">/tmp/test-disk-big/75/66</Query>
  </Pair>
  <Pair reval="1d">
    <File perm="0444">/75/67</File>
    <Query type="disk">/tmp/test-disk-big/75/67</Query>
  </Pair>
  <Pair reval="1d">
    <File perm="0444">/75/68</File>
    <Query type="disk">/tmp/test-disk-big/75/68</Query>
  </Pair>
  <Pair reval="1d">
    <File perm="0444">/75/69</File>
    <Query type="disk">/tmp/test-disk-big/75/69</Query>
  </Pair>
  <Pair reval="1d">
    <File perm="0444">/75/7</File>
    <Query type="disk">/tmp/test-disk-big/75/7</Query>
  </Pair>
  <Pair reval="1d">
    <File perm="0444">/75/70</File>
    <Query type="disk">/tmp/test-disk-big/75/70</Query>
  </Pair>
  <Pair reval="1d">
    <File perm="0444">/75/71</File>
    <Query type="disk">/tmp/test-disk-big/75/71</Query>
  </Pair>
  <Pair reval="1d">
    <File perm="0444">/75/72</File>
    <Query type="disk">/tmp/test-disk-big/75/72</Query>
  </Pair>
  <Pair reval="1d">
    <File perm="0444">/75/73</File>
    <Query type="disk">/tmp/test-disk-big/75/73</Query>
  </Pair>
  <Pair reval="1d">
    <File perm="0444">/75/74</File>
    <Query type="disk">/tmp/test-disk-big/75/74</Query>
  </Pair>
  <Pair reval="1d">
    <File perm="0444">/75/75</File>
    <Query type="disk">/tmp/test-disk-big/75/75</Query>
  </Pair>
  <Pair reval="1d">
    <File perm="0444">/75/76</File>
    <Query type="disk">/tmp/test-disk-big/75/76</Query>
  </Pair>
  <Pair reval="1d">
    <File perm="0444">/75/77</File>
    <Query type="disk">/tmp/test-disk-big/75/77</Query>
  </Pair>
  <Pair reval="1d">
    <File perm="0444">/75/78</File>
    <Query type="disk">/tmp/test-disk-big/75/78</Query>
  </Pair>
  <Pair reval="1d">
    <File perm="0444">/75/79</File>
    <Query type="disk">/tmp/test-disk-big/75/79</Query>
  </Pair>
  <Pair reval="1d">
    <File perm="0444">/75/8</File>
    <Query type="disk">/tmp/test-disk-big/75/8</Query>
  </Pair>
  <Pair reval="1d">
    <File perm="0444">/75/80</File>
    <Query type="disk">/tmp/test-disk-big/75/80</Query>
  </Pair>
  <Pair reval="1d">
    <File perm="0444">/75/81</File>
    <Query type="disk">/tmp/test-disk-big/75/81</Query>
  </Pair>
  <Pair reval="1d">
    <File perm="0444">/75/82</File>
    <Query type="disk">/tmp/test-disk-big/75/82</Query>
  </Pair>
  <Pair reval="1d">
    <File perm="0444">/75/83</File>
    <Query type="disk">/tmp/test-disk-big/75/83</Query>
  </Pair>
  <Pair reval="1d">
    <File perm="0444">/75/84</File>
    <Query type="disk">/tmp/test-disk-big/75/84</Query>
  </Pair>
  <Pair reval="1d">
    <File perm="0444">/75/85</File>
    <Query type="disk">/tmp/test-disk-big/75/85</Query>
  </Pair>
  <Pair reval="1d">
    <File perm="0444">/75/86</File>
    <Query type="disk">/tmp/test-disk-big/75/86</Query>
  </Pair>
  <Pair reval="1d">
    <File perm="0444">/75/87</File>
    <Query type="disk">/tmp/test-disk-big/75/87</Query>
  </Pair>
  <Pair reval="1d">
    <File perm="0444">/75/88</File>
    <Query type="disk">/tmp/test-disk-big/75/88</Query>
  </Pair>
  <Pair reval="1d">
    <File perm="0444">/75/89</File>
    <Query type="disk">/tmp/test-disk-big/75/89</Query>
  </Pair>
  <Pair reval="1d">
    <File perm="0444">/75/9</File>
    <Query type="disk">/tmp/test-disk-big/75/9</Query>
  </Pair>
  <Pair reval="1d">
    <File perm="0444">/75/90</File>
    <Query type="disk">/tmp/test-disk-big/75/90</Query>
  </Pair>
  <Pair reval="1d">
    <File perm="0444">/75/91</File>
    <Query type="disk">/tmp/test-disk-big/75/91</Query>
  </Pair>
  <Pair reval="1d">
    <File perm="0444">/75/92</File>
    <Query type="disk">/tmp/test-disk-big/75/92</Query>
  </Pair>
  <Pair reval="1d">
    <File perm="0444">/75/93</File>
    <Query type="disk">/tmp/test-disk-big/75/93</Query>
  </Pair>
  <Pair reval="1d">
    <File perm="0444">/75/94</File>
    <Query type="disk">/tmp/test-disk-big/75/94</Query>
  </Pair>
  <Pair reval="1d">
    <File perm="0444">/75/95</File>
    <Query type="disk">/tmp/test-disk-big/75/95</Query>
  </Pair>
  <Pair reval="1d">
    <File perm="0444">/75/96</File>
    <Query type="disk">/tmp/test-disk-big/75/96</Query>
  </Pair>
  <Pair reval="1d">
    <File perm="0444">/75/97</File>
    <Query type="disk">/tmp/test-disk-big/75/97</Query>
  </Pair>
  <Pair reval="1d">
    <File perm="0444">/75/98</File>
    <Query type="disk">/tmp/test-disk-big/75/98</Query>
  </Pair>
  <Pair reval="1d">
    <File perm="0444">/75/99</File>
    <Query type="disk">/tmp/test-disk-big/75/99</Query>
  </Pair>
  <Pair reval="1d">
    <Dir perm="0555">/76</Dir>
    <Query type="disk"></Query>
  </Pair>
  <Pair reval="1d">
    <File perm="0444">/76/1</File>
    <Query type="disk">/tmp/test-disk-big/76/1</Query>
  </Pair>
  <Pair reval="1d">
    <File perm="0444">/76/10</File>
    <Query type="disk">/tmp/test-disk-big/76/10</Query>
  </Pair>
  <Pair reval="1d">
    <File perm="0444">/76/100</File>
    <Query type="disk">/tmp/test-disk-big/76/100</Query>
  </Pair>
  <Pair reval="1d">
    <File perm="0444">/76/11</File>
    <Query type="disk">/tmp/test-disk-big/76/11</Query>
  </Pair>
  <Pair reval="1d">
    <File perm="0444">/76/12</File>
    <Query type="disk">/tmp/test-disk-big/76/12</Query>
  </Pair>
  <Pair reval="1d">
    <File perm="0444">/76/13</File>
    <Query type="disk">/tmp/test-disk-big/76/13</Query>
  </Pair>
  <Pair reval="1d">
    <File perm="0444">/76/14</File>
    <Query type="disk">/tmp/test-disk-big/76/14</Query>
  </Pair>
  <Pair reval="1d">
    <File perm="0444">/76/15</File>
    <Query type="disk">/tmp/test-disk-big/76/15</Query>
  </Pair>
  <Pair reval="1d">
    <File perm="0444">/76/16</File>
    <Query type="disk">/tmp/test-disk-big/76/16</Query>
  </Pair>
  <Pair reval="1d">
    <File perm="0444">/76/17</File>
    <Query type="disk">/tmp/test-disk-big/76/17</Query>
  </Pair>
  <Pair reval="1d">
    <File perm="0444">/76/18</File>
    <Query type="disk">/tmp/test-disk-big/76/18</Query>
  </Pair>
  <Pair reval="1d">
    <File perm="0444">/76/19</File>
    <Query type="disk">/tmp/test-disk-big/76/19</Query>
  </Pair>
  <Pair reval="1d">
    <File perm="0444">/76/2</File>
    <Query type="disk">/tmp/test-disk-big/76/2</Query>
  </Pair>
  <Pair reval="1d">
    <File perm="0444">/76/20</File>
    <Query type="disk">/tmp/test-disk-big/76/20</Query>
  </Pair>
  <Pair reval="1d">
    <File perm="0444">/76/21</File>
    <Query type="disk">/tmp/test-disk-big/76/21</Query>
  </Pair>
  <Pair reval="1d">
    <File perm="0444">/76/22</File>
    <Query type="disk">/tmp/test-disk-big/76/22</Query>
  </Pair>
  <Pair reval="1d">
    <File perm="0444">/76/23</File>
    <Query type="disk">/tmp/test-disk-big/76/23</Query>
  </Pair>
  <Pair reval="1d">
    <File perm="0444">/76/24</File>
    <Query type="disk">/tmp/test-disk-big/76/24</Query>
  </Pair>
  <Pair reval="1d">
    <File perm="0444">/76/25</File>
    <Query type="disk">/tmp/test-disk-big/76/25</Query>
  </Pair>
  <Pair reval="1d">
    <File perm="0444">/76/26</File>
    <Query type="disk">/tmp/test-disk-big/76/26</Query>
  </Pair>
  <Pair reval="1d">
    <File perm="0444">/76/27</File>
    <Query type="disk">/tmp/test-disk-big/76/27</Query>
  </Pair>
  <Pair reval="1d">
    <File perm="0444">/76/28</File>
    <Query type="disk">/tmp/test-disk-big/76/28</Query>
  </Pair>
  <Pair reval="1d">
    <File perm="0444">/76/29</File>
    <Query type="disk">/tmp/test-disk-big/76/29</Query>
  </Pair>
  <Pair reval="1d">
    <File perm="0444">/76/3</File>
    <Query type="disk">/tmp/test-disk-big/76/3</Query>
  </Pair>
  <Pair reval="1d">
    <File perm="0444">/76/30</File>
    <Query type="disk">/tmp/test-disk-big/76/30</Query>
  </Pair>
  <Pair reval="1d">
    <File perm="0444">/76/31</File>
    <Query type="disk">/tmp/test-disk-big/76/31</Query>
  </Pair>
  <Pair reval="1d">
    <File perm="0444">/76/32</File>
    <Query type="disk">/tmp/test-disk-big/76/32</Query>
  </Pair>
  <Pair reval="1d">
    <File perm="0444">/76/33</File>
    <Query type="disk">/tmp/test-disk-big/76/33</Query>
  </Pair>
  <Pair reval="1d">
    <File perm="0444">/76/34</File>
    <Query type="disk">/tmp/test-disk-big/76/34</Query>
  </Pair>
  <Pair reval="1d">
    <File perm="0444">/76/35</File>
    <Query type="disk">/tmp/test-disk-big/76/35</Query>
  </Pair>
  <Pair reval="1d">
    <File perm="0444">/76/36</File>
    <Query type="disk">/tmp/test-disk-big/76/36</Query>
  </Pair>
  <Pair reval="1d">
    <File perm="0444">/76/37</File>
    <Query type="disk">/tmp/test-disk-big/76/37</Query>
  </Pair>
  <Pair reval="1d">
    <File perm="0444">/76/38</File>
    <Query type="disk">/tmp/test-disk-big/76/38</Query>
  </Pair>
  <Pair reval="1d">
    <File perm="0444">/76/39</File>
    <Query type="disk">/tmp/test-disk-big/76/39</Query>
  </Pair>
  <Pair reval="1d">
    <File perm="0444">/76/4</File>
    <Query type="disk">/tmp/test-disk-big/76/4</Query>
  </Pair>
  <Pair reval="1d">
    <File perm="0444">/76/40</File>
    <Query type="disk">/tmp/test-disk-big/76/40</Query>
  </Pair>
  <Pair reval="1d">
    <File perm="0444">/76/41</File>
    <Query type="disk">/tmp/test-disk-big/76/41</Query>
  </Pair>
  <Pair reval="1d">
    <File perm="0444">/76/42</File>
    <Query type="disk">/tmp/test-disk-big/76/42</Query>
  </Pair>
  <Pair reval="1d">
    <File perm="0444">/76/43</File>
    <Query type="disk">/tmp/test-disk-big/76/43</Query>
  </Pair>
  <Pair reval="1d">
    <File perm="0444">/76/44</File>
    <Query type="disk">/tmp/test-disk-big/76/44</Query>
  </Pair>
  <Pair reval="1d">
    <File perm="0444">/76/45</File>
    <Query type="disk">/tmp/test-disk-big/76/45</Query>
  </Pair>
  <Pair reval="1d">
    <File perm="0444">/76/46</File>
    <Query type="disk">/tmp/test-disk-big/76/46</Query>
  </Pair>
  <Pair reval="1d">
    <File perm="0444">/76/47</File>
    <Query type="disk">/tmp/test-disk-big/76/47</Query>
  </Pair>
  <Pair reval="1d">
    <File perm="0444">/76/48</File>
    <Query type="disk">/tmp/test-disk-big/76/48</Query>
  </Pair>
  <Pair reval="1d">
    <File perm="0444">/76/49</File>
    <Query type="disk">/tmp/test-disk-big/76/49</Query>
  </Pair>
  <Pair reval="1d">
    <File perm="0444">/76/5</File>
    <Query type="disk">/tmp/test-disk-big/76/5</Query>
  </Pair>
  <Pair reval="1d">
    <File perm="0444">/76/50</File>
    <Query type="disk">/tmp/test-disk-big/76/50</Query>
  </Pair>
  <Pair reval="1d">
    <File perm="0444">/76/51</File>
    <Query type="disk">/tmp/test-disk-big/76/51</Query>
  </Pair>
  <Pair reval="1d">
    <File perm="0444">/76/52</File>
    <Query type="disk">/tmp/test-disk-big/76/52</Query>
  </Pair>
  <Pair reval="1d">
    <File perm="0444">/76/53</File>
    <Query type="disk">/tmp/test-disk-big/76/53</Query>
  </Pair>
  <Pair reval="1d">
    <File perm="0444">/76/54</File>
    <Query type="disk">/tmp/test-disk-big/76/54</Query>
  </Pair>
  <Pair reval="1d">
    <File perm="0444">/76/55</File>
    <Query type="disk">/tmp/test-disk-big/76/55</Query>
  </Pair>
  <Pair reval="1d">
    <File perm="0444">/76/56</File>
    <Query type="disk">/tmp/test-disk-big/76/56</Query>
  </Pair>
  <Pair reval="1d">
    <File perm="0444">/76/57</File>
    <Query type="disk">/tmp/test-disk-big/76/57</Query>
  </Pair>
  <Pair reval="1d">
    <File perm="0444">/76/58</File>
    <Query type="disk">/tmp/test-disk-big/76/58</Query>
  </Pair>
  <Pair reval="1d">
    <File perm="0444">/76/59</File>
    <Query type="disk">/tmp/test-disk-big/76/59</Query>
  </Pair>
  <Pair reval="1d">
    <File perm="0444">/76/6</File>
    <Query type="disk">/tmp/test-disk-big/76/6</Query>
  </Pair>
  <Pair reval="1d">
    <File perm="0444">/76/60</File>
    <Query type="disk">/tmp/test-disk-big/76/60</Query>
  </Pair>
  <Pair reval="1d">
    <File perm="0444">/76/61</File>
    <Query type="disk">/tmp/test-disk-big/76/61</Query>
  </Pair>
  <Pair reval="1d">
    <File perm="0444">/76/62</File>
    <Query type="disk">/tmp/test-disk-big/76/62</Query>
  </Pair>
  <Pair reval="1d">
    <File perm="0444">/76/63</File>
    <Query type="disk">/tmp/test-disk-big/76/63</Query>
  </Pair>
  <Pair reval="1d">
    <File perm="0444">/76/64</File>
    <Query type="disk">/tmp/test-disk-big/76/64</Query>
  </Pair>
  <Pair reval="1d">
    <File perm="0444">/76/65</File>
    <Query type="disk">/tmp/test-disk-big/76/65</Query>
  </Pair>
  <Pair reval="1d">
    <File perm="0444">/76/66</File>
    <Query type="disk">/tmp/test-disk-big/76/66</Query>
  </Pair>
  <Pair reval="1d">
    <File perm="0444">/76/67</File>
    <Query type="disk">/tmp/test-disk-big/76/67</Query>
  </Pair>
  <Pair reval="1d">
    <File perm="0444">/76/68</File>
    <Query type="disk">/tmp/test-disk-big/76/68</Query>
  </Pair>
  <Pair reval="1d">
    <File perm="0444">/76/69</File>
    <Query type="disk">/tmp/test-disk-big/76/69</Query>
  </Pair>
  <Pair reval="1d">
    <File perm="0444">/76/7</File>
    <Query type="disk">/tmp/test-disk-big/76/7</Query>
  </Pair>
  <Pair reval="1d">
    <File perm="0444">/76/70</File>
    <Query type="disk">/tmp/test-disk-big/76/70</Query>
  </Pair>
  <Pair reval="1d">
    <File perm="0444">/76/71</File>
    <Query type="disk">/tmp/test-disk-big/76/71</Query>
  </Pair>
  <Pair reval="1d">
    <File perm="0444">/76/72</File>
    <Query type="disk">/tmp/test-disk-big/76/72</Query>
  </Pair>
  <Pair reval="1d">
    <File perm="0444">/76/73</File>
    <Query type="disk">/tmp/test-disk-big/76/73</Query>
  </Pair>
  <Pair reval="1d">
    <File perm="0444">/76/74</File>
    <Query type="disk">/tmp/test-disk-big/76/74</Query>
  </Pair>
  <Pair reval="1d">
    <File perm="0444">/76/75</File>
    <Query type="disk">/tmp/test-disk-big/76/75</Query>
  </Pair>
  <Pair reval="1d">
    <File perm="0444">/76/76</File>
    <Query type="disk">/tmp/test-disk-big/76/76</Query>
  </Pair>
  <Pair reval="1d">
    <File perm="0444">/76/77</File>
    <Query type="disk">/tmp/test-disk-big/76/77</Query>
  </Pair>
  <Pair reval="1d">
    <File perm="0444">/76/78</File>
    <Query type="disk">/tmp/test-disk-big/76/78</Query>
  </Pair>
  <Pair reval="1d">
    <File perm="0444">/76/79</File>
    <Query type="disk">/tmp/test-disk-big/76/79</Query>
  </Pair>
  <Pair reval="1d">
    <File perm="0444">/76/8</File>
    <Query type="disk">/tmp/test-disk-big/76/8</Query>
  </Pair>
  <Pair reval="1d">
    <File perm="0444">/76/80</File>
    <Query type="disk">/tmp/test-disk-big/76/80</Query>
  </Pair>
  <Pair reval="1d">
    <File perm="0444">/76/81</File>
    <Query type="disk">/tmp/test-disk-big/76/81</Query>
  </Pair>
  <Pair reval="1d">
    <File perm="0444">/76/82</File>
    <Query type="disk">/tmp/test-disk-big/76/82</Query>
  </Pair>
  <Pair reval="1d">
    <File perm="0444">/76/83</File>
    <Query type="disk">/tmp/test-disk-big/76/83</Query>
  </Pair>
  <Pair reval="1d">
    <File perm="0444">/76/84</File>
    <Query type="disk">/tmp/test-disk-big/76/84</Query>
  </Pair>
  <Pair reval="1d">
    <File perm="0444">/76/85</File>
    <Query type="disk">/tmp/test-disk-big/76/85</Query>
  </Pair>
  <Pair reval="1d">
    <File perm="0444">/76/86</File>
    <Query type="disk">/tmp/test-disk-big/76/86</Query>
  </Pair>
  <Pair reval="1d">
    <File perm="0444">/76/87</File>
    <Query type="disk">/tmp/test-disk-big/76/87</Query>
  </Pair>
  <Pair reval="1d">
    <File perm="0444">/76/88</File>
    <Query type="disk">/tmp/test-disk-big/76/88</Query>
  </Pair>
  <Pair reval="1d">
    <File perm="0444">/76/89</File>
    <Query type="disk">/tmp/test-disk-big/76/89</Query>
  </Pair>
  <Pair reval="1d">
    <File perm="0444">/76/9</File>
    <Query type="disk">/tmp/test-disk-big/76/9</Query>
  </Pair>
  <Pair reval="1d">
    <File perm="0444">/76/90</File>
    <Query type="disk">/tmp/test-disk-big/76/90</Query>
  </Pair>
  <Pair reval="1d">
    <File perm="0444">/76/91</File>
    <Query type="disk">/tmp/test-disk-big/76/91</Query>
  </Pair>
  <Pair reval="1d">
    <File perm="0444">/76/92</File>
    <Query type="disk">/tmp/test-disk-big/76/92</Query>
  </Pair>
  <Pair reval="1d">
    <File perm="0444">/76/93</File>
    <Query type="disk">/tmp/test-disk-big/76/93</Query>
  </Pair>
  <Pair reval="1d">
    <File perm="0444">/76/94</File>
    <Query type="disk">/tmp/test-disk-big/76/94</Query>
  </Pair>
  <Pair reval="1d">
    <File perm="0444">/76/95</File>
    <Query type="disk">/tmp/test-disk-big/76/95</Query>
  </Pair>
  <Pair reval="1d">
    <File perm="0444">/76/96</File>
    <Query type="disk">/tmp/test-disk-big/76/96</Query>
  </Pair>
  <Pair reval="1d">
    <File perm="0444">/76/97</File>
    <Query type="disk">/tmp/test-disk-big/76/97</Query>
  </Pair>
  <Pair reval="1d">
    <File perm="0444">/76/98</File>
    <Query type="disk">/tmp/test-disk-big/76/98</Query>
  </Pair>
  <Pair reval="1d">
    <File perm="0444">/76/99</File>
    <Query type="disk">/tmp/test-disk-big/76/99</Query>
  </Pair>
  <Pair reval="1d">
    <Dir perm="0555">/77</Dir>
    <Query type="disk"></Query>
  </Pair>
  <Pair reval="1d">
    <File perm="0444">/77/1</File>
    <Query type="disk">/tmp/test-disk-big/77/1</Query>
  </Pair>
  <Pair reval="1d">
    <File perm="0444">/77/10</File>
    <Query type="disk">/tmp/test-disk-big/77/10</Query>
  </Pair>
  <Pair reval="1d">
    <File perm="0444">/77/100</File>
    <Query type="disk">/tmp/test-disk-big/77/100</Query>
  </Pair>
  <Pair reval="1d">
    <File perm="0444">/77/11</File>
    <Query type="disk">/tmp/test-disk-big/77/11</Query>
  </Pair>
  <Pair reval="1d">
    <File perm="0444">/77/12</File>
    <Query type="disk">/tmp/test-disk-big/77/12</Query>
  </Pair>
  <Pair reval="1d">
    <File perm="0444">/77/13</File>
    <Query type="disk">/tmp/test-disk-big/77/13</Query>
  </Pair>
  <Pair reval="1d">
    <File perm="0444">/77/14</File>
    <Query type="disk">/tmp/test-disk-big/77/14</Query>
  </Pair>
  <Pair reval="1d">
    <File perm="0444">/77/15</File>
    <Query type="disk">/tmp/test-disk-big/77/15</Query>
  </Pair>
  <Pair reval="1d">
    <File perm="0444">/77/16</File>
    <Query type="disk">/tmp/test-disk-big/77/16</Query>
  </Pair>
  <Pair reval="1d">
    <File perm="0444">/77/17</File>
    <Query type="disk">/tmp/test-disk-big/77/17</Query>
  </Pair>
  <Pair reval="1d">
    <File perm="0444">/77/18</File>
    <Query type="disk">/tmp/test-disk-big/77/18</Query>
  </Pair>
  <Pair reval="1d">
    <File perm="0444">/77/19</File>
    <Query type="disk">/tmp/test-disk-big/77/19</Query>
  </Pair>
  <Pair reval="1d">
    <File perm="0444">/77/2</File>
    <Query type="disk">/tmp/test-disk-big/77/2</Query>
  </Pair>
  <Pair reval="1d">
    <File perm="0444">/77/20</File>
    <Query type="disk">/tmp/test-disk-big/77/20</Query>
  </Pair>
  <Pair reval="1d">
    <File perm="0444">/77/21</File>
    <Query type="disk">/tmp/test-disk-big/77/21</Query>
  </Pair>
  <Pair reval="1d">
    <File perm="0444">/77/22</File>
    <Query type="disk">/tmp/test-disk-big/77/22</Query>
  </Pair>
  <Pair reval="1d">
    <File perm="0444">/77/23</File>
    <Query type="disk">/tmp/test-disk-big/77/23</Query>
  </Pair>
  <Pair reval="1d">
    <File perm="0444">/77/24</File>
    <Query type="disk">/tmp/test-disk-big/77/24</Query>
  </Pair>
  <Pair reval="1d">
    <File perm="0444">/77/25</File>
    <Query type="disk">/tmp/test-disk-big/77/25</Query>
  </Pair>
  <Pair reval="1d">
    <File perm="0444">/77/26</File>
    <Query type="disk">/tmp/test-disk-big/77/26</Query>
  </Pair>
  <Pair reval="1d">
    <File perm="0444">/77/27</File>
    <Query type="disk">/tmp/test-disk-big/77/27</Query>
  </Pair>
  <Pair reval="1d">
    <File perm="0444">/77/28</File>
    <Query type="disk">/tmp/test-disk-big/77/28</Query>
  </Pair>
  <Pair reval="1d">
    <File perm="0444">/77/29</File>
    <Query type="disk">/tmp/test-disk-big/77/29</Query>
  </Pair>
  <Pair reval="1d">
    <File perm="0444">/77/3</File>
    <Query type="disk">/tmp/test-disk-big/77/3</Query>
  </Pair>
  <Pair reval="1d">
    <File perm="0444">/77/30</File>
    <Query type="disk">/tmp/test-disk-big/77/30</Query>
  </Pair>
  <Pair reval="1d">
    <File perm="0444">/77/31</File>
    <Query type="disk">/tmp/test-disk-big/77/31</Query>
  </Pair>
  <Pair reval="1d">
    <File perm="0444">/77/32</File>
    <Query type="disk">/tmp/test-disk-big/77/32</Query>
  </Pair>
  <Pair reval="1d">
    <File perm="0444">/77/33</File>
    <Query type="disk">/tmp/test-disk-big/77/33</Query>
  </Pair>
  <Pair reval="1d">
    <File perm="0444">/77/34</File>
    <Query type="disk">/tmp/test-disk-big/77/34</Query>
  </Pair>
  <Pair reval="1d">
    <File perm="0444">/77/35</File>
    <Query type="disk">/tmp/test-disk-big/77/35</Query>
  </Pair>
  <Pair reval="1d">
    <File perm="0444">/77/36</File>
    <Query type="disk">/tmp/test-disk-big/77/36</Query>
  </Pair>
  <Pair reval="1d">
    <File perm="0444">/77/37</File>
    <Query type="disk">/tmp/test-disk-big/77/37</Query>
  </Pair>
  <Pair reval="1d">
    <File perm="0444">/77/38</File>
    <Query type="disk">/tmp/test-disk-big/77/38</Query>
  </Pair>
  <Pair reval="1d">
    <File perm="0444">/77/39</File>
    <Query type="disk">/tmp/test-disk-big/77/39</Query>
  </Pair>
  <Pair reval="1d">
    <File perm="0444">/77/4</File>
    <Query type="disk">/tmp/test-disk-big/77/4</Query>
  </Pair>
  <Pair reval="1d">
    <File perm="0444">/77/40</File>
    <Query type="disk">/tmp/test-disk-big/77/40</Query>
  </Pair>
  <Pair reval="1d">
    <File perm="0444">/77/41</File>
    <Query type="disk">/tmp/test-disk-big/77/41</Query>
  </Pair>
  <Pair reval="1d">
    <File perm="0444">/77/42</File>
    <Query type="disk">/tmp/test-disk-big/77/42</Query>
  </Pair>
  <Pair reval="1d">
    <File perm="0444">/77/43</File>
    <Query type="disk">/tmp/test-disk-big/77/43</Query>
  </Pair>
  <Pair reval="1d">
    <File perm="0444">/77/44</File>
    <Query type="disk">/tmp/test-disk-big/77/44</Query>
  </Pair>
  <Pair reval="1d">
    <File perm="0444">/77/45</File>
    <Query type="disk">/tmp/test-disk-big/77/45</Query>
  </Pair>
  <Pair reval="1d">
    <File perm="0444">/77/46</File>
    <Query type="disk">/tmp/test-disk-big/77/46</Query>
  </Pair>
  <Pair reval="1d">
    <File perm="0444">/77/47</File>
    <Query type="disk">/tmp/test-disk-big/77/47</Query>
  </Pair>
  <Pair reval="1d">
    <File perm="0444">/77/48</File>
    <Query type="disk">/tmp/test-disk-big/77/48</Query>
  </Pair>
  <Pair reval="1d">
    <File perm="0444">/77/49</File>
    <Query type="disk">/tmp/test-disk-big/77/49</Query>
  </Pair>
  <Pair reval="1d">
    <File perm="0444">/77/5</File>
    <Query type="disk">/tmp/test-disk-big/77/5</Query>
  </Pair>
  <Pair reval="1d">
    <File perm="0444">/77/50</File>
    <Query type="disk">/tmp/test-disk-big/77/50</Query>
  </Pair>
  <Pair reval="1d">
    <File perm="0444">/77/51</File>
    <Query type="disk">/tmp/test-disk-big/77/51</Query>
  </Pair>
  <Pair reval="1d">
    <File perm="0444">/77/52</File>
    <Query type="disk">/tmp/test-disk-big/77/52</Query>
  </Pair>
  <Pair reval="1d">
    <File perm="0444">/77/53</File>
    <Query type="disk">/tmp/test-disk-big/77/53</Query>
  </Pair>
  <Pair reval="1d">
    <File perm="0444">/77/54</File>
    <Query type="disk">/tmp/test-disk-big/77/54</Query>
  </Pair>
  <Pair reval="1d">
    <File perm="0444">/77/55</File>
    <Query type="disk">/tmp/test-disk-big/77/55</Query>
  </Pair>
  <Pair reval="1d">
    <File perm="0444">/77/56</File>
    <Query type="disk">/tmp/test-disk-big/77/56</Query>
  </Pair>
  <Pair reval="1d">
    <File perm="0444">/77/57</File>
    <Query type="disk">/tmp/test-disk-big/77/57</Query>
  </Pair>
  <Pair reval="1d">
    <File perm="0444">/77/58</File>
    <Query type="disk">/tmp/test-disk-big/77/58</Query>
  </Pair>
  <Pair reval="1d">
    <File perm="0444">/77/59</File>
    <Query type="disk">/tmp/test-disk-big/77/59</Query>
  </Pair>
  <Pair reval="1d">
    <File perm="0444">/77/6</File>
    <Query type="disk">/tmp/test-disk-big/77/6</Query>
  </Pair>
  <Pair reval="1d">
    <File perm="0444">/77/60</File>
    <Query type="disk">/tmp/test-disk-big/77/60</Query>
  </Pair>
  <Pair reval="1d">
    <File perm="0444">/77/61</File>
    <Query type="disk">/tmp/test-disk-big/77/61</Query>
  </Pair>
  <Pair reval="1d">
    <File perm="0444">/77/62</File>
    <Query type="disk">/tmp/test-disk-big/77/62</Query>
  </Pair>
  <Pair reval="1d">
    <File perm="0444">/77/63</File>
    <Query type="disk">/tmp/test-disk-big/77/63</Query>
  </Pair>
  <Pair reval="1d">
    <File perm="0444">/77/64</File>
    <Query type="disk">/tmp/test-disk-big/77/64</Query>
  </Pair>
  <Pair reval="1d">
    <File perm="0444">/77/65</File>
    <Query type="disk">/tmp/test-disk-big/77/65</Query>
  </Pair>
  <Pair reval="1d">
    <File perm="0444">/77/66</File>
    <Query type="disk">/tmp/test-disk-big/77/66</Query>
  </Pair>
  <Pair reval="1d">
    <File perm="0444">/77/67</File>
    <Query type="disk">/tmp/test-disk-big/77/67</Query>
  </Pair>
  <Pair reval="1d">
    <File perm="0444">/77/68</File>
    <Query type="disk">/tmp/test-disk-big/77/68</Query>
  </Pair>
  <Pair reval="1d">
    <File perm="0444">/77/69</File>
    <Query type="disk">/tmp/test-disk-big/77/69</Query>
  </Pair>
  <Pair reval="1d">
    <File perm="0444">/77/7</File>
    <Query type="disk">/tmp/test-disk-big/77/7</Query>
  </Pair>
  <Pair reval="1d">
    <File perm="0444">/77/70</File>
    <Query type="disk">/tmp/test-disk-big/77/70</Query>
  </Pair>
  <Pair reval="1d">
    <File perm="0444">/77/71</File>
    <Query type="disk">/tmp/test-disk-big/77/71</Query>
  </Pair>
  <Pair reval="1d">
    <File perm="0444">/77/72</File>
    <Query type="disk">/tmp/test-disk-big/77/72</Query>
  </Pair>
  <Pair reval="1d">
    <File perm="0444">/77/73</File>
    <Query type="disk">/tmp/test-disk-big/77/73</Query>
  </Pair>
  <Pair reval="1d">
    <File perm="0444">/77/74</File>
    <Query type="disk">/tmp/test-disk-big/77/74</Query>
  </Pair>
  <Pair reval="1d">
    <File perm="0444">/77/75</File>
    <Query type="disk">/tmp/test-disk-big/77/75</Query>
  </Pair>
  <Pair reval="1d">
    <File perm="0444">/77/76</File>
    <Query type="disk">/tmp/test-disk-big/77/76</Query>
  </Pair>
  <Pair reval="1d">
    <File perm="0444">/77/77</File>
    <Query type="disk">/tmp/test-disk-big/77/77</Query>
  </Pair>
  <Pair reval="1d">
    <File perm="0444">/77/78</File>
    <Query type="disk">/tmp/test-disk-big/77/78</Query>
  </Pair>
  <Pair reval="1d">
    <File perm="0444">/77/79</File>
    <Query type="disk">/tmp/test-disk-big/77/79</Query>
  </Pair>
  <Pair reval="1d">
    <File perm="0444">/77/8</File>
    <Query type="disk">/tmp/test-disk-big/77/8</Query>
  </Pair>
  <Pair reval="1d">
    <File perm="0444">/77/80</File>
    <Query type="disk">/tmp/test-disk-big/77/80</Query>
  </Pair>
  <Pair reval="1d">
    <File perm="0444">/77/81</File>
    <Query type="disk">/tmp/test-disk-big/77/81</Query>
  </Pair>
  <Pair reval="1d">
    <File perm="0444">/77/82</File>
    <Query type="disk">/tmp/test-disk-big/77/82</Query>
  </Pair>
  <Pair reval="1d">
    <File perm="0444">/77/83</File>
    <Query type="disk">/tmp/test-disk-big/77/83</Query>
  </Pair>
  <Pair reval="1d">
    <File perm="0444">/77/84</File>
    <Query type="disk">/tmp/test-disk-big/77/84</Query>
  </Pair>
  <Pair reval="1d">
    <File perm="0444">/77/85</File>
    <Query type="disk">/tmp/test-disk-big/77/85</Query>
  </Pair>
  <Pair reval="1d">
    <File perm="0444">/77/86</File>
    <Query type="disk">/tmp/test-disk-big/77/86</Query>
  </Pair>
  <Pair reval="1d">
    <File perm="0444">/77/87</File>
    <Query type="disk">/tmp/test-disk-big/77/87</Query>
  </Pair>
  <Pair reval="1d">
    <File perm="0444">/77/88</File>
    <Query type="disk">/tmp/test-disk-big/77/88</Query>
  </Pair>
  <Pair reval="1d">
    <File perm="0444">/77/89</File>
    <Query type="disk">/tmp/test-disk-big/77/89</Query>
  </Pair>
  <Pair reval="1d">
    <File perm="0444">/77/9</File>
    <Query type="disk">/tmp/test-disk-big/77/9</Query>
  </Pair>
  <Pair reval="1d">
    <File perm="0444">/77/90</File>
    <Query type="disk">/tmp/test-disk-big/77/90</Query>
  </Pair>
  <Pair reval="1d">
    <File perm="0444">/77/91</File>
    <Query type="disk">/tmp/test-disk-big/77/91</Query>
  </Pair>
  <Pair reval="1d">
    <File perm="0444">/77/92</File>
    <Query type="disk">/tmp/test-disk-big/77/92</Query>
  </Pair>
  <Pair reval="1d">
    <File perm="0444">/77/93</File>
    <Query type="disk">/tmp/test-disk-big/77/93</Query>
  </Pair>
  <Pair reval="1d">
    <File perm="0444">/77/94</File>
    <Query type="disk">/tmp/test-disk-big/77/94</Query>
  </Pair>
  <Pair reval="1d">
    <File perm="0444">/77/95</File>
    <Query type="disk">/tmp/test-disk-big/77/95</Query>
  </Pair>
  <Pair reval="1d">
    <File perm="0444">/77/96</File>
    <Query type="disk">/tmp/test-disk-big/77/96</Query>
  </Pair>
  <Pair reval="1d">
    <File perm="0444">/77/97</File>
    <Query type="disk">/tmp/test-disk-big/77/97</Query>
  </Pair>
  <Pair reval="1d">
    <File perm="0444">/77/98</File>
    <Query type="disk">/tmp/test-disk-big/77/98</Query>
  </Pair>
  <Pair reval="1d">
    <File perm="0444">/77/99</File>
    <Query type="disk">/tmp/test-disk-big/77/99</Query>
  </Pair>
  <Pair reval="1d">
    <Dir perm="0555">/78</Dir>
    <Query type="disk"></Query>
  </Pair>
  <Pair reval="1d">
    <File perm="0444">/78/1</File>
    <Query type="disk">/tmp/test-disk-big/78/1</Query>
  </Pair>
  <Pair reval="1d">
    <File perm="0444">/78/10</File>
    <Query type="disk">/tmp/test-disk-big/78/10</Query>
  </Pair>
  <Pair reval="1d">
    <File perm="0444">/78/100</File>
    <Query type="disk">/tmp/test-disk-big/78/100</Query>
  </Pair>
  <Pair reval="1d">
    <File perm="0444">/78/11</File>
    <Query type="disk">/tmp/test-disk-big/78/11</Query>
  </Pair>
  <Pair reval="1d">
    <File perm="0444">/78/12</File>
    <Query type="disk">/tmp/test-disk-big/78/12</Query>
  </Pair>
  <Pair reval="1d">
    <File perm="0444">/78/13</File>
    <Query type="disk">/tmp/test-disk-big/78/13</Query>
  </Pair>
  <Pair reval="1d">
    <File perm="0444">/78/14</File>
    <Query type="disk">/tmp/test-disk-big/78/14</Query>
  </Pair>
  <Pair reval="1d">
    <File perm="0444">/78/15</File>
    <Query type="disk">/tmp/test-disk-big/78/15</Query>
  </Pair>
  <Pair reval="1d">
    <File perm="0444">/78/16</File>
    <Query type="disk">/tmp/test-disk-big/78/16</Query>
  </Pair>
  <Pair reval="1d">
    <File perm="0444">/78/17</File>
    <Query type="disk">/tmp/test-disk-big/78/17</Query>
  </Pair>
  <Pair reval="1d">
    <File perm="0444">/78/18</File>
    <Query type="disk">/tmp/test-disk-big/78/18</Query>
  </Pair>
  <Pair reval="1d">
    <File perm="0444">/78/19</File>
    <Query type="disk">/tmp/test-disk-big/78/19</Query>
  </Pair>
  <Pair reval="1d">
    <File perm="0444">/78/2</File>
    <Query type="disk">/tmp/test-disk-big/78/2</Query>
  </Pair>
  <Pair reval="1d">
    <File perm="0444">/78/20</File>
    <Query type="disk">/tmp/test-disk-big/78/20</Query>
  </Pair>
  <Pair reval="1d">
    <File perm="0444">/78/21</File>
    <Query type="disk">/tmp/test-disk-big/78/21</Query>
  </Pair>
  <Pair reval="1d">
    <File perm="0444">/78/22</File>
    <Query type="disk">/tmp/test-disk-big/78/22</Query>
  </Pair>
  <Pair reval="1d">
    <File perm="0444">/78/23</File>
    <Query type="disk">/tmp/test-disk-big/78/23</Query>
  </Pair>
  <Pair reval="1d">
    <File perm="0444">/78/24</File>
    <Query type="disk">/tmp/test-disk-big/78/24</Query>
  </Pair>
  <Pair reval="1d">
    <File perm="0444">/78/25</File>
    <Query type="disk">/tmp/test-disk-big/78/25</Query>
  </Pair>
  <Pair reval="1d">
    <File perm="0444">/78/26</File>
    <Query type="disk">/tmp/test-disk-big/78/26</Query>
  </Pair>
  <Pair reval="1d">
    <File perm="0444">/78/27</File>
    <Query type="disk">/tmp/test-disk-big/78/27</Query>
  </Pair>
  <Pair reval="1d">
    <File perm="0444">/78/28</File>
    <Query type="disk">/tmp/test-disk-big/78/28</Query>
  </Pair>
  <Pair reval="1d">
    <File perm="0444">/78/29</File>
    <Query type="disk">/tmp/test-disk-big/78/29</Query>
  </Pair>
  <Pair reval="1d">
    <File perm="0444">/78/3</File>
    <Query type="disk">/tmp/test-disk-big/78/3</Query>
  </Pair>
  <Pair reval="1d">
    <File perm="0444">/78/30</File>
    <Query type="disk">/tmp/test-disk-big/78/30</Query>
  </Pair>
  <Pair reval="1d">
    <File perm="0444">/78/31</File>
    <Query type="disk">/tmp/test-disk-big/78/31</Query>
  </Pair>
  <Pair reval="1d">
    <File perm="0444">/78/32</File>
    <Query type="disk">/tmp/test-disk-big/78/32</Query>
  </Pair>
  <Pair reval="1d">
    <File perm="0444">/78/33</File>
    <Query type="disk">/tmp/test-disk-big/78/33</Query>
  </Pair>
  <Pair reval="1d">
    <File perm="0444">/78/34</File>
    <Query type="disk">/tmp/test-disk-big/78/34</Query>
  </Pair>
  <Pair reval="1d">
    <File perm="0444">/78/35</File>
    <Query type="disk">/tmp/test-disk-big/78/35</Query>
  </Pair>
  <Pair reval="1d">
    <File perm="0444">/78/36</File>
    <Query type="disk">/tmp/test-disk-big/78/36</Query>
  </Pair>
  <Pair reval="1d">
    <File perm="0444">/78/37</File>
    <Query type="disk">/tmp/test-disk-big/78/37</Query>
  </Pair>
  <Pair reval="1d">
    <File perm="0444">/78/38</File>
    <Query type="disk">/tmp/test-disk-big/78/38</Query>
  </Pair>
  <Pair reval="1d">
    <File perm="0444">/78/39</File>
    <Query type="disk">/tmp/test-disk-big/78/39</Query>
  </Pair>
  <Pair reval="1d">
    <File perm="0444">/78/4</File>
    <Query type="disk">/tmp/test-disk-big/78/4</Query>
  </Pair>
  <Pair reval="1d">
    <File perm="0444">/78/40</File>
    <Query type="disk">/tmp/test-disk-big/78/40</Query>
  </Pair>
  <Pair reval="1d">
    <File perm="0444">/78/41</File>
    <Query type="disk">/tmp/test-disk-big/78/41</Query>
  </Pair>
  <Pair reval="1d">
    <File perm="0444">/78/42</File>
    <Query type="disk">/tmp/test-disk-big/78/42</Query>
  </Pair>
  <Pair reval="1d">
    <File perm="0444">/78/43</File>
    <Query type="disk">/tmp/test-disk-big/78/43</Query>
  </Pair>
  <Pair reval="1d">
    <File perm="0444">/78/44</File>
    <Query type="disk">/tmp/test-disk-big/78/44</Query>
  </Pair>
  <Pair reval="1d">
    <File perm="0444">/78/45</File>
    <Query type="disk">/tmp/test-disk-big/78/45</Query>
  </Pair>
  <Pair reval="1d">
    <File perm="0444">/78/46</File>
    <Query type="disk">/tmp/test-disk-big/78/46</Query>
  </Pair>
  <Pair reval="1d">
    <File perm="0444">/78/47</File>
    <Query type="disk">/tmp/test-disk-big/78/47</Query>
  </Pair>
  <Pair reval="1d">
    <File perm="0444">/78/48</File>
    <Query type="disk">/tmp/test-disk-big/78/48</Query>
  </Pair>
  <Pair reval="1d">
    <File perm="0444">/78/49</File>
    <Query type="disk">/tmp/test-disk-big/78/49</Query>
  </Pair>
  <Pair reval="1d">
    <File perm="0444">/78/5</File>
    <Query type="disk">/tmp/test-disk-big/78/5</Query>
  </Pair>
  <Pair reval="1d">
    <File perm="0444">/78/50</File>
    <Query type="disk">/tmp/test-disk-big/78/50</Query>
  </Pair>
  <Pair reval="1d">
    <File perm="0444">/78/51</File>
    <Query type="disk">/tmp/test-disk-big/78/51</Query>
  </Pair>
  <Pair reval="1d">
    <File perm="0444">/78/52</File>
    <Query type="disk">/tmp/test-disk-big/78/52</Query>
  </Pair>
  <Pair reval="1d">
    <File perm="0444">/78/53</File>
    <Query type="disk">/tmp/test-disk-big/78/53</Query>
  </Pair>
  <Pair reval="1d">
    <File perm="0444">/78/54</File>
    <Query type="disk">/tmp/test-disk-big/78/54</Query>
  </Pair>
  <Pair reval="1d">
    <File perm="0444">/78/55</File>
    <Query type="disk">/tmp/test-disk-big/78/55</Query>
  </Pair>
  <Pair reval="1d">
    <File perm="0444">/78/56</File>
    <Query type="disk">/tmp/test-disk-big/78/56</Query>
  </Pair>
  <Pair reval="1d">
    <File perm="0444">/78/57</File>
    <Query type="disk">/tmp/test-disk-big/78/57</Query>
  </Pair>
  <Pair reval="1d">
    <File perm="0444">/78/58</File>
    <Query type="disk">/tmp/test-disk-big/78/58</Query>
  </Pair>
  <Pair reval="1d">
    <File perm="0444">/78/59</File>
    <Query type="disk">/tmp/test-disk-big/78/59</Query>
  </Pair>
  <Pair reval="1d">
    <File perm="0444">/78/6</File>
    <Query type="disk">/tmp/test-disk-big/78/6</Query>
  </Pair>
  <Pair reval="1d">
    <File perm="0444">/78/60</File>
    <Query type="disk">/tmp/test-disk-big/78/60</Query>
  </Pair>
  <Pair reval="1d">
    <File perm="0444">/78/61</File>
    <Query type="disk">/tmp/test-disk-big/78/61</Query>
  </Pair>
  <Pair reval="1d">
    <File perm="0444">/78/62</File>
    <Query type="disk">/tmp/test-disk-big/78/62</Query>
  </Pair>
  <Pair reval="1d">
    <File perm="0444">/78/63</File>
    <Query type="disk">/tmp/test-disk-big/78/63</Query>
  </Pair>
  <Pair reval="1d">
    <File perm="0444">/78/64</File>
    <Query type="disk">/tmp/test-disk-big/78/64</Query>
  </Pair>
  <Pair reval="1d">
    <File perm="0444">/78/65</File>
    <Query type="disk">/tmp/test-disk-big/78/65</Query>
  </Pair>
  <Pair reval="1d">
    <File perm="0444">/78/66</File>
    <Query type="disk">/tmp/test-disk-big/78/66</Query>
  </Pair>
  <Pair reval="1d">
    <File perm="0444">/78/67</File>
    <Query type="disk">/tmp/test-disk-big/78/67</Query>
  </Pair>
  <Pair reval="1d">
    <File perm="0444">/78/68</File>
    <Query type="disk">/tmp/test-disk-big/78/68</Query>
  </Pair>
  <Pair reval="1d">
    <File perm="0444">/78/69</File>
    <Query type="disk">/tmp/test-disk-big/78/69</Query>
  </Pair>
  <Pair reval="1d">
    <File perm="0444">/78/7</File>
    <Query type="disk">/tmp/test-disk-big/78/7</Query>
  </Pair>
  <Pair reval="1d">
    <File perm="0444">/78/70</File>
    <Query type="disk">/tmp/test-disk-big/78/70</Query>
  </Pair>
  <Pair reval="1d">
    <File perm="0444">/78/71</File>
    <Query type="disk">/tmp/test-disk-big/78/71</Query>
  </Pair>
  <Pair reval="1d">
    <File perm="0444">/78/72</File>
    <Query type="disk">/tmp/test-disk-big/78/72</Query>
  </Pair>
  <Pair reval="1d">
    <File perm="0444">/78/73</File>
    <Query type="disk">/tmp/test-disk-big/78/73</Query>
  </Pair>
  <Pair reval="1d">
    <File perm="0444">/78/74</File>
    <Query type="disk">/tmp/test-disk-big/78/74</Query>
  </Pair>
  <Pair reval="1d">
    <File perm="0444">/78/75</File>
    <Query type="disk">/tmp/test-disk-big/78/75</Query>
  </Pair>
  <Pair reval="1d">
    <File perm="0444">/78/76</File>
    <Query type="disk">/tmp/test-disk-big/78/76</Query>
  </Pair>
  <Pair reval="1d">
    <File perm="0444">/78/77</File>
    <Query type="disk">/tmp/test-disk-big/78/77</Query>
  </Pair>
  <Pair reval="1d">
    <File perm="0444">/78/78</File>
    <Query type="disk">/tmp/test-disk-big/78/78</Query>
  </Pair>
  <Pair reval="1d">
    <File perm="0444">/78/79</File>
    <Query type="disk">/tmp/test-disk-big/78/79</Query>
  </Pair>
  <Pair reval="1d">
    <File perm="0444">/78/8</File>
    <Query type="disk">/tmp/test-disk-big/78/8</Query>
  </Pair>
  <Pair reval="1d">
    <File perm="0444">/78/80</File>
    <Query type="disk">/tmp/test-disk-big/78/80</Query>
  </Pair>
  <Pair reval="1d">
    <File perm="0444">/78/81</File>
    <Query type="disk">/tmp/test-disk-big/78/81</Query>
  </Pair>
  <Pair reval="1d">
    <File perm="0444">/78/82</File>
    <Query type="disk">/tmp/test-disk-big/78/82</Query>
  </Pair>
  <Pair reval="1d">
    <File perm="0444">/78/83</File>
    <Query type="disk">/tmp/test-disk-big/78/83</Query>
  </Pair>
  <Pair reval="1d">
    <File perm="0444">/78/84</File>
    <Query type="disk">/tmp/test-disk-big/78/84</Query>
  </Pair>
  <Pair reval="1d">
    <File perm="0444">/78/85</File>
    <Query type="disk">/tmp/test-disk-big/78/85</Query>
  </Pair>
  <Pair reval="1d">
    <File perm="0444">/78/86</File>
    <Query type="disk">/tmp/test-disk-big/78/86</Query>
  </Pair>
  <Pair reval="1d">
    <File perm="0444">/78/87</File>
    <Query type="disk">/tmp/test-disk-big/78/87</Query>
  </Pair>
  <Pair reval="1d">
    <File perm="0444">/78/88</File>
    <Query type="disk">/tmp/test-disk-big/78/88</Query>
  </Pair>
  <Pair reval="1d">
    <File perm="0444">/78/89</File>
    <Query type="disk">/tmp/test-disk-big/78/89</Query>
  </Pair>
  <Pair reval="1d">
    <File perm="0444">/78/9</File>
    <Query type="disk">/tmp/test-disk-big/78/9</Query>
  </Pair>
  <Pair reval="1d">
    <File perm="0444">/78/90</File>
    <Query type="disk">/tmp/test-disk-big/78/90</Query>
  </Pair>
  <Pair reval="1d">
    <File perm="0444">/78/91</File>
    <Query type="disk">/tmp/test-disk-big/78/91</Query>
  </Pair>
  <Pair reval="1d">
    <File perm="0444">/78/92</File>
    <Query type="disk">/tmp/test-disk-big/78/92</Query>
  </Pair>
  <Pair reval="1d">
    <File perm="0444">/78/93</File>
    <Query type="disk">/tmp/test-disk-big/78/93</Query>
  </Pair>
  <Pair reval="1d">
    <File perm="0444">/78/94</File>
    <Query type="disk">/tmp/test-disk-big/78/94</Query>
  </Pair>
  <Pair reval="1d">
    <File perm="0444">/78/95</File>
    <Query type="disk">/tmp/test-disk-big/78/95</Query>
  </Pair>
  <Pair reval="1d">
    <File perm="0444">/78/96</File>
    <Query type="disk">/tmp/test-disk-big/78/96</Query>
  </Pair>
  <Pair reval="1d">
    <File perm="0444">/78/97</File>
    <Query type="disk">/tmp/test-disk-big/78/97</Query>
  </Pair>
  <Pair reval="1d">
    <File perm="0444">/78/98</File>
    <Query type="disk">/tmp/test-disk-big/78/98</Query>
  </Pair>
  <Pair reval="1d">
    <File perm="0444">/78/99</File>
    <Query type="disk">/tmp/test-disk-big/78/99</Query>
  </Pair>
  <Pair reval="1d">
    <Dir perm="0555">/79</Dir>
    <Query type="disk"></Query>
  </Pair>
  <Pair reval="1d">
    <File perm="0444">/79/1</File>
    <Query type="disk">/tmp/test-disk-big/79/1</Query>
  </Pair>
  <Pair reval="1d">
    <File perm="0444">/79/10</File>
    <Query type="disk">/tmp/test-disk-big/79/10</Query>
  </Pair>
  <Pair reval="1d">
    <File perm="0444">/79/100</File>
    <Query type="disk">/tmp/test-disk-big/79/100</Query>
  </Pair>
  <Pair reval="1d">
    <File perm="0444">/79/11</File>
    <Query type="disk">/tmp/test-disk-big/79/11</Query>
  </Pair>
  <Pair reval="1d">
    <File perm="0444">/79/12</File>
    <Query type="disk">/tmp/test-disk-big/79/12</Query>
  </Pair>
  <Pair reval="1d">
    <File perm="0444">/79/13</File>
    <Query type="disk">/tmp/test-disk-big/79/13</Query>
  </Pair>
  <Pair reval="1d">
    <File perm="0444">/79/14</File>
    <Query type="disk">/tmp/test-disk-big/79/14</Query>
  </Pair>
  <Pair reval="1d">
    <File perm="0444">/79/15</File>
    <Query type="disk">/tmp/test-disk-big/79/15</Query>
  </Pair>
  <Pair reval="1d">
    <File perm="0444">/79/16</File>
    <Query type="disk">/tmp/test-disk-big/79/16</Query>
  </Pair>
  <Pair reval="1d">
    <File perm="0444">/79/17</File>
    <Query type="disk">/tmp/test-disk-big/79/17</Query>
  </Pair>
  <Pair reval="1d">
    <File perm="0444">/79/18</File>
    <Query type="disk">/tmp/test-disk-big/79/18</Query>
  </Pair>
  <Pair reval="1d">
    <File perm="0444">/79/19</File>
    <Query type="disk">/tmp/test-disk-big/79/19</Query>
  </Pair>
  <Pair reval="1d">
    <File perm="0444">/79/2</File>
    <Query type="disk">/tmp/test-disk-big/79/2</Query>
  </Pair>
  <Pair reval="1d">
    <File perm="0444">/79/20</File>
    <Query type="disk">/tmp/test-disk-big/79/20</Query>
  </Pair>
  <Pair reval="1d">
    <File perm="0444">/79/21</File>
    <Query type="disk">/tmp/test-disk-big/79/21</Query>
  </Pair>
  <Pair reval="1d">
    <File perm="0444">/79/22</File>
    <Query type="disk">/tmp/test-disk-big/79/22</Query>
  </Pair>
  <Pair reval="1d">
    <File perm="0444">/79/23</File>
    <Query type="disk">/tmp/test-disk-big/79/23</Query>
  </Pair>
  <Pair reval="1d">
    <File perm="0444">/79/24</File>
    <Query type="disk">/tmp/test-disk-big/79/24</Query>
  </Pair>
  <Pair reval="1d">
    <File perm="0444">/79/25</File>
    <Query type="disk">/tmp/test-disk-big/79/25</Query>
  </Pair>
  <Pair reval="1d">
    <File perm="0444">/79/26</File>
    <Query type="disk">/tmp/test-disk-big/79/26</Query>
  </Pair>
  <Pair reval="1d">
    <File perm="0444">/79/27</File>
    <Query type="disk">/tmp/test-disk-big/79/27</Query>
  </Pair>
  <Pair reval="1d">
    <File perm="0444">/79/28</File>
    <Query type="disk">/tmp/test-disk-big/79/28</Query>
  </Pair>
  <Pair reval="1d">
    <File perm="0444">/79/29</File>
    <Query type="disk">/tmp/test-disk-big/79/29</Query>
  </Pair>
  <Pair reval="1d">
    <File perm="0444">/79/3</File>
    <Query type="disk">/tmp/test-disk-big/79/3</Query>
  </Pair>
  <Pair reval="1d">
    <File perm="0444">/79/30</File>
    <Query type="disk">/tmp/test-disk-big/79/30</Query>
  </Pair>
  <Pair reval="1d">
    <File perm="0444">/79/31</File>
    <Query type="disk">/tmp/test-disk-big/79/31</Query>
  </Pair>
  <Pair reval="1d">
    <File perm="0444">/79/32</File>
    <Query type="disk">/tmp/test-disk-big/79/32</Query>
  </Pair>
  <Pair reval="1d">
    <File perm="0444">/79/33</File>
    <Query type="disk">/tmp/test-disk-big/79/33</Query>
  </Pair>
  <Pair reval="1d">
    <File perm="0444">/79/34</File>
    <Query type="disk">/tmp/test-disk-big/79/34</Query>
  </Pair>
  <Pair reval="1d">
    <File perm="0444">/79/35</File>
    <Query type="disk">/tmp/test-disk-big/79/35</Query>
  </Pair>
  <Pair reval="1d">
    <File perm="0444">/79/36</File>
    <Query type="disk">/tmp/test-disk-big/79/36</Query>
  </Pair>
  <Pair reval="1d">
    <File perm="0444">/79/37</File>
    <Query type="disk">/tmp/test-disk-big/79/37</Query>
  </Pair>
  <Pair reval="1d">
    <File perm="0444">/79/38</File>
    <Query type="disk">/tmp/test-disk-big/79/38</Query>
  </Pair>
  <Pair reval="1d">
    <File perm="0444">/79/39</File>
    <Query type="disk">/tmp/test-disk-big/79/39</Query>
  </Pair>
  <Pair reval="1d">
    <File perm="0444">/79/4</File>
    <Query type="disk">/tmp/test-disk-big/79/4</Query>
  </Pair>
  <Pair reval="1d">
    <File perm="0444">/79/40</File>
    <Query type="disk">/tmp/test-disk-big/79/40</Query>
  </Pair>
  <Pair reval="1d">
    <File perm="0444">/79/41</File>
    <Query type="disk">/tmp/test-disk-big/79/41</Query>
  </Pair>
  <Pair reval="1d">
    <File perm="0444">/79/42</File>
    <Query type="disk">/tmp/test-disk-big/79/42</Query>
  </Pair>
  <Pair reval="1d">
    <File perm="0444">/79/43</File>
    <Query type="disk">/tmp/test-disk-big/79/43</Query>
  </Pair>
  <Pair reval="1d">
    <File perm="0444">/79/44</File>
    <Query type="disk">/tmp/test-disk-big/79/44</Query>
  </Pair>
  <Pair reval="1d">
    <File perm="0444">/79/45</File>
    <Query type="disk">/tmp/test-disk-big/79/45</Query>
  </Pair>
  <Pair reval="1d">
    <File perm="0444">/79/46</File>
    <Query type="disk">/tmp/test-disk-big/79/46</Query>
  </Pair>
  <Pair reval="1d">
    <File perm="0444">/79/47</File>
    <Query type="disk">/tmp/test-disk-big/79/47</Query>
  </Pair>
  <Pair reval="1d">
    <File perm="0444">/79/48</File>
    <Query type="disk">/tmp/test-disk-big/79/48</Query>
  </Pair>
  <Pair reval="1d">
    <File perm="0444">/79/49</File>
    <Query type="disk">/tmp/test-disk-big/79/49</Query>
  </Pair>
  <Pair reval="1d">
    <File perm="0444">/79/5</File>
    <Query type="disk">/tmp/test-disk-big/79/5</Query>
  </Pair>
  <Pair reval="1d">
    <File perm="0444">/79/50</File>
    <Query type="disk">/tmp/test-disk-big/79/50</Query>
  </Pair>
  <Pair reval="1d">
    <File perm="0444">/79/51</File>
    <Query type="disk">/tmp/test-disk-big/79/51</Query>
  </Pair>
  <Pair reval="1d">
    <File perm="0444">/79/52</File>
    <Query type="disk">/tmp/test-disk-big/79/52</Query>
  </Pair>
  <Pair reval="1d">
    <File perm="0444">/79/53</File>
    <Query type="disk">/tmp/test-disk-big/79/53</Query>
  </Pair>
  <Pair reval="1d">
    <File perm="0444">/79/54</File>
    <Query type="disk">/tmp/test-disk-big/79/54</Query>
  </Pair>
  <Pair reval="1d">
    <File perm="0444">/79/55</File>
    <Query type="disk">/tmp/test-disk-big/79/55</Query>
  </Pair>
  <Pair reval="1d">
    <File perm="0444">/79/56</File>
    <Query type="disk">/tmp/test-disk-big/79/56</Query>
  </Pair>
  <Pair reval="1d">
    <File perm="0444">/79/57</File>
    <Query type="disk">/tmp/test-disk-big/79/57</Query>
  </Pair>
  <Pair reval="1d">
    <File perm="0444">/79/58</File>
    <Query type="disk">/tmp/test-disk-big/79/58</Query>
  </Pair>
  <Pair reval="1d">
    <File perm="0444">/79/59</File>
    <Query type="disk">/tmp/test-disk-big/79/59</Query>
  </Pair>
  <Pair reval="1d">
    <File perm="0444">/79/6</File>
    <Query type="disk">/tmp/test-disk-big/79/6</Query>
  </Pair>
  <Pair reval="1d">
    <File perm="0444">/79/60</File>
    <Query type="disk">/tmp/test-disk-big/79/60</Query>
  </Pair>
  <Pair reval="1d">
    <File perm="0444">/79/61</File>
    <Query type="disk">/tmp/test-disk-big/79/61</Query>
  </Pair>
  <Pair reval="1d">
    <File perm="0444">/79/62</File>
    <Query type="disk">/tmp/test-disk-big/79/62</Query>
  </Pair>
  <Pair reval="1d">
    <File perm="0444">/79/63</File>
    <Query type="disk">/tmp/test-disk-big/79/63</Query>
  </Pair>
  <Pair reval="1d">
    <File perm="0444">/79/64</File>
    <Query type="disk">/tmp/test-disk-big/79/64</Query>
  </Pair>
  <Pair reval="1d">
    <File perm="0444">/79/65</File>
    <Query type="disk">/tmp/test-disk-big/79/65</Query>
  </Pair>
  <Pair reval="1d">
    <File perm="0444">/79/66</File>
    <Query type="disk">/tmp/test-disk-big/79/66</Query>
  </Pair>
  <Pair reval="1d">
    <File perm="0444">/79/67</File>
    <Query type="disk">/tmp/test-disk-big/79/67</Query>
  </Pair>
  <Pair reval="1d">
    <File perm="0444">/79/68</File>
    <Query type="disk">/tmp/test-disk-big/79/68</Query>
  </Pair>
  <Pair reval="1d">
    <File perm="0444">/79/69</File>
    <Query type="disk">/tmp/test-disk-big/79/69</Query>
  </Pair>
  <Pair reval="1d">
    <File perm="0444">/79/7</File>
    <Query type="disk">/tmp/test-disk-big/79/7</Query>
  </Pair>
  <Pair reval="1d">
    <File perm="0444">/79/70</File>
    <Query type="disk">/tmp/test-disk-big/79/70</Query>
  </Pair>
  <Pair reval="1d">
    <File perm="0444">/79/71</File>
    <Query type="disk">/tmp/test-disk-big/79/71</Query>
  </Pair>
  <Pair reval="1d">
    <File perm="0444">/79/72</File>
    <Query type="disk">/tmp/test-disk-big/79/72</Query>
  </Pair>
  <Pair reval="1d">
    <File perm="0444">/79/73</File>
    <Query type="disk">/tmp/test-disk-big/79/73</Query>
  </Pair>
  <Pair reval="1d">
    <File perm="0444">/79/74</File>
    <Query type="disk">/tmp/test-disk-big/79/74</Query>
  </Pair>
  <Pair reval="1d">
    <File perm="0444">/79/75</File>
    <Query type="disk">/tmp/test-disk-big/79/75</Query>
  </Pair>
  <Pair reval="1d">
    <File perm="0444">/79/76</File>
    <Query type="disk">/tmp/test-disk-big/79/76</Query>
  </Pair>
  <Pair reval="1d">
    <File perm="0444">/79/77</File>
    <Query type="disk">/tmp/test-disk-big/79/77</Query>
  </Pair>
  <Pair reval="1d">
    <File perm="0444">/79/78</File>
    <Query type="disk">/tmp/test-disk-big/79/78</Query>
  </Pair>
  <Pair reval="1d">
    <File perm="0444">/79/79</File>
    <Query type="disk">/tmp/test-disk-big/79/79</Query>
  </Pair>
  <Pair reval="1d">
    <File perm="0444">/79/8</File>
    <Query type="disk">/tmp/test-disk-big/79/8</Query>
  </Pair>
  <Pair reval="1d">
    <File perm="0444">/79/80</File>
    <Query type="disk">/tmp/test-disk-big/79/80</Query>
  </Pair>
  <Pair reval="1d">
    <File perm="0444">/79/81</File>
    <Query type="disk">/tmp/test-disk-big/79/81</Query>
  </Pair>
  <Pair reval="1d">
    <File perm="0444">/79/82</File>
    <Query type="disk">/tmp/test-disk-big/79/82</Query>
  </Pair>
  <Pair reval="1d">
    <File perm="0444">/79/83</File>
    <Query type="disk">/tmp/test-disk-big/79/83</Query>
  </Pair>
  <Pair reval="1d">
    <File perm="0444">/79/84</File>
    <Query type="disk">/tmp/test-disk-big/79/84</Query>
  </Pair>
  <Pair reval="1d">
    <File perm="0444">/79/85</File>
    <Query type="disk">/tmp/test-disk-big/79/85</Query>
  </Pair>
  <Pair reval="1d">
    <File perm="0444">/79/86</File>
    <Query type="disk">/tmp/test-disk-big/79/86</Query>
  </Pair>
  <Pair reval="1d">
    <File perm="0444">/79/87</File>
    <Query type="disk">/tmp/test-disk-big/79/87</Query>
  </Pair>
  <Pair reval="1d">
    <File perm="0444">/79/88</File>
    <Query type="disk">/tmp/test-disk-big/79/88</Query>
  </Pair>
  <Pair reval="1d">
    <File perm="0444">/79/89</File>
    <Query type="disk">/tmp/test-disk-big/79/89</Query>
  </Pair>
  <Pair reval="1d">
    <File perm="0444">/79/9</File>
    <Query type="disk">/tmp/test-disk-big/79/9</Query>
  </Pair>
  <Pair reval="1d">
    <File perm="0444">/79/90</File>
    <Query type="disk">/tmp/test-disk-big/79/90</Query>
  </Pair>
  <Pair reval="1d">
    <File perm="0444">/79/91</File>
    <Query type="disk">/tmp/test-disk-big/79/91</Query>
  </Pair>
  <Pair reval="1d">
    <File perm="0444">/79/92</File>
    <Query type="disk">/tmp/test-disk-big/79/92</Query>
  </Pair>
  <Pair reval="1d">
    <File perm="0444">/79/93</File>
    <Query type="disk">/tmp/test-disk-big/79/93</Query>
  </Pair>
  <Pair reval="1d">
    <File perm="0444">/79/94</File>
    <Query type="disk">/tmp/test-disk-big/79/94</Query>
  </Pair>
  <Pair reval="1d">
    <File perm="0444">/79/95</File>
    <Query type="disk">/tmp/test-disk-big/79/95</Query>
  </Pair>
  <Pair reval="1d">
    <File perm="0444">/79/96</File>
    <Query type="disk">/tmp/test-disk-big/79/96</Query>
  </Pair>
  <Pair reval="1d">
    <File perm="0444">/79/97</File>
    <Query type="disk">/tmp/test-disk-big/79/97</Query>
  </Pair>
  <Pair reval="1d">
    <File perm="0444">/79/98</File>
    <Query type="disk">/tmp/test-disk-big/79/98</Query>
  </Pair>
  <Pair reval="1d">
    <File perm="0444">/79/99</File>
    <Query type="disk">/tmp/test-disk-big/79/99</Query>
  </Pair>
  <Pair reval="1d">
    <Dir perm="0555">/8</Dir>
    <Query type="disk"></Query>
  </Pair>
  <Pair reval="1d">
    <File perm="0444">/8/1</File>
    <Query type="disk">/tmp/test-disk-big/8/1</Query>
  </Pair>
  <Pair reval="1d">
    <File perm="0444">/8/10</File>
    <Query type="disk">/tmp/test-disk-big/8/10</Query>
  </Pair>
  <Pair reval="1d">
    <File perm="0444">/8/100</File>
    <Query type="disk">/tmp/test-disk-big/8/100</Query>
  </Pair>
  <Pair reval="1d">
    <File perm="0444">/8/11</File>
    <Query type="disk">/tmp/test-disk-big/8/11</Query>
  </Pair>
  <Pair reval="1d">
    <File perm="0444">/8/12</File>
    <Query type="disk">/tmp/test-disk-big/8/12</Query>
  </Pair>
  <Pair reval="1d">
    <File perm="0444">/8/13</File>
    <Query type="disk">/tmp/test-disk-big/8/13</Query>
  </Pair>
  <Pair reval="1d">
    <File perm="0444">/8/14</File>
    <Query type="disk">/tmp/test-disk-big/8/14</Query>
  </Pair>
  <Pair reval="1d">
    <File perm="0444">/8/15</File>
    <Query type="disk">/tmp/test-disk-big/8/15</Query>
  </Pair>
  <Pair reval="1d">
    <File perm="0444">/8/16</File>
    <Query type="disk">/tmp/test-disk-big/8/16</Query>
  </Pair>
  <Pair reval="1d">
    <File perm="0444">/8/17</File>
    <Query type="disk">/tmp/test-disk-big/8/17</Query>
  </Pair>
  <Pair reval="1d">
    <File perm="0444">/8/18</File>
    <Query type="disk">/tmp/test-disk-big/8/18</Query>
  </Pair>
  <Pair reval="1d">
    <File perm="0444">/8/19</File>
    <Query type="disk">/tmp/test-disk-big/8/19</Query>
  </Pair>
  <Pair reval="1d">
    <File perm="0444">/8/2</File>
    <Query type="disk">/tmp/test-disk-big/8/2</Query>
  </Pair>
  <Pair reval="1d">
    <File perm="0444">/8/20</File>
    <Query type="disk">/tmp/test-disk-big/8/20</Query>
  </Pair>
  <Pair reval="1d">
    <File perm="0444">/8/21</File>
    <Query type="disk">/tmp/test-disk-big/8/21</Query>
  </Pair>
  <Pair reval="1d">
    <File perm="0444">/8/22</File>
    <Query type="disk">/tmp/test-disk-big/8/22</Query>
  </Pair>
  <Pair reval="1d">
    <File perm="0444">/8/23</File>
    <Query type="disk">/tmp/test-disk-big/8/23</Query>
  </Pair>
  <Pair reval="1d">
    <File perm="0444">/8/24</File>
    <Query type="disk">/tmp/test-disk-big/8/24</Query>
  </Pair>
  <Pair reval="1d">
    <File perm="0444">/8/25</File>
    <Query type="disk">/tmp/test-disk-big/8/25</Query>
  </Pair>
  <Pair reval="1d">
    <File perm="0444">/8/26</File>
    <Query type="disk">/tmp/test-disk-big/8/26</Query>
  </Pair>
  <Pair reval="1d">
    <File perm="0444">/8/27</File>
    <Query type="disk">/tmp/test-disk-big/8/27</Query>
  </Pair>
  <Pair reval="1d">
    <File perm="0444">/8/28</File>
    <Query type="disk">/tmp/test-disk-big/8/28</Query>
  </Pair>
  <Pair reval="1d">
    <File perm="0444">/8/29</File>
    <Query type="disk">/tmp/test-disk-big/8/29</Query>
  </Pair>
  <Pair reval="1d">
    <File perm="0444">/8/3</File>
    <Query type="disk">/tmp/test-disk-big/8/3</Query>
  </Pair>
  <Pair reval="1d">
    <File perm="0444">/8/30</File>
    <Query type="disk">/tmp/test-disk-big/8/30</Query>
  </Pair>
  <Pair reval="1d">
    <File perm="0444">/8/31</File>
    <Query type="disk">/tmp/test-disk-big/8/31</Query>
  </Pair>
  <Pair reval="1d">
    <File perm="0444">/8/32</File>
    <Query type="disk">/tmp/test-disk-big/8/32</Query>
  </Pair>
  <Pair reval="1d">
    <File perm="0444">/8/33</File>
    <Query type="disk">/tmp/test-disk-big/8/33</Query>
  </Pair>
  <Pair reval="1d">
    <File perm="0444">/8/34</File>
    <Query type="disk">/tmp/test-disk-big/8/34</Query>
  </Pair>
  <Pair reval="1d">
    <File perm="0444">/8/35</File>
    <Query type="disk">/tmp/test-disk-big/8/35</Query>
  </Pair>
  <Pair reval="1d">
    <File perm="0444">/8/36</File>
    <Query type="disk">/tmp/test-disk-big/8/36</Query>
  </Pair>
  <Pair reval="1d">
    <File perm="0444">/8/37</File>
    <Query type="disk">/tmp/test-disk-big/8/37</Query>
  </Pair>
  <Pair reval="1d">
    <File perm="0444">/8/38</File>
    <Query type="disk">/tmp/test-disk-big/8/38</Query>
  </Pair>
  <Pair reval="1d">
    <File perm="0444">/8/39</File>
    <Query type="disk">/tmp/test-disk-big/8/39</Query>
  </Pair>
  <Pair reval="1d">
    <File perm="0444">/8/4</File>
    <Query type="disk">/tmp/test-disk-big/8/4</Query>
  </Pair>
  <Pair reval="1d">
    <File perm="0444">/8/40</File>
    <Query type="disk">/tmp/test-disk-big/8/40</Query>
  </Pair>
  <Pair reval="1d">
    <File perm="0444">/8/41</File>
    <Query type="disk">/tmp/test-disk-big/8/41</Query>
  </Pair>
  <Pair reval="1d">
    <File perm="0444">/8/42</File>
    <Query type="disk">/tmp/test-disk-big/8/42</Query>
  </Pair>
  <Pair reval="1d">
    <File perm="0444">/8/43</File>
    <Query type="disk">/tmp/test-disk-big/8/43</Query>
  </Pair>
  <Pair reval="1d">
    <File perm="0444">/8/44</File>
    <Query type="disk">/tmp/test-disk-big/8/44</Query>
  </Pair>
  <Pair reval="1d">
    <File perm="0444">/8/45</File>
    <Query type="disk">/tmp/test-disk-big/8/45</Query>
  </Pair>
  <Pair reval="1d">
    <File perm="0444">/8/46</File>
    <Query type="disk">/tmp/test-disk-big/8/46</Query>
  </Pair>
  <Pair reval="1d">
    <File perm="0444">/8/47</File>
    <Query type="disk">/tmp/test-disk-big/8/47</Query>
  </Pair>
  <Pair reval="1d">
    <File perm="0444">/8/48</File>
    <Query type="disk">/tmp/test-disk-big/8/48</Query>
  </Pair>
  <Pair reval="1d">
    <File perm="0444">/8/49</File>
    <Query type="disk">/tmp/test-disk-big/8/49</Query>
  </Pair>
  <Pair reval="1d">
    <File perm="0444">/8/5</File>
    <Query type="disk">/tmp/test-disk-big/8/5</Query>
  </Pair>
  <Pair reval="1d">
    <File perm="0444">/8/50</File>
    <Query type="disk">/tmp/test-disk-big/8/50</Query>
  </Pair>
  <Pair reval="1d">
    <File perm="0444">/8/51</File>
    <Query type="disk">/tmp/test-disk-big/8/51</Query>
  </Pair>
  <Pair reval="1d">
    <File perm="0444">/8/52</File>
    <Query type="disk">/tmp/test-disk-big/8/52</Query>
  </Pair>
  <Pair reval="1d">
    <File perm="0444">/8/53</File>
    <Query type="disk">/tmp/test-disk-big/8/53</Query>
  </Pair>
  <Pair reval="1d">
    <File perm="0444">/8/54</File>
    <Query type="disk">/tmp/test-disk-big/8/54</Query>
  </Pair>
  <Pair reval="1d">
    <File perm="0444">/8/55</File>
    <Query type="disk">/tmp/test-disk-big/8/55</Query>
  </Pair>
  <Pair reval="1d">
    <File perm="0444">/8/56</File>
    <Query type="disk">/tmp/test-disk-big/8/56</Query>
  </Pair>
  <Pair reval="1d">
    <File perm="0444">/8/57</File>
    <Query type="disk">/tmp/test-disk-big/8/57</Query>
  </Pair>
  <Pair reval="1d">
    <File perm="0444">/8/58</File>
    <Query type="disk">/tmp/test-disk-big/8/58</Query>
  </Pair>
  <Pair reval="1d">
    <File perm="0444">/8/59</File>
    <Query type="disk">/tmp/test-disk-big/8/59</Query>
  </Pair>
  <Pair reval="1d">
    <File perm="0444">/8/6</File>
    <Query type="disk">/tmp/test-disk-big/8/6</Query>
  </Pair>
  <Pair reval="1d">
    <File perm="0444">/8/60</File>
    <Query type="disk">/tmp/test-disk-big/8/60</Query>
  </Pair>
  <Pair reval="1d">
    <File perm="0444">/8/61</File>
    <Query type="disk">/tmp/test-disk-big/8/61</Query>
  </Pair>
  <Pair reval="1d">
    <File perm="0444">/8/62</File>
    <Query type="disk">/tmp/test-disk-big/8/62</Query>
  </Pair>
  <Pair reval="1d">
    <File perm="0444">/8/63</File>
    <Query type="disk">/tmp/test-disk-big/8/63</Query>
  </Pair>
  <Pair reval="1d">
    <File perm="0444">/8/64</File>
    <Query type="disk">/tmp/test-disk-big/8/64</Query>
  </Pair>
  <Pair reval="1d">
    <File perm="0444">/8/65</File>
    <Query type="disk">/tmp/test-disk-big/8/65</Query>
  </Pair>
  <Pair reval="1d">
    <File perm="0444">/8/66</File>
    <Query type="disk">/tmp/test-disk-big/8/66</Query>
  </Pair>
  <Pair reval="1d">
    <File perm="0444">/8/67</File>
    <Query type="disk">/tmp/test-disk-big/8/67</Query>
  </Pair>
  <Pair reval="1d">
    <File perm="0444">/8/68</File>
    <Query type="disk">/tmp/test-disk-big/8/68</Query>
  </Pair>
  <Pair reval="1d">
    <File perm="0444">/8/69</File>
    <Query type="disk">/tmp/test-disk-big/8/69</Query>
  </Pair>
  <Pair reval="1d">
    <File perm="0444">/8/7</File>
    <Query type="disk">/tmp/test-disk-big/8/7</Query>
  </Pair>
  <Pair reval="1d">
    <File perm="0444">/8/70</File>
    <Query type="disk">/tmp/test-disk-big/8/70</Query>
  </Pair>
  <Pair reval="1d">
    <File perm="0444">/8/71</File>
    <Query type="disk">/tmp/test-disk-big/8/71</Query>
  </Pair>
  <Pair reval="1d">
    <File perm="0444">/8/72</File>
    <Query type="disk">/tmp/test-disk-big/8/72</Query>
  </Pair>
  <Pair reval="1d">
    <File perm="0444">/8/73</File>
    <Query type="disk">/tmp/test-disk-big/8/73</Query>
  </Pair>
  <Pair reval="1d">
    <File perm="0444">/8/74</File>
    <Query type="disk">/tmp/test-disk-big/8/74</Query>
  </Pair>
  <Pair reval="1d">
    <File perm="0444">/8/75</File>
    <Query type="disk">/tmp/test-disk-big/8/75</Query>
  </Pair>
  <Pair reval="1d">
    <File perm="0444">/8/76</File>
    <Query type="disk">/tmp/test-disk-big/8/76</Query>
  </Pair>
  <Pair reval="1d">
    <File perm="0444">/8/77</File>
    <Query type="disk">/tmp/test-disk-big/8/77</Query>
  </Pair>
  <Pair reval="1d">
    <File perm="0444">/8/78</File>
    <Query type="disk">/tmp/test-disk-big/8/78</Query>
  </Pair>
  <Pair reval="1d">
    <File perm="0444">/8/79</File>
    <Query type="disk">/tmp/test-disk-big/8/79</Query>
  </Pair>
  <Pair reval="1d">
    <File perm="0444">/8/8</File>
    <Query type="disk">/tmp/test-disk-big/8/8</Query>
  </Pair>
  <Pair reval="1d">
    <File perm="0444">/8/80</File>
    <Query type="disk">/tmp/test-disk-big/8/80</Query>
  </Pair>
  <Pair reval="1d">
    <File perm="0444">/8/81</File>
    <Query type="disk">/tmp/test-disk-big/8/81</Query>
  </Pair>
  <Pair reval="1d">
    <File perm="0444">/8/82</File>
    <Query type="disk">/tmp/test-disk-big/8/82</Query>
  </Pair>
  <Pair reval="1d">
    <File perm="0444">/8/83</File>
    <Query type="disk">/tmp/test-disk-big/8/83</Query>
  </Pair>
  <Pair reval="1d">
    <File perm="0444">/8/84</File>
    <Query type="disk">/tmp/test-disk-big/8/84</Query>
  </Pair>
  <Pair reval="1d">
    <File perm="0444">/8/85</File>
    <Query type="disk">/tmp/test-disk-big/8/85</Query>
  </Pair>
  <Pair reval="1d">
    <File perm="0444">/8/86</File>
    <Query type="disk">/tmp/test-disk-big/8/86</Query>
  </Pair>
  <Pair reval="1d">
    <File perm="0444">/8/87</File>
    <Query type="disk">/tmp/test-disk-big/8/87</Query>
  </Pair>
  <Pair reval="1d">
    <File perm="0444">/8/88</File>
    <Query type="disk">/tmp/test-disk-big/8/88</Query>
  </Pair>
  <Pair reval="1d">
    <File perm="0444">/8/89</File>
    <Query type="disk">/tmp/test-disk-big/8/89</Query>
  </Pair>
  <Pair reval="1d">
    <File perm="0444">/8/9</File>
    <Query type="disk">/tmp/test-disk-big/8/9</Query>
  </Pair>
  <Pair reval="1d">
    <File perm="0444">/8/90</File>
    <Query type="disk">/tmp/test-disk-big/8/90</Query>
  </Pair>
  <Pair reval="1d">
    <File perm="0444">/8/91</File>
    <Query type="disk">/tmp/test-disk-big/8/91</Query>
  </Pair>
  <Pair reval="1d">
    <File perm="0444">/8/92</File>
    <Query type="disk">/tmp/test-disk-big/8/92</Query>
  </Pair>
  <Pair reval="1d">
    <File perm="0444">/8/93</File>
    <Query type="disk">/tmp/test-disk-big/8/93</Query>
  </Pair>
  <Pair reval="1d">
    <File perm="0444">/8/94</File>
    <Query type="disk">/tmp/test-disk-big/8/94</Query>
  </Pair>
  <Pair reval="1d">
    <File perm="0444">/8/95</File>
    <Query type="disk">/tmp/test-disk-big/8/95</Query>
  </Pair>
  <Pair reval="1d">
    <File perm="0444">/8/96</File>
    <Query type="disk">/tmp/test-disk-big/8/96</Query>
  </Pair>
  <Pair reval="1d">
    <File perm="0444">/8/97</File>
    <Query type="disk">/tmp/test-disk-big/8/97</Query>
  </Pair>
  <Pair reval="1d">
    <File perm="0444">/8/98</File>
    <Query type="disk">/tmp/test-disk-big/8/98</Query>
  </Pair>
  <Pair reval="1d">
    <File perm="0444">/8/99</File>
    <Query type="disk">/tmp/test-disk-big/8/99</Query>
  </Pair>
  <Pair reval="1d">
    <Dir perm="0555">/80</Dir>
    <Query type="disk"></Query>
  </Pair>
  <Pair reval="1d">
    <File perm="0444">/80/1</File>
    <Query type="disk">/tmp/test-disk-big/80/1</Query>
  </Pair>
  <Pair reval="1d">
    <File perm="0444">/80/10</File>
    <Query type="disk">/tmp/test-disk-big/80/10</Query>
  </Pair>
  <Pair reval="1d">
    <File perm="0444">/80/100</File>
    <Query type="disk">/tmp/test-disk-big/80/100</Query>
  </Pair>
  <Pair reval="1d">
    <File perm="0444">/80/11</File>
    <Query type="disk">/tmp/test-disk-big/80/11</Query>
  </Pair>
  <Pair reval="1d">
    <File perm="0444">/80/12</File>
    <Query type="disk">/tmp/test-disk-big/80/12</Query>
  </Pair>
  <Pair reval="1d">
    <File perm="0444">/80/13</File>
    <Query type="disk">/tmp/test-disk-big/80/13</Query>
  </Pair>
  <Pair reval="1d">
    <File perm="0444">/80/14</File>
    <Query type="disk">/tmp/test-disk-big/80/14</Query>
  </Pair>
  <Pair reval="1d">
    <File perm="0444">/80/15</File>
    <Query type="disk">/tmp/test-disk-big/80/15</Query>
  </Pair>
  <Pair reval="1d">
    <File perm="0444">/80/16</File>
    <Query type="disk">/tmp/test-disk-big/80/16</Query>
  </Pair>
  <Pair reval="1d">
    <File perm="0444">/80/17</File>
    <Query type="disk">/tmp/test-disk-big/80/17</Query>
  </Pair>
  <Pair reval="1d">
    <File perm="0444">/80/18</File>
    <Query type="disk">/tmp/test-disk-big/80/18</Query>
  </Pair>
  <Pair reval="1d">
    <File perm="0444">/80/19</File>
    <Query type="disk">/tmp/test-disk-big/80/19</Query>
  </Pair>
  <Pair reval="1d">
    <File perm="0444">/80/2</File>
    <Query type="disk">/tmp/test-disk-big/80/2</Query>
  </Pair>
  <Pair reval="1d">
    <File perm="0444">/80/20</File>
    <Query type="disk">/tmp/test-disk-big/80/20</Query>
  </Pair>
  <Pair reval="1d">
    <File perm="0444">/80/21</File>
    <Query type="disk">/tmp/test-disk-big/80/21</Query>
  </Pair>
  <Pair reval="1d">
    <File perm="0444">/80/22</File>
    <Query type="disk">/tmp/test-disk-big/80/22</Query>
  </Pair>
  <Pair reval="1d">
    <File perm="0444">/80/23</File>
    <Query type="disk">/tmp/test-disk-big/80/23</Query>
  </Pair>
  <Pair reval="1d">
    <File perm="0444">/80/24</File>
    <Query type="disk">/tmp/test-disk-big/80/24</Query>
  </Pair>
  <Pair reval="1d">
    <File perm="0444">/80/25</File>
    <Query type="disk">/tmp/test-disk-big/80/25</Query>
  </Pair>
  <Pair reval="1d">
    <File perm="0444">/80/26</File>
    <Query type="disk">/tmp/test-disk-big/80/26</Query>
  </Pair>
  <Pair reval="1d">
    <File perm="0444">/80/27</File>
    <Query type="disk">/tmp/test-disk-big/80/27</Query>
  </Pair>
  <Pair reval="1d">
    <File perm="0444">/80/28</File>
    <Query type="disk">/tmp/test-disk-big/80/28</Query>
  </Pair>
  <Pair reval="1d">
    <File perm="0444">/80/29</File>
    <Query type="disk">/tmp/test-disk-big/80/29</Query>
  </Pair>
  <Pair reval="1d">
    <File perm="0444">/80/3</File>
    <Query type="disk">/tmp/test-disk-big/80/3</Query>
  </Pair>
  <Pair reval="1d">
    <File perm="0444">/80/30</File>
    <Query type="disk">/tmp/test-disk-big/80/30</Query>
  </Pair>
  <Pair reval="1d">
    <File perm="0444">/80/31</File>
    <Query type="disk">/tmp/test-disk-big/80/31</Query>
  </Pair>
  <Pair reval="1d">
    <File perm="0444">/80/32</File>
    <Query type="disk">/tmp/test-disk-big/80/32</Query>
  </Pair>
  <Pair reval="1d">
    <File perm="0444">/80/33</File>
    <Query type="disk">/tmp/test-disk-big/80/33</Query>
  </Pair>
  <Pair reval="1d">
    <File perm="0444">/80/34</File>
    <Query type="disk">/tmp/test-disk-big/80/34</Query>
  </Pair>
  <Pair reval="1d">
    <File perm="0444">/80/35</File>
    <Query type="disk">/tmp/test-disk-big/80/35</Query>
  </Pair>
  <Pair reval="1d">
    <File perm="0444">/80/36</File>
    <Query type="disk">/tmp/test-disk-big/80/36</Query>
  </Pair>
  <Pair reval="1d">
    <File perm="0444">/80/37</File>
    <Query type="disk">/tmp/test-disk-big/80/37</Query>
  </Pair>
  <Pair reval="1d">
    <File perm="0444">/80/38</File>
    <Query type="disk">/tmp/test-disk-big/80/38</Query>
  </Pair>
  <Pair reval="1d">
    <File perm="0444">/80/39</File>
    <Query type="disk">/tmp/test-disk-big/80/39</Query>
  </Pair>
  <Pair reval="1d">
    <File perm="0444">/80/4</File>
    <Query type="disk">/tmp/test-disk-big/80/4</Query>
  </Pair>
  <Pair reval="1d">
    <File perm="0444">/80/40</File>
    <Query type="disk">/tmp/test-disk-big/80/40</Query>
  </Pair>
  <Pair reval="1d">
    <File perm="0444">/80/41</File>
    <Query type="disk">/tmp/test-disk-big/80/41</Query>
  </Pair>
  <Pair reval="1d">
    <File perm="0444">/80/42</File>
    <Query type="disk">/tmp/test-disk-big/80/42</Query>
  </Pair>
  <Pair reval="1d">
    <File perm="0444">/80/43</File>
    <Query type="disk">/tmp/test-disk-big/80/43</Query>
  </Pair>
  <Pair reval="1d">
    <File perm="0444">/80/44</File>
    <Query type="disk">/tmp/test-disk-big/80/44</Query>
  </Pair>
  <Pair reval="1d">
    <File perm="0444">/80/45</File>
    <Query type="disk">/tmp/test-disk-big/80/45</Query>
  </Pair>
  <Pair reval="1d">
    <File perm="0444">/80/46</File>
    <Query type="disk">/tmp/test-disk-big/80/46</Query>
  </Pair>
  <Pair reval="1d">
    <File perm="0444">/80/47</File>
    <Query type="disk">/tmp/test-disk-big/80/47</Query>
  </Pair>
  <Pair reval="1d">
    <File perm="0444">/80/48</File>
    <Query type="disk">/tmp/test-disk-big/80/48</Query>
  </Pair>
  <Pair reval="1d">
    <File perm="0444">/80/49</File>
    <Query type="disk">/tmp/test-disk-big/80/49</Query>
  </Pair>
  <Pair reval="1d">
    <File perm="0444">/80/5</File>
    <Query type="disk">/tmp/test-disk-big/80/5</Query>
  </Pair>
  <Pair reval="1d">
    <File perm="0444">/80/50</File>
    <Query type="disk">/tmp/test-disk-big/80/50</Query>
  </Pair>
  <Pair reval="1d">
    <File perm="0444">/80/51</File>
    <Query type="disk">/tmp/test-disk-big/80/51</Query>
  </Pair>
  <Pair reval="1d">
    <File perm="0444">/80/52</File>
    <Query type="disk">/tmp/test-disk-big/80/52</Query>
  </Pair>
  <Pair reval="1d">
    <File perm="0444">/80/53</File>
    <Query type="disk">/tmp/test-disk-big/80/53</Query>
  </Pair>
  <Pair reval="1d">
    <File perm="0444">/80/54</File>
    <Query type="disk">/tmp/test-disk-big/80/54</Query>
  </Pair>
  <Pair reval="1d">
    <File perm="0444">/80/55</File>
    <Query type="disk">/tmp/test-disk-big/80/55</Query>
  </Pair>
  <Pair reval="1d">
    <File perm="0444">/80/56</File>
    <Query type="disk">/tmp/test-disk-big/80/56</Query>
  </Pair>
  <Pair reval="1d">
    <File perm="0444">/80/57</File>
    <Query type="disk">/tmp/test-disk-big/80/57</Query>
  </Pair>
  <Pair reval="1d">
    <File perm="0444">/80/58</File>
    <Query type="disk">/tmp/test-disk-big/80/58</Query>
  </Pair>
  <Pair reval="1d">
    <File perm="0444">/80/59</File>
    <Query type="disk">/tmp/test-disk-big/80/59</Query>
  </Pair>
  <Pair reval="1d">
    <File perm="0444">/80/6</File>
    <Query type="disk">/tmp/test-disk-big/80/6</Query>
  </Pair>
  <Pair reval="1d">
    <File perm="0444">/80/60</File>
    <Query type="disk">/tmp/test-disk-big/80/60</Query>
  </Pair>
  <Pair reval="1d">
    <File perm="0444">/80/61</File>
    <Query type="disk">/tmp/test-disk-big/80/61</Query>
  </Pair>
  <Pair reval="1d">
    <File perm="0444">/80/62</File>
    <Query type="disk">/tmp/test-disk-big/80/62</Query>
  </Pair>
  <Pair reval="1d">
    <File perm="0444">/80/63</File>
    <Query type="disk">/tmp/test-disk-big/80/63</Query>
  </Pair>
  <Pair reval="1d">
    <File perm="0444">/80/64</File>
    <Query type="disk">/tmp/test-disk-big/80/64</Query>
  </Pair>
  <Pair reval="1d">
    <File perm="0444">/80/65</File>
    <Query type="disk">/tmp/test-disk-big/80/65</Query>
  </Pair>
  <Pair reval="1d">
    <File perm="0444">/80/66</File>
    <Query type="disk">/tmp/test-disk-big/80/66</Query>
  </Pair>
  <Pair reval="1d">
    <File perm="0444">/80/67</File>
    <Query type="disk">/tmp/test-disk-big/80/67</Query>
  </Pair>
  <Pair reval="1d">
    <File perm="0444">/80/68</File>
    <Query type="disk">/tmp/test-disk-big/80/68</Query>
  </Pair>
  <Pair reval="1d">
    <File perm="0444">/80/69</File>
    <Query type="disk">/tmp/test-disk-big/80/69</Query>
  </Pair>
  <Pair reval="1d">
    <File perm="0444">/80/7</File>
    <Query type="disk">/tmp/test-disk-big/80/7</Query>
  </Pair>
  <Pair reval="1d">
    <File perm="0444">/80/70</File>
    <Query type="disk">/tmp/test-disk-big/80/70</Query>
  </Pair>
  <Pair reval="1d">
    <File perm="0444">/80/71</File>
    <Query type="disk">/tmp/test-disk-big/80/71</Query>
  </Pair>
  <Pair reval="1d">
    <File perm="0444">/80/72</File>
    <Query type="disk">/tmp/test-disk-big/80/72</Query>
  </Pair>
  <Pair reval="1d">
    <File perm="0444">/80/73</File>
    <Query type="disk">/tmp/test-disk-big/80/73</Query>
  </Pair>
  <Pair reval="1d">
    <File perm="0444">/80/74</File>
    <Query type="disk">/tmp/test-disk-big/80/74</Query>
  </Pair>
  <Pair reval="1d">
    <File perm="0444">/80/75</File>
    <Query type="disk">/tmp/test-disk-big/80/75</Query>
  </Pair>
  <Pair reval="1d">
    <File perm="0444">/80/76</File>
    <Query type="disk">/tmp/test-disk-big/80/76</Query>
  </Pair>
  <Pair reval="1d">
    <File perm="0444">/80/77</File>
    <Query type="disk">/tmp/test-disk-big/80/77</Query>
  </Pair>
  <Pair reval="1d">
    <File perm="0444">/80/78</File>
    <Query type="disk">/tmp/test-disk-big/80/78</Query>
  </Pair>
  <Pair reval="1d">
    <File perm="0444">/80/79</File>
    <Query type="disk">/tmp/test-disk-big/80/79</Query>
  </Pair>
  <Pair reval="1d">
    <File perm="0444">/80/8</File>
    <Query type="disk">/tmp/test-disk-big/80/8</Query>
  </Pair>
  <Pair reval="1d">
    <File perm="0444">/80/80</File>
    <Query type="disk">/tmp/test-disk-big/80/80</Query>
  </Pair>
  <Pair reval="1d">
    <File perm="0444">/80/81</File>
    <Query type="disk">/tmp/test-disk-big/80/81</Query>
  </Pair>
  <Pair reval="1d">
    <File perm="0444">/80/82</File>
    <Query type="disk">/tmp/test-disk-big/80/82</Query>
  </Pair>
  <Pair reval="1d">
    <File perm="0444">/80/83</File>
    <Query type="disk">/tmp/test-disk-big/80/83</Query>
  </Pair>
  <Pair reval="1d">
    <File perm="0444">/80/84</File>
    <Query type="disk">/tmp/test-disk-big/80/84</Query>
  </Pair>
  <Pair reval="1d">
    <File perm="0444">/80/85</File>
    <Query type="disk">/tmp/test-disk-big/80/85</Query>
  </Pair>
  <Pair reval="1d">
    <File perm="0444">/80/86</File>
    <Query type="disk">/tmp/test-disk-big/80/86</Query>
  </Pair>
  <Pair reval="1d">
    <File perm="0444">/80/87</File>
    <Query type="disk">/tmp/test-disk-big/80/87</Query>
  </Pair>
  <Pair reval="1d">
    <File perm="0444">/80/88</File>
    <Query type="disk">/tmp/test-disk-big/80/88</Query>
  </Pair>
  <Pair reval="1d">
    <File perm="0444">/80/89</File>
    <Query type="disk">/tmp/test-disk-big/80/89</Query>
  </Pair>
  <Pair reval="1d">
    <File perm="0444">/80/9</File>
    <Query type="disk">/tmp/test-disk-big/80/9</Query>
  </Pair>
  <Pair reval="1d">
    <File perm="0444">/80/90</File>
    <Query type="disk">/tmp/test-disk-big/80/90</Query>
  </Pair>
  <Pair reval="1d">
    <File perm="0444">/80/91</File>
    <Query type="disk">/tmp/test-disk-big/80/91</Query>
  </Pair>
  <Pair reval="1d">
    <File perm="0444">/80/92</File>
    <Query type="disk">/tmp/test-disk-big/80/92</Query>
  </Pair>
  <Pair reval="1d">
    <File perm="0444">/80/93</File>
    <Query type="disk">/tmp/test-disk-big/80/93</Query>
  </Pair>
  <Pair reval="1d">
    <File perm="0444">/80/94</File>
    <Query type="disk">/tmp/test-disk-big/80/94</Query>
  </Pair>
  <Pair reval="1d">
    <File perm="0444">/80/95</File>
    <Query type="disk">/tmp/test-disk-big/80/95</Query>
  </Pair>
  <Pair reval="1d">
    <File perm="0444">/80/96</File>
    <Query type="disk">/tmp/test-disk-big/80/96</Query>
  </Pair>
  <Pair reval="1d">
    <File perm="0444">/80/97</File>
    <Query type="disk">/tmp/test-disk-big/80/97</Query>
  </Pair>
  <Pair reval="1d">
    <File perm="0444">/80/98</File>
    <Query type="disk">/tmp/test-disk-big/80/98</Query>
  </Pair>
  <Pair reval="1d">
    <File perm="0444">/80/99</File>
    <Query type="disk">/tmp/test-disk-big/80/99</Query>
  </Pair>
  <Pair reval="1d">
    <Dir perm="0555">/81</Dir>
    <Query type="disk"></Query>
  </Pair>
  <Pair reval="1d">
    <File perm="0444">/81/1</File>
    <Query type="disk">/tmp/test-disk-big/81/1</Query>
  </Pair>
  <Pair reval="1d">
    <File perm="0444">/81/10</File>
    <Query type="disk">/tmp/test-disk-big/81/10</Query>
  </Pair>
  <Pair reval="1d">
    <File perm="0444">/81/100</File>
    <Query type="disk">/tmp/test-disk-big/81/100</Query>
  </Pair>
  <Pair reval="1d">
    <File perm="0444">/81/11</File>
    <Query type="disk">/tmp/test-disk-big/81/11</Query>
  </Pair>
  <Pair reval="1d">
    <File perm="0444">/81/12</File>
    <Query type="disk">/tmp/test-disk-big/81/12</Query>
  </Pair>
  <Pair reval="1d">
    <File perm="0444">/81/13</File>
    <Query type="disk">/tmp/test-disk-big/81/13</Query>
  </Pair>
  <Pair reval="1d">
    <File perm="0444">/81/14</File>
    <Query type="disk">/tmp/test-disk-big/81/14</Query>
  </Pair>
  <Pair reval="1d">
    <File perm="0444">/81/15</File>
    <Query type="disk">/tmp/test-disk-big/81/15</Query>
  </Pair>
  <Pair reval="1d">
    <File perm="0444">/81/16</File>
    <Query type="disk">/tmp/test-disk-big/81/16</Query>
  </Pair>
  <Pair reval="1d">
    <File perm="0444">/81/17</File>
    <Query type="disk">/tmp/test-disk-big/81/17</Query>
  </Pair>
  <Pair reval="1d">
    <File perm="0444">/81/18</File>
    <Query type="disk">/tmp/test-disk-big/81/18</Query>
  </Pair>
  <Pair reval="1d">
    <File perm="0444">/81/19</File>
    <Query type="disk">/tmp/test-disk-big/81/19</Query>
  </Pair>
  <Pair reval="1d">
    <File perm="0444">/81/2</File>
    <Query type="disk">/tmp/test-disk-big/81/2</Query>
  </Pair>
  <Pair reval="1d">
    <File perm="0444">/81/20</File>
    <Query type="disk">/tmp/test-disk-big/81/20</Query>
  </Pair>
  <Pair reval="1d">
    <File perm="0444">/81/21</File>
    <Query type="disk">/tmp/test-disk-big/81/21</Query>
  </Pair>
  <Pair reval="1d">
    <File perm="0444">/81/22</File>
    <Query type="disk">/tmp/test-disk-big/81/22</Query>
  </Pair>
  <Pair reval="1d">
    <File perm="0444">/81/23</File>
    <Query type="disk">/tmp/test-disk-big/81/23</Query>
  </Pair>
  <Pair reval="1d">
    <File perm="0444">/81/24</File>
    <Query type="disk">/tmp/test-disk-big/81/24</Query>
  </Pair>
  <Pair reval="1d">
    <File perm="0444">/81/25</File>
    <Query type="disk">/tmp/test-disk-big/81/25</Query>
  </Pair>
  <Pair reval="1d">
    <File perm="0444">/81/26</File>
    <Query type="disk">/tmp/test-disk-big/81/26</Query>
  </Pair>
  <Pair reval="1d">
    <File perm="0444">/81/27</File>
    <Query type="disk">/tmp/test-disk-big/81/27</Query>
  </Pair>
  <Pair reval="1d">
    <File perm="0444">/81/28</File>
    <Query type="disk">/tmp/test-disk-big/81/28</Query>
  </Pair>
  <Pair reval="1d">
    <File perm="0444">/81/29</File>
    <Query type="disk">/tmp/test-disk-big/81/29</Query>
  </Pair>
  <Pair reval="1d">
    <File perm="0444">/81/3</File>
    <Query type="disk">/tmp/test-disk-big/81/3</Query>
  </Pair>
  <Pair reval="1d">
    <File perm="0444">/81/30</File>
    <Query type="disk">/tmp/test-disk-big/81/30</Query>
  </Pair>
  <Pair reval="1d">
    <File perm="0444">/81/31</File>
    <Query type="disk">/tmp/test-disk-big/81/31</Query>
  </Pair>
  <Pair reval="1d">
    <File perm="0444">/81/32</File>
    <Query type="disk">/tmp/test-disk-big/81/32</Query>
  </Pair>
  <Pair reval="1d">
    <File perm="0444">/81/33</File>
    <Query type="disk">/tmp/test-disk-big/81/33</Query>
  </Pair>
  <Pair reval="1d">
    <File perm="0444">/81/34</File>
    <Query type="disk">/tmp/test-disk-big/81/34</Query>
  </Pair>
  <Pair reval="1d">
    <File perm="0444">/81/35</File>
    <Query type="disk">/tmp/test-disk-big/81/35</Query>
  </Pair>
  <Pair reval="1d">
    <File perm="0444">/81/36</File>
    <Query type="disk">/tmp/test-disk-big/81/36</Query>
  </Pair>
  <Pair reval="1d">
    <File perm="0444">/81/37</File>
    <Query type="disk">/tmp/test-disk-big/81/37</Query>
  </Pair>
  <Pair reval="1d">
    <File perm="0444">/81/38</File>
    <Query type="disk">/tmp/test-disk-big/81/38</Query>
  </Pair>
  <Pair reval="1d">
    <File perm="0444">/81/39</File>
    <Query type="disk">/tmp/test-disk-big/81/39</Query>
  </Pair>
  <Pair reval="1d">
    <File perm="0444">/81/4</File>
    <Query type="disk">/tmp/test-disk-big/81/4</Query>
  </Pair>
  <Pair reval="1d">
    <File perm="0444">/81/40</File>
    <Query type="disk">/tmp/test-disk-big/81/40</Query>
  </Pair>
  <Pair reval="1d">
    <File perm="0444">/81/41</File>
    <Query type="disk">/tmp/test-disk-big/81/41</Query>
  </Pair>
  <Pair reval="1d">
    <File perm="0444">/81/42</File>
    <Query type="disk">/tmp/test-disk-big/81/42</Query>
  </Pair>
  <Pair reval="1d">
    <File perm="0444">/81/43</File>
    <Query type="disk">/tmp/test-disk-big/81/43</Query>
  </Pair>
  <Pair reval="1d">
    <File perm="0444">/81/44</File>
    <Query type="disk">/tmp/test-disk-big/81/44</Query>
  </Pair>
  <Pair reval="1d">
    <File perm="0444">/81/45</File>
    <Query type="disk">/tmp/test-disk-big/81/45</Query>
  </Pair>
  <Pair reval="1d">
    <File perm="0444">/81/46</File>
    <Query type="disk">/tmp/test-disk-big/81/46</Query>
  </Pair>
  <Pair reval="1d">
    <File perm="0444">/81/47</File>
    <Query type="disk">/tmp/test-disk-big/81/47</Query>
  </Pair>
  <Pair reval="1d">
    <File perm="0444">/81/48</File>
    <Query type="disk">/tmp/test-disk-big/81/48</Query>
  </Pair>
  <Pair reval="1d">
    <File perm="0444">/81/49</File>
    <Query type="disk">/tmp/test-disk-big/81/49</Query>
  </Pair>
  <Pair reval="1d">
    <File perm="0444">/81/5</File>
    <Query type="disk">/tmp/test-disk-big/81/5</Query>
  </Pair>
  <Pair reval="1d">
    <File perm="0444">/81/50</File>
    <Query type="disk">/tmp/test-disk-big/81/50</Query>
  </Pair>
  <Pair reval="1d">
    <File perm="0444">/81/51</File>
    <Query type="disk">/tmp/test-disk-big/81/51</Query>
  </Pair>
  <Pair reval="1d">
    <File perm="0444">/81/52</File>
    <Query type="disk">/tmp/test-disk-big/81/52</Query>
  </Pair>
  <Pair reval="1d">
    <File perm="0444">/81/53</File>
    <Query type="disk">/tmp/test-disk-big/81/53</Query>
  </Pair>
  <Pair reval="1d">
    <File perm="0444">/81/54</File>
    <Query type="disk">/tmp/test-disk-big/81/54</Query>
  </Pair>
  <Pair reval="1d">
    <File perm="0444">/81/55</File>
    <Query type="disk">/tmp/test-disk-big/81/55</Query>
  </Pair>
  <Pair reval="1d">
    <File perm="0444">/81/56</File>
    <Query type="disk">/tmp/test-disk-big/81/56</Query>
  </Pair>
  <Pair reval="1d">
    <File perm="0444">/81/57</File>
    <Query type="disk">/tmp/test-disk-big/81/57</Query>
  </Pair>
  <Pair reval="1d">
    <File perm="0444">/81/58</File>
    <Query type="disk">/tmp/test-disk-big/81/58</Query>
  </Pair>
  <Pair reval="1d">
    <File perm="0444">/81/59</File>
    <Query type="disk">/tmp/test-disk-big/81/59</Query>
  </Pair>
  <Pair reval="1d">
    <File perm="0444">/81/6</File>
    <Query type="disk">/tmp/test-disk-big/81/6</Query>
  </Pair>
  <Pair reval="1d">
    <File perm="0444">/81/60</File>
    <Query type="disk">/tmp/test-disk-big/81/60</Query>
  </Pair>
  <Pair reval="1d">
    <File perm="0444">/81/61</File>
    <Query type="disk">/tmp/test-disk-big/81/61</Query>
  </Pair>
  <Pair reval="1d">
    <File perm="0444">/81/62</File>
    <Query type="disk">/tmp/test-disk-big/81/62</Query>
  </Pair>
  <Pair reval="1d">
    <File perm="0444">/81/63</File>
    <Query type="disk">/tmp/test-disk-big/81/63</Query>
  </Pair>
  <Pair reval="1d">
    <File perm="0444">/81/64</File>
    <Query type="disk">/tmp/test-disk-big/81/64</Query>
  </Pair>
  <Pair reval="1d">
    <File perm="0444">/81/65</File>
    <Query type="disk">/tmp/test-disk-big/81/65</Query>
  </Pair>
  <Pair reval="1d">
    <File perm="0444">/81/66</File>
    <Query type="disk">/tmp/test-disk-big/81/66</Query>
  </Pair>
  <Pair reval="1d">
    <File perm="0444">/81/67</File>
    <Query type="disk">/tmp/test-disk-big/81/67</Query>
  </Pair>
  <Pair reval="1d">
    <File perm="0444">/81/68</File>
    <Query type="disk">/tmp/test-disk-big/81/68</Query>
  </Pair>
  <Pair reval="1d">
    <File perm="0444">/81/69</File>
    <Query type="disk">/tmp/test-disk-big/81/69</Query>
  </Pair>
  <Pair reval="1d">
    <File perm="0444">/81/7</File>
    <Query type="disk">/tmp/test-disk-big/81/7</Query>
  </Pair>
  <Pair reval="1d">
    <File perm="0444">/81/70</File>
    <Query type="disk">/tmp/test-disk-big/81/70</Query>
  </Pair>
  <Pair reval="1d">
    <File perm="0444">/81/71</File>
    <Query type="disk">/tmp/test-disk-big/81/71</Query>
  </Pair>
  <Pair reval="1d">
    <File perm="0444">/81/72</File>
    <Query type="disk">/tmp/test-disk-big/81/72</Query>
  </Pair>
  <Pair reval="1d">
    <File perm="0444">/81/73</File>
    <Query type="disk">/tmp/test-disk-big/81/73</Query>
  </Pair>
  <Pair reval="1d">
    <File perm="0444">/81/74</File>
    <Query type="disk">/tmp/test-disk-big/81/74</Query>
  </Pair>
  <Pair reval="1d">
    <File perm="0444">/81/75</File>
    <Query type="disk">/tmp/test-disk-big/81/75</Query>
  </Pair>
  <Pair reval="1d">
    <File perm="0444">/81/76</File>
    <Query type="disk">/tmp/test-disk-big/81/76</Query>
  </Pair>
  <Pair reval="1d">
    <File perm="0444">/81/77</File>
    <Query type="disk">/tmp/test-disk-big/81/77</Query>
  </Pair>
  <Pair reval="1d">
    <File perm="0444">/81/78</File>
    <Query type="disk">/tmp/test-disk-big/81/78</Query>
  </Pair>
  <Pair reval="1d">
    <File perm="0444">/81/79</File>
    <Query type="disk">/tmp/test-disk-big/81/79</Query>
  </Pair>
  <Pair reval="1d">
    <File perm="0444">/81/8</File>
    <Query type="disk">/tmp/test-disk-big/81/8</Query>
  </Pair>
  <Pair reval="1d">
    <File perm="0444">/81/80</File>
    <Query type="disk">/tmp/test-disk-big/81/80</Query>
  </Pair>
  <Pair reval="1d">
    <File perm="0444">/81/81</File>
    <Query type="disk">/tmp/test-disk-big/81/81</Query>
  </Pair>
  <Pair reval="1d">
    <File perm="0444">/81/82</File>
    <Query type="disk">/tmp/test-disk-big/81/82</Query>
  </Pair>
  <Pair reval="1d">
    <File perm="0444">/81/83</File>
    <Query type="disk">/tmp/test-disk-big/81/83</Query>
  </Pair>
  <Pair reval="1d">
    <File perm="0444">/81/84</File>
    <Query type="disk">/tmp/test-disk-big/81/84</Query>
  </Pair>
  <Pair reval="1d">
    <File perm="0444">/81/85</File>
    <Query type="disk">/tmp/test-disk-big/81/85</Query>
  </Pair>
  <Pair reval="1d">
    <File perm="0444">/81/86</File>
    <Query type="disk">/tmp/test-disk-big/81/86</Query>
  </Pair>
  <Pair reval="1d">
    <File perm="0444">/81/87</File>
    <Query type="disk">/tmp/test-disk-big/81/87</Query>
  </Pair>
  <Pair reval="1d">
    <File perm="0444">/81/88</File>
    <Query type="disk">/tmp/test-disk-big/81/88</Query>
  </Pair>
  <Pair reval="1d">
    <File perm="0444">/81/89</File>
    <Query type="disk">/tmp/test-disk-big/81/89</Query>
  </Pair>
  <Pair reval="1d">
    <File perm="0444">/81/9</File>
    <Query type="disk">/tmp/test-disk-big/81/9</Query>
  </Pair>
  <Pair reval="1d">
    <File perm="0444">/81/90</File>
    <Query type="disk">/tmp/test-disk-big/81/90</Query>
  </Pair>
  <Pair reval="1d">
    <File perm="0444">/81/91</File>
    <Query type="disk">/tmp/test-disk-big/81/91</Query>
  </Pair>
  <Pair reval="1d">
    <File perm="0444">/81/92</File>
    <Query type="disk">/tmp/test-disk-big/81/92</Query>
  </Pair>
  <Pair reval="1d">
    <File perm="0444">/81/93</File>
    <Query type="disk">/tmp/test-disk-big/81/93</Query>
  </Pair>
  <Pair reval="1d">
    <File perm="0444">/81/94</File>
    <Query type="disk">/tmp/test-disk-big/81/94</Query>
  </Pair>
  <Pair reval="1d">
    <File perm="0444">/81/95</File>
    <Query type="disk">/tmp/test-disk-big/81/95</Query>
  </Pair>
  <Pair reval="1d">
    <File perm="0444">/81/96</File>
    <Query type="disk">/tmp/test-disk-big/81/96</Query>
  </Pair>
  <Pair reval="1d">
    <File perm="0444">/81/97</File>
    <Query type="disk">/tmp/test-disk-big/81/97</Query>
  </Pair>
  <Pair reval="1d">
    <File perm="0444">/81/98</File>
    <Query type="disk">/tmp/test-disk-big/81/98</Query>
  </Pair>
  <Pair reval="1d">
    <File perm="0444">/81/99</File>
    <Query type="disk">/tmp/test-disk-big/81/99</Query>
  </Pair>
  <Pair reval="1d">
    <Dir perm="0555">/82</Dir>
    <Query type="disk"></Query>
  </Pair>
  <Pair reval="1d">
    <File perm="0444">/82/1</File>
    <Query type="disk">/tmp/test-disk-big/82/1</Query>
  </Pair>
  <Pair reval="1d">
    <File perm="0444">/82/10</File>
    <Query type="disk">/tmp/test-disk-big/82/10</Query>
  </Pair>
  <Pair reval="1d">
    <File perm="0444">/82/100</File>
    <Query type="disk">/tmp/test-disk-big/82/100</Query>
  </Pair>
  <Pair reval="1d">
    <File perm="0444">/82/11</File>
    <Query type="disk">/tmp/test-disk-big/82/11</Query>
  </Pair>
  <Pair reval="1d">
    <File perm="0444">/82/12</File>
    <Query type="disk">/tmp/test-disk-big/82/12</Query>
  </Pair>
  <Pair reval="1d">
    <File perm="0444">/82/13</File>
    <Query type="disk">/tmp/test-disk-big/82/13</Query>
  </Pair>
  <Pair reval="1d">
    <File perm="0444">/82/14</File>
    <Query type="disk">/tmp/test-disk-big/82/14</Query>
  </Pair>
  <Pair reval="1d">
    <File perm="0444">/82/15</File>
    <Query type="disk">/tmp/test-disk-big/82/15</Query>
  </Pair>
  <Pair reval="1d">
    <File perm="0444">/82/16</File>
    <Query type="disk">/tmp/test-disk-big/82/16</Query>
  </Pair>
  <Pair reval="1d">
    <File perm="0444">/82/17</File>
    <Query type="disk">/tmp/test-disk-big/82/17</Query>
  </Pair>
  <Pair reval="1d">
    <File perm="0444">/82/18</File>
    <Query type="disk">/tmp/test-disk-big/82/18</Query>
  </Pair>
  <Pair reval="1d">
    <File perm="0444">/82/19</File>
    <Query type="disk">/tmp/test-disk-big/82/19</Query>
  </Pair>
  <Pair reval="1d">
    <File perm="0444">/82/2</File>
    <Query type="disk">/tmp/test-disk-big/82/2</Query>
  </Pair>
  <Pair reval="1d">
    <File perm="0444">/82/20</File>
    <Query type="disk">/tmp/test-disk-big/82/20</Query>
  </Pair>
  <Pair reval="1d">
    <File perm="0444">/82/21</File>
    <Query type="disk">/tmp/test-disk-big/82/21</Query>
  </Pair>
  <Pair reval="1d">
    <File perm="0444">/82/22</File>
    <Query type="disk">/tmp/test-disk-big/82/22</Query>
  </Pair>
  <Pair reval="1d">
    <File perm="0444">/82/23</File>
    <Query type="disk">/tmp/test-disk-big/82/23</Query>
  </Pair>
  <Pair reval="1d">
    <File perm="0444">/82/24</File>
    <Query type="disk">/tmp/test-disk-big/82/24</Query>
  </Pair>
  <Pair reval="1d">
    <File perm="0444">/82/25</File>
    <Query type="disk">/tmp/test-disk-big/82/25</Query>
  </Pair>
  <Pair reval="1d">
    <File perm="0444">/82/26</File>
    <Query type="disk">/tmp/test-disk-big/82/26</Query>
  </Pair>
  <Pair reval="1d">
    <File perm="0444">/82/27</File>
    <Query type="disk">/tmp/test-disk-big/82/27</Query>
  </Pair>
  <Pair reval="1d">
    <File perm="0444">/82/28</File>
    <Query type="disk">/tmp/test-disk-big/82/28</Query>
  </Pair>
  <Pair reval="1d">
    <File perm="0444">/82/29</File>
    <Query type="disk">/tmp/test-disk-big/82/29</Query>
  </Pair>
  <Pair reval="1d">
    <File perm="0444">/82/3</File>
    <Query type="disk">/tmp/test-disk-big/82/3</Query>
  </Pair>
  <Pair reval="1d">
    <File perm="0444">/82/30</File>
    <Query type="disk">/tmp/test-disk-big/82/30</Query>
  </Pair>
  <Pair reval="1d">
    <File perm="0444">/82/31</File>
    <Query type="disk">/tmp/test-disk-big/82/31</Query>
  </Pair>
  <Pair reval="1d">
    <File perm="0444">/82/32</File>
    <Query type="disk">/tmp/test-disk-big/82/32</Query>
  </Pair>
  <Pair reval="1d">
    <File perm="0444">/82/33</File>
    <Query type="disk">/tmp/test-disk-big/82/33</Query>
  </Pair>
  <Pair reval="1d">
    <File perm="0444">/82/34</File>
    <Query type="disk">/tmp/test-disk-big/82/34</Query>
  </Pair>
  <Pair reval="1d">
    <File perm="0444">/82/35</File>
    <Query type="disk">/tmp/test-disk-big/82/35</Query>
  </Pair>
  <Pair reval="1d">
    <File perm="0444">/82/36</File>
    <Query type="disk">/tmp/test-disk-big/82/36</Query>
  </Pair>
  <Pair reval="1d">
    <File perm="0444">/82/37</File>
    <Query type="disk">/tmp/test-disk-big/82/37</Query>
  </Pair>
  <Pair reval="1d">
    <File perm="0444">/82/38</File>
    <Query type="disk">/tmp/test-disk-big/82/38</Query>
  </Pair>
  <Pair reval="1d">
    <File perm="0444">/82/39</File>
    <Query type="disk">/tmp/test-disk-big/82/39</Query>
  </Pair>
  <Pair reval="1d">
    <File perm="0444">/82/4</File>
    <Query type="disk">/tmp/test-disk-big/82/4</Query>
  </Pair>
  <Pair reval="1d">
    <File perm="0444">/82/40</File>
    <Query type="disk">/tmp/test-disk-big/82/40</Query>
  </Pair>
  <Pair reval="1d">
    <File perm="0444">/82/41</File>
    <Query type="disk">/tmp/test-disk-big/82/41</Query>
  </Pair>
  <Pair reval="1d">
    <File perm="0444">/82/42</File>
    <Query type="disk">/tmp/test-disk-big/82/42</Query>
  </Pair>
  <Pair reval="1d">
    <File perm="0444">/82/43</File>
    <Query type="disk">/tmp/test-disk-big/82/43</Query>
  </Pair>
  <Pair reval="1d">
    <File perm="0444">/82/44</File>
    <Query type="disk">/tmp/test-disk-big/82/44</Query>
  </Pair>
  <Pair reval="1d">
    <File perm="0444">/82/45</File>
    <Query type="disk">/tmp/test-disk-big/82/45</Query>
  </Pair>
  <Pair reval="1d">
    <File perm="0444">/82/46</File>
    <Query type="disk">/tmp/test-disk-big/82/46</Query>
  </Pair>
  <Pair reval="1d">
    <File perm="0444">/82/47</File>
    <Query type="disk">/tmp/test-disk-big/82/47</Query>
  </Pair>
  <Pair reval="1d">
    <File perm="0444">/82/48</File>
    <Query type="disk">/tmp/test-disk-big/82/48</Query>
  </Pair>
  <Pair reval="1d">
    <File perm="0444">/82/49</File>
    <Query type="disk">/tmp/test-disk-big/82/49</Query>
  </Pair>
  <Pair reval="1d">
    <File perm="0444">/82/5</File>
    <Query type="disk">/tmp/test-disk-big/82/5</Query>
  </Pair>
  <Pair reval="1d">
    <File perm="0444">/82/50</File>
    <Query type="disk">/tmp/test-disk-big/82/50</Query>
  </Pair>
  <Pair reval="1d">
    <File perm="0444">/82/51</File>
    <Query type="disk">/tmp/test-disk-big/82/51</Query>
  </Pair>
  <Pair reval="1d">
    <File perm="0444">/82/52</File>
    <Query type="disk">/tmp/test-disk-big/82/52</Query>
  </Pair>
  <Pair reval="1d">
    <File perm="0444">/82/53</File>
    <Query type="disk">/tmp/test-disk-big/82/53</Query>
  </Pair>
  <Pair reval="1d">
    <File perm="0444">/82/54</File>
    <Query type="disk">/tmp/test-disk-big/82/54</Query>
  </Pair>
  <Pair reval="1d">
    <File perm="0444">/82/55</File>
    <Query type="disk">/tmp/test-disk-big/82/55</Query>
  </Pair>
  <Pair reval="1d">
    <File perm="0444">/82/56</File>
    <Query type="disk">/tmp/test-disk-big/82/56</Query>
  </Pair>
  <Pair reval="1d">
    <File perm="0444">/82/57</File>
    <Query type="disk">/tmp/test-disk-big/82/57</Query>
  </Pair>
  <Pair reval="1d">
    <File perm="0444">/82/58</File>
    <Query type="disk">/tmp/test-disk-big/82/58</Query>
  </Pair>
  <Pair reval="1d">
    <File perm="0444">/82/59</File>
    <Query type="disk">/tmp/test-disk-big/82/59</Query>
  </Pair>
  <Pair reval="1d">
    <File perm="0444">/82/6</File>
    <Query type="disk">/tmp/test-disk-big/82/6</Query>
  </Pair>
  <Pair reval="1d">
    <File perm="0444">/82/60</File>
    <Query type="disk">/tmp/test-disk-big/82/60</Query>
  </Pair>
  <Pair reval="1d">
    <File perm="0444">/82/61</File>
    <Query type="disk">/tmp/test-disk-big/82/61</Query>
  </Pair>
  <Pair reval="1d">
    <File perm="0444">/82/62</File>
    <Query type="disk">/tmp/test-disk-big/82/62</Query>
  </Pair>
  <Pair reval="1d">
    <File perm="0444">/82/63</File>
    <Query type="disk">/tmp/test-disk-big/82/63</Query>
  </Pair>
  <Pair reval="1d">
    <File perm="0444">/82/64</File>
    <Query type="disk">/tmp/test-disk-big/82/64</Query>
  </Pair>
  <Pair reval="1d">
    <File perm="0444">/82/65</File>
    <Query type="disk">/tmp/test-disk-big/82/65</Query>
  </Pair>
  <Pair reval="1d">
    <File perm="0444">/82/66</File>
    <Query type="disk">/tmp/test-disk-big/82/66</Query>
  </Pair>
  <Pair reval="1d">
    <File perm="0444">/82/67</File>
    <Query type="disk">/tmp/test-disk-big/82/67</Query>
  </Pair>
  <Pair reval="1d">
    <File perm="0444">/82/68</File>
    <Query type="disk">/tmp/test-disk-big/82/68</Query>
  </Pair>
  <Pair reval="1d">
    <File perm="0444">/82/69</File>
    <Query type="disk">/tmp/test-disk-big/82/69</Query>
  </Pair>
  <Pair reval="1d">
    <File perm="0444">/82/7</File>
    <Query type="disk">/tmp/test-disk-big/82/7</Query>
  </Pair>
  <Pair reval="1d">
    <File perm="0444">/82/70</File>
    <Query type="disk">/tmp/test-disk-big/82/70</Query>
  </Pair>
  <Pair reval="1d">
    <File perm="0444">/82/71</File>
    <Query type="disk">/tmp/test-disk-big/82/71</Query>
  </Pair>
  <Pair reval="1d">
    <File perm="0444">/82/72</File>
    <Query type="disk">/tmp/test-disk-big/82/72</Query>
  </Pair>
  <Pair reval="1d">
    <File perm="0444">/82/73</File>
    <Query type="disk">/tmp/test-disk-big/82/73</Query>
  </Pair>
  <Pair reval="1d">
    <File perm="0444">/82/74</File>
    <Query type="disk">/tmp/test-disk-big/82/74</Query>
  </Pair>
  <Pair reval="1d">
    <File perm="0444">/82/75</File>
    <Query type="disk">/tmp/test-disk-big/82/75</Query>
  </Pair>
  <Pair reval="1d">
    <File perm="0444">/82/76</File>
    <Query type="disk">/tmp/test-disk-big/82/76</Query>
  </Pair>
  <Pair reval="1d">
    <File perm="0444">/82/77</File>
    <Query type="disk">/tmp/test-disk-big/82/77</Query>
  </Pair>
  <Pair reval="1d">
    <File perm="0444">/82/78</File>
    <Query type="disk">/tmp/test-disk-big/82/78</Query>
  </Pair>
  <Pair reval="1d">
    <File perm="0444">/82/79</File>
    <Query type="disk">/tmp/test-disk-big/82/79</Query>
  </Pair>
  <Pair reval="1d">
    <File perm="0444">/82/8</File>
    <Query type="disk">/tmp/test-disk-big/82/8</Query>
  </Pair>
  <Pair reval="1d">
    <File perm="0444">/82/80</File>
    <Query type="disk">/tmp/test-disk-big/82/80</Query>
  </Pair>
  <Pair reval="1d">
    <File perm="0444">/82/81</File>
    <Query type="disk">/tmp/test-disk-big/82/81</Query>
  </Pair>
  <Pair reval="1d">
    <File perm="0444">/82/82</File>
    <Query type="disk">/tmp/test-disk-big/82/82</Query>
  </Pair>
  <Pair reval="1d">
    <File perm="0444">/82/83</File>
    <Query type="disk">/tmp/test-disk-big/82/83</Query>
  </Pair>
  <Pair reval="1d">
    <File perm="0444">/82/84</File>
    <Query type="disk">/tmp/test-disk-big/82/84</Query>
  </Pair>
  <Pair reval="1d">
    <File perm="0444">/82/85</File>
    <Query type="disk">/tmp/test-disk-big/82/85</Query>
  </Pair>
  <Pair reval="1d">
    <File perm="0444">/82/86</File>
    <Query type="disk">/tmp/test-disk-big/82/86</Query>
  </Pair>
  <Pair reval="1d">
    <File perm="0444">/82/87</File>
    <Query type="disk">/tmp/test-disk-big/82/87</Query>
  </Pair>
  <Pair reval="1d">
    <File perm="0444">/82/88</File>
    <Query type="disk">/tmp/test-disk-big/82/88</Query>
  </Pair>
  <Pair reval="1d">
    <File perm="0444">/82/89</File>
    <Query type="disk">/tmp/test-disk-big/82/89</Query>
  </Pair>
  <Pair reval="1d">
    <File perm="0444">/82/9</File>
    <Query type="disk">/tmp/test-disk-big/82/9</Query>
  </Pair>
  <Pair reval="1d">
    <File perm="0444">/82/90</File>
    <Query type="disk">/tmp/test-disk-big/82/90</Query>
  </Pair>
  <Pair reval="1d">
    <File perm="0444">/82/91</File>
    <Query type="disk">/tmp/test-disk-big/82/91</Query>
  </Pair>
  <Pair reval="1d">
    <File perm="0444">/82/92</File>
    <Query type="disk">/tmp/test-disk-big/82/92</Query>
  </Pair>
  <Pair reval="1d">
    <File perm="0444">/82/93</File>
    <Query type="disk">/tmp/test-disk-big/82/93</Query>
  </Pair>
  <Pair reval="1d">
    <File perm="0444">/82/94</File>
    <Query type="disk">/tmp/test-disk-big/82/94</Query>
  </Pair>
  <Pair reval="1d">
    <File perm="0444">/82/95</File>
    <Query type="disk">/tmp/test-disk-big/82/95</Query>
  </Pair>
  <Pair reval="1d">
    <File perm="0444">/82/96</File>
    <Query type="disk">/tmp/test-disk-big/82/96</Query>
  </Pair>
  <Pair reval="1d">
    <File perm="0444">/82/97</File>
    <Query type="disk">/tmp/test-disk-big/82/97</Query>
  </Pair>
  <Pair reval="1d">
    <File perm="0444">/82/98</File>
    <Query type="disk">/tmp/test-disk-big/82/98</Query>
  </Pair>
  <Pair reval="1d">
    <File perm="0444">/82/99</File>
    <Query type="disk">/tmp/test-disk-big/82/99</Query>
  </Pair>
  <Pair reval="1d">
    <Dir perm="0555">/83</Dir>
    <Query type="disk"></Query>
  </Pair>
  <Pair reval="1d">
    <File perm="0444">/83/1</File>
    <Query type="disk">/tmp/test-disk-big/83/1</Query>
  </Pair>
  <Pair reval="1d">
    <File perm="0444">/83/10</File>
    <Query type="disk">/tmp/test-disk-big/83/10</Query>
  </Pair>
  <Pair reval="1d">
    <File perm="0444">/83/100</File>
    <Query type="disk">/tmp/test-disk-big/83/100</Query>
  </Pair>
  <Pair reval="1d">
    <File perm="0444">/83/11</File>
    <Query type="disk">/tmp/test-disk-big/83/11</Query>
  </Pair>
  <Pair reval="1d">
    <File perm="0444">/83/12</File>
    <Query type="disk">/tmp/test-disk-big/83/12</Query>
  </Pair>
  <Pair reval="1d">
    <File perm="0444">/83/13</File>
    <Query type="disk">/tmp/test-disk-big/83/13</Query>
  </Pair>
  <Pair reval="1d">
    <File perm="0444">/83/14</File>
    <Query type="disk">/tmp/test-disk-big/83/14</Query>
  </Pair>
  <Pair reval="1d">
    <File perm="0444">/83/15</File>
    <Query type="disk">/tmp/test-disk-big/83/15</Query>
  </Pair>
  <Pair reval="1d">
    <File perm="0444">/83/16</File>
    <Query type="disk">/tmp/test-disk-big/83/16</Query>
  </Pair>
  <Pair reval="1d">
    <File perm="0444">/83/17</File>
    <Query type="disk">/tmp/test-disk-big/83/17</Query>
  </Pair>
  <Pair reval="1d">
    <File perm="0444">/83/18</File>
    <Query type="disk">/tmp/test-disk-big/83/18</Query>
  </Pair>
  <Pair reval="1d">
    <File perm="0444">/83/19</File>
    <Query type="disk">/tmp/test-disk-big/83/19</Query>
  </Pair>
  <Pair reval="1d">
    <File perm="0444">/83/2</File>
    <Query type="disk">/tmp/test-disk-big/83/2</Query>
  </Pair>
  <Pair reval="1d">
    <File perm="0444">/83/20</File>
    <Query type="disk">/tmp/test-disk-big/83/20</Query>
  </Pair>
  <Pair reval="1d">
    <File perm="0444">/83/21</File>
    <Query type="disk">/tmp/test-disk-big/83/21</Query>
  </Pair>
  <Pair reval="1d">
    <File perm="0444">/83/22</File>
    <Query type="disk">/tmp/test-disk-big/83/22</Query>
  </Pair>
  <Pair reval="1d">
    <File perm="0444">/83/23</File>
    <Query type="disk">/tmp/test-disk-big/83/23</Query>
  </Pair>
  <Pair reval="1d">
    <File perm="0444">/83/24</File>
    <Query type="disk">/tmp/test-disk-big/83/24</Query>
  </Pair>
  <Pair reval="1d">
    <File perm="0444">/83/25</File>
    <Query type="disk">/tmp/test-disk-big/83/25</Query>
  </Pair>
  <Pair reval="1d">
    <File perm="0444">/83/26</File>
    <Query type="disk">/tmp/test-disk-big/83/26</Query>
  </Pair>
  <Pair reval="1d">
    <File perm="0444">/83/27</File>
    <Query type="disk">/tmp/test-disk-big/83/27</Query>
  </Pair>
  <Pair reval="1d">
    <File perm="0444">/83/28</File>
    <Query type="disk">/tmp/test-disk-big/83/28</Query>
  </Pair>
  <Pair reval="1d">
    <File perm="0444">/83/29</File>
    <Query type="disk">/tmp/test-disk-big/83/29</Query>
  </Pair>
  <Pair reval="1d">
    <File perm="0444">/83/3</File>
    <Query type="disk">/tmp/test-disk-big/83/3</Query>
  </Pair>
  <Pair reval="1d">
    <File perm="0444">/83/30</File>
    <Query type="disk">/tmp/test-disk-big/83/30</Query>
  </Pair>
  <Pair reval="1d">
    <File perm="0444">/83/31</File>
    <Query type="disk">/tmp/test-disk-big/83/31</Query>
  </Pair>
  <Pair reval="1d">
    <File perm="0444">/83/32</File>
    <Query type="disk">/tmp/test-disk-big/83/32</Query>
  </Pair>
  <Pair reval="1d">
    <File perm="0444">/83/33</File>
    <Query type="disk">/tmp/test-disk-big/83/33</Query>
  </Pair>
  <Pair reval="1d">
    <File perm="0444">/83/34</File>
    <Query type="disk">/tmp/test-disk-big/83/34</Query>
  </Pair>
  <Pair reval="1d">
    <File perm="0444">/83/35</File>
    <Query type="disk">/tmp/test-disk-big/83/35</Query>
  </Pair>
  <Pair reval="1d">
    <File perm="0444">/83/36</File>
    <Query type="disk">/tmp/test-disk-big/83/36</Query>
  </Pair>
  <Pair reval="1d">
    <File perm="0444">/83/37</File>
    <Query type="disk">/tmp/test-disk-big/83/37</Query>
  </Pair>
  <Pair reval="1d">
    <File perm="0444">/83/38</File>
    <Query type="disk">/tmp/test-disk-big/83/38</Query>
  </Pair>
  <Pair reval="1d">
    <File perm="0444">/83/39</File>
    <Query type="disk">/tmp/test-disk-big/83/39</Query>
  </Pair>
  <Pair reval="1d">
    <File perm="0444">/83/4</File>
    <Query type="disk">/tmp/test-disk-big/83/4</Query>
  </Pair>
  <Pair reval="1d">
    <File perm="0444">/83/40</File>
    <Query type="disk">/tmp/test-disk-big/83/40</Query>
  </Pair>
  <Pair reval="1d">
    <File perm="0444">/83/41</File>
    <Query type="disk">/tmp/test-disk-big/83/41</Query>
  </Pair>
  <Pair reval="1d">
    <File perm="0444">/83/42</File>
    <Query type="disk">/tmp/test-disk-big/83/42</Query>
  </Pair>
  <Pair reval="1d">
    <File perm="0444">/83/43</File>
    <Query type="disk">/tmp/test-disk-big/83/43</Query>
  </Pair>
  <Pair reval="1d">
    <File perm="0444">/83/44</File>
    <Query type="disk">/tmp/test-disk-big/83/44</Query>
  </Pair>
  <Pair reval="1d">
    <File perm="0444">/83/45</File>
    <Query type="disk">/tmp/test-disk-big/83/45</Query>
  </Pair>
  <Pair reval="1d">
    <File perm="0444">/83/46</File>
    <Query type="disk">/tmp/test-disk-big/83/46</Query>
  </Pair>
  <Pair reval="1d">
    <File perm="0444">/83/47</File>
    <Query type="disk">/tmp/test-disk-big/83/47</Query>
  </Pair>
  <Pair reval="1d">
    <File perm="0444">/83/48</File>
    <Query type="disk">/tmp/test-disk-big/83/48</Query>
  </Pair>
  <Pair reval="1d">
    <File perm="0444">/83/49</File>
    <Query type="disk">/tmp/test-disk-big/83/49</Query>
  </Pair>
  <Pair reval="1d">
    <File perm="0444">/83/5</File>
    <Query type="disk">/tmp/test-disk-big/83/5</Query>
  </Pair>
  <Pair reval="1d">
    <File perm="0444">/83/50</File>
    <Query type="disk">/tmp/test-disk-big/83/50</Query>
  </Pair>
  <Pair reval="1d">
    <File perm="0444">/83/51</File>
    <Query type="disk">/tmp/test-disk-big/83/51</Query>
  </Pair>
  <Pair reval="1d">
    <File perm="0444">/83/52</File>
    <Query type="disk">/tmp/test-disk-big/83/52</Query>
  </Pair>
  <Pair reval="1d">
    <File perm="0444">/83/53</File>
    <Query type="disk">/tmp/test-disk-big/83/53</Query>
  </Pair>
  <Pair reval="1d">
    <File perm="0444">/83/54</File>
    <Query type="disk">/tmp/test-disk-big/83/54</Query>
  </Pair>
  <Pair reval="1d">
    <File perm="0444">/83/55</File>
    <Query type="disk">/tmp/test-disk-big/83/55</Query>
  </Pair>
  <Pair reval="1d">
    <File perm="0444">/83/56</File>
    <Query type="disk">/tmp/test-disk-big/83/56</Query>
  </Pair>
  <Pair reval="1d">
    <File perm="0444">/83/57</File>
    <Query type="disk">/tmp/test-disk-big/83/57</Query>
  </Pair>
  <Pair reval="1d">
    <File perm="0444">/83/58</File>
    <Query type="disk">/tmp/test-disk-big/83/58</Query>
  </Pair>
  <Pair reval="1d">
    <File perm="0444">/83/59</File>
    <Query type="disk">/tmp/test-disk-big/83/59</Query>
  </Pair>
  <Pair reval="1d">
    <File perm="0444">/83/6</File>
    <Query type="disk">/tmp/test-disk-big/83/6</Query>
  </Pair>
  <Pair reval="1d">
    <File perm="0444">/83/60</File>
    <Query type="disk">/tmp/test-disk-big/83/60</Query>
  </Pair>
  <Pair reval="1d">
    <File perm="0444">/83/61</File>
    <Query type="disk">/tmp/test-disk-big/83/61</Query>
  </Pair>
  <Pair reval="1d">
    <File perm="0444">/83/62</File>
    <Query type="disk">/tmp/test-disk-big/83/62</Query>
  </Pair>
  <Pair reval="1d">
    <File perm="0444">/83/63</File>
    <Query type="disk">/tmp/test-disk-big/83/63</Query>
  </Pair>
  <Pair reval="1d">
    <File perm="0444">/83/64</File>
    <Query type="disk">/tmp/test-disk-big/83/64</Query>
  </Pair>
  <Pair reval="1d">
    <File perm="0444">/83/65</File>
    <Query type="disk">/tmp/test-disk-big/83/65</Query>
  </Pair>
  <Pair reval="1d">
    <File perm="0444">/83/66</File>
    <Query type="disk">/tmp/test-disk-big/83/66</Query>
  </Pair>
  <Pair reval="1d">
    <File perm="0444">/83/67</File>
    <Query type="disk">/tmp/test-disk-big/83/67</Query>
  </Pair>
  <Pair reval="1d">
    <File perm="0444">/83/68</File>
    <Query type="disk">/tmp/test-disk-big/83/68</Query>
  </Pair>
  <Pair reval="1d">
    <File perm="0444">/83/69</File>
    <Query type="disk">/tmp/test-disk-big/83/69</Query>
  </Pair>
  <Pair reval="1d">
    <File perm="0444">/83/7</File>
    <Query type="disk">/tmp/test-disk-big/83/7</Query>
  </Pair>
  <Pair reval="1d">
    <File perm="0444">/83/70</File>
    <Query type="disk">/tmp/test-disk-big/83/70</Query>
  </Pair>
  <Pair reval="1d">
    <File perm="0444">/83/71</File>
    <Query type="disk">/tmp/test-disk-big/83/71</Query>
  </Pair>
  <Pair reval="1d">
    <File perm="0444">/83/72</File>
    <Query type="disk">/tmp/test-disk-big/83/72</Query>
  </Pair>
  <Pair reval="1d">
    <File perm="0444">/83/73</File>
    <Query type="disk">/tmp/test-disk-big/83/73</Query>
  </Pair>
  <Pair reval="1d">
    <File perm="0444">/83/74</File>
    <Query type="disk">/tmp/test-disk-big/83/74</Query>
  </Pair>
  <Pair reval="1d">
    <File perm="0444">/83/75</File>
    <Query type="disk">/tmp/test-disk-big/83/75</Query>
  </Pair>
  <Pair reval="1d">
    <File perm="0444">/83/76</File>
    <Query type="disk">/tmp/test-disk-big/83/76</Query>
  </Pair>
  <Pair reval="1d">
    <File perm="0444">/83/77</File>
    <Query type="disk">/tmp/test-disk-big/83/77</Query>
  </Pair>
  <Pair reval="1d">
    <File perm="0444">/83/78</File>
    <Query type="disk">/tmp/test-disk-big/83/78</Query>
  </Pair>
  <Pair reval="1d">
    <File perm="0444">/83/79</File>
    <Query type="disk">/tmp/test-disk-big/83/79</Query>
  </Pair>
  <Pair reval="1d">
    <File perm="0444">/83/8</File>
    <Query type="disk">/tmp/test-disk-big/83/8</Query>
  </Pair>
  <Pair reval="1d">
    <File perm="0444">/83/80</File>
    <Query type="disk">/tmp/test-disk-big/83/80</Query>
  </Pair>
  <Pair reval="1d">
    <File perm="0444">/83/81</File>
    <Query type="disk">/tmp/test-disk-big/83/81</Query>
  </Pair>
  <Pair reval="1d">
    <File perm="0444">/83/82</File>
    <Query type="disk">/tmp/test-disk-big/83/82</Query>
  </Pair>
  <Pair reval="1d">
    <File perm="0444">/83/83</File>
    <Query type="disk">/tmp/test-disk-big/83/83</Query>
  </Pair>
  <Pair reval="1d">
    <File perm="0444">/83/84</File>
    <Query type="disk">/tmp/test-disk-big/83/84</Query>
  </Pair>
  <Pair reval="1d">
    <File perm="0444">/83/85</File>
    <Query type="disk">/tmp/test-disk-big/83/85</Query>
  </Pair>
  <Pair reval="1d">
    <File perm="0444">/83/86</File>
    <Query type="disk">/tmp/test-disk-big/83/86</Query>
  </Pair>
  <Pair reval="1d">
    <File perm="0444">/83/87</File>
    <Query type="disk">/tmp/test-disk-big/83/87</Query>
  </Pair>
  <Pair reval="1d">
    <File perm="0444">/83/88</File>
    <Query type="disk">/tmp/test-disk-big/83/88</Query>
  </Pair>
  <Pair reval="1d">
    <File perm="0444">/83/89</File>
    <Query type="disk">/tmp/test-disk-big/83/89</Query>
  </Pair>
  <Pair reval="1d">
    <File perm="0444">/83/9</File>
    <Query type="disk">/tmp/test-disk-big/83/9</Query>
  </Pair>
  <Pair reval="1d">
    <File perm="0444">/83/90</File>
    <Query type="disk">/tmp/test-disk-big/83/90</Query>
  </Pair>
  <Pair reval="1d">
    <File perm="0444">/83/91</File>
    <Query type="disk">/tmp/test-disk-big/83/91</Query>
  </Pair>
  <Pair reval="1d">
    <File perm="0444">/83/92</File>
    <Query type="disk">/tmp/test-disk-big/83/92</Query>
  </Pair>
  <Pair reval="1d">
    <File perm="0444">/83/93</File>
    <Query type="disk">/tmp/test-disk-big/83/93</Query>
  </Pair>
  <Pair reval="1d">
    <File perm="0444">/83/94</File>
    <Query type="disk">/tmp/test-disk-big/83/94</Query>
  </Pair>
  <Pair reval="1d">
    <File perm="0444">/83/95</File>
    <Query type="disk">/tmp/test-disk-big/83/95</Query>
  </Pair>
  <Pair reval="1d">
    <File perm="0444">/83/96</File>
    <Query type="disk">/tmp/test-disk-big/83/96</Query>
  </Pair>
  <Pair reval="1d">
    <File perm="0444">/83/97</File>
    <Query type="disk">/tmp/test-disk-big/83/97</Query>
  </Pair>
  <Pair reval="1d">
    <File perm="0444">/83/98</File>
    <Query type="disk">/tmp/test-disk-big/83/98</Query>
  </Pair>
  <Pair reval="1d">
    <File perm="0444">/83/99</File>
    <Query type="disk">/tmp/test-disk-big/83/99</Query>
  </Pair>
  <Pair reval="1d">
    <Dir perm="0555">/84</Dir>
    <Query type="disk"></Query>
  </Pair>
  <Pair reval="1d">
    <File perm="0444">/84/1</File>
    <Query type="disk">/tmp/test-disk-big/84/1</Query>
  </Pair>
  <Pair reval="1d">
    <File perm="0444">/84/10</File>
    <Query type="disk">/tmp/test-disk-big/84/10</Query>
  </Pair>
  <Pair reval="1d">
    <File perm="0444">/84/100</File>
    <Query type="disk">/tmp/test-disk-big/84/100</Query>
  </Pair>
  <Pair reval="1d">
    <File perm="0444">/84/11</File>
    <Query type="disk">/tmp/test-disk-big/84/11</Query>
  </Pair>
  <Pair reval="1d">
    <File perm="0444">/84/12</File>
    <Query type="disk">/tmp/test-disk-big/84/12</Query>
  </Pair>
  <Pair reval="1d">
    <File perm="0444">/84/13</File>
    <Query type="disk">/tmp/test-disk-big/84/13</Query>
  </Pair>
  <Pair reval="1d">
    <File perm="0444">/84/14</File>
    <Query type="disk">/tmp/test-disk-big/84/14</Query>
  </Pair>
  <Pair reval="1d">
    <File perm="0444">/84/15</File>
    <Query type="disk">/tmp/test-disk-big/84/15</Query>
  </Pair>
  <Pair reval="1d">
    <File perm="0444">/84/16</File>
    <Query type="disk">/tmp/test-disk-big/84/16</Query>
  </Pair>
  <Pair reval="1d">
    <File perm="0444">/84/17</File>
    <Query type="disk">/tmp/test-disk-big/84/17</Query>
  </Pair>
  <Pair reval="1d">
    <File perm="0444">/84/18</File>
    <Query type="disk">/tmp/test-disk-big/84/18</Query>
  </Pair>
  <Pair reval="1d">
    <File perm="0444">/84/19</File>
    <Query type="disk">/tmp/test-disk-big/84/19</Query>
  </Pair>
  <Pair reval="1d">
    <File perm="0444">/84/2</File>
    <Query type="disk">/tmp/test-disk-big/84/2</Query>
  </Pair>
  <Pair reval="1d">
    <File perm="0444">/84/20</File>
    <Query type="disk">/tmp/test-disk-big/84/20</Query>
  </Pair>
  <Pair reval="1d">
    <File perm="0444">/84/21</File>
    <Query type="disk">/tmp/test-disk-big/84/21</Query>
  </Pair>
  <Pair reval="1d">
    <File perm="0444">/84/22</File>
    <Query type="disk">/tmp/test-disk-big/84/22</Query>
  </Pair>
  <Pair reval="1d">
    <File perm="0444">/84/23</File>
    <Query type="disk">/tmp/test-disk-big/84/23</Query>
  </Pair>
  <Pair reval="1d">
    <File perm="0444">/84/24</File>
    <Query type="disk">/tmp/test-disk-big/84/24</Query>
  </Pair>
  <Pair reval="1d">
    <File perm="0444">/84/25</File>
    <Query type="disk">/tmp/test-disk-big/84/25</Query>
  </Pair>
  <Pair reval="1d">
    <File perm="0444">/84/26</File>
    <Query type="disk">/tmp/test-disk-big/84/26</Query>
  </Pair>
  <Pair reval="1d">
    <File perm="0444">/84/27</File>
    <Query type="disk">/tmp/test-disk-big/84/27</Query>
  </Pair>
  <Pair reval="1d">
    <File perm="0444">/84/28</File>
    <Query type="disk">/tmp/test-disk-big/84/28</Query>
  </Pair>
  <Pair reval="1d">
    <File perm="0444">/84/29</File>
    <Query type="disk">/tmp/test-disk-big/84/29</Query>
  </Pair>
  <Pair reval="1d">
    <File perm="0444">/84/3</File>
    <Query type="disk">/tmp/test-disk-big/84/3</Query>
  </Pair>
  <Pair reval="1d">
    <File perm="0444">/84/30</File>
    <Query type="disk">/tmp/test-disk-big/84/30</Query>
  </Pair>
  <Pair reval="1d">
    <File perm="0444">/84/31</File>
    <Query type="disk">/tmp/test-disk-big/84/31</Query>
  </Pair>
  <Pair reval="1d">
    <File perm="0444">/84/32</File>
    <Query type="disk">/tmp/test-disk-big/84/32</Query>
  </Pair>
  <Pair reval="1d">
    <File perm="0444">/84/33</File>
    <Query type="disk">/tmp/test-disk-big/84/33</Query>
  </Pair>
  <Pair reval="1d">
    <File perm="0444">/84/34</File>
    <Query type="disk">/tmp/test-disk-big/84/34</Query>
  </Pair>
  <Pair reval="1d">
    <File perm="0444">/84/35</File>
    <Query type="disk">/tmp/test-disk-big/84/35</Query>
  </Pair>
  <Pair reval="1d">
    <File perm="0444">/84/36</File>
    <Query type="disk">/tmp/test-disk-big/84/36</Query>
  </Pair>
  <Pair reval="1d">
    <File perm="0444">/84/37</File>
    <Query type="disk">/tmp/test-disk-big/84/37</Query>
  </Pair>
  <Pair reval="1d">
    <File perm="0444">/84/38</File>
    <Query type="disk">/tmp/test-disk-big/84/38</Query>
  </Pair>
  <Pair reval="1d">
    <File perm="0444">/84/39</File>
    <Query type="disk">/tmp/test-disk-big/84/39</Query>
  </Pair>
  <Pair reval="1d">
    <File perm="0444">/84/4</File>
    <Query type="disk">/tmp/test-disk-big/84/4</Query>
  </Pair>
  <Pair reval="1d">
    <File perm="0444">/84/40</File>
    <Query type="disk">/tmp/test-disk-big/84/40</Query>
  </Pair>
  <Pair reval="1d">
    <File perm="0444">/84/41</File>
    <Query type="disk">/tmp/test-disk-big/84/41</Query>
  </Pair>
  <Pair reval="1d">
    <File perm="0444">/84/42</File>
    <Query type="disk">/tmp/test-disk-big/84/42</Query>
  </Pair>
  <Pair reval="1d">
    <File perm="0444">/84/43</File>
    <Query type="disk">/tmp/test-disk-big/84/43</Query>
  </Pair>
  <Pair reval="1d">
    <File perm="0444">/84/44</File>
    <Query type="disk">/tmp/test-disk-big/84/44</Query>
  </Pair>
  <Pair reval="1d">
    <File perm="0444">/84/45</File>
    <Query type="disk">/tmp/test-disk-big/84/45</Query>
  </Pair>
  <Pair reval="1d">
    <File perm="0444">/84/46</File>
    <Query type="disk">/tmp/test-disk-big/84/46</Query>
  </Pair>
  <Pair reval="1d">
    <File perm="0444">/84/47</File>
    <Query type="disk">/tmp/test-disk-big/84/47</Query>
  </Pair>
  <Pair reval="1d">
    <File perm="0444">/84/48</File>
    <Query type="disk">/tmp/test-disk-big/84/48</Query>
  </Pair>
  <Pair reval="1d">
    <File perm="0444">/84/49</File>
    <Query type="disk">/tmp/test-disk-big/84/49</Query>
  </Pair>
  <Pair reval="1d">
    <File perm="0444">/84/5</File>
    <Query type="disk">/tmp/test-disk-big/84/5</Query>
  </Pair>
  <Pair reval="1d">
    <File perm="0444">/84/50</File>
    <Query type="disk">/tmp/test-disk-big/84/50</Query>
  </Pair>
  <Pair reval="1d">
    <File perm="0444">/84/51</File>
    <Query type="disk">/tmp/test-disk-big/84/51</Query>
  </Pair>
  <Pair reval="1d">
    <File perm="0444">/84/52</File>
    <Query type="disk">/tmp/test-disk-big/84/52</Query>
  </Pair>
  <Pair reval="1d">
    <File perm="0444">/84/53</File>
    <Query type="disk">/tmp/test-disk-big/84/53</Query>
  </Pair>
  <Pair reval="1d">
    <File perm="0444">/84/54</File>
    <Query type="disk">/tmp/test-disk-big/84/54</Query>
  </Pair>
  <Pair reval="1d">
    <File perm="0444">/84/55</File>
    <Query type="disk">/tmp/test-disk-big/84/55</Query>
  </Pair>
  <Pair reval="1d">
    <File perm="0444">/84/56</File>
    <Query type="disk">/tmp/test-disk-big/84/56</Query>
  </Pair>
  <Pair reval="1d">
    <File perm="0444">/84/57</File>
    <Query type="disk">/tmp/test-disk-big/84/57</Query>
  </Pair>
  <Pair reval="1d">
    <File perm="0444">/84/58</File>
    <Query type="disk">/tmp/test-disk-big/84/58</Query>
  </Pair>
  <Pair reval="1d">
    <File perm="0444">/84/59</File>
    <Query type="disk">/tmp/test-disk-big/84/59</Query>
  </Pair>
  <Pair reval="1d">
    <File perm="0444">/84/6</File>
    <Query type="disk">/tmp/test-disk-big/84/6</Query>
  </Pair>
  <Pair reval="1d">
    <File perm="0444">/84/60</File>
    <Query type="disk">/tmp/test-disk-big/84/60</Query>
  </Pair>
  <Pair reval="1d">
    <File perm="0444">/84/61</File>
    <Query type="disk">/tmp/test-disk-big/84/61</Query>
  </Pair>
  <Pair reval="1d">
    <File perm="0444">/84/62</File>
    <Query type="disk">/tmp/test-disk-big/84/62</Query>
  </Pair>
  <Pair reval="1d">
    <File perm="0444">/84/63</File>
    <Query type="disk">/tmp/test-disk-big/84/63</Query>
  </Pair>
  <Pair reval="1d">
    <File perm="0444">/84/64</File>
    <Query type="disk">/tmp/test-disk-big/84/64</Query>
  </Pair>
  <Pair reval="1d">
    <File perm="0444">/84/65</File>
    <Query type="disk">/tmp/test-disk-big/84/65</Query>
  </Pair>
  <Pair reval="1d">
    <File perm="0444">/84/66</File>
    <Query type="disk">/tmp/test-disk-big/84/66</Query>
  </Pair>
  <Pair reval="1d">
    <File perm="0444">/84/67</File>
    <Query type="disk">/tmp/test-disk-big/84/67</Query>
  </Pair>
  <Pair reval="1d">
    <File perm="0444">/84/68</File>
    <Query type="disk">/tmp/test-disk-big/84/68</Query>
  </Pair>
  <Pair reval="1d">
    <File perm="0444">/84/69</File>
    <Query type="disk">/tmp/test-disk-big/84/69</Query>
  </Pair>
  <Pair reval="1d">
    <File perm="0444">/84/7</File>
    <Query type="disk">/tmp/test-disk-big/84/7</Query>
  </Pair>
  <Pair reval="1d">
    <File perm="0444">/84/70</File>
    <Query type="disk">/tmp/test-disk-big/84/70</Query>
  </Pair>
  <Pair reval="1d">
    <File perm="0444">/84/71</File>
    <Query type="disk">/tmp/test-disk-big/84/71</Query>
  </Pair>
  <Pair reval="1d">
    <File perm="0444">/84/72</File>
    <Query type="disk">/tmp/test-disk-big/84/72</Query>
  </Pair>
  <Pair reval="1d">
    <File perm="0444">/84/73</File>
    <Query type="disk">/tmp/test-disk-big/84/73</Query>
  </Pair>
  <Pair reval="1d">
    <File perm="0444">/84/74</File>
    <Query type="disk">/tmp/test-disk-big/84/74</Query>
  </Pair>
  <Pair reval="1d">
    <File perm="0444">/84/75</File>
    <Query type="disk">/tmp/test-disk-big/84/75</Query>
  </Pair>
  <Pair reval="1d">
    <File perm="0444">/84/76</File>
    <Query type="disk">/tmp/test-disk-big/84/76</Query>
  </Pair>
  <Pair reval="1d">
    <File perm="0444">/84/77</File>
    <Query type="disk">/tmp/test-disk-big/84/77</Query>
  </Pair>
  <Pair reval="1d">
    <File perm="0444">/84/78</File>
    <Query type="disk">/tmp/test-disk-big/84/78</Query>
  </Pair>
  <Pair reval="1d">
    <File perm="0444">/84/79</File>
    <Query type="disk">/tmp/test-disk-big/84/79</Query>
  </Pair>
  <Pair reval="1d">
    <File perm="0444">/84/8</File>
    <Query type="disk">/tmp/test-disk-big/84/8</Query>
  </Pair>
  <Pair reval="1d">
    <File perm="0444">/84/80</File>
    <Query type="disk">/tmp/test-disk-big/84/80</Query>
  </Pair>
  <Pair reval="1d">
    <File perm="0444">/84/81</File>
    <Query type="disk">/tmp/test-disk-big/84/81</Query>
  </Pair>
  <Pair reval="1d">
    <File perm="0444">/84/82</File>
    <Query type="disk">/tmp/test-disk-big/84/82</Query>
  </Pair>
  <Pair reval="1d">
    <File perm="0444">/84/83</File>
    <Query type="disk">/tmp/test-disk-big/84/83</Query>
  </Pair>
  <Pair reval="1d">
    <File perm="0444">/84/84</File>
    <Query type="disk">/tmp/test-disk-big/84/84</Query>
  </Pair>
  <Pair reval="1d">
    <File perm="0444">/84/85</File>
    <Query type="disk">/tmp/test-disk-big/84/85</Query>
  </Pair>
  <Pair reval="1d">
    <File perm="0444">/84/86</File>
    <Query type="disk">/tmp/test-disk-big/84/86</Query>
  </Pair>
  <Pair reval="1d">
    <File perm="0444">/84/87</File>
    <Query type="disk">/tmp/test-disk-big/84/87</Query>
  </Pair>
  <Pair reval="1d">
    <File perm="0444">/84/88</File>
    <Query type="disk">/tmp/test-disk-big/84/88</Query>
  </Pair>
  <Pair reval="1d">
    <File perm="0444">/84/89</File>
    <Query type="disk">/tmp/test-disk-big/84/89</Query>
  </Pair>
  <Pair reval="1d">
    <File perm="0444">/84/9</File>
    <Query type="disk">/tmp/test-disk-big/84/9</Query>
  </Pair>
  <Pair reval="1d">
    <File perm="0444">/84/90</File>
    <Query type="disk">/tmp/test-disk-big/84/90</Query>
  </Pair>
  <Pair reval="1d">
    <File perm="0444">/84/91</File>
    <Query type="disk">/tmp/test-disk-big/84/91</Query>
  </Pair>
  <Pair reval="1d">
    <File perm="0444">/84/92</File>
    <Query type="disk">/tmp/test-disk-big/84/92</Query>
  </Pair>
  <Pair reval="1d">
    <File perm="0444">/84/93</File>
    <Query type="disk">/tmp/test-disk-big/84/93</Query>
  </Pair>
  <Pair reval="1d">
    <File perm="0444">/84/94</File>
    <Query type="disk">/tmp/test-disk-big/84/94</Query>
  </Pair>
  <Pair reval="1d">
    <File perm="0444">/84/95</File>
    <Query type="disk">/tmp/test-disk-big/84/95</Query>
  </Pair>
  <Pair reval="1d">
    <File perm="0444">/84/96</File>
    <Query type="disk">/tmp/test-disk-big/84/96</Query>
  </Pair>
  <Pair reval="1d">
    <File perm="0444">/84/97</File>
    <Query type="disk">/tmp/test-disk-big/84/97</Query>
  </Pair>
  <Pair reval="1d">
    <File perm="0444">/84/98</File>
    <Query type="disk">/tmp/test-disk-big/84/98</Query>
  </Pair>
  <Pair reval="1d">
    <File perm="0444">/84/99</File>
    <Query type="disk">/tmp/test-disk-big/84/99</Query>
  </Pair>
  <Pair reval="1d">
    <Dir perm="0555">/85</Dir>
    <Query type="disk"></Query>
  </Pair>
  <Pair reval="1d">
    <File perm="0444">/85/1</File>
    <Query type="disk">/tmp/test-disk-big/85/1</Query>
  </Pair>
  <Pair reval="1d">
    <File perm="0444">/85/10</File>
    <Query type="disk">/tmp/test-disk-big/85/10</Query>
  </Pair>
  <Pair reval="1d">
    <File perm="0444">/85/100</File>
    <Query type="disk">/tmp/test-disk-big/85/100</Query>
  </Pair>
  <Pair reval="1d">
    <File perm="0444">/85/11</File>
    <Query type="disk">/tmp/test-disk-big/85/11</Query>
  </Pair>
  <Pair reval="1d">
    <File perm="0444">/85/12</File>
    <Query type="disk">/tmp/test-disk-big/85/12</Query>
  </Pair>
  <Pair reval="1d">
    <File perm="0444">/85/13</File>
    <Query type="disk">/tmp/test-disk-big/85/13</Query>
  </Pair>
  <Pair reval="1d">
    <File perm="0444">/85/14</File>
    <Query type="disk">/tmp/test-disk-big/85/14</Query>
  </Pair>
  <Pair reval="1d">
    <File perm="0444">/85/15</File>
    <Query type="disk">/tmp/test-disk-big/85/15</Query>
  </Pair>
  <Pair reval="1d">
    <File perm="0444">/85/16</File>
    <Query type="disk">/tmp/test-disk-big/85/16</Query>
  </Pair>
  <Pair reval="1d">
    <File perm="0444">/85/17</File>
    <Query type="disk">/tmp/test-disk-big/85/17</Query>
  </Pair>
  <Pair reval="1d">
    <File perm="0444">/85/18</File>
    <Query type="disk">/tmp/test-disk-big/85/18</Query>
  </Pair>
  <Pair reval="1d">
    <File perm="0444">/85/19</File>
    <Query type="disk">/tmp/test-disk-big/85/19</Query>
  </Pair>
  <Pair reval="1d">
    <File perm="0444">/85/2</File>
    <Query type="disk">/tmp/test-disk-big/85/2</Query>
  </Pair>
  <Pair reval="1d">
    <File perm="0444">/85/20</File>
    <Query type="disk">/tmp/test-disk-big/85/20</Query>
  </Pair>
  <Pair reval="1d">
    <File perm="0444">/85/21</File>
    <Query type="disk">/tmp/test-disk-big/85/21</Query>
  </Pair>
  <Pair reval="1d">
    <File perm="0444">/85/22</File>
    <Query type="disk">/tmp/test-disk-big/85/22</Query>
  </Pair>
  <Pair reval="1d">
    <File perm="0444">/85/23</File>
    <Query type="disk">/tmp/test-disk-big/85/23</Query>
  </Pair>
  <Pair reval="1d">
    <File perm="0444">/85/24</File>
    <Query type="disk">/tmp/test-disk-big/85/24</Query>
  </Pair>
  <Pair reval="1d">
    <File perm="0444">/85/25</File>
    <Query type="disk">/tmp/test-disk-big/85/25</Query>
  </Pair>
  <Pair reval="1d">
    <File perm="0444">/85/26</File>
    <Query type="disk">/tmp/test-disk-big/85/26</Query>
  </Pair>
  <Pair reval="1d">
    <File perm="0444">/85/27</File>
    <Query type="disk">/tmp/test-disk-big/85/27</Query>
  </Pair>
  <Pair reval="1d">
    <File perm="0444">/85/28</File>
    <Query type="disk">/tmp/test-disk-big/85/28</Query>
  </Pair>
  <Pair reval="1d">
    <File perm="0444">/85/29</File>
    <Query type="disk">/tmp/test-disk-big/85/29</Query>
  </Pair>
  <Pair reval="1d">
    <File perm="0444">/85/3</File>
    <Query type="disk">/tmp/test-disk-big/85/3</Query>
  </Pair>
  <Pair reval="1d">
    <File perm="0444">/85/30</File>
    <Query type="disk">/tmp/test-disk-big/85/30</Query>
  </Pair>
  <Pair reval="1d">
    <File perm="0444">/85/31</File>
    <Query type="disk">/tmp/test-disk-big/85/31</Query>
  </Pair>
  <Pair reval="1d">
    <File perm="0444">/85/32</File>
    <Query type="disk">/tmp/test-disk-big/85/32</Query>
  </Pair>
  <Pair reval="1d">
    <File perm="0444">/85/33</File>
    <Query type="disk">/tmp/test-disk-big/85/33</Query>
  </Pair>
  <Pair reval="1d">
    <File perm="0444">/85/34</File>
    <Query type="disk">/tmp/test-disk-big/85/34</Query>
  </Pair>
  <Pair reval="1d">
    <File perm="0444">/85/35</File>
    <Query type="disk">/tmp/test-disk-big/85/35</Query>
  </Pair>
  <Pair reval="1d">
    <File perm="0444">/85/36</File>
    <Query type="disk">/tmp/test-disk-big/85/36</Query>
  </Pair>
  <Pair reval="1d">
    <File perm="0444">/85/37</File>
    <Query type="disk">/tmp/test-disk-big/85/37</Query>
  </Pair>
  <Pair reval="1d">
    <File perm="0444">/85/38</File>
    <Query type="disk">/tmp/test-disk-big/85/38</Query>
  </Pair>
  <Pair reval="1d">
    <File perm="0444">/85/39</File>
    <Query type="disk">/tmp/test-disk-big/85/39</Query>
  </Pair>
  <Pair reval="1d">
    <File perm="0444">/85/4</File>
    <Query type="disk">/tmp/test-disk-big/85/4</Query>
  </Pair>
  <Pair reval="1d">
    <File perm="0444">/85/40</File>
    <Query type="disk">/tmp/test-disk-big/85/40</Query>
  </Pair>
  <Pair reval="1d">
    <File perm="0444">/85/41</File>
    <Query type="disk">/tmp/test-disk-big/85/41</Query>
  </Pair>
  <Pair reval="1d">
    <File perm="0444">/85/42</File>
    <Query type="disk">/tmp/test-disk-big/85/42</Query>
  </Pair>
  <Pair reval="1d">
    <File perm="0444">/85/43</File>
    <Query type="disk">/tmp/test-disk-big/85/43</Query>
  </Pair>
  <Pair reval="1d">
    <File perm="0444">/85/44</File>
    <Query type="disk">/tmp/test-disk-big/85/44</Query>
  </Pair>
  <Pair reval="1d">
    <File perm="0444">/85/45</File>
    <Query type="disk">/tmp/test-disk-big/85/45</Query>
  </Pair>
  <Pair reval="1d">
    <File perm="0444">/85/46</File>
    <Query type="disk">/tmp/test-disk-big/85/46</Query>
  </Pair>
  <Pair reval="1d">
    <File perm="0444">/85/47</File>
    <Query type="disk">/tmp/test-disk-big/85/47</Query>
  </Pair>
  <Pair reval="1d">
    <File perm="0444">/85/48</File>
    <Query type="disk">/tmp/test-disk-big/85/48</Query>
  </Pair>
  <Pair reval="1d">
    <File perm="0444">/85/49</File>
    <Query type="disk">/tmp/test-disk-big/85/49</Query>
  </Pair>
  <Pair reval="1d">
    <File perm="0444">/85/5</File>
    <Query type="disk">/tmp/test-disk-big/85/5</Query>
  </Pair>
  <Pair reval="1d">
    <File perm="0444">/85/50</File>
    <Query type="disk">/tmp/test-disk-big/85/50</Query>
  </Pair>
  <Pair reval="1d">
    <File perm="0444">/85/51</File>
    <Query type="disk">/tmp/test-disk-big/85/51</Query>
  </Pair>
  <Pair reval="1d">
    <File perm="0444">/85/52</File>
    <Query type="disk">/tmp/test-disk-big/85/52</Query>
  </Pair>
  <Pair reval="1d">
    <File perm="0444">/85/53</File>
    <Query type="disk">/tmp/test-disk-big/85/53</Query>
  </Pair>
  <Pair reval="1d">
    <File perm="0444">/85/54</File>
    <Query type="disk">/tmp/test-disk-big/85/54</Query>
  </Pair>
  <Pair reval="1d">
    <File perm="0444">/85/55</File>
    <Query type="disk">/tmp/test-disk-big/85/55</Query>
  </Pair>
  <Pair reval="1d">
    <File perm="0444">/85/56</File>
    <Query type="disk">/tmp/test-disk-big/85/56</Query>
  </Pair>
  <Pair reval="1d">
    <File perm="0444">/85/57</File>
    <Query type="disk">/tmp/test-disk-big/85/57</Query>
  </Pair>
  <Pair reval="1d">
    <File perm="0444">/85/58</File>
    <Query type="disk">/tmp/test-disk-big/85/58</Query>
  </Pair>
  <Pair reval="1d">
    <File perm="0444">/85/59</File>
    <Query type="disk">/tmp/test-disk-big/85/59</Query>
  </Pair>
  <Pair reval="1d">
    <File perm="0444">/85/6</File>
    <Query type="disk">/tmp/test-disk-big/85/6</Query>
  </Pair>
  <Pair reval="1d">
    <File perm="0444">/85/60</File>
    <Query type="disk">/tmp/test-disk-big/85/60</Query>
  </Pair>
  <Pair reval="1d">
    <File perm="0444">/85/61</File>
    <Query type="disk">/tmp/test-disk-big/85/61</Query>
  </Pair>
  <Pair reval="1d">
    <File perm="0444">/85/62</File>
    <Query type="disk">/tmp/test-disk-big/85/62</Query>
  </Pair>
  <Pair reval="1d">
    <File perm="0444">/85/63</File>
    <Query type="disk">/tmp/test-disk-big/85/63</Query>
  </Pair>
  <Pair reval="1d">
    <File perm="0444">/85/64</File>
    <Query type="disk">/tmp/test-disk-big/85/64</Query>
  </Pair>
  <Pair reval="1d">
    <File perm="0444">/85/65</File>
    <Query type="disk">/tmp/test-disk-big/85/65</Query>
  </Pair>
  <Pair reval="1d">
    <File perm="0444">/85/66</File>
    <Query type="disk">/tmp/test-disk-big/85/66</Query>
  </Pair>
  <Pair reval="1d">
    <File perm="0444">/85/67</File>
    <Query type="disk">/tmp/test-disk-big/85/67</Query>
  </Pair>
  <Pair reval="1d">
    <File perm="0444">/85/68</File>
    <Query type="disk">/tmp/test-disk-big/85/68</Query>
  </Pair>
  <Pair reval="1d">
    <File perm="0444">/85/69</File>
    <Query type="disk">/tmp/test-disk-big/85/69</Query>
  </Pair>
  <Pair reval="1d">
    <File perm="0444">/85/7</File>
    <Query type="disk">/tmp/test-disk-big/85/7</Query>
  </Pair>
  <Pair reval="1d">
    <File perm="0444">/85/70</File>
    <Query type="disk">/tmp/test-disk-big/85/70</Query>
  </Pair>
  <Pair reval="1d">
    <File perm="0444">/85/71</File>
    <Query type="disk">/tmp/test-disk-big/85/71</Query>
  </Pair>
  <Pair reval="1d">
    <File perm="0444">/85/72</File>
    <Query type="disk">/tmp/test-disk-big/85/72</Query>
  </Pair>
  <Pair reval="1d">
    <File perm="0444">/85/73</File>
    <Query type="disk">/tmp/test-disk-big/85/73</Query>
  </Pair>
  <Pair reval="1d">
    <File perm="0444">/85/74</File>
    <Query type="disk">/tmp/test-disk-big/85/74</Query>
  </Pair>
  <Pair reval="1d">
    <File perm="0444">/85/75</File>
    <Query type="disk">/tmp/test-disk-big/85/75</Query>
  </Pair>
  <Pair reval="1d">
    <File perm="0444">/85/76</File>
    <Query type="disk">/tmp/test-disk-big/85/76</Query>
  </Pair>
  <Pair reval="1d">
    <File perm="0444">/85/77</File>
    <Query type="disk">/tmp/test-disk-big/85/77</Query>
  </Pair>
  <Pair reval="1d">
    <File perm="0444">/85/78</File>
    <Query type="disk">/tmp/test-disk-big/85/78</Query>
  </Pair>
  <Pair reval="1d">
    <File perm="0444">/85/79</File>
    <Query type="disk">/tmp/test-disk-big/85/79</Query>
  </Pair>
  <Pair reval="1d">
    <File perm="0444">/85/8</File>
    <Query type="disk">/tmp/test-disk-big/85/8</Query>
  </Pair>
  <Pair reval="1d">
    <File perm="0444">/85/80</File>
    <Query type="disk">/tmp/test-disk-big/85/80</Query>
  </Pair>
  <Pair reval="1d">
    <File perm="0444">/85/81</File>
    <Query type="disk">/tmp/test-disk-big/85/81</Query>
  </Pair>
  <Pair reval="1d">
    <File perm="0444">/85/82</File>
    <Query type="disk">/tmp/test-disk-big/85/82</Query>
  </Pair>
  <Pair reval="1d">
    <File perm="0444">/85/83</File>
    <Query type="disk">/tmp/test-disk-big/85/83</Query>
  </Pair>
  <Pair reval="1d">
    <File perm="0444">/85/84</File>
    <Query type="disk">/tmp/test-disk-big/85/84</Query>
  </Pair>
  <Pair reval="1d">
    <File perm="0444">/85/85</File>
    <Query type="disk">/tmp/test-disk-big/85/85</Query>
  </Pair>
  <Pair reval="1d">
    <File perm="0444">/85/86</File>
    <Query type="disk">/tmp/test-disk-big/85/86</Query>
  </Pair>
  <Pair reval="1d">
    <File perm="0444">/85/87</File>
    <Query type="disk">/tmp/test-disk-big/85/87</Query>
  </Pair>
  <Pair reval="1d">
    <File perm="0444">/85/88</File>
    <Query type="disk">/tmp/test-disk-big/85/88</Query>
  </Pair>
  <Pair reval="1d">
    <File perm="0444">/85/89</File>
    <Query type="disk">/tmp/test-disk-big/85/89</Query>
  </Pair>
  <Pair reval="1d">
    <File perm="0444">/85/9</File>
    <Query type="disk">/tmp/test-disk-big/85/9</Query>
  </Pair>
  <Pair reval="1d">
    <File perm="0444">/85/90</File>
    <Query type="disk">/tmp/test-disk-big/85/90</Query>
  </Pair>
  <Pair reval="1d">
    <File perm="0444">/85/91</File>
    <Query type="disk">/tmp/test-disk-big/85/91</Query>
  </Pair>
  <Pair reval="1d">
    <File perm="0444">/85/92</File>
    <Query type="disk">/tmp/test-disk-big/85/92</Query>
  </Pair>
  <Pair reval="1d">
    <File perm="0444">/85/93</File>
    <Query type="disk">/tmp/test-disk-big/85/93</Query>
  </Pair>
  <Pair reval="1d">
    <File perm="0444">/85/94</File>
    <Query type="disk">/tmp/test-disk-big/85/94</Query>
  </Pair>
  <Pair reval="1d">
    <File perm="0444">/85/95</File>
    <Query type="disk">/tmp/test-disk-big/85/95</Query>
  </Pair>
  <Pair reval="1d">
    <File perm="0444">/85/96</File>
    <Query type="disk">/tmp/test-disk-big/85/96</Query>
  </Pair>
  <Pair reval="1d">
    <File perm="0444">/85/97</File>
    <Query type="disk">/tmp/test-disk-big/85/97</Query>
  </Pair>
  <Pair reval="1d">
    <File perm="0444">/85/98</File>
    <Query type="disk">/tmp/test-disk-big/85/98</Query>
  </Pair>
  <Pair reval="1d">
    <File perm="0444">/85/99</File>
    <Query type="disk">/tmp/test-disk-big/85/99</Query>
  </Pair>
  <Pair reval="1d">
    <Dir perm="0555">/86</Dir>
    <Query type="disk"></Query>
  </Pair>
  <Pair reval="1d">
    <File perm="0444">/86/1</File>
    <Query type="disk">/tmp/test-disk-big/86/1</Query>
  </Pair>
  <Pair reval="1d">
    <File perm="0444">/86/10</File>
    <Query type="disk">/tmp/test-disk-big/86/10</Query>
  </Pair>
  <Pair reval="1d">
    <File perm="0444">/86/100</File>
    <Query type="disk">/tmp/test-disk-big/86/100</Query>
  </Pair>
  <Pair reval="1d">
    <File perm="0444">/86/11</File>
    <Query type="disk">/tmp/test-disk-big/86/11</Query>
  </Pair>
  <Pair reval="1d">
    <File perm="0444">/86/12</File>
    <Query type="disk">/tmp/test-disk-big/86/12</Query>
  </Pair>
  <Pair reval="1d">
    <File perm="0444">/86/13</File>
    <Query type="disk">/tmp/test-disk-big/86/13</Query>
  </Pair>
  <Pair reval="1d">
    <File perm="0444">/86/14</File>
    <Query type="disk">/tmp/test-disk-big/86/14</Query>
  </Pair>
  <Pair reval="1d">
    <File perm="0444">/86/15</File>
    <Query type="disk">/tmp/test-disk-big/86/15</Query>
  </Pair>
  <Pair reval="1d">
    <File perm="0444">/86/16</File>
    <Query type="disk">/tmp/test-disk-big/86/16</Query>
  </Pair>
  <Pair reval="1d">
    <File perm="0444">/86/17</File>
    <Query type="disk">/tmp/test-disk-big/86/17</Query>
  </Pair>
  <Pair reval="1d">
    <File perm="0444">/86/18</File>
    <Query type="disk">/tmp/test-disk-big/86/18</Query>
  </Pair>
  <Pair reval="1d">
    <File perm="0444">/86/19</File>
    <Query type="disk">/tmp/test-disk-big/86/19</Query>
  </Pair>
  <Pair reval="1d">
    <File perm="0444">/86/2</File>
    <Query type="disk">/tmp/test-disk-big/86/2</Query>
  </Pair>
  <Pair reval="1d">
    <File perm="0444">/86/20</File>
    <Query type="disk">/tmp/test-disk-big/86/20</Query>
  </Pair>
  <Pair reval="1d">
    <File perm="0444">/86/21</File>
    <Query type="disk">/tmp/test-disk-big/86/21</Query>
  </Pair>
  <Pair reval="1d">
    <File perm="0444">/86/22</File>
    <Query type="disk">/tmp/test-disk-big/86/22</Query>
  </Pair>
  <Pair reval="1d">
    <File perm="0444">/86/23</File>
    <Query type="disk">/tmp/test-disk-big/86/23</Query>
  </Pair>
  <Pair reval="1d">
    <File perm="0444">/86/24</File>
    <Query type="disk">/tmp/test-disk-big/86/24</Query>
  </Pair>
  <Pair reval="1d">
    <File perm="0444">/86/25</File>
    <Query type="disk">/tmp/test-disk-big/86/25</Query>
  </Pair>
  <Pair reval="1d">
    <File perm="0444">/86/26</File>
    <Query type="disk">/tmp/test-disk-big/86/26</Query>
  </Pair>
  <Pair reval="1d">
    <File perm="0444">/86/27</File>
    <Query type="disk">/tmp/test-disk-big/86/27</Query>
  </Pair>
  <Pair reval="1d">
    <File perm="0444">/86/28</File>
    <Query type="disk">/tmp/test-disk-big/86/28</Query>
  </Pair>
  <Pair reval="1d">
    <File perm="0444">/86/29</File>
    <Query type="disk">/tmp/test-disk-big/86/29</Query>
  </Pair>
  <Pair reval="1d">
    <File perm="0444">/86/3</File>
    <Query type="disk">/tmp/test-disk-big/86/3</Query>
  </Pair>
  <Pair reval="1d">
    <File perm="0444">/86/30</File>
    <Query type="disk">/tmp/test-disk-big/86/30</Query>
  </Pair>
  <Pair reval="1d">
    <File perm="0444">/86/31</File>
    <Query type="disk">/tmp/test-disk-big/86/31</Query>
  </Pair>
  <Pair reval="1d">
    <File perm="0444">/86/32</File>
    <Query type="disk">/tmp/test-disk-big/86/32</Query>
  </Pair>
  <Pair reval="1d">
    <File perm="0444">/86/33</File>
    <Query type="disk">/tmp/test-disk-big/86/33</Query>
  </Pair>
  <Pair reval="1d">
    <File perm="0444">/86/34</File>
    <Query type="disk">/tmp/test-disk-big/86/34</Query>
  </Pair>
  <Pair reval="1d">
    <File perm="0444">/86/35</File>
    <Query type="disk">/tmp/test-disk-big/86/35</Query>
  </Pair>
  <Pair reval="1d">
    <File perm="0444">/86/36</File>
    <Query type="disk">/tmp/test-disk-big/86/36</Query>
  </Pair>
  <Pair reval="1d">
    <File perm="0444">/86/37</File>
    <Query type="disk">/tmp/test-disk-big/86/37</Query>
  </Pair>
  <Pair reval="1d">
    <File perm="0444">/86/38</File>
    <Query type="disk">/tmp/test-disk-big/86/38</Query>
  </Pair>
  <Pair reval="1d">
    <File perm="0444">/86/39</File>
    <Query type="disk">/tmp/test-disk-big/86/39</Query>
  </Pair>
  <Pair reval="1d">
    <File perm="0444">/86/4</File>
    <Query type="disk">/tmp/test-disk-big/86/4</Query>
  </Pair>
  <Pair reval="1d">
    <File perm="0444">/86/40</File>
    <Query type="disk">/tmp/test-disk-big/86/40</Query>
  </Pair>
  <Pair reval="1d">
    <File perm="0444">/86/41</File>
    <Query type="disk">/tmp/test-disk-big/86/41</Query>
  </Pair>
  <Pair reval="1d">
    <File perm="0444">/86/42</File>
    <Query type="disk">/tmp/test-disk-big/86/42</Query>
  </Pair>
  <Pair reval="1d">
    <File perm="0444">/86/43</File>
    <Query type="disk">/tmp/test-disk-big/86/43</Query>
  </Pair>
  <Pair reval="1d">
    <File perm="0444">/86/44</File>
    <Query type="disk">/tmp/test-disk-big/86/44</Query>
  </Pair>
  <Pair reval="1d">
    <File perm="0444">/86/45</File>
    <Query type="disk">/tmp/test-disk-big/86/45</Query>
  </Pair>
  <Pair reval="1d">
    <File perm="0444">/86/46</File>
    <Query type="disk">/tmp/test-disk-big/86/46</Query>
  </Pair>
  <Pair reval="1d">
    <File perm="0444">/86/47</File>
    <Query type="disk">/tmp/test-disk-big/86/47</Query>
  </Pair>
  <Pair reval="1d">
    <File perm="0444">/86/48</File>
    <Query type="disk">/tmp/test-disk-big/86/48</Query>
  </Pair>
  <Pair reval="1d">
    <File perm="0444">/86/49</File>
    <Query type="disk">/tmp/test-disk-big/86/49</Query>
  </Pair>
  <Pair reval="1d">
    <File perm="0444">/86/5</File>
    <Query type="disk">/tmp/test-disk-big/86/5</Query>
  </Pair>
  <Pair reval="1d">
    <File perm="0444">/86/50</File>
    <Query type="disk">/tmp/test-disk-big/86/50</Query>
  </Pair>
  <Pair reval="1d">
    <File perm="0444">/86/51</File>
    <Query type="disk">/tmp/test-disk-big/86/51</Query>
  </Pair>
  <Pair reval="1d">
    <File perm="0444">/86/52</File>
    <Query type="disk">/tmp/test-disk-big/86/52</Query>
  </Pair>
  <Pair reval="1d">
    <File perm="0444">/86/53</File>
    <Query type="disk">/tmp/test-disk-big/86/53</Query>
  </Pair>
  <Pair reval="1d">
    <File perm="0444">/86/54</File>
    <Query type="disk">/tmp/test-disk-big/86/54</Query>
  </Pair>
  <Pair reval="1d">
    <File perm="0444">/86/55</File>
    <Query type="disk">/tmp/test-disk-big/86/55</Query>
  </Pair>
  <Pair reval="1d">
    <File perm="0444">/86/56</File>
    <Query type="disk">/tmp/test-disk-big/86/56</Query>
  </Pair>
  <Pair reval="1d">
    <File perm="0444">/86/57</File>
    <Query type="disk">/tmp/test-disk-big/86/57</Query>
  </Pair>
  <Pair reval="1d">
    <File perm="0444">/86/58</File>
    <Query type="disk">/tmp/test-disk-big/86/58</Query>
  </Pair>
  <Pair reval="1d">
    <File perm="0444">/86/59</File>
    <Query type="disk">/tmp/test-disk-big/86/59</Query>
  </Pair>
  <Pair reval="1d">
    <File perm="0444">/86/6</File>
    <Query type="disk">/tmp/test-disk-big/86/6</Query>
  </Pair>
  <Pair reval="1d">
    <File perm="0444">/86/60</File>
    <Query type="disk">/tmp/test-disk-big/86/60</Query>
  </Pair>
  <Pair reval="1d">
    <File perm="0444">/86/61</File>
    <Query type="disk">/tmp/test-disk-big/86/61</Query>
  </Pair>
  <Pair reval="1d">
    <File perm="0444">/86/62</File>
    <Query type="disk">/tmp/test-disk-big/86/62</Query>
  </Pair>
  <Pair reval="1d">
    <File perm="0444">/86/63</File>
    <Query type="disk">/tmp/test-disk-big/86/63</Query>
  </Pair>
  <Pair reval="1d">
    <File perm="0444">/86/64</File>
    <Query type="disk">/tmp/test-disk-big/86/64</Query>
  </Pair>
  <Pair reval="1d">
    <File perm="0444">/86/65</File>
    <Query type="disk">/tmp/test-disk-big/86/65</Query>
  </Pair>
  <Pair reval="1d">
    <File perm="0444">/86/66</File>
    <Query type="disk">/tmp/test-disk-big/86/66</Query>
  </Pair>
  <Pair reval="1d">
    <File perm="0444">/86/67</File>
    <Query type="disk">/tmp/test-disk-big/86/67</Query>
  </Pair>
  <Pair reval="1d">
    <File perm="0444">/86/68</File>
    <Query type="disk">/tmp/test-disk-big/86/68</Query>
  </Pair>
  <Pair reval="1d">
    <File perm="0444">/86/69</File>
    <Query type="disk">/tmp/test-disk-big/86/69</Query>
  </Pair>
  <Pair reval="1d">
    <File perm="0444">/86/7</File>
    <Query type="disk">/tmp/test-disk-big/86/7</Query>
  </Pair>
  <Pair reval="1d">
    <File perm="0444">/86/70</File>
    <Query type="disk">/tmp/test-disk-big/86/70</Query>
  </Pair>
  <Pair reval="1d">
    <File perm="0444">/86/71</File>
    <Query type="disk">/tmp/test-disk-big/86/71</Query>
  </Pair>
  <Pair reval="1d">
    <File perm="0444">/86/72</File>
    <Query type="disk">/tmp/test-disk-big/86/72</Query>
  </Pair>
  <Pair reval="1d">
    <File perm="0444">/86/73</File>
    <Query type="disk">/tmp/test-disk-big/86/73</Query>
  </Pair>
  <Pair reval="1d">
    <File perm="0444">/86/74</File>
    <Query type="disk">/tmp/test-disk-big/86/74</Query>
  </Pair>
  <Pair reval="1d">
    <File perm="0444">/86/75</File>
    <Query type="disk">/tmp/test-disk-big/86/75</Query>
  </Pair>
  <Pair reval="1d">
    <File perm="0444">/86/76</File>
    <Query type="disk">/tmp/test-disk-big/86/76</Query>
  </Pair>
  <Pair reval="1d">
    <File perm="0444">/86/77</File>
    <Query type="disk">/tmp/test-disk-big/86/77</Query>
  </Pair>
  <Pair reval="1d">
    <File perm="0444">/86/78</File>
    <Query type="disk">/tmp/test-disk-big/86/78</Query>
  </Pair>
  <Pair reval="1d">
    <File perm="0444">/86/79</File>
    <Query type="disk">/tmp/test-disk-big/86/79</Query>
  </Pair>
  <Pair reval="1d">
    <File perm="0444">/86/8</File>
    <Query type="disk">/tmp/test-disk-big/86/8</Query>
  </Pair>
  <Pair reval="1d">
    <File perm="0444">/86/80</File>
    <Query type="disk">/tmp/test-disk-big/86/80</Query>
  </Pair>
  <Pair reval="1d">
    <File perm="0444">/86/81</File>
    <Query type="disk">/tmp/test-disk-big/86/81</Query>
  </Pair>
  <Pair reval="1d">
    <File perm="0444">/86/82</File>
    <Query type="disk">/tmp/test-disk-big/86/82</Query>
  </Pair>
  <Pair reval="1d">
    <File perm="0444">/86/83</File>
    <Query type="disk">/tmp/test-disk-big/86/83</Query>
  </Pair>
  <Pair reval="1d">
    <File perm="0444">/86/84</File>
    <Query type="disk">/tmp/test-disk-big/86/84</Query>
  </Pair>
  <Pair reval="1d">
    <File perm="0444">/86/85</File>
    <Query type="disk">/tmp/test-disk-big/86/85</Query>
  </Pair>
  <Pair reval="1d">
    <File perm="0444">/86/86</File>
    <Query type="disk">/tmp/test-disk-big/86/86</Query>
  </Pair>
  <Pair reval="1d">
    <File perm="0444">/86/87</File>
    <Query type="disk">/tmp/test-disk-big/86/87</Query>
  </Pair>
  <Pair reval="1d">
    <File perm="0444">/86/88</File>
    <Query type="disk">/tmp/test-disk-big/86/88</Query>
  </Pair>
  <Pair reval="1d">
    <File perm="0444">/86/89</File>
    <Query type="disk">/tmp/test-disk-big/86/89</Query>
  </Pair>
  <Pair reval="1d">
    <File perm="0444">/86/9</File>
    <Query type="disk">/tmp/test-disk-big/86/9</Query>
  </Pair>
  <Pair reval="1d">
    <File perm="0444">/86/90</File>
    <Query type="disk">/tmp/test-disk-big/86/90</Query>
  </Pair>
  <Pair reval="1d">
    <File perm="0444">/86/91</File>
    <Query type="disk">/tmp/test-disk-big/86/91</Query>
  </Pair>
  <Pair reval="1d">
    <File perm="0444">/86/92</File>
    <Query type="disk">/tmp/test-disk-big/86/92</Query>
  </Pair>
  <Pair reval="1d">
    <File perm="0444">/86/93</File>
    <Query type="disk">/tmp/test-disk-big/86/93</Query>
  </Pair>
  <Pair reval="1d">
    <File perm="0444">/86/94</File>
    <Query type="disk">/tmp/test-disk-big/86/94</Query>
  </Pair>
  <Pair reval="1d">
    <File perm="0444">/86/95</File>
    <Query type="disk">/tmp/test-disk-big/86/95</Query>
  </Pair>
  <Pair reval="1d">
    <File perm="0444">/86/96</File>
    <Query type="disk">/tmp/test-disk-big/86/96</Query>
  </Pair>
  <Pair reval="1d">
    <File perm="0444">/86/97</File>
    <Query type="disk">/tmp/test-disk-big/86/97</Query>
  </Pair>
  <Pair reval="1d">
    <File perm="0444">/86/98</File>
    <Query type="disk">/tmp/test-disk-big/86/98</Query>
  </Pair>
  <Pair reval="1d">
    <File perm="0444">/86/99</File>
    <Query type="disk">/tmp/test-disk-big/86/99</Query>
  </Pair>
  <Pair reval="1d">
    <Dir perm="0555">/87</Dir>
    <Query type="disk"></Query>
  </Pair>
  <Pair reval="1d">
    <File perm="0444">/87/1</File>
    <Query type="disk">/tmp/test-disk-big/87/1</Query>
  </Pair>
  <Pair reval="1d">
    <File perm="0444">/87/10</File>
    <Query type="disk">/tmp/test-disk-big/87/10</Query>
  </Pair>
  <Pair reval="1d">
    <File perm="0444">/87/100</File>
    <Query type="disk">/tmp/test-disk-big/87/100</Query>
  </Pair>
  <Pair reval="1d">
    <File perm="0444">/87/11</File>
    <Query type="disk">/tmp/test-disk-big/87/11</Query>
  </Pair>
  <Pair reval="1d">
    <File perm="0444">/87/12</File>
    <Query type="disk">/tmp/test-disk-big/87/12</Query>
  </Pair>
  <Pair reval="1d">
    <File perm="0444">/87/13</File>
    <Query type="disk">/tmp/test-disk-big/87/13</Query>
  </Pair>
  <Pair reval="1d">
    <File perm="0444">/87/14</File>
    <Query type="disk">/tmp/test-disk-big/87/14</Query>
  </Pair>
  <Pair reval="1d">
    <File perm="0444">/87/15</File>
    <Query type="disk">/tmp/test-disk-big/87/15</Query>
  </Pair>
  <Pair reval="1d">
    <File perm="0444">/87/16</File>
    <Query type="disk">/tmp/test-disk-big/87/16</Query>
  </Pair>
  <Pair reval="1d">
    <File perm="0444">/87/17</File>
    <Query type="disk">/tmp/test-disk-big/87/17</Query>
  </Pair>
  <Pair reval="1d">
    <File perm="0444">/87/18</File>
    <Query type="disk">/tmp/test-disk-big/87/18</Query>
  </Pair>
  <Pair reval="1d">
    <File perm="0444">/87/19</File>
    <Query type="disk">/tmp/test-disk-big/87/19</Query>
  </Pair>
  <Pair reval="1d">
    <File perm="0444">/87/2</File>
    <Query type="disk">/tmp/test-disk-big/87/2</Query>
  </Pair>
  <Pair reval="1d">
    <File perm="0444">/87/20</File>
    <Query type="disk">/tmp/test-disk-big/87/20</Query>
  </Pair>
  <Pair reval="1d">
    <File perm="0444">/87/21</File>
    <Query type="disk">/tmp/test-disk-big/87/21</Query>
  </Pair>
  <Pair reval="1d">
    <File perm="0444">/87/22</File>
    <Query type="disk">/tmp/test-disk-big/87/22</Query>
  </Pair>
  <Pair reval="1d">
    <File perm="0444">/87/23</File>
    <Query type="disk">/tmp/test-disk-big/87/23</Query>
  </Pair>
  <Pair reval="1d">
    <File perm="0444">/87/24</File>
    <Query type="disk">/tmp/test-disk-big/87/24</Query>
  </Pair>
  <Pair reval="1d">
    <File perm="0444">/87/25</File>
    <Query type="disk">/tmp/test-disk-big/87/25</Query>
  </Pair>
  <Pair reval="1d">
    <File perm="0444">/87/26</File>
    <Query type="disk">/tmp/test-disk-big/87/26</Query>
  </Pair>
  <Pair reval="1d">
    <File perm="0444">/87/27</File>
    <Query type="disk">/tmp/test-disk-big/87/27</Query>
  </Pair>
  <Pair reval="1d">
    <File perm="0444">/87/28</File>
    <Query type="disk">/tmp/test-disk-big/87/28</Query>
  </Pair>
  <Pair reval="1d">
    <File perm="0444">/87/29</File>
    <Query type="disk">/tmp/test-disk-big/87/29</Query>
  </Pair>
  <Pair reval="1d">
    <File perm="0444">/87/3</File>
    <Query type="disk">/tmp/test-disk-big/87/3</Query>
  </Pair>
  <Pair reval="1d">
    <File perm="0444">/87/30</File>
    <Query type="disk">/tmp/test-disk-big/87/30</Query>
  </Pair>
  <Pair reval="1d">
    <File perm="0444">/87/31</File>
    <Query type="disk">/tmp/test-disk-big/87/31</Query>
  </Pair>
  <Pair reval="1d">
    <File perm="0444">/87/32</File>
    <Query type="disk">/tmp/test-disk-big/87/32</Query>
  </Pair>
  <Pair reval="1d">
    <File perm="0444">/87/33</File>
    <Query type="disk">/tmp/test-disk-big/87/33</Query>
  </Pair>
  <Pair reval="1d">
    <File perm="0444">/87/34</File>
    <Query type="disk">/tmp/test-disk-big/87/34</Query>
  </Pair>
  <Pair reval="1d">
    <File perm="0444">/87/35</File>
    <Query type="disk">/tmp/test-disk-big/87/35</Query>
  </Pair>
  <Pair reval="1d">
    <File perm="0444">/87/36</File>
    <Query type="disk">/tmp/test-disk-big/87/36</Query>
  </Pair>
  <Pair reval="1d">
    <File perm="0444">/87/37</File>
    <Query type="disk">/tmp/test-disk-big/87/37</Query>
  </Pair>
  <Pair reval="1d">
    <File perm="0444">/87/38</File>
    <Query type="disk">/tmp/test-disk-big/87/38</Query>
  </Pair>
  <Pair reval="1d">
    <File perm="0444">/87/39</File>
    <Query type="disk">/tmp/test-disk-big/87/39</Query>
  </Pair>
  <Pair reval="1d">
    <File perm="0444">/87/4</File>
    <Query type="disk">/tmp/test-disk-big/87/4</Query>
  </Pair>
  <Pair reval="1d">
    <File perm="0444">/87/40</File>
    <Query type="disk">/tmp/test-disk-big/87/40</Query>
  </Pair>
  <Pair reval="1d">
    <File perm="0444">/87/41</File>
    <Query type="disk">/tmp/test-disk-big/87/41</Query>
  </Pair>
  <Pair reval="1d">
    <File perm="0444">/87/42</File>
    <Query type="disk">/tmp/test-disk-big/87/42</Query>
  </Pair>
  <Pair reval="1d">
    <File perm="0444">/87/43</File>
    <Query type="disk">/tmp/test-disk-big/87/43</Query>
  </Pair>
  <Pair reval="1d">
    <File perm="0444">/87/44</File>
    <Query type="disk">/tmp/test-disk-big/87/44</Query>
  </Pair>
  <Pair reval="1d">
    <File perm="0444">/87/45</File>
    <Query type="disk">/tmp/test-disk-big/87/45</Query>
  </Pair>
  <Pair reval="1d">
    <File perm="0444">/87/46</File>
    <Query type="disk">/tmp/test-disk-big/87/46</Query>
  </Pair>
  <Pair reval="1d">
    <File perm="0444">/87/47</File>
    <Query type="disk">/tmp/test-disk-big/87/47</Query>
  </Pair>
  <Pair reval="1d">
    <File perm="0444">/87/48</File>
    <Query type="disk">/tmp/test-disk-big/87/48</Query>
  </Pair>
  <Pair reval="1d">
    <File perm="0444">/87/49</File>
    <Query type="disk">/tmp/test-disk-big/87/49</Query>
  </Pair>
  <Pair reval="1d">
    <File perm="0444">/87/5</File>
    <Query type="disk">/tmp/test-disk-big/87/5</Query>
  </Pair>
  <Pair reval="1d">
    <File perm="0444">/87/50</File>
    <Query type="disk">/tmp/test-disk-big/87/50</Query>
  </Pair>
  <Pair reval="1d">
    <File perm="0444">/87/51</File>
    <Query type="disk">/tmp/test-disk-big/87/51</Query>
  </Pair>
  <Pair reval="1d">
    <File perm="0444">/87/52</File>
    <Query type="disk">/tmp/test-disk-big/87/52</Query>
  </Pair>
  <Pair reval="1d">
    <File perm="0444">/87/53</File>
    <Query type="disk">/tmp/test-disk-big/87/53</Query>
  </Pair>
  <Pair reval="1d">
    <File perm="0444">/87/54</File>
    <Query type="disk">/tmp/test-disk-big/87/54</Query>
  </Pair>
  <Pair reval="1d">
    <File perm="0444">/87/55</File>
    <Query type="disk">/tmp/test-disk-big/87/55</Query>
  </Pair>
  <Pair reval="1d">
    <File perm="0444">/87/56</File>
    <Query type="disk">/tmp/test-disk-big/87/56</Query>
  </Pair>
  <Pair reval="1d">
    <File perm="0444">/87/57</File>
    <Query type="disk">/tmp/test-disk-big/87/57</Query>
  </Pair>
  <Pair reval="1d">
    <File perm="0444">/87/58</File>
    <Query type="disk">/tmp/test-disk-big/87/58</Query>
  </Pair>
  <Pair reval="1d">
    <File perm="0444">/87/59</File>
    <Query type="disk">/tmp/test-disk-big/87/59</Query>
  </Pair>
  <Pair reval="1d">
    <File perm="0444">/87/6</File>
    <Query type="disk">/tmp/test-disk-big/87/6</Query>
  </Pair>
  <Pair reval="1d">
    <File perm="0444">/87/60</File>
    <Query type="disk">/tmp/test-disk-big/87/60</Query>
  </Pair>
  <Pair reval="1d">
    <File perm="0444">/87/61</File>
    <Query type="disk">/tmp/test-disk-big/87/61</Query>
  </Pair>
  <Pair reval="1d">
    <File perm="0444">/87/62</File>
    <Query type="disk">/tmp/test-disk-big/87/62</Query>
  </Pair>
  <Pair reval="1d">
    <File perm="0444">/87/63</File>
    <Query type="disk">/tmp/test-disk-big/87/63</Query>
  </Pair>
  <Pair reval="1d">
    <File perm="0444">/87/64</File>
    <Query type="disk">/tmp/test-disk-big/87/64</Query>
  </Pair>
  <Pair reval="1d">
    <File perm="0444">/87/65</File>
    <Query type="disk">/tmp/test-disk-big/87/65</Query>
  </Pair>
  <Pair reval="1d">
    <File perm="0444">/87/66</File>
    <Query type="disk">/tmp/test-disk-big/87/66</Query>
  </Pair>
  <Pair reval="1d">
    <File perm="0444">/87/67</File>
    <Query type="disk">/tmp/test-disk-big/87/67</Query>
  </Pair>
  <Pair reval="1d">
    <File perm="0444">/87/68</File>
    <Query type="disk">/tmp/test-disk-big/87/68</Query>
  </Pair>
  <Pair reval="1d">
    <File perm="0444">/87/69</File>
    <Query type="disk">/tmp/test-disk-big/87/69</Query>
  </Pair>
  <Pair reval="1d">
    <File perm="0444">/87/7</File>
    <Query type="disk">/tmp/test-disk-big/87/7</Query>
  </Pair>
  <Pair reval="1d">
    <File perm="0444">/87/70</File>
    <Query type="disk">/tmp/test-disk-big/87/70</Query>
  </Pair>
  <Pair reval="1d">
    <File perm="0444">/87/71</File>
    <Query type="disk">/tmp/test-disk-big/87/71</Query>
  </Pair>
  <Pair reval="1d">
    <File perm="0444">/87/72</File>
    <Query type="disk">/tmp/test-disk-big/87/72</Query>
  </Pair>
  <Pair reval="1d">
    <File perm="0444">/87/73</File>
    <Query type="disk">/tmp/test-disk-big/87/73</Query>
  </Pair>
  <Pair reval="1d">
    <File perm="0444">/87/74</File>
    <Query type="disk">/tmp/test-disk-big/87/74</Query>
  </Pair>
  <Pair reval="1d">
    <File perm="0444">/87/75</File>
    <Query type="disk">/tmp/test-disk-big/87/75</Query>
  </Pair>
  <Pair reval="1d">
    <File perm="0444">/87/76</File>
    <Query type="disk">/tmp/test-disk-big/87/76</Query>
  </Pair>
  <Pair reval="1d">
    <File perm="0444">/87/77</File>
    <Query type="disk">/tmp/test-disk-big/87/77</Query>
  </Pair>
  <Pair reval="1d">
    <File perm="0444">/87/78</File>
    <Query type="disk">/tmp/test-disk-big/87/78</Query>
  </Pair>
  <Pair reval="1d">
    <File perm="0444">/87/79</File>
    <Query type="disk">/tmp/test-disk-big/87/79</Query>
  </Pair>
  <Pair reval="1d">
    <File perm="0444">/87/8</File>
    <Query type="disk">/tmp/test-disk-big/87/8</Query>
  </Pair>
  <Pair reval="1d">
    <File perm="0444">/87/80</File>
    <Query type="disk">/tmp/test-disk-big/87/80</Query>
  </Pair>
  <Pair reval="1d">
    <File perm="0444">/87/81</File>
    <Query type="disk">/tmp/test-disk-big/87/81</Query>
  </Pair>
  <Pair reval="1d">
    <File perm="0444">/87/82</File>
    <Query type="disk">/tmp/test-disk-big/87/82</Query>
  </Pair>
  <Pair reval="1d">
    <File perm="0444">/87/83</File>
    <Query type="disk">/tmp/test-disk-big/87/83</Query>
  </Pair>
  <Pair reval="1d">
    <File perm="0444">/87/84</File>
    <Query type="disk">/tmp/test-disk-big/87/84</Query>
  </Pair>
  <Pair reval="1d">
    <File perm="0444">/87/85</File>
    <Query type="disk">/tmp/test-disk-big/87/85</Query>
  </Pair>
  <Pair reval="1d">
    <File perm="0444">/87/86</File>
    <Query type="disk">/tmp/test-disk-big/87/86</Query>
  </Pair>
  <Pair reval="1d">
    <File perm="0444">/87/87</File>
    <Query type="disk">/tmp/test-disk-big/87/87</Query>
  </Pair>
  <Pair reval="1d">
    <File perm="0444">/87/88</File>
    <Query type="disk">/tmp/test-disk-big/87/88</Query>
  </Pair>
  <Pair reval="1d">
    <File perm="0444">/87/89</File>
    <Query type="disk">/tmp/test-disk-big/87/89</Query>
  </Pair>
  <Pair reval="1d">
    <File perm="0444">/87/9</File>
    <Query type="disk">/tmp/test-disk-big/87/9</Query>
  </Pair>
  <Pair reval="1d">
    <File perm="0444">/87/90</File>
    <Query type="disk">/tmp/test-disk-big/87/90</Query>
  </Pair>
  <Pair reval="1d">
    <File perm="0444">/87/91</File>
    <Query type="disk">/tmp/test-disk-big/87/91</Query>
  </Pair>
  <Pair reval="1d">
    <File perm="0444">/87/92</File>
    <Query type="disk">/tmp/test-disk-big/87/92</Query>
  </Pair>
  <Pair reval="1d">
    <File perm="0444">/87/93</File>
    <Query type="disk">/tmp/test-disk-big/87/93</Query>
  </Pair>
  <Pair reval="1d">
    <File perm="0444">/87/94</File>
    <Query type="disk">/tmp/test-disk-big/87/94</Query>
  </Pair>
  <Pair reval="1d">
    <File perm="0444">/87/95</File>
    <Query type="disk">/tmp/test-disk-big/87/95</Query>
  </Pair>
  <Pair reval="1d">
    <File perm="0444">/87/96</File>
    <Query type="disk">/tmp/test-disk-big/87/96</Query>
  </Pair>
  <Pair reval="1d">
    <File perm="0444">/87/97</File>
    <Query type="disk">/tmp/test-disk-big/87/97</Query>
  </Pair>
  <Pair reval="1d">
    <File perm="0444">/87/98</File>
    <Query type="disk">/tmp/test-disk-big/87/98</Query>
  </Pair>
  <Pair reval="1d">
    <File perm="0444">/87/99</File>
    <Query type="disk">/tmp/test-disk-big/87/99</Query>
  </Pair>
  <Pair reval="1d">
    <Dir perm="0555">/88</Dir>
    <Query type="disk"></Query>
  </Pair>
  <Pair reval="1d">
    <File perm="0444">/88/1</File>
    <Query type="disk">/tmp/test-disk-big/88/1</Query>
  </Pair>
  <Pair reval="1d">
    <File perm="0444">/88/10</File>
    <Query type="disk">/tmp/test-disk-big/88/10</Query>
  </Pair>
  <Pair reval="1d">
    <File perm="0444">/88/100</File>
    <Query type="disk">/tmp/test-disk-big/88/100</Query>
  </Pair>
  <Pair reval="1d">
    <File perm="0444">/88/11</File>
    <Query type="disk">/tmp/test-disk-big/88/11</Query>
  </Pair>
  <Pair reval="1d">
    <File perm="0444">/88/12</File>
    <Query type="disk">/tmp/test-disk-big/88/12</Query>
  </Pair>
  <Pair reval="1d">
    <File perm="0444">/88/13</File>
    <Query type="disk">/tmp/test-disk-big/88/13</Query>
  </Pair>
  <Pair reval="1d">
    <File perm="0444">/88/14</File>
    <Query type="disk">/tmp/test-disk-big/88/14</Query>
  </Pair>
  <Pair reval="1d">
    <File perm="0444">/88/15</File>
    <Query type="disk">/tmp/test-disk-big/88/15</Query>
  </Pair>
  <Pair reval="1d">
    <File perm="0444">/88/16</File>
    <Query type="disk">/tmp/test-disk-big/88/16</Query>
  </Pair>
  <Pair reval="1d">
    <File perm="0444">/88/17</File>
    <Query type="disk">/tmp/test-disk-big/88/17</Query>
  </Pair>
  <Pair reval="1d">
    <File perm="0444">/88/18</File>
    <Query type="disk">/tmp/test-disk-big/88/18</Query>
  </Pair>
  <Pair reval="1d">
    <File perm="0444">/88/19</File>
    <Query type="disk">/tmp/test-disk-big/88/19</Query>
  </Pair>
  <Pair reval="1d">
    <File perm="0444">/88/2</File>
    <Query type="disk">/tmp/test-disk-big/88/2</Query>
  </Pair>
  <Pair reval="1d">
    <File perm="0444">/88/20</File>
    <Query type="disk">/tmp/test-disk-big/88/20</Query>
  </Pair>
  <Pair reval="1d">
    <File perm="0444">/88/21</File>
    <Query type="disk">/tmp/test-disk-big/88/21</Query>
  </Pair>
  <Pair reval="1d">
    <File perm="0444">/88/22</File>
    <Query type="disk">/tmp/test-disk-big/88/22</Query>
  </Pair>
  <Pair reval="1d">
    <File perm="0444">/88/23</File>
    <Query type="disk">/tmp/test-disk-big/88/23</Query>
  </Pair>
  <Pair reval="1d">
    <File perm="0444">/88/24</File>
    <Query type="disk">/tmp/test-disk-big/88/24</Query>
  </Pair>
  <Pair reval="1d">
    <File perm="0444">/88/25</File>
    <Query type="disk">/tmp/test-disk-big/88/25</Query>
  </Pair>
  <Pair reval="1d">
    <File perm="0444">/88/26</File>
    <Query type="disk">/tmp/test-disk-big/88/26</Query>
  </Pair>
  <Pair reval="1d">
    <File perm="0444">/88/27</File>
    <Query type="disk">/tmp/test-disk-big/88/27</Query>
  </Pair>
  <Pair reval="1d">
    <File perm="0444">/88/28</File>
    <Query type="disk">/tmp/test-disk-big/88/28</Query>
  </Pair>
  <Pair reval="1d">
    <File perm="0444">/88/29</File>
    <Query type="disk">/tmp/test-disk-big/88/29</Query>
  </Pair>
  <Pair reval="1d">
    <File perm="0444">/88/3</File>
    <Query type="disk">/tmp/test-disk-big/88/3</Query>
  </Pair>
  <Pair reval="1d">
    <File perm="0444">/88/30</File>
    <Query type="disk">/tmp/test-disk-big/88/30</Query>
  </Pair>
  <Pair reval="1d">
    <File perm="0444">/88/31</File>
    <Query type="disk">/tmp/test-disk-big/88/31</Query>
  </Pair>
  <Pair reval="1d">
    <File perm="0444">/88/32</File>
    <Query type="disk">/tmp/test-disk-big/88/32</Query>
  </Pair>
  <Pair reval="1d">
    <File perm="0444">/88/33</File>
    <Query type="disk">/tmp/test-disk-big/88/33</Query>
  </Pair>
  <Pair reval="1d">
    <File perm="0444">/88/34</File>
    <Query type="disk">/tmp/test-disk-big/88/34</Query>
  </Pair>
  <Pair reval="1d">
    <File perm="0444">/88/35</File>
    <Query type="disk">/tmp/test-disk-big/88/35</Query>
  </Pair>
  <Pair reval="1d">
    <File perm="0444">/88/36</File>
    <Query type="disk">/tmp/test-disk-big/88/36</Query>
  </Pair>
  <Pair reval="1d">
    <File perm="0444">/88/37</File>
    <Query type="disk">/tmp/test-disk-big/88/37</Query>
  </Pair>
  <Pair reval="1d">
    <File perm="0444">/88/38</File>
    <Query type="disk">/tmp/test-disk-big/88/38</Query>
  </Pair>
  <Pair reval="1d">
    <File perm="0444">/88/39</File>
    <Query type="disk">/tmp/test-disk-big/88/39</Query>
  </Pair>
  <Pair reval="1d">
    <File perm="0444">/88/4</File>
    <Query type="disk">/tmp/test-disk-big/88/4</Query>
  </Pair>
  <Pair reval="1d">
    <File perm="0444">/88/40</File>
    <Query type="disk">/tmp/test-disk-big/88/40</Query>
  </Pair>
  <Pair reval="1d">
    <File perm="0444">/88/41</File>
    <Query type="disk">/tmp/test-disk-big/88/41</Query>
  </Pair>
  <Pair reval="1d">
    <File perm="0444">/88/42</File>
    <Query type="disk">/tmp/test-disk-big/88/42</Query>
  </Pair>
  <Pair reval="1d">
    <File perm="0444">/88/43</File>
    <Query type="disk">/tmp/test-disk-big/88/43</Query>
  </Pair>
  <Pair reval="1d">
    <File perm="0444">/88/44</File>
    <Query type="disk">/tmp/test-disk-big/88/44</Query>
  </Pair>
  <Pair reval="1d">
    <File perm="0444">/88/45</File>
    <Query type="disk">/tmp/test-disk-big/88/45</Query>
  </Pair>
  <Pair reval="1d">
    <File perm="0444">/88/46</File>
    <Query type="disk">/tmp/test-disk-big/88/46</Query>
  </Pair>
  <Pair reval="1d">
    <File perm="0444">/88/47</File>
    <Query type="disk">/tmp/test-disk-big/88/47</Query>
  </Pair>
  <Pair reval="1d">
    <File perm="0444">/88/48</File>
    <Query type="disk">/tmp/test-disk-big/88/48</Query>
  </Pair>
  <Pair reval="1d">
    <File perm="0444">/88/49</File>
    <Query type="disk">/tmp/test-disk-big/88/49</Query>
  </Pair>
  <Pair reval="1d">
    <File perm="0444">/88/5</File>
    <Query type="disk">/tmp/test-disk-big/88/5</Query>
  </Pair>
  <Pair reval="1d">
    <File perm="0444">/88/50</File>
    <Query type="disk">/tmp/test-disk-big/88/50</Query>
  </Pair>
  <Pair reval="1d">
    <File perm="0444">/88/51</File>
    <Query type="disk">/tmp/test-disk-big/88/51</Query>
  </Pair>
  <Pair reval="1d">
    <File perm="0444">/88/52</File>
    <Query type="disk">/tmp/test-disk-big/88/52</Query>
  </Pair>
  <Pair reval="1d">
    <File perm="0444">/88/53</File>
    <Query type="disk">/tmp/test-disk-big/88/53</Query>
  </Pair>
  <Pair reval="1d">
    <File perm="0444">/88/54</File>
    <Query type="disk">/tmp/test-disk-big/88/54</Query>
  </Pair>
  <Pair reval="1d">
    <File perm="0444">/88/55</File>
    <Query type="disk">/tmp/test-disk-big/88/55</Query>
  </Pair>
  <Pair reval="1d">
    <File perm="0444">/88/56</File>
    <Query type="disk">/tmp/test-disk-big/88/56</Query>
  </Pair>
  <Pair reval="1d">
    <File perm="0444">/88/57</File>
    <Query type="disk">/tmp/test-disk-big/88/57</Query>
  </Pair>
  <Pair reval="1d">
    <File perm="0444">/88/58</File>
    <Query type="disk">/tmp/test-disk-big/88/58</Query>
  </Pair>
  <Pair reval="1d">
    <File perm="0444">/88/59</File>
    <Query type="disk">/tmp/test-disk-big/88/59</Query>
  </Pair>
  <Pair reval="1d">
    <File perm="0444">/88/6</File>
    <Query type="disk">/tmp/test-disk-big/88/6</Query>
  </Pair>
  <Pair reval="1d">
    <File perm="0444">/88/60</File>
    <Query type="disk">/tmp/test-disk-big/88/60</Query>
  </Pair>
  <Pair reval="1d">
    <File perm="0444">/88/61</File>
    <Query type="disk">/tmp/test-disk-big/88/61</Query>
  </Pair>
  <Pair reval="1d">
    <File perm="0444">/88/62</File>
    <Query type="disk">/tmp/test-disk-big/88/62</Query>
  </Pair>
  <Pair reval="1d">
    <File perm="0444">/88/63</File>
    <Query type="disk">/tmp/test-disk-big/88/63</Query>
  </Pair>
  <Pair reval="1d">
    <File perm="0444">/88/64</File>
    <Query type="disk">/tmp/test-disk-big/88/64</Query>
  </Pair>
  <Pair reval="1d">
    <File perm="0444">/88/65</File>
    <Query type="disk">/tmp/test-disk-big/88/65</Query>
  </Pair>
  <Pair reval="1d">
    <File perm="0444">/88/66</File>
    <Query type="disk">/tmp/test-disk-big/88/66</Query>
  </Pair>
  <Pair reval="1d">
    <File perm="0444">/88/67</File>
    <Query type="disk">/tmp/test-disk-big/88/67</Query>
  </Pair>
  <Pair reval="1d">
    <File perm="0444">/88/68</File>
    <Query type="disk">/tmp/test-disk-big/88/68</Query>
  </Pair>
  <Pair reval="1d">
    <File perm="0444">/88/69</File>
    <Query type="disk">/tmp/test-disk-big/88/69</Query>
  </Pair>
  <Pair reval="1d">
    <File perm="0444">/88/7</File>
    <Query type="disk">/tmp/test-disk-big/88/7</Query>
  </Pair>
  <Pair reval="1d">
    <File perm="0444">/88/70</File>
    <Query type="disk">/tmp/test-disk-big/88/70</Query>
  </Pair>
  <Pair reval="1d">
    <File perm="0444">/88/71</File>
    <Query type="disk">/tmp/test-disk-big/88/71</Query>
  </Pair>
  <Pair reval="1d">
    <File perm="0444">/88/72</File>
    <Query type="disk">/tmp/test-disk-big/88/72</Query>
  </Pair>
  <Pair reval="1d">
    <File perm="0444">/88/73</File>
    <Query type="disk">/tmp/test-disk-big/88/73</Query>
  </Pair>
  <Pair reval="1d">
    <File perm="0444">/88/74</File>
    <Query type="disk">/tmp/test-disk-big/88/74</Query>
  </Pair>
  <Pair reval="1d">
    <File perm="0444">/88/75</File>
    <Query type="disk">/tmp/test-disk-big/88/75</Query>
  </Pair>
  <Pair reval="1d">
    <File perm="0444">/88/76</File>
    <Query type="disk">/tmp/test-disk-big/88/76</Query>
  </Pair>
  <Pair reval="1d">
    <File perm="0444">/88/77</File>
    <Query type="disk">/tmp/test-disk-big/88/77</Query>
  </Pair>
  <Pair reval="1d">
    <File perm="0444">/88/78</File>
    <Query type="disk">/tmp/test-disk-big/88/78</Query>
  </Pair>
  <Pair reval="1d">
    <File perm="0444">/88/79</File>
    <Query type="disk">/tmp/test-disk-big/88/79</Query>
  </Pair>
  <Pair reval="1d">
    <File perm="0444">/88/8</File>
    <Query type="disk">/tmp/test-disk-big/88/8</Query>
  </Pair>
  <Pair reval="1d">
    <File perm="0444">/88/80</File>
    <Query type="disk">/tmp/test-disk-big/88/80</Query>
  </Pair>
  <Pair reval="1d">
    <File perm="0444">/88/81</File>
    <Query type="disk">/tmp/test-disk-big/88/81</Query>
  </Pair>
  <Pair reval="1d">
    <File perm="0444">/88/82</File>
    <Query type="disk">/tmp/test-disk-big/88/82</Query>
  </Pair>
  <Pair reval="1d">
    <File perm="0444">/88/83</File>
    <Query type="disk">/tmp/test-disk-big/88/83</Query>
  </Pair>
  <Pair reval="1d">
    <File perm="0444">/88/84</File>
    <Query type="disk">/tmp/test-disk-big/88/84</Query>
  </Pair>
  <Pair reval="1d">
    <File perm="0444">/88/85</File>
    <Query type="disk">/tmp/test-disk-big/88/85</Query>
  </Pair>
  <Pair reval="1d">
    <File perm="0444">/88/86</File>
    <Query type="disk">/tmp/test-disk-big/88/86</Query>
  </Pair>
  <Pair reval="1d">
    <File perm="0444">/88/87</File>
    <Query type="disk">/tmp/test-disk-big/88/87</Query>
  </Pair>
  <Pair reval="1d">
    <File perm="0444">/88/88</File>
    <Query type="disk">/tmp/test-disk-big/88/88</Query>
  </Pair>
  <Pair reval="1d">
    <File perm="0444">/88/89</File>
    <Query type="disk">/tmp/test-disk-big/88/89</Query>
  </Pair>
  <Pair reval="1d">
    <File perm="0444">/88/9</File>
    <Query type="disk">/tmp/test-disk-big/88/9</Query>
  </Pair>
  <Pair reval="1d">
    <File perm="0444">/88/90</File>
    <Query type="disk">/tmp/test-disk-big/88/90</Query>
  </Pair>
  <Pair reval="1d">
    <File perm="0444">/88/91</File>
    <Query type="disk">/tmp/test-disk-big/88/91</Query>
  </Pair>
  <Pair reval="1d">
    <File perm="0444">/88/92</File>
    <Query type="disk">/tmp/test-disk-big/88/92</Query>
  </Pair>
  <Pair reval="1d">
    <File perm="0444">/88/93</File>
    <Query type="disk">/tmp/test-disk-big/88/93</Query>
  </Pair>
  <Pair reval="1d">
    <File perm="0444">/88/94</File>
    <Query type="disk">/tmp/test-disk-big/88/94</Query>
  </Pair>
  <Pair reval="1d">
    <File perm="0444">/88/95</File>
    <Query type="disk">/tmp/test-disk-big/88/95</Query>
  </Pair>
  <Pair reval="1d">
    <File perm="0444">/88/96</File>
    <Query type="disk">/tmp/test-disk-big/88/96</Query>
  </Pair>
  <Pair reval="1d">
    <File perm="0444">/88/97</File>
    <Query type="disk">/tmp/test-disk-big/88/97</Query>
  </Pair>
  <Pair reval="1d">
    <File perm="0444">/88/98</File>
    <Query type="disk">/tmp/test-disk-big/88/98</Query>
  </Pair>
  <Pair reval="1d">
    <File perm="0444">/88/99</File>
    <Query type="disk">/tmp/test-disk-big/88/99</Query>
  </Pair>
  <Pair reval="1d">
    <Dir perm="0555">/89</Dir>
    <Query type="disk"></Query>
  </Pair>
  <Pair reval="1d">
    <File perm="0444">/89/1</File>
    <Query type="disk">/tmp/test-disk-big/89/1</Query>
  </Pair>
  <Pair reval="1d">
    <File perm="0444">/89/10</File>
    <Query type="disk">/tmp/test-disk-big/89/10</Query>
  </Pair>
  <Pair reval="1d">
    <File perm="0444">/89/100</File>
    <Query type="disk">/tmp/test-disk-big/89/100</Query>
  </Pair>
  <Pair reval="1d">
    <File perm="0444">/89/11</File>
    <Query type="disk">/tmp/test-disk-big/89/11</Query>
  </Pair>
  <Pair reval="1d">
    <File perm="0444">/89/12</File>
    <Query type="disk">/tmp/test-disk-big/89/12</Query>
  </Pair>
  <Pair reval="1d">
    <File perm="0444">/89/13</File>
    <Query type="disk">/tmp/test-disk-big/89/13</Query>
  </Pair>
  <Pair reval="1d">
    <File perm="0444">/89/14</File>
    <Query type="disk">/tmp/test-disk-big/89/14</Query>
  </Pair>
  <Pair reval="1d">
    <File perm="0444">/89/15</File>
    <Query type="disk">/tmp/test-disk-big/89/15</Query>
  </Pair>
  <Pair reval="1d">
    <File perm="0444">/89/16</File>
    <Query type="disk">/tmp/test-disk-big/89/16</Query>
  </Pair>
  <Pair reval="1d">
    <File perm="0444">/89/17</File>
    <Query type="disk">/tmp/test-disk-big/89/17</Query>
  </Pair>
  <Pair reval="1d">
    <File perm="0444">/89/18</File>
    <Query type="disk">/tmp/test-disk-big/89/18</Query>
  </Pair>
  <Pair reval="1d">
    <File perm="0444">/89/19</File>
    <Query type="disk">/tmp/test-disk-big/89/19</Query>
  </Pair>
  <Pair reval="1d">
    <File perm="0444">/89/2</File>
    <Query type="disk">/tmp/test-disk-big/89/2</Query>
  </Pair>
  <Pair reval="1d">
    <File perm="0444">/89/20</File>
    <Query type="disk">/tmp/test-disk-big/89/20</Query>
  </Pair>
  <Pair reval="1d">
    <File perm="0444">/89/21</File>
    <Query type="disk">/tmp/test-disk-big/89/21</Query>
  </Pair>
  <Pair reval="1d">
    <File perm="0444">/89/22</File>
    <Query type="disk">/tmp/test-disk-big/89/22</Query>
  </Pair>
  <Pair reval="1d">
    <File perm="0444">/89/23</File>
    <Query type="disk">/tmp/test-disk-big/89/23</Query>
  </Pair>
  <Pair reval="1d">
    <File perm="0444">/89/24</File>
    <Query type="disk">/tmp/test-disk-big/89/24</Query>
  </Pair>
  <Pair reval="1d">
    <File perm="0444">/89/25</File>
    <Query type="disk">/tmp/test-disk-big/89/25</Query>
  </Pair>
  <Pair reval="1d">
    <File perm="0444">/89/26</File>
    <Query type="disk">/tmp/test-disk-big/89/26</Query>
  </Pair>
  <Pair reval="1d">
    <File perm="0444">/89/27</File>
    <Query type="disk">/tmp/test-disk-big/89/27</Query>
  </Pair>
  <Pair reval="1d">
    <File perm="0444">/89/28</File>
    <Query type="disk">/tmp/test-disk-big/89/28</Query>
  </Pair>
  <Pair reval="1d">
    <File perm="0444">/89/29</File>
    <Query type="disk">/tmp/test-disk-big/89/29</Query>
  </Pair>
  <Pair reval="1d">
    <File perm="0444">/89/3</File>
    <Query type="disk">/tmp/test-disk-big/89/3</Query>
  </Pair>
  <Pair reval="1d">
    <File perm="0444">/89/30</File>
    <Query type="disk">/tmp/test-disk-big/89/30</Query>
  </Pair>
  <Pair reval="1d">
    <File perm="0444">/89/31</File>
    <Query type="disk">/tmp/test-disk-big/89/31</Query>
  </Pair>
  <Pair reval="1d">
    <File perm="0444">/89/32</File>
    <Query type="disk">/tmp/test-disk-big/89/32</Query>
  </Pair>
  <Pair reval="1d">
    <File perm="0444">/89/33</File>
    <Query type="disk">/tmp/test-disk-big/89/33</Query>
  </Pair>
  <Pair reval="1d">
    <File perm="0444">/89/34</File>
    <Query type="disk">/tmp/test-disk-big/89/34</Query>
  </Pair>
  <Pair reval="1d">
    <File perm="0444">/89/35</File>
    <Query type="disk">/tmp/test-disk-big/89/35</Query>
  </Pair>
  <Pair reval="1d">
    <File perm="0444">/89/36</File>
    <Query type="disk">/tmp/test-disk-big/89/36</Query>
  </Pair>
  <Pair reval="1d">
    <File perm="0444">/89/37</File>
    <Query type="disk">/tmp/test-disk-big/89/37</Query>
  </Pair>
  <Pair reval="1d">
    <File perm="0444">/89/38</File>
    <Query type="disk">/tmp/test-disk-big/89/38</Query>
  </Pair>
  <Pair reval="1d">
    <File perm="0444">/89/39</File>
    <Query type="disk">/tmp/test-disk-big/89/39</Query>
  </Pair>
  <Pair reval="1d">
    <File perm="0444">/89/4</File>
    <Query type="disk">/tmp/test-disk-big/89/4</Query>
  </Pair>
  <Pair reval="1d">
    <File perm="0444">/89/40</File>
    <Query type="disk">/tmp/test-disk-big/89/40</Query>
  </Pair>
  <Pair reval="1d">
    <File perm="0444">/89/41</File>
    <Query type="disk">/tmp/test-disk-big/89/41</Query>
  </Pair>
  <Pair reval="1d">
    <File perm="0444">/89/42</File>
    <Query type="disk">/tmp/test-disk-big/89/42</Query>
  </Pair>
  <Pair reval="1d">
    <File perm="0444">/89/43</File>
    <Query type="disk">/tmp/test-disk-big/89/43</Query>
  </Pair>
  <Pair reval="1d">
    <File perm="0444">/89/44</File>
    <Query type="disk">/tmp/test-disk-big/89/44</Query>
  </Pair>
  <Pair reval="1d">
    <File perm="0444">/89/45</File>
    <Query type="disk">/tmp/test-disk-big/89/45</Query>
  </Pair>
  <Pair reval="1d">
    <File perm="0444">/89/46</File>
    <Query type="disk">/tmp/test-disk-big/89/46</Query>
  </Pair>
  <Pair reval="1d">
    <File perm="0444">/89/47</File>
    <Query type="disk">/tmp/test-disk-big/89/47</Query>
  </Pair>
  <Pair reval="1d">
    <File perm="0444">/89/48</File>
    <Query type="disk">/tmp/test-disk-big/89/48</Query>
  </Pair>
  <Pair reval="1d">
    <File perm="0444">/89/49</File>
    <Query type="disk">/tmp/test-disk-big/89/49</Query>
  </Pair>
  <Pair reval="1d">
    <File perm="0444">/89/5</File>
    <Query type="disk">/tmp/test-disk-big/89/5</Query>
  </Pair>
  <Pair reval="1d">
    <File perm="0444">/89/50</File>
    <Query type="disk">/tmp/test-disk-big/89/50</Query>
  </Pair>
  <Pair reval="1d">
    <File perm="0444">/89/51</File>
    <Query type="disk">/tmp/test-disk-big/89/51</Query>
  </Pair>
  <Pair reval="1d">
    <File perm="0444">/89/52</File>
    <Query type="disk">/tmp/test-disk-big/89/52</Query>
  </Pair>
  <Pair reval="1d">
    <File perm="0444">/89/53</File>
    <Query type="disk">/tmp/test-disk-big/89/53</Query>
  </Pair>
  <Pair reval="1d">
    <File perm="0444">/89/54</File>
    <Query type="disk">/tmp/test-disk-big/89/54</Query>
  </Pair>
  <Pair reval="1d">
    <File perm="0444">/89/55</File>
    <Query type="disk">/tmp/test-disk-big/89/55</Query>
  </Pair>
  <Pair reval="1d">
    <File perm="0444">/89/56</File>
    <Query type="disk">/tmp/test-disk-big/89/56</Query>
  </Pair>
  <Pair reval="1d">
    <File perm="0444">/89/57</File>
    <Query type="disk">/tmp/test-disk-big/89/57</Query>
  </Pair>
  <Pair reval="1d">
    <File perm="0444">/89/58</File>
    <Query type="disk">/tmp/test-disk-big/89/58</Query>
  </Pair>
  <Pair reval="1d">
    <File perm="0444">/89/59</File>
    <Query type="disk">/tmp/test-disk-big/89/59</Query>
  </Pair>
  <Pair reval="1d">
    <File perm="0444">/89/6</File>
    <Query type="disk">/tmp/test-disk-big/89/6</Query>
  </Pair>
  <Pair reval="1d">
    <File perm="0444">/89/60</File>
    <Query type="disk">/tmp/test-disk-big/89/60</Query>
  </Pair>
  <Pair reval="1d">
    <File perm="0444">/89/61</File>
    <Query type="disk">/tmp/test-disk-big/89/61</Query>
  </Pair>
  <Pair reval="1d">
    <File perm="0444">/89/62</File>
    <Query type="disk">/tmp/test-disk-big/89/62</Query>
  </Pair>
  <Pair reval="1d">
    <File perm="0444">/89/63</File>
    <Query type="disk">/tmp/test-disk-big/89/63</Query>
  </Pair>
  <Pair reval="1d">
    <File perm="0444">/89/64</File>
    <Query type="disk">/tmp/test-disk-big/89/64</Query>
  </Pair>
  <Pair reval="1d">
    <File perm="0444">/89/65</File>
    <Query type="disk">/tmp/test-disk-big/89/65</Query>
  </Pair>
  <Pair reval="1d">
    <File perm="0444">/89/66</File>
    <Query type="disk">/tmp/test-disk-big/89/66</Query>
  </Pair>
  <Pair reval="1d">
    <File perm="0444">/89/67</File>
    <Query type="disk">/tmp/test-disk-big/89/67</Query>
  </Pair>
  <Pair reval="1d">
    <File perm="0444">/89/68</File>
    <Query type="disk">/tmp/test-disk-big/89/68</Query>
  </Pair>
  <Pair reval="1d">
    <File perm="0444">/89/69</File>
    <Query type="disk">/tmp/test-disk-big/89/69</Query>
  </Pair>
  <Pair reval="1d">
    <File perm="0444">/89/7</File>
    <Query type="disk">/tmp/test-disk-big/89/7</Query>
  </Pair>
  <Pair reval="1d">
    <File perm="0444">/89/70</File>
    <Query type="disk">/tmp/test-disk-big/89/70</Query>
  </Pair>
  <Pair reval="1d">
    <File perm="0444">/89/71</File>
    <Query type="disk">/tmp/test-disk-big/89/71</Query>
  </Pair>
  <Pair reval="1d">
    <File perm="0444">/89/72</File>
    <Query type="disk">/tmp/test-disk-big/89/72</Query>
  </Pair>
  <Pair reval="1d">
    <File perm="0444">/89/73</File>
    <Query type="disk">/tmp/test-disk-big/89/73</Query>
  </Pair>
  <Pair reval="1d">
    <File perm="0444">/89/74</File>
    <Query type="disk">/tmp/test-disk-big/89/74</Query>
  </Pair>
  <Pair reval="1d">
    <File perm="0444">/89/75</File>
    <Query type="disk">/tmp/test-disk-big/89/75</Query>
  </Pair>
  <Pair reval="1d">
    <File perm="0444">/89/76</File>
    <Query type="disk">/tmp/test-disk-big/89/76</Query>
  </Pair>
  <Pair reval="1d">
    <File perm="0444">/89/77</File>
    <Query type="disk">/tmp/test-disk-big/89/77</Query>
  </Pair>
  <Pair reval="1d">
    <File perm="0444">/89/78</File>
    <Query type="disk">/tmp/test-disk-big/89/78</Query>
  </Pair>
  <Pair reval="1d">
    <File perm="0444">/89/79</File>
    <Query type="disk">/tmp/test-disk-big/89/79</Query>
  </Pair>
  <Pair reval="1d">
    <File perm="0444">/89/8</File>
    <Query type="disk">/tmp/test-disk-big/89/8</Query>
  </Pair>
  <Pair reval="1d">
    <File perm="0444">/89/80</File>
    <Query type="disk">/tmp/test-disk-big/89/80</Query>
  </Pair>
  <Pair reval="1d">
    <File perm="0444">/89/81</File>
    <Query type="disk">/tmp/test-disk-big/89/81</Query>
  </Pair>
  <Pair reval="1d">
    <File perm="0444">/89/82</File>
    <Query type="disk">/tmp/test-disk-big/89/82</Query>
  </Pair>
  <Pair reval="1d">
    <File perm="0444">/89/83</File>
    <Query type="disk">/tmp/test-disk-big/89/83</Query>
  </Pair>
  <Pair reval="1d">
    <File perm="0444">/89/84</File>
    <Query type="disk">/tmp/test-disk-big/89/84</Query>
  </Pair>
  <Pair reval="1d">
    <File perm="0444">/89/85</File>
    <Query type="disk">/tmp/test-disk-big/89/85</Query>
  </Pair>
  <Pair reval="1d">
    <File perm="0444">/89/86</File>
    <Query type="disk">/tmp/test-disk-big/89/86</Query>
  </Pair>
  <Pair reval="1d">
    <File perm="0444">/89/87</File>
    <Query type="disk">/tmp/test-disk-big/89/87</Query>
  </Pair>
  <Pair reval="1d">
    <File perm="0444">/89/88</File>
    <Query type="disk">/tmp/test-disk-big/89/88</Query>
  </Pair>
  <Pair reval="1d">
    <File perm="0444">/89/89</File>
    <Query type="disk">/tmp/test-disk-big/89/89</Query>
  </Pair>
  <Pair reval="1d">
    <File perm="0444">/89/9</File>
    <Query type="disk">/tmp/test-disk-big/89/9</Query>
  </Pair>
  <Pair reval="1d">
    <File perm="0444">/89/90</File>
    <Query type="disk">/tmp/test-disk-big/89/90</Query>
  </Pair>
  <Pair reval="1d">
    <File perm="0444">/89/91</File>
    <Query type="disk">/tmp/test-disk-big/89/91</Query>
  </Pair>
  <Pair reval="1d">
    <File perm="0444">/89/92</File>
    <Query type="disk">/tmp/test-disk-big/89/92</Query>
  </Pair>
  <Pair reval="1d">
    <File perm="0444">/89/93</File>
    <Query type="disk">/tmp/test-disk-big/89/93</Query>
  </Pair>
  <Pair reval="1d">
    <File perm="0444">/89/94</File>
    <Query type="disk">/tmp/test-disk-big/89/94</Query>
  </Pair>
  <Pair reval="1d">
    <File perm="0444">/89/95</File>
    <Query type="disk">/tmp/test-disk-big/89/95</Query>
  </Pair>
  <Pair reval="1d">
    <File perm="0444">/89/96</File>
    <Query type="disk">/tmp/test-disk-big/89/96</Query>
  </Pair>
  <Pair reval="1d">
    <File perm="0444">/89/97</File>
    <Query type="disk">/tmp/test-disk-big/89/97</Query>
  </Pair>
  <Pair reval="1d">
    <File perm="0444">/89/98</File>
    <Query type="disk">/tmp/test-disk-big/89/98</Query>
  </Pair>
  <Pair reval="1d">
    <File perm="0444">/89/99</File>
    <Query type="disk">/tmp/test-disk-big/89/99</Query>
  </Pair>
  <Pair reval="1d">
    <Dir perm="0555">/9</Dir>
    <Query type="disk"></Query>
  </Pair>
  <Pair reval="1d">
    <File perm="0444">/9/1</File>
    <Query type="disk">/tmp/test-disk-big/9/1</Query>
  </Pair>
  <Pair reval="1d">
    <File perm="0444">/9/10</File>
    <Query type="disk">/tmp/test-disk-big/9/10</Query>
  </Pair>
  <Pair reval="1d">
    <File perm="0444">/9/100</File>
    <Query type="disk">/tmp/test-disk-big/9/100</Query>
  </Pair>
  <Pair reval="1d">
    <File perm="0444">/9/11</File>
    <Query type="disk">/tmp/test-disk-big/9/11</Query>
  </Pair>
  <Pair reval="1d">
    <File perm="0444">/9/12</File>
    <Query type="disk">/tmp/test-disk-big/9/12</Query>
  </Pair>
  <Pair reval="1d">
    <File perm="0444">/9/13</File>
    <Query type="disk">/tmp/test-disk-big/9/13</Query>
  </Pair>
  <Pair reval="1d">
    <File perm="0444">/9/14</File>
    <Query type="disk">/tmp/test-disk-big/9/14</Query>
  </Pair>
  <Pair reval="1d">
    <File perm="0444">/9/15</File>
    <Query type="disk">/tmp/test-disk-big/9/15</Query>
  </Pair>
  <Pair reval="1d">
    <File perm="0444">/9/16</File>
    <Query type="disk">/tmp/test-disk-big/9/16</Query>
  </Pair>
  <Pair reval="1d">
    <File perm="0444">/9/17</File>
    <Query type="disk">/tmp/test-disk-big/9/17</Query>
  </Pair>
  <Pair reval="1d">
    <File perm="0444">/9/18</File>
    <Query type="disk">/tmp/test-disk-big/9/18</Query>
  </Pair>
  <Pair reval="1d">
    <File perm="0444">/9/19</File>
    <Query type="disk">/tmp/test-disk-big/9/19</Query>
  </Pair>
  <Pair reval="1d">
    <File perm="0444">/9/2</File>
    <Query type="disk">/tmp/test-disk-big/9/2</Query>
  </Pair>
  <Pair reval="1d">
    <File perm="0444">/9/20</File>
    <Query type="disk">/tmp/test-disk-big/9/20</Query>
  </Pair>
  <Pair reval="1d">
    <File perm="0444">/9/21</File>
    <Query type="disk">/tmp/test-disk-big/9/21</Query>
  </Pair>
  <Pair reval="1d">
    <File perm="0444">/9/22</File>
    <Query type="disk">/tmp/test-disk-big/9/22</Query>
  </Pair>
  <Pair reval="1d">
    <File perm="0444">/9/23</File>
    <Query type="disk">/tmp/test-disk-big/9/23</Query>
  </Pair>
  <Pair reval="1d">
    <File perm="0444">/9/24</File>
    <Query type="disk">/tmp/test-disk-big/9/24</Query>
  </Pair>
  <Pair reval="1d">
    <File perm="0444">/9/25</File>
    <Query type="disk">/tmp/test-disk-big/9/25</Query>
  </Pair>
  <Pair reval="1d">
    <File perm="0444">/9/26</File>
    <Query type="disk">/tmp/test-disk-big/9/26</Query>
  </Pair>
  <Pair reval="1d">
    <File perm="0444">/9/27</File>
    <Query type="disk">/tmp/test-disk-big/9/27</Query>
  </Pair>
  <Pair reval="1d">
    <File perm="0444">/9/28</File>
    <Query type="disk">/tmp/test-disk-big/9/28</Query>
  </Pair>
  <Pair reval="1d">
    <File perm="0444">/9/29</File>
    <Query type="disk">/tmp/test-disk-big/9/29</Query>
  </Pair>
  <Pair reval="1d">
    <File perm="0444">/9/3</File>
    <Query type="disk">/tmp/test-disk-big/9/3</Query>
  </Pair>
  <Pair reval="1d">
    <File perm="0444">/9/30</File>
    <Query type="disk">/tmp/test-disk-big/9/30</Query>
  </Pair>
  <Pair reval="1d">
    <File perm="0444">/9/31</File>
    <Query type="disk">/tmp/test-disk-big/9/31</Query>
  </Pair>
  <Pair reval="1d">
    <File perm="0444">/9/32</File>
    <Query type="disk">/tmp/test-disk-big/9/32</Query>
  </Pair>
  <Pair reval="1d">
    <File perm="0444">/9/33</File>
    <Query type="disk">/tmp/test-disk-big/9/33</Query>
  </Pair>
  <Pair reval="1d">
    <File perm="0444">/9/34</File>
    <Query type="disk">/tmp/test-disk-big/9/34</Query>
  </Pair>
  <Pair reval="1d">
    <File perm="0444">/9/35</File>
    <Query type="disk">/tmp/test-disk-big/9/35</Query>
  </Pair>
  <Pair reval="1d">
    <File perm="0444">/9/36</File>
    <Query type="disk">/tmp/test-disk-big/9/36</Query>
  </Pair>
  <Pair reval="1d">
    <File perm="0444">/9/37</File>
    <Query type="disk">/tmp/test-disk-big/9/37</Query>
  </Pair>
  <Pair reval="1d">
    <File perm="0444">/9/38</File>
    <Query type="disk">/tmp/test-disk-big/9/38</Query>
  </Pair>
  <Pair reval="1d">
    <File perm="0444">/9/39</File>
    <Query type="disk">/tmp/test-disk-big/9/39</Query>
  </Pair>
  <Pair reval="1d">
    <File perm="0444">/9/4</File>
    <Query type="disk">/tmp/test-disk-big/9/4</Query>
  </Pair>
  <Pair reval="1d">
    <File perm="0444">/9/40</File>
    <Query type="disk">/tmp/test-disk-big/9/40</Query>
  </Pair>
  <Pair reval="1d">
    <File perm="0444">/9/41</File>
    <Query type="disk">/tmp/test-disk-big/9/41</Query>
  </Pair>
  <Pair reval="1d">
    <File perm="0444">/9/42</File>
    <Query type="disk">/tmp/test-disk-big/9/42</Query>
  </Pair>
  <Pair reval="1d">
    <File perm="0444">/9/43</File>
    <Query type="disk">/tmp/test-disk-big/9/43</Query>
  </Pair>
  <Pair reval="1d">
    <File perm="0444">/9/44</File>
    <Query type="disk">/tmp/test-disk-big/9/44</Query>
  </Pair>
  <Pair reval="1d">
    <File perm="0444">/9/45</File>
    <Query type="disk">/tmp/test-disk-big/9/45</Query>
  </Pair>
  <Pair reval="1d">
    <File perm="0444">/9/46</File>
    <Query type="disk">/tmp/test-disk-big/9/46</Query>
  </Pair>
  <Pair reval="1d">
    <File perm="0444">/9/47</File>
    <Query type="disk">/tmp/test-disk-big/9/47</Query>
  </Pair>
  <Pair reval="1d">
    <File perm="0444">/9/48</File>
    <Query type="disk">/tmp/test-disk-big/9/48</Query>
  </Pair>
  <Pair reval="1d">
    <File perm="0444">/9/49</File>
    <Query type="disk">/tmp/test-disk-big/9/49</Query>
  </Pair>
  <Pair reval="1d">
    <File perm="0444">/9/5</File>
    <Query type="disk">/tmp/test-disk-big/9/5</Query>
  </Pair>
  <Pair reval="1d">
    <File perm="0444">/9/50</File>
    <Query type="disk">/tmp/test-disk-big/9/50</Query>
  </Pair>
  <Pair reval="1d">
    <File perm="0444">/9/51</File>
    <Query type="disk">/tmp/test-disk-big/9/51</Query>
  </Pair>
  <Pair reval="1d">
    <File perm="0444">/9/52</File>
    <Query type="disk">/tmp/test-disk-big/9/52</Query>
  </Pair>
  <Pair reval="1d">
    <File perm="0444">/9/53</File>
    <Query type="disk">/tmp/test-disk-big/9/53</Query>
  </Pair>
  <Pair reval="1d">
    <File perm="0444">/9/54</File>
    <Query type="disk">/tmp/test-disk-big/9/54</Query>
  </Pair>
  <Pair reval="1d">
    <File perm="0444">/9/55</File>
    <Query type="disk">/tmp/test-disk-big/9/55</Query>
  </Pair>
  <Pair reval="1d">
    <File perm="0444">/9/56</File>
    <Query type="disk">/tmp/test-disk-big/9/56</Query>
  </Pair>
  <Pair reval="1d">
    <File perm="0444">/9/57</File>
    <Query type="disk">/tmp/test-disk-big/9/57</Query>
  </Pair>
  <Pair reval="1d">
    <File perm="0444">/9/58</File>
    <Query type="disk">/tmp/test-disk-big/9/58</Query>
  </Pair>
  <Pair reval="1d">
    <File perm="0444">/9/59</File>
    <Query type="disk">/tmp/test-disk-big/9/59</Query>
  </Pair>
  <Pair reval="1d">
    <File perm="0444">/9/6</File>
    <Query type="disk">/tmp/test-disk-big/9/6</Query>
  </Pair>
  <Pair reval="1d">
    <File perm="0444">/9/60</File>
    <Query type="disk">/tmp/test-disk-big/9/60</Query>
  </Pair>
  <Pair reval="1d">
    <File perm="0444">/9/61</File>
    <Query type="disk">/tmp/test-disk-big/9/61</Query>
  </Pair>
  <Pair reval="1d">
    <File perm="0444">/9/62</File>
    <Query type="disk">/tmp/test-disk-big/9/62</Query>
  </Pair>
  <Pair reval="1d">
    <File perm="0444">/9/63</File>
    <Query type="disk">/tmp/test-disk-big/9/63</Query>
  </Pair>
  <Pair reval="1d">
    <File perm="0444">/9/64</File>
    <Query type="disk">/tmp/test-disk-big/9/64</Query>
  </Pair>
  <Pair reval="1d">
    <File perm="0444">/9/65</File>
    <Query type="disk">/tmp/test-disk-big/9/65</Query>
  </Pair>
  <Pair reval="1d">
    <File perm="0444">/9/66</File>
    <Query type="disk">/tmp/test-disk-big/9/66</Query>
  </Pair>
  <Pair reval="1d">
    <File perm="0444">/9/67</File>
    <Query type="disk">/tmp/test-disk-big/9/67</Query>
  </Pair>
  <Pair reval="1d">
    <File perm="0444">/9/68</File>
    <Query type="disk">/tmp/test-disk-big/9/68</Query>
  </Pair>
  <Pair reval="1d">
    <File perm="0444">/9/69</File>
    <Query type="disk">/tmp/test-disk-big/9/69</Query>
  </Pair>
  <Pair reval="1d">
    <File perm="0444">/9/7</File>
    <Query type="disk">/tmp/test-disk-big/9/7</Query>
  </Pair>
  <Pair reval="1d">
    <File perm="0444">/9/70</File>
    <Query type="disk">/tmp/test-disk-big/9/70</Query>
  </Pair>
  <Pair reval="1d">
    <File perm="0444">/9/71</File>
    <Query type="disk">/tmp/test-disk-big/9/71</Query>
  </Pair>
  <Pair reval="1d">
    <File perm="0444">/9/72</File>
    <Query type="disk">/tmp/test-disk-big/9/72</Query>
  </Pair>
  <Pair reval="1d">
    <File perm="0444">/9/73</File>
    <Query type="disk">/tmp/test-disk-big/9/73</Query>
  </Pair>
  <Pair reval="1d">
    <File perm="0444">/9/74</File>
    <Query type="disk">/tmp/test-disk-big/9/74</Query>
  </Pair>
  <Pair reval="1d">
    <File perm="0444">/9/75</File>
    <Query type="disk">/tmp/test-disk-big/9/75</Query>
  </Pair>
  <Pair reval="1d">
    <File perm="0444">/9/76</File>
    <Query type="disk">/tmp/test-disk-big/9/76</Query>
  </Pair>
  <Pair reval="1d">
    <File perm="0444">/9/77</File>
    <Query type="disk">/tmp/test-disk-big/9/77</Query>
  </Pair>
  <Pair reval="1d">
    <File perm="0444">/9/78</File>
    <Query type="disk">/tmp/test-disk-big/9/78</Query>
  </Pair>
  <Pair reval="1d">
    <File perm="0444">/9/79</File>
    <Query type="disk">/tmp/test-disk-big/9/79</Query>
  </Pair>
  <Pair reval="1d">
    <File perm="0444">/9/8</File>
    <Query type="disk">/tmp/test-disk-big/9/8</Query>
  </Pair>
  <Pair reval="1d">
    <File perm="0444">/9/80</File>
    <Query type="disk">/tmp/test-disk-big/9/80</Query>
  </Pair>
  <Pair reval="1d">
    <File perm="0444">/9/81</File>
    <Query type="disk">/tmp/test-disk-big/9/81</Query>
  </Pair>
  <Pair reval="1d">
    <File perm="0444">/9/82</File>
    <Query type="disk">/tmp/test-disk-big/9/82</Query>
  </Pair>
  <Pair reval="1d">
    <File perm="0444">/9/83</File>
    <Query type="disk">/tmp/test-disk-big/9/83</Query>
  </Pair>
  <Pair reval="1d">
    <File perm="0444">/9/84</File>
    <Query type="disk">/tmp/test-disk-big/9/84</Query>
  </Pair>
  <Pair reval="1d">
    <File perm="0444">/9/85</File>
    <Query type="disk">/tmp/test-disk-big/9/85</Query>
  </Pair>
  <Pair reval="1d">
    <File perm="0444">/9/86</File>
    <Query type="disk">/tmp/test-disk-big/9/86</Query>
  </Pair>
  <Pair reval="1d">
    <File perm="0444">/9/87</File>
    <Query type="disk">/tmp/test-disk-big/9/87</Query>
  </Pair>
  <Pair reval="1d">
    <File perm="0444">/9/88</File>
    <Query type="disk">/tmp/test-disk-big/9/88</Query>
  </Pair>
  <Pair reval="1d">
    <File perm="0444">/9/89</File>
    <Query type="disk">/tmp/test-disk-big/9/89</Query>
  </Pair>
  <Pair reval="1d">
    <File perm="0444">/9/9</File>
    <Query type="disk">/tmp/test-disk-big/9/9</Query>
  </Pair>
  <Pair reval="1d">
    <File perm="0444">/9/90</File>
    <Query type="disk">/tmp/test-disk-big/9/90</Query>
  </Pair>
  <Pair reval="1d">
    <File perm="0444">/9/91</File>
    <Query type="disk">/tmp/test-disk-big/9/91</Query>
  </Pair>
  <Pair reval="1d">
    <File perm="0444">/9/92</File>
    <Query type="disk">/tmp/test-disk-big/9/92</Query>
  </Pair>
  <Pair reval="1d">
    <File perm="0444">/9/93</File>
    <Query type="disk">/tmp/test-disk-big/9/93</Query>
  </Pair>
  <Pair reval="1d">
    <File perm="0444">/9/94</File>
    <Query type="disk">/tmp/test-disk-big/9/94</Query>
  </Pair>
  <Pair reval="1d">
    <File perm="0444">/9/95</File>
    <Query type="disk">/tmp/test-disk-big/9/95</Query>
  </Pair>
  <Pair reval="1d">
    <File perm="0444">/9/96</File>
    <Query type="disk">/tmp/test-disk-big/9/96</Query>
  </Pair>
  <Pair reval="1d">
    <File perm="0444">/9/97</File>
    <Query type="disk">/tmp/test-disk-big/9/97</Query>
  </Pair>
  <Pair reval="1d">
    <File perm="0444">/9/98</File>
    <Query type="disk">/tmp/test-disk-big/9/98</Query>
  </Pair>
  <Pair reval="1d">
    <File perm="0444">/9/99</File>
    <Query type="disk">/tmp/test-disk-big/9/99</Query>
  </Pair>
  <Pair reval="1d">
    <Dir perm="0555">/90</Dir>
    <Query type="disk"></Query>
  </Pair>
  <Pair reval="1d">
    <File perm="0444">/90/1</File>
    <Query type="disk">/tmp/test-disk-big/90/1</Query>
  </Pair>
  <Pair reval="1d">
    <File perm="0444">/90/10</File>
    <Query type="disk">/tmp/test-disk-big/90/10</Query>
  </Pair>
  <Pair reval="1d">
    <File perm="0444">/90/100</File>
    <Query type="disk">/tmp/test-disk-big/90/100</Query>
  </Pair>
  <Pair reval="1d">
    <File perm="0444">/90/11</File>
    <Query type="disk">/tmp/test-disk-big/90/11</Query>
  </Pair>
  <Pair reval="1d">
    <File perm="0444">/90/12</File>
    <Query type="disk">/tmp/test-disk-big/90/12</Query>
  </Pair>
  <Pair reval="1d">
    <File perm="0444">/90/13</File>
    <Query type="disk">/tmp/test-disk-big/90/13</Query>
  </Pair>
  <Pair reval="1d">
    <File perm="0444">/90/14</File>
    <Query type="disk">/tmp/test-disk-big/90/14</Query>
  </Pair>
  <Pair reval="1d">
    <File perm="0444">/90/15</File>
    <Query type="disk">/tmp/test-disk-big/90/15</Query>
  </Pair>
  <Pair reval="1d">
    <File perm="0444">/90/16</File>
    <Query type="disk">/tmp/test-disk-big/90/16</Query>
  </Pair>
  <Pair reval="1d">
    <File perm="0444">/90/17</File>
    <Query type="disk">/tmp/test-disk-big/90/17</Query>
  </Pair>
  <Pair reval="1d">
    <File perm="0444">/90/18</File>
    <Query type="disk">/tmp/test-disk-big/90/18</Query>
  </Pair>
  <Pair reval="1d">
    <File perm="0444">/90/19</File>
    <Query type="disk">/tmp/test-disk-big/90/19</Query>
  </Pair>
  <Pair reval="1d">
    <File perm="0444">/90/2</File>
    <Query type="disk">/tmp/test-disk-big/90/2</Query>
  </Pair>
  <Pair reval="1d">
    <File perm="0444">/90/20</File>
    <Query type="disk">/tmp/test-disk-big/90/20</Query>
  </Pair>
  <Pair reval="1d">
    <File perm="0444">/90/21</File>
    <Query type="disk">/tmp/test-disk-big/90/21</Query>
  </Pair>
  <Pair reval="1d">
    <File perm="0444">/90/22</File>
    <Query type="disk">/tmp/test-disk-big/90/22</Query>
  </Pair>
  <Pair reval="1d">
    <File perm="0444">/90/23</File>
    <Query type="disk">/tmp/test-disk-big/90/23</Query>
  </Pair>
  <Pair reval="1d">
    <File perm="0444">/90/24</File>
    <Query type="disk">/tmp/test-disk-big/90/24</Query>
  </Pair>
  <Pair reval="1d">
    <File perm="0444">/90/25</File>
    <Query type="disk">/tmp/test-disk-big/90/25</Query>
  </Pair>
  <Pair reval="1d">
    <File perm="0444">/90/26</File>
    <Query type="disk">/tmp/test-disk-big/90/26</Query>
  </Pair>
  <Pair reval="1d">
    <File perm="0444">/90/27</File>
    <Query type="disk">/tmp/test-disk-big/90/27</Query>
  </Pair>
  <Pair reval="1d">
    <File perm="0444">/90/28</File>
    <Query type="disk">/tmp/test-disk-big/90/28</Query>
  </Pair>
  <Pair reval="1d">
    <File perm="0444">/90/29</File>
    <Query type="disk">/tmp/test-disk-big/90/29</Query>
  </Pair>
  <Pair reval="1d">
    <File perm="0444">/90/3</File>
    <Query type="disk">/tmp/test-disk-big/90/3</Query>
  </Pair>
  <Pair reval="1d">
    <File perm="0444">/90/30</File>
    <Query type="disk">/tmp/test-disk-big/90/30</Query>
  </Pair>
  <Pair reval="1d">
    <File perm="0444">/90/31</File>
    <Query type="disk">/tmp/test-disk-big/90/31</Query>
  </Pair>
  <Pair reval="1d">
    <File perm="0444">/90/32</File>
    <Query type="disk">/tmp/test-disk-big/90/32</Query>
  </Pair>
  <Pair reval="1d">
    <File perm="0444">/90/33</File>
    <Query type="disk">/tmp/test-disk-big/90/33</Query>
  </Pair>
  <Pair reval="1d">
    <File perm="0444">/90/34</File>
    <Query type="disk">/tmp/test-disk-big/90/34</Query>
  </Pair>
  <Pair reval="1d">
    <File perm="0444">/90/35</File>
    <Query type="disk">/tmp/test-disk-big/90/35</Query>
  </Pair>
  <Pair reval="1d">
    <File perm="0444">/90/36</File>
    <Query type="disk">/tmp/test-disk-big/90/36</Query>
  </Pair>
  <Pair reval="1d">
    <File perm="0444">/90/37</File>
    <Query type="disk">/tmp/test-disk-big/90/37</Query>
  </Pair>
  <Pair reval="1d">
    <File perm="0444">/90/38</File>
    <Query type="disk">/tmp/test-disk-big/90/38</Query>
  </Pair>
  <Pair reval="1d">
    <File perm="0444">/90/39</File>
    <Query type="disk">/tmp/test-disk-big/90/39</Query>
  </Pair>
  <Pair reval="1d">
    <File perm="0444">/90/4</File>
    <Query type="disk">/tmp/test-disk-big/90/4</Query>
  </Pair>
  <Pair reval="1d">
    <File perm="0444">/90/40</File>
    <Query type="disk">/tmp/test-disk-big/90/40</Query>
  </Pair>
  <Pair reval="1d">
    <File perm="0444">/90/41</File>
    <Query type="disk">/tmp/test-disk-big/90/41</Query>
  </Pair>
  <Pair reval="1d">
    <File perm="0444">/90/42</File>
    <Query type="disk">/tmp/test-disk-big/90/42</Query>
  </Pair>
  <Pair reval="1d">
    <File perm="0444">/90/43</File>
    <Query type="disk">/tmp/test-disk-big/90/43</Query>
  </Pair>
  <Pair reval="1d">
    <File perm="0444">/90/44</File>
    <Query type="disk">/tmp/test-disk-big/90/44</Query>
  </Pair>
  <Pair reval="1d">
    <File perm="0444">/90/45</File>
    <Query type="disk">/tmp/test-disk-big/90/45</Query>
  </Pair>
  <Pair reval="1d">
    <File perm="0444">/90/46</File>
    <Query type="disk">/tmp/test-disk-big/90/46</Query>
  </Pair>
  <Pair reval="1d">
    <File perm="0444">/90/47</File>
    <Query type="disk">/tmp/test-disk-big/90/47</Query>
  </Pair>
  <Pair reval="1d">
    <File perm="0444">/90/48</File>
    <Query type="disk">/tmp/test-disk-big/90/48</Query>
  </Pair>
  <Pair reval="1d">
    <File perm="0444">/90/49</File>
    <Query type="disk">/tmp/test-disk-big/90/49</Query>
  </Pair>
  <Pair reval="1d">
    <File perm="0444">/90/5</File>
    <Query type="disk">/tmp/test-disk-big/90/5</Query>
  </Pair>
  <Pair reval="1d">
    <File perm="0444">/90/50</File>
    <Query type="disk">/tmp/test-disk-big/90/50</Query>
  </Pair>
  <Pair reval="1d">
    <File perm="0444">/90/51</File>
    <Query type="disk">/tmp/test-disk-big/90/51</Query>
  </Pair>
  <Pair reval="1d">
    <File perm="0444">/90/52</File>
    <Query type="disk">/tmp/test-disk-big/90/52</Query>
  </Pair>
  <Pair reval="1d">
    <File perm="0444">/90/53</File>
    <Query type="disk">/tmp/test-disk-big/90/53</Query>
  </Pair>
  <Pair reval="1d">
    <File perm="0444">/90/54</File>
    <Query type="disk">/tmp/test-disk-big/90/54</Query>
  </Pair>
  <Pair reval="1d">
    <File perm="0444">/90/55</File>
    <Query type="disk">/tmp/test-disk-big/90/55</Query>
  </Pair>
  <Pair reval="1d">
    <File perm="0444">/90/56</File>
    <Query type="disk">/tmp/test-disk-big/90/56</Query>
  </Pair>
  <Pair reval="1d">
    <File perm="0444">/90/57</File>
    <Query type="disk">/tmp/test-disk-big/90/57</Query>
  </Pair>
  <Pair reval="1d">
    <File perm="0444">/90/58</File>
    <Query type="disk">/tmp/test-disk-big/90/58</Query>
  </Pair>
  <Pair reval="1d">
    <File perm="0444">/90/59</File>
    <Query type="disk">/tmp/test-disk-big/90/59</Query>
  </Pair>
  <Pair reval="1d">
    <File perm="0444">/90/6</File>
    <Query type="disk">/tmp/test-disk-big/90/6</Query>
  </Pair>
  <Pair reval="1d">
    <File perm="0444">/90/60</File>
    <Query type="disk">/tmp/test-disk-big/90/60</Query>
  </Pair>
  <Pair reval="1d">
    <File perm="0444">/90/61</File>
    <Query type="disk">/tmp/test-disk-big/90/61</Query>
  </Pair>
  <Pair reval="1d">
    <File perm="0444">/90/62</File>
    <Query type="disk">/tmp/test-disk-big/90/62</Query>
  </Pair>
  <Pair reval="1d">
    <File perm="0444">/90/63</File>
    <Query type="disk">/tmp/test-disk-big/90/63</Query>
  </Pair>
  <Pair reval="1d">
    <File perm="0444">/90/64</File>
    <Query type="disk">/tmp/test-disk-big/90/64</Query>
  </Pair>
  <Pair reval="1d">
    <File perm="0444">/90/65</File>
    <Query type="disk">/tmp/test-disk-big/90/65</Query>
  </Pair>
  <Pair reval="1d">
    <File perm="0444">/90/66</File>
    <Query type="disk">/tmp/test-disk-big/90/66</Query>
  </Pair>
  <Pair reval="1d">
    <File perm="0444">/90/67</File>
    <Query type="disk">/tmp/test-disk-big/90/67</Query>
  </Pair>
  <Pair reval="1d">
    <File perm="0444">/90/68</File>
    <Query type="disk">/tmp/test-disk-big/90/68</Query>
  </Pair>
  <Pair reval="1d">
    <File perm="0444">/90/69</File>
    <Query type="disk">/tmp/test-disk-big/90/69</Query>
  </Pair>
  <Pair reval="1d">
    <File perm="0444">/90/7</File>
    <Query type="disk">/tmp/test-disk-big/90/7</Query>
  </Pair>
  <Pair reval="1d">
    <File perm="0444">/90/70</File>
    <Query type="disk">/tmp/test-disk-big/90/70</Query>
  </Pair>
  <Pair reval="1d">
    <File perm="0444">/90/71</File>
    <Query type="disk">/tmp/test-disk-big/90/71</Query>
  </Pair>
  <Pair reval="1d">
    <File perm="0444">/90/72</File>
    <Query type="disk">/tmp/test-disk-big/90/72</Query>
  </Pair>
  <Pair reval="1d">
    <File perm="0444">/90/73</File>
    <Query type="disk">/tmp/test-disk-big/90/73</Query>
  </Pair>
  <Pair reval="1d">
    <File perm="0444">/90/74</File>
    <Query type="disk">/tmp/test-disk-big/90/74</Query>
  </Pair>
  <Pair reval="1d">
    <File perm="0444">/90/75</File>
    <Query type="disk">/tmp/test-disk-big/90/75</Query>
  </Pair>
  <Pair reval="1d">
    <File perm="0444">/90/76</File>
    <Query type="disk">/tmp/test-disk-big/90/76</Query>
  </Pair>
  <Pair reval="1d">
    <File perm="0444">/90/77</File>
    <Query type="disk">/tmp/test-disk-big/90/77</Query>
  </Pair>
  <Pair reval="1d">
    <File perm="0444">/90/78</File>
    <Query type="disk">/tmp/test-disk-big/90/78</Query>
  </Pair>
  <Pair reval="1d">
    <File perm="0444">/90/79</File>
    <Query type="disk">/tmp/test-disk-big/90/79</Query>
  </Pair>
  <Pair reval="1d">
    <File perm="0444">/90/8</File>
    <Query type="disk">/tmp/test-disk-big/90/8</Query>
  </Pair>
  <Pair reval="1d">
    <File perm="0444">/90/80</File>
    <Query type="disk">/tmp/test-disk-big/90/80</Query>
  </Pair>
  <Pair reval="1d">
    <File perm="0444">/90/81</File>
    <Query type="disk">/tmp/test-disk-big/90/81</Query>
  </Pair>
  <Pair reval="1d">
    <File perm="0444">/90/82</File>
    <Query type="disk">/tmp/test-disk-big/90/82</Query>
  </Pair>
  <Pair reval="1d">
    <File perm="0444">/90/83</File>
    <Query type="disk">/tmp/test-disk-big/90/83</Query>
  </Pair>
  <Pair reval="1d">
    <File perm="0444">/90/84</File>
    <Query type="disk">/tmp/test-disk-big/90/84</Query>
  </Pair>
  <Pair reval="1d">
    <File perm="0444">/90/85</File>
    <Query type="disk">/tmp/test-disk-big/90/85</Query>
  </Pair>
  <Pair reval="1d">
    <File perm="0444">/90/86</File>
    <Query type="disk">/tmp/test-disk-big/90/86</Query>
  </Pair>
  <Pair reval="1d">
    <File perm="0444">/90/87</File>
    <Query type="disk">/tmp/test-disk-big/90/87</Query>
  </Pair>
  <Pair reval="1d">
    <File perm="0444">/90/88</File>
    <Query type="disk">/tmp/test-disk-big/90/88</Query>
  </Pair>
  <Pair reval="1d">
    <File perm="0444">/90/89</File>
    <Query type="disk">/tmp/test-disk-big/90/89</Query>
  </Pair>
  <Pair reval="1d">
    <File perm="0444">/90/9</File>
    <Query type="disk">/tmp/test-disk-big/90/9</Query>
  </Pair>
  <Pair reval="1d">
    <File perm="0444">/90/90</File>
    <Query type="disk">/tmp/test-disk-big/90/90</Query>
  </Pair>
  <Pair reval="1d">
    <File perm="0444">/90/91</File>
    <Query type="disk">/tmp/test-disk-big/90/91</Query>
  </Pair>
  <Pair reval="1d">
    <File perm="0444">/90/92</File>
    <Query type="disk">/tmp/test-disk-big/90/92</Query>
  </Pair>
  <Pair reval="1d">
    <File perm="0444">/90/93</File>
    <Query type="disk">/tmp/test-disk-big/90/93</Query>
  </Pair>
  <Pair reval="1d">
    <File perm="0444">/90/94</File>
    <Query type="disk">/tmp/test-disk-big/90/94</Query>
  </Pair>
  <Pair reval="1d">
    <File perm="0444">/90/95</File>
    <Query type="disk">/tmp/test-disk-big/90/95</Query>
  </Pair>
  <Pair reval="1d">
    <File perm="0444">/90/96</File>
    <Query type="disk">/tmp/test-disk-big/90/96</Query>
  </Pair>
  <Pair reval="1d">
    <File perm="0444">/90/97</File>
    <Query type="disk">/tmp/test-disk-big/90/97</Query>
  </Pair>
  <Pair reval="1d">
    <File perm="0444">/90/98</File>
    <Query type="disk">/tmp/test-disk-big/90/98</Query>
  </Pair>
  <Pair reval="1d">
    <File perm="0444">/90/99</File>
    <Query type="disk">/tmp/test-disk-big/90/99</Query>
  </Pair>
  <Pair reval="1d">
    <Dir perm="0555">/91</Dir>
    <Query type="disk"></Query>
  </Pair>
  <Pair reval="1d">
    <File perm="0444">/91/1</File>
    <Query type="disk">/tmp/test-disk-big/91/1</Query>
  </Pair>
  <Pair reval="1d">
    <File perm="0444">/91/10</File>
    <Query type="disk">/tmp/test-disk-big/91/10</Query>
  </Pair>
  <Pair reval="1d">
    <File perm="0444">/91/100</File>
    <Query type="disk">/tmp/test-disk-big/91/100</Query>
  </Pair>
  <Pair reval="1d">
    <File perm="0444">/91/11</File>
    <Query type="disk">/tmp/test-disk-big/91/11</Query>
  </Pair>
  <Pair reval="1d">
    <File perm="0444">/91/12</File>
    <Query type="disk">/tmp/test-disk-big/91/12</Query>
  </Pair>
  <Pair reval="1d">
    <File perm="0444">/91/13</File>
    <Query type="disk">/tmp/test-disk-big/91/13</Query>
  </Pair>
  <Pair reval="1d">
    <File perm="0444">/91/14</File>
    <Query type="disk">/tmp/test-disk-big/91/14</Query>
  </Pair>
  <Pair reval="1d">
    <File perm="0444">/91/15</File>
    <Query type="disk">/tmp/test-disk-big/91/15</Query>
  </Pair>
  <Pair reval="1d">
    <File perm="0444">/91/16</File>
    <Query type="disk">/tmp/test-disk-big/91/16</Query>
  </Pair>
  <Pair reval="1d">
    <File perm="0444">/91/17</File>
    <Query type="disk">/tmp/test-disk-big/91/17</Query>
  </Pair>
  <Pair reval="1d">
    <File perm="0444">/91/18</File>
    <Query type="disk">/tmp/test-disk-big/91/18</Query>
  </Pair>
  <Pair reval="1d">
    <File perm="0444">/91/19</File>
    <Query type="disk">/tmp/test-disk-big/91/19</Query>
  </Pair>
  <Pair reval="1d">
    <File perm="0444">/91/2</File>
    <Query type="disk">/tmp/test-disk-big/91/2</Query>
  </Pair>
  <Pair reval="1d">
    <File perm="0444">/91/20</File>
    <Query type="disk">/tmp/test-disk-big/91/20</Query>
  </Pair>
  <Pair reval="1d">
    <File perm="0444">/91/21</File>
    <Query type="disk">/tmp/test-disk-big/91/21</Query>
  </Pair>
  <Pair reval="1d">
    <File perm="0444">/91/22</File>
    <Query type="disk">/tmp/test-disk-big/91/22</Query>
  </Pair>
  <Pair reval="1d">
    <File perm="0444">/91/23</File>
    <Query type="disk">/tmp/test-disk-big/91/23</Query>
  </Pair>
  <Pair reval="1d">
    <File perm="0444">/91/24</File>
    <Query type="disk">/tmp/test-disk-big/91/24</Query>
  </Pair>
  <Pair reval="1d">
    <File perm="0444">/91/25</File>
    <Query type="disk">/tmp/test-disk-big/91/25</Query>
  </Pair>
  <Pair reval="1d">
    <File perm="0444">/91/26</File>
    <Query type="disk">/tmp/test-disk-big/91/26</Query>
  </Pair>
  <Pair reval="1d">
    <File perm="0444">/91/27</File>
    <Query type="disk">/tmp/test-disk-big/91/27</Query>
  </Pair>
  <Pair reval="1d">
    <File perm="0444">/91/28</File>
    <Query type="disk">/tmp/test-disk-big/91/28</Query>
  </Pair>
  <Pair reval="1d">
    <File perm="0444">/91/29</File>
    <Query type="disk">/tmp/test-disk-big/91/29</Query>
  </Pair>
  <Pair reval="1d">
    <File perm="0444">/91/3</File>
    <Query type="disk">/tmp/test-disk-big/91/3</Query>
  </Pair>
  <Pair reval="1d">
    <File perm="0444">/91/30</File>
    <Query type="disk">/tmp/test-disk-big/91/30</Query>
  </Pair>
  <Pair reval="1d">
    <File perm="0444">/91/31</File>
    <Query type="disk">/tmp/test-disk-big/91/31</Query>
  </Pair>
  <Pair reval="1d">
    <File perm="0444">/91/32</File>
    <Query type="disk">/tmp/test-disk-big/91/32</Query>
  </Pair>
  <Pair reval="1d">
    <File perm="0444">/91/33</File>
    <Query type="disk">/tmp/test-disk-big/91/33</Query>
  </Pair>
  <Pair reval="1d">
    <File perm="0444">/91/34</File>
    <Query type="disk">/tmp/test-disk-big/91/34</Query>
  </Pair>
  <Pair reval="1d">
    <File perm="0444">/91/35</File>
    <Query type="disk">/tmp/test-disk-big/91/35</Query>
  </Pair>
  <Pair reval="1d">
    <File perm="0444">/91/36</File>
    <Query type="disk">/tmp/test-disk-big/91/36</Query>
  </Pair>
  <Pair reval="1d">
    <File perm="0444">/91/37</File>
    <Query type="disk">/tmp/test-disk-big/91/37</Query>
  </Pair>
  <Pair reval="1d">
    <File perm="0444">/91/38</File>
    <Query type="disk">/tmp/test-disk-big/91/38</Query>
  </Pair>
  <Pair reval="1d">
    <File perm="0444">/91/39</File>
    <Query type="disk">/tmp/test-disk-big/91/39</Query>
  </Pair>
  <Pair reval="1d">
    <File perm="0444">/91/4</File>
    <Query type="disk">/tmp/test-disk-big/91/4</Query>
  </Pair>
  <Pair reval="1d">
    <File perm="0444">/91/40</File>
    <Query type="disk">/tmp/test-disk-big/91/40</Query>
  </Pair>
  <Pair reval="1d">
    <File perm="0444">/91/41</File>
    <Query type="disk">/tmp/test-disk-big/91/41</Query>
  </Pair>
  <Pair reval="1d">
    <File perm="0444">/91/42</File>
    <Query type="disk">/tmp/test-disk-big/91/42</Query>
  </Pair>
  <Pair reval="1d">
    <File perm="0444">/91/43</File>
    <Query type="disk">/tmp/test-disk-big/91/43</Query>
  </Pair>
  <Pair reval="1d">
    <File perm="0444">/91/44</File>
    <Query type="disk">/tmp/test-disk-big/91/44</Query>
  </Pair>
  <Pair reval="1d">
    <File perm="0444">/91/45</File>
    <Query type="disk">/tmp/test-disk-big/91/45</Query>
  </Pair>
  <Pair reval="1d">
    <File perm="0444">/91/46</File>
    <Query type="disk">/tmp/test-disk-big/91/46</Query>
  </Pair>
  <Pair reval="1d">
    <File perm="0444">/91/47</File>
    <Query type="disk">/tmp/test-disk-big/91/47</Query>
  </Pair>
  <Pair reval="1d">
    <File perm="0444">/91/48</File>
    <Query type="disk">/tmp/test-disk-big/91/48</Query>
  </Pair>
  <Pair reval="1d">
    <File perm="0444">/91/49</File>
    <Query type="disk">/tmp/test-disk-big/91/49</Query>
  </Pair>
  <Pair reval="1d">
    <File perm="0444">/91/5</File>
    <Query type="disk">/tmp/test-disk-big/91/5</Query>
  </Pair>
  <Pair reval="1d">
    <File perm="0444">/91/50</File>
    <Query type="disk">/tmp/test-disk-big/91/50</Query>
  </Pair>
  <Pair reval="1d">
    <File perm="0444">/91/51</File>
    <Query type="disk">/tmp/test-disk-big/91/51</Query>
  </Pair>
  <Pair reval="1d">
    <File perm="0444">/91/52</File>
    <Query type="disk">/tmp/test-disk-big/91/52</Query>
  </Pair>
  <Pair reval="1d">
    <File perm="0444">/91/53</File>
    <Query type="disk">/tmp/test-disk-big/91/53</Query>
  </Pair>
  <Pair reval="1d">
    <File perm="0444">/91/54</File>
    <Query type="disk">/tmp/test-disk-big/91/54</Query>
  </Pair>
  <Pair reval="1d">
    <File perm="0444">/91/55</File>
    <Query type="disk">/tmp/test-disk-big/91/55</Query>
  </Pair>
  <Pair reval="1d">
    <File perm="0444">/91/56</File>
    <Query type="disk">/tmp/test-disk-big/91/56</Query>
  </Pair>
  <Pair reval="1d">
    <File perm="0444">/91/57</File>
    <Query type="disk">/tmp/test-disk-big/91/57</Query>
  </Pair>
  <Pair reval="1d">
    <File perm="0444">/91/58</File>
    <Query type="disk">/tmp/test-disk-big/91/58</Query>
  </Pair>
  <Pair reval="1d">
    <File perm="0444">/91/59</File>
    <Query type="disk">/tmp/test-disk-big/91/59</Query>
  </Pair>
  <Pair reval="1d">
    <File perm="0444">/91/6</File>
    <Query type="disk">/tmp/test-disk-big/91/6</Query>
  </Pair>
  <Pair reval="1d">
    <File perm="0444">/91/60</File>
    <Query type="disk">/tmp/test-disk-big/91/60</Query>
  </Pair>
  <Pair reval="1d">
    <File perm="0444">/91/61</File>
    <Query type="disk">/tmp/test-disk-big/91/61</Query>
  </Pair>
  <Pair reval="1d">
    <File perm="0444">/91/62</File>
    <Query type="disk">/tmp/test-disk-big/91/62</Query>
  </Pair>
  <Pair reval="1d">
    <File perm="0444">/91/63</File>
    <Query type="disk">/tmp/test-disk-big/91/63</Query>
  </Pair>
  <Pair reval="1d">
    <File perm="0444">/91/64</File>
    <Query type="disk">/tmp/test-disk-big/91/64</Query>
  </Pair>
  <Pair reval="1d">
    <File perm="0444">/91/65</File>
    <Query type="disk">/tmp/test-disk-big/91/65</Query>
  </Pair>
  <Pair reval="1d">
    <File perm="0444">/91/66</File>
    <Query type="disk">/tmp/test-disk-big/91/66</Query>
  </Pair>
  <Pair reval="1d">
    <File perm="0444">/91/67</File>
    <Query type="disk">/tmp/test-disk-big/91/67</Query>
  </Pair>
  <Pair reval="1d">
    <File perm="0444">/91/68</File>
    <Query type="disk">/tmp/test-disk-big/91/68</Query>
  </Pair>
  <Pair reval="1d">
    <File perm="0444">/91/69</File>
    <Query type="disk">/tmp/test-disk-big/91/69</Query>
  </Pair>
  <Pair reval="1d">
    <File perm="0444">/91/7</File>
    <Query type="disk">/tmp/test-disk-big/91/7</Query>
  </Pair>
  <Pair reval="1d">
    <File perm="0444">/91/70</File>
    <Query type="disk">/tmp/test-disk-big/91/70</Query>
  </Pair>
  <Pair reval="1d">
    <File perm="0444">/91/71</File>
    <Query type="disk">/tmp/test-disk-big/91/71</Query>
  </Pair>
  <Pair reval="1d">
    <File perm="0444">/91/72</File>
    <Query type="disk">/tmp/test-disk-big/91/72</Query>
  </Pair>
  <Pair reval="1d">
    <File perm="0444">/91/73</File>
    <Query type="disk">/tmp/test-disk-big/91/73</Query>
  </Pair>
  <Pair reval="1d">
    <File perm="0444">/91/74</File>
    <Query type="disk">/tmp/test-disk-big/91/74</Query>
  </Pair>
  <Pair reval="1d">
    <File perm="0444">/91/75</File>
    <Query type="disk">/tmp/test-disk-big/91/75</Query>
  </Pair>
  <Pair reval="1d">
    <File perm="0444">/91/76</File>
    <Query type="disk">/tmp/test-disk-big/91/76</Query>
  </Pair>
  <Pair reval="1d">
    <File perm="0444">/91/77</File>
    <Query type="disk">/tmp/test-disk-big/91/77</Query>
  </Pair>
  <Pair reval="1d">
    <File perm="0444">/91/78</File>
    <Query type="disk">/tmp/test-disk-big/91/78</Query>
  </Pair>
  <Pair reval="1d">
    <File perm="0444">/91/79</File>
    <Query type="disk">/tmp/test-disk-big/91/79</Query>
  </Pair>
  <Pair reval="1d">
    <File perm="0444">/91/8</File>
    <Query type="disk">/tmp/test-disk-big/91/8</Query>
  </Pair>
  <Pair reval="1d">
    <File perm="0444">/91/80</File>
    <Query type="disk">/tmp/test-disk-big/91/80</Query>
  </Pair>
  <Pair reval="1d">
    <File perm="0444">/91/81</File>
    <Query type="disk">/tmp/test-disk-big/91/81</Query>
  </Pair>
  <Pair reval="1d">
    <File perm="0444">/91/82</File>
    <Query type="disk">/tmp/test-disk-big/91/82</Query>
  </Pair>
  <Pair reval="1d">
    <File perm="0444">/91/83</File>
    <Query type="disk">/tmp/test-disk-big/91/83</Query>
  </Pair>
  <Pair reval="1d">
    <File perm="0444">/91/84</File>
    <Query type="disk">/tmp/test-disk-big/91/84</Query>
  </Pair>
  <Pair reval="1d">
    <File perm="0444">/91/85</File>
    <Query type="disk">/tmp/test-disk-big/91/85</Query>
  </Pair>
  <Pair reval="1d">
    <File perm="0444">/91/86</File>
    <Query type="disk">/tmp/test-disk-big/91/86</Query>
  </Pair>
  <Pair reval="1d">
    <File perm="0444">/91/87</File>
    <Query type="disk">/tmp/test-disk-big/91/87</Query>
  </Pair>
  <Pair reval="1d">
    <File perm="0444">/91/88</File>
    <Query type="disk">/tmp/test-disk-big/91/88</Query>
  </Pair>
  <Pair reval="1d">
    <File perm="0444">/91/89</File>
    <Query type="disk">/tmp/test-disk-big/91/89</Query>
  </Pair>
  <Pair reval="1d">
    <File perm="0444">/91/9</File>
    <Query type="disk">/tmp/test-disk-big/91/9</Query>
  </Pair>
  <Pair reval="1d">
    <File perm="0444">/91/90</File>
    <Query type="disk">/tmp/test-disk-big/91/90</Query>
  </Pair>
  <Pair reval="1d">
    <File perm="0444">/91/91</File>
    <Query type="disk">/tmp/test-disk-big/91/91</Query>
  </Pair>
  <Pair reval="1d">
    <File perm="0444">/91/92</File>
    <Query type="disk">/tmp/test-disk-big/91/92</Query>
  </Pair>
  <Pair reval="1d">
    <File perm="0444">/91/93</File>
    <Query type="disk">/tmp/test-disk-big/91/93</Query>
  </Pair>
  <Pair reval="1d">
    <File perm="0444">/91/94</File>
    <Query type="disk">/tmp/test-disk-big/91/94</Query>
  </Pair>
  <Pair reval="1d">
    <File perm="0444">/91/95</File>
    <Query type="disk">/tmp/test-disk-big/91/95</Query>
  </Pair>
  <Pair reval="1d">
    <File perm="0444">/91/96</File>
    <Query type="disk">/tmp/test-disk-big/91/96</Query>
  </Pair>
  <Pair reval="1d">
    <File perm="0444">/91/97</File>
    <Query type="disk">/tmp/test-disk-big/91/97</Query>
  </Pair>
  <Pair reval="1d">
    <File perm="0444">/91/98</File>
    <Query type="disk">/tmp/test-disk-big/91/98</Query>
  </Pair>
  <Pair reval="1d">
    <File perm="0444">/91/99</File>
    <Query type="disk">/tmp/test-disk-big/91/99</Query>
  </Pair>
  <Pair reval="1d">
    <Dir perm="0555">/92</Dir>
    <Query type="disk"></Query>
  </Pair>
  <Pair reval="1d">
    <File perm="0444">/92/1</File>
    <Query type="disk">/tmp/test-disk-big/92/1</Query>
  </Pair>
  <Pair reval="1d">
    <File perm="0444">/92/10</File>
    <Query type="disk">/tmp/test-disk-big/92/10</Query>
  </Pair>
  <Pair reval="1d">
    <File perm="0444">/92/100</File>
    <Query type="disk">/tmp/test-disk-big/92/100</Query>
  </Pair>
  <Pair reval="1d">
    <File perm="0444">/92/11</File>
    <Query type="disk">/tmp/test-disk-big/92/11</Query>
  </Pair>
  <Pair reval="1d">
    <File perm="0444">/92/12</File>
    <Query type="disk">/tmp/test-disk-big/92/12</Query>
  </Pair>
  <Pair reval="1d">
    <File perm="0444">/92/13</File>
    <Query type="disk">/tmp/test-disk-big/92/13</Query>
  </Pair>
  <Pair reval="1d">
    <File perm="0444">/92/14</File>
    <Query type="disk">/tmp/test-disk-big/92/14</Query>
  </Pair>
  <Pair reval="1d">
    <File perm="0444">/92/15</File>
    <Query type="disk">/tmp/test-disk-big/92/15</Query>
  </Pair>
  <Pair reval="1d">
    <File perm="0444">/92/16</File>
    <Query type="disk">/tmp/test-disk-big/92/16</Query>
  </Pair>
  <Pair reval="1d">
    <File perm="0444">/92/17</File>
    <Query type="disk">/tmp/test-disk-big/92/17</Query>
  </Pair>
  <Pair reval="1d">
    <File perm="0444">/92/18</File>
    <Query type="disk">/tmp/test-disk-big/92/18</Query>
  </Pair>
  <Pair reval="1d">
    <File perm="0444">/92/19</File>
    <Query type="disk">/tmp/test-disk-big/92/19</Query>
  </Pair>
  <Pair reval="1d">
    <File perm="0444">/92/2</File>
    <Query type="disk">/tmp/test-disk-big/92/2</Query>
  </Pair>
  <Pair reval="1d">
    <File perm="0444">/92/20</File>
    <Query type="disk">/tmp/test-disk-big/92/20</Query>
  </Pair>
  <Pair reval="1d">
    <File perm="0444">/92/21</File>
    <Query type="disk">/tmp/test-disk-big/92/21</Query>
  </Pair>
  <Pair reval="1d">
    <File perm="0444">/92/22</File>
    <Query type="disk">/tmp/test-disk-big/92/22</Query>
  </Pair>
  <Pair reval="1d">
    <File perm="0444">/92/23</File>
    <Query type="disk">/tmp/test-disk-big/92/23</Query>
  </Pair>
  <Pair reval="1d">
    <File perm="0444">/92/24</File>
    <Query type="disk">/tmp/test-disk-big/92/24</Query>
  </Pair>
  <Pair reval="1d">
    <File perm="0444">/92/25</File>
    <Query type="disk">/tmp/test-disk-big/92/25</Query>
  </Pair>
  <Pair reval="1d">
    <File perm="0444">/92/26</File>
    <Query type="disk">/tmp/test-disk-big/92/26</Query>
  </Pair>
  <Pair reval="1d">
    <File perm="0444">/92/27</File>
    <Query type="disk">/tmp/test-disk-big/92/27</Query>
  </Pair>
  <Pair reval="1d">
    <File perm="0444">/92/28</File>
    <Query type="disk">/tmp/test-disk-big/92/28</Query>
  </Pair>
  <Pair reval="1d">
    <File perm="0444">/92/29</File>
    <Query type="disk">/tmp/test-disk-big/92/29</Query>
  </Pair>
  <Pair reval="1d">
    <File perm="0444">/92/3</File>
    <Query type="disk">/tmp/test-disk-big/92/3</Query>
  </Pair>
  <Pair reval="1d">
    <File perm="0444">/92/30</File>
    <Query type="disk">/tmp/test-disk-big/92/30</Query>
  </Pair>
  <Pair reval="1d">
    <File perm="0444">/92/31</File>
    <Query type="disk">/tmp/test-disk-big/92/31</Query>
  </Pair>
  <Pair reval="1d">
    <File perm="0444">/92/32</File>
    <Query type="disk">/tmp/test-disk-big/92/32</Query>
  </Pair>
  <Pair reval="1d">
    <File perm="0444">/92/33</File>
    <Query type="disk">/tmp/test-disk-big/92/33</Query>
  </Pair>
  <Pair reval="1d">
    <File perm="0444">/92/34</File>
    <Query type="disk">/tmp/test-disk-big/92/34</Query>
  </Pair>
  <Pair reval="1d">
    <File perm="0444">/92/35</File>
    <Query type="disk">/tmp/test-disk-big/92/35</Query>
  </Pair>
  <Pair reval="1d">
    <File perm="0444">/92/36</File>
    <Query type="disk">/tmp/test-disk-big/92/36</Query>
  </Pair>
  <Pair reval="1d">
    <File perm="0444">/92/37</File>
    <Query type="disk">/tmp/test-disk-big/92/37</Query>
  </Pair>
  <Pair reval="1d">
    <File perm="0444">/92/38</File>
    <Query type="disk">/tmp/test-disk-big/92/38</Query>
  </Pair>
  <Pair reval="1d">
    <File perm="0444">/92/39</File>
    <Query type="disk">/tmp/test-disk-big/92/39</Query>
  </Pair>
  <Pair reval="1d">
    <File perm="0444">/92/4</File>
    <Query type="disk">/tmp/test-disk-big/92/4</Query>
  </Pair>
  <Pair reval="1d">
    <File perm="0444">/92/40</File>
    <Query type="disk">/tmp/test-disk-big/92/40</Query>
  </Pair>
  <Pair reval="1d">
    <File perm="0444">/92/41</File>
    <Query type="disk">/tmp/test-disk-big/92/41</Query>
  </Pair>
  <Pair reval="1d">
    <File perm="0444">/92/42</File>
    <Query type="disk">/tmp/test-disk-big/92/42</Query>
  </Pair>
  <Pair reval="1d">
    <File perm="0444">/92/43</File>
    <Query type="disk">/tmp/test-disk-big/92/43</Query>
  </Pair>
  <Pair reval="1d">
    <File perm="0444">/92/44</File>
    <Query type="disk">/tmp/test-disk-big/92/44</Query>
  </Pair>
  <Pair reval="1d">
    <File perm="0444">/92/45</File>
    <Query type="disk">/tmp/test-disk-big/92/45</Query>
  </Pair>
  <Pair reval="1d">
    <File perm="0444">/92/46</File>
    <Query type="disk">/tmp/test-disk-big/92/46</Query>
  </Pair>
  <Pair reval="1d">
    <File perm="0444">/92/47</File>
    <Query type="disk">/tmp/test-disk-big/92/47</Query>
  </Pair>
  <Pair reval="1d">
    <File perm="0444">/92/48</File>
    <Query type="disk">/tmp/test-disk-big/92/48</Query>
  </Pair>
  <Pair reval="1d">
    <File perm="0444">/92/49</File>
    <Query type="disk">/tmp/test-disk-big/92/49</Query>
  </Pair>
  <Pair reval="1d">
    <File perm="0444">/92/5</File>
    <Query type="disk">/tmp/test-disk-big/92/5</Query>
  </Pair>
  <Pair reval="1d">
    <File perm="0444">/92/50</File>
    <Query type="disk">/tmp/test-disk-big/92/50</Query>
  </Pair>
  <Pair reval="1d">
    <File perm="0444">/92/51</File>
    <Query type="disk">/tmp/test-disk-big/92/51</Query>
  </Pair>
  <Pair reval="1d">
    <File perm="0444">/92/52</File>
    <Query type="disk">/tmp/test-disk-big/92/52</Query>
  </Pair>
  <Pair reval="1d">
    <File perm="0444">/92/53</File>
    <Query type="disk">/tmp/test-disk-big/92/53</Query>
  </Pair>
  <Pair reval="1d">
    <File perm="0444">/92/54</File>
    <Query type="disk">/tmp/test-disk-big/92/54</Query>
  </Pair>
  <Pair reval="1d">
    <File perm="0444">/92/55</File>
    <Query type="disk">/tmp/test-disk-big/92/55</Query>
  </Pair>
  <Pair reval="1d">
    <File perm="0444">/92/56</File>
    <Query type="disk">/tmp/test-disk-big/92/56</Query>
  </Pair>
  <Pair reval="1d">
    <File perm="0444">/92/57</File>
    <Query type="disk">/tmp/test-disk-big/92/57</Query>
  </Pair>
  <Pair reval="1d">
    <File perm="0444">/92/58</File>
    <Query type="disk">/tmp/test-disk-big/92/58</Query>
  </Pair>
  <Pair reval="1d">
    <File perm="0444">/92/59</File>
    <Query type="disk">/tmp/test-disk-big/92/59</Query>
  </Pair>
  <Pair reval="1d">
    <File perm="0444">/92/6</File>
    <Query type="disk">/tmp/test-disk-big/92/6</Query>
  </Pair>
  <Pair reval="1d">
    <File perm="0444">/92/60</File>
    <Query type="disk">/tmp/test-disk-big/92/60</Query>
  </Pair>
  <Pair reval="1d">
    <File perm="0444">/92/61</File>
    <Query type="disk">/tmp/test-disk-big/92/61</Query>
  </Pair>
  <Pair reval="1d">
    <File perm="0444">/92/62</File>
    <Query type="disk">/tmp/test-disk-big/92/62</Query>
  </Pair>
  <Pair reval="1d">
    <File perm="0444">/92/63</File>
    <Query type="disk">/tmp/test-disk-big/92/63</Query>
  </Pair>
  <Pair reval="1d">
    <File perm="0444">/92/64</File>
    <Query type="disk">/tmp/test-disk-big/92/64</Query>
  </Pair>
  <Pair reval="1d">
    <File perm="0444">/92/65</File>
    <Query type="disk">/tmp/test-disk-big/92/65</Query>
  </Pair>
  <Pair reval="1d">
    <File perm="0444">/92/66</File>
    <Query type="disk">/tmp/test-disk-big/92/66</Query>
  </Pair>
  <Pair reval="1d">
    <File perm="0444">/92/67</File>
    <Query type="disk">/tmp/test-disk-big/92/67</Query>
  </Pair>
  <Pair reval="1d">
    <File perm="0444">/92/68</File>
    <Query type="disk">/tmp/test-disk-big/92/68</Query>
  </Pair>
  <Pair reval="1d">
    <File perm="0444">/92/69</File>
    <Query type="disk">/tmp/test-disk-big/92/69</Query>
  </Pair>
  <Pair reval="1d">
    <File perm="0444">/92/7</File>
    <Query type="disk">/tmp/test-disk-big/92/7</Query>
  </Pair>
  <Pair reval="1d">
    <File perm="0444">/92/70</File>
    <Query type="disk">/tmp/test-disk-big/92/70</Query>
  </Pair>
  <Pair reval="1d">
    <File perm="0444">/92/71</File>
    <Query type="disk">/tmp/test-disk-big/92/71</Query>
  </Pair>
  <Pair reval="1d">
    <File perm="0444">/92/72</File>
    <Query type="disk">/tmp/test-disk-big/92/72</Query>
  </Pair>
  <Pair reval="1d">
    <File perm="0444">/92/73</File>
    <Query type="disk">/tmp/test-disk-big/92/73</Query>
  </Pair>
  <Pair reval="1d">
    <File perm="0444">/92/74</File>
    <Query type="disk">/tmp/test-disk-big/92/74</Query>
  </Pair>
  <Pair reval="1d">
    <File perm="0444">/92/75</File>
    <Query type="disk">/tmp/test-disk-big/92/75</Query>
  </Pair>
  <Pair reval="1d">
    <File perm="0444">/92/76</File>
    <Query type="disk">/tmp/test-disk-big/92/76</Query>
  </Pair>
  <Pair reval="1d">
    <File perm="0444">/92/77</File>
    <Query type="disk">/tmp/test-disk-big/92/77</Query>
  </Pair>
  <Pair reval="1d">
    <File perm="0444">/92/78</File>
    <Query type="disk">/tmp/test-disk-big/92/78</Query>
  </Pair>
  <Pair reval="1d">
    <File perm="0444">/92/79</File>
    <Query type="disk">/tmp/test-disk-big/92/79</Query>
  </Pair>
  <Pair reval="1d">
    <File perm="0444">/92/8</File>
    <Query type="disk">/tmp/test-disk-big/92/8</Query>
  </Pair>
  <Pair reval="1d">
    <File perm="0444">/92/80</File>
    <Query type="disk">/tmp/test-disk-big/92/80</Query>
  </Pair>
  <Pair reval="1d">
    <File perm="0444">/92/81</File>
    <Query type="disk">/tmp/test-disk-big/92/81</Query>
  </Pair>
  <Pair reval="1d">
    <File perm="0444">/92/82</File>
    <Query type="disk">/tmp/test-disk-big/92/82</Query>
  </Pair>
  <Pair reval="1d">
    <File perm="0444">/92/83</File>
    <Query type="disk">/tmp/test-disk-big/92/83</Query>
  </Pair>
  <Pair reval="1d">
    <File perm="0444">/92/84</File>
    <Query type="disk">/tmp/test-disk-big/92/84</Query>
  </Pair>
  <Pair reval="1d">
    <File perm="0444">/92/85</File>
    <Query type="disk">/tmp/test-disk-big/92/85</Query>
  </Pair>
  <Pair reval="1d">
    <File perm="0444">/92/86</File>
    <Query type="disk">/tmp/test-disk-big/92/86</Query>
  </Pair>
  <Pair reval="1d">
    <File perm="0444">/92/87</File>
    <Query type="disk">/tmp/test-disk-big/92/87</Query>
  </Pair>
  <Pair reval="1d">
    <File perm="0444">/92/88</File>
    <Query type="disk">/tmp/test-disk-big/92/88</Query>
  </Pair>
  <Pair reval="1d">
    <File perm="0444">/92/89</File>
    <Query type="disk">/tmp/test-disk-big/92/89</Query>
  </Pair>
  <Pair reval="1d">
    <File perm="0444">/92/9</File>
    <Query type="disk">/tmp/test-disk-big/92/9</Query>
  </Pair>
  <Pair reval="1d">
    <File perm="0444">/92/90</File>
    <Query type="disk">/tmp/test-disk-big/92/90</Query>
  </Pair>
  <Pair reval="1d">
    <File perm="0444">/92/91</File>
    <Query type="disk">/tmp/test-disk-big/92/91</Query>
  </Pair>
  <Pair reval="1d">
    <File perm="0444">/92/92</File>
    <Query type="disk">/tmp/test-disk-big/92/92</Query>
  </Pair>
  <Pair reval="1d">
    <File perm="0444">/92/93</File>
    <Query type="disk">/tmp/test-disk-big/92/93</Query>
  </Pair>
  <Pair reval="1d">
    <File perm="0444">/92/94</File>
    <Query type="disk">/tmp/test-disk-big/92/94</Query>
  </Pair>
  <Pair reval="1d">
    <File perm="0444">/92/95</File>
    <Query type="disk">/tmp/test-disk-big/92/95</Query>
  </Pair>
  <Pair reval="1d">
    <File perm="0444">/92/96</File>
    <Query type="disk">/tmp/test-disk-big/92/96</Query>
  </Pair>
  <Pair reval="1d">
    <File perm="0444">/92/97</File>
    <Query type="disk">/tmp/test-disk-big/92/97</Query>
  </Pair>
  <Pair reval="1d">
    <File perm="0444">/92/98</File>
    <Query type="disk">/tmp/test-disk-big/92/98</Query>
  </Pair>
  <Pair reval="1d">
    <File perm="0444">/92/99</File>
    <Query type="disk">/tmp/test-disk-big/92/99</Query>
  </Pair>
  <Pair reval="1d">
    <Dir perm="0555">/93</Dir>
    <Query type="disk"></Query>
  </Pair>
  <Pair reval="1d">
    <File perm="0444">/93/1</File>
    <Query type="disk">/tmp/test-disk-big/93/1</Query>
  </Pair>
  <Pair reval="1d">
    <File perm="0444">/93/10</File>
    <Query type="disk">/tmp/test-disk-big/93/10</Query>
  </Pair>
  <Pair reval="1d">
    <File perm="0444">/93/100</File>
    <Query type="disk">/tmp/test-disk-big/93/100</Query>
  </Pair>
  <Pair reval="1d">
    <File perm="0444">/93/11</File>
    <Query type="disk">/tmp/test-disk-big/93/11</Query>
  </Pair>
  <Pair reval="1d">
    <File perm="0444">/93/12</File>
    <Query type="disk">/tmp/test-disk-big/93/12</Query>
  </Pair>
  <Pair reval="1d">
    <File perm="0444">/93/13</File>
    <Query type="disk">/tmp/test-disk-big/93/13</Query>
  </Pair>
  <Pair reval="1d">
    <File perm="0444">/93/14</File>
    <Query type="disk">/tmp/test-disk-big/93/14</Query>
  </Pair>
  <Pair reval="1d">
    <File perm="0444">/93/15</File>
    <Query type="disk">/tmp/test-disk-big/93/15</Query>
  </Pair>
  <Pair reval="1d">
    <File perm="0444">/93/16</File>
    <Query type="disk">/tmp/test-disk-big/93/16</Query>
  </Pair>
  <Pair reval="1d">
    <File perm="0444">/93/17</File>
    <Query type="disk">/tmp/test-disk-big/93/17</Query>
  </Pair>
  <Pair reval="1d">
    <File perm="0444">/93/18</File>
    <Query type="disk">/tmp/test-disk-big/93/18</Query>
  </Pair>
  <Pair reval="1d">
    <File perm="0444">/93/19</File>
    <Query type="disk">/tmp/test-disk-big/93/19</Query>
  </Pair>
  <Pair reval="1d">
    <File perm="0444">/93/2</File>
    <Query type="disk">/tmp/test-disk-big/93/2</Query>
  </Pair>
  <Pair reval="1d">
    <File perm="0444">/93/20</File>
    <Query type="disk">/tmp/test-disk-big/93/20</Query>
  </Pair>
  <Pair reval="1d">
    <File perm="0444">/93/21</File>
    <Query type="disk">/tmp/test-disk-big/93/21</Query>
  </Pair>
  <Pair reval="1d">
    <File perm="0444">/93/22</File>
    <Query type="disk">/tmp/test-disk-big/93/22</Query>
  </Pair>
  <Pair reval="1d">
    <File perm="0444">/93/23</File>
    <Query type="disk">/tmp/test-disk-big/93/23</Query>
  </Pair>
  <Pair reval="1d">
    <File perm="0444">/93/24</File>
    <Query type="disk">/tmp/test-disk-big/93/24</Query>
  </Pair>
  <Pair reval="1d">
    <File perm="0444">/93/25</File>
    <Query type="disk">/tmp/test-disk-big/93/25</Query>
  </Pair>
  <Pair reval="1d">
    <File perm="0444">/93/26</File>
    <Query type="disk">/tmp/test-disk-big/93/26</Query>
  </Pair>
  <Pair reval="1d">
    <File perm="0444">/93/27</File>
    <Query type="disk">/tmp/test-disk-big/93/27</Query>
  </Pair>
  <Pair reval="1d">
    <File perm="0444">/93/28</File>
    <Query type="disk">/tmp/test-disk-big/93/28</Query>
  </Pair>
  <Pair reval="1d">
    <File perm="0444">/93/29</File>
    <Query type="disk">/tmp/test-disk-big/93/29</Query>
  </Pair>
  <Pair reval="1d">
    <File perm="0444">/93/3</File>
    <Query type="disk">/tmp/test-disk-big/93/3</Query>
  </Pair>
  <Pair reval="1d">
    <File perm="0444">/93/30</File>
    <Query type="disk">/tmp/test-disk-big/93/30</Query>
  </Pair>
  <Pair reval="1d">
    <File perm="0444">/93/31</File>
    <Query type="disk">/tmp/test-disk-big/93/31</Query>
  </Pair>
  <Pair reval="1d">
    <File perm="0444">/93/32</File>
    <Query type="disk">/tmp/test-disk-big/93/32</Query>
  </Pair>
  <Pair reval="1d">
    <File perm="0444">/93/33</File>
    <Query type="disk">/tmp/test-disk-big/93/33</Query>
  </Pair>
  <Pair reval="1d">
    <File perm="0444">/93/34</File>
    <Query type="disk">/tmp/test-disk-big/93/34</Query>
  </Pair>
  <Pair reval="1d">
    <File perm="0444">/93/35</File>
    <Query type="disk">/tmp/test-disk-big/93/35</Query>
  </Pair>
  <Pair reval="1d">
    <File perm="0444">/93/36</File>
    <Query type="disk">/tmp/test-disk-big/93/36</Query>
  </Pair>
  <Pair reval="1d">
    <File perm="0444">/93/37</File>
    <Query type="disk">/tmp/test-disk-big/93/37</Query>
  </Pair>
  <Pair reval="1d">
    <File perm="0444">/93/38</File>
    <Query type="disk">/tmp/test-disk-big/93/38</Query>
  </Pair>
  <Pair reval="1d">
    <File perm="0444">/93/39</File>
    <Query type="disk">/tmp/test-disk-big/93/39</Query>
  </Pair>
  <Pair reval="1d">
    <File perm="0444">/93/4</File>
    <Query type="disk">/tmp/test-disk-big/93/4</Query>
  </Pair>
  <Pair reval="1d">
    <File perm="0444">/93/40</File>
    <Query type="disk">/tmp/test-disk-big/93/40</Query>
  </Pair>
  <Pair reval="1d">
    <File perm="0444">/93/41</File>
    <Query type="disk">/tmp/test-disk-big/93/41</Query>
  </Pair>
  <Pair reval="1d">
    <File perm="0444">/93/42</File>
    <Query type="disk">/tmp/test-disk-big/93/42</Query>
  </Pair>
  <Pair reval="1d">
    <File perm="0444">/93/43</File>
    <Query type="disk">/tmp/test-disk-big/93/43</Query>
  </Pair>
  <Pair reval="1d">
    <File perm="0444">/93/44</File>
    <Query type="disk">/tmp/test-disk-big/93/44</Query>
  </Pair>
  <Pair reval="1d">
    <File perm="0444">/93/45</File>
    <Query type="disk">/tmp/test-disk-big/93/45</Query>
  </Pair>
  <Pair reval="1d">
    <File perm="0444">/93/46</File>
    <Query type="disk">/tmp/test-disk-big/93/46</Query>
  </Pair>
  <Pair reval="1d">
    <File perm="0444">/93/47</File>
    <Query type="disk">/tmp/test-disk-big/93/47</Query>
  </Pair>
  <Pair reval="1d">
    <File perm="0444">/93/48</File>
    <Query type="disk">/tmp/test-disk-big/93/48</Query>
  </Pair>
  <Pair reval="1d">
    <File perm="0444">/93/49</File>
    <Query type="disk">/tmp/test-disk-big/93/49</Query>
  </Pair>
  <Pair reval="1d">
    <File perm="0444">/93/5</File>
    <Query type="disk">/tmp/test-disk-big/93/5</Query>
  </Pair>
  <Pair reval="1d">
    <File perm="0444">/93/50</File>
    <Query type="disk">/tmp/test-disk-big/93/50</Query>
  </Pair>
  <Pair reval="1d">
    <File perm="0444">/93/51</File>
    <Query type="disk">/tmp/test-disk-big/93/51</Query>
  </Pair>
  <Pair reval="1d">
    <File perm="0444">/93/52</File>
    <Query type="disk">/tmp/test-disk-big/93/52</Query>
  </Pair>
  <Pair reval="1d">
    <File perm="0444">/93/53</File>
    <Query type="disk">/tmp/test-disk-big/93/53</Query>
  </Pair>
  <Pair reval="1d">
    <File perm="0444">/93/54</File>
    <Query type="disk">/tmp/test-disk-big/93/54</Query>
  </Pair>
  <Pair reval="1d">
    <File perm="0444">/93/55</File>
    <Query type="disk">/tmp/test-disk-big/93/55</Query>
  </Pair>
  <Pair reval="1d">
    <File perm="0444">/93/56</File>
    <Query type="disk">/tmp/test-disk-big/93/56</Query>
  </Pair>
  <Pair reval="1d">
    <File perm="0444">/93/57</File>
    <Query type="disk">/tmp/test-disk-big/93/57</Query>
  </Pair>
  <Pair reval="1d">
    <File perm="0444">/93/58</File>
    <Query type="disk">/tmp/test-disk-big/93/58</Query>
  </Pair>
  <Pair reval="1d">
    <File perm="0444">/93/59</File>
    <Query type="disk">/tmp/test-disk-big/93/59</Query>
  </Pair>
  <Pair reval="1d">
    <File perm="0444">/93/6</File>
    <Query type="disk">/tmp/test-disk-big/93/6</Query>
  </Pair>
  <Pair reval="1d">
    <File perm="0444">/93/60</File>
    <Query type="disk">/tmp/test-disk-big/93/60</Query>
  </Pair>
  <Pair reval="1d">
    <File perm="0444">/93/61</File>
    <Query type="disk">/tmp/test-disk-big/93/61</Query>
  </Pair>
  <Pair reval="1d">
    <File perm="0444">/93/62</File>
    <Query type="disk">/tmp/test-disk-big/93/62</Query>
  </Pair>
  <Pair reval="1d">
    <File perm="0444">/93/63</File>
    <Query type="disk">/tmp/test-disk-big/93/63</Query>
  </Pair>
  <Pair reval="1d">
    <File perm="0444">/93/64</File>
    <Query type="disk">/tmp/test-disk-big/93/64</Query>
  </Pair>
  <Pair reval="1d">
    <File perm="0444">/93/65</File>
    <Query type="disk">/tmp/test-disk-big/93/65</Query>
  </Pair>
  <Pair reval="1d">
    <File perm="0444">/93/66</File>
    <Query type="disk">/tmp/test-disk-big/93/66</Query>
  </Pair>
  <Pair reval="1d">
    <File perm="0444">/93/67</File>
    <Query type="disk">/tmp/test-disk-big/93/67</Query>
  </Pair>
  <Pair reval="1d">
    <File perm="0444">/93/68</File>
    <Query type="disk">/tmp/test-disk-big/93/68</Query>
  </Pair>
  <Pair reval="1d">
    <File perm="0444">/93/69</File>
    <Query type="disk">/tmp/test-disk-big/93/69</Query>
  </Pair>
  <Pair reval="1d">
    <File perm="0444">/93/7</File>
    <Query type="disk">/tmp/test-disk-big/93/7</Query>
  </Pair>
  <Pair reval="1d">
    <File perm="0444">/93/70</File>
    <Query type="disk">/tmp/test-disk-big/93/70</Query>
  </Pair>
  <Pair reval="1d">
    <File perm="0444">/93/71</File>
    <Query type="disk">/tmp/test-disk-big/93/71</Query>
  </Pair>
  <Pair reval="1d">
    <File perm="0444">/93/72</File>
    <Query type="disk">/tmp/test-disk-big/93/72</Query>
  </Pair>
  <Pair reval="1d">
    <File perm="0444">/93/73</File>
    <Query type="disk">/tmp/test-disk-big/93/73</Query>
  </Pair>
  <Pair reval="1d">
    <File perm="0444">/93/74</File>
    <Query type="disk">/tmp/test-disk-big/93/74</Query>
  </Pair>
  <Pair reval="1d">
    <File perm="0444">/93/75</File>
    <Query type="disk">/tmp/test-disk-big/93/75</Query>
  </Pair>
  <Pair reval="1d">
    <File perm="0444">/93/76</File>
    <Query type="disk">/tmp/test-disk-big/93/76</Query>
  </Pair>
  <Pair reval="1d">
    <File perm="0444">/93/77</File>
    <Query type="disk">/tmp/test-disk-big/93/77</Query>
  </Pair>
  <Pair reval="1d">
    <File perm="0444">/93/78</File>
    <Query type="disk">/tmp/test-disk-big/93/78</Query>
  </Pair>
  <Pair reval="1d">
    <File perm="0444">/93/79</File>
    <Query type="disk">/tmp/test-disk-big/93/79</Query>
  </Pair>
  <Pair reval="1d">
    <File perm="0444">/93/8</File>
    <Query type="disk">/tmp/test-disk-big/93/8</Query>
  </Pair>
  <Pair reval="1d">
    <File perm="0444">/93/80</File>
    <Query type="disk">/tmp/test-disk-big/93/80</Query>
  </Pair>
  <Pair reval="1d">
    <File perm="0444">/93/81</File>
    <Query type="disk">/tmp/test-disk-big/93/81</Query>
  </Pair>
  <Pair reval="1d">
    <File perm="0444">/93/82</File>
    <Query type="disk">/tmp/test-disk-big/93/82</Query>
  </Pair>
  <Pair reval="1d">
    <File perm="0444">/93/83</File>
    <Query type="disk">/tmp/test-disk-big/93/83</Query>
  </Pair>
  <Pair reval="1d">
    <File perm="0444">/93/84</File>
    <Query type="disk">/tmp/test-disk-big/93/84</Query>
  </Pair>
  <Pair reval="1d">
    <File perm="0444">/93/85</File>
    <Query type="disk">/tmp/test-disk-big/93/85</Query>
  </Pair>
  <Pair reval="1d">
    <File perm="0444">/93/86</File>
    <Query type="disk">/tmp/test-disk-big/93/86</Query>
  </Pair>
  <Pair reval="1d">
    <File perm="0444">/93/87</File>
    <Query type="disk">/tmp/test-disk-big/93/87</Query>
  </Pair>
  <Pair reval="1d">
    <File perm="0444">/93/88</File>
    <Query type="disk">/tmp/test-disk-big/93/88</Query>
  </Pair>
  <Pair reval="1d">
    <File perm="0444">/93/89</File>
    <Query type="disk">/tmp/test-disk-big/93/89</Query>
  </Pair>
  <Pair reval="1d">
    <File perm="0444">/93/9</File>
    <Query type="disk">/tmp/test-disk-big/93/9</Query>
  </Pair>
  <Pair reval="1d">
    <File perm="0444">/93/90</File>
    <Query type="disk">/tmp/test-disk-big/93/90</Query>
  </Pair>
  <Pair reval="1d">
    <File perm="0444">/93/91</File>
    <Query type="disk">/tmp/test-disk-big/93/91</Query>
  </Pair>
  <Pair reval="1d">
    <File perm="0444">/93/92</File>
    <Query type="disk">/tmp/test-disk-big/93/92</Query>
  </Pair>
  <Pair reval="1d">
    <File perm="0444">/93/93</File>
    <Query type="disk">/tmp/test-disk-big/93/93</Query>
  </Pair>
  <Pair reval="1d">
    <File perm="0444">/93/94</File>
    <Query type="disk">/tmp/test-disk-big/93/94</Query>
  </Pair>
  <Pair reval="1d">
    <File perm="0444">/93/95</File>
    <Query type="disk">/tmp/test-disk-big/93/95</Query>
  </Pair>
  <Pair reval="1d">
    <File perm="0444">/93/96</File>
    <Query type="disk">/tmp/test-disk-big/93/96</Query>
  </Pair>
  <Pair reval="1d">
    <File perm="0444">/93/97</File>
    <Query type="disk">/tmp/test-disk-big/93/97</Query>
  </Pair>
  <Pair reval="1d">
    <File perm="0444">/93/98</File>
    <Query type="disk">/tmp/test-disk-big/93/98</Query>
  </Pair>
  <Pair reval="1d">
    <File perm="0444">/93/99</File>
    <Query type="disk">/tmp/test-disk-big/93/99</Query>
  </Pair>
  <Pair reval="1d">
    <Dir perm="0555">/94</Dir>
    <Query type="disk"></Query>
  </Pair>
  <Pair reval="1d">
    <File perm="0444">/94/1</File>
    <Query type="disk">/tmp/test-disk-big/94/1</Query>
  </Pair>
  <Pair reval="1d">
    <File perm="0444">/94/10</File>
    <Query type="disk">/tmp/test-disk-big/94/10</Query>
  </Pair>
  <Pair reval="1d">
    <File perm="0444">/94/100</File>
    <Query type="disk">/tmp/test-disk-big/94/100</Query>
  </Pair>
  <Pair reval="1d">
    <File perm="0444">/94/11</File>
    <Query type="disk">/tmp/test-disk-big/94/11</Query>
  </Pair>
  <Pair reval="1d">
    <File perm="0444">/94/12</File>
    <Query type="disk">/tmp/test-disk-big/94/12</Query>
  </Pair>
  <Pair reval="1d">
    <File perm="0444">/94/13</File>
    <Query type="disk">/tmp/test-disk-big/94/13</Query>
  </Pair>
  <Pair reval="1d">
    <File perm="0444">/94/14</File>
    <Query type="disk">/tmp/test-disk-big/94/14</Query>
  </Pair>
  <Pair reval="1d">
    <File perm="0444">/94/15</File>
    <Query type="disk">/tmp/test-disk-big/94/15</Query>
  </Pair>
  <Pair reval="1d">
    <File perm="0444">/94/16</File>
    <Query type="disk">/tmp/test-disk-big/94/16</Query>
  </Pair>
  <Pair reval="1d">
    <File perm="0444">/94/17</File>
    <Query type="disk">/tmp/test-disk-big/94/17</Query>
  </Pair>
  <Pair reval="1d">
    <File perm="0444">/94/18</File>
    <Query type="disk">/tmp/test-disk-big/94/18</Query>
  </Pair>
  <Pair reval="1d">
    <File perm="0444">/94/19</File>
    <Query type="disk">/tmp/test-disk-big/94/19</Query>
  </Pair>
  <Pair reval="1d">
    <File perm="0444">/94/2</File>
    <Query type="disk">/tmp/test-disk-big/94/2</Query>
  </Pair>
  <Pair reval="1d">
    <File perm="0444">/94/20</File>
    <Query type="disk">/tmp/test-disk-big/94/20</Query>
  </Pair>
  <Pair reval="1d">
    <File perm="0444">/94/21</File>
    <Query type="disk">/tmp/test-disk-big/94/21</Query>
  </Pair>
  <Pair reval="1d">
    <File perm="0444">/94/22</File>
    <Query type="disk">/tmp/test-disk-big/94/22</Query>
  </Pair>
  <Pair reval="1d">
    <File perm="0444">/94/23</File>
    <Query type="disk">/tmp/test-disk-big/94/23</Query>
  </Pair>
  <Pair reval="1d">
    <File perm="0444">/94/24</File>
    <Query type="disk">/tmp/test-disk-big/94/24</Query>
  </Pair>
  <Pair reval="1d">
    <File perm="0444">/94/25</File>
    <Query type="disk">/tmp/test-disk-big/94/25</Query>
  </Pair>
  <Pair reval="1d">
    <File perm="0444">/94/26</File>
    <Query type="disk">/tmp/test-disk-big/94/26</Query>
  </Pair>
  <Pair reval="1d">
    <File perm="0444">/94/27</File>
    <Query type="disk">/tmp/test-disk-big/94/27</Query>
  </Pair>
  <Pair reval="1d">
    <File perm="0444">/94/28</File>
    <Query type="disk">/tmp/test-disk-big/94/28</Query>
  </Pair>
  <Pair reval="1d">
    <File perm="0444">/94/29</File>
    <Query type="disk">/tmp/test-disk-big/94/29</Query>
  </Pair>
  <Pair reval="1d">
    <File perm="0444">/94/3</File>
    <Query type="disk">/tmp/test-disk-big/94/3</Query>
  </Pair>
  <Pair reval="1d">
    <File perm="0444">/94/30</File>
    <Query type="disk">/tmp/test-disk-big/94/30</Query>
  </Pair>
  <Pair reval="1d">
    <File perm="0444">/94/31</File>
    <Query type="disk">/tmp/test-disk-big/94/31</Query>
  </Pair>
  <Pair reval="1d">
    <File perm="0444">/94/32</File>
    <Query type="disk">/tmp/test-disk-big/94/32</Query>
  </Pair>
  <Pair reval="1d">
    <File perm="0444">/94/33</File>
    <Query type="disk">/tmp/test-disk-big/94/33</Query>
  </Pair>
  <Pair reval="1d">
    <File perm="0444">/94/34</File>
    <Query type="disk">/tmp/test-disk-big/94/34</Query>
  </Pair>
  <Pair reval="1d">
    <File perm="0444">/94/35</File>
    <Query type="disk">/tmp/test-disk-big/94/35</Query>
  </Pair>
  <Pair reval="1d">
    <File perm="0444">/94/36</File>
    <Query type="disk">/tmp/test-disk-big/94/36</Query>
  </Pair>
  <Pair reval="1d">
    <File perm="0444">/94/37</File>
    <Query type="disk">/tmp/test-disk-big/94/37</Query>
  </Pair>
  <Pair reval="1d">
    <File perm="0444">/94/38</File>
    <Query type="disk">/tmp/test-disk-big/94/38</Query>
  </Pair>
  <Pair reval="1d">
    <File perm="0444">/94/39</File>
    <Query type="disk">/tmp/test-disk-big/94/39</Query>
  </Pair>
  <Pair reval="1d">
    <File perm="0444">/94/4</File>
    <Query type="disk">/tmp/test-disk-big/94/4</Query>
  </Pair>
  <Pair reval="1d">
    <File perm="0444">/94/40</File>
    <Query type="disk">/tmp/test-disk-big/94/40</Query>
  </Pair>
  <Pair reval="1d">
    <File perm="0444">/94/41</File>
    <Query type="disk">/tmp/test-disk-big/94/41</Query>
  </Pair>
  <Pair reval="1d">
    <File perm="0444">/94/42</File>
    <Query type="disk">/tmp/test-disk-big/94/42</Query>
  </Pair>
  <Pair reval="1d">
    <File perm="0444">/94/43</File>
    <Query type="disk">/tmp/test-disk-big/94/43</Query>
  </Pair>
  <Pair reval="1d">
    <File perm="0444">/94/44</File>
    <Query type="disk">/tmp/test-disk-big/94/44</Query>
  </Pair>
  <Pair reval="1d">
    <File perm="0444">/94/45</File>
    <Query type="disk">/tmp/test-disk-big/94/45</Query>
  </Pair>
  <Pair reval="1d">
    <File perm="0444">/94/46</File>
    <Query type="disk">/tmp/test-disk-big/94/46</Query>
  </Pair>
  <Pair reval="1d">
    <File perm="0444">/94/47</File>
    <Query type="disk">/tmp/test-disk-big/94/47</Query>
  </Pair>
  <Pair reval="1d">
    <File perm="0444">/94/48</File>
    <Query type="disk">/tmp/test-disk-big/94/48</Query>
  </Pair>
  <Pair reval="1d">
    <File perm="0444">/94/49</File>
    <Query type="disk">/tmp/test-disk-big/94/49</Query>
  </Pair>
  <Pair reval="1d">
    <File perm="0444">/94/5</File>
    <Query type="disk">/tmp/test-disk-big/94/5</Query>
  </Pair>
  <Pair reval="1d">
    <File perm="0444">/94/50</File>
    <Query type="disk">/tmp/test-disk-big/94/50</Query>
  </Pair>
  <Pair reval="1d">
    <File perm="0444">/94/51</File>
    <Query type="disk">/tmp/test-disk-big/94/51</Query>
  </Pair>
  <Pair reval="1d">
    <File perm="0444">/94/52</File>
    <Query type="disk">/tmp/test-disk-big/94/52</Query>
  </Pair>
  <Pair reval="1d">
    <File perm="0444">/94/53</File>
    <Query type="disk">/tmp/test-disk-big/94/53</Query>
  </Pair>
  <Pair reval="1d">
    <File perm="0444">/94/54</File>
    <Query type="disk">/tmp/test-disk-big/94/54</Query>
  </Pair>
  <Pair reval="1d">
    <File perm="0444">/94/55</File>
    <Query type="disk">/tmp/test-disk-big/94/55</Query>
  </Pair>
  <Pair reval="1d">
    <File perm="0444">/94/56</File>
    <Query type="disk">/tmp/test-disk-big/94/56</Query>
  </Pair>
  <Pair reval="1d">
    <File perm="0444">/94/57</File>
    <Query type="disk">/tmp/test-disk-big/94/57</Query>
  </Pair>
  <Pair reval="1d">
    <File perm="0444">/94/58</File>
    <Query type="disk">/tmp/test-disk-big/94/58</Query>
  </Pair>
  <Pair reval="1d">
    <File perm="0444">/94/59</File>
    <Query type="disk">/tmp/test-disk-big/94/59</Query>
  </Pair>
  <Pair reval="1d">
    <File perm="0444">/94/6</File>
    <Query type="disk">/tmp/test-disk-big/94/6</Query>
  </Pair>
  <Pair reval="1d">
    <File perm="0444">/94/60</File>
    <Query type="disk">/tmp/test-disk-big/94/60</Query>
  </Pair>
  <Pair reval="1d">
    <File perm="0444">/94/61</File>
    <Query type="disk">/tmp/test-disk-big/94/61</Query>
  </Pair>
  <Pair reval="1d">
    <File perm="0444">/94/62</File>
    <Query type="disk">/tmp/test-disk-big/94/62</Query>
  </Pair>
  <Pair reval="1d">
    <File perm="0444">/94/63</File>
    <Query type="disk">/tmp/test-disk-big/94/63</Query>
  </Pair>
  <Pair reval="1d">
    <File perm="0444">/94/64</File>
    <Query type="disk">/tmp/test-disk-big/94/64</Query>
  </Pair>
  <Pair reval="1d">
    <File perm="0444">/94/65</File>
    <Query type="disk">/tmp/test-disk-big/94/65</Query>
  </Pair>
  <Pair reval="1d">
    <File perm="0444">/94/66</File>
    <Query type="disk">/tmp/test-disk-big/94/66</Query>
  </Pair>
  <Pair reval="1d">
    <File perm="0444">/94/67</File>
    <Query type="disk">/tmp/test-disk-big/94/67</Query>
  </Pair>
  <Pair reval="1d">
    <File perm="0444">/94/68</File>
    <Query type="disk">/tmp/test-disk-big/94/68</Query>
  </Pair>
  <Pair reval="1d">
    <File perm="0444">/94/69</File>
    <Query type="disk">/tmp/test-disk-big/94/69</Query>
  </Pair>
  <Pair reval="1d">
    <File perm="0444">/94/7</File>
    <Query type="disk">/tmp/test-disk-big/94/7</Query>
  </Pair>
  <Pair reval="1d">
    <File perm="0444">/94/70</File>
    <Query type="disk">/tmp/test-disk-big/94/70</Query>
  </Pair>
  <Pair reval="1d">
    <File perm="0444">/94/71</File>
    <Query type="disk">/tmp/test-disk-big/94/71</Query>
  </Pair>
  <Pair reval="1d">
    <File perm="0444">/94/72</File>
    <Query type="disk">/tmp/test-disk-big/94/72</Query>
  </Pair>
  <Pair reval="1d">
    <File perm="0444">/94/73</File>
    <Query type="disk">/tmp/test-disk-big/94/73</Query>
  </Pair>
  <Pair reval="1d">
    <File perm="0444">/94/74</File>
    <Query type="disk">/tmp/test-disk-big/94/74</Query>
  </Pair>
  <Pair reval="1d">
    <File perm="0444">/94/75</File>
    <Query type="disk">/tmp/test-disk-big/94/75</Query>
  </Pair>
  <Pair reval="1d">
    <File perm="0444">/94/76</File>
    <Query type="disk">/tmp/test-disk-big/94/76</Query>
  </Pair>
  <Pair reval="1d">
    <File perm="0444">/94/77</File>
    <Query type="disk">/tmp/test-disk-big/94/77</Query>
  </Pair>
  <Pair reval="1d">
    <File perm="0444">/94/78</File>
    <Query type="disk">/tmp/test-disk-big/94/78</Query>
  </Pair>
  <Pair reval="1d">
    <File perm="0444">/94/79</File>
    <Query type="disk">/tmp/test-disk-big/94/79</Query>
  </Pair>
  <Pair reval="1d">
    <File perm="0444">/94/8</File>
    <Query type="disk">/tmp/test-disk-big/94/8</Query>
  </Pair>
  <Pair reval="1d">
    <File perm="0444">/94/80</File>
    <Query type="disk">/tmp/test-disk-big/94/80</Query>
  </Pair>
  <Pair reval="1d">
    <File perm="0444">/94/81</File>
    <Query type="disk">/tmp/test-disk-big/94/81</Query>
  </Pair>
  <Pair reval="1d">
    <File perm="0444">/94/82</File>
    <Query type="disk">/tmp/test-disk-big/94/82</Query>
  </Pair>
  <Pair reval="1d">
    <File perm="0444">/94/83</File>
    <Query type="disk">/tmp/test-disk-big/94/83</Query>
  </Pair>
  <Pair reval="1d">
    <File perm="0444">/94/84</File>
    <Query type="disk">/tmp/test-disk-big/94/84</Query>
  </Pair>
  <Pair reval="1d">
    <File perm="0444">/94/85</File>
    <Query type="disk">/tmp/test-disk-big/94/85</Query>
  </Pair>
  <Pair reval="1d">
    <File perm="0444">/94/86</File>
    <Query type="disk">/tmp/test-disk-big/94/86</Query>
  </Pair>
  <Pair reval="1d">
    <File perm="0444">/94/87</File>
    <Query type="disk">/tmp/test-disk-big/94/87</Query>
  </Pair>
  <Pair reval="1d">
    <File perm="0444">/94/88</File>
    <Query type="disk">/tmp/test-disk-big/94/88</Query>
  </Pair>
  <Pair reval="1d">
    <File perm="0444">/94/89</File>
    <Query type="disk">/tmp/test-disk-big/94/89</Query>
  </Pair>
  <Pair reval="1d">
    <File perm="0444">/94/9</File>
    <Query type="disk">/tmp/test-disk-big/94/9</Query>
  </Pair>
  <Pair reval="1d">
    <File perm="0444">/94/90</File>
    <Query type="disk">/tmp/test-disk-big/94/90</Query>
  </Pair>
  <Pair reval="1d">
    <File perm="0444">/94/91</File>
    <Query type="disk">/tmp/test-disk-big/94/91</Query>
  </Pair>
  <Pair reval="1d">
    <File perm="0444">/94/92</File>
    <Query type="disk">/tmp/test-disk-big/94/92</Query>
  </Pair>
  <Pair reval="1d">
    <File perm="0444">/94/93</File>
    <Query type="disk">/tmp/test-disk-big/94/93</Query>
  </Pair>
  <Pair reval="1d">
    <File perm="0444">/94/94</File>
    <Query type="disk">/tmp/test-disk-big/94/94</Query>
  </Pair>
  <Pair reval="1d">
    <File perm="0444">/94/95</File>
    <Query type="disk">/tmp/test-disk-big/94/95</Query>
  </Pair>
  <Pair reval="1d">
    <File perm="0444">/94/96</File>
    <Query type="disk">/tmp/test-disk-big/94/96</Query>
  </Pair>
  <Pair reval="1d">
    <File perm="0444">/94/97</File>
    <Query type="disk">/tmp/test-disk-big/94/97</Query>
  </Pair>
  <Pair reval="1d">
    <File perm="0444">/94/98</File>
    <Query type="disk">/tmp/test-disk-big/94/98</Query>
  </Pair>
  <Pair reval="1d">
    <File perm="0444">/94/99</File>
    <Query type="disk">/tmp/test-disk-big/94/99</Query>
  </Pair>
  <Pair reval="1d">
    <Dir perm="0555">/95</Dir>
    <Query type="disk"></Query>
  </Pair>
  <Pair reval="1d">
    <File perm="0444">/95/1</File>
    <Query type="disk">/tmp/test-disk-big/95/1</Query>
  </Pair>
  <Pair reval="1d">
    <File perm="0444">/95/10</File>
    <Query type="disk">/tmp/test-disk-big/95/10</Query>
  </Pair>
  <Pair reval="1d">
    <File perm="0444">/95/100</File>
    <Query type="disk">/tmp/test-disk-big/95/100</Query>
  </Pair>
  <Pair reval="1d">
    <File perm="0444">/95/11</File>
    <Query type="disk">/tmp/test-disk-big/95/11</Query>
  </Pair>
  <Pair reval="1d">
    <File perm="0444">/95/12</File>
    <Query type="disk">/tmp/test-disk-big/95/12</Query>
  </Pair>
  <Pair reval="1d">
    <File perm="0444">/95/13</File>
    <Query type="disk">/tmp/test-disk-big/95/13</Query>
  </Pair>
  <Pair reval="1d">
    <File perm="0444">/95/14</File>
    <Query type="disk">/tmp/test-disk-big/95/14</Query>
  </Pair>
  <Pair reval="1d">
    <File perm="0444">/95/15</File>
    <Query type="disk">/tmp/test-disk-big/95/15</Query>
  </Pair>
  <Pair reval="1d">
    <File perm="0444">/95/16</File>
    <Query type="disk">/tmp/test-disk-big/95/16</Query>
  </Pair>
  <Pair reval="1d">
    <File perm="0444">/95/17</File>
    <Query type="disk">/tmp/test-disk-big/95/17</Query>
  </Pair>
  <Pair reval="1d">
    <File perm="0444">/95/18</File>
    <Query type="disk">/tmp/test-disk-big/95/18</Query>
  </Pair>
  <Pair reval="1d">
    <File perm="0444">/95/19</File>
    <Query type="disk">/tmp/test-disk-big/95/19</Query>
  </Pair>
  <Pair reval="1d">
    <File perm="0444">/95/2</File>
    <Query type="disk">/tmp/test-disk-big/95/2</Query>
  </Pair>
  <Pair reval="1d">
    <File perm="0444">/95/20</File>
    <Query type="disk">/tmp/test-disk-big/95/20</Query>
  </Pair>
  <Pair reval="1d">
    <File perm="0444">/95/21</File>
    <Query type="disk">/tmp/test-disk-big/95/21</Query>
  </Pair>
  <Pair reval="1d">
    <File perm="0444">/95/22</File>
    <Query type="disk">/tmp/test-disk-big/95/22</Query>
  </Pair>
  <Pair reval="1d">
    <File perm="0444">/95/23</File>
    <Query type="disk">/tmp/test-disk-big/95/23</Query>
  </Pair>
  <Pair reval="1d">
    <File perm="0444">/95/24</File>
    <Query type="disk">/tmp/test-disk-big/95/24</Query>
  </Pair>
  <Pair reval="1d">
    <File perm="0444">/95/25</File>
    <Query type="disk">/tmp/test-disk-big/95/25</Query>
  </Pair>
  <Pair reval="1d">
    <File perm="0444">/95/26</File>
    <Query type="disk">/tmp/test-disk-big/95/26</Query>
  </Pair>
  <Pair reval="1d">
    <File perm="0444">/95/27</File>
    <Query type="disk">/tmp/test-disk-big/95/27</Query>
  </Pair>
  <Pair reval="1d">
    <File perm="0444">/95/28</File>
    <Query type="disk">/tmp/test-disk-big/95/28</Query>
  </Pair>
  <Pair reval="1d">
    <File perm="0444">/95/29</File>
    <Query type="disk">/tmp/test-disk-big/95/29</Query>
  </Pair>
  <Pair reval="1d">
    <File perm="0444">/95/3</File>
    <Query type="disk">/tmp/test-disk-big/95/3</Query>
  </Pair>
  <Pair reval="1d">
    <File perm="0444">/95/30</File>
    <Query type="disk">/tmp/test-disk-big/95/30</Query>
  </Pair>
  <Pair reval="1d">
    <File perm="0444">/95/31</File>
    <Query type="disk">/tmp/test-disk-big/95/31</Query>
  </Pair>
  <Pair reval="1d">
    <File perm="0444">/95/32</File>
    <Query type="disk">/tmp/test-disk-big/95/32</Query>
  </Pair>
  <Pair reval="1d">
    <File perm="0444">/95/33</File>
    <Query type="disk">/tmp/test-disk-big/95/33</Query>
  </Pair>
  <Pair reval="1d">
    <File perm="0444">/95/34</File>
    <Query type="disk">/tmp/test-disk-big/95/34</Query>
  </Pair>
  <Pair reval="1d">
    <File perm="0444">/95/35</File>
    <Query type="disk">/tmp/test-disk-big/95/35</Query>
  </Pair>
  <Pair reval="1d">
    <File perm="0444">/95/36</File>
    <Query type="disk">/tmp/test-disk-big/95/36</Query>
  </Pair>
  <Pair reval="1d">
    <File perm="0444">/95/37</File>
    <Query type="disk">/tmp/test-disk-big/95/37</Query>
  </Pair>
  <Pair reval="1d">
    <File perm="0444">/95/38</File>
    <Query type="disk">/tmp/test-disk-big/95/38</Query>
  </Pair>
  <Pair reval="1d">
    <File perm="0444">/95/39</File>
    <Query type="disk">/tmp/test-disk-big/95/39</Query>
  </Pair>
  <Pair reval="1d">
    <File perm="0444">/95/4</File>
    <Query type="disk">/tmp/test-disk-big/95/4</Query>
  </Pair>
  <Pair reval="1d">
    <File perm="0444">/95/40</File>
    <Query type="disk">/tmp/test-disk-big/95/40</Query>
  </Pair>
  <Pair reval="1d">
    <File perm="0444">/95/41</File>
    <Query type="disk">/tmp/test-disk-big/95/41</Query>
  </Pair>
  <Pair reval="1d">
    <File perm="0444">/95/42</File>
    <Query type="disk">/tmp/test-disk-big/95/42</Query>
  </Pair>
  <Pair reval="1d">
    <File perm="0444">/95/43</File>
    <Query type="disk">/tmp/test-disk-big/95/43</Query>
  </Pair>
  <Pair reval="1d">
    <File perm="0444">/95/44</File>
    <Query type="disk">/tmp/test-disk-big/95/44</Query>
  </Pair>
  <Pair reval="1d">
    <File perm="0444">/95/45</File>
    <Query type="disk">/tmp/test-disk-big/95/45</Query>
  </Pair>
  <Pair reval="1d">
    <File perm="0444">/95/46</File>
    <Query type="disk">/tmp/test-disk-big/95/46</Query>
  </Pair>
  <Pair reval="1d">
    <File perm="0444">/95/47</File>
    <Query type="disk">/tmp/test-disk-big/95/47</Query>
  </Pair>
  <Pair reval="1d">
    <File perm="0444">/95/48</File>
    <Query type="disk">/tmp/test-disk-big/95/48</Query>
  </Pair>
  <Pair reval="1d">
    <File perm="0444">/95/49</File>
    <Query type="disk">/tmp/test-disk-big/95/49</Query>
  </Pair>
  <Pair reval="1d">
    <File perm="0444">/95/5</File>
    <Query type="disk">/tmp/test-disk-big/95/5</Query>
  </Pair>
  <Pair reval="1d">
    <File perm="0444">/95/50</File>
    <Query type="disk">/tmp/test-disk-big/95/50</Query>
  </Pair>
  <Pair reval="1d">
    <File perm="0444">/95/51</File>
    <Query type="disk">/tmp/test-disk-big/95/51</Query>
  </Pair>
  <Pair reval="1d">
    <File perm="0444">/95/52</File>
    <Query type="disk">/tmp/test-disk-big/95/52</Query>
  </Pair>
  <Pair reval="1d">
    <File perm="0444">/95/53</File>
    <Query type="disk">/tmp/test-disk-big/95/53</Query>
  </Pair>
  <Pair reval="1d">
    <File perm="0444">/95/54</File>
    <Query type="disk">/tmp/test-disk-big/95/54</Query>
  </Pair>
  <Pair reval="1d">
    <File perm="0444">/95/55</File>
    <Query type="disk">/tmp/test-disk-big/95/55</Query>
  </Pair>
  <Pair reval="1d">
    <File perm="0444">/95/56</File>
    <Query type="disk">/tmp/test-disk-big/95/56</Query>
  </Pair>
  <Pair reval="1d">
    <File perm="0444">/95/57</File>
    <Query type="disk">/tmp/test-disk-big/95/57</Query>
  </Pair>
  <Pair reval="1d">
    <File perm="0444">/95/58</File>
    <Query type="disk">/tmp/test-disk-big/95/58</Query>
  </Pair>
  <Pair reval="1d">
    <File perm="0444">/95/59</File>
    <Query type="disk">/tmp/test-disk-big/95/59</Query>
  </Pair>
  <Pair reval="1d">
    <File perm="0444">/95/6</File>
    <Query type="disk">/tmp/test-disk-big/95/6</Query>
  </Pair>
  <Pair reval="1d">
    <File perm="0444">/95/60</File>
    <Query type="disk">/tmp/test-disk-big/95/60</Query>
  </Pair>
  <Pair reval="1d">
    <File perm="0444">/95/61</File>
    <Query type="disk">/tmp/test-disk-big/95/61</Query>
  </Pair>
  <Pair reval="1d">
    <File perm="0444">/95/62</File>
    <Query type="disk">/tmp/test-disk-big/95/62</Query>
  </Pair>
  <Pair reval="1d">
    <File perm="0444">/95/63</File>
    <Query type="disk">/tmp/test-disk-big/95/63</Query>
  </Pair>
  <Pair reval="1d">
    <File perm="0444">/95/64</File>
    <Query type="disk">/tmp/test-disk-big/95/64</Query>
  </Pair>
  <Pair reval="1d">
    <File perm="0444">/95/65</File>
    <Query type="disk">/tmp/test-disk-big/95/65</Query>
  </Pair>
  <Pair reval="1d">
    <File perm="0444">/95/66</File>
    <Query type="disk">/tmp/test-disk-big/95/66</Query>
  </Pair>
  <Pair reval="1d">
    <File perm="0444">/95/67</File>
    <Query type="disk">/tmp/test-disk-big/95/67</Query>
  </Pair>
  <Pair reval="1d">
    <File perm="0444">/95/68</File>
    <Query type="disk">/tmp/test-disk-big/95/68</Query>
  </Pair>
  <Pair reval="1d">
    <File perm="0444">/95/69</File>
    <Query type="disk">/tmp/test-disk-big/95/69</Query>
  </Pair>
  <Pair reval="1d">
    <File perm="0444">/95/7</File>
    <Query type="disk">/tmp/test-disk-big/95/7</Query>
  </Pair>
  <Pair reval="1d">
    <File perm="0444">/95/70</File>
    <Query type="disk">/tmp/test-disk-big/95/70</Query>
  </Pair>
  <Pair reval="1d">
    <File perm="0444">/95/71</File>
    <Query type="disk">/tmp/test-disk-big/95/71</Query>
  </Pair>
  <Pair reval="1d">
    <File perm="0444">/95/72</File>
    <Query type="disk">/tmp/test-disk-big/95/72</Query>
  </Pair>
  <Pair reval="1d">
    <File perm="0444">/95/73</File>
    <Query type="disk">/tmp/test-disk-big/95/73</Query>
  </Pair>
  <Pair reval="1d">
    <File perm="0444">/95/74</File>
    <Query type="disk">/tmp/test-disk-big/95/74</Query>
  </Pair>
  <Pair reval="1d">
    <File perm="0444">/95/75</File>
    <Query type="disk">/tmp/test-disk-big/95/75</Query>
  </Pair>
  <Pair reval="1d">
    <File perm="0444">/95/76</File>
    <Query type="disk">/tmp/test-disk-big/95/76</Query>
  </Pair>
  <Pair reval="1d">
    <File perm="0444">/95/77</File>
    <Query type="disk">/tmp/test-disk-big/95/77</Query>
  </Pair>
  <Pair reval="1d">
    <File perm="0444">/95/78</File>
    <Query type="disk">/tmp/test-disk-big/95/78</Query>
  </Pair>
  <Pair reval="1d">
    <File perm="0444">/95/79</File>
    <Query type="disk">/tmp/test-disk-big/95/79</Query>
  </Pair>
  <Pair reval="1d">
    <File perm="0444">/95/8</File>
    <Query type="disk">/tmp/test-disk-big/95/8</Query>
  </Pair>
  <Pair reval="1d">
    <File perm="0444">/95/80</File>
    <Query type="disk">/tmp/test-disk-big/95/80</Query>
  </Pair>
  <Pair reval="1d">
    <File perm="0444">/95/81</File>
    <Query type="disk">/tmp/test-disk-big/95/81</Query>
  </Pair>
  <Pair reval="1d">
    <File perm="0444">/95/82</File>
    <Query type="disk">/tmp/test-disk-big/95/82</Query>
  </Pair>
  <Pair reval="1d">
    <File perm="0444">/95/83</File>
    <Query type="disk">/tmp/test-disk-big/95/83</Query>
  </Pair>
  <Pair reval="1d">
    <File perm="0444">/95/84</File>
    <Query type="disk">/tmp/test-disk-big/95/84</Query>
  </Pair>
  <Pair reval="1d">
    <File perm="0444">/95/85</File>
    <Query type="disk">/tmp/test-disk-big/95/85</Query>
  </Pair>
  <Pair reval="1d">
    <File perm="0444">/95/86</File>
    <Query type="disk">/tmp/test-disk-big/95/86</Query>
  </Pair>
  <Pair reval="1d">
    <File perm="0444">/95/87</File>
    <Query type="disk">/tmp/test-disk-big/95/87</Query>
  </Pair>
  <Pair reval="1d">
    <File perm="0444">/95/88</File>
    <Query type="disk">/tmp/test-disk-big/95/88</Query>
  </Pair>
  <Pair reval="1d">
    <File perm="0444">/95/89</File>
    <Query type="disk">/tmp/test-disk-big/95/89</Query>
  </Pair>
  <Pair reval="1d">
    <File perm="0444">/95/9</File>
    <Query type="disk">/tmp/test-disk-big/95/9</Query>
  </Pair>
  <Pair reval="1d">
    <File perm="0444">/95/90</File>
    <Query type="disk">/tmp/test-disk-big/95/90</Query>
  </Pair>
  <Pair reval="1d">
    <File perm="0444">/95/91</File>
    <Query type="disk">/tmp/test-disk-big/95/91</Query>
  </Pair>
  <Pair reval="1d">
    <File perm="0444">/95/92</File>
    <Query type="disk">/tmp/test-disk-big/95/92</Query>
  </Pair>
  <Pair reval="1d">
    <File perm="0444">/95/93</File>
    <Query type="disk">/tmp/test-disk-big/95/93</Query>
  </Pair>
  <Pair reval="1d">
    <File perm="0444">/95/94</File>
    <Query type="disk">/tmp/test-disk-big/95/94</Query>
  </Pair>
  <Pair reval="1d">
    <File perm="0444">/95/95</File>
    <Query type="disk">/tmp/test-disk-big/95/95</Query>
  </Pair>
  <Pair reval="1d">
    <File perm="0444">/95/96</File>
    <Query type="disk">/tmp/test-disk-big/95/96</Query>
  </Pair>
  <Pair reval="1d">
    <File perm="0444">/95/97</File>
    <Query type="disk">/tmp/test-disk-big/95/97</Query>
  </Pair>
  <Pair reval="1d">
    <File perm="0444">/95/98</File>
    <Query type="disk">/tmp/test-disk-big/95/98</Query>
  </Pair>
  <Pair reval="1d">
    <File perm="0444">/95/99</File>
    <Query type="disk">/tmp/test-disk-big/95/99</Query>
  </Pair>
  <Pair reval="1d">
    <Dir perm="0555">/96</Dir>
    <Query type="disk"></Query>
  </Pair>
  <Pair reval="1d">
    <File perm="0444">/96/1</File>
    <Query type="disk">/tmp/test-disk-big/96/1</Query>
  </Pair>
  <Pair reval="1d">
    <File perm="0444">/96/10</File>
    <Query type="disk">/tmp/test-disk-big/96/10</Query>
  </Pair>
  <Pair reval="1d">
    <File perm="0444">/96/100</File>
    <Query type="disk">/tmp/test-disk-big/96/100</Query>
  </Pair>
  <Pair reval="1d">
    <File perm="0444">/96/11</File>
    <Query type="disk">/tmp/test-disk-big/96/11</Query>
  </Pair>
  <Pair reval="1d">
    <File perm="0444">/96/12</File>
    <Query type="disk">/tmp/test-disk-big/96/12</Query>
  </Pair>
  <Pair reval="1d">
    <File perm="0444">/96/13</File>
    <Query type="disk">/tmp/test-disk-big/96/13</Query>
  </Pair>
  <Pair reval="1d">
    <File perm="0444">/96/14</File>
    <Query type="disk">/tmp/test-disk-big/96/14</Query>
  </Pair>
  <Pair reval="1d">
    <File perm="0444">/96/15</File>
    <Query type="disk">/tmp/test-disk-big/96/15</Query>
  </Pair>
  <Pair reval="1d">
    <File perm="0444">/96/16</File>
    <Query type="disk">/tmp/test-disk-big/96/16</Query>
  </Pair>
  <Pair reval="1d">
    <File perm="0444">/96/17</File>
    <Query type="disk">/tmp/test-disk-big/96/17</Query>
  </Pair>
  <Pair reval="1d">
    <File perm="0444">/96/18</File>
    <Query type="disk">/tmp/test-disk-big/96/18</Query>
  </Pair>
  <Pair reval="1d">
    <File perm="0444">/96/19</File>
    <Query type="disk">/tmp/test-disk-big/96/19</Query>
  </Pair>
  <Pair reval="1d">
    <File perm="0444">/96/2</File>
    <Query type="disk">/tmp/test-disk-big/96/2</Query>
  </Pair>
  <Pair reval="1d">
    <File perm="0444">/96/20</File>
    <Query type="disk">/tmp/test-disk-big/96/20</Query>
  </Pair>
  <Pair reval="1d">
    <File perm="0444">/96/21</File>
    <Query type="disk">/tmp/test-disk-big/96/21</Query>
  </Pair>
  <Pair reval="1d">
    <File perm="0444">/96/22</File>
    <Query type="disk">/tmp/test-disk-big/96/22</Query>
  </Pair>
  <Pair reval="1d">
    <File perm="0444">/96/23</File>
    <Query type="disk">/tmp/test-disk-big/96/23</Query>
  </Pair>
  <Pair reval="1d">
    <File perm="0444">/96/24</File>
    <Query type="disk">/tmp/test-disk-big/96/24</Query>
  </Pair>
  <Pair reval="1d">
    <File perm="0444">/96/25</File>
    <Query type="disk">/tmp/test-disk-big/96/25</Query>
  </Pair>
  <Pair reval="1d">
    <File perm="0444">/96/26</File>
    <Query type="disk">/tmp/test-disk-big/96/26</Query>
  </Pair>
  <Pair reval="1d">
    <File perm="0444">/96/27</File>
    <Query type="disk">/tmp/test-disk-big/96/27</Query>
  </Pair>
  <Pair reval="1d">
    <File perm="0444">/96/28</File>
    <Query type="disk">/tmp/test-disk-big/96/28</Query>
  </Pair>
  <Pair reval="1d">
    <File perm="0444">/96/29</File>
    <Query type="disk">/tmp/test-disk-big/96/29</Query>
  </Pair>
  <Pair reval="1d">
    <File perm="0444">/96/3</File>
    <Query type="disk">/tmp/test-disk-big/96/3</Query>
  </Pair>
  <Pair reval="1d">
    <File perm="0444">/96/30</File>
    <Query type="disk">/tmp/test-disk-big/96/30</Query>
  </Pair>
  <Pair reval="1d">
    <File perm="0444">/96/31</File>
    <Query type="disk">/tmp/test-disk-big/96/31</Query>
  </Pair>
  <Pair reval="1d">
    <File perm="0444">/96/32</File>
    <Query type="disk">/tmp/test-disk-big/96/32</Query>
  </Pair>
  <Pair reval="1d">
    <File perm="0444">/96/33</File>
    <Query type="disk">/tmp/test-disk-big/96/33</Query>
  </Pair>
  <Pair reval="1d">
    <File perm="0444">/96/34</File>
    <Query type="disk">/tmp/test-disk-big/96/34</Query>
  </Pair>
  <Pair reval="1d">
    <File perm="0444">/96/35</File>
    <Query type="disk">/tmp/test-disk-big/96/35</Query>
  </Pair>
  <Pair reval="1d">
    <File perm="0444">/96/36</File>
    <Query type="disk">/tmp/test-disk-big/96/36</Query>
  </Pair>
  <Pair reval="1d">
    <File perm="0444">/96/37</File>
    <Query type="disk">/tmp/test-disk-big/96/37</Query>
  </Pair>
  <Pair reval="1d">
    <File perm="0444">/96/38</File>
    <Query type="disk">/tmp/test-disk-big/96/38</Query>
  </Pair>
  <Pair reval="1d">
    <File perm="0444">/96/39</File>
    <Query type="disk">/tmp/test-disk-big/96/39</Query>
  </Pair>
  <Pair reval="1d">
    <File perm="0444">/96/4</File>
    <Query type="disk">/tmp/test-disk-big/96/4</Query>
  </Pair>
  <Pair reval="1d">
    <File perm="0444">/96/40</File>
    <Query type="disk">/tmp/test-disk-big/96/40</Query>
  </Pair>
  <Pair reval="1d">
    <File perm="0444">/96/41</File>
    <Query type="disk">/tmp/test-disk-big/96/41</Query>
  </Pair>
  <Pair reval="1d">
    <File perm="0444">/96/42</File>
    <Query type="disk">/tmp/test-disk-big/96/42</Query>
  </Pair>
  <Pair reval="1d">
    <File perm="0444">/96/43</File>
    <Query type="disk">/tmp/test-disk-big/96/43</Query>
  </Pair>
  <Pair reval="1d">
    <File perm="0444">/96/44</File>
    <Query type="disk">/tmp/test-disk-big/96/44</Query>
  </Pair>
  <Pair reval="1d">
    <File perm="0444">/96/45</File>
    <Query type="disk">/tmp/test-disk-big/96/45</Query>
  </Pair>
  <Pair reval="1d">
    <File perm="0444">/96/46</File>
    <Query type="disk">/tmp/test-disk-big/96/46</Query>
  </Pair>
  <Pair reval="1d">
    <File perm="0444">/96/47</File>
    <Query type="disk">/tmp/test-disk-big/96/47</Query>
  </Pair>
  <Pair reval="1d">
    <File perm="0444">/96/48</File>
    <Query type="disk">/tmp/test-disk-big/96/48</Query>
  </Pair>
  <Pair reval="1d">
    <File perm="0444">/96/49</File>
    <Query type="disk">/tmp/test-disk-big/96/49</Query>
  </Pair>
  <Pair reval="1d">
    <File perm="0444">/96/5</File>
    <Query type="disk">/tmp/test-disk-big/96/5</Query>
  </Pair>
  <Pair reval="1d">
    <File perm="0444">/96/50</File>
    <Query type="disk">/tmp/test-disk-big/96/50</Query>
  </Pair>
  <Pair reval="1d">
    <File perm="0444">/96/51</File>
    <Query type="disk">/tmp/test-disk-big/96/51</Query>
  </Pair>
  <Pair reval="1d">
    <File perm="0444">/96/52</File>
    <Query type="disk">/tmp/test-disk-big/96/52</Query>
  </Pair>
  <Pair reval="1d">
    <File perm="0444">/96/53</File>
    <Query type="disk">/tmp/test-disk-big/96/53</Query>
  </Pair>
  <Pair reval="1d">
    <File perm="0444">/96/54</File>
    <Query type="disk">/tmp/test-disk-big/96/54</Query>
  </Pair>
  <Pair reval="1d">
    <File perm="0444">/96/55</File>
    <Query type="disk">/tmp/test-disk-big/96/55</Query>
  </Pair>
  <Pair reval="1d">
    <File perm="0444">/96/56</File>
    <Query type="disk">/tmp/test-disk-big/96/56</Query>
  </Pair>
  <Pair reval="1d">
    <File perm="0444">/96/57</File>
    <Query type="disk">/tmp/test-disk-big/96/57</Query>
  </Pair>
  <Pair reval="1d">
    <File perm="0444">/96/58</File>
    <Query type="disk">/tmp/test-disk-big/96/58</Query>
  </Pair>
  <Pair reval="1d">
    <File perm="0444">/96/59</File>
    <Query type="disk">/tmp/test-disk-big/96/59</Query>
  </Pair>
  <Pair reval="1d">
    <File perm="0444">/96/6</File>
    <Query type="disk">/tmp/test-disk-big/96/6</Query>
  </Pair>
  <Pair reval="1d">
    <File perm="0444">/96/60</File>
    <Query type="disk">/tmp/test-disk-big/96/60</Query>
  </Pair>
  <Pair reval="1d">
    <File perm="0444">/96/61</File>
    <Query type="disk">/tmp/test-disk-big/96/61</Query>
  </Pair>
  <Pair reval="1d">
    <File perm="0444">/96/62</File>
    <Query type="disk">/tmp/test-disk-big/96/62</Query>
  </Pair>
  <Pair reval="1d">
    <File perm="0444">/96/63</File>
    <Query type="disk">/tmp/test-disk-big/96/63</Query>
  </Pair>
  <Pair reval="1d">
    <File perm="0444">/96/64</File>
    <Query type="disk">/tmp/test-disk-big/96/64</Query>
  </Pair>
  <Pair reval="1d">
    <File perm="0444">/96/65</File>
    <Query type="disk">/tmp/test-disk-big/96/65</Query>
  </Pair>
  <Pair reval="1d">
    <File perm="0444">/96/66</File>
    <Query type="disk">/tmp/test-disk-big/96/66</Query>
  </Pair>
  <Pair reval="1d">
    <File perm="0444">/96/67</File>
    <Query type="disk">/tmp/test-disk-big/96/67</Query>
  </Pair>
  <Pair reval="1d">
    <File perm="0444">/96/68</File>
    <Query type="disk">/tmp/test-disk-big/96/68</Query>
  </Pair>
  <Pair reval="1d">
    <File perm="0444">/96/69</File>
    <Query type="disk">/tmp/test-disk-big/96/69</Query>
  </Pair>
  <Pair reval="1d">
    <File perm="0444">/96/7</File>
    <Query type="disk">/tmp/test-disk-big/96/7</Query>
  </Pair>
  <Pair reval="1d">
    <File perm="0444">/96/70</File>
    <Query type="disk">/tmp/test-disk-big/96/70</Query>
  </Pair>
  <Pair reval="1d">
    <File perm="0444">/96/71</File>
    <Query type="disk">/tmp/test-disk-big/96/71</Query>
  </Pair>
  <Pair reval="1d">
    <File perm="0444">/96/72</File>
    <Query type="disk">/tmp/test-disk-big/96/72</Query>
  </Pair>
  <Pair reval="1d">
    <File perm="0444">/96/73</File>
    <Query type="disk">/tmp/test-disk-big/96/73</Query>
  </Pair>
  <Pair reval="1d">
    <File perm="0444">/96/74</File>
    <Query type="disk">/tmp/test-disk-big/96/74</Query>
  </Pair>
  <Pair reval="1d">
    <File perm="0444">/96/75</File>
    <Query type="disk">/tmp/test-disk-big/96/75</Query>
  </Pair>
  <Pair reval="1d">
    <File perm="0444">/96/76</File>
    <Query type="disk">/tmp/test-disk-big/96/76</Query>
  </Pair>
  <Pair reval="1d">
    <File perm="0444">/96/77</File>
    <Query type="disk">/tmp/test-disk-big/96/77</Query>
  </Pair>
  <Pair reval="1d">
    <File perm="0444">/96/78</File>
    <Query type="disk">/tmp/test-disk-big/96/78</Query>
  </Pair>
  <Pair reval="1d">
    <File perm="0444">/96/79</File>
    <Query type="disk">/tmp/test-disk-big/96/79</Query>
  </Pair>
  <Pair reval="1d">
    <File perm="0444">/96/8</File>
    <Query type="disk">/tmp/test-disk-big/96/8</Query>
  </Pair>
  <Pair reval="1d">
    <File perm="0444">/96/80</File>
    <Query type="disk">/tmp/test-disk-big/96/80</Query>
  </Pair>
  <Pair reval="1d">
    <File perm="0444">/96/81</File>
    <Query type="disk">/tmp/test-disk-big/96/81</Query>
  </Pair>
  <Pair reval="1d">
    <File perm="0444">/96/82</File>
    <Query type="disk">/tmp/test-disk-big/96/82</Query>
  </Pair>
  <Pair reval="1d">
    <File perm="0444">/96/83</File>
    <Query type="disk">/tmp/test-disk-big/96/83</Query>
  </Pair>
  <Pair reval="1d">
    <File perm="0444">/96/84</File>
    <Query type="disk">/tmp/test-disk-big/96/84</Query>
  </Pair>
  <Pair reval="1d">
    <File perm="0444">/96/85</File>
    <Query type="disk">/tmp/test-disk-big/96/85</Query>
  </Pair>
  <Pair reval="1d">
    <File perm="0444">/96/86</File>
    <Query type="disk">/tmp/test-disk-big/96/86</Query>
  </Pair>
  <Pair reval="1d">
    <File perm="0444">/96/87</File>
    <Query type="disk">/tmp/test-disk-big/96/87</Query>
  </Pair>
  <Pair reval="1d">
    <File perm="0444">/96/88</File>
    <Query type="disk">/tmp/test-disk-big/96/88</Query>
  </Pair>
  <Pair reval="1d">
    <File perm="0444">/96/89</File>
    <Query type="disk">/tmp/test-disk-big/96/89</Query>
  </Pair>
  <Pair reval="1d">
    <File perm="0444">/96/9</File>
    <Query type="disk">/tmp/test-disk-big/96/9</Query>
  </Pair>
  <Pair reval="1d">
    <File perm="0444">/96/90</File>
    <Query type="disk">/tmp/test-disk-big/96/90</Query>
  </Pair>
  <Pair reval="1d">
    <File perm="0444">/96/91</File>
    <Query type="disk">/tmp/test-disk-big/96/91</Query>
  </Pair>
  <Pair reval="1d">
    <File perm="0444">/96/92</File>
    <Query type="disk">/tmp/test-disk-big/96/92</Query>
  </Pair>
  <Pair reval="1d">
    <File perm="0444">/96/93</File>
    <Query type="disk">/tmp/test-disk-big/96/93</Query>
  </Pair>
  <Pair reval="1d">
    <File perm="0444">/96/94</File>
    <Query type="disk">/tmp/test-disk-big/96/94</Query>
  </Pair>
  <Pair reval="1d">
    <File perm="0444">/96/95</File>
    <Query type="disk">/tmp/test-disk-big/96/95</Query>
  </Pair>
  <Pair reval="1d">
    <File perm="0444">/96/96</File>
    <Query type="disk">/tmp/test-disk-big/96/96</Query>
  </Pair>
  <Pair reval="1d">
    <File perm="0444">/96/97</File>
    <Query type="disk">/tmp/test-disk-big/96/97</Query>
  </Pair>
  <Pair reval="1d">
    <File perm="0444">/96/98</File>
    <Query type="disk">/tmp/test-disk-big/96/98</Query>
  </Pair>
  <Pair reval="1d">
    <File perm="0444">/96/99</File>
    <Query type="disk">/tmp/test-disk-big/96/99</Query>
  </Pair>
  <Pair reval="1d">
    <Dir perm="0555">/97</Dir>
    <Query type="disk"></Query>
  </Pair>
  <Pair reval="1d">
    <File perm="0444">/97/1</File>
    <Query type="disk">/tmp/test-disk-big/97/1</Query>
  </Pair>
  <Pair reval="1d">
    <File perm="0444">/97/10</File>
    <Query type="disk">/tmp/test-disk-big/97/10</Query>
  </Pair>
  <Pair reval="1d">
    <File perm="0444">/97/100</File>
    <Query type="disk">/tmp/test-disk-big/97/100</Query>
  </Pair>
  <Pair reval="1d">
    <File perm="0444">/97/11</File>
    <Query type="disk">/tmp/test-disk-big/97/11</Query>
  </Pair>
  <Pair reval="1d">
    <File perm="0444">/97/12</File>
    <Query type="disk">/tmp/test-disk-big/97/12</Query>
  </Pair>
  <Pair reval="1d">
    <File perm="0444">/97/13</File>
    <Query type="disk">/tmp/test-disk-big/97/13</Query>
  </Pair>
  <Pair reval="1d">
    <File perm="0444">/97/14</File>
    <Query type="disk">/tmp/test-disk-big/97/14</Query>
  </Pair>
  <Pair reval="1d">
    <File perm="0444">/97/15</File>
    <Query type="disk">/tmp/test-disk-big/97/15</Query>
  </Pair>
  <Pair reval="1d">
    <File perm="0444">/97/16</File>
    <Query type="disk">/tmp/test-disk-big/97/16</Query>
  </Pair>
  <Pair reval="1d">
    <File perm="0444">/97/17</File>
    <Query type="disk">/tmp/test-disk-big/97/17</Query>
  </Pair>
  <Pair reval="1d">
    <File perm="0444">/97/18</File>
    <Query type="disk">/tmp/test-disk-big/97/18</Query>
  </Pair>
  <Pair reval="1d">
    <File perm="0444">/97/19</File>
    <Query type="disk">/tmp/test-disk-big/97/19</Query>
  </Pair>
  <Pair reval="1d">
    <File perm="0444">/97/2</File>
    <Query type="disk">/tmp/test-disk-big/97/2</Query>
  </Pair>
  <Pair reval="1d">
    <File perm="0444">/97/20</File>
    <Query type="disk">/tmp/test-disk-big/97/20</Query>
  </Pair>
  <Pair reval="1d">
    <File perm="0444">/97/21</File>
    <Query type="disk">/tmp/test-disk-big/97/21</Query>
  </Pair>
  <Pair reval="1d">
    <File perm="0444">/97/22</File>
    <Query type="disk">/tmp/test-disk-big/97/22</Query>
  </Pair>
  <Pair reval="1d">
    <File perm="0444">/97/23</File>
    <Query type="disk">/tmp/test-disk-big/97/23</Query>
  </Pair>
  <Pair reval="1d">
    <File perm="0444">/97/24</File>
    <Query type="disk">/tmp/test-disk-big/97/24</Query>
  </Pair>
  <Pair reval="1d">
    <File perm="0444">/97/25</File>
    <Query type="disk">/tmp/test-disk-big/97/25</Query>
  </Pair>
  <Pair reval="1d">
    <File perm="0444">/97/26</File>
    <Query type="disk">/tmp/test-disk-big/97/26</Query>
  </Pair>
  <Pair reval="1d">
    <File perm="0444">/97/27</File>
    <Query type="disk">/tmp/test-disk-big/97/27</Query>
  </Pair>
  <Pair reval="1d">
    <File perm="0444">/97/28</File>
    <Query type="disk">/tmp/test-disk-big/97/28</Query>
  </Pair>
  <Pair reval="1d">
    <File perm="0444">/97/29</File>
    <Query type="disk">/tmp/test-disk-big/97/29</Query>
  </Pair>
  <Pair reval="1d">
    <File perm="0444">/97/3</File>
    <Query type="disk">/tmp/test-disk-big/97/3</Query>
  </Pair>
  <Pair reval="1d">
    <File perm="0444">/97/30</File>
    <Query type="disk">/tmp/test-disk-big/97/30</Query>
  </Pair>
  <Pair reval="1d">
    <File perm="0444">/97/31</File>
    <Query type="disk">/tmp/test-disk-big/97/31</Query>
  </Pair>
  <Pair reval="1d">
    <File perm="0444">/97/32</File>
    <Query type="disk">/tmp/test-disk-big/97/32</Query>
  </Pair>
  <Pair reval="1d">
    <File perm="0444">/97/33</File>
    <Query type="disk">/tmp/test-disk-big/97/33</Query>
  </Pair>
  <Pair reval="1d">
    <File perm="0444">/97/34</File>
    <Query type="disk">/tmp/test-disk-big/97/34</Query>
  </Pair>
  <Pair reval="1d">
    <File perm="0444">/97/35</File>
    <Query type="disk">/tmp/test-disk-big/97/35</Query>
  </Pair>
  <Pair reval="1d">
    <File perm="0444">/97/36</File>
    <Query type="disk">/tmp/test-disk-big/97/36</Query>
  </Pair>
  <Pair reval="1d">
    <File perm="0444">/97/37</File>
    <Query type="disk">/tmp/test-disk-big/97/37</Query>
  </Pair>
  <Pair reval="1d">
    <File perm="0444">/97/38</File>
    <Query type="disk">/tmp/test-disk-big/97/38</Query>
  </Pair>
  <Pair reval="1d">
    <File perm="0444">/97/39</File>
    <Query type="disk">/tmp/test-disk-big/97/39</Query>
  </Pair>
  <Pair reval="1d">
    <File perm="0444">/97/4</File>
    <Query type="disk">/tmp/test-disk-big/97/4</Query>
  </Pair>
  <Pair reval="1d">
    <File perm="0444">/97/40</File>
    <Query type="disk">/tmp/test-disk-big/97/40</Query>
  </Pair>
  <Pair reval="1d">
    <File perm="0444">/97/41</File>
    <Query type="disk">/tmp/test-disk-big/97/41</Query>
  </Pair>
  <Pair reval="1d">
    <File perm="0444">/97/42</File>
    <Query type="disk">/tmp/test-disk-big/97/42</Query>
  </Pair>
  <Pair reval="1d">
    <File perm="0444">/97/43</File>
    <Query type="disk">/tmp/test-disk-big/97/43</Query>
  </Pair>
  <Pair reval="1d">
    <File perm="0444">/97/44</File>
    <Query type="disk">/tmp/test-disk-big/97/44</Query>
  </Pair>
  <Pair reval="1d">
    <File perm="0444">/97/45</File>
    <Query type="disk">/tmp/test-disk-big/97/45</Query>
  </Pair>
  <Pair reval="1d">
    <File perm="0444">/97/46</File>
    <Query type="disk">/tmp/test-disk-big/97/46</Query>
  </Pair>
  <Pair reval="1d">
    <File perm="0444">/97/47</File>
    <Query type="disk">/tmp/test-disk-big/97/47</Query>
  </Pair>
  <Pair reval="1d">
    <File perm="0444">/97/48</File>
    <Query type="disk">/tmp/test-disk-big/97/48</Query>
  </Pair>
  <Pair reval="1d">
    <File perm="0444">/97/49</File>
    <Query type="disk">/tmp/test-disk-big/97/49</Query>
  </Pair>
  <Pair reval="1d">
    <File perm="0444">/97/5</File>
    <Query type="disk">/tmp/test-disk-big/97/5</Query>
  </Pair>
  <Pair reval="1d">
    <File perm="0444">/97/50</File>
    <Query type="disk">/tmp/test-disk-big/97/50</Query>
  </Pair>
  <Pair reval="1d">
    <File perm="0444">/97/51</File>
    <Query type="disk">/tmp/test-disk-big/97/51</Query>
  </Pair>
  <Pair reval="1d">
    <File perm="0444">/97/52</File>
    <Query type="disk">/tmp/test-disk-big/97/52</Query>
  </Pair>
  <Pair reval="1d">
    <File perm="0444">/97/53</File>
    <Query type="disk">/tmp/test-disk-big/97/53</Query>
  </Pair>
  <Pair reval="1d">
    <File perm="0444">/97/54</File>
    <Query type="disk">/tmp/test-disk-big/97/54</Query>
  </Pair>
  <Pair reval="1d">
    <File perm="0444">/97/55</File>
    <Query type="disk">/tmp/test-disk-big/97/55</Query>
  </Pair>
  <Pair reval="1d">
    <File perm="0444">/97/56</File>
    <Query type="disk">/tmp/test-disk-big/97/56</Query>
  </Pair>
  <Pair reval="1d">
    <File perm="0444">/97/57</File>
    <Query type="disk">/tmp/test-disk-big/97/57</Query>
  </Pair>
  <Pair reval="1d">
    <File perm="0444">/97/58</File>
    <Query type="disk">/tmp/test-disk-big/97/58</Query>
  </Pair>
  <Pair reval="1d">
    <File perm="0444">/97/59</File>
    <Query type="disk">/tmp/test-disk-big/97/59</Query>
  </Pair>
  <Pair reval="1d">
    <File perm="0444">/97/6</File>
    <Query type="disk">/tmp/test-disk-big/97/6</Query>
  </Pair>
  <Pair reval="1d">
    <File perm="0444">/97/60</File>
    <Query type="disk">/tmp/test-disk-big/97/60</Query>
  </Pair>
  <Pair reval="1d">
    <File perm="0444">/97/61</File>
    <Query type="disk">/tmp/test-disk-big/97/61</Query>
  </Pair>
  <Pair reval="1d">
    <File perm="0444">/97/62</File>
    <Query type="disk">/tmp/test-disk-big/97/62</Query>
  </Pair>
  <Pair reval="1d">
    <File perm="0444">/97/63</File>
    <Query type="disk">/tmp/test-disk-big/97/63</Query>
  </Pair>
  <Pair reval="1d">
    <File perm="0444">/97/64</File>
    <Query type="disk">/tmp/test-disk-big/97/64</Query>
  </Pair>
  <Pair reval="1d">
    <File perm="0444">/97/65</File>
    <Query type="disk">/tmp/test-disk-big/97/65</Query>
  </Pair>
  <Pair reval="1d">
    <File perm="0444">/97/66</File>
    <Query type="disk">/tmp/test-disk-big/97/66</Query>
  </Pair>
  <Pair reval="1d">
    <File perm="0444">/97/67</File>
    <Query type="disk">/tmp/test-disk-big/97/67</Query>
  </Pair>
  <Pair reval="1d">
    <File perm="0444">/97/68</File>
    <Query type="disk">/tmp/test-disk-big/97/68</Query>
  </Pair>
  <Pair reval="1d">
    <File perm="0444">/97/69</File>
    <Query type="disk">/tmp/test-disk-big/97/69</Query>
  </Pair>
  <Pair reval="1d">
    <File perm="0444">/97/7</File>
    <Query type="disk">/tmp/test-disk-big/97/7</Query>
  </Pair>
  <Pair reval="1d">
    <File perm="0444">/97/70</File>
    <Query type="disk">/tmp/test-disk-big/97/70</Query>
  </Pair>
  <Pair reval="1d">
    <File perm="0444">/97/71</File>
    <Query type="disk">/tmp/test-disk-big/97/71</Query>
  </Pair>
  <Pair reval="1d">
    <File perm="0444">/97/72</File>
    <Query type="disk">/tmp/test-disk-big/97/72</Query>
  </Pair>
  <Pair reval="1d">
    <File perm="0444">/97/73</File>
    <Query type="disk">/tmp/test-disk-big/97/73</Query>
  </Pair>
  <Pair reval="1d">
    <File perm="0444">/97/74</File>
    <Query type="disk">/tmp/test-disk-big/97/74</Query>
  </Pair>
  <Pair reval="1d">
    <File perm="0444">/97/75</File>
    <Query type="disk">/tmp/test-disk-big/97/75</Query>
  </Pair>
  <Pair reval="1d">
    <File perm="0444">/97/76</File>
    <Query type="disk">/tmp/test-disk-big/97/76</Query>
  </Pair>
  <Pair reval="1d">
    <File perm="0444">/97/77</File>
    <Query type="disk">/tmp/test-disk-big/97/77</Query>
  </Pair>
  <Pair reval="1d">
    <File perm="0444">/97/78</File>
    <Query type="disk">/tmp/test-disk-big/97/78</Query>
  </Pair>
  <Pair reval="1d">
    <File perm="0444">/97/79</File>
    <Query type="disk">/tmp/test-disk-big/97/79</Query>
  </Pair>
  <Pair reval="1d">
    <File perm="0444">/97/8</File>
    <Query type="disk">/tmp/test-disk-big/97/8</Query>
  </Pair>
  <Pair reval="1d">
    <File perm="0444">/97/80</File>
    <Query type="disk">/tmp/test-disk-big/97/80</Query>
  </Pair>
  <Pair reval="1d">
    <File perm="0444">/97/81</File>
    <Query type="disk">/tmp/test-disk-big/97/81</Query>
  </Pair>
  <Pair reval="1d">
    <File perm="0444">/97/82</File>
    <Query type="disk">/tmp/test-disk-big/97/82</Query>
  </Pair>
  <Pair reval="1d">
    <File perm="0444">/97/83</File>
    <Query type="disk">/tmp/test-disk-big/97/83</Query>
  </Pair>
  <Pair reval="1d">
    <File perm="0444">/97/84</File>
    <Query type="disk">/tmp/test-disk-big/97/84</Query>
  </Pair>
  <Pair reval="1d">
    <File perm="0444">/97/85</File>
    <Query type="disk">/tmp/test-disk-big/97/85</Query>
  </Pair>
  <Pair reval="1d">
    <File perm="0444">/97/86</File>
    <Query type="disk">/tmp/test-disk-big/97/86</Query>
  </Pair>
  <Pair reval="1d">
    <File perm="0444">/97/87</File>
    <Query type="disk">/tmp/test-disk-big/97/87</Query>
  </Pair>
  <Pair reval="1d">
    <File perm="0444">/97/88</File>
    <Query type="disk">/tmp/test-disk-big/97/88</Query>
  </Pair>
  <Pair reval="1d">
    <File perm="0444">/97/89</File>
    <Query type="disk">/tmp/test-disk-big/97/89</Query>
  </Pair>
  <Pair reval="1d">
    <File perm="0444">/97/9</File>
    <Query type="disk">/tmp/test-disk-big/97/9</Query>
  </Pair>
  <Pair reval="1d">
    <File perm="0444">/97/90</File>
    <Query type="disk">/tmp/test-disk-big/97/90</Query>
  </Pair>
  <Pair reval="1d">
    <File perm="0444">/97/91</File>
    <Query type="disk">/tmp/test-disk-big/97/91</Query>
  </Pair>
  <Pair reval="1d">
    <File perm="0444">/97/92</File>
    <Query type="disk">/tmp/test-disk-big/97/92</Query>
  </Pair>
  <Pair reval="1d">
    <File perm="0444">/97/93</File>
    <Query type="disk">/tmp/test-disk-big/97/93</Query>
  </Pair>
  <Pair reval="1d">
    <File perm="0444">/97/94</File>
    <Query type="disk">/tmp/test-disk-big/97/94</Query>
  </Pair>
  <Pair reval="1d">
    <File perm="0444">/97/95</File>
    <Query type="disk">/tmp/test-disk-big/97/95</Query>
  </Pair>
  <Pair reval="1d">
    <File perm="0444">/97/96</File>
    <Query type="disk">/tmp/test-disk-big/97/96</Query>
  </Pair>
  <Pair reval="1d">
    <File perm="0444">/97/97</File>
    <Query type="disk">/tmp/test-disk-big/97/97</Query>
  </Pair>
  <Pair reval="1d">
    <File perm="0444">/97/98</File>
    <Query type="disk">/tmp/test-disk-big/97/98</Query>
  </Pair>
  <Pair reval="1d">
    <File perm="0444">/97/99</File>
    <Query type="disk">/tmp/test-disk-big/97/99</Query>
  </Pair>
  <Pair reval="1d">
    <Dir perm="0555">/98</Dir>
    <Query type="disk"></Query>
  </Pair>
  <Pair reval="1d">
    <File perm="0444">/98/1</File>
    <Query type="disk">/tmp/test-disk-big/98/1</Query>
  </Pair>
  <Pair reval="1d">
    <File perm="0444">/98/10</File>
    <Query type="disk">/tmp/test-disk-big/98/10</Query>
  </Pair>
  <Pair reval="1d">
    <File perm="0444">/98/100</File>
    <Query type="disk">/tmp/test-disk-big/98/100</Query>
  </Pair>
  <Pair reval="1d">
    <File perm="0444">/98/11</File>
    <Query type="disk">/tmp/test-disk-big/98/11</Query>
  </Pair>
  <Pair reval="1d">
    <File perm="0444">/98/12</File>
    <Query type="disk">/tmp/test-disk-big/98/12</Query>
  </Pair>
  <Pair reval="1d">
    <File perm="0444">/98/13</File>
    <Query type="disk">/tmp/test-disk-big/98/13</Query>
  </Pair>
  <Pair reval="1d">
    <File perm="0444">/98/14</File>
    <Query type="disk">/tmp/test-disk-big/98/14</Query>
  </Pair>
  <Pair reval="1d">
    <File perm="0444">/98/15</File>
    <Query type="disk">/tmp/test-disk-big/98/15</Query>
  </Pair>
  <Pair reval="1d">
    <File perm="0444">/98/16</File>
    <Query type="disk">/tmp/test-disk-big/98/16</Query>
  </Pair>
  <Pair reval="1d">
    <File perm="0444">/98/17</File>
    <Query type="disk">/tmp/test-disk-big/98/17</Query>
  </Pair>
  <Pair reval="1d">
    <File perm="0444">/98/18</File>
    <Query type="disk">/tmp/test-disk-big/98/18</Query>
  </Pair>
  <Pair reval="1d">
    <File perm="0444">/98/19</File>
    <Query type="disk">/tmp/test-disk-big/98/19</Query>
  </Pair>
  <Pair reval="1d">
    <File perm="0444">/98/2</File>
    <Query type="disk">/tmp/test-disk-big/98/2</Query>
  </Pair>
  <Pair reval="1d">
    <File perm="0444">/98/20</File>
    <Query type="disk">/tmp/test-disk-big/98/20</Query>
  </Pair>
  <Pair reval="1d">
    <File perm="0444">/98/21</File>
    <Query type="disk">/tmp/test-disk-big/98/21</Query>
  </Pair>
  <Pair reval="1d">
    <File perm="0444">/98/22</File>
    <Query type="disk">/tmp/test-disk-big/98/22</Query>
  </Pair>
  <Pair reval="1d">
    <File perm="0444">/98/23</File>
    <Query type="disk">/tmp/test-disk-big/98/23</Query>
  </Pair>
  <Pair reval="1d">
    <File perm="0444">/98/24</File>
    <Query type="disk">/tmp/test-disk-big/98/24</Query>
  </Pair>
  <Pair reval="1d">
    <File perm="0444">/98/25</File>
    <Query type="disk">/tmp/test-disk-big/98/25</Query>
  </Pair>
  <Pair reval="1d">
    <File perm="0444">/98/26</File>
    <Query type="disk">/tmp/test-disk-big/98/26</Query>
  </Pair>
  <Pair reval="1d">
    <File perm="0444">/98/27</File>
    <Query type="disk">/tmp/test-disk-big/98/27</Query>
  </Pair>
  <Pair reval="1d">
    <File perm="0444">/98/28</File>
    <Query type="disk">/tmp/test-disk-big/98/28</Query>
  </Pair>
  <Pair reval="1d">
    <File perm="0444">/98/29</File>
    <Query type="disk">/tmp/test-disk-big/98/29</Query>
  </Pair>
  <Pair reval="1d">
    <File perm="0444">/98/3</File>
    <Query type="disk">/tmp/test-disk-big/98/3</Query>
  </Pair>
  <Pair reval="1d">
    <File perm="0444">/98/30</File>
    <Query type="disk">/tmp/test-disk-big/98/30</Query>
  </Pair>
  <Pair reval="1d">
    <File perm="0444">/98/31</File>
    <Query type="disk">/tmp/test-disk-big/98/31</Query>
  </Pair>
  <Pair reval="1d">
    <File perm="0444">/98/32</File>
    <Query type="disk">/tmp/test-disk-big/98/32</Query>
  </Pair>
  <Pair reval="1d">
    <File perm="0444">/98/33</File>
    <Query type="disk">/tmp/test-disk-big/98/33</Query>
  </Pair>
  <Pair reval="1d">
    <File perm="0444">/98/34</File>
    <Query type="disk">/tmp/test-disk-big/98/34</Query>
  </Pair>
  <Pair reval="1d">
    <File perm="0444">/98/35</File>
    <Query type="disk">/tmp/test-disk-big/98/35</Query>
  </Pair>
  <Pair reval="1d">
    <File perm="0444">/98/36</File>
    <Query type="disk">/tmp/test-disk-big/98/36</Query>
  </Pair>
  <Pair reval="1d">
    <File perm="0444">/98/37</File>
    <Query type="disk">/tmp/test-disk-big/98/37</Query>
  </Pair>
  <Pair reval="1d">
    <File perm="0444">/98/38</File>
    <Query type="disk">/tmp/test-disk-big/98/38</Query>
  </Pair>
  <Pair reval="1d">
    <File perm="0444">/98/39</File>
    <Query type="disk">/tmp/test-disk-big/98/39</Query>
  </Pair>
  <Pair reval="1d">
    <File perm="0444">/98/4</File>
    <Query type="disk">/tmp/test-disk-big/98/4</Query>
  </Pair>
  <Pair reval="1d">
    <File perm="0444">/98/40</File>
    <Query type="disk">/tmp/test-disk-big/98/40</Query>
  </Pair>
  <Pair reval="1d">
    <File perm="0444">/98/41</File>
    <Query type="disk">/tmp/test-disk-big/98/41</Query>
  </Pair>
  <Pair reval="1d">
    <File perm="0444">/98/42</File>
    <Query type="disk">/tmp/test-disk-big/98/42</Query>
  </Pair>
  <Pair reval="1d">
    <File perm="0444">/98/43</File>
    <Query type="disk">/tmp/test-disk-big/98/43</Query>
  </Pair>
  <Pair reval="1d">
    <File perm="0444">/98/44</File>
    <Query type="disk">/tmp/test-disk-big/98/44</Query>
  </Pair>
  <Pair reval="1d">
    <File perm="0444">/98/45</File>
    <Query type="disk">/tmp/test-disk-big/98/45</Query>
  </Pair>
  <Pair reval="1d">
    <File perm="0444">/98/46</File>
    <Query type="disk">/tmp/test-disk-big/98/46</Query>
  </Pair>
  <Pair reval="1d">
    <File perm="0444">/98/47</File>
    <Query type="disk">/tmp/test-disk-big/98/47</Query>
  </Pair>
  <Pair reval="1d">
    <File perm="0444">/98/48</File>
    <Query type="disk">/tmp/test-disk-big/98/48</Query>
  </Pair>
  <Pair reval="1d">
    <File perm="0444">/98/49</File>
    <Query type="disk">/tmp/test-disk-big/98/49</Query>
  </Pair>
  <Pair reval="1d">
    <File perm="0444">/98/5</File>
    <Query type="disk">/tmp/test-disk-big/98/5</Query>
  </Pair>
  <Pair reval="1d">
    <File perm="0444">/98/50</File>
    <Query type="disk">/tmp/test-disk-big/98/50</Query>
  </Pair>
  <Pair reval="1d">
    <File perm="0444">/98/51</File>
    <Query type="disk">/tmp/test-disk-big/98/51</Query>
  </Pair>
  <Pair reval="1d">
    <File perm="0444">/98/52</File>
    <Query type="disk">/tmp/test-disk-big/98/52</Query>
  </Pair>
  <Pair reval="1d">
    <File perm="0444">/98/53</File>
    <Query type="disk">/tmp/test-disk-big/98/53</Query>
  </Pair>
  <Pair reval="1d">
    <File perm="0444">/98/54</File>
    <Query type="disk">/tmp/test-disk-big/98/54</Query>
  </Pair>
  <Pair reval="1d">
    <File perm="0444">/98/55</File>
    <Query type="disk">/tmp/test-disk-big/98/55</Query>
  </Pair>
  <Pair reval="1d">
    <File perm="0444">/98/56</File>
    <Query type="disk">/tmp/test-disk-big/98/56</Query>
  </Pair>
  <Pair reval="1d">
    <File perm="0444">/98/57</File>
    <Query type="disk">/tmp/test-disk-big/98/57</Query>
  </Pair>
  <Pair reval="1d">
    <File perm="0444">/98/58</File>
    <Query type="disk">/tmp/test-disk-big/98/58</Query>
  </Pair>
  <Pair reval="1d">
    <File perm="0444">/98/59</File>
    <Query type="disk">/tmp/test-disk-big/98/59</Query>
  </Pair>
  <Pair reval="1d">
    <File perm="0444">/98/6</File>
    <Query type="disk">/tmp/test-disk-big/98/6</Query>
  </Pair>
  <Pair reval="1d">
    <File perm="0444">/98/60</File>
    <Query type="disk">/tmp/test-disk-big/98/60</Query>
  </Pair>
  <Pair reval="1d">
    <File perm="0444">/98/61</File>
    <Query type="disk">/tmp/test-disk-big/98/61</Query>
  </Pair>
  <Pair reval="1d">
    <File perm="0444">/98/62</File>
    <Query type="disk">/tmp/test-disk-big/98/62</Query>
  </Pair>
  <Pair reval="1d">
    <File perm="0444">/98/63</File>
    <Query type="disk">/tmp/test-disk-big/98/63</Query>
  </Pair>
  <Pair reval="1d">
    <File perm="0444">/98/64</File>
    <Query type="disk">/tmp/test-disk-big/98/64</Query>
  </Pair>
  <Pair reval="1d">
    <File perm="0444">/98/65</File>
    <Query type="disk">/tmp/test-disk-big/98/65</Query>
  </Pair>
  <Pair reval="1d">
    <File perm="0444">/98/66</File>
    <Query type="disk">/tmp/test-disk-big/98/66</Query>
  </Pair>
  <Pair reval="1d">
    <File perm="0444">/98/67</File>
    <Query type="disk">/tmp/test-disk-big/98/67</Query>
  </Pair>
  <Pair reval="1d">
    <File perm="0444">/98/68</File>
    <Query type="disk">/tmp/test-disk-big/98/68</Query>
  </Pair>
  <Pair reval="1d">
    <File perm="0444">/98/69</File>
    <Query type="disk">/tmp/test-disk-big/98/69</Query>
  </Pair>
  <Pair reval="1d">
    <File perm="0444">/98/7</File>
    <Query type="disk">/tmp/test-disk-big/98/7</Query>
  </Pair>
  <Pair reval="1d">
    <File perm="0444">/98/70</File>
    <Query type="disk">/tmp/test-disk-big/98/70</Query>
  </Pair>
  <Pair reval="1d">
    <File perm="0444">/98/71</File>
    <Query type="disk">/tmp/test-disk-big/98/71</Query>
  </Pair>
  <Pair reval="1d">
    <File perm="0444">/98/72</File>
    <Query type="disk">/tmp/test-disk-big/98/72</Query>
  </Pair>
  <Pair reval="1d">
    <File perm="0444">/98/73</File>
    <Query type="disk">/tmp/test-disk-big/98/73</Query>
  </Pair>
  <Pair reval="1d">
    <File perm="0444">/98/74</File>
    <Query type="disk">/tmp/test-disk-big/98/74</Query>
  </Pair>
  <Pair reval="1d">
    <File perm="0444">/98/75</File>
    <Query type="disk">/tmp/test-disk-big/98/75</Query>
  </Pair>
  <Pair reval="1d">
    <File perm="0444">/98/76</File>
    <Query type="disk">/tmp/test-disk-big/98/76</Query>
  </Pair>
  <Pair reval="1d">
    <File perm="0444">/98/77</File>
    <Query type="disk">/tmp/test-disk-big/98/77</Query>
  </Pair>
  <Pair reval="1d">
    <File perm="0444">/98/78</File>
    <Query type="disk">/tmp/test-disk-big/98/78</Query>
  </Pair>
  <Pair reval="1d">
    <File perm="0444">/98/79</File>
    <Query type="disk">/tmp/test-disk-big/98/79</Query>
  </Pair>
  <Pair reval="1d">
    <File perm="0444">/98/8</File>
    <Query type="disk">/tmp/test-disk-big/98/8</Query>
  </Pair>
  <Pair reval="1d">
    <File perm="0444">/98/80</File>
    <Query type="disk">/tmp/test-disk-big/98/80</Query>
  </Pair>
  <Pair reval="1d">
    <File perm="0444">/98/81</File>
    <Query type="disk">/tmp/test-disk-big/98/81</Query>
  </Pair>
  <Pair reval="1d">
    <File perm="0444">/98/82</File>
    <Query type="disk">/tmp/test-disk-big/98/82</Query>
  </Pair>
  <Pair reval="1d">
    <File perm="0444">/98/83</File>
    <Query type="disk">/tmp/test-disk-big/98/83</Query>
  </Pair>
  <Pair reval="1d">
    <File perm="0444">/98/84</File>
    <Query type="disk">/tmp/test-disk-big/98/84</Query>
  </Pair>
  <Pair reval="1d">
    <File perm="0444">/98/85</File>
    <Query type="disk">/tmp/test-disk-big/98/85</Query>
  </Pair>
  <Pair reval="1d">
    <File perm="0444">/98/86</File>
    <Query type="disk">/tmp/test-disk-big/98/86</Query>
  </Pair>
  <Pair reval="1d">
    <File perm="0444">/98/87</File>
    <Query type="disk">/tmp/test-disk-big/98/87</Query>
  </Pair>
  <Pair reval="1d">
    <File perm="0444">/98/88</File>
    <Query type="disk">/tmp/test-disk-big/98/88</Query>
  </Pair>
  <Pair reval="1d">
    <File perm="0444">/98/89</File>
    <Query type="disk">/tmp/test-disk-big/98/89</Query>
  </Pair>
  <Pair reval="1d">
    <File perm="0444">/98/9</File>
    <Query type="disk">/tmp/test-disk-big/98/9</Query>
  </Pair>
  <Pair reval="1d">
    <File perm="0444">/98/90</File>
    <Query type="disk">/tmp/test-disk-big/98/90</Query>
  </Pair>
  <Pair reval="1d">
    <File perm="0444">/98/91</File>
    <Query type="disk">/tmp/test-disk-big/98/91</Query>
  </Pair>
  <Pair reval="1d">
    <File perm="0444">/98/92</File>
    <Query type="disk">/tmp/test-disk-big/98/92</Query>
  </Pair>
  <Pair reval="1d">
    <File perm="0444">/98/93</File>
    <Query type="disk">/tmp/test-disk-big/98/93</Query>
  </Pair>
  <Pair reval="1d">
    <File perm="0444">/98/94</File>
    <Query type="disk">/tmp/test-disk-big/98/94</Query>
  </Pair>
  <Pair reval="1d">
    <File perm="0444">/98/95</File>
    <Query type="disk">/tmp/test-disk-big/98/95</Query>
  </Pair>
  <Pair reval="1d">
    <File perm="0444">/98/96</File>
    <Query type="disk">/tmp/test-disk-big/98/96</Query>
  </Pair>
  <Pair reval="1d">
    <File perm="0444">/98/97</File>
    <Query type="disk">/tmp/test-disk-big/98/97</Query>
  </Pair>
  <Pair reval="1d">
    <File perm="0444">/98/98</File>
    <Query type="disk">/tmp/test-disk-big/98/98</Query>
  </Pair>
  <Pair reval="1d">
    <File perm="0444">/98/99</File>
    <Query type="disk">/tmp/test-disk-big/98/99</Query>
  </Pair>
  <Pair reval="1d">
    <Dir perm="0555">/99</Dir>
    <Query type="disk"></Query>
  </Pair>
  <Pair reval="1d">
    <File perm="0444">/99/1</File>
    <Query type="disk">/tmp/test-disk-big/99/1</Query>
  </Pair>
  <Pair reval="1d">
    <File perm="0444">/99/10</File>
    <Query type="disk">/tmp/test-disk-big/99/10</Query>
  </Pair>
  <Pair reval="1d">
    <File perm="0444">/99/100</File>
    <Query type="disk">/tmp/test-disk-big/99/100</Query>
  </Pair>
  <Pair reval="1d">
    <File perm="0444">/99/11</File>
    <Query type="disk">/tmp/test-disk-big/99/11</Query>
  </Pair>
  <Pair reval="1d">
    <File perm="0444">/99/12</File>
    <Query type="disk">/tmp/test-disk-big/99/12</Query>
  </Pair>
  <Pair reval="1d">
    <File perm="0444">/99/13</File>
    <Query type="disk">/tmp/test-disk-big/99/13</Query>
  </Pair>
  <Pair reval="1d">
    <File perm="0444">/99/14</File>
    <Query type="disk">/tmp/test-disk-big/99/14</Query>
  </Pair>
  <Pair reval="1d">
    <File perm="0444">/99/15</File>
    <Query type="disk">/tmp/test-disk-big/99/15</Query>
  </Pair>
  <Pair reval="1d">
    <File perm="0444">/99/16</File>
    <Query type="disk">/tmp/test-disk-big/99/16</Query>
  </Pair>
  <Pair reval="1d">
    <File perm="0444">/99/17</File>
    <Query type="disk">/tmp/test-disk-big/99/17</Query>
  </Pair>
  <Pair reval="1d">
    <File perm="0444">/99/18</File>
    <Query type="disk">/tmp/test-disk-big/99/18</Query>
  </Pair>
  <Pair reval="1d">
    <File perm="0444">/99/19</File>
    <Query type="disk">/tmp/test-disk-big/99/19</Query>
  </Pair>
  <Pair reval="1d">
    <File perm="0444">/99/2</File>
    <Query type="disk">/tmp/test-disk-big/99/2</Query>
  </Pair>
  <Pair reval="1d">
    <File perm="0444">/99/20</File>
    <Query type="disk">/tmp/test-disk-big/99/20</Query>
  </Pair>
  <Pair reval="1d">
    <File perm="0444">/99/21</File>
    <Query type="disk">/tmp/test-disk-big/99/21</Query>
  </Pair>
  <Pair reval="1d">
    <File perm="0444">/99/22</File>
    <Query type="disk">/tmp/test-disk-big/99/22</Query>
  </Pair>
  <Pair reval="1d">
    <File perm="0444">/99/23</File>
    <Query type="disk">/tmp/test-disk-big/99/23</Query>
  </Pair>
  <Pair reval="1d">
    <File perm="0444">/99/24</File>
    <Query type="disk">/tmp/test-disk-big/99/24</Query>
  </Pair>
  <Pair reval="1d">
    <File perm="0444">/99/25</File>
    <Query type="disk">/tmp/test-disk-big/99/25</Query>
  </Pair>
  <Pair reval="1d">
    <File perm="0444">/99/26</File>
    <Query type="disk">/tmp/test-disk-big/99/26</Query>
  </Pair>
  <Pair reval="1d">
    <File perm="0444">/99/27</File>
    <Query type="disk">/tmp/test-disk-big/99/27</Query>
  </Pair>
  <Pair reval="1d">
    <File perm="0444">/99/28</File>
    <Query type="disk">/tmp/test-disk-big/99/28</Query>
  </Pair>
  <Pair reval="1d">
    <File perm="0444">/99/29</File>
    <Query type="disk">/tmp/test-disk-big/99/29</Query>
  </Pair>
  <Pair reval="1d">
    <File perm="0444">/99/3</File>
    <Query type="disk">/tmp/test-disk-big/99/3</Query>
  </Pair>
  <Pair reval="1d">
    <File perm="0444">/99/30</File>
    <Query type="disk">/tmp/test-disk-big/99/30</Query>
  </Pair>
  <Pair reval="1d">
    <File perm="0444">/99/31</File>
    <Query type="disk">/tmp/test-disk-big/99/31</Query>
  </Pair>
  <Pair reval="1d">
    <File perm="0444">/99/32</File>
    <Query type="disk">/tmp/test-disk-big/99/32</Query>
  </Pair>
  <Pair reval="1d">
    <File perm="0444">/99/33</File>
    <Query type="disk">/tmp/test-disk-big/99/33</Query>
  </Pair>
  <Pair reval="1d">
    <File perm="0444">/99/34</File>
    <Query type="disk">/tmp/test-disk-big/99/34</Query>
  </Pair>
  <Pair reval="1d">
    <File perm="0444">/99/35</File>
    <Query type="disk">/tmp/test-disk-big/99/35</Query>
  </Pair>
  <Pair reval="1d">
    <File perm="0444">/99/36</File>
    <Query type="disk">/tmp/test-disk-big/99/36</Query>
  </Pair>
  <Pair reval="1d">
    <File perm="0444">/99/37</File>
    <Query type="disk">/tmp/test-disk-big/99/37</Query>
  </Pair>
  <Pair reval="1d">
    <File perm="0444">/99/38</File>
    <Query type="disk">/tmp/test-disk-big/99/38</Query>
  </Pair>
  <Pair reval="1d">
    <File perm="0444">/99/39</File>
    <Query type="disk">/tmp/test-disk-big/99/39</Query>
  </Pair>
  <Pair reval="1d">
    <File perm="0444">/99/4</File>
    <Query type="disk">/tmp/test-disk-big/99/4</Query>
  </Pair>
  <Pair reval="1d">
    <File perm="0444">/99/40</File>
    <Query type="disk">/tmp/test-disk-big/99/40</Query>
  </Pair>
  <Pair reval="1d">
    <File perm="0444">/99/41</File>
    <Query type="disk">/tmp/test-disk-big/99/41</Query>
  </Pair>
  <Pair reval="1d">
    <File perm="0444">/99/42</File>
    <Query type="disk">/tmp/test-disk-big/99/42</Query>
  </Pair>
  <Pair reval="1d">
    <File perm="0444">/99/43</File>
    <Query type="disk">/tmp/test-disk-big/99/43</Query>
  </Pair>
  <Pair reval="1d">
    <File perm="0444">/99/44</File>
    <Query type="disk">/tmp/test-disk-big/99/44</Query>
  </Pair>
  <Pair reval="1d">
    <File perm="0444">/99/45</File>
    <Query type="disk">/tmp/test-disk-big/99/45</Query>
  </Pair>
  <Pair reval="1d">
    <File perm="0444">/99/46</File>
    <Query type="disk">/tmp/test-disk-big/99/46</Query>
  </Pair>
  <Pair reval="1d">
    <File perm="0444">/99/47</File>
    <Query type="disk">/tmp/test-disk-big/99/47</Query>
  </Pair>
  <Pair reval="1d">
    <File perm="0444">/99/48</File>
    <Query type="disk">/tmp/test-disk-big/99/48</Query>
  </Pair>
  <Pair reval="1d">
    <File perm="0444">/99/49</File>
    <Query type="disk">/tmp/test-disk-big/99/49</Query>
  </Pair>
  <Pair reval="1d">
    <File perm="0444">/99/5</File>
    <Query type="disk">/tmp/test-disk-big/99/5</Query>
  </Pair>
  <Pair reval="1d">
    <File perm="0444">/99/50</File>
    <Query type="disk">/tmp/test-disk-big/99/50</Query>
  </Pair>
  <Pair reval="1d">
    <File perm="0444">/99/51</File>
    <Query type="disk">/tmp/test-disk-big/99/51</Query>
  </Pair>
  <Pair reval="1d">
    <File perm="0444">/99/52</File>
    <Query type="disk">/tmp/test-disk-big/99/52</Query>
  </Pair>
  <Pair reval="1d">
    <File perm="0444">/99/53</File>
    <Query type="disk">/tmp/test-disk-big/99/53</Query>
  </Pair>
  <Pair reval="1d">
    <File perm="0444">/99/54</File>
    <Query type="disk">/tmp/test-disk-big/99/54</Query>
  </Pair>
  <Pair reval="1d">
    <File perm="0444">/99/55</File>
    <Query type="disk">/tmp/test-disk-big/99/55</Query>
  </Pair>
  <Pair reval="1d">
    <File perm="0444">/99/56</File>
    <Query type="disk">/tmp/test-disk-big/99/56</Query>
  </Pair>
  <Pair reval="1d">
    <File perm="0444">/99/57</File>
    <Query type="disk">/tmp/test-disk-big/99/57</Query>
  </Pair>
  <Pair reval="1d">
    <File perm="0444">/99/58</File>
    <Query type="disk">/tmp/test-disk-big/99/58</Query>
  </Pair>
  <Pair reval="1d">
    <File perm="0444">/99/59</File>
    <Query type="disk">/tmp/test-disk-big/99/59</Query>
  </Pair>
  <Pair reval="1d">
    <File perm="0444">/99/6</File>
    <Query type="disk">/tmp/test-disk-big/99/6</Query>
  </Pair>
  <Pair reval="1d">
    <File perm="0444">/99/60</File>
    <Query type="disk">/tmp/test-disk-big/99/60</Query>
  </Pair>
  <Pair reval="1d">
    <File perm="0444">/99/61</File>
    <Query type="disk">/tmp/test-disk-big/99/61</Query>
  </Pair>
  <Pair reval="1d">
    <File perm="0444">/99/62</File>
    <Query type="disk">/tmp/test-disk-big/99/62</Query>
  </Pair>
  <Pair reval="1d">
    <File perm="0444">/99/63</File>
    <Query type="disk">/tmp/test-disk-big/99/63</Query>
  </Pair>
  <Pair reval="1d">
    <File perm="0444">/99/64</File>
    <Query type="disk">/tmp/test-disk-big/99/64</Query>
  </Pair>
  <Pair reval="1d">
    <File perm="0444">/99/65</File>
    <Query type="disk">/tmp/test-disk-big/99/65</Query>
  </Pair>
  <Pair reval="1d">
    <File perm="0444">/99/66</File>
    <Query type="disk">/tmp/test-disk-big/99/66</Query>
  </Pair>
  <Pair reval="1d">
    <File perm="0444">/99/67</File>
    <Query type="disk">/tmp/test-disk-big/99/67</Query>
  </Pair>
  <Pair reval="1d">
    <File perm="0444">/99/68</File>
    <Query type="disk">/tmp/test-disk-big/99/68</Query>
  </Pair>
  <Pair reval="1d">
    <File perm="0444">/99/69</File>
    <Query type="disk">/tmp/test-disk-big/99/69</Query>
  </Pair>
  <Pair reval="1d">
    <File perm="0444">/99/7</File>
    <Query type="disk">/tmp/test-disk-big/99/7</Query>
  </Pair>
  <Pair reval="1d">
    <File perm="0444">/99/70</File>
    <Query type="disk">/tmp/test-disk-big/99/70</Query>
  </Pair>
  <Pair reval="1d">
    <File perm="0444">/99/71</File>
    <Query type="disk">/tmp/test-disk-big/99/71</Query>
  </Pair>
  <Pair reval="1d">
    <File perm="0444">/99/72</File>
    <Query type="disk">/tmp/test-disk-big/99/72</Query>
  </Pair>
  <Pair reval="1d">
    <File perm="0444">/99/73</File>
    <Query type="disk">/tmp/test-disk-big/99/73</Query>
  </Pair>
  <Pair reval="1d">
    <File perm="0444">/99/74</File>
    <Query type="disk">/tmp/test-disk-big/99/74</Query>
  </Pair>
  <Pair reval="1d">
    <File perm="0444">/99/75</File>
    <Query type="disk">/tmp/test-disk-big/99/75</Query>
  </Pair>
  <Pair reval="1d">
    <File perm="0444">/99/76</File>
    <Query type="disk">/tmp/test-disk-big/99/76</Query>
  </Pair>
  <Pair reval="1d">
    <File perm="0444">/99/77</File>
    <Query type="disk">/tmp/test-disk-big/99/77</Query>
  </Pair>
  <Pair reval="1d">
    <File perm="0444">/99/78</File>
    <Query type="disk">/tmp/test-disk-big/99/78</Query>
  </Pair>
  <Pair reval="1d">
    <File perm="0444">/99/79</File>
    <Query type="disk">/tmp/test-disk-big/99/79</Query>
  </Pair>
  <Pair reval="1d">
    <File perm="0444">/99/8</File>
    <Query type="disk">/tmp/test-disk-big/99/8</Query>
  </Pair>
  <Pair reval="1d">
    <File perm="0444">/99/80</File>
    <Query type="disk">/tmp/test-disk-big/99/80</Query>
  </Pair>
  <Pair reval="1d">
    <File perm="0444">/99/81</File>
    <Query type="disk">/tmp/test-disk-big/99/81</Query>
  </Pair>
  <Pair reval="1d">
    <File perm="0444">/99/82</File>
    <Query type="disk">/tmp/test-disk-big/99/82</Query>
  </Pair>
  <Pair reval="1d">
    <File perm="0444">/99/83</File>
    <Query type="disk">/tmp/test-disk-big/99/83</Query>
  </Pair>
  <Pair reval="1d">
    <File perm="0444">/99/84</File>
    <Query type="disk">/tmp/test-disk-big/99/84</Query>
  </Pair>
  <Pair reval="1d">
    <File perm="0444">/99/85</File>
    <Query type="disk">/tmp/test-disk-big/99/85</Query>
  </Pair>
  <Pair reval="1d">
    <File perm="0444">/99/86</File>
    <Query type="disk">/tmp/test-disk-big/99/86</Query>
  </Pair>
  <Pair reval="1d">
    <File perm="0444">/99/87</File>
    <Query type="disk">/tmp/test-disk-big/99/87</Query>
  </Pair>
  <Pair reval="1d">
    <File perm="0444">/99/88</File>
    <Query type="disk">/tmp/test-disk-big/99/88</Query>
  </Pair>
  <Pair reval="1d">
    <File perm="0444">/99/89</File>
    <Query type="disk">/tmp/test-disk-big/99/89</Query>
  </Pair>
  <Pair reval="1d">
    <File perm="0444">/99/9</File>
    <Query type="disk">/tmp/test-disk-big/99/9</Query>
  </Pair>
  <Pair reval="1d">
    <File perm="0444">/99/90</File>
    <Query type="disk">/tmp/test-disk-big/99/90</Query>
  </Pair>
  <Pair reval="1d">
    <File perm="0444">/99/91</File>
    <Query type="disk">/tmp/test-disk-big/99/91</Query>
  </Pair>
  <Pair reval="1d">
    <File perm="0444">/99/92</File>
    <Query type="disk">/tmp/test-disk-big/99/92</Query>
  </Pair>
  <Pair reval="1d">
    <File perm="0444">/99/93</File>
    <Query type="disk">/tmp/test-disk-big/99/93</Query>
  </Pair>
  <Pair reval="1d">
    <File perm="0444">/99/94</File>
    <Query type="disk">/tmp/test-disk-big/99/94</Query>
  </Pair>
  <Pair reval="1d">
    <File perm="0444">/99/95</File>
    <Query type="disk">/tmp/test-disk-big/99/95</Query>
  </Pair>
  <Pair reval="1d">
    <File perm="0444">/99/96</File>
    <Query type="disk">/tmp/test-disk-big/99/96</Query>
  </Pair>
  <Pair reval="1d">
    <File perm="0444">/99/97</File>
    <Query type="disk">/tmp/test-disk-big/99/97</Query>
  </Pair>
  <Pair reval="1d">
    <File perm="0444">/99/98</File>
    <Query type="disk">/tmp/test-disk-big/99/98</Query>
  </Pair>
  <Pair reval="1d">
    <File perm="0444">/99/99</File>
    <Query type="disk">/tmp/test-disk-big/99/99</Query>
  </Pair>
</Map>

